[2023-09-29T18:07:13.324+0000] {processor.py:157} INFO - Started process (PID=48) to work on /home/airflow/.local/lib/python3.8/site-packages/airflow/example_dags/example_setup_teardown_taskflow.py
[2023-09-29T18:07:13.325+0000] {processor.py:829} INFO - Processing file /home/airflow/.local/lib/python3.8/site-packages/airflow/example_dags/example_setup_teardown_taskflow.py for tasks to queue
[2023-09-29T18:07:13.329+0000] {logging_mixin.py:151} INFO - [2023-09-29T18:07:13.328+0000] {dagbag.py:539} INFO - Filling up the DagBag from /home/airflow/.local/lib/python3.8/site-packages/airflow/example_dags/example_setup_teardown_taskflow.py
[2023-09-29T18:07:13.350+0000] {processor.py:839} INFO - DAG(s) dict_keys(['example_setup_teardown_taskflow']) retrieved from /home/airflow/.local/lib/python3.8/site-packages/airflow/example_dags/example_setup_teardown_taskflow.py
[2023-09-29T18:07:13.379+0000] {logging_mixin.py:151} INFO - [2023-09-29T18:07:13.379+0000] {dag.py:2915} INFO - Sync 1 DAGs
[2023-09-29T18:07:13.405+0000] {logging_mixin.py:151} INFO - [2023-09-29T18:07:13.405+0000] {dag.py:3696} INFO - Setting next_dagrun for example_setup_teardown_taskflow to 2023-09-28T18:07:13.405280+00:00, run_after=2023-09-29T18:07:13.405280+00:00
[2023-09-29T18:07:13.426+0000] {processor.py:179} INFO - Processing /home/airflow/.local/lib/python3.8/site-packages/airflow/example_dags/example_setup_teardown_taskflow.py took 0.112 seconds
[2023-09-29T18:07:47.036+0000] {processor.py:157} INFO - Started process (PID=102) to work on /home/airflow/.local/lib/python3.8/site-packages/airflow/example_dags/example_setup_teardown_taskflow.py
[2023-09-29T18:07:47.038+0000] {processor.py:829} INFO - Processing file /home/airflow/.local/lib/python3.8/site-packages/airflow/example_dags/example_setup_teardown_taskflow.py for tasks to queue
[2023-09-29T18:07:47.043+0000] {logging_mixin.py:151} INFO - [2023-09-29T18:07:47.042+0000] {dagbag.py:539} INFO - Filling up the DagBag from /home/airflow/.local/lib/python3.8/site-packages/airflow/example_dags/example_setup_teardown_taskflow.py
[2023-09-29T18:07:47.062+0000] {processor.py:839} INFO - DAG(s) dict_keys(['example_setup_teardown_taskflow']) retrieved from /home/airflow/.local/lib/python3.8/site-packages/airflow/example_dags/example_setup_teardown_taskflow.py
[2023-09-29T18:07:47.096+0000] {logging_mixin.py:151} INFO - [2023-09-29T18:07:47.096+0000] {dag.py:2915} INFO - Sync 1 DAGs
[2023-09-29T18:07:47.126+0000] {logging_mixin.py:151} INFO - [2023-09-29T18:07:47.126+0000] {dag.py:3696} INFO - Setting next_dagrun for example_setup_teardown_taskflow to 2023-09-28T18:07:47.125910+00:00, run_after=2023-09-29T18:07:47.125910+00:00
[2023-09-29T18:07:47.144+0000] {processor.py:179} INFO - Processing /home/airflow/.local/lib/python3.8/site-packages/airflow/example_dags/example_setup_teardown_taskflow.py took 0.128 seconds
[2023-09-29T18:08:17.780+0000] {processor.py:157} INFO - Started process (PID=156) to work on /home/airflow/.local/lib/python3.8/site-packages/airflow/example_dags/example_setup_teardown_taskflow.py
[2023-09-29T18:08:17.782+0000] {processor.py:829} INFO - Processing file /home/airflow/.local/lib/python3.8/site-packages/airflow/example_dags/example_setup_teardown_taskflow.py for tasks to queue
[2023-09-29T18:08:17.787+0000] {logging_mixin.py:151} INFO - [2023-09-29T18:08:17.786+0000] {dagbag.py:539} INFO - Filling up the DagBag from /home/airflow/.local/lib/python3.8/site-packages/airflow/example_dags/example_setup_teardown_taskflow.py
[2023-09-29T18:08:17.799+0000] {processor.py:839} INFO - DAG(s) dict_keys(['example_setup_teardown_taskflow']) retrieved from /home/airflow/.local/lib/python3.8/site-packages/airflow/example_dags/example_setup_teardown_taskflow.py
[2023-09-29T18:08:17.819+0000] {logging_mixin.py:151} INFO - [2023-09-29T18:08:17.819+0000] {dag.py:2915} INFO - Sync 1 DAGs
[2023-09-29T18:08:17.835+0000] {logging_mixin.py:151} INFO - [2023-09-29T18:08:17.835+0000] {dag.py:3696} INFO - Setting next_dagrun for example_setup_teardown_taskflow to 2023-09-28T18:08:17.835392+00:00, run_after=2023-09-29T18:08:17.835392+00:00
[2023-09-29T18:08:17.855+0000] {processor.py:179} INFO - Processing /home/airflow/.local/lib/python3.8/site-packages/airflow/example_dags/example_setup_teardown_taskflow.py took 0.085 seconds
[2023-09-29T18:08:48.445+0000] {processor.py:157} INFO - Started process (PID=211) to work on /home/airflow/.local/lib/python3.8/site-packages/airflow/example_dags/example_setup_teardown_taskflow.py
[2023-09-29T18:08:48.446+0000] {processor.py:829} INFO - Processing file /home/airflow/.local/lib/python3.8/site-packages/airflow/example_dags/example_setup_teardown_taskflow.py for tasks to queue
[2023-09-29T18:08:48.450+0000] {logging_mixin.py:151} INFO - [2023-09-29T18:08:48.450+0000] {dagbag.py:539} INFO - Filling up the DagBag from /home/airflow/.local/lib/python3.8/site-packages/airflow/example_dags/example_setup_teardown_taskflow.py
[2023-09-29T18:08:48.459+0000] {processor.py:839} INFO - DAG(s) dict_keys(['example_setup_teardown_taskflow']) retrieved from /home/airflow/.local/lib/python3.8/site-packages/airflow/example_dags/example_setup_teardown_taskflow.py
[2023-09-29T18:08:48.479+0000] {logging_mixin.py:151} INFO - [2023-09-29T18:08:48.479+0000] {dag.py:2915} INFO - Sync 1 DAGs
[2023-09-29T18:08:48.504+0000] {logging_mixin.py:151} INFO - [2023-09-29T18:08:48.504+0000] {dag.py:3696} INFO - Setting next_dagrun for example_setup_teardown_taskflow to 2023-09-28T18:08:48.504038+00:00, run_after=2023-09-29T18:08:48.504038+00:00
[2023-09-29T18:08:48.541+0000] {processor.py:179} INFO - Processing /home/airflow/.local/lib/python3.8/site-packages/airflow/example_dags/example_setup_teardown_taskflow.py took 0.099 seconds
[2023-09-29T18:09:19.005+0000] {processor.py:157} INFO - Started process (PID=266) to work on /home/airflow/.local/lib/python3.8/site-packages/airflow/example_dags/example_setup_teardown_taskflow.py
[2023-09-29T18:09:19.007+0000] {processor.py:829} INFO - Processing file /home/airflow/.local/lib/python3.8/site-packages/airflow/example_dags/example_setup_teardown_taskflow.py for tasks to queue
[2023-09-29T18:09:19.009+0000] {logging_mixin.py:151} INFO - [2023-09-29T18:09:19.009+0000] {dagbag.py:539} INFO - Filling up the DagBag from /home/airflow/.local/lib/python3.8/site-packages/airflow/example_dags/example_setup_teardown_taskflow.py
[2023-09-29T18:09:19.018+0000] {processor.py:839} INFO - DAG(s) dict_keys(['example_setup_teardown_taskflow']) retrieved from /home/airflow/.local/lib/python3.8/site-packages/airflow/example_dags/example_setup_teardown_taskflow.py
[2023-09-29T18:09:19.047+0000] {logging_mixin.py:151} INFO - [2023-09-29T18:09:19.047+0000] {dag.py:2915} INFO - Sync 1 DAGs
[2023-09-29T18:09:19.085+0000] {logging_mixin.py:151} INFO - [2023-09-29T18:09:19.085+0000] {dag.py:3696} INFO - Setting next_dagrun for example_setup_teardown_taskflow to 2023-09-28T18:09:19.085434+00:00, run_after=2023-09-29T18:09:19.085434+00:00
[2023-09-29T18:09:19.110+0000] {processor.py:179} INFO - Processing /home/airflow/.local/lib/python3.8/site-packages/airflow/example_dags/example_setup_teardown_taskflow.py took 0.112 seconds
[2023-09-29T18:09:49.471+0000] {processor.py:157} INFO - Started process (PID=321) to work on /home/airflow/.local/lib/python3.8/site-packages/airflow/example_dags/example_setup_teardown_taskflow.py
[2023-09-29T18:09:49.472+0000] {processor.py:829} INFO - Processing file /home/airflow/.local/lib/python3.8/site-packages/airflow/example_dags/example_setup_teardown_taskflow.py for tasks to queue
[2023-09-29T18:09:49.474+0000] {logging_mixin.py:151} INFO - [2023-09-29T18:09:49.473+0000] {dagbag.py:539} INFO - Filling up the DagBag from /home/airflow/.local/lib/python3.8/site-packages/airflow/example_dags/example_setup_teardown_taskflow.py
[2023-09-29T18:09:49.482+0000] {processor.py:839} INFO - DAG(s) dict_keys(['example_setup_teardown_taskflow']) retrieved from /home/airflow/.local/lib/python3.8/site-packages/airflow/example_dags/example_setup_teardown_taskflow.py
[2023-09-29T18:09:49.501+0000] {logging_mixin.py:151} INFO - [2023-09-29T18:09:49.501+0000] {dag.py:2915} INFO - Sync 1 DAGs
[2023-09-29T18:09:49.516+0000] {logging_mixin.py:151} INFO - [2023-09-29T18:09:49.516+0000] {dag.py:3696} INFO - Setting next_dagrun for example_setup_teardown_taskflow to 2023-09-28T18:09:49.516437+00:00, run_after=2023-09-29T18:09:49.516437+00:00
[2023-09-29T18:09:49.533+0000] {processor.py:179} INFO - Processing /home/airflow/.local/lib/python3.8/site-packages/airflow/example_dags/example_setup_teardown_taskflow.py took 0.065 seconds
[2023-09-29T18:10:20.223+0000] {processor.py:157} INFO - Started process (PID=376) to work on /home/airflow/.local/lib/python3.8/site-packages/airflow/example_dags/example_setup_teardown_taskflow.py
[2023-09-29T18:10:20.224+0000] {processor.py:829} INFO - Processing file /home/airflow/.local/lib/python3.8/site-packages/airflow/example_dags/example_setup_teardown_taskflow.py for tasks to queue
[2023-09-29T18:10:20.226+0000] {logging_mixin.py:151} INFO - [2023-09-29T18:10:20.226+0000] {dagbag.py:539} INFO - Filling up the DagBag from /home/airflow/.local/lib/python3.8/site-packages/airflow/example_dags/example_setup_teardown_taskflow.py
[2023-09-29T18:10:20.235+0000] {processor.py:839} INFO - DAG(s) dict_keys(['example_setup_teardown_taskflow']) retrieved from /home/airflow/.local/lib/python3.8/site-packages/airflow/example_dags/example_setup_teardown_taskflow.py
[2023-09-29T18:10:20.251+0000] {logging_mixin.py:151} INFO - [2023-09-29T18:10:20.251+0000] {dag.py:2915} INFO - Sync 1 DAGs
[2023-09-29T18:10:20.272+0000] {logging_mixin.py:151} INFO - [2023-09-29T18:10:20.271+0000] {dag.py:3696} INFO - Setting next_dagrun for example_setup_teardown_taskflow to 2023-09-28T18:10:20.271669+00:00, run_after=2023-09-29T18:10:20.271669+00:00
[2023-09-29T18:10:20.283+0000] {processor.py:179} INFO - Processing /home/airflow/.local/lib/python3.8/site-packages/airflow/example_dags/example_setup_teardown_taskflow.py took 0.063 seconds
[2023-09-29T18:10:51.231+0000] {processor.py:157} INFO - Started process (PID=432) to work on /home/airflow/.local/lib/python3.8/site-packages/airflow/example_dags/example_setup_teardown_taskflow.py
[2023-09-29T18:10:51.232+0000] {processor.py:829} INFO - Processing file /home/airflow/.local/lib/python3.8/site-packages/airflow/example_dags/example_setup_teardown_taskflow.py for tasks to queue
[2023-09-29T18:10:51.234+0000] {logging_mixin.py:151} INFO - [2023-09-29T18:10:51.234+0000] {dagbag.py:539} INFO - Filling up the DagBag from /home/airflow/.local/lib/python3.8/site-packages/airflow/example_dags/example_setup_teardown_taskflow.py
[2023-09-29T18:10:51.243+0000] {processor.py:839} INFO - DAG(s) dict_keys(['example_setup_teardown_taskflow']) retrieved from /home/airflow/.local/lib/python3.8/site-packages/airflow/example_dags/example_setup_teardown_taskflow.py
[2023-09-29T18:10:51.261+0000] {logging_mixin.py:151} INFO - [2023-09-29T18:10:51.261+0000] {dag.py:2915} INFO - Sync 1 DAGs
[2023-09-29T18:10:51.279+0000] {logging_mixin.py:151} INFO - [2023-09-29T18:10:51.279+0000] {dag.py:3696} INFO - Setting next_dagrun for example_setup_teardown_taskflow to 2023-09-28T18:10:51.279409+00:00, run_after=2023-09-29T18:10:51.279409+00:00
[2023-09-29T18:10:51.292+0000] {processor.py:179} INFO - Processing /home/airflow/.local/lib/python3.8/site-packages/airflow/example_dags/example_setup_teardown_taskflow.py took 0.064 seconds
[2023-09-29T18:11:21.739+0000] {processor.py:157} INFO - Started process (PID=487) to work on /home/airflow/.local/lib/python3.8/site-packages/airflow/example_dags/example_setup_teardown_taskflow.py
[2023-09-29T18:11:21.741+0000] {processor.py:829} INFO - Processing file /home/airflow/.local/lib/python3.8/site-packages/airflow/example_dags/example_setup_teardown_taskflow.py for tasks to queue
[2023-09-29T18:11:21.743+0000] {logging_mixin.py:151} INFO - [2023-09-29T18:11:21.742+0000] {dagbag.py:539} INFO - Filling up the DagBag from /home/airflow/.local/lib/python3.8/site-packages/airflow/example_dags/example_setup_teardown_taskflow.py
[2023-09-29T18:11:21.753+0000] {processor.py:839} INFO - DAG(s) dict_keys(['example_setup_teardown_taskflow']) retrieved from /home/airflow/.local/lib/python3.8/site-packages/airflow/example_dags/example_setup_teardown_taskflow.py
[2023-09-29T18:11:21.783+0000] {logging_mixin.py:151} INFO - [2023-09-29T18:11:21.783+0000] {dag.py:2915} INFO - Sync 1 DAGs
[2023-09-29T18:11:21.801+0000] {logging_mixin.py:151} INFO - [2023-09-29T18:11:21.801+0000] {dag.py:3696} INFO - Setting next_dagrun for example_setup_teardown_taskflow to 2023-09-28T18:11:21.801191+00:00, run_after=2023-09-29T18:11:21.801191+00:00
[2023-09-29T18:11:21.823+0000] {processor.py:179} INFO - Processing /home/airflow/.local/lib/python3.8/site-packages/airflow/example_dags/example_setup_teardown_taskflow.py took 0.087 seconds
[2023-09-29T18:11:51.984+0000] {processor.py:157} INFO - Started process (PID=542) to work on /home/airflow/.local/lib/python3.8/site-packages/airflow/example_dags/example_setup_teardown_taskflow.py
[2023-09-29T18:11:51.986+0000] {processor.py:829} INFO - Processing file /home/airflow/.local/lib/python3.8/site-packages/airflow/example_dags/example_setup_teardown_taskflow.py for tasks to queue
[2023-09-29T18:11:51.988+0000] {logging_mixin.py:151} INFO - [2023-09-29T18:11:51.987+0000] {dagbag.py:539} INFO - Filling up the DagBag from /home/airflow/.local/lib/python3.8/site-packages/airflow/example_dags/example_setup_teardown_taskflow.py
[2023-09-29T18:11:51.995+0000] {processor.py:839} INFO - DAG(s) dict_keys(['example_setup_teardown_taskflow']) retrieved from /home/airflow/.local/lib/python3.8/site-packages/airflow/example_dags/example_setup_teardown_taskflow.py
[2023-09-29T18:11:52.013+0000] {logging_mixin.py:151} INFO - [2023-09-29T18:11:52.013+0000] {dag.py:2915} INFO - Sync 1 DAGs
[2023-09-29T18:11:52.034+0000] {logging_mixin.py:151} INFO - [2023-09-29T18:11:52.033+0000] {dag.py:3696} INFO - Setting next_dagrun for example_setup_teardown_taskflow to 2023-09-28T18:11:52.033756+00:00, run_after=2023-09-29T18:11:52.033756+00:00
[2023-09-29T18:11:52.048+0000] {processor.py:179} INFO - Processing /home/airflow/.local/lib/python3.8/site-packages/airflow/example_dags/example_setup_teardown_taskflow.py took 0.067 seconds
[2023-09-29T18:12:22.616+0000] {processor.py:157} INFO - Started process (PID=597) to work on /home/airflow/.local/lib/python3.8/site-packages/airflow/example_dags/example_setup_teardown_taskflow.py
[2023-09-29T18:12:22.617+0000] {processor.py:829} INFO - Processing file /home/airflow/.local/lib/python3.8/site-packages/airflow/example_dags/example_setup_teardown_taskflow.py for tasks to queue
[2023-09-29T18:12:22.630+0000] {logging_mixin.py:151} INFO - [2023-09-29T18:12:22.630+0000] {dagbag.py:539} INFO - Filling up the DagBag from /home/airflow/.local/lib/python3.8/site-packages/airflow/example_dags/example_setup_teardown_taskflow.py
[2023-09-29T18:12:22.641+0000] {processor.py:839} INFO - DAG(s) dict_keys(['example_setup_teardown_taskflow']) retrieved from /home/airflow/.local/lib/python3.8/site-packages/airflow/example_dags/example_setup_teardown_taskflow.py
[2023-09-29T18:12:22.661+0000] {logging_mixin.py:151} INFO - [2023-09-29T18:12:22.661+0000] {dag.py:2915} INFO - Sync 1 DAGs
[2023-09-29T18:12:22.686+0000] {logging_mixin.py:151} INFO - [2023-09-29T18:12:22.685+0000] {dag.py:3696} INFO - Setting next_dagrun for example_setup_teardown_taskflow to 2023-09-28T18:12:22.684937+00:00, run_after=2023-09-29T18:12:22.684937+00:00
[2023-09-29T18:12:22.710+0000] {processor.py:179} INFO - Processing /home/airflow/.local/lib/python3.8/site-packages/airflow/example_dags/example_setup_teardown_taskflow.py took 0.102 seconds
[2023-09-29T18:12:52.851+0000] {processor.py:157} INFO - Started process (PID=653) to work on /home/airflow/.local/lib/python3.8/site-packages/airflow/example_dags/example_setup_teardown_taskflow.py
[2023-09-29T18:12:52.852+0000] {processor.py:829} INFO - Processing file /home/airflow/.local/lib/python3.8/site-packages/airflow/example_dags/example_setup_teardown_taskflow.py for tasks to queue
[2023-09-29T18:12:52.854+0000] {logging_mixin.py:151} INFO - [2023-09-29T18:12:52.854+0000] {dagbag.py:539} INFO - Filling up the DagBag from /home/airflow/.local/lib/python3.8/site-packages/airflow/example_dags/example_setup_teardown_taskflow.py
[2023-09-29T18:12:52.863+0000] {processor.py:839} INFO - DAG(s) dict_keys(['example_setup_teardown_taskflow']) retrieved from /home/airflow/.local/lib/python3.8/site-packages/airflow/example_dags/example_setup_teardown_taskflow.py
[2023-09-29T18:12:52.879+0000] {logging_mixin.py:151} INFO - [2023-09-29T18:12:52.879+0000] {dag.py:2915} INFO - Sync 1 DAGs
[2023-09-29T18:12:52.895+0000] {logging_mixin.py:151} INFO - [2023-09-29T18:12:52.895+0000] {dag.py:3696} INFO - Setting next_dagrun for example_setup_teardown_taskflow to 2023-09-28T18:12:52.895099+00:00, run_after=2023-09-29T18:12:52.895099+00:00
[2023-09-29T18:12:52.907+0000] {processor.py:179} INFO - Processing /home/airflow/.local/lib/python3.8/site-packages/airflow/example_dags/example_setup_teardown_taskflow.py took 0.059 seconds
[2023-09-29T18:13:23.477+0000] {processor.py:157} INFO - Started process (PID=708) to work on /home/airflow/.local/lib/python3.8/site-packages/airflow/example_dags/example_setup_teardown_taskflow.py
[2023-09-29T18:13:23.478+0000] {processor.py:829} INFO - Processing file /home/airflow/.local/lib/python3.8/site-packages/airflow/example_dags/example_setup_teardown_taskflow.py for tasks to queue
[2023-09-29T18:13:23.480+0000] {logging_mixin.py:151} INFO - [2023-09-29T18:13:23.480+0000] {dagbag.py:539} INFO - Filling up the DagBag from /home/airflow/.local/lib/python3.8/site-packages/airflow/example_dags/example_setup_teardown_taskflow.py
[2023-09-29T18:13:23.488+0000] {processor.py:839} INFO - DAG(s) dict_keys(['example_setup_teardown_taskflow']) retrieved from /home/airflow/.local/lib/python3.8/site-packages/airflow/example_dags/example_setup_teardown_taskflow.py
[2023-09-29T18:13:23.504+0000] {logging_mixin.py:151} INFO - [2023-09-29T18:13:23.504+0000] {dag.py:2915} INFO - Sync 1 DAGs
[2023-09-29T18:13:23.519+0000] {logging_mixin.py:151} INFO - [2023-09-29T18:13:23.519+0000] {dag.py:3696} INFO - Setting next_dagrun for example_setup_teardown_taskflow to 2023-09-28T18:13:23.519421+00:00, run_after=2023-09-29T18:13:23.519421+00:00
[2023-09-29T18:13:23.531+0000] {processor.py:179} INFO - Processing /home/airflow/.local/lib/python3.8/site-packages/airflow/example_dags/example_setup_teardown_taskflow.py took 0.058 seconds
[2023-09-29T18:13:54.343+0000] {processor.py:157} INFO - Started process (PID=763) to work on /home/airflow/.local/lib/python3.8/site-packages/airflow/example_dags/example_setup_teardown_taskflow.py
[2023-09-29T18:13:54.344+0000] {processor.py:829} INFO - Processing file /home/airflow/.local/lib/python3.8/site-packages/airflow/example_dags/example_setup_teardown_taskflow.py for tasks to queue
[2023-09-29T18:13:54.346+0000] {logging_mixin.py:151} INFO - [2023-09-29T18:13:54.345+0000] {dagbag.py:539} INFO - Filling up the DagBag from /home/airflow/.local/lib/python3.8/site-packages/airflow/example_dags/example_setup_teardown_taskflow.py
[2023-09-29T18:13:54.354+0000] {processor.py:839} INFO - DAG(s) dict_keys(['example_setup_teardown_taskflow']) retrieved from /home/airflow/.local/lib/python3.8/site-packages/airflow/example_dags/example_setup_teardown_taskflow.py
[2023-09-29T18:13:54.374+0000] {logging_mixin.py:151} INFO - [2023-09-29T18:13:54.373+0000] {dag.py:2915} INFO - Sync 1 DAGs
[2023-09-29T18:13:54.393+0000] {logging_mixin.py:151} INFO - [2023-09-29T18:13:54.393+0000] {dag.py:3696} INFO - Setting next_dagrun for example_setup_teardown_taskflow to 2023-09-28T18:13:54.393129+00:00, run_after=2023-09-29T18:13:54.393129+00:00
[2023-09-29T18:13:54.405+0000] {processor.py:179} INFO - Processing /home/airflow/.local/lib/python3.8/site-packages/airflow/example_dags/example_setup_teardown_taskflow.py took 0.066 seconds
[2023-09-29T18:14:24.489+0000] {processor.py:157} INFO - Started process (PID=817) to work on /home/airflow/.local/lib/python3.8/site-packages/airflow/example_dags/example_setup_teardown_taskflow.py
[2023-09-29T18:14:24.490+0000] {processor.py:829} INFO - Processing file /home/airflow/.local/lib/python3.8/site-packages/airflow/example_dags/example_setup_teardown_taskflow.py for tasks to queue
[2023-09-29T18:14:24.492+0000] {logging_mixin.py:151} INFO - [2023-09-29T18:14:24.492+0000] {dagbag.py:539} INFO - Filling up the DagBag from /home/airflow/.local/lib/python3.8/site-packages/airflow/example_dags/example_setup_teardown_taskflow.py
[2023-09-29T18:14:24.501+0000] {processor.py:839} INFO - DAG(s) dict_keys(['example_setup_teardown_taskflow']) retrieved from /home/airflow/.local/lib/python3.8/site-packages/airflow/example_dags/example_setup_teardown_taskflow.py
[2023-09-29T18:14:24.524+0000] {logging_mixin.py:151} INFO - [2023-09-29T18:14:24.524+0000] {dag.py:2915} INFO - Sync 1 DAGs
[2023-09-29T18:14:24.542+0000] {logging_mixin.py:151} INFO - [2023-09-29T18:14:24.542+0000] {dag.py:3696} INFO - Setting next_dagrun for example_setup_teardown_taskflow to 2023-09-28T18:14:24.541872+00:00, run_after=2023-09-29T18:14:24.541872+00:00
[2023-09-29T18:14:24.555+0000] {processor.py:179} INFO - Processing /home/airflow/.local/lib/python3.8/site-packages/airflow/example_dags/example_setup_teardown_taskflow.py took 0.070 seconds
[2023-09-29T18:14:55.179+0000] {processor.py:157} INFO - Started process (PID=872) to work on /home/airflow/.local/lib/python3.8/site-packages/airflow/example_dags/example_setup_teardown_taskflow.py
[2023-09-29T18:14:55.180+0000] {processor.py:829} INFO - Processing file /home/airflow/.local/lib/python3.8/site-packages/airflow/example_dags/example_setup_teardown_taskflow.py for tasks to queue
[2023-09-29T18:14:55.184+0000] {logging_mixin.py:151} INFO - [2023-09-29T18:14:55.184+0000] {dagbag.py:539} INFO - Filling up the DagBag from /home/airflow/.local/lib/python3.8/site-packages/airflow/example_dags/example_setup_teardown_taskflow.py
[2023-09-29T18:14:55.194+0000] {processor.py:839} INFO - DAG(s) dict_keys(['example_setup_teardown_taskflow']) retrieved from /home/airflow/.local/lib/python3.8/site-packages/airflow/example_dags/example_setup_teardown_taskflow.py
[2023-09-29T18:14:55.212+0000] {logging_mixin.py:151} INFO - [2023-09-29T18:14:55.211+0000] {dag.py:2915} INFO - Sync 1 DAGs
[2023-09-29T18:14:55.227+0000] {logging_mixin.py:151} INFO - [2023-09-29T18:14:55.227+0000] {dag.py:3696} INFO - Setting next_dagrun for example_setup_teardown_taskflow to 2023-09-28T18:14:55.227669+00:00, run_after=2023-09-29T18:14:55.227669+00:00
[2023-09-29T18:14:55.252+0000] {processor.py:179} INFO - Processing /home/airflow/.local/lib/python3.8/site-packages/airflow/example_dags/example_setup_teardown_taskflow.py took 0.076 seconds
[2023-09-29T18:15:25.334+0000] {processor.py:157} INFO - Started process (PID=927) to work on /home/airflow/.local/lib/python3.8/site-packages/airflow/example_dags/example_setup_teardown_taskflow.py
[2023-09-29T18:15:25.335+0000] {processor.py:829} INFO - Processing file /home/airflow/.local/lib/python3.8/site-packages/airflow/example_dags/example_setup_teardown_taskflow.py for tasks to queue
[2023-09-29T18:15:25.337+0000] {logging_mixin.py:151} INFO - [2023-09-29T18:15:25.337+0000] {dagbag.py:539} INFO - Filling up the DagBag from /home/airflow/.local/lib/python3.8/site-packages/airflow/example_dags/example_setup_teardown_taskflow.py
[2023-09-29T18:15:25.345+0000] {processor.py:839} INFO - DAG(s) dict_keys(['example_setup_teardown_taskflow']) retrieved from /home/airflow/.local/lib/python3.8/site-packages/airflow/example_dags/example_setup_teardown_taskflow.py
[2023-09-29T18:15:25.362+0000] {logging_mixin.py:151} INFO - [2023-09-29T18:15:25.361+0000] {dag.py:2915} INFO - Sync 1 DAGs
[2023-09-29T18:15:25.377+0000] {logging_mixin.py:151} INFO - [2023-09-29T18:15:25.377+0000] {dag.py:3696} INFO - Setting next_dagrun for example_setup_teardown_taskflow to 2023-09-28T18:15:25.377356+00:00, run_after=2023-09-29T18:15:25.377356+00:00
[2023-09-29T18:15:25.390+0000] {processor.py:179} INFO - Processing /home/airflow/.local/lib/python3.8/site-packages/airflow/example_dags/example_setup_teardown_taskflow.py took 0.058 seconds
[2023-09-29T18:15:55.941+0000] {processor.py:157} INFO - Started process (PID=982) to work on /home/airflow/.local/lib/python3.8/site-packages/airflow/example_dags/example_setup_teardown_taskflow.py
[2023-09-29T18:15:55.942+0000] {processor.py:829} INFO - Processing file /home/airflow/.local/lib/python3.8/site-packages/airflow/example_dags/example_setup_teardown_taskflow.py for tasks to queue
[2023-09-29T18:15:55.945+0000] {logging_mixin.py:151} INFO - [2023-09-29T18:15:55.945+0000] {dagbag.py:539} INFO - Filling up the DagBag from /home/airflow/.local/lib/python3.8/site-packages/airflow/example_dags/example_setup_teardown_taskflow.py
[2023-09-29T18:15:55.954+0000] {processor.py:839} INFO - DAG(s) dict_keys(['example_setup_teardown_taskflow']) retrieved from /home/airflow/.local/lib/python3.8/site-packages/airflow/example_dags/example_setup_teardown_taskflow.py
[2023-09-29T18:15:55.978+0000] {logging_mixin.py:151} INFO - [2023-09-29T18:15:55.978+0000] {dag.py:2915} INFO - Sync 1 DAGs
[2023-09-29T18:15:55.995+0000] {logging_mixin.py:151} INFO - [2023-09-29T18:15:55.995+0000] {dag.py:3696} INFO - Setting next_dagrun for example_setup_teardown_taskflow to 2023-09-28T18:15:55.995280+00:00, run_after=2023-09-29T18:15:55.995280+00:00
[2023-09-29T18:15:56.008+0000] {processor.py:179} INFO - Processing /home/airflow/.local/lib/python3.8/site-packages/airflow/example_dags/example_setup_teardown_taskflow.py took 0.071 seconds
[2023-09-29T18:16:26.302+0000] {processor.py:157} INFO - Started process (PID=1037) to work on /home/airflow/.local/lib/python3.8/site-packages/airflow/example_dags/example_setup_teardown_taskflow.py
[2023-09-29T18:16:26.303+0000] {processor.py:829} INFO - Processing file /home/airflow/.local/lib/python3.8/site-packages/airflow/example_dags/example_setup_teardown_taskflow.py for tasks to queue
[2023-09-29T18:16:26.305+0000] {logging_mixin.py:151} INFO - [2023-09-29T18:16:26.305+0000] {dagbag.py:539} INFO - Filling up the DagBag from /home/airflow/.local/lib/python3.8/site-packages/airflow/example_dags/example_setup_teardown_taskflow.py
[2023-09-29T18:16:26.313+0000] {processor.py:839} INFO - DAG(s) dict_keys(['example_setup_teardown_taskflow']) retrieved from /home/airflow/.local/lib/python3.8/site-packages/airflow/example_dags/example_setup_teardown_taskflow.py
[2023-09-29T18:16:26.330+0000] {logging_mixin.py:151} INFO - [2023-09-29T18:16:26.330+0000] {dag.py:2915} INFO - Sync 1 DAGs
[2023-09-29T18:16:26.350+0000] {logging_mixin.py:151} INFO - [2023-09-29T18:16:26.350+0000] {dag.py:3696} INFO - Setting next_dagrun for example_setup_teardown_taskflow to 2023-09-28T18:16:26.350378+00:00, run_after=2023-09-29T18:16:26.350378+00:00
[2023-09-29T18:16:26.363+0000] {processor.py:179} INFO - Processing /home/airflow/.local/lib/python3.8/site-packages/airflow/example_dags/example_setup_teardown_taskflow.py took 0.064 seconds
[2023-09-29T18:16:56.796+0000] {processor.py:157} INFO - Started process (PID=1092) to work on /home/airflow/.local/lib/python3.8/site-packages/airflow/example_dags/example_setup_teardown_taskflow.py
[2023-09-29T18:16:56.798+0000] {processor.py:829} INFO - Processing file /home/airflow/.local/lib/python3.8/site-packages/airflow/example_dags/example_setup_teardown_taskflow.py for tasks to queue
[2023-09-29T18:16:56.799+0000] {logging_mixin.py:151} INFO - [2023-09-29T18:16:56.799+0000] {dagbag.py:539} INFO - Filling up the DagBag from /home/airflow/.local/lib/python3.8/site-packages/airflow/example_dags/example_setup_teardown_taskflow.py
[2023-09-29T18:16:56.807+0000] {processor.py:839} INFO - DAG(s) dict_keys(['example_setup_teardown_taskflow']) retrieved from /home/airflow/.local/lib/python3.8/site-packages/airflow/example_dags/example_setup_teardown_taskflow.py
[2023-09-29T18:16:56.825+0000] {logging_mixin.py:151} INFO - [2023-09-29T18:16:56.825+0000] {dag.py:2915} INFO - Sync 1 DAGs
[2023-09-29T18:16:56.844+0000] {logging_mixin.py:151} INFO - [2023-09-29T18:16:56.844+0000] {dag.py:3696} INFO - Setting next_dagrun for example_setup_teardown_taskflow to 2023-09-28T18:16:56.844328+00:00, run_after=2023-09-29T18:16:56.844328+00:00
[2023-09-29T18:16:56.856+0000] {processor.py:179} INFO - Processing /home/airflow/.local/lib/python3.8/site-packages/airflow/example_dags/example_setup_teardown_taskflow.py took 0.064 seconds
[2023-09-29T18:17:27.019+0000] {processor.py:157} INFO - Started process (PID=1148) to work on /home/airflow/.local/lib/python3.8/site-packages/airflow/example_dags/example_setup_teardown_taskflow.py
[2023-09-29T18:17:27.020+0000] {processor.py:829} INFO - Processing file /home/airflow/.local/lib/python3.8/site-packages/airflow/example_dags/example_setup_teardown_taskflow.py for tasks to queue
[2023-09-29T18:17:27.022+0000] {logging_mixin.py:151} INFO - [2023-09-29T18:17:27.022+0000] {dagbag.py:539} INFO - Filling up the DagBag from /home/airflow/.local/lib/python3.8/site-packages/airflow/example_dags/example_setup_teardown_taskflow.py
[2023-09-29T18:17:27.030+0000] {processor.py:839} INFO - DAG(s) dict_keys(['example_setup_teardown_taskflow']) retrieved from /home/airflow/.local/lib/python3.8/site-packages/airflow/example_dags/example_setup_teardown_taskflow.py
[2023-09-29T18:17:27.047+0000] {logging_mixin.py:151} INFO - [2023-09-29T18:17:27.047+0000] {dag.py:2915} INFO - Sync 1 DAGs
[2023-09-29T18:17:27.064+0000] {logging_mixin.py:151} INFO - [2023-09-29T18:17:27.064+0000] {dag.py:3696} INFO - Setting next_dagrun for example_setup_teardown_taskflow to 2023-09-28T18:17:27.064244+00:00, run_after=2023-09-29T18:17:27.064244+00:00
[2023-09-29T18:17:27.076+0000] {processor.py:179} INFO - Processing /home/airflow/.local/lib/python3.8/site-packages/airflow/example_dags/example_setup_teardown_taskflow.py took 0.060 seconds
[2023-09-29T18:17:57.596+0000] {processor.py:157} INFO - Started process (PID=1203) to work on /home/airflow/.local/lib/python3.8/site-packages/airflow/example_dags/example_setup_teardown_taskflow.py
[2023-09-29T18:17:57.597+0000] {processor.py:829} INFO - Processing file /home/airflow/.local/lib/python3.8/site-packages/airflow/example_dags/example_setup_teardown_taskflow.py for tasks to queue
[2023-09-29T18:17:57.599+0000] {logging_mixin.py:151} INFO - [2023-09-29T18:17:57.599+0000] {dagbag.py:539} INFO - Filling up the DagBag from /home/airflow/.local/lib/python3.8/site-packages/airflow/example_dags/example_setup_teardown_taskflow.py
[2023-09-29T18:17:57.607+0000] {processor.py:839} INFO - DAG(s) dict_keys(['example_setup_teardown_taskflow']) retrieved from /home/airflow/.local/lib/python3.8/site-packages/airflow/example_dags/example_setup_teardown_taskflow.py
[2023-09-29T18:17:57.625+0000] {logging_mixin.py:151} INFO - [2023-09-29T18:17:57.625+0000] {dag.py:2915} INFO - Sync 1 DAGs
[2023-09-29T18:17:57.666+0000] {logging_mixin.py:151} INFO - [2023-09-29T18:17:57.666+0000] {dag.py:3696} INFO - Setting next_dagrun for example_setup_teardown_taskflow to 2023-09-28T18:17:57.665892+00:00, run_after=2023-09-29T18:17:57.665892+00:00
[2023-09-29T18:17:57.685+0000] {processor.py:179} INFO - Processing /home/airflow/.local/lib/python3.8/site-packages/airflow/example_dags/example_setup_teardown_taskflow.py took 0.092 seconds
[2023-09-29T18:18:28.120+0000] {processor.py:157} INFO - Started process (PID=1258) to work on /home/airflow/.local/lib/python3.8/site-packages/airflow/example_dags/example_setup_teardown_taskflow.py
[2023-09-29T18:18:28.121+0000] {processor.py:829} INFO - Processing file /home/airflow/.local/lib/python3.8/site-packages/airflow/example_dags/example_setup_teardown_taskflow.py for tasks to queue
[2023-09-29T18:18:28.124+0000] {logging_mixin.py:151} INFO - [2023-09-29T18:18:28.123+0000] {dagbag.py:539} INFO - Filling up the DagBag from /home/airflow/.local/lib/python3.8/site-packages/airflow/example_dags/example_setup_teardown_taskflow.py
[2023-09-29T18:18:28.132+0000] {processor.py:839} INFO - DAG(s) dict_keys(['example_setup_teardown_taskflow']) retrieved from /home/airflow/.local/lib/python3.8/site-packages/airflow/example_dags/example_setup_teardown_taskflow.py
[2023-09-29T18:18:28.149+0000] {logging_mixin.py:151} INFO - [2023-09-29T18:18:28.149+0000] {dag.py:2915} INFO - Sync 1 DAGs
[2023-09-29T18:18:28.166+0000] {logging_mixin.py:151} INFO - [2023-09-29T18:18:28.166+0000] {dag.py:3696} INFO - Setting next_dagrun for example_setup_teardown_taskflow to 2023-09-28T18:18:28.166284+00:00, run_after=2023-09-29T18:18:28.166284+00:00
[2023-09-29T18:18:28.179+0000] {processor.py:179} INFO - Processing /home/airflow/.local/lib/python3.8/site-packages/airflow/example_dags/example_setup_teardown_taskflow.py took 0.062 seconds
[2023-09-29T18:18:58.698+0000] {processor.py:157} INFO - Started process (PID=1313) to work on /home/airflow/.local/lib/python3.8/site-packages/airflow/example_dags/example_setup_teardown_taskflow.py
[2023-09-29T18:18:58.700+0000] {processor.py:829} INFO - Processing file /home/airflow/.local/lib/python3.8/site-packages/airflow/example_dags/example_setup_teardown_taskflow.py for tasks to queue
[2023-09-29T18:18:58.704+0000] {logging_mixin.py:151} INFO - [2023-09-29T18:18:58.704+0000] {dagbag.py:539} INFO - Filling up the DagBag from /home/airflow/.local/lib/python3.8/site-packages/airflow/example_dags/example_setup_teardown_taskflow.py
[2023-09-29T18:18:58.720+0000] {processor.py:839} INFO - DAG(s) dict_keys(['example_setup_teardown_taskflow']) retrieved from /home/airflow/.local/lib/python3.8/site-packages/airflow/example_dags/example_setup_teardown_taskflow.py
[2023-09-29T18:18:58.748+0000] {logging_mixin.py:151} INFO - [2023-09-29T18:18:58.748+0000] {dag.py:2915} INFO - Sync 1 DAGs
[2023-09-29T18:18:58.779+0000] {logging_mixin.py:151} INFO - [2023-09-29T18:18:58.777+0000] {dag.py:3696} INFO - Setting next_dagrun for example_setup_teardown_taskflow to 2023-09-28T18:18:58.777505+00:00, run_after=2023-09-29T18:18:58.777505+00:00
[2023-09-29T18:18:58.803+0000] {processor.py:179} INFO - Processing /home/airflow/.local/lib/python3.8/site-packages/airflow/example_dags/example_setup_teardown_taskflow.py took 0.110 seconds
[2023-09-29T18:19:29.352+0000] {processor.py:157} INFO - Started process (PID=1368) to work on /home/airflow/.local/lib/python3.8/site-packages/airflow/example_dags/example_setup_teardown_taskflow.py
[2023-09-29T18:19:29.354+0000] {processor.py:829} INFO - Processing file /home/airflow/.local/lib/python3.8/site-packages/airflow/example_dags/example_setup_teardown_taskflow.py for tasks to queue
[2023-09-29T18:19:29.357+0000] {logging_mixin.py:151} INFO - [2023-09-29T18:19:29.356+0000] {dagbag.py:539} INFO - Filling up the DagBag from /home/airflow/.local/lib/python3.8/site-packages/airflow/example_dags/example_setup_teardown_taskflow.py
[2023-09-29T18:19:29.369+0000] {processor.py:839} INFO - DAG(s) dict_keys(['example_setup_teardown_taskflow']) retrieved from /home/airflow/.local/lib/python3.8/site-packages/airflow/example_dags/example_setup_teardown_taskflow.py
[2023-09-29T18:19:29.393+0000] {logging_mixin.py:151} INFO - [2023-09-29T18:19:29.392+0000] {dag.py:2915} INFO - Sync 1 DAGs
[2023-09-29T18:19:29.411+0000] {logging_mixin.py:151} INFO - [2023-09-29T18:19:29.410+0000] {dag.py:3696} INFO - Setting next_dagrun for example_setup_teardown_taskflow to 2023-09-28T18:19:29.410535+00:00, run_after=2023-09-29T18:19:29.410535+00:00
[2023-09-29T18:19:29.424+0000] {processor.py:179} INFO - Processing /home/airflow/.local/lib/python3.8/site-packages/airflow/example_dags/example_setup_teardown_taskflow.py took 0.080 seconds
[2023-09-29T18:19:59.857+0000] {processor.py:157} INFO - Started process (PID=1423) to work on /home/airflow/.local/lib/python3.8/site-packages/airflow/example_dags/example_setup_teardown_taskflow.py
[2023-09-29T18:19:59.858+0000] {processor.py:829} INFO - Processing file /home/airflow/.local/lib/python3.8/site-packages/airflow/example_dags/example_setup_teardown_taskflow.py for tasks to queue
[2023-09-29T18:19:59.860+0000] {logging_mixin.py:151} INFO - [2023-09-29T18:19:59.860+0000] {dagbag.py:539} INFO - Filling up the DagBag from /home/airflow/.local/lib/python3.8/site-packages/airflow/example_dags/example_setup_teardown_taskflow.py
[2023-09-29T18:19:59.869+0000] {processor.py:839} INFO - DAG(s) dict_keys(['example_setup_teardown_taskflow']) retrieved from /home/airflow/.local/lib/python3.8/site-packages/airflow/example_dags/example_setup_teardown_taskflow.py
[2023-09-29T18:19:59.901+0000] {logging_mixin.py:151} INFO - [2023-09-29T18:19:59.901+0000] {dag.py:2915} INFO - Sync 1 DAGs
[2023-09-29T18:19:59.920+0000] {logging_mixin.py:151} INFO - [2023-09-29T18:19:59.920+0000] {dag.py:3696} INFO - Setting next_dagrun for example_setup_teardown_taskflow to 2023-09-28T18:19:59.919773+00:00, run_after=2023-09-29T18:19:59.919773+00:00
[2023-09-29T18:19:59.936+0000] {processor.py:179} INFO - Processing /home/airflow/.local/lib/python3.8/site-packages/airflow/example_dags/example_setup_teardown_taskflow.py took 0.083 seconds
[2023-09-29T18:20:30.349+0000] {processor.py:157} INFO - Started process (PID=1478) to work on /home/airflow/.local/lib/python3.8/site-packages/airflow/example_dags/example_setup_teardown_taskflow.py
[2023-09-29T18:20:30.350+0000] {processor.py:829} INFO - Processing file /home/airflow/.local/lib/python3.8/site-packages/airflow/example_dags/example_setup_teardown_taskflow.py for tasks to queue
[2023-09-29T18:20:30.353+0000] {logging_mixin.py:151} INFO - [2023-09-29T18:20:30.352+0000] {dagbag.py:539} INFO - Filling up the DagBag from /home/airflow/.local/lib/python3.8/site-packages/airflow/example_dags/example_setup_teardown_taskflow.py
[2023-09-29T18:20:30.365+0000] {processor.py:839} INFO - DAG(s) dict_keys(['example_setup_teardown_taskflow']) retrieved from /home/airflow/.local/lib/python3.8/site-packages/airflow/example_dags/example_setup_teardown_taskflow.py
[2023-09-29T18:20:30.391+0000] {logging_mixin.py:151} INFO - [2023-09-29T18:20:30.391+0000] {dag.py:2915} INFO - Sync 1 DAGs
[2023-09-29T18:20:30.412+0000] {logging_mixin.py:151} INFO - [2023-09-29T18:20:30.412+0000] {dag.py:3696} INFO - Setting next_dagrun for example_setup_teardown_taskflow to 2023-09-28T18:20:30.412004+00:00, run_after=2023-09-29T18:20:30.412004+00:00
[2023-09-29T18:20:30.431+0000] {processor.py:179} INFO - Processing /home/airflow/.local/lib/python3.8/site-packages/airflow/example_dags/example_setup_teardown_taskflow.py took 0.086 seconds
[2023-09-29T18:21:00.638+0000] {processor.py:157} INFO - Started process (PID=1541) to work on /home/airflow/.local/lib/python3.8/site-packages/airflow/example_dags/example_setup_teardown_taskflow.py
[2023-09-29T18:21:00.643+0000] {processor.py:829} INFO - Processing file /home/airflow/.local/lib/python3.8/site-packages/airflow/example_dags/example_setup_teardown_taskflow.py for tasks to queue
[2023-09-29T18:21:00.650+0000] {logging_mixin.py:151} INFO - [2023-09-29T18:21:00.649+0000] {dagbag.py:539} INFO - Filling up the DagBag from /home/airflow/.local/lib/python3.8/site-packages/airflow/example_dags/example_setup_teardown_taskflow.py
[2023-09-29T18:21:00.684+0000] {processor.py:839} INFO - DAG(s) dict_keys(['example_setup_teardown_taskflow']) retrieved from /home/airflow/.local/lib/python3.8/site-packages/airflow/example_dags/example_setup_teardown_taskflow.py
[2023-09-29T18:21:00.710+0000] {logging_mixin.py:151} INFO - [2023-09-29T18:21:00.710+0000] {dag.py:2915} INFO - Sync 1 DAGs
[2023-09-29T18:21:00.730+0000] {logging_mixin.py:151} INFO - [2023-09-29T18:21:00.730+0000] {dag.py:3696} INFO - Setting next_dagrun for example_setup_teardown_taskflow to 2023-09-28T18:21:00.729811+00:00, run_after=2023-09-29T18:21:00.729811+00:00
[2023-09-29T18:21:00.743+0000] {processor.py:179} INFO - Processing /home/airflow/.local/lib/python3.8/site-packages/airflow/example_dags/example_setup_teardown_taskflow.py took 0.111 seconds
[2023-09-29T18:21:30.883+0000] {processor.py:157} INFO - Started process (PID=1597) to work on /home/airflow/.local/lib/python3.8/site-packages/airflow/example_dags/example_setup_teardown_taskflow.py
[2023-09-29T18:21:30.885+0000] {processor.py:829} INFO - Processing file /home/airflow/.local/lib/python3.8/site-packages/airflow/example_dags/example_setup_teardown_taskflow.py for tasks to queue
[2023-09-29T18:21:30.887+0000] {logging_mixin.py:151} INFO - [2023-09-29T18:21:30.886+0000] {dagbag.py:539} INFO - Filling up the DagBag from /home/airflow/.local/lib/python3.8/site-packages/airflow/example_dags/example_setup_teardown_taskflow.py
[2023-09-29T18:21:30.896+0000] {processor.py:839} INFO - DAG(s) dict_keys(['example_setup_teardown_taskflow']) retrieved from /home/airflow/.local/lib/python3.8/site-packages/airflow/example_dags/example_setup_teardown_taskflow.py
[2023-09-29T18:21:30.913+0000] {logging_mixin.py:151} INFO - [2023-09-29T18:21:30.913+0000] {dag.py:2915} INFO - Sync 1 DAGs
[2023-09-29T18:21:30.929+0000] {logging_mixin.py:151} INFO - [2023-09-29T18:21:30.929+0000] {dag.py:3696} INFO - Setting next_dagrun for example_setup_teardown_taskflow to 2023-09-28T18:21:30.928840+00:00, run_after=2023-09-29T18:21:30.928840+00:00
[2023-09-29T18:21:30.941+0000] {processor.py:179} INFO - Processing /home/airflow/.local/lib/python3.8/site-packages/airflow/example_dags/example_setup_teardown_taskflow.py took 0.061 seconds
[2023-09-29T18:22:01.611+0000] {processor.py:157} INFO - Started process (PID=1652) to work on /home/airflow/.local/lib/python3.8/site-packages/airflow/example_dags/example_setup_teardown_taskflow.py
[2023-09-29T18:22:01.613+0000] {processor.py:829} INFO - Processing file /home/airflow/.local/lib/python3.8/site-packages/airflow/example_dags/example_setup_teardown_taskflow.py for tasks to queue
[2023-09-29T18:22:01.615+0000] {logging_mixin.py:151} INFO - [2023-09-29T18:22:01.615+0000] {dagbag.py:539} INFO - Filling up the DagBag from /home/airflow/.local/lib/python3.8/site-packages/airflow/example_dags/example_setup_teardown_taskflow.py
[2023-09-29T18:22:01.625+0000] {processor.py:839} INFO - DAG(s) dict_keys(['example_setup_teardown_taskflow']) retrieved from /home/airflow/.local/lib/python3.8/site-packages/airflow/example_dags/example_setup_teardown_taskflow.py
[2023-09-29T18:22:01.643+0000] {logging_mixin.py:151} INFO - [2023-09-29T18:22:01.643+0000] {dag.py:2915} INFO - Sync 1 DAGs
[2023-09-29T18:22:01.663+0000] {logging_mixin.py:151} INFO - [2023-09-29T18:22:01.663+0000] {dag.py:3696} INFO - Setting next_dagrun for example_setup_teardown_taskflow to 2023-09-28T18:22:01.663094+00:00, run_after=2023-09-29T18:22:01.663094+00:00
[2023-09-29T18:22:01.676+0000] {processor.py:179} INFO - Processing /home/airflow/.local/lib/python3.8/site-packages/airflow/example_dags/example_setup_teardown_taskflow.py took 0.070 seconds
[2023-09-29T18:22:31.940+0000] {processor.py:157} INFO - Started process (PID=1707) to work on /home/airflow/.local/lib/python3.8/site-packages/airflow/example_dags/example_setup_teardown_taskflow.py
[2023-09-29T18:22:31.941+0000] {processor.py:829} INFO - Processing file /home/airflow/.local/lib/python3.8/site-packages/airflow/example_dags/example_setup_teardown_taskflow.py for tasks to queue
[2023-09-29T18:22:31.952+0000] {logging_mixin.py:151} INFO - [2023-09-29T18:22:31.951+0000] {dagbag.py:539} INFO - Filling up the DagBag from /home/airflow/.local/lib/python3.8/site-packages/airflow/example_dags/example_setup_teardown_taskflow.py
[2023-09-29T18:22:31.963+0000] {processor.py:839} INFO - DAG(s) dict_keys(['example_setup_teardown_taskflow']) retrieved from /home/airflow/.local/lib/python3.8/site-packages/airflow/example_dags/example_setup_teardown_taskflow.py
[2023-09-29T18:22:31.983+0000] {logging_mixin.py:151} INFO - [2023-09-29T18:22:31.983+0000] {dag.py:2915} INFO - Sync 1 DAGs
[2023-09-29T18:22:32.002+0000] {logging_mixin.py:151} INFO - [2023-09-29T18:22:32.002+0000] {dag.py:3696} INFO - Setting next_dagrun for example_setup_teardown_taskflow to 2023-09-28T18:22:32.001994+00:00, run_after=2023-09-29T18:22:32.001994+00:00
[2023-09-29T18:22:32.018+0000] {processor.py:179} INFO - Processing /home/airflow/.local/lib/python3.8/site-packages/airflow/example_dags/example_setup_teardown_taskflow.py took 0.083 seconds
[2023-09-29T18:23:02.143+0000] {processor.py:157} INFO - Started process (PID=1763) to work on /home/airflow/.local/lib/python3.8/site-packages/airflow/example_dags/example_setup_teardown_taskflow.py
[2023-09-29T18:23:02.146+0000] {processor.py:829} INFO - Processing file /home/airflow/.local/lib/python3.8/site-packages/airflow/example_dags/example_setup_teardown_taskflow.py for tasks to queue
[2023-09-29T18:23:02.149+0000] {logging_mixin.py:151} INFO - [2023-09-29T18:23:02.149+0000] {dagbag.py:539} INFO - Filling up the DagBag from /home/airflow/.local/lib/python3.8/site-packages/airflow/example_dags/example_setup_teardown_taskflow.py
[2023-09-29T18:23:02.158+0000] {processor.py:839} INFO - DAG(s) dict_keys(['example_setup_teardown_taskflow']) retrieved from /home/airflow/.local/lib/python3.8/site-packages/airflow/example_dags/example_setup_teardown_taskflow.py
[2023-09-29T18:23:02.190+0000] {logging_mixin.py:151} INFO - [2023-09-29T18:23:02.190+0000] {dag.py:2915} INFO - Sync 1 DAGs
[2023-09-29T18:23:02.211+0000] {logging_mixin.py:151} INFO - [2023-09-29T18:23:02.211+0000] {dag.py:3696} INFO - Setting next_dagrun for example_setup_teardown_taskflow to 2023-09-28T18:23:02.211278+00:00, run_after=2023-09-29T18:23:02.211278+00:00
[2023-09-29T18:23:02.230+0000] {processor.py:179} INFO - Processing /home/airflow/.local/lib/python3.8/site-packages/airflow/example_dags/example_setup_teardown_taskflow.py took 0.090 seconds
[2023-09-29T18:23:32.466+0000] {processor.py:157} INFO - Started process (PID=1818) to work on /home/airflow/.local/lib/python3.8/site-packages/airflow/example_dags/example_setup_teardown_taskflow.py
[2023-09-29T18:23:32.468+0000] {processor.py:829} INFO - Processing file /home/airflow/.local/lib/python3.8/site-packages/airflow/example_dags/example_setup_teardown_taskflow.py for tasks to queue
[2023-09-29T18:23:32.470+0000] {logging_mixin.py:151} INFO - [2023-09-29T18:23:32.470+0000] {dagbag.py:539} INFO - Filling up the DagBag from /home/airflow/.local/lib/python3.8/site-packages/airflow/example_dags/example_setup_teardown_taskflow.py
[2023-09-29T18:23:32.481+0000] {processor.py:839} INFO - DAG(s) dict_keys(['example_setup_teardown_taskflow']) retrieved from /home/airflow/.local/lib/python3.8/site-packages/airflow/example_dags/example_setup_teardown_taskflow.py
[2023-09-29T18:23:32.499+0000] {logging_mixin.py:151} INFO - [2023-09-29T18:23:32.499+0000] {dag.py:2915} INFO - Sync 1 DAGs
[2023-09-29T18:23:32.516+0000] {logging_mixin.py:151} INFO - [2023-09-29T18:23:32.516+0000] {dag.py:3696} INFO - Setting next_dagrun for example_setup_teardown_taskflow to 2023-09-28T18:23:32.515925+00:00, run_after=2023-09-29T18:23:32.515925+00:00
[2023-09-29T18:23:32.527+0000] {processor.py:179} INFO - Processing /home/airflow/.local/lib/python3.8/site-packages/airflow/example_dags/example_setup_teardown_taskflow.py took 0.064 seconds
[2023-09-29T18:24:02.747+0000] {processor.py:157} INFO - Started process (PID=1873) to work on /home/airflow/.local/lib/python3.8/site-packages/airflow/example_dags/example_setup_teardown_taskflow.py
[2023-09-29T18:24:02.748+0000] {processor.py:829} INFO - Processing file /home/airflow/.local/lib/python3.8/site-packages/airflow/example_dags/example_setup_teardown_taskflow.py for tasks to queue
[2023-09-29T18:24:02.750+0000] {logging_mixin.py:151} INFO - [2023-09-29T18:24:02.750+0000] {dagbag.py:539} INFO - Filling up the DagBag from /home/airflow/.local/lib/python3.8/site-packages/airflow/example_dags/example_setup_teardown_taskflow.py
[2023-09-29T18:24:02.758+0000] {processor.py:839} INFO - DAG(s) dict_keys(['example_setup_teardown_taskflow']) retrieved from /home/airflow/.local/lib/python3.8/site-packages/airflow/example_dags/example_setup_teardown_taskflow.py
[2023-09-29T18:24:02.775+0000] {logging_mixin.py:151} INFO - [2023-09-29T18:24:02.775+0000] {dag.py:2915} INFO - Sync 1 DAGs
[2023-09-29T18:24:02.798+0000] {logging_mixin.py:151} INFO - [2023-09-29T18:24:02.797+0000] {dag.py:3696} INFO - Setting next_dagrun for example_setup_teardown_taskflow to 2023-09-28T18:24:02.797725+00:00, run_after=2023-09-29T18:24:02.797725+00:00
[2023-09-29T18:24:02.810+0000] {processor.py:179} INFO - Processing /home/airflow/.local/lib/python3.8/site-packages/airflow/example_dags/example_setup_teardown_taskflow.py took 0.066 seconds
[2023-09-29T18:24:32.923+0000] {processor.py:157} INFO - Started process (PID=1928) to work on /home/airflow/.local/lib/python3.8/site-packages/airflow/example_dags/example_setup_teardown_taskflow.py
[2023-09-29T18:24:32.926+0000] {processor.py:829} INFO - Processing file /home/airflow/.local/lib/python3.8/site-packages/airflow/example_dags/example_setup_teardown_taskflow.py for tasks to queue
[2023-09-29T18:24:32.928+0000] {logging_mixin.py:151} INFO - [2023-09-29T18:24:32.927+0000] {dagbag.py:539} INFO - Filling up the DagBag from /home/airflow/.local/lib/python3.8/site-packages/airflow/example_dags/example_setup_teardown_taskflow.py
[2023-09-29T18:24:32.936+0000] {processor.py:839} INFO - DAG(s) dict_keys(['example_setup_teardown_taskflow']) retrieved from /home/airflow/.local/lib/python3.8/site-packages/airflow/example_dags/example_setup_teardown_taskflow.py
[2023-09-29T18:24:32.957+0000] {logging_mixin.py:151} INFO - [2023-09-29T18:24:32.957+0000] {dag.py:2915} INFO - Sync 1 DAGs
[2023-09-29T18:24:32.983+0000] {logging_mixin.py:151} INFO - [2023-09-29T18:24:32.983+0000] {dag.py:3696} INFO - Setting next_dagrun for example_setup_teardown_taskflow to 2023-09-28T18:24:32.983071+00:00, run_after=2023-09-29T18:24:32.983071+00:00
[2023-09-29T18:24:32.997+0000] {processor.py:179} INFO - Processing /home/airflow/.local/lib/python3.8/site-packages/airflow/example_dags/example_setup_teardown_taskflow.py took 0.078 seconds
[2023-09-29T18:25:03.205+0000] {processor.py:157} INFO - Started process (PID=1983) to work on /home/airflow/.local/lib/python3.8/site-packages/airflow/example_dags/example_setup_teardown_taskflow.py
[2023-09-29T18:25:03.206+0000] {processor.py:829} INFO - Processing file /home/airflow/.local/lib/python3.8/site-packages/airflow/example_dags/example_setup_teardown_taskflow.py for tasks to queue
[2023-09-29T18:25:03.208+0000] {logging_mixin.py:151} INFO - [2023-09-29T18:25:03.207+0000] {dagbag.py:539} INFO - Filling up the DagBag from /home/airflow/.local/lib/python3.8/site-packages/airflow/example_dags/example_setup_teardown_taskflow.py
[2023-09-29T18:25:03.219+0000] {processor.py:839} INFO - DAG(s) dict_keys(['example_setup_teardown_taskflow']) retrieved from /home/airflow/.local/lib/python3.8/site-packages/airflow/example_dags/example_setup_teardown_taskflow.py
[2023-09-29T18:25:03.241+0000] {logging_mixin.py:151} INFO - [2023-09-29T18:25:03.241+0000] {dag.py:2915} INFO - Sync 1 DAGs
[2023-09-29T18:25:03.257+0000] {logging_mixin.py:151} INFO - [2023-09-29T18:25:03.257+0000] {dag.py:3696} INFO - Setting next_dagrun for example_setup_teardown_taskflow to 2023-09-28T18:25:03.256985+00:00, run_after=2023-09-29T18:25:03.256985+00:00
[2023-09-29T18:25:03.268+0000] {processor.py:179} INFO - Processing /home/airflow/.local/lib/python3.8/site-packages/airflow/example_dags/example_setup_teardown_taskflow.py took 0.067 seconds
