[2023-09-29T18:07:14.563+0000] {processor.py:157} INFO - Started process (PID=57) to work on /home/airflow/.local/lib/python3.8/site-packages/airflow/example_dags/example_task_group.py
[2023-09-29T18:07:14.564+0000] {processor.py:829} INFO - Processing file /home/airflow/.local/lib/python3.8/site-packages/airflow/example_dags/example_task_group.py for tasks to queue
[2023-09-29T18:07:14.569+0000] {logging_mixin.py:151} INFO - [2023-09-29T18:07:14.569+0000] {dagbag.py:539} INFO - Filling up the DagBag from /home/airflow/.local/lib/python3.8/site-packages/airflow/example_dags/example_task_group.py
[2023-09-29T18:07:14.579+0000] {processor.py:839} INFO - DAG(s) dict_keys(['example_task_group']) retrieved from /home/airflow/.local/lib/python3.8/site-packages/airflow/example_dags/example_task_group.py
[2023-09-29T18:07:14.595+0000] {logging_mixin.py:151} INFO - [2023-09-29T18:07:14.595+0000] {dag.py:2915} INFO - Sync 1 DAGs
[2023-09-29T18:07:14.625+0000] {logging_mixin.py:151} INFO - [2023-09-29T18:07:14.625+0000] {dag.py:3696} INFO - Setting next_dagrun for example_task_group to 2023-09-28T18:07:14.624815+00:00, run_after=2023-09-29T18:07:14.624815+00:00
[2023-09-29T18:07:14.670+0000] {processor.py:179} INFO - Processing /home/airflow/.local/lib/python3.8/site-packages/airflow/example_dags/example_task_group.py took 0.113 seconds
[2023-09-29T18:07:50.747+0000] {processor.py:157} INFO - Started process (PID=111) to work on /home/airflow/.local/lib/python3.8/site-packages/airflow/example_dags/example_task_group.py
[2023-09-29T18:07:50.749+0000] {processor.py:829} INFO - Processing file /home/airflow/.local/lib/python3.8/site-packages/airflow/example_dags/example_task_group.py for tasks to queue
[2023-09-29T18:07:50.752+0000] {logging_mixin.py:151} INFO - [2023-09-29T18:07:50.752+0000] {dagbag.py:539} INFO - Filling up the DagBag from /home/airflow/.local/lib/python3.8/site-packages/airflow/example_dags/example_task_group.py
[2023-09-29T18:07:50.774+0000] {processor.py:839} INFO - DAG(s) dict_keys(['example_task_group']) retrieved from /home/airflow/.local/lib/python3.8/site-packages/airflow/example_dags/example_task_group.py
[2023-09-29T18:07:50.857+0000] {logging_mixin.py:151} INFO - [2023-09-29T18:07:50.857+0000] {dag.py:2915} INFO - Sync 1 DAGs
[2023-09-29T18:07:50.921+0000] {logging_mixin.py:151} INFO - [2023-09-29T18:07:50.920+0000] {dag.py:3696} INFO - Setting next_dagrun for example_task_group to 2023-09-28T18:07:50.919515+00:00, run_after=2023-09-29T18:07:50.919515+00:00
[2023-09-29T18:07:50.962+0000] {processor.py:179} INFO - Processing /home/airflow/.local/lib/python3.8/site-packages/airflow/example_dags/example_task_group.py took 0.222 seconds
[2023-09-29T18:08:21.357+0000] {processor.py:157} INFO - Started process (PID=165) to work on /home/airflow/.local/lib/python3.8/site-packages/airflow/example_dags/example_task_group.py
[2023-09-29T18:08:21.359+0000] {processor.py:829} INFO - Processing file /home/airflow/.local/lib/python3.8/site-packages/airflow/example_dags/example_task_group.py for tasks to queue
[2023-09-29T18:08:21.361+0000] {logging_mixin.py:151} INFO - [2023-09-29T18:08:21.360+0000] {dagbag.py:539} INFO - Filling up the DagBag from /home/airflow/.local/lib/python3.8/site-packages/airflow/example_dags/example_task_group.py
[2023-09-29T18:08:21.367+0000] {processor.py:839} INFO - DAG(s) dict_keys(['example_task_group']) retrieved from /home/airflow/.local/lib/python3.8/site-packages/airflow/example_dags/example_task_group.py
[2023-09-29T18:08:21.388+0000] {logging_mixin.py:151} INFO - [2023-09-29T18:08:21.388+0000] {dag.py:2915} INFO - Sync 1 DAGs
[2023-09-29T18:08:21.406+0000] {logging_mixin.py:151} INFO - [2023-09-29T18:08:21.405+0000] {dag.py:3696} INFO - Setting next_dagrun for example_task_group to 2023-09-28T18:08:21.405580+00:00, run_after=2023-09-29T18:08:21.405580+00:00
[2023-09-29T18:08:21.418+0000] {processor.py:179} INFO - Processing /home/airflow/.local/lib/python3.8/site-packages/airflow/example_dags/example_task_group.py took 0.065 seconds
[2023-09-29T18:08:51.471+0000] {processor.py:157} INFO - Started process (PID=220) to work on /home/airflow/.local/lib/python3.8/site-packages/airflow/example_dags/example_task_group.py
[2023-09-29T18:08:51.472+0000] {processor.py:829} INFO - Processing file /home/airflow/.local/lib/python3.8/site-packages/airflow/example_dags/example_task_group.py for tasks to queue
[2023-09-29T18:08:51.475+0000] {logging_mixin.py:151} INFO - [2023-09-29T18:08:51.475+0000] {dagbag.py:539} INFO - Filling up the DagBag from /home/airflow/.local/lib/python3.8/site-packages/airflow/example_dags/example_task_group.py
[2023-09-29T18:08:51.487+0000] {processor.py:839} INFO - DAG(s) dict_keys(['example_task_group']) retrieved from /home/airflow/.local/lib/python3.8/site-packages/airflow/example_dags/example_task_group.py
[2023-09-29T18:08:51.510+0000] {logging_mixin.py:151} INFO - [2023-09-29T18:08:51.510+0000] {dag.py:2915} INFO - Sync 1 DAGs
[2023-09-29T18:08:51.529+0000] {logging_mixin.py:151} INFO - [2023-09-29T18:08:51.529+0000] {dag.py:3696} INFO - Setting next_dagrun for example_task_group to 2023-09-28T18:08:51.528888+00:00, run_after=2023-09-29T18:08:51.528888+00:00
[2023-09-29T18:08:51.547+0000] {processor.py:179} INFO - Processing /home/airflow/.local/lib/python3.8/site-packages/airflow/example_dags/example_task_group.py took 0.081 seconds
[2023-09-29T18:09:21.789+0000] {processor.py:157} INFO - Started process (PID=274) to work on /home/airflow/.local/lib/python3.8/site-packages/airflow/example_dags/example_task_group.py
[2023-09-29T18:09:21.790+0000] {processor.py:829} INFO - Processing file /home/airflow/.local/lib/python3.8/site-packages/airflow/example_dags/example_task_group.py for tasks to queue
[2023-09-29T18:09:21.792+0000] {logging_mixin.py:151} INFO - [2023-09-29T18:09:21.791+0000] {dagbag.py:539} INFO - Filling up the DagBag from /home/airflow/.local/lib/python3.8/site-packages/airflow/example_dags/example_task_group.py
[2023-09-29T18:09:21.797+0000] {processor.py:839} INFO - DAG(s) dict_keys(['example_task_group']) retrieved from /home/airflow/.local/lib/python3.8/site-packages/airflow/example_dags/example_task_group.py
[2023-09-29T18:09:21.813+0000] {logging_mixin.py:151} INFO - [2023-09-29T18:09:21.813+0000] {dag.py:2915} INFO - Sync 1 DAGs
[2023-09-29T18:09:21.827+0000] {logging_mixin.py:151} INFO - [2023-09-29T18:09:21.827+0000] {dag.py:3696} INFO - Setting next_dagrun for example_task_group to 2023-09-28T18:09:21.827498+00:00, run_after=2023-09-29T18:09:21.827498+00:00
[2023-09-29T18:09:21.839+0000] {processor.py:179} INFO - Processing /home/airflow/.local/lib/python3.8/site-packages/airflow/example_dags/example_task_group.py took 0.053 seconds
[2023-09-29T18:09:52.297+0000] {processor.py:157} INFO - Started process (PID=330) to work on /home/airflow/.local/lib/python3.8/site-packages/airflow/example_dags/example_task_group.py
[2023-09-29T18:09:52.298+0000] {processor.py:829} INFO - Processing file /home/airflow/.local/lib/python3.8/site-packages/airflow/example_dags/example_task_group.py for tasks to queue
[2023-09-29T18:09:52.300+0000] {logging_mixin.py:151} INFO - [2023-09-29T18:09:52.299+0000] {dagbag.py:539} INFO - Filling up the DagBag from /home/airflow/.local/lib/python3.8/site-packages/airflow/example_dags/example_task_group.py
[2023-09-29T18:09:52.306+0000] {processor.py:839} INFO - DAG(s) dict_keys(['example_task_group']) retrieved from /home/airflow/.local/lib/python3.8/site-packages/airflow/example_dags/example_task_group.py
[2023-09-29T18:09:52.322+0000] {logging_mixin.py:151} INFO - [2023-09-29T18:09:52.322+0000] {dag.py:2915} INFO - Sync 1 DAGs
[2023-09-29T18:09:52.338+0000] {logging_mixin.py:151} INFO - [2023-09-29T18:09:52.338+0000] {dag.py:3696} INFO - Setting next_dagrun for example_task_group to 2023-09-28T18:09:52.337809+00:00, run_after=2023-09-29T18:09:52.337809+00:00
[2023-09-29T18:09:52.349+0000] {processor.py:179} INFO - Processing /home/airflow/.local/lib/python3.8/site-packages/airflow/example_dags/example_task_group.py took 0.055 seconds
[2023-09-29T18:10:22.819+0000] {processor.py:157} INFO - Started process (PID=385) to work on /home/airflow/.local/lib/python3.8/site-packages/airflow/example_dags/example_task_group.py
[2023-09-29T18:10:22.820+0000] {processor.py:829} INFO - Processing file /home/airflow/.local/lib/python3.8/site-packages/airflow/example_dags/example_task_group.py for tasks to queue
[2023-09-29T18:10:22.822+0000] {logging_mixin.py:151} INFO - [2023-09-29T18:10:22.822+0000] {dagbag.py:539} INFO - Filling up the DagBag from /home/airflow/.local/lib/python3.8/site-packages/airflow/example_dags/example_task_group.py
[2023-09-29T18:10:22.828+0000] {processor.py:839} INFO - DAG(s) dict_keys(['example_task_group']) retrieved from /home/airflow/.local/lib/python3.8/site-packages/airflow/example_dags/example_task_group.py
[2023-09-29T18:10:22.846+0000] {logging_mixin.py:151} INFO - [2023-09-29T18:10:22.846+0000] {dag.py:2915} INFO - Sync 1 DAGs
[2023-09-29T18:10:22.863+0000] {logging_mixin.py:151} INFO - [2023-09-29T18:10:22.863+0000] {dag.py:3696} INFO - Setting next_dagrun for example_task_group to 2023-09-28T18:10:22.862924+00:00, run_after=2023-09-29T18:10:22.862924+00:00
[2023-09-29T18:10:22.875+0000] {processor.py:179} INFO - Processing /home/airflow/.local/lib/python3.8/site-packages/airflow/example_dags/example_task_group.py took 0.059 seconds
[2023-09-29T18:10:53.869+0000] {processor.py:157} INFO - Started process (PID=441) to work on /home/airflow/.local/lib/python3.8/site-packages/airflow/example_dags/example_task_group.py
[2023-09-29T18:10:53.871+0000] {processor.py:829} INFO - Processing file /home/airflow/.local/lib/python3.8/site-packages/airflow/example_dags/example_task_group.py for tasks to queue
[2023-09-29T18:10:53.872+0000] {logging_mixin.py:151} INFO - [2023-09-29T18:10:53.872+0000] {dagbag.py:539} INFO - Filling up the DagBag from /home/airflow/.local/lib/python3.8/site-packages/airflow/example_dags/example_task_group.py
[2023-09-29T18:10:53.879+0000] {processor.py:839} INFO - DAG(s) dict_keys(['example_task_group']) retrieved from /home/airflow/.local/lib/python3.8/site-packages/airflow/example_dags/example_task_group.py
[2023-09-29T18:10:53.896+0000] {logging_mixin.py:151} INFO - [2023-09-29T18:10:53.896+0000] {dag.py:2915} INFO - Sync 1 DAGs
[2023-09-29T18:10:53.912+0000] {logging_mixin.py:151} INFO - [2023-09-29T18:10:53.912+0000] {dag.py:3696} INFO - Setting next_dagrun for example_task_group to 2023-09-28T18:10:53.912226+00:00, run_after=2023-09-29T18:10:53.912226+00:00
[2023-09-29T18:10:53.924+0000] {processor.py:179} INFO - Processing /home/airflow/.local/lib/python3.8/site-packages/airflow/example_dags/example_task_group.py took 0.058 seconds
[2023-09-29T18:11:24.425+0000] {processor.py:157} INFO - Started process (PID=496) to work on /home/airflow/.local/lib/python3.8/site-packages/airflow/example_dags/example_task_group.py
[2023-09-29T18:11:24.426+0000] {processor.py:829} INFO - Processing file /home/airflow/.local/lib/python3.8/site-packages/airflow/example_dags/example_task_group.py for tasks to queue
[2023-09-29T18:11:24.428+0000] {logging_mixin.py:151} INFO - [2023-09-29T18:11:24.428+0000] {dagbag.py:539} INFO - Filling up the DagBag from /home/airflow/.local/lib/python3.8/site-packages/airflow/example_dags/example_task_group.py
[2023-09-29T18:11:24.435+0000] {processor.py:839} INFO - DAG(s) dict_keys(['example_task_group']) retrieved from /home/airflow/.local/lib/python3.8/site-packages/airflow/example_dags/example_task_group.py
[2023-09-29T18:11:24.459+0000] {logging_mixin.py:151} INFO - [2023-09-29T18:11:24.459+0000] {dag.py:2915} INFO - Sync 1 DAGs
[2023-09-29T18:11:24.476+0000] {logging_mixin.py:151} INFO - [2023-09-29T18:11:24.476+0000] {dag.py:3696} INFO - Setting next_dagrun for example_task_group to 2023-09-28T18:11:24.476424+00:00, run_after=2023-09-29T18:11:24.476424+00:00
[2023-09-29T18:11:24.489+0000] {processor.py:179} INFO - Processing /home/airflow/.local/lib/python3.8/site-packages/airflow/example_dags/example_task_group.py took 0.067 seconds
[2023-09-29T18:11:55.578+0000] {processor.py:157} INFO - Started process (PID=551) to work on /home/airflow/.local/lib/python3.8/site-packages/airflow/example_dags/example_task_group.py
[2023-09-29T18:11:55.580+0000] {processor.py:829} INFO - Processing file /home/airflow/.local/lib/python3.8/site-packages/airflow/example_dags/example_task_group.py for tasks to queue
[2023-09-29T18:11:55.582+0000] {logging_mixin.py:151} INFO - [2023-09-29T18:11:55.582+0000] {dagbag.py:539} INFO - Filling up the DagBag from /home/airflow/.local/lib/python3.8/site-packages/airflow/example_dags/example_task_group.py
[2023-09-29T18:11:55.588+0000] {processor.py:839} INFO - DAG(s) dict_keys(['example_task_group']) retrieved from /home/airflow/.local/lib/python3.8/site-packages/airflow/example_dags/example_task_group.py
[2023-09-29T18:11:55.605+0000] {logging_mixin.py:151} INFO - [2023-09-29T18:11:55.604+0000] {dag.py:2915} INFO - Sync 1 DAGs
[2023-09-29T18:11:55.620+0000] {logging_mixin.py:151} INFO - [2023-09-29T18:11:55.620+0000] {dag.py:3696} INFO - Setting next_dagrun for example_task_group to 2023-09-28T18:11:55.620207+00:00, run_after=2023-09-29T18:11:55.620207+00:00
[2023-09-29T18:11:55.632+0000] {processor.py:179} INFO - Processing /home/airflow/.local/lib/python3.8/site-packages/airflow/example_dags/example_task_group.py took 0.058 seconds
[2023-09-29T18:12:26.322+0000] {processor.py:157} INFO - Started process (PID=606) to work on /home/airflow/.local/lib/python3.8/site-packages/airflow/example_dags/example_task_group.py
[2023-09-29T18:12:26.323+0000] {processor.py:829} INFO - Processing file /home/airflow/.local/lib/python3.8/site-packages/airflow/example_dags/example_task_group.py for tasks to queue
[2023-09-29T18:12:26.325+0000] {logging_mixin.py:151} INFO - [2023-09-29T18:12:26.325+0000] {dagbag.py:539} INFO - Filling up the DagBag from /home/airflow/.local/lib/python3.8/site-packages/airflow/example_dags/example_task_group.py
[2023-09-29T18:12:26.333+0000] {processor.py:839} INFO - DAG(s) dict_keys(['example_task_group']) retrieved from /home/airflow/.local/lib/python3.8/site-packages/airflow/example_dags/example_task_group.py
[2023-09-29T18:12:26.353+0000] {logging_mixin.py:151} INFO - [2023-09-29T18:12:26.353+0000] {dag.py:2915} INFO - Sync 1 DAGs
[2023-09-29T18:12:26.372+0000] {logging_mixin.py:151} INFO - [2023-09-29T18:12:26.372+0000] {dag.py:3696} INFO - Setting next_dagrun for example_task_group to 2023-09-28T18:12:26.372219+00:00, run_after=2023-09-29T18:12:26.372219+00:00
[2023-09-29T18:12:26.395+0000] {processor.py:179} INFO - Processing /home/airflow/.local/lib/python3.8/site-packages/airflow/example_dags/example_task_group.py took 0.078 seconds
[2023-09-29T18:12:57.433+0000] {processor.py:157} INFO - Started process (PID=662) to work on /home/airflow/.local/lib/python3.8/site-packages/airflow/example_dags/example_task_group.py
[2023-09-29T18:12:57.434+0000] {processor.py:829} INFO - Processing file /home/airflow/.local/lib/python3.8/site-packages/airflow/example_dags/example_task_group.py for tasks to queue
[2023-09-29T18:12:57.436+0000] {logging_mixin.py:151} INFO - [2023-09-29T18:12:57.435+0000] {dagbag.py:539} INFO - Filling up the DagBag from /home/airflow/.local/lib/python3.8/site-packages/airflow/example_dags/example_task_group.py
[2023-09-29T18:12:57.442+0000] {processor.py:839} INFO - DAG(s) dict_keys(['example_task_group']) retrieved from /home/airflow/.local/lib/python3.8/site-packages/airflow/example_dags/example_task_group.py
[2023-09-29T18:12:57.462+0000] {logging_mixin.py:151} INFO - [2023-09-29T18:12:57.461+0000] {dag.py:2915} INFO - Sync 1 DAGs
[2023-09-29T18:12:57.479+0000] {logging_mixin.py:151} INFO - [2023-09-29T18:12:57.479+0000] {dag.py:3696} INFO - Setting next_dagrun for example_task_group to 2023-09-28T18:12:57.479347+00:00, run_after=2023-09-29T18:12:57.479347+00:00
[2023-09-29T18:12:57.491+0000] {processor.py:179} INFO - Processing /home/airflow/.local/lib/python3.8/site-packages/airflow/example_dags/example_task_group.py took 0.062 seconds
[2023-09-29T18:13:28.071+0000] {processor.py:157} INFO - Started process (PID=717) to work on /home/airflow/.local/lib/python3.8/site-packages/airflow/example_dags/example_task_group.py
[2023-09-29T18:13:28.072+0000] {processor.py:829} INFO - Processing file /home/airflow/.local/lib/python3.8/site-packages/airflow/example_dags/example_task_group.py for tasks to queue
[2023-09-29T18:13:28.074+0000] {logging_mixin.py:151} INFO - [2023-09-29T18:13:28.074+0000] {dagbag.py:539} INFO - Filling up the DagBag from /home/airflow/.local/lib/python3.8/site-packages/airflow/example_dags/example_task_group.py
[2023-09-29T18:13:28.081+0000] {processor.py:839} INFO - DAG(s) dict_keys(['example_task_group']) retrieved from /home/airflow/.local/lib/python3.8/site-packages/airflow/example_dags/example_task_group.py
[2023-09-29T18:13:28.097+0000] {logging_mixin.py:151} INFO - [2023-09-29T18:13:28.097+0000] {dag.py:2915} INFO - Sync 1 DAGs
[2023-09-29T18:13:28.121+0000] {logging_mixin.py:151} INFO - [2023-09-29T18:13:28.121+0000] {dag.py:3696} INFO - Setting next_dagrun for example_task_group to 2023-09-28T18:13:28.120760+00:00, run_after=2023-09-29T18:13:28.120760+00:00
[2023-09-29T18:13:28.139+0000] {processor.py:179} INFO - Processing /home/airflow/.local/lib/python3.8/site-packages/airflow/example_dags/example_task_group.py took 0.071 seconds
[2023-09-29T18:13:58.962+0000] {processor.py:157} INFO - Started process (PID=772) to work on /home/airflow/.local/lib/python3.8/site-packages/airflow/example_dags/example_task_group.py
[2023-09-29T18:13:58.963+0000] {processor.py:829} INFO - Processing file /home/airflow/.local/lib/python3.8/site-packages/airflow/example_dags/example_task_group.py for tasks to queue
[2023-09-29T18:13:58.965+0000] {logging_mixin.py:151} INFO - [2023-09-29T18:13:58.965+0000] {dagbag.py:539} INFO - Filling up the DagBag from /home/airflow/.local/lib/python3.8/site-packages/airflow/example_dags/example_task_group.py
[2023-09-29T18:13:58.971+0000] {processor.py:839} INFO - DAG(s) dict_keys(['example_task_group']) retrieved from /home/airflow/.local/lib/python3.8/site-packages/airflow/example_dags/example_task_group.py
[2023-09-29T18:13:58.987+0000] {logging_mixin.py:151} INFO - [2023-09-29T18:13:58.987+0000] {dag.py:2915} INFO - Sync 1 DAGs
[2023-09-29T18:13:59.009+0000] {logging_mixin.py:151} INFO - [2023-09-29T18:13:59.009+0000] {dag.py:3696} INFO - Setting next_dagrun for example_task_group to 2023-09-28T18:13:59.009236+00:00, run_after=2023-09-29T18:13:59.009236+00:00
[2023-09-29T18:13:59.027+0000] {processor.py:179} INFO - Processing /home/airflow/.local/lib/python3.8/site-packages/airflow/example_dags/example_task_group.py took 0.068 seconds
[2023-09-29T18:14:31.329+0000] {processor.py:157} INFO - Started process (PID=833) to work on /home/airflow/.local/lib/python3.8/site-packages/airflow/example_dags/example_task_group.py
[2023-09-29T18:14:31.330+0000] {processor.py:829} INFO - Processing file /home/airflow/.local/lib/python3.8/site-packages/airflow/example_dags/example_task_group.py for tasks to queue
[2023-09-29T18:14:31.334+0000] {logging_mixin.py:151} INFO - [2023-09-29T18:14:31.333+0000] {dagbag.py:539} INFO - Filling up the DagBag from /home/airflow/.local/lib/python3.8/site-packages/airflow/example_dags/example_task_group.py
[2023-09-29T18:14:31.344+0000] {processor.py:839} INFO - DAG(s) dict_keys(['example_task_group']) retrieved from /home/airflow/.local/lib/python3.8/site-packages/airflow/example_dags/example_task_group.py
[2023-09-29T18:14:31.415+0000] {logging_mixin.py:151} INFO - [2023-09-29T18:14:31.414+0000] {dag.py:2915} INFO - Sync 1 DAGs
[2023-09-29T18:14:31.453+0000] {logging_mixin.py:151} INFO - [2023-09-29T18:14:31.453+0000] {dag.py:3696} INFO - Setting next_dagrun for example_task_group to 2023-09-28T18:14:31.453176+00:00, run_after=2023-09-29T18:14:31.453176+00:00
[2023-09-29T18:14:31.477+0000] {processor.py:179} INFO - Processing /home/airflow/.local/lib/python3.8/site-packages/airflow/example_dags/example_task_group.py took 0.155 seconds
[2023-09-29T18:15:02.061+0000] {processor.py:157} INFO - Started process (PID=888) to work on /home/airflow/.local/lib/python3.8/site-packages/airflow/example_dags/example_task_group.py
[2023-09-29T18:15:02.062+0000] {processor.py:829} INFO - Processing file /home/airflow/.local/lib/python3.8/site-packages/airflow/example_dags/example_task_group.py for tasks to queue
[2023-09-29T18:15:02.066+0000] {logging_mixin.py:151} INFO - [2023-09-29T18:15:02.065+0000] {dagbag.py:539} INFO - Filling up the DagBag from /home/airflow/.local/lib/python3.8/site-packages/airflow/example_dags/example_task_group.py
[2023-09-29T18:15:02.073+0000] {processor.py:839} INFO - DAG(s) dict_keys(['example_task_group']) retrieved from /home/airflow/.local/lib/python3.8/site-packages/airflow/example_dags/example_task_group.py
[2023-09-29T18:15:02.099+0000] {logging_mixin.py:151} INFO - [2023-09-29T18:15:02.099+0000] {dag.py:2915} INFO - Sync 1 DAGs
[2023-09-29T18:15:02.136+0000] {logging_mixin.py:151} INFO - [2023-09-29T18:15:02.136+0000] {dag.py:3696} INFO - Setting next_dagrun for example_task_group to 2023-09-28T18:15:02.135747+00:00, run_after=2023-09-29T18:15:02.135747+00:00
[2023-09-29T18:15:02.158+0000] {processor.py:179} INFO - Processing /home/airflow/.local/lib/python3.8/site-packages/airflow/example_dags/example_task_group.py took 0.100 seconds
[2023-09-29T18:15:33.135+0000] {processor.py:157} INFO - Started process (PID=943) to work on /home/airflow/.local/lib/python3.8/site-packages/airflow/example_dags/example_task_group.py
[2023-09-29T18:15:33.136+0000] {processor.py:829} INFO - Processing file /home/airflow/.local/lib/python3.8/site-packages/airflow/example_dags/example_task_group.py for tasks to queue
[2023-09-29T18:15:33.139+0000] {logging_mixin.py:151} INFO - [2023-09-29T18:15:33.138+0000] {dagbag.py:539} INFO - Filling up the DagBag from /home/airflow/.local/lib/python3.8/site-packages/airflow/example_dags/example_task_group.py
[2023-09-29T18:15:33.145+0000] {processor.py:839} INFO - DAG(s) dict_keys(['example_task_group']) retrieved from /home/airflow/.local/lib/python3.8/site-packages/airflow/example_dags/example_task_group.py
[2023-09-29T18:15:33.163+0000] {logging_mixin.py:151} INFO - [2023-09-29T18:15:33.163+0000] {dag.py:2915} INFO - Sync 1 DAGs
[2023-09-29T18:15:33.179+0000] {logging_mixin.py:151} INFO - [2023-09-29T18:15:33.179+0000] {dag.py:3696} INFO - Setting next_dagrun for example_task_group to 2023-09-28T18:15:33.179494+00:00, run_after=2023-09-29T18:15:33.179494+00:00
[2023-09-29T18:15:33.193+0000] {processor.py:179} INFO - Processing /home/airflow/.local/lib/python3.8/site-packages/airflow/example_dags/example_task_group.py took 0.062 seconds
[2023-09-29T18:16:03.741+0000] {processor.py:157} INFO - Started process (PID=998) to work on /home/airflow/.local/lib/python3.8/site-packages/airflow/example_dags/example_task_group.py
[2023-09-29T18:16:03.743+0000] {processor.py:829} INFO - Processing file /home/airflow/.local/lib/python3.8/site-packages/airflow/example_dags/example_task_group.py for tasks to queue
[2023-09-29T18:16:03.747+0000] {logging_mixin.py:151} INFO - [2023-09-29T18:16:03.746+0000] {dagbag.py:539} INFO - Filling up the DagBag from /home/airflow/.local/lib/python3.8/site-packages/airflow/example_dags/example_task_group.py
[2023-09-29T18:16:03.755+0000] {processor.py:839} INFO - DAG(s) dict_keys(['example_task_group']) retrieved from /home/airflow/.local/lib/python3.8/site-packages/airflow/example_dags/example_task_group.py
[2023-09-29T18:16:03.773+0000] {logging_mixin.py:151} INFO - [2023-09-29T18:16:03.773+0000] {dag.py:2915} INFO - Sync 1 DAGs
[2023-09-29T18:16:03.790+0000] {logging_mixin.py:151} INFO - [2023-09-29T18:16:03.790+0000] {dag.py:3696} INFO - Setting next_dagrun for example_task_group to 2023-09-28T18:16:03.789855+00:00, run_after=2023-09-29T18:16:03.789855+00:00
[2023-09-29T18:16:03.803+0000] {processor.py:179} INFO - Processing /home/airflow/.local/lib/python3.8/site-packages/airflow/example_dags/example_task_group.py took 0.067 seconds
[2023-09-29T18:16:34.094+0000] {processor.py:157} INFO - Started process (PID=1053) to work on /home/airflow/.local/lib/python3.8/site-packages/airflow/example_dags/example_task_group.py
[2023-09-29T18:16:34.095+0000] {processor.py:829} INFO - Processing file /home/airflow/.local/lib/python3.8/site-packages/airflow/example_dags/example_task_group.py for tasks to queue
[2023-09-29T18:16:34.099+0000] {logging_mixin.py:151} INFO - [2023-09-29T18:16:34.098+0000] {dagbag.py:539} INFO - Filling up the DagBag from /home/airflow/.local/lib/python3.8/site-packages/airflow/example_dags/example_task_group.py
[2023-09-29T18:16:34.107+0000] {processor.py:839} INFO - DAG(s) dict_keys(['example_task_group']) retrieved from /home/airflow/.local/lib/python3.8/site-packages/airflow/example_dags/example_task_group.py
[2023-09-29T18:16:34.127+0000] {logging_mixin.py:151} INFO - [2023-09-29T18:16:34.127+0000] {dag.py:2915} INFO - Sync 1 DAGs
[2023-09-29T18:16:34.145+0000] {logging_mixin.py:151} INFO - [2023-09-29T18:16:34.145+0000] {dag.py:3696} INFO - Setting next_dagrun for example_task_group to 2023-09-28T18:16:34.145227+00:00, run_after=2023-09-29T18:16:34.145227+00:00
[2023-09-29T18:16:34.159+0000] {processor.py:179} INFO - Processing /home/airflow/.local/lib/python3.8/site-packages/airflow/example_dags/example_task_group.py took 0.070 seconds
[2023-09-29T18:17:04.414+0000] {processor.py:157} INFO - Started process (PID=1109) to work on /home/airflow/.local/lib/python3.8/site-packages/airflow/example_dags/example_task_group.py
[2023-09-29T18:17:04.415+0000] {processor.py:829} INFO - Processing file /home/airflow/.local/lib/python3.8/site-packages/airflow/example_dags/example_task_group.py for tasks to queue
[2023-09-29T18:17:04.417+0000] {logging_mixin.py:151} INFO - [2023-09-29T18:17:04.417+0000] {dagbag.py:539} INFO - Filling up the DagBag from /home/airflow/.local/lib/python3.8/site-packages/airflow/example_dags/example_task_group.py
[2023-09-29T18:17:04.424+0000] {processor.py:839} INFO - DAG(s) dict_keys(['example_task_group']) retrieved from /home/airflow/.local/lib/python3.8/site-packages/airflow/example_dags/example_task_group.py
[2023-09-29T18:17:04.458+0000] {logging_mixin.py:151} INFO - [2023-09-29T18:17:04.458+0000] {dag.py:2915} INFO - Sync 1 DAGs
[2023-09-29T18:17:04.475+0000] {logging_mixin.py:151} INFO - [2023-09-29T18:17:04.475+0000] {dag.py:3696} INFO - Setting next_dagrun for example_task_group to 2023-09-28T18:17:04.475063+00:00, run_after=2023-09-29T18:17:04.475063+00:00
[2023-09-29T18:17:04.493+0000] {processor.py:179} INFO - Processing /home/airflow/.local/lib/python3.8/site-packages/airflow/example_dags/example_task_group.py took 0.082 seconds
[2023-09-29T18:17:34.578+0000] {processor.py:157} INFO - Started process (PID=1163) to work on /home/airflow/.local/lib/python3.8/site-packages/airflow/example_dags/example_task_group.py
[2023-09-29T18:17:34.580+0000] {processor.py:829} INFO - Processing file /home/airflow/.local/lib/python3.8/site-packages/airflow/example_dags/example_task_group.py for tasks to queue
[2023-09-29T18:17:34.582+0000] {logging_mixin.py:151} INFO - [2023-09-29T18:17:34.582+0000] {dagbag.py:539} INFO - Filling up the DagBag from /home/airflow/.local/lib/python3.8/site-packages/airflow/example_dags/example_task_group.py
[2023-09-29T18:17:34.588+0000] {processor.py:839} INFO - DAG(s) dict_keys(['example_task_group']) retrieved from /home/airflow/.local/lib/python3.8/site-packages/airflow/example_dags/example_task_group.py
[2023-09-29T18:17:34.617+0000] {logging_mixin.py:151} INFO - [2023-09-29T18:17:34.617+0000] {dag.py:2915} INFO - Sync 1 DAGs
[2023-09-29T18:17:34.639+0000] {logging_mixin.py:151} INFO - [2023-09-29T18:17:34.639+0000] {dag.py:3696} INFO - Setting next_dagrun for example_task_group to 2023-09-28T18:17:34.638833+00:00, run_after=2023-09-29T18:17:34.638833+00:00
[2023-09-29T18:17:34.653+0000] {processor.py:179} INFO - Processing /home/airflow/.local/lib/python3.8/site-packages/airflow/example_dags/example_task_group.py took 0.079 seconds
[2023-09-29T18:18:05.186+0000] {processor.py:157} INFO - Started process (PID=1218) to work on /home/airflow/.local/lib/python3.8/site-packages/airflow/example_dags/example_task_group.py
[2023-09-29T18:18:05.188+0000] {processor.py:829} INFO - Processing file /home/airflow/.local/lib/python3.8/site-packages/airflow/example_dags/example_task_group.py for tasks to queue
[2023-09-29T18:18:05.192+0000] {logging_mixin.py:151} INFO - [2023-09-29T18:18:05.192+0000] {dagbag.py:539} INFO - Filling up the DagBag from /home/airflow/.local/lib/python3.8/site-packages/airflow/example_dags/example_task_group.py
[2023-09-29T18:18:05.203+0000] {processor.py:839} INFO - DAG(s) dict_keys(['example_task_group']) retrieved from /home/airflow/.local/lib/python3.8/site-packages/airflow/example_dags/example_task_group.py
[2023-09-29T18:18:05.227+0000] {logging_mixin.py:151} INFO - [2023-09-29T18:18:05.227+0000] {dag.py:2915} INFO - Sync 1 DAGs
[2023-09-29T18:18:05.245+0000] {logging_mixin.py:151} INFO - [2023-09-29T18:18:05.245+0000] {dag.py:3696} INFO - Setting next_dagrun for example_task_group to 2023-09-28T18:18:05.245073+00:00, run_after=2023-09-29T18:18:05.245073+00:00
[2023-09-29T18:18:05.256+0000] {processor.py:179} INFO - Processing /home/airflow/.local/lib/python3.8/site-packages/airflow/example_dags/example_task_group.py took 0.074 seconds
[2023-09-29T18:18:35.622+0000] {processor.py:157} INFO - Started process (PID=1273) to work on /home/airflow/.local/lib/python3.8/site-packages/airflow/example_dags/example_task_group.py
[2023-09-29T18:18:35.623+0000] {processor.py:829} INFO - Processing file /home/airflow/.local/lib/python3.8/site-packages/airflow/example_dags/example_task_group.py for tasks to queue
[2023-09-29T18:18:35.625+0000] {logging_mixin.py:151} INFO - [2023-09-29T18:18:35.625+0000] {dagbag.py:539} INFO - Filling up the DagBag from /home/airflow/.local/lib/python3.8/site-packages/airflow/example_dags/example_task_group.py
[2023-09-29T18:18:35.631+0000] {processor.py:839} INFO - DAG(s) dict_keys(['example_task_group']) retrieved from /home/airflow/.local/lib/python3.8/site-packages/airflow/example_dags/example_task_group.py
[2023-09-29T18:18:35.649+0000] {logging_mixin.py:151} INFO - [2023-09-29T18:18:35.649+0000] {dag.py:2915} INFO - Sync 1 DAGs
[2023-09-29T18:18:35.672+0000] {logging_mixin.py:151} INFO - [2023-09-29T18:18:35.672+0000] {dag.py:3696} INFO - Setting next_dagrun for example_task_group to 2023-09-28T18:18:35.672299+00:00, run_after=2023-09-29T18:18:35.672299+00:00
[2023-09-29T18:18:35.684+0000] {processor.py:179} INFO - Processing /home/airflow/.local/lib/python3.8/site-packages/airflow/example_dags/example_task_group.py took 0.066 seconds
[2023-09-29T18:19:06.289+0000] {processor.py:157} INFO - Started process (PID=1328) to work on /home/airflow/.local/lib/python3.8/site-packages/airflow/example_dags/example_task_group.py
[2023-09-29T18:19:06.290+0000] {processor.py:829} INFO - Processing file /home/airflow/.local/lib/python3.8/site-packages/airflow/example_dags/example_task_group.py for tasks to queue
[2023-09-29T18:19:06.292+0000] {logging_mixin.py:151} INFO - [2023-09-29T18:19:06.292+0000] {dagbag.py:539} INFO - Filling up the DagBag from /home/airflow/.local/lib/python3.8/site-packages/airflow/example_dags/example_task_group.py
[2023-09-29T18:19:06.300+0000] {processor.py:839} INFO - DAG(s) dict_keys(['example_task_group']) retrieved from /home/airflow/.local/lib/python3.8/site-packages/airflow/example_dags/example_task_group.py
[2023-09-29T18:19:06.320+0000] {logging_mixin.py:151} INFO - [2023-09-29T18:19:06.320+0000] {dag.py:2915} INFO - Sync 1 DAGs
[2023-09-29T18:19:06.340+0000] {logging_mixin.py:151} INFO - [2023-09-29T18:19:06.339+0000] {dag.py:3696} INFO - Setting next_dagrun for example_task_group to 2023-09-28T18:19:06.339733+00:00, run_after=2023-09-29T18:19:06.339733+00:00
[2023-09-29T18:19:06.356+0000] {processor.py:179} INFO - Processing /home/airflow/.local/lib/python3.8/site-packages/airflow/example_dags/example_task_group.py took 0.071 seconds
[2023-09-29T18:19:36.887+0000] {processor.py:157} INFO - Started process (PID=1383) to work on /home/airflow/.local/lib/python3.8/site-packages/airflow/example_dags/example_task_group.py
[2023-09-29T18:19:36.889+0000] {processor.py:829} INFO - Processing file /home/airflow/.local/lib/python3.8/site-packages/airflow/example_dags/example_task_group.py for tasks to queue
[2023-09-29T18:19:36.890+0000] {logging_mixin.py:151} INFO - [2023-09-29T18:19:36.890+0000] {dagbag.py:539} INFO - Filling up the DagBag from /home/airflow/.local/lib/python3.8/site-packages/airflow/example_dags/example_task_group.py
[2023-09-29T18:19:36.897+0000] {processor.py:839} INFO - DAG(s) dict_keys(['example_task_group']) retrieved from /home/airflow/.local/lib/python3.8/site-packages/airflow/example_dags/example_task_group.py
[2023-09-29T18:19:36.939+0000] {logging_mixin.py:151} INFO - [2023-09-29T18:19:36.938+0000] {dag.py:2915} INFO - Sync 1 DAGs
[2023-09-29T18:19:36.964+0000] {logging_mixin.py:151} INFO - [2023-09-29T18:19:36.964+0000] {dag.py:3696} INFO - Setting next_dagrun for example_task_group to 2023-09-28T18:19:36.964445+00:00, run_after=2023-09-29T18:19:36.964445+00:00
[2023-09-29T18:19:36.977+0000] {processor.py:179} INFO - Processing /home/airflow/.local/lib/python3.8/site-packages/airflow/example_dags/example_task_group.py took 0.093 seconds
[2023-09-29T18:20:07.479+0000] {processor.py:157} INFO - Started process (PID=1438) to work on /home/airflow/.local/lib/python3.8/site-packages/airflow/example_dags/example_task_group.py
[2023-09-29T18:20:07.480+0000] {processor.py:829} INFO - Processing file /home/airflow/.local/lib/python3.8/site-packages/airflow/example_dags/example_task_group.py for tasks to queue
[2023-09-29T18:20:07.482+0000] {logging_mixin.py:151} INFO - [2023-09-29T18:20:07.481+0000] {dagbag.py:539} INFO - Filling up the DagBag from /home/airflow/.local/lib/python3.8/site-packages/airflow/example_dags/example_task_group.py
[2023-09-29T18:20:07.488+0000] {processor.py:839} INFO - DAG(s) dict_keys(['example_task_group']) retrieved from /home/airflow/.local/lib/python3.8/site-packages/airflow/example_dags/example_task_group.py
[2023-09-29T18:20:07.508+0000] {logging_mixin.py:151} INFO - [2023-09-29T18:20:07.508+0000] {dag.py:2915} INFO - Sync 1 DAGs
[2023-09-29T18:20:07.525+0000] {logging_mixin.py:151} INFO - [2023-09-29T18:20:07.524+0000] {dag.py:3696} INFO - Setting next_dagrun for example_task_group to 2023-09-28T18:20:07.524694+00:00, run_after=2023-09-29T18:20:07.524694+00:00
[2023-09-29T18:20:07.540+0000] {processor.py:179} INFO - Processing /home/airflow/.local/lib/python3.8/site-packages/airflow/example_dags/example_task_group.py took 0.065 seconds
[2023-09-29T18:20:37.935+0000] {processor.py:157} INFO - Started process (PID=1494) to work on /home/airflow/.local/lib/python3.8/site-packages/airflow/example_dags/example_task_group.py
[2023-09-29T18:20:37.937+0000] {processor.py:829} INFO - Processing file /home/airflow/.local/lib/python3.8/site-packages/airflow/example_dags/example_task_group.py for tasks to queue
[2023-09-29T18:20:37.939+0000] {logging_mixin.py:151} INFO - [2023-09-29T18:20:37.938+0000] {dagbag.py:539} INFO - Filling up the DagBag from /home/airflow/.local/lib/python3.8/site-packages/airflow/example_dags/example_task_group.py
[2023-09-29T18:20:37.946+0000] {processor.py:839} INFO - DAG(s) dict_keys(['example_task_group']) retrieved from /home/airflow/.local/lib/python3.8/site-packages/airflow/example_dags/example_task_group.py
[2023-09-29T18:20:37.967+0000] {logging_mixin.py:151} INFO - [2023-09-29T18:20:37.967+0000] {dag.py:2915} INFO - Sync 1 DAGs
[2023-09-29T18:20:37.983+0000] {logging_mixin.py:151} INFO - [2023-09-29T18:20:37.983+0000] {dag.py:3696} INFO - Setting next_dagrun for example_task_group to 2023-09-28T18:20:37.983578+00:00, run_after=2023-09-29T18:20:37.983578+00:00
[2023-09-29T18:20:37.997+0000] {processor.py:179} INFO - Processing /home/airflow/.local/lib/python3.8/site-packages/airflow/example_dags/example_task_group.py took 0.065 seconds
[2023-09-29T18:21:08.225+0000] {processor.py:157} INFO - Started process (PID=1549) to work on /home/airflow/.local/lib/python3.8/site-packages/airflow/example_dags/example_task_group.py
[2023-09-29T18:21:08.227+0000] {processor.py:829} INFO - Processing file /home/airflow/.local/lib/python3.8/site-packages/airflow/example_dags/example_task_group.py for tasks to queue
[2023-09-29T18:21:08.229+0000] {logging_mixin.py:151} INFO - [2023-09-29T18:21:08.229+0000] {dagbag.py:539} INFO - Filling up the DagBag from /home/airflow/.local/lib/python3.8/site-packages/airflow/example_dags/example_task_group.py
[2023-09-29T18:21:08.238+0000] {processor.py:839} INFO - DAG(s) dict_keys(['example_task_group']) retrieved from /home/airflow/.local/lib/python3.8/site-packages/airflow/example_dags/example_task_group.py
[2023-09-29T18:21:08.261+0000] {logging_mixin.py:151} INFO - [2023-09-29T18:21:08.261+0000] {dag.py:2915} INFO - Sync 1 DAGs
[2023-09-29T18:21:08.282+0000] {logging_mixin.py:151} INFO - [2023-09-29T18:21:08.282+0000] {dag.py:3696} INFO - Setting next_dagrun for example_task_group to 2023-09-28T18:21:08.282468+00:00, run_after=2023-09-29T18:21:08.282468+00:00
[2023-09-29T18:21:08.295+0000] {processor.py:179} INFO - Processing /home/airflow/.local/lib/python3.8/site-packages/airflow/example_dags/example_task_group.py took 0.074 seconds
[2023-09-29T18:21:38.421+0000] {processor.py:157} INFO - Started process (PID=1605) to work on /home/airflow/.local/lib/python3.8/site-packages/airflow/example_dags/example_task_group.py
[2023-09-29T18:21:38.422+0000] {processor.py:829} INFO - Processing file /home/airflow/.local/lib/python3.8/site-packages/airflow/example_dags/example_task_group.py for tasks to queue
[2023-09-29T18:21:38.424+0000] {logging_mixin.py:151} INFO - [2023-09-29T18:21:38.424+0000] {dagbag.py:539} INFO - Filling up the DagBag from /home/airflow/.local/lib/python3.8/site-packages/airflow/example_dags/example_task_group.py
[2023-09-29T18:21:38.433+0000] {processor.py:839} INFO - DAG(s) dict_keys(['example_task_group']) retrieved from /home/airflow/.local/lib/python3.8/site-packages/airflow/example_dags/example_task_group.py
[2023-09-29T18:21:38.459+0000] {logging_mixin.py:151} INFO - [2023-09-29T18:21:38.459+0000] {dag.py:2915} INFO - Sync 1 DAGs
[2023-09-29T18:21:38.482+0000] {logging_mixin.py:151} INFO - [2023-09-29T18:21:38.481+0000] {dag.py:3696} INFO - Setting next_dagrun for example_task_group to 2023-09-28T18:21:38.481574+00:00, run_after=2023-09-29T18:21:38.481574+00:00
[2023-09-29T18:21:38.506+0000] {processor.py:179} INFO - Processing /home/airflow/.local/lib/python3.8/site-packages/airflow/example_dags/example_task_group.py took 0.089 seconds
[2023-09-29T18:22:09.344+0000] {processor.py:157} INFO - Started process (PID=1660) to work on /home/airflow/.local/lib/python3.8/site-packages/airflow/example_dags/example_task_group.py
[2023-09-29T18:22:09.346+0000] {processor.py:829} INFO - Processing file /home/airflow/.local/lib/python3.8/site-packages/airflow/example_dags/example_task_group.py for tasks to queue
[2023-09-29T18:22:09.351+0000] {logging_mixin.py:151} INFO - [2023-09-29T18:22:09.350+0000] {dagbag.py:539} INFO - Filling up the DagBag from /home/airflow/.local/lib/python3.8/site-packages/airflow/example_dags/example_task_group.py
[2023-09-29T18:22:09.363+0000] {processor.py:839} INFO - DAG(s) dict_keys(['example_task_group']) retrieved from /home/airflow/.local/lib/python3.8/site-packages/airflow/example_dags/example_task_group.py
[2023-09-29T18:22:09.387+0000] {logging_mixin.py:151} INFO - [2023-09-29T18:22:09.387+0000] {dag.py:2915} INFO - Sync 1 DAGs
[2023-09-29T18:22:09.416+0000] {logging_mixin.py:151} INFO - [2023-09-29T18:22:09.416+0000] {dag.py:3696} INFO - Setting next_dagrun for example_task_group to 2023-09-28T18:22:09.415763+00:00, run_after=2023-09-29T18:22:09.415763+00:00
[2023-09-29T18:22:09.429+0000] {processor.py:179} INFO - Processing /home/airflow/.local/lib/python3.8/site-packages/airflow/example_dags/example_task_group.py took 0.095 seconds
[2023-09-29T18:22:39.670+0000] {processor.py:157} INFO - Started process (PID=1715) to work on /home/airflow/.local/lib/python3.8/site-packages/airflow/example_dags/example_task_group.py
[2023-09-29T18:22:39.671+0000] {processor.py:829} INFO - Processing file /home/airflow/.local/lib/python3.8/site-packages/airflow/example_dags/example_task_group.py for tasks to queue
[2023-09-29T18:22:39.673+0000] {logging_mixin.py:151} INFO - [2023-09-29T18:22:39.673+0000] {dagbag.py:539} INFO - Filling up the DagBag from /home/airflow/.local/lib/python3.8/site-packages/airflow/example_dags/example_task_group.py
[2023-09-29T18:22:39.680+0000] {processor.py:839} INFO - DAG(s) dict_keys(['example_task_group']) retrieved from /home/airflow/.local/lib/python3.8/site-packages/airflow/example_dags/example_task_group.py
[2023-09-29T18:22:39.697+0000] {logging_mixin.py:151} INFO - [2023-09-29T18:22:39.697+0000] {dag.py:2915} INFO - Sync 1 DAGs
[2023-09-29T18:22:39.713+0000] {logging_mixin.py:151} INFO - [2023-09-29T18:22:39.713+0000] {dag.py:3696} INFO - Setting next_dagrun for example_task_group to 2023-09-28T18:22:39.713658+00:00, run_after=2023-09-29T18:22:39.713658+00:00
[2023-09-29T18:22:39.724+0000] {processor.py:179} INFO - Processing /home/airflow/.local/lib/python3.8/site-packages/airflow/example_dags/example_task_group.py took 0.058 seconds
[2023-09-29T18:23:10.702+0000] {processor.py:157} INFO - Started process (PID=1771) to work on /home/airflow/.local/lib/python3.8/site-packages/airflow/example_dags/example_task_group.py
[2023-09-29T18:23:10.703+0000] {processor.py:829} INFO - Processing file /home/airflow/.local/lib/python3.8/site-packages/airflow/example_dags/example_task_group.py for tasks to queue
[2023-09-29T18:23:10.705+0000] {logging_mixin.py:151} INFO - [2023-09-29T18:23:10.705+0000] {dagbag.py:539} INFO - Filling up the DagBag from /home/airflow/.local/lib/python3.8/site-packages/airflow/example_dags/example_task_group.py
[2023-09-29T18:23:10.712+0000] {processor.py:839} INFO - DAG(s) dict_keys(['example_task_group']) retrieved from /home/airflow/.local/lib/python3.8/site-packages/airflow/example_dags/example_task_group.py
[2023-09-29T18:23:10.730+0000] {logging_mixin.py:151} INFO - [2023-09-29T18:23:10.730+0000] {dag.py:2915} INFO - Sync 1 DAGs
[2023-09-29T18:23:10.745+0000] {logging_mixin.py:151} INFO - [2023-09-29T18:23:10.745+0000] {dag.py:3696} INFO - Setting next_dagrun for example_task_group to 2023-09-28T18:23:10.745522+00:00, run_after=2023-09-29T18:23:10.745522+00:00
[2023-09-29T18:23:10.757+0000] {processor.py:179} INFO - Processing /home/airflow/.local/lib/python3.8/site-packages/airflow/example_dags/example_task_group.py took 0.059 seconds
[2023-09-29T18:23:41.064+0000] {processor.py:157} INFO - Started process (PID=1826) to work on /home/airflow/.local/lib/python3.8/site-packages/airflow/example_dags/example_task_group.py
[2023-09-29T18:23:41.066+0000] {processor.py:829} INFO - Processing file /home/airflow/.local/lib/python3.8/site-packages/airflow/example_dags/example_task_group.py for tasks to queue
[2023-09-29T18:23:41.068+0000] {logging_mixin.py:151} INFO - [2023-09-29T18:23:41.067+0000] {dagbag.py:539} INFO - Filling up the DagBag from /home/airflow/.local/lib/python3.8/site-packages/airflow/example_dags/example_task_group.py
[2023-09-29T18:23:41.074+0000] {processor.py:839} INFO - DAG(s) dict_keys(['example_task_group']) retrieved from /home/airflow/.local/lib/python3.8/site-packages/airflow/example_dags/example_task_group.py
[2023-09-29T18:23:41.093+0000] {logging_mixin.py:151} INFO - [2023-09-29T18:23:41.093+0000] {dag.py:2915} INFO - Sync 1 DAGs
[2023-09-29T18:23:41.108+0000] {logging_mixin.py:151} INFO - [2023-09-29T18:23:41.108+0000] {dag.py:3696} INFO - Setting next_dagrun for example_task_group to 2023-09-28T18:23:41.108291+00:00, run_after=2023-09-29T18:23:41.108291+00:00
[2023-09-29T18:23:41.120+0000] {processor.py:179} INFO - Processing /home/airflow/.local/lib/python3.8/site-packages/airflow/example_dags/example_task_group.py took 0.061 seconds
[2023-09-29T18:24:11.286+0000] {processor.py:157} INFO - Started process (PID=1881) to work on /home/airflow/.local/lib/python3.8/site-packages/airflow/example_dags/example_task_group.py
[2023-09-29T18:24:11.287+0000] {processor.py:829} INFO - Processing file /home/airflow/.local/lib/python3.8/site-packages/airflow/example_dags/example_task_group.py for tasks to queue
[2023-09-29T18:24:11.289+0000] {logging_mixin.py:151} INFO - [2023-09-29T18:24:11.288+0000] {dagbag.py:539} INFO - Filling up the DagBag from /home/airflow/.local/lib/python3.8/site-packages/airflow/example_dags/example_task_group.py
[2023-09-29T18:24:11.295+0000] {processor.py:839} INFO - DAG(s) dict_keys(['example_task_group']) retrieved from /home/airflow/.local/lib/python3.8/site-packages/airflow/example_dags/example_task_group.py
[2023-09-29T18:24:11.316+0000] {logging_mixin.py:151} INFO - [2023-09-29T18:24:11.316+0000] {dag.py:2915} INFO - Sync 1 DAGs
[2023-09-29T18:24:11.341+0000] {logging_mixin.py:151} INFO - [2023-09-29T18:24:11.341+0000] {dag.py:3696} INFO - Setting next_dagrun for example_task_group to 2023-09-28T18:24:11.340775+00:00, run_after=2023-09-29T18:24:11.340775+00:00
[2023-09-29T18:24:11.356+0000] {processor.py:179} INFO - Processing /home/airflow/.local/lib/python3.8/site-packages/airflow/example_dags/example_task_group.py took 0.074 seconds
[2023-09-29T18:24:41.519+0000] {processor.py:157} INFO - Started process (PID=1936) to work on /home/airflow/.local/lib/python3.8/site-packages/airflow/example_dags/example_task_group.py
[2023-09-29T18:24:41.520+0000] {processor.py:829} INFO - Processing file /home/airflow/.local/lib/python3.8/site-packages/airflow/example_dags/example_task_group.py for tasks to queue
[2023-09-29T18:24:41.522+0000] {logging_mixin.py:151} INFO - [2023-09-29T18:24:41.522+0000] {dagbag.py:539} INFO - Filling up the DagBag from /home/airflow/.local/lib/python3.8/site-packages/airflow/example_dags/example_task_group.py
[2023-09-29T18:24:41.529+0000] {processor.py:839} INFO - DAG(s) dict_keys(['example_task_group']) retrieved from /home/airflow/.local/lib/python3.8/site-packages/airflow/example_dags/example_task_group.py
[2023-09-29T18:24:41.575+0000] {logging_mixin.py:151} INFO - [2023-09-29T18:24:41.575+0000] {dag.py:2915} INFO - Sync 1 DAGs
[2023-09-29T18:24:41.618+0000] {logging_mixin.py:151} INFO - [2023-09-29T18:24:41.617+0000] {dag.py:3696} INFO - Setting next_dagrun for example_task_group to 2023-09-28T18:24:41.617222+00:00, run_after=2023-09-29T18:24:41.617222+00:00
[2023-09-29T18:24:41.656+0000] {processor.py:179} INFO - Processing /home/airflow/.local/lib/python3.8/site-packages/airflow/example_dags/example_task_group.py took 0.141 seconds
[2023-09-29T18:25:11.730+0000] {processor.py:157} INFO - Started process (PID=1991) to work on /home/airflow/.local/lib/python3.8/site-packages/airflow/example_dags/example_task_group.py
[2023-09-29T18:25:11.731+0000] {processor.py:829} INFO - Processing file /home/airflow/.local/lib/python3.8/site-packages/airflow/example_dags/example_task_group.py for tasks to queue
[2023-09-29T18:25:11.733+0000] {logging_mixin.py:151} INFO - [2023-09-29T18:25:11.733+0000] {dagbag.py:539} INFO - Filling up the DagBag from /home/airflow/.local/lib/python3.8/site-packages/airflow/example_dags/example_task_group.py
[2023-09-29T18:25:11.740+0000] {processor.py:839} INFO - DAG(s) dict_keys(['example_task_group']) retrieved from /home/airflow/.local/lib/python3.8/site-packages/airflow/example_dags/example_task_group.py
[2023-09-29T18:25:11.761+0000] {logging_mixin.py:151} INFO - [2023-09-29T18:25:11.761+0000] {dag.py:2915} INFO - Sync 1 DAGs
[2023-09-29T18:25:11.787+0000] {logging_mixin.py:151} INFO - [2023-09-29T18:25:11.787+0000] {dag.py:3696} INFO - Setting next_dagrun for example_task_group to 2023-09-28T18:25:11.787030+00:00, run_after=2023-09-29T18:25:11.787030+00:00
[2023-09-29T18:25:11.802+0000] {processor.py:179} INFO - Processing /home/airflow/.local/lib/python3.8/site-packages/airflow/example_dags/example_task_group.py took 0.076 seconds
