[2023-09-29T18:07:13.207+0000] {processor.py:157} INFO - Started process (PID=47) to work on /home/airflow/.local/lib/python3.8/site-packages/airflow/example_dags/example_datasets.py
[2023-09-29T18:07:13.209+0000] {processor.py:829} INFO - Processing file /home/airflow/.local/lib/python3.8/site-packages/airflow/example_dags/example_datasets.py for tasks to queue
[2023-09-29T18:07:13.216+0000] {logging_mixin.py:151} INFO - [2023-09-29T18:07:13.216+0000] {dagbag.py:539} INFO - Filling up the DagBag from /home/airflow/.local/lib/python3.8/site-packages/airflow/example_dags/example_datasets.py
[2023-09-29T18:07:13.240+0000] {processor.py:839} INFO - DAG(s) dict_keys(['dataset_consumes_unknown_never_scheduled', 'dataset_produces_2', 'dataset_consumes_1_and_2', 'dataset_produces_1', 'dataset_consumes_1_never_scheduled', 'dataset_consumes_1']) retrieved from /home/airflow/.local/lib/python3.8/site-packages/airflow/example_dags/example_datasets.py
[2023-09-29T18:07:13.262+0000] {logging_mixin.py:151} INFO - [2023-09-29T18:07:13.262+0000] {dag.py:2915} INFO - Sync 6 DAGs
[2023-09-29T18:07:13.307+0000] {logging_mixin.py:151} INFO - [2023-09-29T18:07:13.307+0000] {dag.py:3696} INFO - Setting next_dagrun for dataset_consumes_1 to None, run_after=None
[2023-09-29T18:07:13.312+0000] {logging_mixin.py:151} INFO - [2023-09-29T18:07:13.312+0000] {dag.py:3696} INFO - Setting next_dagrun for dataset_consumes_1_and_2 to None, run_after=None
[2023-09-29T18:07:13.315+0000] {logging_mixin.py:151} INFO - [2023-09-29T18:07:13.315+0000] {dag.py:3696} INFO - Setting next_dagrun for dataset_consumes_1_never_scheduled to None, run_after=None
[2023-09-29T18:07:13.319+0000] {logging_mixin.py:151} INFO - [2023-09-29T18:07:13.319+0000] {dag.py:3696} INFO - Setting next_dagrun for dataset_consumes_unknown_never_scheduled to None, run_after=None
[2023-09-29T18:07:13.325+0000] {logging_mixin.py:151} INFO - [2023-09-29T18:07:13.325+0000] {dag.py:3696} INFO - Setting next_dagrun for dataset_produces_1 to 2023-09-28T00:00:00+00:00, run_after=2023-09-29T00:00:00+00:00
[2023-09-29T18:07:13.326+0000] {logging_mixin.py:151} INFO - [2023-09-29T18:07:13.326+0000] {dag.py:3696} INFO - Setting next_dagrun for dataset_produces_2 to None, run_after=None
[2023-09-29T18:07:13.368+0000] {processor.py:179} INFO - Processing /home/airflow/.local/lib/python3.8/site-packages/airflow/example_dags/example_datasets.py took 0.172 seconds
[2023-09-29T18:07:46.528+0000] {processor.py:157} INFO - Started process (PID=101) to work on /home/airflow/.local/lib/python3.8/site-packages/airflow/example_dags/example_datasets.py
[2023-09-29T18:07:46.532+0000] {processor.py:829} INFO - Processing file /home/airflow/.local/lib/python3.8/site-packages/airflow/example_dags/example_datasets.py for tasks to queue
[2023-09-29T18:07:46.541+0000] {logging_mixin.py:151} INFO - [2023-09-29T18:07:46.541+0000] {dagbag.py:539} INFO - Filling up the DagBag from /home/airflow/.local/lib/python3.8/site-packages/airflow/example_dags/example_datasets.py
[2023-09-29T18:07:46.560+0000] {processor.py:839} INFO - DAG(s) dict_keys(['dataset_consumes_1_and_2', 'dataset_consumes_1', 'dataset_produces_2', 'dataset_produces_1', 'dataset_consumes_1_never_scheduled', 'dataset_consumes_unknown_never_scheduled']) retrieved from /home/airflow/.local/lib/python3.8/site-packages/airflow/example_dags/example_datasets.py
[2023-09-29T18:07:46.874+0000] {logging_mixin.py:151} INFO - [2023-09-29T18:07:46.869+0000] {dag.py:2915} INFO - Sync 6 DAGs
[2023-09-29T18:07:46.990+0000] {logging_mixin.py:151} INFO - [2023-09-29T18:07:46.989+0000] {dag.py:3696} INFO - Setting next_dagrun for dataset_consumes_1 to None, run_after=None
[2023-09-29T18:07:46.998+0000] {logging_mixin.py:151} INFO - [2023-09-29T18:07:46.998+0000] {dag.py:3696} INFO - Setting next_dagrun for dataset_consumes_1_and_2 to None, run_after=None
[2023-09-29T18:07:47.001+0000] {logging_mixin.py:151} INFO - [2023-09-29T18:07:47.001+0000] {dag.py:3696} INFO - Setting next_dagrun for dataset_consumes_1_never_scheduled to None, run_after=None
[2023-09-29T18:07:47.005+0000] {logging_mixin.py:151} INFO - [2023-09-29T18:07:47.005+0000] {dag.py:3696} INFO - Setting next_dagrun for dataset_consumes_unknown_never_scheduled to None, run_after=None
[2023-09-29T18:07:47.010+0000] {logging_mixin.py:151} INFO - [2023-09-29T18:07:47.010+0000] {dag.py:3696} INFO - Setting next_dagrun for dataset_produces_1 to 2023-09-28T00:00:00+00:00, run_after=2023-09-29T00:00:00+00:00
[2023-09-29T18:07:47.015+0000] {logging_mixin.py:151} INFO - [2023-09-29T18:07:47.014+0000] {dag.py:3696} INFO - Setting next_dagrun for dataset_produces_2 to None, run_after=None
[2023-09-29T18:07:47.063+0000] {processor.py:179} INFO - Processing /home/airflow/.local/lib/python3.8/site-packages/airflow/example_dags/example_datasets.py took 0.543 seconds
[2023-09-29T18:08:17.670+0000] {processor.py:157} INFO - Started process (PID=155) to work on /home/airflow/.local/lib/python3.8/site-packages/airflow/example_dags/example_datasets.py
[2023-09-29T18:08:17.671+0000] {processor.py:829} INFO - Processing file /home/airflow/.local/lib/python3.8/site-packages/airflow/example_dags/example_datasets.py for tasks to queue
[2023-09-29T18:08:17.673+0000] {logging_mixin.py:151} INFO - [2023-09-29T18:08:17.673+0000] {dagbag.py:539} INFO - Filling up the DagBag from /home/airflow/.local/lib/python3.8/site-packages/airflow/example_dags/example_datasets.py
[2023-09-29T18:08:17.684+0000] {processor.py:839} INFO - DAG(s) dict_keys(['dataset_produces_1', 'dataset_consumes_1_and_2', 'dataset_consumes_1_never_scheduled', 'dataset_consumes_unknown_never_scheduled', 'dataset_produces_2', 'dataset_consumes_1']) retrieved from /home/airflow/.local/lib/python3.8/site-packages/airflow/example_dags/example_datasets.py
[2023-09-29T18:08:17.720+0000] {logging_mixin.py:151} INFO - [2023-09-29T18:08:17.720+0000] {dag.py:2915} INFO - Sync 6 DAGs
[2023-09-29T18:08:17.747+0000] {logging_mixin.py:151} INFO - [2023-09-29T18:08:17.746+0000] {dag.py:3696} INFO - Setting next_dagrun for dataset_consumes_1 to None, run_after=None
[2023-09-29T18:08:17.750+0000] {logging_mixin.py:151} INFO - [2023-09-29T18:08:17.750+0000] {dag.py:3696} INFO - Setting next_dagrun for dataset_consumes_1_and_2 to None, run_after=None
[2023-09-29T18:08:17.752+0000] {logging_mixin.py:151} INFO - [2023-09-29T18:08:17.752+0000] {dag.py:3696} INFO - Setting next_dagrun for dataset_consumes_1_never_scheduled to None, run_after=None
[2023-09-29T18:08:17.754+0000] {logging_mixin.py:151} INFO - [2023-09-29T18:08:17.754+0000] {dag.py:3696} INFO - Setting next_dagrun for dataset_consumes_unknown_never_scheduled to None, run_after=None
[2023-09-29T18:08:17.756+0000] {logging_mixin.py:151} INFO - [2023-09-29T18:08:17.756+0000] {dag.py:3696} INFO - Setting next_dagrun for dataset_produces_1 to 2023-09-28T00:00:00+00:00, run_after=2023-09-29T00:00:00+00:00
[2023-09-29T18:08:17.757+0000] {logging_mixin.py:151} INFO - [2023-09-29T18:08:17.757+0000] {dag.py:3696} INFO - Setting next_dagrun for dataset_produces_2 to None, run_after=None
[2023-09-29T18:08:17.790+0000] {processor.py:179} INFO - Processing /home/airflow/.local/lib/python3.8/site-packages/airflow/example_dags/example_datasets.py took 0.124 seconds
[2023-09-29T18:08:48.336+0000] {processor.py:157} INFO - Started process (PID=210) to work on /home/airflow/.local/lib/python3.8/site-packages/airflow/example_dags/example_datasets.py
[2023-09-29T18:08:48.337+0000] {processor.py:829} INFO - Processing file /home/airflow/.local/lib/python3.8/site-packages/airflow/example_dags/example_datasets.py for tasks to queue
[2023-09-29T18:08:48.339+0000] {logging_mixin.py:151} INFO - [2023-09-29T18:08:48.339+0000] {dagbag.py:539} INFO - Filling up the DagBag from /home/airflow/.local/lib/python3.8/site-packages/airflow/example_dags/example_datasets.py
[2023-09-29T18:08:48.349+0000] {processor.py:839} INFO - DAG(s) dict_keys(['dataset_consumes_1_and_2', 'dataset_consumes_unknown_never_scheduled', 'dataset_consumes_1', 'dataset_consumes_1_never_scheduled', 'dataset_produces_1', 'dataset_produces_2']) retrieved from /home/airflow/.local/lib/python3.8/site-packages/airflow/example_dags/example_datasets.py
[2023-09-29T18:08:48.396+0000] {logging_mixin.py:151} INFO - [2023-09-29T18:08:48.396+0000] {dag.py:2915} INFO - Sync 6 DAGs
[2023-09-29T18:08:48.413+0000] {logging_mixin.py:151} INFO - [2023-09-29T18:08:48.413+0000] {dag.py:3696} INFO - Setting next_dagrun for dataset_consumes_1 to None, run_after=None
[2023-09-29T18:08:48.418+0000] {logging_mixin.py:151} INFO - [2023-09-29T18:08:48.418+0000] {dag.py:3696} INFO - Setting next_dagrun for dataset_consumes_1_and_2 to None, run_after=None
[2023-09-29T18:08:48.419+0000] {logging_mixin.py:151} INFO - [2023-09-29T18:08:48.419+0000] {dag.py:3696} INFO - Setting next_dagrun for dataset_consumes_1_never_scheduled to None, run_after=None
[2023-09-29T18:08:48.420+0000] {logging_mixin.py:151} INFO - [2023-09-29T18:08:48.420+0000] {dag.py:3696} INFO - Setting next_dagrun for dataset_consumes_unknown_never_scheduled to None, run_after=None
[2023-09-29T18:08:48.422+0000] {logging_mixin.py:151} INFO - [2023-09-29T18:08:48.422+0000] {dag.py:3696} INFO - Setting next_dagrun for dataset_produces_1 to 2023-09-28T00:00:00+00:00, run_after=2023-09-29T00:00:00+00:00
[2023-09-29T18:08:48.423+0000] {logging_mixin.py:151} INFO - [2023-09-29T18:08:48.423+0000] {dag.py:3696} INFO - Setting next_dagrun for dataset_produces_2 to None, run_after=None
[2023-09-29T18:08:48.445+0000] {processor.py:179} INFO - Processing /home/airflow/.local/lib/python3.8/site-packages/airflow/example_dags/example_datasets.py took 0.113 seconds
[2023-09-29T18:09:18.921+0000] {processor.py:157} INFO - Started process (PID=265) to work on /home/airflow/.local/lib/python3.8/site-packages/airflow/example_dags/example_datasets.py
[2023-09-29T18:09:18.922+0000] {processor.py:829} INFO - Processing file /home/airflow/.local/lib/python3.8/site-packages/airflow/example_dags/example_datasets.py for tasks to queue
[2023-09-29T18:09:18.924+0000] {logging_mixin.py:151} INFO - [2023-09-29T18:09:18.924+0000] {dagbag.py:539} INFO - Filling up the DagBag from /home/airflow/.local/lib/python3.8/site-packages/airflow/example_dags/example_datasets.py
[2023-09-29T18:09:18.932+0000] {processor.py:839} INFO - DAG(s) dict_keys(['dataset_consumes_unknown_never_scheduled', 'dataset_consumes_1_never_scheduled', 'dataset_produces_1', 'dataset_produces_2', 'dataset_consumes_1_and_2', 'dataset_consumes_1']) retrieved from /home/airflow/.local/lib/python3.8/site-packages/airflow/example_dags/example_datasets.py
[2023-09-29T18:09:18.960+0000] {logging_mixin.py:151} INFO - [2023-09-29T18:09:18.959+0000] {dag.py:2915} INFO - Sync 6 DAGs
[2023-09-29T18:09:18.976+0000] {logging_mixin.py:151} INFO - [2023-09-29T18:09:18.976+0000] {dag.py:3696} INFO - Setting next_dagrun for dataset_consumes_1 to None, run_after=None
[2023-09-29T18:09:18.979+0000] {logging_mixin.py:151} INFO - [2023-09-29T18:09:18.979+0000] {dag.py:3696} INFO - Setting next_dagrun for dataset_consumes_1_and_2 to None, run_after=None
[2023-09-29T18:09:18.980+0000] {logging_mixin.py:151} INFO - [2023-09-29T18:09:18.980+0000] {dag.py:3696} INFO - Setting next_dagrun for dataset_consumes_1_never_scheduled to None, run_after=None
[2023-09-29T18:09:18.980+0000] {logging_mixin.py:151} INFO - [2023-09-29T18:09:18.980+0000] {dag.py:3696} INFO - Setting next_dagrun for dataset_consumes_unknown_never_scheduled to None, run_after=None
[2023-09-29T18:09:18.983+0000] {logging_mixin.py:151} INFO - [2023-09-29T18:09:18.982+0000] {dag.py:3696} INFO - Setting next_dagrun for dataset_produces_1 to 2023-09-28T00:00:00+00:00, run_after=2023-09-29T00:00:00+00:00
[2023-09-29T18:09:18.983+0000] {logging_mixin.py:151} INFO - [2023-09-29T18:09:18.983+0000] {dag.py:3696} INFO - Setting next_dagrun for dataset_produces_2 to None, run_after=None
[2023-09-29T18:09:19.011+0000] {processor.py:179} INFO - Processing /home/airflow/.local/lib/python3.8/site-packages/airflow/example_dags/example_datasets.py took 0.095 seconds
[2023-09-29T18:09:49.393+0000] {processor.py:157} INFO - Started process (PID=320) to work on /home/airflow/.local/lib/python3.8/site-packages/airflow/example_dags/example_datasets.py
[2023-09-29T18:09:49.395+0000] {processor.py:829} INFO - Processing file /home/airflow/.local/lib/python3.8/site-packages/airflow/example_dags/example_datasets.py for tasks to queue
[2023-09-29T18:09:49.397+0000] {logging_mixin.py:151} INFO - [2023-09-29T18:09:49.397+0000] {dagbag.py:539} INFO - Filling up the DagBag from /home/airflow/.local/lib/python3.8/site-packages/airflow/example_dags/example_datasets.py
[2023-09-29T18:09:49.406+0000] {processor.py:839} INFO - DAG(s) dict_keys(['dataset_produces_1', 'dataset_consumes_1', 'dataset_consumes_1_never_scheduled', 'dataset_produces_2', 'dataset_consumes_unknown_never_scheduled', 'dataset_consumes_1_and_2']) retrieved from /home/airflow/.local/lib/python3.8/site-packages/airflow/example_dags/example_datasets.py
[2023-09-29T18:09:49.433+0000] {logging_mixin.py:151} INFO - [2023-09-29T18:09:49.432+0000] {dag.py:2915} INFO - Sync 6 DAGs
[2023-09-29T18:09:49.449+0000] {logging_mixin.py:151} INFO - [2023-09-29T18:09:49.449+0000] {dag.py:3696} INFO - Setting next_dagrun for dataset_consumes_1 to None, run_after=None
[2023-09-29T18:09:49.451+0000] {logging_mixin.py:151} INFO - [2023-09-29T18:09:49.451+0000] {dag.py:3696} INFO - Setting next_dagrun for dataset_consumes_1_and_2 to None, run_after=None
[2023-09-29T18:09:49.452+0000] {logging_mixin.py:151} INFO - [2023-09-29T18:09:49.452+0000] {dag.py:3696} INFO - Setting next_dagrun for dataset_consumes_1_never_scheduled to None, run_after=None
[2023-09-29T18:09:49.453+0000] {logging_mixin.py:151} INFO - [2023-09-29T18:09:49.453+0000] {dag.py:3696} INFO - Setting next_dagrun for dataset_consumes_unknown_never_scheduled to None, run_after=None
[2023-09-29T18:09:49.455+0000] {logging_mixin.py:151} INFO - [2023-09-29T18:09:49.455+0000] {dag.py:3696} INFO - Setting next_dagrun for dataset_produces_1 to 2023-09-28T00:00:00+00:00, run_after=2023-09-29T00:00:00+00:00
[2023-09-29T18:09:49.456+0000] {logging_mixin.py:151} INFO - [2023-09-29T18:09:49.456+0000] {dag.py:3696} INFO - Setting next_dagrun for dataset_produces_2 to None, run_after=None
[2023-09-29T18:09:49.476+0000] {processor.py:179} INFO - Processing /home/airflow/.local/lib/python3.8/site-packages/airflow/example_dags/example_datasets.py took 0.088 seconds
[2023-09-29T18:10:20.142+0000] {processor.py:157} INFO - Started process (PID=375) to work on /home/airflow/.local/lib/python3.8/site-packages/airflow/example_dags/example_datasets.py
[2023-09-29T18:10:20.143+0000] {processor.py:829} INFO - Processing file /home/airflow/.local/lib/python3.8/site-packages/airflow/example_dags/example_datasets.py for tasks to queue
[2023-09-29T18:10:20.146+0000] {logging_mixin.py:151} INFO - [2023-09-29T18:10:20.145+0000] {dagbag.py:539} INFO - Filling up the DagBag from /home/airflow/.local/lib/python3.8/site-packages/airflow/example_dags/example_datasets.py
[2023-09-29T18:10:20.155+0000] {processor.py:839} INFO - DAG(s) dict_keys(['dataset_consumes_unknown_never_scheduled', 'dataset_consumes_1', 'dataset_produces_1', 'dataset_consumes_1_and_2', 'dataset_consumes_1_never_scheduled', 'dataset_produces_2']) retrieved from /home/airflow/.local/lib/python3.8/site-packages/airflow/example_dags/example_datasets.py
[2023-09-29T18:10:20.181+0000] {logging_mixin.py:151} INFO - [2023-09-29T18:10:20.181+0000] {dag.py:2915} INFO - Sync 6 DAGs
[2023-09-29T18:10:20.201+0000] {logging_mixin.py:151} INFO - [2023-09-29T18:10:20.201+0000] {dag.py:3696} INFO - Setting next_dagrun for dataset_consumes_1 to None, run_after=None
[2023-09-29T18:10:20.204+0000] {logging_mixin.py:151} INFO - [2023-09-29T18:10:20.204+0000] {dag.py:3696} INFO - Setting next_dagrun for dataset_consumes_1_and_2 to None, run_after=None
[2023-09-29T18:10:20.205+0000] {logging_mixin.py:151} INFO - [2023-09-29T18:10:20.205+0000] {dag.py:3696} INFO - Setting next_dagrun for dataset_consumes_1_never_scheduled to None, run_after=None
[2023-09-29T18:10:20.206+0000] {logging_mixin.py:151} INFO - [2023-09-29T18:10:20.206+0000] {dag.py:3696} INFO - Setting next_dagrun for dataset_consumes_unknown_never_scheduled to None, run_after=None
[2023-09-29T18:10:20.208+0000] {logging_mixin.py:151} INFO - [2023-09-29T18:10:20.208+0000] {dag.py:3696} INFO - Setting next_dagrun for dataset_produces_1 to 2023-09-28T00:00:00+00:00, run_after=2023-09-29T00:00:00+00:00
[2023-09-29T18:10:20.209+0000] {logging_mixin.py:151} INFO - [2023-09-29T18:10:20.209+0000] {dag.py:3696} INFO - Setting next_dagrun for dataset_produces_2 to None, run_after=None
[2023-09-29T18:10:20.231+0000] {processor.py:179} INFO - Processing /home/airflow/.local/lib/python3.8/site-packages/airflow/example_dags/example_datasets.py took 0.093 seconds
[2023-09-29T18:10:51.134+0000] {processor.py:157} INFO - Started process (PID=431) to work on /home/airflow/.local/lib/python3.8/site-packages/airflow/example_dags/example_datasets.py
[2023-09-29T18:10:51.135+0000] {processor.py:829} INFO - Processing file /home/airflow/.local/lib/python3.8/site-packages/airflow/example_dags/example_datasets.py for tasks to queue
[2023-09-29T18:10:51.137+0000] {logging_mixin.py:151} INFO - [2023-09-29T18:10:51.137+0000] {dagbag.py:539} INFO - Filling up the DagBag from /home/airflow/.local/lib/python3.8/site-packages/airflow/example_dags/example_datasets.py
[2023-09-29T18:10:51.147+0000] {processor.py:839} INFO - DAG(s) dict_keys(['dataset_consumes_1', 'dataset_consumes_1_never_scheduled', 'dataset_produces_1', 'dataset_consumes_1_and_2', 'dataset_produces_2', 'dataset_consumes_unknown_never_scheduled']) retrieved from /home/airflow/.local/lib/python3.8/site-packages/airflow/example_dags/example_datasets.py
[2023-09-29T18:10:51.181+0000] {logging_mixin.py:151} INFO - [2023-09-29T18:10:51.181+0000] {dag.py:2915} INFO - Sync 6 DAGs
[2023-09-29T18:10:51.202+0000] {logging_mixin.py:151} INFO - [2023-09-29T18:10:51.202+0000] {dag.py:3696} INFO - Setting next_dagrun for dataset_consumes_1 to None, run_after=None
[2023-09-29T18:10:51.209+0000] {logging_mixin.py:151} INFO - [2023-09-29T18:10:51.209+0000] {dag.py:3696} INFO - Setting next_dagrun for dataset_consumes_1_and_2 to None, run_after=None
[2023-09-29T18:10:51.210+0000] {logging_mixin.py:151} INFO - [2023-09-29T18:10:51.210+0000] {dag.py:3696} INFO - Setting next_dagrun for dataset_consumes_1_never_scheduled to None, run_after=None
[2023-09-29T18:10:51.212+0000] {logging_mixin.py:151} INFO - [2023-09-29T18:10:51.212+0000] {dag.py:3696} INFO - Setting next_dagrun for dataset_consumes_unknown_never_scheduled to None, run_after=None
[2023-09-29T18:10:51.215+0000] {logging_mixin.py:151} INFO - [2023-09-29T18:10:51.214+0000] {dag.py:3696} INFO - Setting next_dagrun for dataset_produces_1 to 2023-09-28T00:00:00+00:00, run_after=2023-09-29T00:00:00+00:00
[2023-09-29T18:10:51.216+0000] {logging_mixin.py:151} INFO - [2023-09-29T18:10:51.215+0000] {dag.py:3696} INFO - Setting next_dagrun for dataset_produces_2 to None, run_after=None
[2023-09-29T18:10:51.239+0000] {processor.py:179} INFO - Processing /home/airflow/.local/lib/python3.8/site-packages/airflow/example_dags/example_datasets.py took 0.111 seconds
[2023-09-29T18:11:21.632+0000] {processor.py:157} INFO - Started process (PID=486) to work on /home/airflow/.local/lib/python3.8/site-packages/airflow/example_dags/example_datasets.py
[2023-09-29T18:11:21.633+0000] {processor.py:829} INFO - Processing file /home/airflow/.local/lib/python3.8/site-packages/airflow/example_dags/example_datasets.py for tasks to queue
[2023-09-29T18:11:21.636+0000] {logging_mixin.py:151} INFO - [2023-09-29T18:11:21.636+0000] {dagbag.py:539} INFO - Filling up the DagBag from /home/airflow/.local/lib/python3.8/site-packages/airflow/example_dags/example_datasets.py
[2023-09-29T18:11:21.647+0000] {processor.py:839} INFO - DAG(s) dict_keys(['dataset_consumes_1_never_scheduled', 'dataset_produces_1', 'dataset_consumes_unknown_never_scheduled', 'dataset_consumes_1_and_2', 'dataset_consumes_1', 'dataset_produces_2']) retrieved from /home/airflow/.local/lib/python3.8/site-packages/airflow/example_dags/example_datasets.py
[2023-09-29T18:11:21.687+0000] {logging_mixin.py:151} INFO - [2023-09-29T18:11:21.687+0000] {dag.py:2915} INFO - Sync 6 DAGs
[2023-09-29T18:11:21.713+0000] {logging_mixin.py:151} INFO - [2023-09-29T18:11:21.713+0000] {dag.py:3696} INFO - Setting next_dagrun for dataset_consumes_1 to None, run_after=None
[2023-09-29T18:11:21.716+0000] {logging_mixin.py:151} INFO - [2023-09-29T18:11:21.716+0000] {dag.py:3696} INFO - Setting next_dagrun for dataset_consumes_1_and_2 to None, run_after=None
[2023-09-29T18:11:21.717+0000] {logging_mixin.py:151} INFO - [2023-09-29T18:11:21.717+0000] {dag.py:3696} INFO - Setting next_dagrun for dataset_consumes_1_never_scheduled to None, run_after=None
[2023-09-29T18:11:21.718+0000] {logging_mixin.py:151} INFO - [2023-09-29T18:11:21.718+0000] {dag.py:3696} INFO - Setting next_dagrun for dataset_consumes_unknown_never_scheduled to None, run_after=None
[2023-09-29T18:11:21.720+0000] {logging_mixin.py:151} INFO - [2023-09-29T18:11:21.720+0000] {dag.py:3696} INFO - Setting next_dagrun for dataset_produces_1 to 2023-09-28T00:00:00+00:00, run_after=2023-09-29T00:00:00+00:00
[2023-09-29T18:11:21.721+0000] {logging_mixin.py:151} INFO - [2023-09-29T18:11:21.721+0000] {dag.py:3696} INFO - Setting next_dagrun for dataset_produces_2 to None, run_after=None
[2023-09-29T18:11:21.745+0000] {processor.py:179} INFO - Processing /home/airflow/.local/lib/python3.8/site-packages/airflow/example_dags/example_datasets.py took 0.116 seconds
[2023-09-29T18:11:51.909+0000] {processor.py:157} INFO - Started process (PID=541) to work on /home/airflow/.local/lib/python3.8/site-packages/airflow/example_dags/example_datasets.py
[2023-09-29T18:11:51.911+0000] {processor.py:829} INFO - Processing file /home/airflow/.local/lib/python3.8/site-packages/airflow/example_dags/example_datasets.py for tasks to queue
[2023-09-29T18:11:51.913+0000] {logging_mixin.py:151} INFO - [2023-09-29T18:11:51.913+0000] {dagbag.py:539} INFO - Filling up the DagBag from /home/airflow/.local/lib/python3.8/site-packages/airflow/example_dags/example_datasets.py
[2023-09-29T18:11:51.921+0000] {processor.py:839} INFO - DAG(s) dict_keys(['dataset_produces_1', 'dataset_consumes_1_and_2', 'dataset_consumes_1', 'dataset_consumes_1_never_scheduled', 'dataset_produces_2', 'dataset_consumes_unknown_never_scheduled']) retrieved from /home/airflow/.local/lib/python3.8/site-packages/airflow/example_dags/example_datasets.py
[2023-09-29T18:11:51.946+0000] {logging_mixin.py:151} INFO - [2023-09-29T18:11:51.946+0000] {dag.py:2915} INFO - Sync 6 DAGs
[2023-09-29T18:11:51.963+0000] {logging_mixin.py:151} INFO - [2023-09-29T18:11:51.963+0000] {dag.py:3696} INFO - Setting next_dagrun for dataset_consumes_1 to None, run_after=None
[2023-09-29T18:11:51.965+0000] {logging_mixin.py:151} INFO - [2023-09-29T18:11:51.965+0000] {dag.py:3696} INFO - Setting next_dagrun for dataset_consumes_1_and_2 to None, run_after=None
[2023-09-29T18:11:51.966+0000] {logging_mixin.py:151} INFO - [2023-09-29T18:11:51.966+0000] {dag.py:3696} INFO - Setting next_dagrun for dataset_consumes_1_never_scheduled to None, run_after=None
[2023-09-29T18:11:51.967+0000] {logging_mixin.py:151} INFO - [2023-09-29T18:11:51.967+0000] {dag.py:3696} INFO - Setting next_dagrun for dataset_consumes_unknown_never_scheduled to None, run_after=None
[2023-09-29T18:11:51.969+0000] {logging_mixin.py:151} INFO - [2023-09-29T18:11:51.969+0000] {dag.py:3696} INFO - Setting next_dagrun for dataset_produces_1 to 2023-09-28T00:00:00+00:00, run_after=2023-09-29T00:00:00+00:00
[2023-09-29T18:11:51.970+0000] {logging_mixin.py:151} INFO - [2023-09-29T18:11:51.970+0000] {dag.py:3696} INFO - Setting next_dagrun for dataset_produces_2 to None, run_after=None
[2023-09-29T18:11:51.990+0000] {processor.py:179} INFO - Processing /home/airflow/.local/lib/python3.8/site-packages/airflow/example_dags/example_datasets.py took 0.083 seconds
[2023-09-29T18:12:22.488+0000] {processor.py:157} INFO - Started process (PID=596) to work on /home/airflow/.local/lib/python3.8/site-packages/airflow/example_dags/example_datasets.py
[2023-09-29T18:12:22.491+0000] {processor.py:829} INFO - Processing file /home/airflow/.local/lib/python3.8/site-packages/airflow/example_dags/example_datasets.py for tasks to queue
[2023-09-29T18:12:22.494+0000] {logging_mixin.py:151} INFO - [2023-09-29T18:12:22.493+0000] {dagbag.py:539} INFO - Filling up the DagBag from /home/airflow/.local/lib/python3.8/site-packages/airflow/example_dags/example_datasets.py
[2023-09-29T18:12:22.504+0000] {processor.py:839} INFO - DAG(s) dict_keys(['dataset_consumes_1_never_scheduled', 'dataset_consumes_1', 'dataset_consumes_1_and_2', 'dataset_produces_2', 'dataset_consumes_unknown_never_scheduled', 'dataset_produces_1']) retrieved from /home/airflow/.local/lib/python3.8/site-packages/airflow/example_dags/example_datasets.py
[2023-09-29T18:12:22.552+0000] {logging_mixin.py:151} INFO - [2023-09-29T18:12:22.552+0000] {dag.py:2915} INFO - Sync 6 DAGs
[2023-09-29T18:12:22.576+0000] {logging_mixin.py:151} INFO - [2023-09-29T18:12:22.576+0000] {dag.py:3696} INFO - Setting next_dagrun for dataset_consumes_1 to None, run_after=None
[2023-09-29T18:12:22.579+0000] {logging_mixin.py:151} INFO - [2023-09-29T18:12:22.579+0000] {dag.py:3696} INFO - Setting next_dagrun for dataset_consumes_1_and_2 to None, run_after=None
[2023-09-29T18:12:22.580+0000] {logging_mixin.py:151} INFO - [2023-09-29T18:12:22.580+0000] {dag.py:3696} INFO - Setting next_dagrun for dataset_consumes_1_never_scheduled to None, run_after=None
[2023-09-29T18:12:22.581+0000] {logging_mixin.py:151} INFO - [2023-09-29T18:12:22.581+0000] {dag.py:3696} INFO - Setting next_dagrun for dataset_consumes_unknown_never_scheduled to None, run_after=None
[2023-09-29T18:12:22.583+0000] {logging_mixin.py:151} INFO - [2023-09-29T18:12:22.583+0000] {dag.py:3696} INFO - Setting next_dagrun for dataset_produces_1 to 2023-09-28T00:00:00+00:00, run_after=2023-09-29T00:00:00+00:00
[2023-09-29T18:12:22.584+0000] {logging_mixin.py:151} INFO - [2023-09-29T18:12:22.584+0000] {dag.py:3696} INFO - Setting next_dagrun for dataset_produces_2 to None, run_after=None
[2023-09-29T18:12:22.611+0000] {processor.py:179} INFO - Processing /home/airflow/.local/lib/python3.8/site-packages/airflow/example_dags/example_datasets.py took 0.127 seconds
[2023-09-29T18:12:52.778+0000] {processor.py:157} INFO - Started process (PID=652) to work on /home/airflow/.local/lib/python3.8/site-packages/airflow/example_dags/example_datasets.py
[2023-09-29T18:12:52.779+0000] {processor.py:829} INFO - Processing file /home/airflow/.local/lib/python3.8/site-packages/airflow/example_dags/example_datasets.py for tasks to queue
[2023-09-29T18:12:52.781+0000] {logging_mixin.py:151} INFO - [2023-09-29T18:12:52.780+0000] {dagbag.py:539} INFO - Filling up the DagBag from /home/airflow/.local/lib/python3.8/site-packages/airflow/example_dags/example_datasets.py
[2023-09-29T18:12:52.788+0000] {processor.py:839} INFO - DAG(s) dict_keys(['dataset_consumes_1_and_2', 'dataset_consumes_1_never_scheduled', 'dataset_produces_1', 'dataset_consumes_1', 'dataset_produces_2', 'dataset_consumes_unknown_never_scheduled']) retrieved from /home/airflow/.local/lib/python3.8/site-packages/airflow/example_dags/example_datasets.py
[2023-09-29T18:12:52.815+0000] {logging_mixin.py:151} INFO - [2023-09-29T18:12:52.815+0000] {dag.py:2915} INFO - Sync 6 DAGs
[2023-09-29T18:12:52.830+0000] {logging_mixin.py:151} INFO - [2023-09-29T18:12:52.830+0000] {dag.py:3696} INFO - Setting next_dagrun for dataset_consumes_1 to None, run_after=None
[2023-09-29T18:12:52.833+0000] {logging_mixin.py:151} INFO - [2023-09-29T18:12:52.832+0000] {dag.py:3696} INFO - Setting next_dagrun for dataset_consumes_1_and_2 to None, run_after=None
[2023-09-29T18:12:52.833+0000] {logging_mixin.py:151} INFO - [2023-09-29T18:12:52.833+0000] {dag.py:3696} INFO - Setting next_dagrun for dataset_consumes_1_never_scheduled to None, run_after=None
[2023-09-29T18:12:52.834+0000] {logging_mixin.py:151} INFO - [2023-09-29T18:12:52.834+0000] {dag.py:3696} INFO - Setting next_dagrun for dataset_consumes_unknown_never_scheduled to None, run_after=None
[2023-09-29T18:12:52.836+0000] {logging_mixin.py:151} INFO - [2023-09-29T18:12:52.836+0000] {dag.py:3696} INFO - Setting next_dagrun for dataset_produces_1 to 2023-09-28T00:00:00+00:00, run_after=2023-09-29T00:00:00+00:00
[2023-09-29T18:12:52.837+0000] {logging_mixin.py:151} INFO - [2023-09-29T18:12:52.837+0000] {dag.py:3696} INFO - Setting next_dagrun for dataset_produces_2 to None, run_after=None
[2023-09-29T18:12:52.862+0000] {processor.py:179} INFO - Processing /home/airflow/.local/lib/python3.8/site-packages/airflow/example_dags/example_datasets.py took 0.088 seconds
[2023-09-29T18:13:23.384+0000] {processor.py:157} INFO - Started process (PID=707) to work on /home/airflow/.local/lib/python3.8/site-packages/airflow/example_dags/example_datasets.py
[2023-09-29T18:13:23.386+0000] {processor.py:829} INFO - Processing file /home/airflow/.local/lib/python3.8/site-packages/airflow/example_dags/example_datasets.py for tasks to queue
[2023-09-29T18:13:23.390+0000] {logging_mixin.py:151} INFO - [2023-09-29T18:13:23.389+0000] {dagbag.py:539} INFO - Filling up the DagBag from /home/airflow/.local/lib/python3.8/site-packages/airflow/example_dags/example_datasets.py
[2023-09-29T18:13:23.400+0000] {processor.py:839} INFO - DAG(s) dict_keys(['dataset_consumes_1_never_scheduled', 'dataset_produces_1', 'dataset_consumes_1_and_2', 'dataset_produces_2', 'dataset_consumes_unknown_never_scheduled', 'dataset_consumes_1']) retrieved from /home/airflow/.local/lib/python3.8/site-packages/airflow/example_dags/example_datasets.py
[2023-09-29T18:13:23.430+0000] {logging_mixin.py:151} INFO - [2023-09-29T18:13:23.430+0000] {dag.py:2915} INFO - Sync 6 DAGs
[2023-09-29T18:13:23.448+0000] {logging_mixin.py:151} INFO - [2023-09-29T18:13:23.448+0000] {dag.py:3696} INFO - Setting next_dagrun for dataset_consumes_1 to None, run_after=None
[2023-09-29T18:13:23.451+0000] {logging_mixin.py:151} INFO - [2023-09-29T18:13:23.451+0000] {dag.py:3696} INFO - Setting next_dagrun for dataset_consumes_1_and_2 to None, run_after=None
[2023-09-29T18:13:23.452+0000] {logging_mixin.py:151} INFO - [2023-09-29T18:13:23.452+0000] {dag.py:3696} INFO - Setting next_dagrun for dataset_consumes_1_never_scheduled to None, run_after=None
[2023-09-29T18:13:23.453+0000] {logging_mixin.py:151} INFO - [2023-09-29T18:13:23.453+0000] {dag.py:3696} INFO - Setting next_dagrun for dataset_consumes_unknown_never_scheduled to None, run_after=None
[2023-09-29T18:13:23.455+0000] {logging_mixin.py:151} INFO - [2023-09-29T18:13:23.455+0000] {dag.py:3696} INFO - Setting next_dagrun for dataset_produces_1 to 2023-09-28T00:00:00+00:00, run_after=2023-09-29T00:00:00+00:00
[2023-09-29T18:13:23.456+0000] {logging_mixin.py:151} INFO - [2023-09-29T18:13:23.456+0000] {dag.py:3696} INFO - Setting next_dagrun for dataset_produces_2 to None, run_after=None
[2023-09-29T18:13:23.479+0000] {processor.py:179} INFO - Processing /home/airflow/.local/lib/python3.8/site-packages/airflow/example_dags/example_datasets.py took 0.099 seconds
[2023-09-29T18:13:54.261+0000] {processor.py:157} INFO - Started process (PID=762) to work on /home/airflow/.local/lib/python3.8/site-packages/airflow/example_dags/example_datasets.py
[2023-09-29T18:13:54.263+0000] {processor.py:829} INFO - Processing file /home/airflow/.local/lib/python3.8/site-packages/airflow/example_dags/example_datasets.py for tasks to queue
[2023-09-29T18:13:54.265+0000] {logging_mixin.py:151} INFO - [2023-09-29T18:13:54.265+0000] {dagbag.py:539} INFO - Filling up the DagBag from /home/airflow/.local/lib/python3.8/site-packages/airflow/example_dags/example_datasets.py
[2023-09-29T18:13:54.274+0000] {processor.py:839} INFO - DAG(s) dict_keys(['dataset_consumes_1', 'dataset_produces_2', 'dataset_consumes_unknown_never_scheduled', 'dataset_produces_1', 'dataset_consumes_1_and_2', 'dataset_consumes_1_never_scheduled']) retrieved from /home/airflow/.local/lib/python3.8/site-packages/airflow/example_dags/example_datasets.py
[2023-09-29T18:13:54.303+0000] {logging_mixin.py:151} INFO - [2023-09-29T18:13:54.303+0000] {dag.py:2915} INFO - Sync 6 DAGs
[2023-09-29T18:13:54.321+0000] {logging_mixin.py:151} INFO - [2023-09-29T18:13:54.321+0000] {dag.py:3696} INFO - Setting next_dagrun for dataset_consumes_1 to None, run_after=None
[2023-09-29T18:13:54.324+0000] {logging_mixin.py:151} INFO - [2023-09-29T18:13:54.323+0000] {dag.py:3696} INFO - Setting next_dagrun for dataset_consumes_1_and_2 to None, run_after=None
[2023-09-29T18:13:54.325+0000] {logging_mixin.py:151} INFO - [2023-09-29T18:13:54.325+0000] {dag.py:3696} INFO - Setting next_dagrun for dataset_consumes_1_never_scheduled to None, run_after=None
[2023-09-29T18:13:54.326+0000] {logging_mixin.py:151} INFO - [2023-09-29T18:13:54.326+0000] {dag.py:3696} INFO - Setting next_dagrun for dataset_consumes_unknown_never_scheduled to None, run_after=None
[2023-09-29T18:13:54.328+0000] {logging_mixin.py:151} INFO - [2023-09-29T18:13:54.328+0000] {dag.py:3696} INFO - Setting next_dagrun for dataset_produces_1 to 2023-09-28T00:00:00+00:00, run_after=2023-09-29T00:00:00+00:00
[2023-09-29T18:13:54.329+0000] {logging_mixin.py:151} INFO - [2023-09-29T18:13:54.329+0000] {dag.py:3696} INFO - Setting next_dagrun for dataset_produces_2 to None, run_after=None
[2023-09-29T18:13:54.351+0000] {processor.py:179} INFO - Processing /home/airflow/.local/lib/python3.8/site-packages/airflow/example_dags/example_datasets.py took 0.094 seconds
[2023-09-29T18:14:24.410+0000] {processor.py:157} INFO - Started process (PID=816) to work on /home/airflow/.local/lib/python3.8/site-packages/airflow/example_dags/example_datasets.py
[2023-09-29T18:14:24.412+0000] {processor.py:829} INFO - Processing file /home/airflow/.local/lib/python3.8/site-packages/airflow/example_dags/example_datasets.py for tasks to queue
[2023-09-29T18:14:24.414+0000] {logging_mixin.py:151} INFO - [2023-09-29T18:14:24.414+0000] {dagbag.py:539} INFO - Filling up the DagBag from /home/airflow/.local/lib/python3.8/site-packages/airflow/example_dags/example_datasets.py
[2023-09-29T18:14:24.423+0000] {processor.py:839} INFO - DAG(s) dict_keys(['dataset_consumes_1', 'dataset_consumes_1_never_scheduled', 'dataset_produces_1', 'dataset_produces_2', 'dataset_consumes_1_and_2', 'dataset_consumes_unknown_never_scheduled']) retrieved from /home/airflow/.local/lib/python3.8/site-packages/airflow/example_dags/example_datasets.py
[2023-09-29T18:14:24.450+0000] {logging_mixin.py:151} INFO - [2023-09-29T18:14:24.450+0000] {dag.py:2915} INFO - Sync 6 DAGs
[2023-09-29T18:14:24.466+0000] {logging_mixin.py:151} INFO - [2023-09-29T18:14:24.466+0000] {dag.py:3696} INFO - Setting next_dagrun for dataset_consumes_1 to None, run_after=None
[2023-09-29T18:14:24.468+0000] {logging_mixin.py:151} INFO - [2023-09-29T18:14:24.468+0000] {dag.py:3696} INFO - Setting next_dagrun for dataset_consumes_1_and_2 to None, run_after=None
[2023-09-29T18:14:24.469+0000] {logging_mixin.py:151} INFO - [2023-09-29T18:14:24.469+0000] {dag.py:3696} INFO - Setting next_dagrun for dataset_consumes_1_never_scheduled to None, run_after=None
[2023-09-29T18:14:24.469+0000] {logging_mixin.py:151} INFO - [2023-09-29T18:14:24.469+0000] {dag.py:3696} INFO - Setting next_dagrun for dataset_consumes_unknown_never_scheduled to None, run_after=None
[2023-09-29T18:14:24.471+0000] {logging_mixin.py:151} INFO - [2023-09-29T18:14:24.471+0000] {dag.py:3696} INFO - Setting next_dagrun for dataset_produces_1 to 2023-09-28T00:00:00+00:00, run_after=2023-09-29T00:00:00+00:00
[2023-09-29T18:14:24.472+0000] {logging_mixin.py:151} INFO - [2023-09-29T18:14:24.472+0000] {dag.py:3696} INFO - Setting next_dagrun for dataset_produces_2 to None, run_after=None
[2023-09-29T18:14:24.494+0000] {processor.py:179} INFO - Processing /home/airflow/.local/lib/python3.8/site-packages/airflow/example_dags/example_datasets.py took 0.087 seconds
[2023-09-29T18:14:55.093+0000] {processor.py:157} INFO - Started process (PID=871) to work on /home/airflow/.local/lib/python3.8/site-packages/airflow/example_dags/example_datasets.py
[2023-09-29T18:14:55.094+0000] {processor.py:829} INFO - Processing file /home/airflow/.local/lib/python3.8/site-packages/airflow/example_dags/example_datasets.py for tasks to queue
[2023-09-29T18:14:55.096+0000] {logging_mixin.py:151} INFO - [2023-09-29T18:14:55.096+0000] {dagbag.py:539} INFO - Filling up the DagBag from /home/airflow/.local/lib/python3.8/site-packages/airflow/example_dags/example_datasets.py
[2023-09-29T18:14:55.105+0000] {processor.py:839} INFO - DAG(s) dict_keys(['dataset_produces_1', 'dataset_produces_2', 'dataset_consumes_1', 'dataset_consumes_1_never_scheduled', 'dataset_consumes_unknown_never_scheduled', 'dataset_consumes_1_and_2']) retrieved from /home/airflow/.local/lib/python3.8/site-packages/airflow/example_dags/example_datasets.py
[2023-09-29T18:14:55.137+0000] {logging_mixin.py:151} INFO - [2023-09-29T18:14:55.137+0000] {dag.py:2915} INFO - Sync 6 DAGs
[2023-09-29T18:14:55.157+0000] {logging_mixin.py:151} INFO - [2023-09-29T18:14:55.157+0000] {dag.py:3696} INFO - Setting next_dagrun for dataset_consumes_1 to None, run_after=None
[2023-09-29T18:14:55.160+0000] {logging_mixin.py:151} INFO - [2023-09-29T18:14:55.160+0000] {dag.py:3696} INFO - Setting next_dagrun for dataset_consumes_1_and_2 to None, run_after=None
[2023-09-29T18:14:55.161+0000] {logging_mixin.py:151} INFO - [2023-09-29T18:14:55.161+0000] {dag.py:3696} INFO - Setting next_dagrun for dataset_consumes_1_never_scheduled to None, run_after=None
[2023-09-29T18:14:55.162+0000] {logging_mixin.py:151} INFO - [2023-09-29T18:14:55.162+0000] {dag.py:3696} INFO - Setting next_dagrun for dataset_consumes_unknown_never_scheduled to None, run_after=None
[2023-09-29T18:14:55.164+0000] {logging_mixin.py:151} INFO - [2023-09-29T18:14:55.164+0000] {dag.py:3696} INFO - Setting next_dagrun for dataset_produces_1 to 2023-09-28T00:00:00+00:00, run_after=2023-09-29T00:00:00+00:00
[2023-09-29T18:14:55.165+0000] {logging_mixin.py:151} INFO - [2023-09-29T18:14:55.165+0000] {dag.py:3696} INFO - Setting next_dagrun for dataset_produces_2 to None, run_after=None
[2023-09-29T18:14:55.187+0000] {processor.py:179} INFO - Processing /home/airflow/.local/lib/python3.8/site-packages/airflow/example_dags/example_datasets.py took 0.097 seconds
[2023-09-29T18:15:25.262+0000] {processor.py:157} INFO - Started process (PID=926) to work on /home/airflow/.local/lib/python3.8/site-packages/airflow/example_dags/example_datasets.py
[2023-09-29T18:15:25.263+0000] {processor.py:829} INFO - Processing file /home/airflow/.local/lib/python3.8/site-packages/airflow/example_dags/example_datasets.py for tasks to queue
[2023-09-29T18:15:25.265+0000] {logging_mixin.py:151} INFO - [2023-09-29T18:15:25.265+0000] {dagbag.py:539} INFO - Filling up the DagBag from /home/airflow/.local/lib/python3.8/site-packages/airflow/example_dags/example_datasets.py
[2023-09-29T18:15:25.273+0000] {processor.py:839} INFO - DAG(s) dict_keys(['dataset_produces_1', 'dataset_consumes_1_and_2', 'dataset_produces_2', 'dataset_consumes_1', 'dataset_consumes_unknown_never_scheduled', 'dataset_consumes_1_never_scheduled']) retrieved from /home/airflow/.local/lib/python3.8/site-packages/airflow/example_dags/example_datasets.py
[2023-09-29T18:15:25.298+0000] {logging_mixin.py:151} INFO - [2023-09-29T18:15:25.298+0000] {dag.py:2915} INFO - Sync 6 DAGs
[2023-09-29T18:15:25.314+0000] {logging_mixin.py:151} INFO - [2023-09-29T18:15:25.314+0000] {dag.py:3696} INFO - Setting next_dagrun for dataset_consumes_1 to None, run_after=None
[2023-09-29T18:15:25.316+0000] {logging_mixin.py:151} INFO - [2023-09-29T18:15:25.316+0000] {dag.py:3696} INFO - Setting next_dagrun for dataset_consumes_1_and_2 to None, run_after=None
[2023-09-29T18:15:25.317+0000] {logging_mixin.py:151} INFO - [2023-09-29T18:15:25.317+0000] {dag.py:3696} INFO - Setting next_dagrun for dataset_consumes_1_never_scheduled to None, run_after=None
[2023-09-29T18:15:25.317+0000] {logging_mixin.py:151} INFO - [2023-09-29T18:15:25.317+0000] {dag.py:3696} INFO - Setting next_dagrun for dataset_consumes_unknown_never_scheduled to None, run_after=None
[2023-09-29T18:15:25.319+0000] {logging_mixin.py:151} INFO - [2023-09-29T18:15:25.319+0000] {dag.py:3696} INFO - Setting next_dagrun for dataset_produces_1 to 2023-09-28T00:00:00+00:00, run_after=2023-09-29T00:00:00+00:00
[2023-09-29T18:15:25.320+0000] {logging_mixin.py:151} INFO - [2023-09-29T18:15:25.320+0000] {dag.py:3696} INFO - Setting next_dagrun for dataset_produces_2 to None, run_after=None
[2023-09-29T18:15:25.341+0000] {processor.py:179} INFO - Processing /home/airflow/.local/lib/python3.8/site-packages/airflow/example_dags/example_datasets.py took 0.082 seconds
[2023-09-29T18:15:55.855+0000] {processor.py:157} INFO - Started process (PID=981) to work on /home/airflow/.local/lib/python3.8/site-packages/airflow/example_dags/example_datasets.py
[2023-09-29T18:15:55.856+0000] {processor.py:829} INFO - Processing file /home/airflow/.local/lib/python3.8/site-packages/airflow/example_dags/example_datasets.py for tasks to queue
[2023-09-29T18:15:55.858+0000] {logging_mixin.py:151} INFO - [2023-09-29T18:15:55.858+0000] {dagbag.py:539} INFO - Filling up the DagBag from /home/airflow/.local/lib/python3.8/site-packages/airflow/example_dags/example_datasets.py
[2023-09-29T18:15:55.867+0000] {processor.py:839} INFO - DAG(s) dict_keys(['dataset_produces_1', 'dataset_consumes_1_and_2', 'dataset_consumes_1', 'dataset_consumes_unknown_never_scheduled', 'dataset_consumes_1_never_scheduled', 'dataset_produces_2']) retrieved from /home/airflow/.local/lib/python3.8/site-packages/airflow/example_dags/example_datasets.py
[2023-09-29T18:15:55.897+0000] {logging_mixin.py:151} INFO - [2023-09-29T18:15:55.897+0000] {dag.py:2915} INFO - Sync 6 DAGs
[2023-09-29T18:15:55.917+0000] {logging_mixin.py:151} INFO - [2023-09-29T18:15:55.917+0000] {dag.py:3696} INFO - Setting next_dagrun for dataset_consumes_1 to None, run_after=None
[2023-09-29T18:15:55.920+0000] {logging_mixin.py:151} INFO - [2023-09-29T18:15:55.919+0000] {dag.py:3696} INFO - Setting next_dagrun for dataset_consumes_1_and_2 to None, run_after=None
[2023-09-29T18:15:55.920+0000] {logging_mixin.py:151} INFO - [2023-09-29T18:15:55.920+0000] {dag.py:3696} INFO - Setting next_dagrun for dataset_consumes_1_never_scheduled to None, run_after=None
[2023-09-29T18:15:55.921+0000] {logging_mixin.py:151} INFO - [2023-09-29T18:15:55.921+0000] {dag.py:3696} INFO - Setting next_dagrun for dataset_consumes_unknown_never_scheduled to None, run_after=None
[2023-09-29T18:15:55.924+0000] {logging_mixin.py:151} INFO - [2023-09-29T18:15:55.924+0000] {dag.py:3696} INFO - Setting next_dagrun for dataset_produces_1 to 2023-09-28T00:00:00+00:00, run_after=2023-09-29T00:00:00+00:00
[2023-09-29T18:15:55.925+0000] {logging_mixin.py:151} INFO - [2023-09-29T18:15:55.925+0000] {dag.py:3696} INFO - Setting next_dagrun for dataset_produces_2 to None, run_after=None
[2023-09-29T18:15:55.951+0000] {processor.py:179} INFO - Processing /home/airflow/.local/lib/python3.8/site-packages/airflow/example_dags/example_datasets.py took 0.100 seconds
[2023-09-29T18:16:26.219+0000] {processor.py:157} INFO - Started process (PID=1036) to work on /home/airflow/.local/lib/python3.8/site-packages/airflow/example_dags/example_datasets.py
[2023-09-29T18:16:26.220+0000] {processor.py:829} INFO - Processing file /home/airflow/.local/lib/python3.8/site-packages/airflow/example_dags/example_datasets.py for tasks to queue
[2023-09-29T18:16:26.222+0000] {logging_mixin.py:151} INFO - [2023-09-29T18:16:26.222+0000] {dagbag.py:539} INFO - Filling up the DagBag from /home/airflow/.local/lib/python3.8/site-packages/airflow/example_dags/example_datasets.py
[2023-09-29T18:16:26.230+0000] {processor.py:839} INFO - DAG(s) dict_keys(['dataset_produces_1', 'dataset_consumes_1', 'dataset_consumes_1_and_2', 'dataset_consumes_1_never_scheduled', 'dataset_consumes_unknown_never_scheduled', 'dataset_produces_2']) retrieved from /home/airflow/.local/lib/python3.8/site-packages/airflow/example_dags/example_datasets.py
[2023-09-29T18:16:26.254+0000] {logging_mixin.py:151} INFO - [2023-09-29T18:16:26.254+0000] {dag.py:2915} INFO - Sync 6 DAGs
[2023-09-29T18:16:26.280+0000] {logging_mixin.py:151} INFO - [2023-09-29T18:16:26.280+0000] {dag.py:3696} INFO - Setting next_dagrun for dataset_consumes_1 to None, run_after=None
[2023-09-29T18:16:26.283+0000] {logging_mixin.py:151} INFO - [2023-09-29T18:16:26.283+0000] {dag.py:3696} INFO - Setting next_dagrun for dataset_consumes_1_and_2 to None, run_after=None
[2023-09-29T18:16:26.284+0000] {logging_mixin.py:151} INFO - [2023-09-29T18:16:26.284+0000] {dag.py:3696} INFO - Setting next_dagrun for dataset_consumes_1_never_scheduled to None, run_after=None
[2023-09-29T18:16:26.285+0000] {logging_mixin.py:151} INFO - [2023-09-29T18:16:26.285+0000] {dag.py:3696} INFO - Setting next_dagrun for dataset_consumes_unknown_never_scheduled to None, run_after=None
[2023-09-29T18:16:26.287+0000] {logging_mixin.py:151} INFO - [2023-09-29T18:16:26.287+0000] {dag.py:3696} INFO - Setting next_dagrun for dataset_produces_1 to 2023-09-28T00:00:00+00:00, run_after=2023-09-29T00:00:00+00:00
[2023-09-29T18:16:26.288+0000] {logging_mixin.py:151} INFO - [2023-09-29T18:16:26.288+0000] {dag.py:3696} INFO - Setting next_dagrun for dataset_produces_2 to None, run_after=None
[2023-09-29T18:16:26.312+0000] {processor.py:179} INFO - Processing /home/airflow/.local/lib/python3.8/site-packages/airflow/example_dags/example_datasets.py took 0.097 seconds
[2023-09-29T18:16:56.724+0000] {processor.py:157} INFO - Started process (PID=1091) to work on /home/airflow/.local/lib/python3.8/site-packages/airflow/example_dags/example_datasets.py
[2023-09-29T18:16:56.725+0000] {processor.py:829} INFO - Processing file /home/airflow/.local/lib/python3.8/site-packages/airflow/example_dags/example_datasets.py for tasks to queue
[2023-09-29T18:16:56.727+0000] {logging_mixin.py:151} INFO - [2023-09-29T18:16:56.727+0000] {dagbag.py:539} INFO - Filling up the DagBag from /home/airflow/.local/lib/python3.8/site-packages/airflow/example_dags/example_datasets.py
[2023-09-29T18:16:56.735+0000] {processor.py:839} INFO - DAG(s) dict_keys(['dataset_consumes_1_and_2', 'dataset_produces_1', 'dataset_consumes_1', 'dataset_produces_2', 'dataset_consumes_unknown_never_scheduled', 'dataset_consumes_1_never_scheduled']) retrieved from /home/airflow/.local/lib/python3.8/site-packages/airflow/example_dags/example_datasets.py
[2023-09-29T18:16:56.760+0000] {logging_mixin.py:151} INFO - [2023-09-29T18:16:56.760+0000] {dag.py:2915} INFO - Sync 6 DAGs
[2023-09-29T18:16:56.776+0000] {logging_mixin.py:151} INFO - [2023-09-29T18:16:56.776+0000] {dag.py:3696} INFO - Setting next_dagrun for dataset_consumes_1 to None, run_after=None
[2023-09-29T18:16:56.778+0000] {logging_mixin.py:151} INFO - [2023-09-29T18:16:56.778+0000] {dag.py:3696} INFO - Setting next_dagrun for dataset_consumes_1_and_2 to None, run_after=None
[2023-09-29T18:16:56.779+0000] {logging_mixin.py:151} INFO - [2023-09-29T18:16:56.779+0000] {dag.py:3696} INFO - Setting next_dagrun for dataset_consumes_1_never_scheduled to None, run_after=None
[2023-09-29T18:16:56.780+0000] {logging_mixin.py:151} INFO - [2023-09-29T18:16:56.780+0000] {dag.py:3696} INFO - Setting next_dagrun for dataset_consumes_unknown_never_scheduled to None, run_after=None
[2023-09-29T18:16:56.782+0000] {logging_mixin.py:151} INFO - [2023-09-29T18:16:56.782+0000] {dag.py:3696} INFO - Setting next_dagrun for dataset_produces_1 to 2023-09-28T00:00:00+00:00, run_after=2023-09-29T00:00:00+00:00
[2023-09-29T18:16:56.783+0000] {logging_mixin.py:151} INFO - [2023-09-29T18:16:56.783+0000] {dag.py:3696} INFO - Setting next_dagrun for dataset_produces_2 to None, run_after=None
[2023-09-29T18:16:56.803+0000] {processor.py:179} INFO - Processing /home/airflow/.local/lib/python3.8/site-packages/airflow/example_dags/example_datasets.py took 0.082 seconds
[2023-09-29T18:17:26.925+0000] {processor.py:157} INFO - Started process (PID=1147) to work on /home/airflow/.local/lib/python3.8/site-packages/airflow/example_dags/example_datasets.py
[2023-09-29T18:17:26.926+0000] {processor.py:829} INFO - Processing file /home/airflow/.local/lib/python3.8/site-packages/airflow/example_dags/example_datasets.py for tasks to queue
[2023-09-29T18:17:26.929+0000] {logging_mixin.py:151} INFO - [2023-09-29T18:17:26.929+0000] {dagbag.py:539} INFO - Filling up the DagBag from /home/airflow/.local/lib/python3.8/site-packages/airflow/example_dags/example_datasets.py
[2023-09-29T18:17:26.940+0000] {processor.py:839} INFO - DAG(s) dict_keys(['dataset_produces_2', 'dataset_consumes_1_never_scheduled', 'dataset_consumes_1', 'dataset_consumes_1_and_2', 'dataset_produces_1', 'dataset_consumes_unknown_never_scheduled']) retrieved from /home/airflow/.local/lib/python3.8/site-packages/airflow/example_dags/example_datasets.py
[2023-09-29T18:17:26.976+0000] {logging_mixin.py:151} INFO - [2023-09-29T18:17:26.976+0000] {dag.py:2915} INFO - Sync 6 DAGs
[2023-09-29T18:17:26.993+0000] {logging_mixin.py:151} INFO - [2023-09-29T18:17:26.993+0000] {dag.py:3696} INFO - Setting next_dagrun for dataset_consumes_1 to None, run_after=None
[2023-09-29T18:17:26.996+0000] {logging_mixin.py:151} INFO - [2023-09-29T18:17:26.996+0000] {dag.py:3696} INFO - Setting next_dagrun for dataset_consumes_1_and_2 to None, run_after=None
[2023-09-29T18:17:26.997+0000] {logging_mixin.py:151} INFO - [2023-09-29T18:17:26.997+0000] {dag.py:3696} INFO - Setting next_dagrun for dataset_consumes_1_never_scheduled to None, run_after=None
[2023-09-29T18:17:26.998+0000] {logging_mixin.py:151} INFO - [2023-09-29T18:17:26.998+0000] {dag.py:3696} INFO - Setting next_dagrun for dataset_consumes_unknown_never_scheduled to None, run_after=None
[2023-09-29T18:17:27.000+0000] {logging_mixin.py:151} INFO - [2023-09-29T18:17:27.000+0000] {dag.py:3696} INFO - Setting next_dagrun for dataset_produces_1 to 2023-09-28T00:00:00+00:00, run_after=2023-09-29T00:00:00+00:00
[2023-09-29T18:17:27.001+0000] {logging_mixin.py:151} INFO - [2023-09-29T18:17:27.001+0000] {dag.py:3696} INFO - Setting next_dagrun for dataset_produces_2 to None, run_after=None
[2023-09-29T18:17:27.024+0000] {processor.py:179} INFO - Processing /home/airflow/.local/lib/python3.8/site-packages/airflow/example_dags/example_datasets.py took 0.103 seconds
[2023-09-29T18:17:57.506+0000] {processor.py:157} INFO - Started process (PID=1202) to work on /home/airflow/.local/lib/python3.8/site-packages/airflow/example_dags/example_datasets.py
[2023-09-29T18:17:57.507+0000] {processor.py:829} INFO - Processing file /home/airflow/.local/lib/python3.8/site-packages/airflow/example_dags/example_datasets.py for tasks to queue
[2023-09-29T18:17:57.510+0000] {logging_mixin.py:151} INFO - [2023-09-29T18:17:57.509+0000] {dagbag.py:539} INFO - Filling up the DagBag from /home/airflow/.local/lib/python3.8/site-packages/airflow/example_dags/example_datasets.py
[2023-09-29T18:17:57.519+0000] {processor.py:839} INFO - DAG(s) dict_keys(['dataset_consumes_1', 'dataset_produces_2', 'dataset_consumes_1_and_2', 'dataset_consumes_unknown_never_scheduled', 'dataset_consumes_1_never_scheduled', 'dataset_produces_1']) retrieved from /home/airflow/.local/lib/python3.8/site-packages/airflow/example_dags/example_datasets.py
[2023-09-29T18:17:57.548+0000] {logging_mixin.py:151} INFO - [2023-09-29T18:17:57.548+0000] {dag.py:2915} INFO - Sync 6 DAGs
[2023-09-29T18:17:57.569+0000] {logging_mixin.py:151} INFO - [2023-09-29T18:17:57.569+0000] {dag.py:3696} INFO - Setting next_dagrun for dataset_consumes_1 to None, run_after=None
[2023-09-29T18:17:57.571+0000] {logging_mixin.py:151} INFO - [2023-09-29T18:17:57.571+0000] {dag.py:3696} INFO - Setting next_dagrun for dataset_consumes_1_and_2 to None, run_after=None
[2023-09-29T18:17:57.572+0000] {logging_mixin.py:151} INFO - [2023-09-29T18:17:57.572+0000] {dag.py:3696} INFO - Setting next_dagrun for dataset_consumes_1_never_scheduled to None, run_after=None
[2023-09-29T18:17:57.573+0000] {logging_mixin.py:151} INFO - [2023-09-29T18:17:57.573+0000] {dag.py:3696} INFO - Setting next_dagrun for dataset_consumes_unknown_never_scheduled to None, run_after=None
[2023-09-29T18:17:57.576+0000] {logging_mixin.py:151} INFO - [2023-09-29T18:17:57.575+0000] {dag.py:3696} INFO - Setting next_dagrun for dataset_produces_1 to 2023-09-28T00:00:00+00:00, run_after=2023-09-29T00:00:00+00:00
[2023-09-29T18:17:57.577+0000] {logging_mixin.py:151} INFO - [2023-09-29T18:17:57.577+0000] {dag.py:3696} INFO - Setting next_dagrun for dataset_produces_2 to None, run_after=None
[2023-09-29T18:17:57.605+0000] {processor.py:179} INFO - Processing /home/airflow/.local/lib/python3.8/site-packages/airflow/example_dags/example_datasets.py took 0.102 seconds
[2023-09-29T18:18:28.018+0000] {processor.py:157} INFO - Started process (PID=1257) to work on /home/airflow/.local/lib/python3.8/site-packages/airflow/example_dags/example_datasets.py
[2023-09-29T18:18:28.019+0000] {processor.py:829} INFO - Processing file /home/airflow/.local/lib/python3.8/site-packages/airflow/example_dags/example_datasets.py for tasks to queue
[2023-09-29T18:18:28.022+0000] {logging_mixin.py:151} INFO - [2023-09-29T18:18:28.022+0000] {dagbag.py:539} INFO - Filling up the DagBag from /home/airflow/.local/lib/python3.8/site-packages/airflow/example_dags/example_datasets.py
[2023-09-29T18:18:28.035+0000] {processor.py:839} INFO - DAG(s) dict_keys(['dataset_consumes_1_and_2', 'dataset_consumes_unknown_never_scheduled', 'dataset_consumes_1_never_scheduled', 'dataset_produces_1', 'dataset_consumes_1', 'dataset_produces_2']) retrieved from /home/airflow/.local/lib/python3.8/site-packages/airflow/example_dags/example_datasets.py
[2023-09-29T18:18:28.072+0000] {logging_mixin.py:151} INFO - [2023-09-29T18:18:28.072+0000] {dag.py:2915} INFO - Sync 6 DAGs
[2023-09-29T18:18:28.098+0000] {logging_mixin.py:151} INFO - [2023-09-29T18:18:28.097+0000] {dag.py:3696} INFO - Setting next_dagrun for dataset_consumes_1 to None, run_after=None
[2023-09-29T18:18:28.100+0000] {logging_mixin.py:151} INFO - [2023-09-29T18:18:28.100+0000] {dag.py:3696} INFO - Setting next_dagrun for dataset_consumes_1_and_2 to None, run_after=None
[2023-09-29T18:18:28.101+0000] {logging_mixin.py:151} INFO - [2023-09-29T18:18:28.101+0000] {dag.py:3696} INFO - Setting next_dagrun for dataset_consumes_1_never_scheduled to None, run_after=None
[2023-09-29T18:18:28.102+0000] {logging_mixin.py:151} INFO - [2023-09-29T18:18:28.102+0000] {dag.py:3696} INFO - Setting next_dagrun for dataset_consumes_unknown_never_scheduled to None, run_after=None
[2023-09-29T18:18:28.105+0000] {logging_mixin.py:151} INFO - [2023-09-29T18:18:28.104+0000] {dag.py:3696} INFO - Setting next_dagrun for dataset_produces_1 to 2023-09-28T00:00:00+00:00, run_after=2023-09-29T00:00:00+00:00
[2023-09-29T18:18:28.105+0000] {logging_mixin.py:151} INFO - [2023-09-29T18:18:28.105+0000] {dag.py:3696} INFO - Setting next_dagrun for dataset_produces_2 to None, run_after=None
[2023-09-29T18:18:28.127+0000] {processor.py:179} INFO - Processing /home/airflow/.local/lib/python3.8/site-packages/airflow/example_dags/example_datasets.py took 0.113 seconds
[2023-09-29T18:18:58.605+0000] {processor.py:157} INFO - Started process (PID=1312) to work on /home/airflow/.local/lib/python3.8/site-packages/airflow/example_dags/example_datasets.py
[2023-09-29T18:18:58.606+0000] {processor.py:829} INFO - Processing file /home/airflow/.local/lib/python3.8/site-packages/airflow/example_dags/example_datasets.py for tasks to queue
[2023-09-29T18:18:58.609+0000] {logging_mixin.py:151} INFO - [2023-09-29T18:18:58.609+0000] {dagbag.py:539} INFO - Filling up the DagBag from /home/airflow/.local/lib/python3.8/site-packages/airflow/example_dags/example_datasets.py
[2023-09-29T18:18:58.619+0000] {processor.py:839} INFO - DAG(s) dict_keys(['dataset_consumes_1_never_scheduled', 'dataset_consumes_1_and_2', 'dataset_consumes_1', 'dataset_consumes_unknown_never_scheduled', 'dataset_produces_2', 'dataset_produces_1']) retrieved from /home/airflow/.local/lib/python3.8/site-packages/airflow/example_dags/example_datasets.py
[2023-09-29T18:18:58.646+0000] {logging_mixin.py:151} INFO - [2023-09-29T18:18:58.646+0000] {dag.py:2915} INFO - Sync 6 DAGs
[2023-09-29T18:18:58.664+0000] {logging_mixin.py:151} INFO - [2023-09-29T18:18:58.664+0000] {dag.py:3696} INFO - Setting next_dagrun for dataset_consumes_1 to None, run_after=None
[2023-09-29T18:18:58.667+0000] {logging_mixin.py:151} INFO - [2023-09-29T18:18:58.667+0000] {dag.py:3696} INFO - Setting next_dagrun for dataset_consumes_1_and_2 to None, run_after=None
[2023-09-29T18:18:58.668+0000] {logging_mixin.py:151} INFO - [2023-09-29T18:18:58.668+0000] {dag.py:3696} INFO - Setting next_dagrun for dataset_consumes_1_never_scheduled to None, run_after=None
[2023-09-29T18:18:58.669+0000] {logging_mixin.py:151} INFO - [2023-09-29T18:18:58.669+0000] {dag.py:3696} INFO - Setting next_dagrun for dataset_consumes_unknown_never_scheduled to None, run_after=None
[2023-09-29T18:18:58.671+0000] {logging_mixin.py:151} INFO - [2023-09-29T18:18:58.671+0000] {dag.py:3696} INFO - Setting next_dagrun for dataset_produces_1 to 2023-09-28T00:00:00+00:00, run_after=2023-09-29T00:00:00+00:00
[2023-09-29T18:18:58.672+0000] {logging_mixin.py:151} INFO - [2023-09-29T18:18:58.672+0000] {dag.py:3696} INFO - Setting next_dagrun for dataset_produces_2 to None, run_after=None
[2023-09-29T18:18:58.708+0000] {processor.py:179} INFO - Processing /home/airflow/.local/lib/python3.8/site-packages/airflow/example_dags/example_datasets.py took 0.107 seconds
[2023-09-29T18:19:29.251+0000] {processor.py:157} INFO - Started process (PID=1367) to work on /home/airflow/.local/lib/python3.8/site-packages/airflow/example_dags/example_datasets.py
[2023-09-29T18:19:29.253+0000] {processor.py:829} INFO - Processing file /home/airflow/.local/lib/python3.8/site-packages/airflow/example_dags/example_datasets.py for tasks to queue
[2023-09-29T18:19:29.257+0000] {logging_mixin.py:151} INFO - [2023-09-29T18:19:29.256+0000] {dagbag.py:539} INFO - Filling up the DagBag from /home/airflow/.local/lib/python3.8/site-packages/airflow/example_dags/example_datasets.py
[2023-09-29T18:19:29.270+0000] {processor.py:839} INFO - DAG(s) dict_keys(['dataset_consumes_unknown_never_scheduled', 'dataset_consumes_1_and_2', 'dataset_produces_2', 'dataset_produces_1', 'dataset_consumes_1', 'dataset_consumes_1_never_scheduled']) retrieved from /home/airflow/.local/lib/python3.8/site-packages/airflow/example_dags/example_datasets.py
[2023-09-29T18:19:29.304+0000] {logging_mixin.py:151} INFO - [2023-09-29T18:19:29.304+0000] {dag.py:2915} INFO - Sync 6 DAGs
[2023-09-29T18:19:29.322+0000] {logging_mixin.py:151} INFO - [2023-09-29T18:19:29.322+0000] {dag.py:3696} INFO - Setting next_dagrun for dataset_consumes_1 to None, run_after=None
[2023-09-29T18:19:29.325+0000] {logging_mixin.py:151} INFO - [2023-09-29T18:19:29.324+0000] {dag.py:3696} INFO - Setting next_dagrun for dataset_consumes_1_and_2 to None, run_after=None
[2023-09-29T18:19:29.325+0000] {logging_mixin.py:151} INFO - [2023-09-29T18:19:29.325+0000] {dag.py:3696} INFO - Setting next_dagrun for dataset_consumes_1_never_scheduled to None, run_after=None
[2023-09-29T18:19:29.326+0000] {logging_mixin.py:151} INFO - [2023-09-29T18:19:29.326+0000] {dag.py:3696} INFO - Setting next_dagrun for dataset_consumes_unknown_never_scheduled to None, run_after=None
[2023-09-29T18:19:29.328+0000] {logging_mixin.py:151} INFO - [2023-09-29T18:19:29.328+0000] {dag.py:3696} INFO - Setting next_dagrun for dataset_produces_1 to 2023-09-28T00:00:00+00:00, run_after=2023-09-29T00:00:00+00:00
[2023-09-29T18:19:29.329+0000] {logging_mixin.py:151} INFO - [2023-09-29T18:19:29.329+0000] {dag.py:3696} INFO - Setting next_dagrun for dataset_produces_2 to None, run_after=None
[2023-09-29T18:19:29.358+0000] {processor.py:179} INFO - Processing /home/airflow/.local/lib/python3.8/site-packages/airflow/example_dags/example_datasets.py took 0.113 seconds
[2023-09-29T18:19:59.734+0000] {processor.py:157} INFO - Started process (PID=1422) to work on /home/airflow/.local/lib/python3.8/site-packages/airflow/example_dags/example_datasets.py
[2023-09-29T18:19:59.735+0000] {processor.py:829} INFO - Processing file /home/airflow/.local/lib/python3.8/site-packages/airflow/example_dags/example_datasets.py for tasks to queue
[2023-09-29T18:19:59.738+0000] {logging_mixin.py:151} INFO - [2023-09-29T18:19:59.738+0000] {dagbag.py:539} INFO - Filling up the DagBag from /home/airflow/.local/lib/python3.8/site-packages/airflow/example_dags/example_datasets.py
[2023-09-29T18:19:59.748+0000] {processor.py:839} INFO - DAG(s) dict_keys(['dataset_consumes_1', 'dataset_produces_1', 'dataset_consumes_1_never_scheduled', 'dataset_produces_2', 'dataset_consumes_1_and_2', 'dataset_consumes_unknown_never_scheduled']) retrieved from /home/airflow/.local/lib/python3.8/site-packages/airflow/example_dags/example_datasets.py
[2023-09-29T18:19:59.780+0000] {logging_mixin.py:151} INFO - [2023-09-29T18:19:59.779+0000] {dag.py:2915} INFO - Sync 6 DAGs
[2023-09-29T18:19:59.804+0000] {logging_mixin.py:151} INFO - [2023-09-29T18:19:59.804+0000] {dag.py:3696} INFO - Setting next_dagrun for dataset_consumes_1 to None, run_after=None
[2023-09-29T18:19:59.808+0000] {logging_mixin.py:151} INFO - [2023-09-29T18:19:59.808+0000] {dag.py:3696} INFO - Setting next_dagrun for dataset_consumes_1_and_2 to None, run_after=None
[2023-09-29T18:19:59.809+0000] {logging_mixin.py:151} INFO - [2023-09-29T18:19:59.809+0000] {dag.py:3696} INFO - Setting next_dagrun for dataset_consumes_1_never_scheduled to None, run_after=None
[2023-09-29T18:19:59.810+0000] {logging_mixin.py:151} INFO - [2023-09-29T18:19:59.810+0000] {dag.py:3696} INFO - Setting next_dagrun for dataset_consumes_unknown_never_scheduled to None, run_after=None
[2023-09-29T18:19:59.814+0000] {logging_mixin.py:151} INFO - [2023-09-29T18:19:59.814+0000] {dag.py:3696} INFO - Setting next_dagrun for dataset_produces_1 to 2023-09-28T00:00:00+00:00, run_after=2023-09-29T00:00:00+00:00
[2023-09-29T18:19:59.817+0000] {logging_mixin.py:151} INFO - [2023-09-29T18:19:59.817+0000] {dag.py:3696} INFO - Setting next_dagrun for dataset_produces_2 to None, run_after=None
[2023-09-29T18:19:59.862+0000] {processor.py:179} INFO - Processing /home/airflow/.local/lib/python3.8/site-packages/airflow/example_dags/example_datasets.py took 0.133 seconds
[2023-09-29T18:20:30.252+0000] {processor.py:157} INFO - Started process (PID=1477) to work on /home/airflow/.local/lib/python3.8/site-packages/airflow/example_dags/example_datasets.py
[2023-09-29T18:20:30.254+0000] {processor.py:829} INFO - Processing file /home/airflow/.local/lib/python3.8/site-packages/airflow/example_dags/example_datasets.py for tasks to queue
[2023-09-29T18:20:30.256+0000] {logging_mixin.py:151} INFO - [2023-09-29T18:20:30.255+0000] {dagbag.py:539} INFO - Filling up the DagBag from /home/airflow/.local/lib/python3.8/site-packages/airflow/example_dags/example_datasets.py
[2023-09-29T18:20:30.264+0000] {processor.py:839} INFO - DAG(s) dict_keys(['dataset_consumes_unknown_never_scheduled', 'dataset_consumes_1_never_scheduled', 'dataset_consumes_1_and_2', 'dataset_produces_2', 'dataset_consumes_1', 'dataset_produces_1']) retrieved from /home/airflow/.local/lib/python3.8/site-packages/airflow/example_dags/example_datasets.py
[2023-09-29T18:20:30.301+0000] {logging_mixin.py:151} INFO - [2023-09-29T18:20:30.301+0000] {dag.py:2915} INFO - Sync 6 DAGs
[2023-09-29T18:20:30.322+0000] {logging_mixin.py:151} INFO - [2023-09-29T18:20:30.322+0000] {dag.py:3696} INFO - Setting next_dagrun for dataset_consumes_1 to None, run_after=None
[2023-09-29T18:20:30.324+0000] {logging_mixin.py:151} INFO - [2023-09-29T18:20:30.324+0000] {dag.py:3696} INFO - Setting next_dagrun for dataset_consumes_1_and_2 to None, run_after=None
[2023-09-29T18:20:30.325+0000] {logging_mixin.py:151} INFO - [2023-09-29T18:20:30.325+0000] {dag.py:3696} INFO - Setting next_dagrun for dataset_consumes_1_never_scheduled to None, run_after=None
[2023-09-29T18:20:30.326+0000] {logging_mixin.py:151} INFO - [2023-09-29T18:20:30.326+0000] {dag.py:3696} INFO - Setting next_dagrun for dataset_consumes_unknown_never_scheduled to None, run_after=None
[2023-09-29T18:20:30.328+0000] {logging_mixin.py:151} INFO - [2023-09-29T18:20:30.328+0000] {dag.py:3696} INFO - Setting next_dagrun for dataset_produces_1 to 2023-09-28T00:00:00+00:00, run_after=2023-09-29T00:00:00+00:00
[2023-09-29T18:20:30.330+0000] {logging_mixin.py:151} INFO - [2023-09-29T18:20:30.329+0000] {dag.py:3696} INFO - Setting next_dagrun for dataset_produces_2 to None, run_after=None
[2023-09-29T18:20:30.356+0000] {processor.py:179} INFO - Processing /home/airflow/.local/lib/python3.8/site-packages/airflow/example_dags/example_datasets.py took 0.108 seconds
[2023-09-29T18:21:00.510+0000] {processor.py:157} INFO - Started process (PID=1533) to work on /home/airflow/.local/lib/python3.8/site-packages/airflow/example_dags/example_datasets.py
[2023-09-29T18:21:00.511+0000] {processor.py:829} INFO - Processing file /home/airflow/.local/lib/python3.8/site-packages/airflow/example_dags/example_datasets.py for tasks to queue
[2023-09-29T18:21:00.514+0000] {logging_mixin.py:151} INFO - [2023-09-29T18:21:00.514+0000] {dagbag.py:539} INFO - Filling up the DagBag from /home/airflow/.local/lib/python3.8/site-packages/airflow/example_dags/example_datasets.py
[2023-09-29T18:21:00.525+0000] {processor.py:839} INFO - DAG(s) dict_keys(['dataset_consumes_1_never_scheduled', 'dataset_produces_1', 'dataset_consumes_unknown_never_scheduled', 'dataset_produces_2', 'dataset_consumes_1_and_2', 'dataset_consumes_1']) retrieved from /home/airflow/.local/lib/python3.8/site-packages/airflow/example_dags/example_datasets.py
[2023-09-29T18:21:00.558+0000] {logging_mixin.py:151} INFO - [2023-09-29T18:21:00.558+0000] {dag.py:2915} INFO - Sync 6 DAGs
[2023-09-29T18:21:00.578+0000] {logging_mixin.py:151} INFO - [2023-09-29T18:21:00.577+0000] {dag.py:3696} INFO - Setting next_dagrun for dataset_consumes_1 to None, run_after=None
[2023-09-29T18:21:00.581+0000] {logging_mixin.py:151} INFO - [2023-09-29T18:21:00.581+0000] {dag.py:3696} INFO - Setting next_dagrun for dataset_consumes_1_and_2 to None, run_after=None
[2023-09-29T18:21:00.584+0000] {logging_mixin.py:151} INFO - [2023-09-29T18:21:00.583+0000] {dag.py:3696} INFO - Setting next_dagrun for dataset_consumes_1_never_scheduled to None, run_after=None
[2023-09-29T18:21:00.586+0000] {logging_mixin.py:151} INFO - [2023-09-29T18:21:00.586+0000] {dag.py:3696} INFO - Setting next_dagrun for dataset_consumes_unknown_never_scheduled to None, run_after=None
[2023-09-29T18:21:00.591+0000] {logging_mixin.py:151} INFO - [2023-09-29T18:21:00.591+0000] {dag.py:3696} INFO - Setting next_dagrun for dataset_produces_1 to 2023-09-28T00:00:00+00:00, run_after=2023-09-29T00:00:00+00:00
[2023-09-29T18:21:00.595+0000] {logging_mixin.py:151} INFO - [2023-09-29T18:21:00.595+0000] {dag.py:3696} INFO - Setting next_dagrun for dataset_produces_2 to None, run_after=None
[2023-09-29T18:21:00.666+0000] {processor.py:179} INFO - Processing /home/airflow/.local/lib/python3.8/site-packages/airflow/example_dags/example_datasets.py took 0.160 seconds
[2023-09-29T18:21:30.738+0000] {processor.py:157} INFO - Started process (PID=1588) to work on /home/airflow/.local/lib/python3.8/site-packages/airflow/example_dags/example_datasets.py
[2023-09-29T18:21:30.740+0000] {processor.py:829} INFO - Processing file /home/airflow/.local/lib/python3.8/site-packages/airflow/example_dags/example_datasets.py for tasks to queue
[2023-09-29T18:21:30.745+0000] {logging_mixin.py:151} INFO - [2023-09-29T18:21:30.744+0000] {dagbag.py:539} INFO - Filling up the DagBag from /home/airflow/.local/lib/python3.8/site-packages/airflow/example_dags/example_datasets.py
[2023-09-29T18:21:30.765+0000] {processor.py:839} INFO - DAG(s) dict_keys(['dataset_consumes_1_and_2', 'dataset_produces_2', 'dataset_consumes_unknown_never_scheduled', 'dataset_consumes_1', 'dataset_consumes_1_never_scheduled', 'dataset_produces_1']) retrieved from /home/airflow/.local/lib/python3.8/site-packages/airflow/example_dags/example_datasets.py
[2023-09-29T18:21:30.826+0000] {logging_mixin.py:151} INFO - [2023-09-29T18:21:30.825+0000] {dag.py:2915} INFO - Sync 6 DAGs
[2023-09-29T18:21:30.850+0000] {logging_mixin.py:151} INFO - [2023-09-29T18:21:30.850+0000] {dag.py:3696} INFO - Setting next_dagrun for dataset_consumes_1 to None, run_after=None
[2023-09-29T18:21:30.853+0000] {logging_mixin.py:151} INFO - [2023-09-29T18:21:30.853+0000] {dag.py:3696} INFO - Setting next_dagrun for dataset_consumes_1_and_2 to None, run_after=None
[2023-09-29T18:21:30.854+0000] {logging_mixin.py:151} INFO - [2023-09-29T18:21:30.854+0000] {dag.py:3696} INFO - Setting next_dagrun for dataset_consumes_1_never_scheduled to None, run_after=None
[2023-09-29T18:21:30.855+0000] {logging_mixin.py:151} INFO - [2023-09-29T18:21:30.855+0000] {dag.py:3696} INFO - Setting next_dagrun for dataset_consumes_unknown_never_scheduled to None, run_after=None
[2023-09-29T18:21:30.858+0000] {logging_mixin.py:151} INFO - [2023-09-29T18:21:30.858+0000] {dag.py:3696} INFO - Setting next_dagrun for dataset_produces_1 to 2023-09-28T00:00:00+00:00, run_after=2023-09-29T00:00:00+00:00
[2023-09-29T18:21:30.859+0000] {logging_mixin.py:151} INFO - [2023-09-29T18:21:30.859+0000] {dag.py:3696} INFO - Setting next_dagrun for dataset_produces_2 to None, run_after=None
[2023-09-29T18:21:30.884+0000] {processor.py:179} INFO - Processing /home/airflow/.local/lib/python3.8/site-packages/airflow/example_dags/example_datasets.py took 0.160 seconds
[2023-09-29T18:22:01.525+0000] {processor.py:157} INFO - Started process (PID=1651) to work on /home/airflow/.local/lib/python3.8/site-packages/airflow/example_dags/example_datasets.py
[2023-09-29T18:22:01.526+0000] {processor.py:829} INFO - Processing file /home/airflow/.local/lib/python3.8/site-packages/airflow/example_dags/example_datasets.py for tasks to queue
[2023-09-29T18:22:01.528+0000] {logging_mixin.py:151} INFO - [2023-09-29T18:22:01.527+0000] {dagbag.py:539} INFO - Filling up the DagBag from /home/airflow/.local/lib/python3.8/site-packages/airflow/example_dags/example_datasets.py
[2023-09-29T18:22:01.536+0000] {processor.py:839} INFO - DAG(s) dict_keys(['dataset_consumes_1_never_scheduled', 'dataset_consumes_1_and_2', 'dataset_produces_2', 'dataset_consumes_unknown_never_scheduled', 'dataset_consumes_1', 'dataset_produces_1']) retrieved from /home/airflow/.local/lib/python3.8/site-packages/airflow/example_dags/example_datasets.py
[2023-09-29T18:22:01.562+0000] {logging_mixin.py:151} INFO - [2023-09-29T18:22:01.562+0000] {dag.py:2915} INFO - Sync 6 DAGs
[2023-09-29T18:22:01.578+0000] {logging_mixin.py:151} INFO - [2023-09-29T18:22:01.578+0000] {dag.py:3696} INFO - Setting next_dagrun for dataset_consumes_1 to None, run_after=None
[2023-09-29T18:22:01.580+0000] {logging_mixin.py:151} INFO - [2023-09-29T18:22:01.580+0000] {dag.py:3696} INFO - Setting next_dagrun for dataset_consumes_1_and_2 to None, run_after=None
[2023-09-29T18:22:01.590+0000] {logging_mixin.py:151} INFO - [2023-09-29T18:22:01.589+0000] {dag.py:3696} INFO - Setting next_dagrun for dataset_consumes_1_never_scheduled to None, run_after=None
[2023-09-29T18:22:01.591+0000] {logging_mixin.py:151} INFO - [2023-09-29T18:22:01.591+0000] {dag.py:3696} INFO - Setting next_dagrun for dataset_consumes_unknown_never_scheduled to None, run_after=None
[2023-09-29T18:22:01.593+0000] {logging_mixin.py:151} INFO - [2023-09-29T18:22:01.593+0000] {dag.py:3696} INFO - Setting next_dagrun for dataset_produces_1 to 2023-09-28T00:00:00+00:00, run_after=2023-09-29T00:00:00+00:00
[2023-09-29T18:22:01.594+0000] {logging_mixin.py:151} INFO - [2023-09-29T18:22:01.594+0000] {dag.py:3696} INFO - Setting next_dagrun for dataset_produces_2 to None, run_after=None
[2023-09-29T18:22:01.621+0000] {processor.py:179} INFO - Processing /home/airflow/.local/lib/python3.8/site-packages/airflow/example_dags/example_datasets.py took 0.099 seconds
[2023-09-29T18:22:31.819+0000] {processor.py:157} INFO - Started process (PID=1706) to work on /home/airflow/.local/lib/python3.8/site-packages/airflow/example_dags/example_datasets.py
[2023-09-29T18:22:31.821+0000] {processor.py:829} INFO - Processing file /home/airflow/.local/lib/python3.8/site-packages/airflow/example_dags/example_datasets.py for tasks to queue
[2023-09-29T18:22:31.825+0000] {logging_mixin.py:151} INFO - [2023-09-29T18:22:31.824+0000] {dagbag.py:539} INFO - Filling up the DagBag from /home/airflow/.local/lib/python3.8/site-packages/airflow/example_dags/example_datasets.py
[2023-09-29T18:22:31.835+0000] {processor.py:839} INFO - DAG(s) dict_keys(['dataset_consumes_unknown_never_scheduled', 'dataset_consumes_1', 'dataset_produces_1', 'dataset_consumes_1_never_scheduled', 'dataset_consumes_1_and_2', 'dataset_produces_2']) retrieved from /home/airflow/.local/lib/python3.8/site-packages/airflow/example_dags/example_datasets.py
[2023-09-29T18:22:31.865+0000] {logging_mixin.py:151} INFO - [2023-09-29T18:22:31.865+0000] {dag.py:2915} INFO - Sync 6 DAGs
[2023-09-29T18:22:31.895+0000] {logging_mixin.py:151} INFO - [2023-09-29T18:22:31.894+0000] {dag.py:3696} INFO - Setting next_dagrun for dataset_consumes_1 to None, run_after=None
[2023-09-29T18:22:31.898+0000] {logging_mixin.py:151} INFO - [2023-09-29T18:22:31.898+0000] {dag.py:3696} INFO - Setting next_dagrun for dataset_consumes_1_and_2 to None, run_after=None
[2023-09-29T18:22:31.900+0000] {logging_mixin.py:151} INFO - [2023-09-29T18:22:31.900+0000] {dag.py:3696} INFO - Setting next_dagrun for dataset_consumes_1_never_scheduled to None, run_after=None
[2023-09-29T18:22:31.901+0000] {logging_mixin.py:151} INFO - [2023-09-29T18:22:31.901+0000] {dag.py:3696} INFO - Setting next_dagrun for dataset_consumes_unknown_never_scheduled to None, run_after=None
[2023-09-29T18:22:31.905+0000] {logging_mixin.py:151} INFO - [2023-09-29T18:22:31.905+0000] {dag.py:3696} INFO - Setting next_dagrun for dataset_produces_1 to 2023-09-28T00:00:00+00:00, run_after=2023-09-29T00:00:00+00:00
[2023-09-29T18:22:31.906+0000] {logging_mixin.py:151} INFO - [2023-09-29T18:22:31.906+0000] {dag.py:3696} INFO - Setting next_dagrun for dataset_produces_2 to None, run_after=None
[2023-09-29T18:22:31.933+0000] {processor.py:179} INFO - Processing /home/airflow/.local/lib/python3.8/site-packages/airflow/example_dags/example_datasets.py took 0.120 seconds
[2023-09-29T18:23:02.034+0000] {processor.py:157} INFO - Started process (PID=1762) to work on /home/airflow/.local/lib/python3.8/site-packages/airflow/example_dags/example_datasets.py
[2023-09-29T18:23:02.036+0000] {processor.py:829} INFO - Processing file /home/airflow/.local/lib/python3.8/site-packages/airflow/example_dags/example_datasets.py for tasks to queue
[2023-09-29T18:23:02.039+0000] {logging_mixin.py:151} INFO - [2023-09-29T18:23:02.038+0000] {dagbag.py:539} INFO - Filling up the DagBag from /home/airflow/.local/lib/python3.8/site-packages/airflow/example_dags/example_datasets.py
[2023-09-29T18:23:02.050+0000] {processor.py:839} INFO - DAG(s) dict_keys(['dataset_produces_2', 'dataset_consumes_unknown_never_scheduled', 'dataset_consumes_1', 'dataset_consumes_1_and_2', 'dataset_produces_1', 'dataset_consumes_1_never_scheduled']) retrieved from /home/airflow/.local/lib/python3.8/site-packages/airflow/example_dags/example_datasets.py
[2023-09-29T18:23:02.092+0000] {logging_mixin.py:151} INFO - [2023-09-29T18:23:02.091+0000] {dag.py:2915} INFO - Sync 6 DAGs
[2023-09-29T18:23:02.117+0000] {logging_mixin.py:151} INFO - [2023-09-29T18:23:02.117+0000] {dag.py:3696} INFO - Setting next_dagrun for dataset_consumes_1 to None, run_after=None
[2023-09-29T18:23:02.122+0000] {logging_mixin.py:151} INFO - [2023-09-29T18:23:02.122+0000] {dag.py:3696} INFO - Setting next_dagrun for dataset_consumes_1_and_2 to None, run_after=None
[2023-09-29T18:23:02.123+0000] {logging_mixin.py:151} INFO - [2023-09-29T18:23:02.123+0000] {dag.py:3696} INFO - Setting next_dagrun for dataset_consumes_1_never_scheduled to None, run_after=None
[2023-09-29T18:23:02.124+0000] {logging_mixin.py:151} INFO - [2023-09-29T18:23:02.124+0000] {dag.py:3696} INFO - Setting next_dagrun for dataset_consumes_unknown_never_scheduled to None, run_after=None
[2023-09-29T18:23:02.129+0000] {logging_mixin.py:151} INFO - [2023-09-29T18:23:02.129+0000] {dag.py:3696} INFO - Setting next_dagrun for dataset_produces_1 to 2023-09-28T00:00:00+00:00, run_after=2023-09-29T00:00:00+00:00
[2023-09-29T18:23:02.130+0000] {logging_mixin.py:151} INFO - [2023-09-29T18:23:02.130+0000] {dag.py:3696} INFO - Setting next_dagrun for dataset_produces_2 to None, run_after=None
[2023-09-29T18:23:02.160+0000] {processor.py:179} INFO - Processing /home/airflow/.local/lib/python3.8/site-packages/airflow/example_dags/example_datasets.py took 0.131 seconds
[2023-09-29T18:23:32.396+0000] {processor.py:157} INFO - Started process (PID=1817) to work on /home/airflow/.local/lib/python3.8/site-packages/airflow/example_dags/example_datasets.py
[2023-09-29T18:23:32.397+0000] {processor.py:829} INFO - Processing file /home/airflow/.local/lib/python3.8/site-packages/airflow/example_dags/example_datasets.py for tasks to queue
[2023-09-29T18:23:32.399+0000] {logging_mixin.py:151} INFO - [2023-09-29T18:23:32.399+0000] {dagbag.py:539} INFO - Filling up the DagBag from /home/airflow/.local/lib/python3.8/site-packages/airflow/example_dags/example_datasets.py
[2023-09-29T18:23:32.408+0000] {processor.py:839} INFO - DAG(s) dict_keys(['dataset_produces_2', 'dataset_produces_1', 'dataset_consumes_unknown_never_scheduled', 'dataset_consumes_1_never_scheduled', 'dataset_consumes_1_and_2', 'dataset_consumes_1']) retrieved from /home/airflow/.local/lib/python3.8/site-packages/airflow/example_dags/example_datasets.py
[2023-09-29T18:23:32.431+0000] {logging_mixin.py:151} INFO - [2023-09-29T18:23:32.431+0000] {dag.py:2915} INFO - Sync 6 DAGs
[2023-09-29T18:23:32.446+0000] {logging_mixin.py:151} INFO - [2023-09-29T18:23:32.446+0000] {dag.py:3696} INFO - Setting next_dagrun for dataset_consumes_1 to None, run_after=None
[2023-09-29T18:23:32.449+0000] {logging_mixin.py:151} INFO - [2023-09-29T18:23:32.449+0000] {dag.py:3696} INFO - Setting next_dagrun for dataset_consumes_1_and_2 to None, run_after=None
[2023-09-29T18:23:32.449+0000] {logging_mixin.py:151} INFO - [2023-09-29T18:23:32.449+0000] {dag.py:3696} INFO - Setting next_dagrun for dataset_consumes_1_never_scheduled to None, run_after=None
[2023-09-29T18:23:32.450+0000] {logging_mixin.py:151} INFO - [2023-09-29T18:23:32.450+0000] {dag.py:3696} INFO - Setting next_dagrun for dataset_consumes_unknown_never_scheduled to None, run_after=None
[2023-09-29T18:23:32.452+0000] {logging_mixin.py:151} INFO - [2023-09-29T18:23:32.452+0000] {dag.py:3696} INFO - Setting next_dagrun for dataset_produces_1 to 2023-09-28T00:00:00+00:00, run_after=2023-09-29T00:00:00+00:00
[2023-09-29T18:23:32.453+0000] {logging_mixin.py:151} INFO - [2023-09-29T18:23:32.453+0000] {dag.py:3696} INFO - Setting next_dagrun for dataset_produces_2 to None, run_after=None
[2023-09-29T18:23:32.474+0000] {processor.py:179} INFO - Processing /home/airflow/.local/lib/python3.8/site-packages/airflow/example_dags/example_datasets.py took 0.082 seconds
[2023-09-29T18:24:02.670+0000] {processor.py:157} INFO - Started process (PID=1872) to work on /home/airflow/.local/lib/python3.8/site-packages/airflow/example_dags/example_datasets.py
[2023-09-29T18:24:02.671+0000] {processor.py:829} INFO - Processing file /home/airflow/.local/lib/python3.8/site-packages/airflow/example_dags/example_datasets.py for tasks to queue
[2023-09-29T18:24:02.674+0000] {logging_mixin.py:151} INFO - [2023-09-29T18:24:02.674+0000] {dagbag.py:539} INFO - Filling up the DagBag from /home/airflow/.local/lib/python3.8/site-packages/airflow/example_dags/example_datasets.py
[2023-09-29T18:24:02.683+0000] {processor.py:839} INFO - DAG(s) dict_keys(['dataset_consumes_1_never_scheduled', 'dataset_produces_1', 'dataset_consumes_1', 'dataset_consumes_unknown_never_scheduled', 'dataset_produces_2', 'dataset_consumes_1_and_2']) retrieved from /home/airflow/.local/lib/python3.8/site-packages/airflow/example_dags/example_datasets.py
[2023-09-29T18:24:02.710+0000] {logging_mixin.py:151} INFO - [2023-09-29T18:24:02.710+0000] {dag.py:2915} INFO - Sync 6 DAGs
[2023-09-29T18:24:02.726+0000] {logging_mixin.py:151} INFO - [2023-09-29T18:24:02.726+0000] {dag.py:3696} INFO - Setting next_dagrun for dataset_consumes_1 to None, run_after=None
[2023-09-29T18:24:02.728+0000] {logging_mixin.py:151} INFO - [2023-09-29T18:24:02.728+0000] {dag.py:3696} INFO - Setting next_dagrun for dataset_consumes_1_and_2 to None, run_after=None
[2023-09-29T18:24:02.729+0000] {logging_mixin.py:151} INFO - [2023-09-29T18:24:02.729+0000] {dag.py:3696} INFO - Setting next_dagrun for dataset_consumes_1_never_scheduled to None, run_after=None
[2023-09-29T18:24:02.730+0000] {logging_mixin.py:151} INFO - [2023-09-29T18:24:02.730+0000] {dag.py:3696} INFO - Setting next_dagrun for dataset_consumes_unknown_never_scheduled to None, run_after=None
[2023-09-29T18:24:02.732+0000] {logging_mixin.py:151} INFO - [2023-09-29T18:24:02.732+0000] {dag.py:3696} INFO - Setting next_dagrun for dataset_produces_1 to 2023-09-28T00:00:00+00:00, run_after=2023-09-29T00:00:00+00:00
[2023-09-29T18:24:02.733+0000] {logging_mixin.py:151} INFO - [2023-09-29T18:24:02.733+0000] {dag.py:3696} INFO - Setting next_dagrun for dataset_produces_2 to None, run_after=None
[2023-09-29T18:24:02.753+0000] {processor.py:179} INFO - Processing /home/airflow/.local/lib/python3.8/site-packages/airflow/example_dags/example_datasets.py took 0.088 seconds
[2023-09-29T18:24:32.838+0000] {processor.py:157} INFO - Started process (PID=1927) to work on /home/airflow/.local/lib/python3.8/site-packages/airflow/example_dags/example_datasets.py
[2023-09-29T18:24:32.840+0000] {processor.py:829} INFO - Processing file /home/airflow/.local/lib/python3.8/site-packages/airflow/example_dags/example_datasets.py for tasks to queue
[2023-09-29T18:24:32.843+0000] {logging_mixin.py:151} INFO - [2023-09-29T18:24:32.842+0000] {dagbag.py:539} INFO - Filling up the DagBag from /home/airflow/.local/lib/python3.8/site-packages/airflow/example_dags/example_datasets.py
[2023-09-29T18:24:32.853+0000] {processor.py:839} INFO - DAG(s) dict_keys(['dataset_consumes_1', 'dataset_consumes_1_never_scheduled', 'dataset_consumes_1_and_2', 'dataset_produces_2', 'dataset_produces_1', 'dataset_consumes_unknown_never_scheduled']) retrieved from /home/airflow/.local/lib/python3.8/site-packages/airflow/example_dags/example_datasets.py
[2023-09-29T18:24:32.880+0000] {logging_mixin.py:151} INFO - [2023-09-29T18:24:32.880+0000] {dag.py:2915} INFO - Sync 6 DAGs
[2023-09-29T18:24:32.896+0000] {logging_mixin.py:151} INFO - [2023-09-29T18:24:32.896+0000] {dag.py:3696} INFO - Setting next_dagrun for dataset_consumes_1 to None, run_after=None
[2023-09-29T18:24:32.899+0000] {logging_mixin.py:151} INFO - [2023-09-29T18:24:32.899+0000] {dag.py:3696} INFO - Setting next_dagrun for dataset_consumes_1_and_2 to None, run_after=None
[2023-09-29T18:24:32.900+0000] {logging_mixin.py:151} INFO - [2023-09-29T18:24:32.900+0000] {dag.py:3696} INFO - Setting next_dagrun for dataset_consumes_1_never_scheduled to None, run_after=None
[2023-09-29T18:24:32.901+0000] {logging_mixin.py:151} INFO - [2023-09-29T18:24:32.901+0000] {dag.py:3696} INFO - Setting next_dagrun for dataset_consumes_unknown_never_scheduled to None, run_after=None
[2023-09-29T18:24:32.903+0000] {logging_mixin.py:151} INFO - [2023-09-29T18:24:32.903+0000] {dag.py:3696} INFO - Setting next_dagrun for dataset_produces_1 to 2023-09-28T00:00:00+00:00, run_after=2023-09-29T00:00:00+00:00
[2023-09-29T18:24:32.904+0000] {logging_mixin.py:151} INFO - [2023-09-29T18:24:32.904+0000] {dag.py:3696} INFO - Setting next_dagrun for dataset_produces_2 to None, run_after=None
[2023-09-29T18:24:32.927+0000] {processor.py:179} INFO - Processing /home/airflow/.local/lib/python3.8/site-packages/airflow/example_dags/example_datasets.py took 0.094 seconds
[2023-09-29T18:25:03.131+0000] {processor.py:157} INFO - Started process (PID=1982) to work on /home/airflow/.local/lib/python3.8/site-packages/airflow/example_dags/example_datasets.py
[2023-09-29T18:25:03.132+0000] {processor.py:829} INFO - Processing file /home/airflow/.local/lib/python3.8/site-packages/airflow/example_dags/example_datasets.py for tasks to queue
[2023-09-29T18:25:03.134+0000] {logging_mixin.py:151} INFO - [2023-09-29T18:25:03.134+0000] {dagbag.py:539} INFO - Filling up the DagBag from /home/airflow/.local/lib/python3.8/site-packages/airflow/example_dags/example_datasets.py
[2023-09-29T18:25:03.143+0000] {processor.py:839} INFO - DAG(s) dict_keys(['dataset_consumes_1_never_scheduled', 'dataset_consumes_1', 'dataset_produces_1', 'dataset_produces_2', 'dataset_consumes_1_and_2', 'dataset_consumes_unknown_never_scheduled']) retrieved from /home/airflow/.local/lib/python3.8/site-packages/airflow/example_dags/example_datasets.py
[2023-09-29T18:25:03.168+0000] {logging_mixin.py:151} INFO - [2023-09-29T18:25:03.168+0000] {dag.py:2915} INFO - Sync 6 DAGs
[2023-09-29T18:25:03.183+0000] {logging_mixin.py:151} INFO - [2023-09-29T18:25:03.183+0000] {dag.py:3696} INFO - Setting next_dagrun for dataset_consumes_1 to None, run_after=None
[2023-09-29T18:25:03.186+0000] {logging_mixin.py:151} INFO - [2023-09-29T18:25:03.186+0000] {dag.py:3696} INFO - Setting next_dagrun for dataset_consumes_1_and_2 to None, run_after=None
[2023-09-29T18:25:03.187+0000] {logging_mixin.py:151} INFO - [2023-09-29T18:25:03.187+0000] {dag.py:3696} INFO - Setting next_dagrun for dataset_consumes_1_never_scheduled to None, run_after=None
[2023-09-29T18:25:03.188+0000] {logging_mixin.py:151} INFO - [2023-09-29T18:25:03.188+0000] {dag.py:3696} INFO - Setting next_dagrun for dataset_consumes_unknown_never_scheduled to None, run_after=None
[2023-09-29T18:25:03.190+0000] {logging_mixin.py:151} INFO - [2023-09-29T18:25:03.190+0000] {dag.py:3696} INFO - Setting next_dagrun for dataset_produces_1 to 2023-09-28T00:00:00+00:00, run_after=2023-09-29T00:00:00+00:00
[2023-09-29T18:25:03.191+0000] {logging_mixin.py:151} INFO - [2023-09-29T18:25:03.191+0000] {dag.py:3696} INFO - Setting next_dagrun for dataset_produces_2 to None, run_after=None
[2023-09-29T18:25:03.211+0000] {processor.py:179} INFO - Processing /home/airflow/.local/lib/python3.8/site-packages/airflow/example_dags/example_datasets.py took 0.085 seconds
