[2023-09-29T18:07:15.982+0000] {processor.py:157} INFO - Started process (PID=61) to work on /home/airflow/.local/lib/python3.8/site-packages/airflow/example_dags/example_task_group_decorator.py
[2023-09-29T18:07:15.983+0000] {processor.py:829} INFO - Processing file /home/airflow/.local/lib/python3.8/site-packages/airflow/example_dags/example_task_group_decorator.py for tasks to queue
[2023-09-29T18:07:15.986+0000] {logging_mixin.py:151} INFO - [2023-09-29T18:07:15.986+0000] {dagbag.py:539} INFO - Filling up the DagBag from /home/airflow/.local/lib/python3.8/site-packages/airflow/example_dags/example_task_group_decorator.py
[2023-09-29T18:07:16.006+0000] {processor.py:839} INFO - DAG(s) dict_keys(['example_task_group_decorator']) retrieved from /home/airflow/.local/lib/python3.8/site-packages/airflow/example_dags/example_task_group_decorator.py
[2023-09-29T18:07:16.026+0000] {logging_mixin.py:151} INFO - [2023-09-29T18:07:16.026+0000] {dag.py:2915} INFO - Sync 1 DAGs
[2023-09-29T18:07:16.068+0000] {logging_mixin.py:151} INFO - [2023-09-29T18:07:16.068+0000] {dag.py:3696} INFO - Setting next_dagrun for example_task_group_decorator to 2023-09-28T18:07:16.067597+00:00, run_after=2023-09-29T18:07:16.067597+00:00
[2023-09-29T18:07:16.161+0000] {processor.py:179} INFO - Processing /home/airflow/.local/lib/python3.8/site-packages/airflow/example_dags/example_task_group_decorator.py took 0.184 seconds
[2023-09-29T18:07:51.807+0000] {processor.py:157} INFO - Started process (PID=115) to work on /home/airflow/.local/lib/python3.8/site-packages/airflow/example_dags/example_task_group_decorator.py
[2023-09-29T18:07:51.814+0000] {processor.py:829} INFO - Processing file /home/airflow/.local/lib/python3.8/site-packages/airflow/example_dags/example_task_group_decorator.py for tasks to queue
[2023-09-29T18:07:51.829+0000] {logging_mixin.py:151} INFO - [2023-09-29T18:07:51.828+0000] {dagbag.py:539} INFO - Filling up the DagBag from /home/airflow/.local/lib/python3.8/site-packages/airflow/example_dags/example_task_group_decorator.py
[2023-09-29T18:07:52.171+0000] {processor.py:839} INFO - DAG(s) dict_keys(['example_task_group_decorator']) retrieved from /home/airflow/.local/lib/python3.8/site-packages/airflow/example_dags/example_task_group_decorator.py
[2023-09-29T18:07:52.364+0000] {logging_mixin.py:151} INFO - [2023-09-29T18:07:52.363+0000] {dag.py:2915} INFO - Sync 1 DAGs
[2023-09-29T18:07:52.418+0000] {logging_mixin.py:151} INFO - [2023-09-29T18:07:52.418+0000] {dag.py:3696} INFO - Setting next_dagrun for example_task_group_decorator to 2023-09-28T18:07:52.417485+00:00, run_after=2023-09-29T18:07:52.417485+00:00
[2023-09-29T18:07:52.441+0000] {processor.py:179} INFO - Processing /home/airflow/.local/lib/python3.8/site-packages/airflow/example_dags/example_task_group_decorator.py took 0.655 seconds
[2023-09-29T18:08:22.489+0000] {processor.py:157} INFO - Started process (PID=168) to work on /home/airflow/.local/lib/python3.8/site-packages/airflow/example_dags/example_task_group_decorator.py
[2023-09-29T18:08:22.490+0000] {processor.py:829} INFO - Processing file /home/airflow/.local/lib/python3.8/site-packages/airflow/example_dags/example_task_group_decorator.py for tasks to queue
[2023-09-29T18:08:22.494+0000] {logging_mixin.py:151} INFO - [2023-09-29T18:08:22.493+0000] {dagbag.py:539} INFO - Filling up the DagBag from /home/airflow/.local/lib/python3.8/site-packages/airflow/example_dags/example_task_group_decorator.py
[2023-09-29T18:08:22.517+0000] {processor.py:839} INFO - DAG(s) dict_keys(['example_task_group_decorator']) retrieved from /home/airflow/.local/lib/python3.8/site-packages/airflow/example_dags/example_task_group_decorator.py
[2023-09-29T18:08:22.546+0000] {logging_mixin.py:151} INFO - [2023-09-29T18:08:22.546+0000] {dag.py:2915} INFO - Sync 1 DAGs
[2023-09-29T18:08:22.575+0000] {logging_mixin.py:151} INFO - [2023-09-29T18:08:22.575+0000] {dag.py:3696} INFO - Setting next_dagrun for example_task_group_decorator to 2023-09-28T18:08:22.575017+00:00, run_after=2023-09-29T18:08:22.575017+00:00
[2023-09-29T18:08:22.592+0000] {processor.py:179} INFO - Processing /home/airflow/.local/lib/python3.8/site-packages/airflow/example_dags/example_task_group_decorator.py took 0.108 seconds
[2023-09-29T18:08:52.732+0000] {processor.py:157} INFO - Started process (PID=223) to work on /home/airflow/.local/lib/python3.8/site-packages/airflow/example_dags/example_task_group_decorator.py
[2023-09-29T18:08:52.734+0000] {processor.py:829} INFO - Processing file /home/airflow/.local/lib/python3.8/site-packages/airflow/example_dags/example_task_group_decorator.py for tasks to queue
[2023-09-29T18:08:52.738+0000] {logging_mixin.py:151} INFO - [2023-09-29T18:08:52.738+0000] {dagbag.py:539} INFO - Filling up the DagBag from /home/airflow/.local/lib/python3.8/site-packages/airflow/example_dags/example_task_group_decorator.py
[2023-09-29T18:08:52.763+0000] {processor.py:839} INFO - DAG(s) dict_keys(['example_task_group_decorator']) retrieved from /home/airflow/.local/lib/python3.8/site-packages/airflow/example_dags/example_task_group_decorator.py
[2023-09-29T18:08:52.802+0000] {logging_mixin.py:151} INFO - [2023-09-29T18:08:52.801+0000] {dag.py:2915} INFO - Sync 1 DAGs
[2023-09-29T18:08:52.833+0000] {logging_mixin.py:151} INFO - [2023-09-29T18:08:52.833+0000] {dag.py:3696} INFO - Setting next_dagrun for example_task_group_decorator to 2023-09-28T18:08:52.832502+00:00, run_after=2023-09-29T18:08:52.832502+00:00
[2023-09-29T18:08:52.850+0000] {processor.py:179} INFO - Processing /home/airflow/.local/lib/python3.8/site-packages/airflow/example_dags/example_task_group_decorator.py took 0.130 seconds
[2023-09-29T18:09:22.964+0000] {processor.py:157} INFO - Started process (PID=278) to work on /home/airflow/.local/lib/python3.8/site-packages/airflow/example_dags/example_task_group_decorator.py
[2023-09-29T18:09:22.966+0000] {processor.py:829} INFO - Processing file /home/airflow/.local/lib/python3.8/site-packages/airflow/example_dags/example_task_group_decorator.py for tasks to queue
[2023-09-29T18:09:22.969+0000] {logging_mixin.py:151} INFO - [2023-09-29T18:09:22.969+0000] {dagbag.py:539} INFO - Filling up the DagBag from /home/airflow/.local/lib/python3.8/site-packages/airflow/example_dags/example_task_group_decorator.py
[2023-09-29T18:09:22.982+0000] {processor.py:839} INFO - DAG(s) dict_keys(['example_task_group_decorator']) retrieved from /home/airflow/.local/lib/python3.8/site-packages/airflow/example_dags/example_task_group_decorator.py
[2023-09-29T18:09:23.003+0000] {logging_mixin.py:151} INFO - [2023-09-29T18:09:23.003+0000] {dag.py:2915} INFO - Sync 1 DAGs
[2023-09-29T18:09:23.021+0000] {logging_mixin.py:151} INFO - [2023-09-29T18:09:23.021+0000] {dag.py:3696} INFO - Setting next_dagrun for example_task_group_decorator to 2023-09-28T18:09:23.021606+00:00, run_after=2023-09-29T18:09:23.021606+00:00
[2023-09-29T18:09:23.036+0000] {processor.py:179} INFO - Processing /home/airflow/.local/lib/python3.8/site-packages/airflow/example_dags/example_task_group_decorator.py took 0.078 seconds
[2023-09-29T18:09:53.434+0000] {processor.py:157} INFO - Started process (PID=333) to work on /home/airflow/.local/lib/python3.8/site-packages/airflow/example_dags/example_task_group_decorator.py
[2023-09-29T18:09:53.435+0000] {processor.py:829} INFO - Processing file /home/airflow/.local/lib/python3.8/site-packages/airflow/example_dags/example_task_group_decorator.py for tasks to queue
[2023-09-29T18:09:53.439+0000] {logging_mixin.py:151} INFO - [2023-09-29T18:09:53.438+0000] {dagbag.py:539} INFO - Filling up the DagBag from /home/airflow/.local/lib/python3.8/site-packages/airflow/example_dags/example_task_group_decorator.py
[2023-09-29T18:09:53.455+0000] {processor.py:839} INFO - DAG(s) dict_keys(['example_task_group_decorator']) retrieved from /home/airflow/.local/lib/python3.8/site-packages/airflow/example_dags/example_task_group_decorator.py
[2023-09-29T18:09:53.496+0000] {logging_mixin.py:151} INFO - [2023-09-29T18:09:53.496+0000] {dag.py:2915} INFO - Sync 1 DAGs
[2023-09-29T18:09:53.519+0000] {logging_mixin.py:151} INFO - [2023-09-29T18:09:53.518+0000] {dag.py:3696} INFO - Setting next_dagrun for example_task_group_decorator to 2023-09-28T18:09:53.518381+00:00, run_after=2023-09-29T18:09:53.518381+00:00
[2023-09-29T18:09:53.534+0000] {processor.py:179} INFO - Processing /home/airflow/.local/lib/python3.8/site-packages/airflow/example_dags/example_task_group_decorator.py took 0.104 seconds
[2023-09-29T18:10:23.978+0000] {processor.py:157} INFO - Started process (PID=388) to work on /home/airflow/.local/lib/python3.8/site-packages/airflow/example_dags/example_task_group_decorator.py
[2023-09-29T18:10:23.980+0000] {processor.py:829} INFO - Processing file /home/airflow/.local/lib/python3.8/site-packages/airflow/example_dags/example_task_group_decorator.py for tasks to queue
[2023-09-29T18:10:23.987+0000] {logging_mixin.py:151} INFO - [2023-09-29T18:10:23.987+0000] {dagbag.py:539} INFO - Filling up the DagBag from /home/airflow/.local/lib/python3.8/site-packages/airflow/example_dags/example_task_group_decorator.py
[2023-09-29T18:10:24.015+0000] {processor.py:839} INFO - DAG(s) dict_keys(['example_task_group_decorator']) retrieved from /home/airflow/.local/lib/python3.8/site-packages/airflow/example_dags/example_task_group_decorator.py
[2023-09-29T18:10:24.070+0000] {logging_mixin.py:151} INFO - [2023-09-29T18:10:24.069+0000] {dag.py:2915} INFO - Sync 1 DAGs
[2023-09-29T18:10:24.094+0000] {logging_mixin.py:151} INFO - [2023-09-29T18:10:24.094+0000] {dag.py:3696} INFO - Setting next_dagrun for example_task_group_decorator to 2023-09-28T18:10:24.093852+00:00, run_after=2023-09-29T18:10:24.093852+00:00
[2023-09-29T18:10:24.110+0000] {processor.py:179} INFO - Processing /home/airflow/.local/lib/python3.8/site-packages/airflow/example_dags/example_task_group_decorator.py took 0.138 seconds
[2023-09-29T18:10:54.985+0000] {processor.py:157} INFO - Started process (PID=444) to work on /home/airflow/.local/lib/python3.8/site-packages/airflow/example_dags/example_task_group_decorator.py
[2023-09-29T18:10:54.986+0000] {processor.py:829} INFO - Processing file /home/airflow/.local/lib/python3.8/site-packages/airflow/example_dags/example_task_group_decorator.py for tasks to queue
[2023-09-29T18:10:54.988+0000] {logging_mixin.py:151} INFO - [2023-09-29T18:10:54.988+0000] {dagbag.py:539} INFO - Filling up the DagBag from /home/airflow/.local/lib/python3.8/site-packages/airflow/example_dags/example_task_group_decorator.py
[2023-09-29T18:10:54.999+0000] {processor.py:839} INFO - DAG(s) dict_keys(['example_task_group_decorator']) retrieved from /home/airflow/.local/lib/python3.8/site-packages/airflow/example_dags/example_task_group_decorator.py
[2023-09-29T18:10:55.018+0000] {logging_mixin.py:151} INFO - [2023-09-29T18:10:55.018+0000] {dag.py:2915} INFO - Sync 1 DAGs
[2023-09-29T18:10:55.034+0000] {logging_mixin.py:151} INFO - [2023-09-29T18:10:55.034+0000] {dag.py:3696} INFO - Setting next_dagrun for example_task_group_decorator to 2023-09-28T18:10:55.033814+00:00, run_after=2023-09-29T18:10:55.033814+00:00
[2023-09-29T18:10:55.045+0000] {processor.py:179} INFO - Processing /home/airflow/.local/lib/python3.8/site-packages/airflow/example_dags/example_task_group_decorator.py took 0.064 seconds
[2023-09-29T18:11:25.545+0000] {processor.py:157} INFO - Started process (PID=499) to work on /home/airflow/.local/lib/python3.8/site-packages/airflow/example_dags/example_task_group_decorator.py
[2023-09-29T18:11:25.546+0000] {processor.py:829} INFO - Processing file /home/airflow/.local/lib/python3.8/site-packages/airflow/example_dags/example_task_group_decorator.py for tasks to queue
[2023-09-29T18:11:25.548+0000] {logging_mixin.py:151} INFO - [2023-09-29T18:11:25.548+0000] {dagbag.py:539} INFO - Filling up the DagBag from /home/airflow/.local/lib/python3.8/site-packages/airflow/example_dags/example_task_group_decorator.py
[2023-09-29T18:11:25.560+0000] {processor.py:839} INFO - DAG(s) dict_keys(['example_task_group_decorator']) retrieved from /home/airflow/.local/lib/python3.8/site-packages/airflow/example_dags/example_task_group_decorator.py
[2023-09-29T18:11:25.579+0000] {logging_mixin.py:151} INFO - [2023-09-29T18:11:25.579+0000] {dag.py:2915} INFO - Sync 1 DAGs
[2023-09-29T18:11:25.598+0000] {logging_mixin.py:151} INFO - [2023-09-29T18:11:25.598+0000] {dag.py:3696} INFO - Setting next_dagrun for example_task_group_decorator to 2023-09-28T18:11:25.597808+00:00, run_after=2023-09-29T18:11:25.597808+00:00
[2023-09-29T18:11:25.613+0000] {processor.py:179} INFO - Processing /home/airflow/.local/lib/python3.8/site-packages/airflow/example_dags/example_task_group_decorator.py took 0.072 seconds
[2023-09-29T18:11:55.685+0000] {processor.py:157} INFO - Started process (PID=554) to work on /home/airflow/.local/lib/python3.8/site-packages/airflow/example_dags/example_task_group_decorator.py
[2023-09-29T18:11:55.686+0000] {processor.py:829} INFO - Processing file /home/airflow/.local/lib/python3.8/site-packages/airflow/example_dags/example_task_group_decorator.py for tasks to queue
[2023-09-29T18:11:55.687+0000] {logging_mixin.py:151} INFO - [2023-09-29T18:11:55.687+0000] {dagbag.py:539} INFO - Filling up the DagBag from /home/airflow/.local/lib/python3.8/site-packages/airflow/example_dags/example_task_group_decorator.py
[2023-09-29T18:11:55.698+0000] {processor.py:839} INFO - DAG(s) dict_keys(['example_task_group_decorator']) retrieved from /home/airflow/.local/lib/python3.8/site-packages/airflow/example_dags/example_task_group_decorator.py
[2023-09-29T18:11:55.716+0000] {logging_mixin.py:151} INFO - [2023-09-29T18:11:55.716+0000] {dag.py:2915} INFO - Sync 1 DAGs
[2023-09-29T18:11:55.732+0000] {logging_mixin.py:151} INFO - [2023-09-29T18:11:55.732+0000] {dag.py:3696} INFO - Setting next_dagrun for example_task_group_decorator to 2023-09-28T18:11:55.731927+00:00, run_after=2023-09-29T18:11:55.731927+00:00
[2023-09-29T18:11:55.743+0000] {processor.py:179} INFO - Processing /home/airflow/.local/lib/python3.8/site-packages/airflow/example_dags/example_task_group_decorator.py took 0.061 seconds
[2023-09-29T18:12:26.481+0000] {processor.py:157} INFO - Started process (PID=609) to work on /home/airflow/.local/lib/python3.8/site-packages/airflow/example_dags/example_task_group_decorator.py
[2023-09-29T18:12:26.482+0000] {processor.py:829} INFO - Processing file /home/airflow/.local/lib/python3.8/site-packages/airflow/example_dags/example_task_group_decorator.py for tasks to queue
[2023-09-29T18:12:26.484+0000] {logging_mixin.py:151} INFO - [2023-09-29T18:12:26.484+0000] {dagbag.py:539} INFO - Filling up the DagBag from /home/airflow/.local/lib/python3.8/site-packages/airflow/example_dags/example_task_group_decorator.py
[2023-09-29T18:12:26.495+0000] {processor.py:839} INFO - DAG(s) dict_keys(['example_task_group_decorator']) retrieved from /home/airflow/.local/lib/python3.8/site-packages/airflow/example_dags/example_task_group_decorator.py
[2023-09-29T18:12:26.516+0000] {logging_mixin.py:151} INFO - [2023-09-29T18:12:26.516+0000] {dag.py:2915} INFO - Sync 1 DAGs
[2023-09-29T18:12:26.534+0000] {logging_mixin.py:151} INFO - [2023-09-29T18:12:26.534+0000] {dag.py:3696} INFO - Setting next_dagrun for example_task_group_decorator to 2023-09-28T18:12:26.534397+00:00, run_after=2023-09-29T18:12:26.534397+00:00
[2023-09-29T18:12:26.546+0000] {processor.py:179} INFO - Processing /home/airflow/.local/lib/python3.8/site-packages/airflow/example_dags/example_task_group_decorator.py took 0.071 seconds
[2023-09-29T18:12:57.551+0000] {processor.py:157} INFO - Started process (PID=665) to work on /home/airflow/.local/lib/python3.8/site-packages/airflow/example_dags/example_task_group_decorator.py
[2023-09-29T18:12:57.553+0000] {processor.py:829} INFO - Processing file /home/airflow/.local/lib/python3.8/site-packages/airflow/example_dags/example_task_group_decorator.py for tasks to queue
[2023-09-29T18:12:57.555+0000] {logging_mixin.py:151} INFO - [2023-09-29T18:12:57.554+0000] {dagbag.py:539} INFO - Filling up the DagBag from /home/airflow/.local/lib/python3.8/site-packages/airflow/example_dags/example_task_group_decorator.py
[2023-09-29T18:12:57.565+0000] {processor.py:839} INFO - DAG(s) dict_keys(['example_task_group_decorator']) retrieved from /home/airflow/.local/lib/python3.8/site-packages/airflow/example_dags/example_task_group_decorator.py
[2023-09-29T18:12:57.598+0000] {logging_mixin.py:151} INFO - [2023-09-29T18:12:57.598+0000] {dag.py:2915} INFO - Sync 1 DAGs
[2023-09-29T18:12:57.623+0000] {logging_mixin.py:151} INFO - [2023-09-29T18:12:57.623+0000] {dag.py:3696} INFO - Setting next_dagrun for example_task_group_decorator to 2023-09-28T18:12:57.623039+00:00, run_after=2023-09-29T18:12:57.623039+00:00
[2023-09-29T18:12:57.638+0000] {processor.py:179} INFO - Processing /home/airflow/.local/lib/python3.8/site-packages/airflow/example_dags/example_task_group_decorator.py took 0.090 seconds
[2023-09-29T18:13:28.199+0000] {processor.py:157} INFO - Started process (PID=720) to work on /home/airflow/.local/lib/python3.8/site-packages/airflow/example_dags/example_task_group_decorator.py
[2023-09-29T18:13:28.200+0000] {processor.py:829} INFO - Processing file /home/airflow/.local/lib/python3.8/site-packages/airflow/example_dags/example_task_group_decorator.py for tasks to queue
[2023-09-29T18:13:28.202+0000] {logging_mixin.py:151} INFO - [2023-09-29T18:13:28.202+0000] {dagbag.py:539} INFO - Filling up the DagBag from /home/airflow/.local/lib/python3.8/site-packages/airflow/example_dags/example_task_group_decorator.py
[2023-09-29T18:13:28.213+0000] {processor.py:839} INFO - DAG(s) dict_keys(['example_task_group_decorator']) retrieved from /home/airflow/.local/lib/python3.8/site-packages/airflow/example_dags/example_task_group_decorator.py
[2023-09-29T18:13:28.232+0000] {logging_mixin.py:151} INFO - [2023-09-29T18:13:28.232+0000] {dag.py:2915} INFO - Sync 1 DAGs
[2023-09-29T18:13:28.248+0000] {logging_mixin.py:151} INFO - [2023-09-29T18:13:28.248+0000] {dag.py:3696} INFO - Setting next_dagrun for example_task_group_decorator to 2023-09-28T18:13:28.248477+00:00, run_after=2023-09-29T18:13:28.248477+00:00
[2023-09-29T18:13:28.260+0000] {processor.py:179} INFO - Processing /home/airflow/.local/lib/python3.8/site-packages/airflow/example_dags/example_task_group_decorator.py took 0.065 seconds
[2023-09-29T18:13:59.124+0000] {processor.py:157} INFO - Started process (PID=775) to work on /home/airflow/.local/lib/python3.8/site-packages/airflow/example_dags/example_task_group_decorator.py
[2023-09-29T18:13:59.126+0000] {processor.py:829} INFO - Processing file /home/airflow/.local/lib/python3.8/site-packages/airflow/example_dags/example_task_group_decorator.py for tasks to queue
[2023-09-29T18:13:59.129+0000] {logging_mixin.py:151} INFO - [2023-09-29T18:13:59.129+0000] {dagbag.py:539} INFO - Filling up the DagBag from /home/airflow/.local/lib/python3.8/site-packages/airflow/example_dags/example_task_group_decorator.py
[2023-09-29T18:13:59.147+0000] {processor.py:839} INFO - DAG(s) dict_keys(['example_task_group_decorator']) retrieved from /home/airflow/.local/lib/python3.8/site-packages/airflow/example_dags/example_task_group_decorator.py
[2023-09-29T18:13:59.168+0000] {logging_mixin.py:151} INFO - [2023-09-29T18:13:59.168+0000] {dag.py:2915} INFO - Sync 1 DAGs
[2023-09-29T18:13:59.195+0000] {logging_mixin.py:151} INFO - [2023-09-29T18:13:59.194+0000] {dag.py:3696} INFO - Setting next_dagrun for example_task_group_decorator to 2023-09-28T18:13:59.194492+00:00, run_after=2023-09-29T18:13:59.194492+00:00
[2023-09-29T18:13:59.223+0000] {processor.py:179} INFO - Processing /home/airflow/.local/lib/python3.8/site-packages/airflow/example_dags/example_task_group_decorator.py took 0.102 seconds
[2023-09-29T18:14:31.563+0000] {processor.py:157} INFO - Started process (PID=836) to work on /home/airflow/.local/lib/python3.8/site-packages/airflow/example_dags/example_task_group_decorator.py
[2023-09-29T18:14:31.565+0000] {processor.py:829} INFO - Processing file /home/airflow/.local/lib/python3.8/site-packages/airflow/example_dags/example_task_group_decorator.py for tasks to queue
[2023-09-29T18:14:31.569+0000] {logging_mixin.py:151} INFO - [2023-09-29T18:14:31.568+0000] {dagbag.py:539} INFO - Filling up the DagBag from /home/airflow/.local/lib/python3.8/site-packages/airflow/example_dags/example_task_group_decorator.py
[2023-09-29T18:14:31.611+0000] {processor.py:839} INFO - DAG(s) dict_keys(['example_task_group_decorator']) retrieved from /home/airflow/.local/lib/python3.8/site-packages/airflow/example_dags/example_task_group_decorator.py
[2023-09-29T18:14:31.656+0000] {logging_mixin.py:151} INFO - [2023-09-29T18:14:31.656+0000] {dag.py:2915} INFO - Sync 1 DAGs
[2023-09-29T18:14:31.717+0000] {logging_mixin.py:151} INFO - [2023-09-29T18:14:31.716+0000] {dag.py:3696} INFO - Setting next_dagrun for example_task_group_decorator to 2023-09-28T18:14:31.716171+00:00, run_after=2023-09-29T18:14:31.716171+00:00
[2023-09-29T18:14:31.744+0000] {processor.py:179} INFO - Processing /home/airflow/.local/lib/python3.8/site-packages/airflow/example_dags/example_task_group_decorator.py took 0.187 seconds
[2023-09-29T18:15:02.239+0000] {processor.py:157} INFO - Started process (PID=891) to work on /home/airflow/.local/lib/python3.8/site-packages/airflow/example_dags/example_task_group_decorator.py
[2023-09-29T18:15:02.240+0000] {processor.py:829} INFO - Processing file /home/airflow/.local/lib/python3.8/site-packages/airflow/example_dags/example_task_group_decorator.py for tasks to queue
[2023-09-29T18:15:02.242+0000] {logging_mixin.py:151} INFO - [2023-09-29T18:15:02.242+0000] {dagbag.py:539} INFO - Filling up the DagBag from /home/airflow/.local/lib/python3.8/site-packages/airflow/example_dags/example_task_group_decorator.py
[2023-09-29T18:15:02.255+0000] {processor.py:839} INFO - DAG(s) dict_keys(['example_task_group_decorator']) retrieved from /home/airflow/.local/lib/python3.8/site-packages/airflow/example_dags/example_task_group_decorator.py
[2023-09-29T18:15:02.286+0000] {logging_mixin.py:151} INFO - [2023-09-29T18:15:02.286+0000] {dag.py:2915} INFO - Sync 1 DAGs
[2023-09-29T18:15:02.308+0000] {logging_mixin.py:151} INFO - [2023-09-29T18:15:02.308+0000] {dag.py:3696} INFO - Setting next_dagrun for example_task_group_decorator to 2023-09-28T18:15:02.308369+00:00, run_after=2023-09-29T18:15:02.308369+00:00
[2023-09-29T18:15:02.324+0000] {processor.py:179} INFO - Processing /home/airflow/.local/lib/python3.8/site-packages/airflow/example_dags/example_task_group_decorator.py took 0.090 seconds
[2023-09-29T18:15:33.265+0000] {processor.py:157} INFO - Started process (PID=946) to work on /home/airflow/.local/lib/python3.8/site-packages/airflow/example_dags/example_task_group_decorator.py
[2023-09-29T18:15:33.266+0000] {processor.py:829} INFO - Processing file /home/airflow/.local/lib/python3.8/site-packages/airflow/example_dags/example_task_group_decorator.py for tasks to queue
[2023-09-29T18:15:33.268+0000] {logging_mixin.py:151} INFO - [2023-09-29T18:15:33.267+0000] {dagbag.py:539} INFO - Filling up the DagBag from /home/airflow/.local/lib/python3.8/site-packages/airflow/example_dags/example_task_group_decorator.py
[2023-09-29T18:15:33.279+0000] {processor.py:839} INFO - DAG(s) dict_keys(['example_task_group_decorator']) retrieved from /home/airflow/.local/lib/python3.8/site-packages/airflow/example_dags/example_task_group_decorator.py
[2023-09-29T18:15:33.299+0000] {logging_mixin.py:151} INFO - [2023-09-29T18:15:33.299+0000] {dag.py:2915} INFO - Sync 1 DAGs
[2023-09-29T18:15:33.315+0000] {logging_mixin.py:151} INFO - [2023-09-29T18:15:33.315+0000] {dag.py:3696} INFO - Setting next_dagrun for example_task_group_decorator to 2023-09-28T18:15:33.315260+00:00, run_after=2023-09-29T18:15:33.315260+00:00
[2023-09-29T18:15:33.327+0000] {processor.py:179} INFO - Processing /home/airflow/.local/lib/python3.8/site-packages/airflow/example_dags/example_task_group_decorator.py took 0.065 seconds
[2023-09-29T18:16:03.928+0000] {processor.py:157} INFO - Started process (PID=1001) to work on /home/airflow/.local/lib/python3.8/site-packages/airflow/example_dags/example_task_group_decorator.py
[2023-09-29T18:16:03.929+0000] {processor.py:829} INFO - Processing file /home/airflow/.local/lib/python3.8/site-packages/airflow/example_dags/example_task_group_decorator.py for tasks to queue
[2023-09-29T18:16:03.931+0000] {logging_mixin.py:151} INFO - [2023-09-29T18:16:03.931+0000] {dagbag.py:539} INFO - Filling up the DagBag from /home/airflow/.local/lib/python3.8/site-packages/airflow/example_dags/example_task_group_decorator.py
[2023-09-29T18:16:03.945+0000] {processor.py:839} INFO - DAG(s) dict_keys(['example_task_group_decorator']) retrieved from /home/airflow/.local/lib/python3.8/site-packages/airflow/example_dags/example_task_group_decorator.py
[2023-09-29T18:16:03.967+0000] {logging_mixin.py:151} INFO - [2023-09-29T18:16:03.966+0000] {dag.py:2915} INFO - Sync 1 DAGs
[2023-09-29T18:16:03.985+0000] {logging_mixin.py:151} INFO - [2023-09-29T18:16:03.985+0000] {dag.py:3696} INFO - Setting next_dagrun for example_task_group_decorator to 2023-09-28T18:16:03.985302+00:00, run_after=2023-09-29T18:16:03.985302+00:00
[2023-09-29T18:16:04.006+0000] {processor.py:179} INFO - Processing /home/airflow/.local/lib/python3.8/site-packages/airflow/example_dags/example_task_group_decorator.py took 0.080 seconds
[2023-09-29T18:16:34.348+0000] {processor.py:157} INFO - Started process (PID=1056) to work on /home/airflow/.local/lib/python3.8/site-packages/airflow/example_dags/example_task_group_decorator.py
[2023-09-29T18:16:34.349+0000] {processor.py:829} INFO - Processing file /home/airflow/.local/lib/python3.8/site-packages/airflow/example_dags/example_task_group_decorator.py for tasks to queue
[2023-09-29T18:16:34.351+0000] {logging_mixin.py:151} INFO - [2023-09-29T18:16:34.351+0000] {dagbag.py:539} INFO - Filling up the DagBag from /home/airflow/.local/lib/python3.8/site-packages/airflow/example_dags/example_task_group_decorator.py
[2023-09-29T18:16:34.362+0000] {processor.py:839} INFO - DAG(s) dict_keys(['example_task_group_decorator']) retrieved from /home/airflow/.local/lib/python3.8/site-packages/airflow/example_dags/example_task_group_decorator.py
[2023-09-29T18:16:34.381+0000] {logging_mixin.py:151} INFO - [2023-09-29T18:16:34.381+0000] {dag.py:2915} INFO - Sync 1 DAGs
[2023-09-29T18:16:34.397+0000] {logging_mixin.py:151} INFO - [2023-09-29T18:16:34.397+0000] {dag.py:3696} INFO - Setting next_dagrun for example_task_group_decorator to 2023-09-28T18:16:34.397160+00:00, run_after=2023-09-29T18:16:34.397160+00:00
[2023-09-29T18:16:34.418+0000] {processor.py:179} INFO - Processing /home/airflow/.local/lib/python3.8/site-packages/airflow/example_dags/example_task_group_decorator.py took 0.074 seconds
[2023-09-29T18:17:04.767+0000] {processor.py:157} INFO - Started process (PID=1112) to work on /home/airflow/.local/lib/python3.8/site-packages/airflow/example_dags/example_task_group_decorator.py
[2023-09-29T18:17:04.768+0000] {processor.py:829} INFO - Processing file /home/airflow/.local/lib/python3.8/site-packages/airflow/example_dags/example_task_group_decorator.py for tasks to queue
[2023-09-29T18:17:04.770+0000] {logging_mixin.py:151} INFO - [2023-09-29T18:17:04.770+0000] {dagbag.py:539} INFO - Filling up the DagBag from /home/airflow/.local/lib/python3.8/site-packages/airflow/example_dags/example_task_group_decorator.py
[2023-09-29T18:17:04.782+0000] {processor.py:839} INFO - DAG(s) dict_keys(['example_task_group_decorator']) retrieved from /home/airflow/.local/lib/python3.8/site-packages/airflow/example_dags/example_task_group_decorator.py
[2023-09-29T18:17:04.803+0000] {logging_mixin.py:151} INFO - [2023-09-29T18:17:04.803+0000] {dag.py:2915} INFO - Sync 1 DAGs
[2023-09-29T18:17:04.819+0000] {logging_mixin.py:151} INFO - [2023-09-29T18:17:04.819+0000] {dag.py:3696} INFO - Setting next_dagrun for example_task_group_decorator to 2023-09-28T18:17:04.819123+00:00, run_after=2023-09-29T18:17:04.819123+00:00
[2023-09-29T18:17:04.831+0000] {processor.py:179} INFO - Processing /home/airflow/.local/lib/python3.8/site-packages/airflow/example_dags/example_task_group_decorator.py took 0.067 seconds
[2023-09-29T18:17:35.829+0000] {processor.py:157} INFO - Started process (PID=1167) to work on /home/airflow/.local/lib/python3.8/site-packages/airflow/example_dags/example_task_group_decorator.py
[2023-09-29T18:17:35.830+0000] {processor.py:829} INFO - Processing file /home/airflow/.local/lib/python3.8/site-packages/airflow/example_dags/example_task_group_decorator.py for tasks to queue
[2023-09-29T18:17:35.832+0000] {logging_mixin.py:151} INFO - [2023-09-29T18:17:35.832+0000] {dagbag.py:539} INFO - Filling up the DagBag from /home/airflow/.local/lib/python3.8/site-packages/airflow/example_dags/example_task_group_decorator.py
[2023-09-29T18:17:35.844+0000] {processor.py:839} INFO - DAG(s) dict_keys(['example_task_group_decorator']) retrieved from /home/airflow/.local/lib/python3.8/site-packages/airflow/example_dags/example_task_group_decorator.py
[2023-09-29T18:17:35.865+0000] {logging_mixin.py:151} INFO - [2023-09-29T18:17:35.865+0000] {dag.py:2915} INFO - Sync 1 DAGs
[2023-09-29T18:17:35.882+0000] {logging_mixin.py:151} INFO - [2023-09-29T18:17:35.882+0000] {dag.py:3696} INFO - Setting next_dagrun for example_task_group_decorator to 2023-09-28T18:17:35.882189+00:00, run_after=2023-09-29T18:17:35.882189+00:00
[2023-09-29T18:17:35.900+0000] {processor.py:179} INFO - Processing /home/airflow/.local/lib/python3.8/site-packages/airflow/example_dags/example_task_group_decorator.py took 0.074 seconds
[2023-09-29T18:18:06.410+0000] {processor.py:157} INFO - Started process (PID=1222) to work on /home/airflow/.local/lib/python3.8/site-packages/airflow/example_dags/example_task_group_decorator.py
[2023-09-29T18:18:06.411+0000] {processor.py:829} INFO - Processing file /home/airflow/.local/lib/python3.8/site-packages/airflow/example_dags/example_task_group_decorator.py for tasks to queue
[2023-09-29T18:18:06.413+0000] {logging_mixin.py:151} INFO - [2023-09-29T18:18:06.413+0000] {dagbag.py:539} INFO - Filling up the DagBag from /home/airflow/.local/lib/python3.8/site-packages/airflow/example_dags/example_task_group_decorator.py
[2023-09-29T18:18:06.427+0000] {processor.py:839} INFO - DAG(s) dict_keys(['example_task_group_decorator']) retrieved from /home/airflow/.local/lib/python3.8/site-packages/airflow/example_dags/example_task_group_decorator.py
[2023-09-29T18:18:06.450+0000] {logging_mixin.py:151} INFO - [2023-09-29T18:18:06.449+0000] {dag.py:2915} INFO - Sync 1 DAGs
[2023-09-29T18:18:06.469+0000] {logging_mixin.py:151} INFO - [2023-09-29T18:18:06.469+0000] {dag.py:3696} INFO - Setting next_dagrun for example_task_group_decorator to 2023-09-28T18:18:06.469392+00:00, run_after=2023-09-29T18:18:06.469392+00:00
[2023-09-29T18:18:06.484+0000] {processor.py:179} INFO - Processing /home/airflow/.local/lib/python3.8/site-packages/airflow/example_dags/example_task_group_decorator.py took 0.078 seconds
[2023-09-29T18:18:36.865+0000] {processor.py:157} INFO - Started process (PID=1277) to work on /home/airflow/.local/lib/python3.8/site-packages/airflow/example_dags/example_task_group_decorator.py
[2023-09-29T18:18:36.867+0000] {processor.py:829} INFO - Processing file /home/airflow/.local/lib/python3.8/site-packages/airflow/example_dags/example_task_group_decorator.py for tasks to queue
[2023-09-29T18:18:36.869+0000] {logging_mixin.py:151} INFO - [2023-09-29T18:18:36.869+0000] {dagbag.py:539} INFO - Filling up the DagBag from /home/airflow/.local/lib/python3.8/site-packages/airflow/example_dags/example_task_group_decorator.py
[2023-09-29T18:18:36.881+0000] {processor.py:839} INFO - DAG(s) dict_keys(['example_task_group_decorator']) retrieved from /home/airflow/.local/lib/python3.8/site-packages/airflow/example_dags/example_task_group_decorator.py
[2023-09-29T18:18:36.902+0000] {logging_mixin.py:151} INFO - [2023-09-29T18:18:36.902+0000] {dag.py:2915} INFO - Sync 1 DAGs
[2023-09-29T18:18:36.922+0000] {logging_mixin.py:151} INFO - [2023-09-29T18:18:36.922+0000] {dag.py:3696} INFO - Setting next_dagrun for example_task_group_decorator to 2023-09-28T18:18:36.921848+00:00, run_after=2023-09-29T18:18:36.921848+00:00
[2023-09-29T18:18:36.936+0000] {processor.py:179} INFO - Processing /home/airflow/.local/lib/python3.8/site-packages/airflow/example_dags/example_task_group_decorator.py took 0.074 seconds
[2023-09-29T18:19:07.531+0000] {processor.py:157} INFO - Started process (PID=1332) to work on /home/airflow/.local/lib/python3.8/site-packages/airflow/example_dags/example_task_group_decorator.py
[2023-09-29T18:19:07.533+0000] {processor.py:829} INFO - Processing file /home/airflow/.local/lib/python3.8/site-packages/airflow/example_dags/example_task_group_decorator.py for tasks to queue
[2023-09-29T18:19:07.535+0000] {logging_mixin.py:151} INFO - [2023-09-29T18:19:07.535+0000] {dagbag.py:539} INFO - Filling up the DagBag from /home/airflow/.local/lib/python3.8/site-packages/airflow/example_dags/example_task_group_decorator.py
[2023-09-29T18:19:07.553+0000] {processor.py:839} INFO - DAG(s) dict_keys(['example_task_group_decorator']) retrieved from /home/airflow/.local/lib/python3.8/site-packages/airflow/example_dags/example_task_group_decorator.py
[2023-09-29T18:19:07.577+0000] {logging_mixin.py:151} INFO - [2023-09-29T18:19:07.577+0000] {dag.py:2915} INFO - Sync 1 DAGs
[2023-09-29T18:19:07.602+0000] {logging_mixin.py:151} INFO - [2023-09-29T18:19:07.602+0000] {dag.py:3696} INFO - Setting next_dagrun for example_task_group_decorator to 2023-09-28T18:19:07.602291+00:00, run_after=2023-09-29T18:19:07.602291+00:00
[2023-09-29T18:19:07.616+0000] {processor.py:179} INFO - Processing /home/airflow/.local/lib/python3.8/site-packages/airflow/example_dags/example_task_group_decorator.py took 0.090 seconds
[2023-09-29T18:19:38.171+0000] {processor.py:157} INFO - Started process (PID=1387) to work on /home/airflow/.local/lib/python3.8/site-packages/airflow/example_dags/example_task_group_decorator.py
[2023-09-29T18:19:38.172+0000] {processor.py:829} INFO - Processing file /home/airflow/.local/lib/python3.8/site-packages/airflow/example_dags/example_task_group_decorator.py for tasks to queue
[2023-09-29T18:19:38.174+0000] {logging_mixin.py:151} INFO - [2023-09-29T18:19:38.174+0000] {dagbag.py:539} INFO - Filling up the DagBag from /home/airflow/.local/lib/python3.8/site-packages/airflow/example_dags/example_task_group_decorator.py
[2023-09-29T18:19:38.187+0000] {processor.py:839} INFO - DAG(s) dict_keys(['example_task_group_decorator']) retrieved from /home/airflow/.local/lib/python3.8/site-packages/airflow/example_dags/example_task_group_decorator.py
[2023-09-29T18:19:38.212+0000] {logging_mixin.py:151} INFO - [2023-09-29T18:19:38.212+0000] {dag.py:2915} INFO - Sync 1 DAGs
[2023-09-29T18:19:38.231+0000] {logging_mixin.py:151} INFO - [2023-09-29T18:19:38.231+0000] {dag.py:3696} INFO - Setting next_dagrun for example_task_group_decorator to 2023-09-28T18:19:38.231281+00:00, run_after=2023-09-29T18:19:38.231281+00:00
[2023-09-29T18:19:38.246+0000] {processor.py:179} INFO - Processing /home/airflow/.local/lib/python3.8/site-packages/airflow/example_dags/example_task_group_decorator.py took 0.078 seconds
[2023-09-29T18:20:08.695+0000] {processor.py:157} INFO - Started process (PID=1442) to work on /home/airflow/.local/lib/python3.8/site-packages/airflow/example_dags/example_task_group_decorator.py
[2023-09-29T18:20:08.700+0000] {processor.py:829} INFO - Processing file /home/airflow/.local/lib/python3.8/site-packages/airflow/example_dags/example_task_group_decorator.py for tasks to queue
[2023-09-29T18:20:08.702+0000] {logging_mixin.py:151} INFO - [2023-09-29T18:20:08.702+0000] {dagbag.py:539} INFO - Filling up the DagBag from /home/airflow/.local/lib/python3.8/site-packages/airflow/example_dags/example_task_group_decorator.py
[2023-09-29T18:20:08.716+0000] {processor.py:839} INFO - DAG(s) dict_keys(['example_task_group_decorator']) retrieved from /home/airflow/.local/lib/python3.8/site-packages/airflow/example_dags/example_task_group_decorator.py
[2023-09-29T18:20:08.750+0000] {logging_mixin.py:151} INFO - [2023-09-29T18:20:08.750+0000] {dag.py:2915} INFO - Sync 1 DAGs
[2023-09-29T18:20:08.771+0000] {logging_mixin.py:151} INFO - [2023-09-29T18:20:08.771+0000] {dag.py:3696} INFO - Setting next_dagrun for example_task_group_decorator to 2023-09-28T18:20:08.771116+00:00, run_after=2023-09-29T18:20:08.771116+00:00
[2023-09-29T18:20:08.792+0000] {processor.py:179} INFO - Processing /home/airflow/.local/lib/python3.8/site-packages/airflow/example_dags/example_task_group_decorator.py took 0.101 seconds
[2023-09-29T18:20:39.142+0000] {processor.py:157} INFO - Started process (PID=1498) to work on /home/airflow/.local/lib/python3.8/site-packages/airflow/example_dags/example_task_group_decorator.py
[2023-09-29T18:20:39.144+0000] {processor.py:829} INFO - Processing file /home/airflow/.local/lib/python3.8/site-packages/airflow/example_dags/example_task_group_decorator.py for tasks to queue
[2023-09-29T18:20:39.147+0000] {logging_mixin.py:151} INFO - [2023-09-29T18:20:39.146+0000] {dagbag.py:539} INFO - Filling up the DagBag from /home/airflow/.local/lib/python3.8/site-packages/airflow/example_dags/example_task_group_decorator.py
[2023-09-29T18:20:39.170+0000] {processor.py:839} INFO - DAG(s) dict_keys(['example_task_group_decorator']) retrieved from /home/airflow/.local/lib/python3.8/site-packages/airflow/example_dags/example_task_group_decorator.py
[2023-09-29T18:20:39.228+0000] {logging_mixin.py:151} INFO - [2023-09-29T18:20:39.228+0000] {dag.py:2915} INFO - Sync 1 DAGs
[2023-09-29T18:20:39.250+0000] {logging_mixin.py:151} INFO - [2023-09-29T18:20:39.250+0000] {dag.py:3696} INFO - Setting next_dagrun for example_task_group_decorator to 2023-09-28T18:20:39.250053+00:00, run_after=2023-09-29T18:20:39.250053+00:00
[2023-09-29T18:20:39.265+0000] {processor.py:179} INFO - Processing /home/airflow/.local/lib/python3.8/site-packages/airflow/example_dags/example_task_group_decorator.py took 0.127 seconds
[2023-09-29T18:21:09.342+0000] {processor.py:157} INFO - Started process (PID=1552) to work on /home/airflow/.local/lib/python3.8/site-packages/airflow/example_dags/example_task_group_decorator.py
[2023-09-29T18:21:09.343+0000] {processor.py:829} INFO - Processing file /home/airflow/.local/lib/python3.8/site-packages/airflow/example_dags/example_task_group_decorator.py for tasks to queue
[2023-09-29T18:21:09.346+0000] {logging_mixin.py:151} INFO - [2023-09-29T18:21:09.345+0000] {dagbag.py:539} INFO - Filling up the DagBag from /home/airflow/.local/lib/python3.8/site-packages/airflow/example_dags/example_task_group_decorator.py
[2023-09-29T18:21:09.358+0000] {processor.py:839} INFO - DAG(s) dict_keys(['example_task_group_decorator']) retrieved from /home/airflow/.local/lib/python3.8/site-packages/airflow/example_dags/example_task_group_decorator.py
[2023-09-29T18:21:09.376+0000] {logging_mixin.py:151} INFO - [2023-09-29T18:21:09.376+0000] {dag.py:2915} INFO - Sync 1 DAGs
[2023-09-29T18:21:09.395+0000] {logging_mixin.py:151} INFO - [2023-09-29T18:21:09.394+0000] {dag.py:3696} INFO - Setting next_dagrun for example_task_group_decorator to 2023-09-28T18:21:09.394795+00:00, run_after=2023-09-29T18:21:09.394795+00:00
[2023-09-29T18:21:09.406+0000] {processor.py:179} INFO - Processing /home/airflow/.local/lib/python3.8/site-packages/airflow/example_dags/example_task_group_decorator.py took 0.068 seconds
[2023-09-29T18:21:39.653+0000] {processor.py:157} INFO - Started process (PID=1608) to work on /home/airflow/.local/lib/python3.8/site-packages/airflow/example_dags/example_task_group_decorator.py
[2023-09-29T18:21:39.655+0000] {processor.py:829} INFO - Processing file /home/airflow/.local/lib/python3.8/site-packages/airflow/example_dags/example_task_group_decorator.py for tasks to queue
[2023-09-29T18:21:39.660+0000] {logging_mixin.py:151} INFO - [2023-09-29T18:21:39.659+0000] {dagbag.py:539} INFO - Filling up the DagBag from /home/airflow/.local/lib/python3.8/site-packages/airflow/example_dags/example_task_group_decorator.py
[2023-09-29T18:21:39.679+0000] {processor.py:839} INFO - DAG(s) dict_keys(['example_task_group_decorator']) retrieved from /home/airflow/.local/lib/python3.8/site-packages/airflow/example_dags/example_task_group_decorator.py
[2023-09-29T18:21:39.706+0000] {logging_mixin.py:151} INFO - [2023-09-29T18:21:39.706+0000] {dag.py:2915} INFO - Sync 1 DAGs
[2023-09-29T18:21:39.727+0000] {logging_mixin.py:151} INFO - [2023-09-29T18:21:39.727+0000] {dag.py:3696} INFO - Setting next_dagrun for example_task_group_decorator to 2023-09-28T18:21:39.727425+00:00, run_after=2023-09-29T18:21:39.727425+00:00
[2023-09-29T18:21:39.742+0000] {processor.py:179} INFO - Processing /home/airflow/.local/lib/python3.8/site-packages/airflow/example_dags/example_task_group_decorator.py took 0.096 seconds
[2023-09-29T18:22:10.559+0000] {processor.py:157} INFO - Started process (PID=1664) to work on /home/airflow/.local/lib/python3.8/site-packages/airflow/example_dags/example_task_group_decorator.py
[2023-09-29T18:22:10.561+0000] {processor.py:829} INFO - Processing file /home/airflow/.local/lib/python3.8/site-packages/airflow/example_dags/example_task_group_decorator.py for tasks to queue
[2023-09-29T18:22:10.564+0000] {logging_mixin.py:151} INFO - [2023-09-29T18:22:10.564+0000] {dagbag.py:539} INFO - Filling up the DagBag from /home/airflow/.local/lib/python3.8/site-packages/airflow/example_dags/example_task_group_decorator.py
[2023-09-29T18:22:10.578+0000] {processor.py:839} INFO - DAG(s) dict_keys(['example_task_group_decorator']) retrieved from /home/airflow/.local/lib/python3.8/site-packages/airflow/example_dags/example_task_group_decorator.py
[2023-09-29T18:22:10.598+0000] {logging_mixin.py:151} INFO - [2023-09-29T18:22:10.598+0000] {dag.py:2915} INFO - Sync 1 DAGs
[2023-09-29T18:22:10.616+0000] {logging_mixin.py:151} INFO - [2023-09-29T18:22:10.616+0000] {dag.py:3696} INFO - Setting next_dagrun for example_task_group_decorator to 2023-09-28T18:22:10.616123+00:00, run_after=2023-09-29T18:22:10.616123+00:00
[2023-09-29T18:22:10.629+0000] {processor.py:179} INFO - Processing /home/airflow/.local/lib/python3.8/site-packages/airflow/example_dags/example_task_group_decorator.py took 0.073 seconds
[2023-09-29T18:22:40.715+0000] {processor.py:157} INFO - Started process (PID=1718) to work on /home/airflow/.local/lib/python3.8/site-packages/airflow/example_dags/example_task_group_decorator.py
[2023-09-29T18:22:40.716+0000] {processor.py:829} INFO - Processing file /home/airflow/.local/lib/python3.8/site-packages/airflow/example_dags/example_task_group_decorator.py for tasks to queue
[2023-09-29T18:22:40.718+0000] {logging_mixin.py:151} INFO - [2023-09-29T18:22:40.718+0000] {dagbag.py:539} INFO - Filling up the DagBag from /home/airflow/.local/lib/python3.8/site-packages/airflow/example_dags/example_task_group_decorator.py
[2023-09-29T18:22:40.730+0000] {processor.py:839} INFO - DAG(s) dict_keys(['example_task_group_decorator']) retrieved from /home/airflow/.local/lib/python3.8/site-packages/airflow/example_dags/example_task_group_decorator.py
[2023-09-29T18:22:40.758+0000] {logging_mixin.py:151} INFO - [2023-09-29T18:22:40.758+0000] {dag.py:2915} INFO - Sync 1 DAGs
[2023-09-29T18:22:40.775+0000] {logging_mixin.py:151} INFO - [2023-09-29T18:22:40.775+0000] {dag.py:3696} INFO - Setting next_dagrun for example_task_group_decorator to 2023-09-28T18:22:40.774849+00:00, run_after=2023-09-29T18:22:40.774849+00:00
[2023-09-29T18:22:40.787+0000] {processor.py:179} INFO - Processing /home/airflow/.local/lib/python3.8/site-packages/airflow/example_dags/example_task_group_decorator.py took 0.075 seconds
[2023-09-29T18:23:11.909+0000] {processor.py:157} INFO - Started process (PID=1775) to work on /home/airflow/.local/lib/python3.8/site-packages/airflow/example_dags/example_task_group_decorator.py
[2023-09-29T18:23:11.910+0000] {processor.py:829} INFO - Processing file /home/airflow/.local/lib/python3.8/site-packages/airflow/example_dags/example_task_group_decorator.py for tasks to queue
[2023-09-29T18:23:11.913+0000] {logging_mixin.py:151} INFO - [2023-09-29T18:23:11.912+0000] {dagbag.py:539} INFO - Filling up the DagBag from /home/airflow/.local/lib/python3.8/site-packages/airflow/example_dags/example_task_group_decorator.py
[2023-09-29T18:23:11.925+0000] {processor.py:839} INFO - DAG(s) dict_keys(['example_task_group_decorator']) retrieved from /home/airflow/.local/lib/python3.8/site-packages/airflow/example_dags/example_task_group_decorator.py
[2023-09-29T18:23:11.957+0000] {logging_mixin.py:151} INFO - [2023-09-29T18:23:11.957+0000] {dag.py:2915} INFO - Sync 1 DAGs
[2023-09-29T18:23:11.975+0000] {logging_mixin.py:151} INFO - [2023-09-29T18:23:11.974+0000] {dag.py:3696} INFO - Setting next_dagrun for example_task_group_decorator to 2023-09-28T18:23:11.974720+00:00, run_after=2023-09-29T18:23:11.974720+00:00
[2023-09-29T18:23:11.988+0000] {processor.py:179} INFO - Processing /home/airflow/.local/lib/python3.8/site-packages/airflow/example_dags/example_task_group_decorator.py took 0.082 seconds
[2023-09-29T18:23:42.111+0000] {processor.py:157} INFO - Started process (PID=1829) to work on /home/airflow/.local/lib/python3.8/site-packages/airflow/example_dags/example_task_group_decorator.py
[2023-09-29T18:23:42.112+0000] {processor.py:829} INFO - Processing file /home/airflow/.local/lib/python3.8/site-packages/airflow/example_dags/example_task_group_decorator.py for tasks to queue
[2023-09-29T18:23:42.115+0000] {logging_mixin.py:151} INFO - [2023-09-29T18:23:42.114+0000] {dagbag.py:539} INFO - Filling up the DagBag from /home/airflow/.local/lib/python3.8/site-packages/airflow/example_dags/example_task_group_decorator.py
[2023-09-29T18:23:42.125+0000] {processor.py:839} INFO - DAG(s) dict_keys(['example_task_group_decorator']) retrieved from /home/airflow/.local/lib/python3.8/site-packages/airflow/example_dags/example_task_group_decorator.py
[2023-09-29T18:23:42.145+0000] {logging_mixin.py:151} INFO - [2023-09-29T18:23:42.145+0000] {dag.py:2915} INFO - Sync 1 DAGs
[2023-09-29T18:23:42.162+0000] {logging_mixin.py:151} INFO - [2023-09-29T18:23:42.162+0000] {dag.py:3696} INFO - Setting next_dagrun for example_task_group_decorator to 2023-09-28T18:23:42.162074+00:00, run_after=2023-09-29T18:23:42.162074+00:00
[2023-09-29T18:23:42.176+0000] {processor.py:179} INFO - Processing /home/airflow/.local/lib/python3.8/site-packages/airflow/example_dags/example_task_group_decorator.py took 0.069 seconds
[2023-09-29T18:24:12.413+0000] {processor.py:157} INFO - Started process (PID=1884) to work on /home/airflow/.local/lib/python3.8/site-packages/airflow/example_dags/example_task_group_decorator.py
[2023-09-29T18:24:12.415+0000] {processor.py:829} INFO - Processing file /home/airflow/.local/lib/python3.8/site-packages/airflow/example_dags/example_task_group_decorator.py for tasks to queue
[2023-09-29T18:24:12.419+0000] {logging_mixin.py:151} INFO - [2023-09-29T18:24:12.418+0000] {dagbag.py:539} INFO - Filling up the DagBag from /home/airflow/.local/lib/python3.8/site-packages/airflow/example_dags/example_task_group_decorator.py
[2023-09-29T18:24:12.435+0000] {processor.py:839} INFO - DAG(s) dict_keys(['example_task_group_decorator']) retrieved from /home/airflow/.local/lib/python3.8/site-packages/airflow/example_dags/example_task_group_decorator.py
[2023-09-29T18:24:12.464+0000] {logging_mixin.py:151} INFO - [2023-09-29T18:24:12.464+0000] {dag.py:2915} INFO - Sync 1 DAGs
[2023-09-29T18:24:12.481+0000] {logging_mixin.py:151} INFO - [2023-09-29T18:24:12.480+0000] {dag.py:3696} INFO - Setting next_dagrun for example_task_group_decorator to 2023-09-28T18:24:12.480701+00:00, run_after=2023-09-29T18:24:12.480701+00:00
[2023-09-29T18:24:12.492+0000] {processor.py:179} INFO - Processing /home/airflow/.local/lib/python3.8/site-packages/airflow/example_dags/example_task_group_decorator.py took 0.085 seconds
[2023-09-29T18:24:42.764+0000] {processor.py:157} INFO - Started process (PID=1939) to work on /home/airflow/.local/lib/python3.8/site-packages/airflow/example_dags/example_task_group_decorator.py
[2023-09-29T18:24:42.765+0000] {processor.py:829} INFO - Processing file /home/airflow/.local/lib/python3.8/site-packages/airflow/example_dags/example_task_group_decorator.py for tasks to queue
[2023-09-29T18:24:42.768+0000] {logging_mixin.py:151} INFO - [2023-09-29T18:24:42.768+0000] {dagbag.py:539} INFO - Filling up the DagBag from /home/airflow/.local/lib/python3.8/site-packages/airflow/example_dags/example_task_group_decorator.py
[2023-09-29T18:24:42.799+0000] {processor.py:839} INFO - DAG(s) dict_keys(['example_task_group_decorator']) retrieved from /home/airflow/.local/lib/python3.8/site-packages/airflow/example_dags/example_task_group_decorator.py
[2023-09-29T18:24:42.842+0000] {logging_mixin.py:151} INFO - [2023-09-29T18:24:42.842+0000] {dag.py:2915} INFO - Sync 1 DAGs
[2023-09-29T18:24:42.866+0000] {logging_mixin.py:151} INFO - [2023-09-29T18:24:42.866+0000] {dag.py:3696} INFO - Setting next_dagrun for example_task_group_decorator to 2023-09-28T18:24:42.866396+00:00, run_after=2023-09-29T18:24:42.866396+00:00
[2023-09-29T18:24:42.882+0000] {processor.py:179} INFO - Processing /home/airflow/.local/lib/python3.8/site-packages/airflow/example_dags/example_task_group_decorator.py took 0.122 seconds
[2023-09-29T18:25:12.927+0000] {processor.py:157} INFO - Started process (PID=1994) to work on /home/airflow/.local/lib/python3.8/site-packages/airflow/example_dags/example_task_group_decorator.py
[2023-09-29T18:25:12.928+0000] {processor.py:829} INFO - Processing file /home/airflow/.local/lib/python3.8/site-packages/airflow/example_dags/example_task_group_decorator.py for tasks to queue
[2023-09-29T18:25:12.930+0000] {logging_mixin.py:151} INFO - [2023-09-29T18:25:12.930+0000] {dagbag.py:539} INFO - Filling up the DagBag from /home/airflow/.local/lib/python3.8/site-packages/airflow/example_dags/example_task_group_decorator.py
[2023-09-29T18:25:12.945+0000] {processor.py:839} INFO - DAG(s) dict_keys(['example_task_group_decorator']) retrieved from /home/airflow/.local/lib/python3.8/site-packages/airflow/example_dags/example_task_group_decorator.py
[2023-09-29T18:25:12.964+0000] {logging_mixin.py:151} INFO - [2023-09-29T18:25:12.964+0000] {dag.py:2915} INFO - Sync 1 DAGs
[2023-09-29T18:25:12.979+0000] {logging_mixin.py:151} INFO - [2023-09-29T18:25:12.979+0000] {dag.py:3696} INFO - Setting next_dagrun for example_task_group_decorator to 2023-09-28T18:25:12.979389+00:00, run_after=2023-09-29T18:25:12.979389+00:00
[2023-09-29T18:25:12.993+0000] {processor.py:179} INFO - Processing /home/airflow/.local/lib/python3.8/site-packages/airflow/example_dags/example_task_group_decorator.py took 0.069 seconds
