[2023-09-29T18:07:13.643+0000] {processor.py:157} INFO - Started process (PID=52) to work on /home/airflow/.local/lib/python3.8/site-packages/airflow/example_dags/example_dynamic_task_mapping_with_no_taskflow_operators.py
[2023-09-29T18:07:13.644+0000] {processor.py:829} INFO - Processing file /home/airflow/.local/lib/python3.8/site-packages/airflow/example_dags/example_dynamic_task_mapping_with_no_taskflow_operators.py for tasks to queue
[2023-09-29T18:07:13.647+0000] {logging_mixin.py:151} INFO - [2023-09-29T18:07:13.647+0000] {dagbag.py:539} INFO - Filling up the DagBag from /home/airflow/.local/lib/python3.8/site-packages/airflow/example_dags/example_dynamic_task_mapping_with_no_taskflow_operators.py
[2023-09-29T18:07:13.658+0000] {processor.py:839} INFO - DAG(s) dict_keys(['example_dynamic_task_mapping_with_no_taskflow_operators']) retrieved from /home/airflow/.local/lib/python3.8/site-packages/airflow/example_dags/example_dynamic_task_mapping_with_no_taskflow_operators.py
[2023-09-29T18:07:13.671+0000] {logging_mixin.py:151} INFO - [2023-09-29T18:07:13.671+0000] {dag.py:2915} INFO - Sync 1 DAGs
[2023-09-29T18:07:13.695+0000] {logging_mixin.py:151} INFO - [2023-09-29T18:07:13.695+0000] {dag.py:3696} INFO - Setting next_dagrun for example_dynamic_task_mapping_with_no_taskflow_operators to 2023-09-28T18:07:13.695152+00:00, run_after=2023-09-29T18:07:13.695152+00:00
[2023-09-29T18:07:13.714+0000] {processor.py:179} INFO - Processing /home/airflow/.local/lib/python3.8/site-packages/airflow/example_dags/example_dynamic_task_mapping_with_no_taskflow_operators.py took 0.076 seconds
[2023-09-29T18:07:47.518+0000] {processor.py:157} INFO - Started process (PID=106) to work on /home/airflow/.local/lib/python3.8/site-packages/airflow/example_dags/example_dynamic_task_mapping_with_no_taskflow_operators.py
[2023-09-29T18:07:47.526+0000] {processor.py:829} INFO - Processing file /home/airflow/.local/lib/python3.8/site-packages/airflow/example_dags/example_dynamic_task_mapping_with_no_taskflow_operators.py for tasks to queue
[2023-09-29T18:07:47.531+0000] {logging_mixin.py:151} INFO - [2023-09-29T18:07:47.530+0000] {dagbag.py:539} INFO - Filling up the DagBag from /home/airflow/.local/lib/python3.8/site-packages/airflow/example_dags/example_dynamic_task_mapping_with_no_taskflow_operators.py
[2023-09-29T18:07:47.563+0000] {processor.py:839} INFO - DAG(s) dict_keys(['example_dynamic_task_mapping_with_no_taskflow_operators']) retrieved from /home/airflow/.local/lib/python3.8/site-packages/airflow/example_dags/example_dynamic_task_mapping_with_no_taskflow_operators.py
[2023-09-29T18:07:47.658+0000] {logging_mixin.py:151} INFO - [2023-09-29T18:07:47.658+0000] {dag.py:2915} INFO - Sync 1 DAGs
[2023-09-29T18:07:47.756+0000] {logging_mixin.py:151} INFO - [2023-09-29T18:07:47.756+0000] {dag.py:3696} INFO - Setting next_dagrun for example_dynamic_task_mapping_with_no_taskflow_operators to 2023-09-28T18:07:47.745289+00:00, run_after=2023-09-29T18:07:47.745289+00:00
[2023-09-29T18:07:47.827+0000] {processor.py:179} INFO - Processing /home/airflow/.local/lib/python3.8/site-packages/airflow/example_dags/example_dynamic_task_mapping_with_no_taskflow_operators.py took 0.316 seconds
[2023-09-29T18:08:17.897+0000] {processor.py:157} INFO - Started process (PID=159) to work on /home/airflow/.local/lib/python3.8/site-packages/airflow/example_dags/example_dynamic_task_mapping_with_no_taskflow_operators.py
[2023-09-29T18:08:17.898+0000] {processor.py:829} INFO - Processing file /home/airflow/.local/lib/python3.8/site-packages/airflow/example_dags/example_dynamic_task_mapping_with_no_taskflow_operators.py for tasks to queue
[2023-09-29T18:08:17.900+0000] {logging_mixin.py:151} INFO - [2023-09-29T18:08:17.900+0000] {dagbag.py:539} INFO - Filling up the DagBag from /home/airflow/.local/lib/python3.8/site-packages/airflow/example_dags/example_dynamic_task_mapping_with_no_taskflow_operators.py
[2023-09-29T18:08:17.905+0000] {processor.py:839} INFO - DAG(s) dict_keys(['example_dynamic_task_mapping_with_no_taskflow_operators']) retrieved from /home/airflow/.local/lib/python3.8/site-packages/airflow/example_dags/example_dynamic_task_mapping_with_no_taskflow_operators.py
[2023-09-29T18:08:17.919+0000] {logging_mixin.py:151} INFO - [2023-09-29T18:08:17.919+0000] {dag.py:2915} INFO - Sync 1 DAGs
[2023-09-29T18:08:17.936+0000] {logging_mixin.py:151} INFO - [2023-09-29T18:08:17.936+0000] {dag.py:3696} INFO - Setting next_dagrun for example_dynamic_task_mapping_with_no_taskflow_operators to 2023-09-28T18:08:17.936230+00:00, run_after=2023-09-29T18:08:17.936230+00:00
[2023-09-29T18:08:17.947+0000] {processor.py:179} INFO - Processing /home/airflow/.local/lib/python3.8/site-packages/airflow/example_dags/example_dynamic_task_mapping_with_no_taskflow_operators.py took 0.054 seconds
[2023-09-29T18:08:48.581+0000] {processor.py:157} INFO - Started process (PID=214) to work on /home/airflow/.local/lib/python3.8/site-packages/airflow/example_dags/example_dynamic_task_mapping_with_no_taskflow_operators.py
[2023-09-29T18:08:48.582+0000] {processor.py:829} INFO - Processing file /home/airflow/.local/lib/python3.8/site-packages/airflow/example_dags/example_dynamic_task_mapping_with_no_taskflow_operators.py for tasks to queue
[2023-09-29T18:08:48.584+0000] {logging_mixin.py:151} INFO - [2023-09-29T18:08:48.584+0000] {dagbag.py:539} INFO - Filling up the DagBag from /home/airflow/.local/lib/python3.8/site-packages/airflow/example_dags/example_dynamic_task_mapping_with_no_taskflow_operators.py
[2023-09-29T18:08:48.590+0000] {processor.py:839} INFO - DAG(s) dict_keys(['example_dynamic_task_mapping_with_no_taskflow_operators']) retrieved from /home/airflow/.local/lib/python3.8/site-packages/airflow/example_dags/example_dynamic_task_mapping_with_no_taskflow_operators.py
[2023-09-29T18:08:48.609+0000] {logging_mixin.py:151} INFO - [2023-09-29T18:08:48.609+0000] {dag.py:2915} INFO - Sync 1 DAGs
[2023-09-29T18:08:48.626+0000] {logging_mixin.py:151} INFO - [2023-09-29T18:08:48.626+0000] {dag.py:3696} INFO - Setting next_dagrun for example_dynamic_task_mapping_with_no_taskflow_operators to 2023-09-28T18:08:48.625917+00:00, run_after=2023-09-29T18:08:48.625917+00:00
[2023-09-29T18:08:48.637+0000] {processor.py:179} INFO - Processing /home/airflow/.local/lib/python3.8/site-packages/airflow/example_dags/example_dynamic_task_mapping_with_no_taskflow_operators.py took 0.059 seconds
[2023-09-29T18:09:19.158+0000] {processor.py:157} INFO - Started process (PID=269) to work on /home/airflow/.local/lib/python3.8/site-packages/airflow/example_dags/example_dynamic_task_mapping_with_no_taskflow_operators.py
[2023-09-29T18:09:19.159+0000] {processor.py:829} INFO - Processing file /home/airflow/.local/lib/python3.8/site-packages/airflow/example_dags/example_dynamic_task_mapping_with_no_taskflow_operators.py for tasks to queue
[2023-09-29T18:09:19.161+0000] {logging_mixin.py:151} INFO - [2023-09-29T18:09:19.161+0000] {dagbag.py:539} INFO - Filling up the DagBag from /home/airflow/.local/lib/python3.8/site-packages/airflow/example_dags/example_dynamic_task_mapping_with_no_taskflow_operators.py
[2023-09-29T18:09:19.168+0000] {processor.py:839} INFO - DAG(s) dict_keys(['example_dynamic_task_mapping_with_no_taskflow_operators']) retrieved from /home/airflow/.local/lib/python3.8/site-packages/airflow/example_dags/example_dynamic_task_mapping_with_no_taskflow_operators.py
[2023-09-29T18:09:19.186+0000] {logging_mixin.py:151} INFO - [2023-09-29T18:09:19.186+0000] {dag.py:2915} INFO - Sync 1 DAGs
[2023-09-29T18:09:19.203+0000] {logging_mixin.py:151} INFO - [2023-09-29T18:09:19.203+0000] {dag.py:3696} INFO - Setting next_dagrun for example_dynamic_task_mapping_with_no_taskflow_operators to 2023-09-28T18:09:19.202822+00:00, run_after=2023-09-29T18:09:19.202822+00:00
[2023-09-29T18:09:19.214+0000] {processor.py:179} INFO - Processing /home/airflow/.local/lib/python3.8/site-packages/airflow/example_dags/example_dynamic_task_mapping_with_no_taskflow_operators.py took 0.060 seconds
[2023-09-29T18:09:49.587+0000] {processor.py:157} INFO - Started process (PID=324) to work on /home/airflow/.local/lib/python3.8/site-packages/airflow/example_dags/example_dynamic_task_mapping_with_no_taskflow_operators.py
[2023-09-29T18:09:49.588+0000] {processor.py:829} INFO - Processing file /home/airflow/.local/lib/python3.8/site-packages/airflow/example_dags/example_dynamic_task_mapping_with_no_taskflow_operators.py for tasks to queue
[2023-09-29T18:09:49.590+0000] {logging_mixin.py:151} INFO - [2023-09-29T18:09:49.590+0000] {dagbag.py:539} INFO - Filling up the DagBag from /home/airflow/.local/lib/python3.8/site-packages/airflow/example_dags/example_dynamic_task_mapping_with_no_taskflow_operators.py
[2023-09-29T18:09:49.596+0000] {processor.py:839} INFO - DAG(s) dict_keys(['example_dynamic_task_mapping_with_no_taskflow_operators']) retrieved from /home/airflow/.local/lib/python3.8/site-packages/airflow/example_dags/example_dynamic_task_mapping_with_no_taskflow_operators.py
[2023-09-29T18:09:49.613+0000] {logging_mixin.py:151} INFO - [2023-09-29T18:09:49.613+0000] {dag.py:2915} INFO - Sync 1 DAGs
[2023-09-29T18:09:49.628+0000] {logging_mixin.py:151} INFO - [2023-09-29T18:09:49.628+0000] {dag.py:3696} INFO - Setting next_dagrun for example_dynamic_task_mapping_with_no_taskflow_operators to 2023-09-28T18:09:49.628280+00:00, run_after=2023-09-29T18:09:49.628280+00:00
[2023-09-29T18:09:49.639+0000] {processor.py:179} INFO - Processing /home/airflow/.local/lib/python3.8/site-packages/airflow/example_dags/example_dynamic_task_mapping_with_no_taskflow_operators.py took 0.055 seconds
[2023-09-29T18:10:20.326+0000] {processor.py:157} INFO - Started process (PID=379) to work on /home/airflow/.local/lib/python3.8/site-packages/airflow/example_dags/example_dynamic_task_mapping_with_no_taskflow_operators.py
[2023-09-29T18:10:20.327+0000] {processor.py:829} INFO - Processing file /home/airflow/.local/lib/python3.8/site-packages/airflow/example_dags/example_dynamic_task_mapping_with_no_taskflow_operators.py for tasks to queue
[2023-09-29T18:10:20.330+0000] {logging_mixin.py:151} INFO - [2023-09-29T18:10:20.329+0000] {dagbag.py:539} INFO - Filling up the DagBag from /home/airflow/.local/lib/python3.8/site-packages/airflow/example_dags/example_dynamic_task_mapping_with_no_taskflow_operators.py
[2023-09-29T18:10:20.335+0000] {processor.py:839} INFO - DAG(s) dict_keys(['example_dynamic_task_mapping_with_no_taskflow_operators']) retrieved from /home/airflow/.local/lib/python3.8/site-packages/airflow/example_dags/example_dynamic_task_mapping_with_no_taskflow_operators.py
[2023-09-29T18:10:20.350+0000] {logging_mixin.py:151} INFO - [2023-09-29T18:10:20.349+0000] {dag.py:2915} INFO - Sync 1 DAGs
[2023-09-29T18:10:20.366+0000] {logging_mixin.py:151} INFO - [2023-09-29T18:10:20.366+0000] {dag.py:3696} INFO - Setting next_dagrun for example_dynamic_task_mapping_with_no_taskflow_operators to 2023-09-28T18:10:20.366474+00:00, run_after=2023-09-29T18:10:20.366474+00:00
[2023-09-29T18:10:20.377+0000] {processor.py:179} INFO - Processing /home/airflow/.local/lib/python3.8/site-packages/airflow/example_dags/example_dynamic_task_mapping_with_no_taskflow_operators.py took 0.054 seconds
[2023-09-29T18:10:51.335+0000] {processor.py:157} INFO - Started process (PID=435) to work on /home/airflow/.local/lib/python3.8/site-packages/airflow/example_dags/example_dynamic_task_mapping_with_no_taskflow_operators.py
[2023-09-29T18:10:51.336+0000] {processor.py:829} INFO - Processing file /home/airflow/.local/lib/python3.8/site-packages/airflow/example_dags/example_dynamic_task_mapping_with_no_taskflow_operators.py for tasks to queue
[2023-09-29T18:10:51.338+0000] {logging_mixin.py:151} INFO - [2023-09-29T18:10:51.337+0000] {dagbag.py:539} INFO - Filling up the DagBag from /home/airflow/.local/lib/python3.8/site-packages/airflow/example_dags/example_dynamic_task_mapping_with_no_taskflow_operators.py
[2023-09-29T18:10:51.343+0000] {processor.py:839} INFO - DAG(s) dict_keys(['example_dynamic_task_mapping_with_no_taskflow_operators']) retrieved from /home/airflow/.local/lib/python3.8/site-packages/airflow/example_dags/example_dynamic_task_mapping_with_no_taskflow_operators.py
[2023-09-29T18:10:51.361+0000] {logging_mixin.py:151} INFO - [2023-09-29T18:10:51.361+0000] {dag.py:2915} INFO - Sync 1 DAGs
[2023-09-29T18:10:51.381+0000] {logging_mixin.py:151} INFO - [2023-09-29T18:10:51.381+0000] {dag.py:3696} INFO - Setting next_dagrun for example_dynamic_task_mapping_with_no_taskflow_operators to 2023-09-28T18:10:51.380791+00:00, run_after=2023-09-29T18:10:51.380791+00:00
[2023-09-29T18:10:51.393+0000] {processor.py:179} INFO - Processing /home/airflow/.local/lib/python3.8/site-packages/airflow/example_dags/example_dynamic_task_mapping_with_no_taskflow_operators.py took 0.061 seconds
[2023-09-29T18:11:21.920+0000] {processor.py:157} INFO - Started process (PID=490) to work on /home/airflow/.local/lib/python3.8/site-packages/airflow/example_dags/example_dynamic_task_mapping_with_no_taskflow_operators.py
[2023-09-29T18:11:21.921+0000] {processor.py:829} INFO - Processing file /home/airflow/.local/lib/python3.8/site-packages/airflow/example_dags/example_dynamic_task_mapping_with_no_taskflow_operators.py for tasks to queue
[2023-09-29T18:11:21.923+0000] {logging_mixin.py:151} INFO - [2023-09-29T18:11:21.923+0000] {dagbag.py:539} INFO - Filling up the DagBag from /home/airflow/.local/lib/python3.8/site-packages/airflow/example_dags/example_dynamic_task_mapping_with_no_taskflow_operators.py
[2023-09-29T18:11:21.928+0000] {processor.py:839} INFO - DAG(s) dict_keys(['example_dynamic_task_mapping_with_no_taskflow_operators']) retrieved from /home/airflow/.local/lib/python3.8/site-packages/airflow/example_dags/example_dynamic_task_mapping_with_no_taskflow_operators.py
[2023-09-29T18:11:21.943+0000] {logging_mixin.py:151} INFO - [2023-09-29T18:11:21.943+0000] {dag.py:2915} INFO - Sync 1 DAGs
[2023-09-29T18:11:21.957+0000] {logging_mixin.py:151} INFO - [2023-09-29T18:11:21.957+0000] {dag.py:3696} INFO - Setting next_dagrun for example_dynamic_task_mapping_with_no_taskflow_operators to 2023-09-28T18:11:21.957637+00:00, run_after=2023-09-29T18:11:21.957637+00:00
[2023-09-29T18:11:21.968+0000] {processor.py:179} INFO - Processing /home/airflow/.local/lib/python3.8/site-packages/airflow/example_dags/example_dynamic_task_mapping_with_no_taskflow_operators.py took 0.051 seconds
[2023-09-29T18:11:52.094+0000] {processor.py:157} INFO - Started process (PID=545) to work on /home/airflow/.local/lib/python3.8/site-packages/airflow/example_dags/example_dynamic_task_mapping_with_no_taskflow_operators.py
[2023-09-29T18:11:52.096+0000] {processor.py:829} INFO - Processing file /home/airflow/.local/lib/python3.8/site-packages/airflow/example_dags/example_dynamic_task_mapping_with_no_taskflow_operators.py for tasks to queue
[2023-09-29T18:11:52.098+0000] {logging_mixin.py:151} INFO - [2023-09-29T18:11:52.098+0000] {dagbag.py:539} INFO - Filling up the DagBag from /home/airflow/.local/lib/python3.8/site-packages/airflow/example_dags/example_dynamic_task_mapping_with_no_taskflow_operators.py
[2023-09-29T18:11:52.104+0000] {processor.py:839} INFO - DAG(s) dict_keys(['example_dynamic_task_mapping_with_no_taskflow_operators']) retrieved from /home/airflow/.local/lib/python3.8/site-packages/airflow/example_dags/example_dynamic_task_mapping_with_no_taskflow_operators.py
[2023-09-29T18:11:52.123+0000] {logging_mixin.py:151} INFO - [2023-09-29T18:11:52.123+0000] {dag.py:2915} INFO - Sync 1 DAGs
[2023-09-29T18:11:52.139+0000] {logging_mixin.py:151} INFO - [2023-09-29T18:11:52.138+0000] {dag.py:3696} INFO - Setting next_dagrun for example_dynamic_task_mapping_with_no_taskflow_operators to 2023-09-28T18:11:52.138695+00:00, run_after=2023-09-29T18:11:52.138695+00:00
[2023-09-29T18:11:52.149+0000] {processor.py:179} INFO - Processing /home/airflow/.local/lib/python3.8/site-packages/airflow/example_dags/example_dynamic_task_mapping_with_no_taskflow_operators.py took 0.058 seconds
[2023-09-29T18:12:22.789+0000] {processor.py:157} INFO - Started process (PID=600) to work on /home/airflow/.local/lib/python3.8/site-packages/airflow/example_dags/example_dynamic_task_mapping_with_no_taskflow_operators.py
[2023-09-29T18:12:22.790+0000] {processor.py:829} INFO - Processing file /home/airflow/.local/lib/python3.8/site-packages/airflow/example_dags/example_dynamic_task_mapping_with_no_taskflow_operators.py for tasks to queue
[2023-09-29T18:12:22.793+0000] {logging_mixin.py:151} INFO - [2023-09-29T18:12:22.793+0000] {dagbag.py:539} INFO - Filling up the DagBag from /home/airflow/.local/lib/python3.8/site-packages/airflow/example_dags/example_dynamic_task_mapping_with_no_taskflow_operators.py
[2023-09-29T18:12:22.800+0000] {processor.py:839} INFO - DAG(s) dict_keys(['example_dynamic_task_mapping_with_no_taskflow_operators']) retrieved from /home/airflow/.local/lib/python3.8/site-packages/airflow/example_dags/example_dynamic_task_mapping_with_no_taskflow_operators.py
[2023-09-29T18:12:22.819+0000] {logging_mixin.py:151} INFO - [2023-09-29T18:12:22.819+0000] {dag.py:2915} INFO - Sync 1 DAGs
[2023-09-29T18:12:22.846+0000] {logging_mixin.py:151} INFO - [2023-09-29T18:12:22.846+0000] {dag.py:3696} INFO - Setting next_dagrun for example_dynamic_task_mapping_with_no_taskflow_operators to 2023-09-28T18:12:22.846155+00:00, run_after=2023-09-29T18:12:22.846155+00:00
[2023-09-29T18:12:22.860+0000] {processor.py:179} INFO - Processing /home/airflow/.local/lib/python3.8/site-packages/airflow/example_dags/example_dynamic_task_mapping_with_no_taskflow_operators.py took 0.074 seconds
[2023-09-29T18:12:52.948+0000] {processor.py:157} INFO - Started process (PID=656) to work on /home/airflow/.local/lib/python3.8/site-packages/airflow/example_dags/example_dynamic_task_mapping_with_no_taskflow_operators.py
[2023-09-29T18:12:52.949+0000] {processor.py:829} INFO - Processing file /home/airflow/.local/lib/python3.8/site-packages/airflow/example_dags/example_dynamic_task_mapping_with_no_taskflow_operators.py for tasks to queue
[2023-09-29T18:12:52.951+0000] {logging_mixin.py:151} INFO - [2023-09-29T18:12:52.951+0000] {dagbag.py:539} INFO - Filling up the DagBag from /home/airflow/.local/lib/python3.8/site-packages/airflow/example_dags/example_dynamic_task_mapping_with_no_taskflow_operators.py
[2023-09-29T18:12:52.957+0000] {processor.py:839} INFO - DAG(s) dict_keys(['example_dynamic_task_mapping_with_no_taskflow_operators']) retrieved from /home/airflow/.local/lib/python3.8/site-packages/airflow/example_dags/example_dynamic_task_mapping_with_no_taskflow_operators.py
[2023-09-29T18:12:52.973+0000] {logging_mixin.py:151} INFO - [2023-09-29T18:12:52.973+0000] {dag.py:2915} INFO - Sync 1 DAGs
[2023-09-29T18:12:52.988+0000] {logging_mixin.py:151} INFO - [2023-09-29T18:12:52.988+0000] {dag.py:3696} INFO - Setting next_dagrun for example_dynamic_task_mapping_with_no_taskflow_operators to 2023-09-28T18:12:52.988324+00:00, run_after=2023-09-29T18:12:52.988324+00:00
[2023-09-29T18:12:52.999+0000] {processor.py:179} INFO - Processing /home/airflow/.local/lib/python3.8/site-packages/airflow/example_dags/example_dynamic_task_mapping_with_no_taskflow_operators.py took 0.053 seconds
[2023-09-29T18:13:23.568+0000] {processor.py:157} INFO - Started process (PID=711) to work on /home/airflow/.local/lib/python3.8/site-packages/airflow/example_dags/example_dynamic_task_mapping_with_no_taskflow_operators.py
[2023-09-29T18:13:23.569+0000] {processor.py:829} INFO - Processing file /home/airflow/.local/lib/python3.8/site-packages/airflow/example_dags/example_dynamic_task_mapping_with_no_taskflow_operators.py for tasks to queue
[2023-09-29T18:13:23.571+0000] {logging_mixin.py:151} INFO - [2023-09-29T18:13:23.571+0000] {dagbag.py:539} INFO - Filling up the DagBag from /home/airflow/.local/lib/python3.8/site-packages/airflow/example_dags/example_dynamic_task_mapping_with_no_taskflow_operators.py
[2023-09-29T18:13:23.577+0000] {processor.py:839} INFO - DAG(s) dict_keys(['example_dynamic_task_mapping_with_no_taskflow_operators']) retrieved from /home/airflow/.local/lib/python3.8/site-packages/airflow/example_dags/example_dynamic_task_mapping_with_no_taskflow_operators.py
[2023-09-29T18:13:23.594+0000] {logging_mixin.py:151} INFO - [2023-09-29T18:13:23.593+0000] {dag.py:2915} INFO - Sync 1 DAGs
[2023-09-29T18:13:23.609+0000] {logging_mixin.py:151} INFO - [2023-09-29T18:13:23.608+0000] {dag.py:3696} INFO - Setting next_dagrun for example_dynamic_task_mapping_with_no_taskflow_operators to 2023-09-28T18:13:23.608733+00:00, run_after=2023-09-29T18:13:23.608733+00:00
[2023-09-29T18:13:23.619+0000] {processor.py:179} INFO - Processing /home/airflow/.local/lib/python3.8/site-packages/airflow/example_dags/example_dynamic_task_mapping_with_no_taskflow_operators.py took 0.055 seconds
[2023-09-29T18:13:54.446+0000] {processor.py:157} INFO - Started process (PID=766) to work on /home/airflow/.local/lib/python3.8/site-packages/airflow/example_dags/example_dynamic_task_mapping_with_no_taskflow_operators.py
[2023-09-29T18:13:54.447+0000] {processor.py:829} INFO - Processing file /home/airflow/.local/lib/python3.8/site-packages/airflow/example_dags/example_dynamic_task_mapping_with_no_taskflow_operators.py for tasks to queue
[2023-09-29T18:13:54.449+0000] {logging_mixin.py:151} INFO - [2023-09-29T18:13:54.449+0000] {dagbag.py:539} INFO - Filling up the DagBag from /home/airflow/.local/lib/python3.8/site-packages/airflow/example_dags/example_dynamic_task_mapping_with_no_taskflow_operators.py
[2023-09-29T18:13:54.454+0000] {processor.py:839} INFO - DAG(s) dict_keys(['example_dynamic_task_mapping_with_no_taskflow_operators']) retrieved from /home/airflow/.local/lib/python3.8/site-packages/airflow/example_dags/example_dynamic_task_mapping_with_no_taskflow_operators.py
[2023-09-29T18:13:54.470+0000] {logging_mixin.py:151} INFO - [2023-09-29T18:13:54.470+0000] {dag.py:2915} INFO - Sync 1 DAGs
[2023-09-29T18:13:54.485+0000] {logging_mixin.py:151} INFO - [2023-09-29T18:13:54.485+0000] {dag.py:3696} INFO - Setting next_dagrun for example_dynamic_task_mapping_with_no_taskflow_operators to 2023-09-28T18:13:54.485301+00:00, run_after=2023-09-29T18:13:54.485301+00:00
[2023-09-29T18:13:54.496+0000] {processor.py:179} INFO - Processing /home/airflow/.local/lib/python3.8/site-packages/airflow/example_dags/example_dynamic_task_mapping_with_no_taskflow_operators.py took 0.053 seconds
[2023-09-29T18:14:24.593+0000] {processor.py:157} INFO - Started process (PID=820) to work on /home/airflow/.local/lib/python3.8/site-packages/airflow/example_dags/example_dynamic_task_mapping_with_no_taskflow_operators.py
[2023-09-29T18:14:24.594+0000] {processor.py:829} INFO - Processing file /home/airflow/.local/lib/python3.8/site-packages/airflow/example_dags/example_dynamic_task_mapping_with_no_taskflow_operators.py for tasks to queue
[2023-09-29T18:14:24.596+0000] {logging_mixin.py:151} INFO - [2023-09-29T18:14:24.596+0000] {dagbag.py:539} INFO - Filling up the DagBag from /home/airflow/.local/lib/python3.8/site-packages/airflow/example_dags/example_dynamic_task_mapping_with_no_taskflow_operators.py
[2023-09-29T18:14:24.601+0000] {processor.py:839} INFO - DAG(s) dict_keys(['example_dynamic_task_mapping_with_no_taskflow_operators']) retrieved from /home/airflow/.local/lib/python3.8/site-packages/airflow/example_dags/example_dynamic_task_mapping_with_no_taskflow_operators.py
[2023-09-29T18:14:24.615+0000] {logging_mixin.py:151} INFO - [2023-09-29T18:14:24.615+0000] {dag.py:2915} INFO - Sync 1 DAGs
[2023-09-29T18:14:24.632+0000] {logging_mixin.py:151} INFO - [2023-09-29T18:14:24.632+0000] {dag.py:3696} INFO - Setting next_dagrun for example_dynamic_task_mapping_with_no_taskflow_operators to 2023-09-28T18:14:24.632533+00:00, run_after=2023-09-29T18:14:24.632533+00:00
[2023-09-29T18:14:24.644+0000] {processor.py:179} INFO - Processing /home/airflow/.local/lib/python3.8/site-packages/airflow/example_dags/example_dynamic_task_mapping_with_no_taskflow_operators.py took 0.054 seconds
[2023-09-29T18:14:55.312+0000] {processor.py:157} INFO - Started process (PID=875) to work on /home/airflow/.local/lib/python3.8/site-packages/airflow/example_dags/example_dynamic_task_mapping_with_no_taskflow_operators.py
[2023-09-29T18:14:55.313+0000] {processor.py:829} INFO - Processing file /home/airflow/.local/lib/python3.8/site-packages/airflow/example_dags/example_dynamic_task_mapping_with_no_taskflow_operators.py for tasks to queue
[2023-09-29T18:14:55.316+0000] {logging_mixin.py:151} INFO - [2023-09-29T18:14:55.315+0000] {dagbag.py:539} INFO - Filling up the DagBag from /home/airflow/.local/lib/python3.8/site-packages/airflow/example_dags/example_dynamic_task_mapping_with_no_taskflow_operators.py
[2023-09-29T18:14:55.323+0000] {processor.py:839} INFO - DAG(s) dict_keys(['example_dynamic_task_mapping_with_no_taskflow_operators']) retrieved from /home/airflow/.local/lib/python3.8/site-packages/airflow/example_dags/example_dynamic_task_mapping_with_no_taskflow_operators.py
[2023-09-29T18:14:55.341+0000] {logging_mixin.py:151} INFO - [2023-09-29T18:14:55.341+0000] {dag.py:2915} INFO - Sync 1 DAGs
[2023-09-29T18:14:55.357+0000] {logging_mixin.py:151} INFO - [2023-09-29T18:14:55.357+0000] {dag.py:3696} INFO - Setting next_dagrun for example_dynamic_task_mapping_with_no_taskflow_operators to 2023-09-28T18:14:55.356920+00:00, run_after=2023-09-29T18:14:55.356920+00:00
[2023-09-29T18:14:55.370+0000] {processor.py:179} INFO - Processing /home/airflow/.local/lib/python3.8/site-packages/airflow/example_dags/example_dynamic_task_mapping_with_no_taskflow_operators.py took 0.062 seconds
[2023-09-29T18:15:25.429+0000] {processor.py:157} INFO - Started process (PID=930) to work on /home/airflow/.local/lib/python3.8/site-packages/airflow/example_dags/example_dynamic_task_mapping_with_no_taskflow_operators.py
[2023-09-29T18:15:25.430+0000] {processor.py:829} INFO - Processing file /home/airflow/.local/lib/python3.8/site-packages/airflow/example_dags/example_dynamic_task_mapping_with_no_taskflow_operators.py for tasks to queue
[2023-09-29T18:15:25.431+0000] {logging_mixin.py:151} INFO - [2023-09-29T18:15:25.431+0000] {dagbag.py:539} INFO - Filling up the DagBag from /home/airflow/.local/lib/python3.8/site-packages/airflow/example_dags/example_dynamic_task_mapping_with_no_taskflow_operators.py
[2023-09-29T18:15:25.437+0000] {processor.py:839} INFO - DAG(s) dict_keys(['example_dynamic_task_mapping_with_no_taskflow_operators']) retrieved from /home/airflow/.local/lib/python3.8/site-packages/airflow/example_dags/example_dynamic_task_mapping_with_no_taskflow_operators.py
[2023-09-29T18:15:25.454+0000] {logging_mixin.py:151} INFO - [2023-09-29T18:15:25.453+0000] {dag.py:2915} INFO - Sync 1 DAGs
[2023-09-29T18:15:25.475+0000] {logging_mixin.py:151} INFO - [2023-09-29T18:15:25.475+0000] {dag.py:3696} INFO - Setting next_dagrun for example_dynamic_task_mapping_with_no_taskflow_operators to 2023-09-28T18:15:25.474885+00:00, run_after=2023-09-29T18:15:25.474885+00:00
[2023-09-29T18:15:25.489+0000] {processor.py:179} INFO - Processing /home/airflow/.local/lib/python3.8/site-packages/airflow/example_dags/example_dynamic_task_mapping_with_no_taskflow_operators.py took 0.064 seconds
[2023-09-29T18:15:56.048+0000] {processor.py:157} INFO - Started process (PID=985) to work on /home/airflow/.local/lib/python3.8/site-packages/airflow/example_dags/example_dynamic_task_mapping_with_no_taskflow_operators.py
[2023-09-29T18:15:56.049+0000] {processor.py:829} INFO - Processing file /home/airflow/.local/lib/python3.8/site-packages/airflow/example_dags/example_dynamic_task_mapping_with_no_taskflow_operators.py for tasks to queue
[2023-09-29T18:15:56.051+0000] {logging_mixin.py:151} INFO - [2023-09-29T18:15:56.051+0000] {dagbag.py:539} INFO - Filling up the DagBag from /home/airflow/.local/lib/python3.8/site-packages/airflow/example_dags/example_dynamic_task_mapping_with_no_taskflow_operators.py
[2023-09-29T18:15:56.057+0000] {processor.py:839} INFO - DAG(s) dict_keys(['example_dynamic_task_mapping_with_no_taskflow_operators']) retrieved from /home/airflow/.local/lib/python3.8/site-packages/airflow/example_dags/example_dynamic_task_mapping_with_no_taskflow_operators.py
[2023-09-29T18:15:56.071+0000] {logging_mixin.py:151} INFO - [2023-09-29T18:15:56.071+0000] {dag.py:2915} INFO - Sync 1 DAGs
[2023-09-29T18:15:56.087+0000] {logging_mixin.py:151} INFO - [2023-09-29T18:15:56.087+0000] {dag.py:3696} INFO - Setting next_dagrun for example_dynamic_task_mapping_with_no_taskflow_operators to 2023-09-28T18:15:56.087514+00:00, run_after=2023-09-29T18:15:56.087514+00:00
[2023-09-29T18:15:56.098+0000] {processor.py:179} INFO - Processing /home/airflow/.local/lib/python3.8/site-packages/airflow/example_dags/example_dynamic_task_mapping_with_no_taskflow_operators.py took 0.053 seconds
[2023-09-29T18:16:26.407+0000] {processor.py:157} INFO - Started process (PID=1040) to work on /home/airflow/.local/lib/python3.8/site-packages/airflow/example_dags/example_dynamic_task_mapping_with_no_taskflow_operators.py
[2023-09-29T18:16:26.408+0000] {processor.py:829} INFO - Processing file /home/airflow/.local/lib/python3.8/site-packages/airflow/example_dags/example_dynamic_task_mapping_with_no_taskflow_operators.py for tasks to queue
[2023-09-29T18:16:26.410+0000] {logging_mixin.py:151} INFO - [2023-09-29T18:16:26.410+0000] {dagbag.py:539} INFO - Filling up the DagBag from /home/airflow/.local/lib/python3.8/site-packages/airflow/example_dags/example_dynamic_task_mapping_with_no_taskflow_operators.py
[2023-09-29T18:16:26.416+0000] {processor.py:839} INFO - DAG(s) dict_keys(['example_dynamic_task_mapping_with_no_taskflow_operators']) retrieved from /home/airflow/.local/lib/python3.8/site-packages/airflow/example_dags/example_dynamic_task_mapping_with_no_taskflow_operators.py
[2023-09-29T18:16:26.430+0000] {logging_mixin.py:151} INFO - [2023-09-29T18:16:26.430+0000] {dag.py:2915} INFO - Sync 1 DAGs
[2023-09-29T18:16:26.446+0000] {logging_mixin.py:151} INFO - [2023-09-29T18:16:26.445+0000] {dag.py:3696} INFO - Setting next_dagrun for example_dynamic_task_mapping_with_no_taskflow_operators to 2023-09-28T18:16:26.445765+00:00, run_after=2023-09-29T18:16:26.445765+00:00
[2023-09-29T18:16:26.456+0000] {processor.py:179} INFO - Processing /home/airflow/.local/lib/python3.8/site-packages/airflow/example_dags/example_dynamic_task_mapping_with_no_taskflow_operators.py took 0.052 seconds
[2023-09-29T18:16:56.898+0000] {processor.py:157} INFO - Started process (PID=1095) to work on /home/airflow/.local/lib/python3.8/site-packages/airflow/example_dags/example_dynamic_task_mapping_with_no_taskflow_operators.py
[2023-09-29T18:16:56.899+0000] {processor.py:829} INFO - Processing file /home/airflow/.local/lib/python3.8/site-packages/airflow/example_dags/example_dynamic_task_mapping_with_no_taskflow_operators.py for tasks to queue
[2023-09-29T18:16:56.901+0000] {logging_mixin.py:151} INFO - [2023-09-29T18:16:56.900+0000] {dagbag.py:539} INFO - Filling up the DagBag from /home/airflow/.local/lib/python3.8/site-packages/airflow/example_dags/example_dynamic_task_mapping_with_no_taskflow_operators.py
[2023-09-29T18:16:56.907+0000] {processor.py:839} INFO - DAG(s) dict_keys(['example_dynamic_task_mapping_with_no_taskflow_operators']) retrieved from /home/airflow/.local/lib/python3.8/site-packages/airflow/example_dags/example_dynamic_task_mapping_with_no_taskflow_operators.py
[2023-09-29T18:16:56.921+0000] {logging_mixin.py:151} INFO - [2023-09-29T18:16:56.921+0000] {dag.py:2915} INFO - Sync 1 DAGs
[2023-09-29T18:16:56.937+0000] {logging_mixin.py:151} INFO - [2023-09-29T18:16:56.936+0000] {dag.py:3696} INFO - Setting next_dagrun for example_dynamic_task_mapping_with_no_taskflow_operators to 2023-09-28T18:16:56.936728+00:00, run_after=2023-09-29T18:16:56.936728+00:00
[2023-09-29T18:16:56.948+0000] {processor.py:179} INFO - Processing /home/airflow/.local/lib/python3.8/site-packages/airflow/example_dags/example_dynamic_task_mapping_with_no_taskflow_operators.py took 0.055 seconds
[2023-09-29T18:17:27.116+0000] {processor.py:157} INFO - Started process (PID=1151) to work on /home/airflow/.local/lib/python3.8/site-packages/airflow/example_dags/example_dynamic_task_mapping_with_no_taskflow_operators.py
[2023-09-29T18:17:27.117+0000] {processor.py:829} INFO - Processing file /home/airflow/.local/lib/python3.8/site-packages/airflow/example_dags/example_dynamic_task_mapping_with_no_taskflow_operators.py for tasks to queue
[2023-09-29T18:17:27.119+0000] {logging_mixin.py:151} INFO - [2023-09-29T18:17:27.118+0000] {dagbag.py:539} INFO - Filling up the DagBag from /home/airflow/.local/lib/python3.8/site-packages/airflow/example_dags/example_dynamic_task_mapping_with_no_taskflow_operators.py
[2023-09-29T18:17:27.124+0000] {processor.py:839} INFO - DAG(s) dict_keys(['example_dynamic_task_mapping_with_no_taskflow_operators']) retrieved from /home/airflow/.local/lib/python3.8/site-packages/airflow/example_dags/example_dynamic_task_mapping_with_no_taskflow_operators.py
[2023-09-29T18:17:27.141+0000] {logging_mixin.py:151} INFO - [2023-09-29T18:17:27.141+0000] {dag.py:2915} INFO - Sync 1 DAGs
[2023-09-29T18:17:27.157+0000] {logging_mixin.py:151} INFO - [2023-09-29T18:17:27.157+0000] {dag.py:3696} INFO - Setting next_dagrun for example_dynamic_task_mapping_with_no_taskflow_operators to 2023-09-28T18:17:27.156977+00:00, run_after=2023-09-29T18:17:27.156977+00:00
[2023-09-29T18:17:27.167+0000] {processor.py:179} INFO - Processing /home/airflow/.local/lib/python3.8/site-packages/airflow/example_dags/example_dynamic_task_mapping_with_no_taskflow_operators.py took 0.055 seconds
[2023-09-29T18:17:57.757+0000] {processor.py:157} INFO - Started process (PID=1206) to work on /home/airflow/.local/lib/python3.8/site-packages/airflow/example_dags/example_dynamic_task_mapping_with_no_taskflow_operators.py
[2023-09-29T18:17:57.758+0000] {processor.py:829} INFO - Processing file /home/airflow/.local/lib/python3.8/site-packages/airflow/example_dags/example_dynamic_task_mapping_with_no_taskflow_operators.py for tasks to queue
[2023-09-29T18:17:57.761+0000] {logging_mixin.py:151} INFO - [2023-09-29T18:17:57.761+0000] {dagbag.py:539} INFO - Filling up the DagBag from /home/airflow/.local/lib/python3.8/site-packages/airflow/example_dags/example_dynamic_task_mapping_with_no_taskflow_operators.py
[2023-09-29T18:17:57.770+0000] {processor.py:839} INFO - DAG(s) dict_keys(['example_dynamic_task_mapping_with_no_taskflow_operators']) retrieved from /home/airflow/.local/lib/python3.8/site-packages/airflow/example_dags/example_dynamic_task_mapping_with_no_taskflow_operators.py
[2023-09-29T18:17:57.795+0000] {logging_mixin.py:151} INFO - [2023-09-29T18:17:57.795+0000] {dag.py:2915} INFO - Sync 1 DAGs
[2023-09-29T18:17:57.823+0000] {logging_mixin.py:151} INFO - [2023-09-29T18:17:57.823+0000] {dag.py:3696} INFO - Setting next_dagrun for example_dynamic_task_mapping_with_no_taskflow_operators to 2023-09-28T18:17:57.822865+00:00, run_after=2023-09-29T18:17:57.822865+00:00
[2023-09-29T18:17:57.839+0000] {processor.py:179} INFO - Processing /home/airflow/.local/lib/python3.8/site-packages/airflow/example_dags/example_dynamic_task_mapping_with_no_taskflow_operators.py took 0.087 seconds
[2023-09-29T18:18:28.218+0000] {processor.py:157} INFO - Started process (PID=1261) to work on /home/airflow/.local/lib/python3.8/site-packages/airflow/example_dags/example_dynamic_task_mapping_with_no_taskflow_operators.py
[2023-09-29T18:18:28.219+0000] {processor.py:829} INFO - Processing file /home/airflow/.local/lib/python3.8/site-packages/airflow/example_dags/example_dynamic_task_mapping_with_no_taskflow_operators.py for tasks to queue
[2023-09-29T18:18:28.221+0000] {logging_mixin.py:151} INFO - [2023-09-29T18:18:28.221+0000] {dagbag.py:539} INFO - Filling up the DagBag from /home/airflow/.local/lib/python3.8/site-packages/airflow/example_dags/example_dynamic_task_mapping_with_no_taskflow_operators.py
[2023-09-29T18:18:28.227+0000] {processor.py:839} INFO - DAG(s) dict_keys(['example_dynamic_task_mapping_with_no_taskflow_operators']) retrieved from /home/airflow/.local/lib/python3.8/site-packages/airflow/example_dags/example_dynamic_task_mapping_with_no_taskflow_operators.py
[2023-09-29T18:18:28.242+0000] {logging_mixin.py:151} INFO - [2023-09-29T18:18:28.241+0000] {dag.py:2915} INFO - Sync 1 DAGs
[2023-09-29T18:18:28.257+0000] {logging_mixin.py:151} INFO - [2023-09-29T18:18:28.257+0000] {dag.py:3696} INFO - Setting next_dagrun for example_dynamic_task_mapping_with_no_taskflow_operators to 2023-09-28T18:18:28.257360+00:00, run_after=2023-09-29T18:18:28.257360+00:00
[2023-09-29T18:18:28.268+0000] {processor.py:179} INFO - Processing /home/airflow/.local/lib/python3.8/site-packages/airflow/example_dags/example_dynamic_task_mapping_with_no_taskflow_operators.py took 0.053 seconds
[2023-09-29T18:18:58.865+0000] {processor.py:157} INFO - Started process (PID=1316) to work on /home/airflow/.local/lib/python3.8/site-packages/airflow/example_dags/example_dynamic_task_mapping_with_no_taskflow_operators.py
[2023-09-29T18:18:58.866+0000] {processor.py:829} INFO - Processing file /home/airflow/.local/lib/python3.8/site-packages/airflow/example_dags/example_dynamic_task_mapping_with_no_taskflow_operators.py for tasks to queue
[2023-09-29T18:18:58.868+0000] {logging_mixin.py:151} INFO - [2023-09-29T18:18:58.868+0000] {dagbag.py:539} INFO - Filling up the DagBag from /home/airflow/.local/lib/python3.8/site-packages/airflow/example_dags/example_dynamic_task_mapping_with_no_taskflow_operators.py
[2023-09-29T18:18:58.874+0000] {processor.py:839} INFO - DAG(s) dict_keys(['example_dynamic_task_mapping_with_no_taskflow_operators']) retrieved from /home/airflow/.local/lib/python3.8/site-packages/airflow/example_dags/example_dynamic_task_mapping_with_no_taskflow_operators.py
[2023-09-29T18:18:58.889+0000] {logging_mixin.py:151} INFO - [2023-09-29T18:18:58.889+0000] {dag.py:2915} INFO - Sync 1 DAGs
[2023-09-29T18:18:58.905+0000] {logging_mixin.py:151} INFO - [2023-09-29T18:18:58.905+0000] {dag.py:3696} INFO - Setting next_dagrun for example_dynamic_task_mapping_with_no_taskflow_operators to 2023-09-28T18:18:58.905170+00:00, run_after=2023-09-29T18:18:58.905170+00:00
[2023-09-29T18:18:58.916+0000] {processor.py:179} INFO - Processing /home/airflow/.local/lib/python3.8/site-packages/airflow/example_dags/example_dynamic_task_mapping_with_no_taskflow_operators.py took 0.054 seconds
[2023-09-29T18:19:29.460+0000] {processor.py:157} INFO - Started process (PID=1371) to work on /home/airflow/.local/lib/python3.8/site-packages/airflow/example_dags/example_dynamic_task_mapping_with_no_taskflow_operators.py
[2023-09-29T18:19:29.461+0000] {processor.py:829} INFO - Processing file /home/airflow/.local/lib/python3.8/site-packages/airflow/example_dags/example_dynamic_task_mapping_with_no_taskflow_operators.py for tasks to queue
[2023-09-29T18:19:29.463+0000] {logging_mixin.py:151} INFO - [2023-09-29T18:19:29.463+0000] {dagbag.py:539} INFO - Filling up the DagBag from /home/airflow/.local/lib/python3.8/site-packages/airflow/example_dags/example_dynamic_task_mapping_with_no_taskflow_operators.py
[2023-09-29T18:19:29.469+0000] {processor.py:839} INFO - DAG(s) dict_keys(['example_dynamic_task_mapping_with_no_taskflow_operators']) retrieved from /home/airflow/.local/lib/python3.8/site-packages/airflow/example_dags/example_dynamic_task_mapping_with_no_taskflow_operators.py
[2023-09-29T18:19:29.488+0000] {logging_mixin.py:151} INFO - [2023-09-29T18:19:29.488+0000] {dag.py:2915} INFO - Sync 1 DAGs
[2023-09-29T18:19:29.510+0000] {logging_mixin.py:151} INFO - [2023-09-29T18:19:29.510+0000] {dag.py:3696} INFO - Setting next_dagrun for example_dynamic_task_mapping_with_no_taskflow_operators to 2023-09-28T18:19:29.510116+00:00, run_after=2023-09-29T18:19:29.510116+00:00
[2023-09-29T18:19:29.523+0000] {processor.py:179} INFO - Processing /home/airflow/.local/lib/python3.8/site-packages/airflow/example_dags/example_dynamic_task_mapping_with_no_taskflow_operators.py took 0.066 seconds
[2023-09-29T18:19:59.975+0000] {processor.py:157} INFO - Started process (PID=1426) to work on /home/airflow/.local/lib/python3.8/site-packages/airflow/example_dags/example_dynamic_task_mapping_with_no_taskflow_operators.py
[2023-09-29T18:19:59.976+0000] {processor.py:829} INFO - Processing file /home/airflow/.local/lib/python3.8/site-packages/airflow/example_dags/example_dynamic_task_mapping_with_no_taskflow_operators.py for tasks to queue
[2023-09-29T18:19:59.978+0000] {logging_mixin.py:151} INFO - [2023-09-29T18:19:59.978+0000] {dagbag.py:539} INFO - Filling up the DagBag from /home/airflow/.local/lib/python3.8/site-packages/airflow/example_dags/example_dynamic_task_mapping_with_no_taskflow_operators.py
[2023-09-29T18:19:59.984+0000] {processor.py:839} INFO - DAG(s) dict_keys(['example_dynamic_task_mapping_with_no_taskflow_operators']) retrieved from /home/airflow/.local/lib/python3.8/site-packages/airflow/example_dags/example_dynamic_task_mapping_with_no_taskflow_operators.py
[2023-09-29T18:19:59.999+0000] {logging_mixin.py:151} INFO - [2023-09-29T18:19:59.999+0000] {dag.py:2915} INFO - Sync 1 DAGs
[2023-09-29T18:20:00.017+0000] {logging_mixin.py:151} INFO - [2023-09-29T18:20:00.017+0000] {dag.py:3696} INFO - Setting next_dagrun for example_dynamic_task_mapping_with_no_taskflow_operators to 2023-09-28T18:20:00.016984+00:00, run_after=2023-09-29T18:20:00.016984+00:00
[2023-09-29T18:20:00.028+0000] {processor.py:179} INFO - Processing /home/airflow/.local/lib/python3.8/site-packages/airflow/example_dags/example_dynamic_task_mapping_with_no_taskflow_operators.py took 0.056 seconds
[2023-09-29T18:20:30.488+0000] {processor.py:157} INFO - Started process (PID=1481) to work on /home/airflow/.local/lib/python3.8/site-packages/airflow/example_dags/example_dynamic_task_mapping_with_no_taskflow_operators.py
[2023-09-29T18:20:30.489+0000] {processor.py:829} INFO - Processing file /home/airflow/.local/lib/python3.8/site-packages/airflow/example_dags/example_dynamic_task_mapping_with_no_taskflow_operators.py for tasks to queue
[2023-09-29T18:20:30.492+0000] {logging_mixin.py:151} INFO - [2023-09-29T18:20:30.491+0000] {dagbag.py:539} INFO - Filling up the DagBag from /home/airflow/.local/lib/python3.8/site-packages/airflow/example_dags/example_dynamic_task_mapping_with_no_taskflow_operators.py
[2023-09-29T18:20:30.499+0000] {processor.py:839} INFO - DAG(s) dict_keys(['example_dynamic_task_mapping_with_no_taskflow_operators']) retrieved from /home/airflow/.local/lib/python3.8/site-packages/airflow/example_dags/example_dynamic_task_mapping_with_no_taskflow_operators.py
[2023-09-29T18:20:30.527+0000] {logging_mixin.py:151} INFO - [2023-09-29T18:20:30.527+0000] {dag.py:2915} INFO - Sync 1 DAGs
[2023-09-29T18:20:30.555+0000] {logging_mixin.py:151} INFO - [2023-09-29T18:20:30.554+0000] {dag.py:3696} INFO - Setting next_dagrun for example_dynamic_task_mapping_with_no_taskflow_operators to 2023-09-28T18:20:30.554648+00:00, run_after=2023-09-29T18:20:30.554648+00:00
[2023-09-29T18:20:30.565+0000] {processor.py:179} INFO - Processing /home/airflow/.local/lib/python3.8/site-packages/airflow/example_dags/example_dynamic_task_mapping_with_no_taskflow_operators.py took 0.080 seconds
[2023-09-29T18:21:00.780+0000] {processor.py:157} INFO - Started process (PID=1544) to work on /home/airflow/.local/lib/python3.8/site-packages/airflow/example_dags/example_dynamic_task_mapping_with_no_taskflow_operators.py
[2023-09-29T18:21:00.781+0000] {processor.py:829} INFO - Processing file /home/airflow/.local/lib/python3.8/site-packages/airflow/example_dags/example_dynamic_task_mapping_with_no_taskflow_operators.py for tasks to queue
[2023-09-29T18:21:00.782+0000] {logging_mixin.py:151} INFO - [2023-09-29T18:21:00.782+0000] {dagbag.py:539} INFO - Filling up the DagBag from /home/airflow/.local/lib/python3.8/site-packages/airflow/example_dags/example_dynamic_task_mapping_with_no_taskflow_operators.py
[2023-09-29T18:21:00.788+0000] {processor.py:839} INFO - DAG(s) dict_keys(['example_dynamic_task_mapping_with_no_taskflow_operators']) retrieved from /home/airflow/.local/lib/python3.8/site-packages/airflow/example_dags/example_dynamic_task_mapping_with_no_taskflow_operators.py
[2023-09-29T18:21:00.802+0000] {logging_mixin.py:151} INFO - [2023-09-29T18:21:00.802+0000] {dag.py:2915} INFO - Sync 1 DAGs
[2023-09-29T18:21:00.818+0000] {logging_mixin.py:151} INFO - [2023-09-29T18:21:00.818+0000] {dag.py:3696} INFO - Setting next_dagrun for example_dynamic_task_mapping_with_no_taskflow_operators to 2023-09-28T18:21:00.818130+00:00, run_after=2023-09-29T18:21:00.818130+00:00
[2023-09-29T18:21:00.832+0000] {processor.py:179} INFO - Processing /home/airflow/.local/lib/python3.8/site-packages/airflow/example_dags/example_dynamic_task_mapping_with_no_taskflow_operators.py took 0.055 seconds
[2023-09-29T18:21:30.988+0000] {processor.py:157} INFO - Started process (PID=1600) to work on /home/airflow/.local/lib/python3.8/site-packages/airflow/example_dags/example_dynamic_task_mapping_with_no_taskflow_operators.py
[2023-09-29T18:21:30.989+0000] {processor.py:829} INFO - Processing file /home/airflow/.local/lib/python3.8/site-packages/airflow/example_dags/example_dynamic_task_mapping_with_no_taskflow_operators.py for tasks to queue
[2023-09-29T18:21:30.992+0000] {logging_mixin.py:151} INFO - [2023-09-29T18:21:30.992+0000] {dagbag.py:539} INFO - Filling up the DagBag from /home/airflow/.local/lib/python3.8/site-packages/airflow/example_dags/example_dynamic_task_mapping_with_no_taskflow_operators.py
[2023-09-29T18:21:30.999+0000] {processor.py:839} INFO - DAG(s) dict_keys(['example_dynamic_task_mapping_with_no_taskflow_operators']) retrieved from /home/airflow/.local/lib/python3.8/site-packages/airflow/example_dags/example_dynamic_task_mapping_with_no_taskflow_operators.py
[2023-09-29T18:21:31.025+0000] {logging_mixin.py:151} INFO - [2023-09-29T18:21:31.025+0000] {dag.py:2915} INFO - Sync 1 DAGs
[2023-09-29T18:21:31.044+0000] {logging_mixin.py:151} INFO - [2023-09-29T18:21:31.044+0000] {dag.py:3696} INFO - Setting next_dagrun for example_dynamic_task_mapping_with_no_taskflow_operators to 2023-09-28T18:21:31.043863+00:00, run_after=2023-09-29T18:21:31.043863+00:00
[2023-09-29T18:21:31.063+0000] {processor.py:179} INFO - Processing /home/airflow/.local/lib/python3.8/site-packages/airflow/example_dags/example_dynamic_task_mapping_with_no_taskflow_operators.py took 0.079 seconds
[2023-09-29T18:22:01.731+0000] {processor.py:157} INFO - Started process (PID=1655) to work on /home/airflow/.local/lib/python3.8/site-packages/airflow/example_dags/example_dynamic_task_mapping_with_no_taskflow_operators.py
[2023-09-29T18:22:01.733+0000] {processor.py:829} INFO - Processing file /home/airflow/.local/lib/python3.8/site-packages/airflow/example_dags/example_dynamic_task_mapping_with_no_taskflow_operators.py for tasks to queue
[2023-09-29T18:22:01.736+0000] {logging_mixin.py:151} INFO - [2023-09-29T18:22:01.736+0000] {dagbag.py:539} INFO - Filling up the DagBag from /home/airflow/.local/lib/python3.8/site-packages/airflow/example_dags/example_dynamic_task_mapping_with_no_taskflow_operators.py
[2023-09-29T18:22:01.743+0000] {processor.py:839} INFO - DAG(s) dict_keys(['example_dynamic_task_mapping_with_no_taskflow_operators']) retrieved from /home/airflow/.local/lib/python3.8/site-packages/airflow/example_dags/example_dynamic_task_mapping_with_no_taskflow_operators.py
[2023-09-29T18:22:01.762+0000] {logging_mixin.py:151} INFO - [2023-09-29T18:22:01.762+0000] {dag.py:2915} INFO - Sync 1 DAGs
[2023-09-29T18:22:01.782+0000] {logging_mixin.py:151} INFO - [2023-09-29T18:22:01.782+0000] {dag.py:3696} INFO - Setting next_dagrun for example_dynamic_task_mapping_with_no_taskflow_operators to 2023-09-28T18:22:01.782124+00:00, run_after=2023-09-29T18:22:01.782124+00:00
[2023-09-29T18:22:01.796+0000] {processor.py:179} INFO - Processing /home/airflow/.local/lib/python3.8/site-packages/airflow/example_dags/example_dynamic_task_mapping_with_no_taskflow_operators.py took 0.072 seconds
[2023-09-29T18:22:32.128+0000] {processor.py:157} INFO - Started process (PID=1710) to work on /home/airflow/.local/lib/python3.8/site-packages/airflow/example_dags/example_dynamic_task_mapping_with_no_taskflow_operators.py
[2023-09-29T18:22:32.129+0000] {processor.py:829} INFO - Processing file /home/airflow/.local/lib/python3.8/site-packages/airflow/example_dags/example_dynamic_task_mapping_with_no_taskflow_operators.py for tasks to queue
[2023-09-29T18:22:32.132+0000] {logging_mixin.py:151} INFO - [2023-09-29T18:22:32.132+0000] {dagbag.py:539} INFO - Filling up the DagBag from /home/airflow/.local/lib/python3.8/site-packages/airflow/example_dags/example_dynamic_task_mapping_with_no_taskflow_operators.py
[2023-09-29T18:22:32.138+0000] {processor.py:839} INFO - DAG(s) dict_keys(['example_dynamic_task_mapping_with_no_taskflow_operators']) retrieved from /home/airflow/.local/lib/python3.8/site-packages/airflow/example_dags/example_dynamic_task_mapping_with_no_taskflow_operators.py
[2023-09-29T18:22:32.157+0000] {logging_mixin.py:151} INFO - [2023-09-29T18:22:32.157+0000] {dag.py:2915} INFO - Sync 1 DAGs
[2023-09-29T18:22:32.175+0000] {logging_mixin.py:151} INFO - [2023-09-29T18:22:32.175+0000] {dag.py:3696} INFO - Setting next_dagrun for example_dynamic_task_mapping_with_no_taskflow_operators to 2023-09-28T18:22:32.175342+00:00, run_after=2023-09-29T18:22:32.175342+00:00
[2023-09-29T18:22:32.198+0000] {processor.py:179} INFO - Processing /home/airflow/.local/lib/python3.8/site-packages/airflow/example_dags/example_dynamic_task_mapping_with_no_taskflow_operators.py took 0.074 seconds
[2023-09-29T18:23:02.286+0000] {processor.py:157} INFO - Started process (PID=1766) to work on /home/airflow/.local/lib/python3.8/site-packages/airflow/example_dags/example_dynamic_task_mapping_with_no_taskflow_operators.py
[2023-09-29T18:23:02.287+0000] {processor.py:829} INFO - Processing file /home/airflow/.local/lib/python3.8/site-packages/airflow/example_dags/example_dynamic_task_mapping_with_no_taskflow_operators.py for tasks to queue
[2023-09-29T18:23:02.290+0000] {logging_mixin.py:151} INFO - [2023-09-29T18:23:02.289+0000] {dagbag.py:539} INFO - Filling up the DagBag from /home/airflow/.local/lib/python3.8/site-packages/airflow/example_dags/example_dynamic_task_mapping_with_no_taskflow_operators.py
[2023-09-29T18:23:02.294+0000] {processor.py:839} INFO - DAG(s) dict_keys(['example_dynamic_task_mapping_with_no_taskflow_operators']) retrieved from /home/airflow/.local/lib/python3.8/site-packages/airflow/example_dags/example_dynamic_task_mapping_with_no_taskflow_operators.py
[2023-09-29T18:23:02.309+0000] {logging_mixin.py:151} INFO - [2023-09-29T18:23:02.309+0000] {dag.py:2915} INFO - Sync 1 DAGs
[2023-09-29T18:23:02.324+0000] {logging_mixin.py:151} INFO - [2023-09-29T18:23:02.324+0000] {dag.py:3696} INFO - Setting next_dagrun for example_dynamic_task_mapping_with_no_taskflow_operators to 2023-09-28T18:23:02.324252+00:00, run_after=2023-09-29T18:23:02.324252+00:00
[2023-09-29T18:23:02.336+0000] {processor.py:179} INFO - Processing /home/airflow/.local/lib/python3.8/site-packages/airflow/example_dags/example_dynamic_task_mapping_with_no_taskflow_operators.py took 0.052 seconds
[2023-09-29T18:23:32.568+0000] {processor.py:157} INFO - Started process (PID=1821) to work on /home/airflow/.local/lib/python3.8/site-packages/airflow/example_dags/example_dynamic_task_mapping_with_no_taskflow_operators.py
[2023-09-29T18:23:32.569+0000] {processor.py:829} INFO - Processing file /home/airflow/.local/lib/python3.8/site-packages/airflow/example_dags/example_dynamic_task_mapping_with_no_taskflow_operators.py for tasks to queue
[2023-09-29T18:23:32.572+0000] {logging_mixin.py:151} INFO - [2023-09-29T18:23:32.571+0000] {dagbag.py:539} INFO - Filling up the DagBag from /home/airflow/.local/lib/python3.8/site-packages/airflow/example_dags/example_dynamic_task_mapping_with_no_taskflow_operators.py
[2023-09-29T18:23:32.576+0000] {processor.py:839} INFO - DAG(s) dict_keys(['example_dynamic_task_mapping_with_no_taskflow_operators']) retrieved from /home/airflow/.local/lib/python3.8/site-packages/airflow/example_dags/example_dynamic_task_mapping_with_no_taskflow_operators.py
[2023-09-29T18:23:32.591+0000] {logging_mixin.py:151} INFO - [2023-09-29T18:23:32.591+0000] {dag.py:2915} INFO - Sync 1 DAGs
[2023-09-29T18:23:32.605+0000] {logging_mixin.py:151} INFO - [2023-09-29T18:23:32.605+0000] {dag.py:3696} INFO - Setting next_dagrun for example_dynamic_task_mapping_with_no_taskflow_operators to 2023-09-28T18:23:32.605560+00:00, run_after=2023-09-29T18:23:32.605560+00:00
[2023-09-29T18:23:32.616+0000] {processor.py:179} INFO - Processing /home/airflow/.local/lib/python3.8/site-packages/airflow/example_dags/example_dynamic_task_mapping_with_no_taskflow_operators.py took 0.051 seconds
[2023-09-29T18:24:02.851+0000] {processor.py:157} INFO - Started process (PID=1876) to work on /home/airflow/.local/lib/python3.8/site-packages/airflow/example_dags/example_dynamic_task_mapping_with_no_taskflow_operators.py
[2023-09-29T18:24:02.853+0000] {processor.py:829} INFO - Processing file /home/airflow/.local/lib/python3.8/site-packages/airflow/example_dags/example_dynamic_task_mapping_with_no_taskflow_operators.py for tasks to queue
[2023-09-29T18:24:02.855+0000] {logging_mixin.py:151} INFO - [2023-09-29T18:24:02.855+0000] {dagbag.py:539} INFO - Filling up the DagBag from /home/airflow/.local/lib/python3.8/site-packages/airflow/example_dags/example_dynamic_task_mapping_with_no_taskflow_operators.py
[2023-09-29T18:24:02.860+0000] {processor.py:839} INFO - DAG(s) dict_keys(['example_dynamic_task_mapping_with_no_taskflow_operators']) retrieved from /home/airflow/.local/lib/python3.8/site-packages/airflow/example_dags/example_dynamic_task_mapping_with_no_taskflow_operators.py
[2023-09-29T18:24:02.875+0000] {logging_mixin.py:151} INFO - [2023-09-29T18:24:02.875+0000] {dag.py:2915} INFO - Sync 1 DAGs
[2023-09-29T18:24:02.891+0000] {logging_mixin.py:151} INFO - [2023-09-29T18:24:02.890+0000] {dag.py:3696} INFO - Setting next_dagrun for example_dynamic_task_mapping_with_no_taskflow_operators to 2023-09-28T18:24:02.890767+00:00, run_after=2023-09-29T18:24:02.890767+00:00
[2023-09-29T18:24:02.902+0000] {processor.py:179} INFO - Processing /home/airflow/.local/lib/python3.8/site-packages/airflow/example_dags/example_dynamic_task_mapping_with_no_taskflow_operators.py took 0.053 seconds
[2023-09-29T18:24:33.040+0000] {processor.py:157} INFO - Started process (PID=1931) to work on /home/airflow/.local/lib/python3.8/site-packages/airflow/example_dags/example_dynamic_task_mapping_with_no_taskflow_operators.py
[2023-09-29T18:24:33.041+0000] {processor.py:829} INFO - Processing file /home/airflow/.local/lib/python3.8/site-packages/airflow/example_dags/example_dynamic_task_mapping_with_no_taskflow_operators.py for tasks to queue
[2023-09-29T18:24:33.043+0000] {logging_mixin.py:151} INFO - [2023-09-29T18:24:33.042+0000] {dagbag.py:539} INFO - Filling up the DagBag from /home/airflow/.local/lib/python3.8/site-packages/airflow/example_dags/example_dynamic_task_mapping_with_no_taskflow_operators.py
[2023-09-29T18:24:33.049+0000] {processor.py:839} INFO - DAG(s) dict_keys(['example_dynamic_task_mapping_with_no_taskflow_operators']) retrieved from /home/airflow/.local/lib/python3.8/site-packages/airflow/example_dags/example_dynamic_task_mapping_with_no_taskflow_operators.py
[2023-09-29T18:24:33.065+0000] {logging_mixin.py:151} INFO - [2023-09-29T18:24:33.065+0000] {dag.py:2915} INFO - Sync 1 DAGs
[2023-09-29T18:24:33.080+0000] {logging_mixin.py:151} INFO - [2023-09-29T18:24:33.080+0000] {dag.py:3696} INFO - Setting next_dagrun for example_dynamic_task_mapping_with_no_taskflow_operators to 2023-09-28T18:24:33.079707+00:00, run_after=2023-09-29T18:24:33.079707+00:00
[2023-09-29T18:24:33.091+0000] {processor.py:179} INFO - Processing /home/airflow/.local/lib/python3.8/site-packages/airflow/example_dags/example_dynamic_task_mapping_with_no_taskflow_operators.py took 0.055 seconds
[2023-09-29T18:25:03.308+0000] {processor.py:157} INFO - Started process (PID=1986) to work on /home/airflow/.local/lib/python3.8/site-packages/airflow/example_dags/example_dynamic_task_mapping_with_no_taskflow_operators.py
[2023-09-29T18:25:03.309+0000] {processor.py:829} INFO - Processing file /home/airflow/.local/lib/python3.8/site-packages/airflow/example_dags/example_dynamic_task_mapping_with_no_taskflow_operators.py for tasks to queue
[2023-09-29T18:25:03.311+0000] {logging_mixin.py:151} INFO - [2023-09-29T18:25:03.310+0000] {dagbag.py:539} INFO - Filling up the DagBag from /home/airflow/.local/lib/python3.8/site-packages/airflow/example_dags/example_dynamic_task_mapping_with_no_taskflow_operators.py
[2023-09-29T18:25:03.316+0000] {processor.py:839} INFO - DAG(s) dict_keys(['example_dynamic_task_mapping_with_no_taskflow_operators']) retrieved from /home/airflow/.local/lib/python3.8/site-packages/airflow/example_dags/example_dynamic_task_mapping_with_no_taskflow_operators.py
[2023-09-29T18:25:03.331+0000] {logging_mixin.py:151} INFO - [2023-09-29T18:25:03.331+0000] {dag.py:2915} INFO - Sync 1 DAGs
[2023-09-29T18:25:03.347+0000] {logging_mixin.py:151} INFO - [2023-09-29T18:25:03.347+0000] {dag.py:3696} INFO - Setting next_dagrun for example_dynamic_task_mapping_with_no_taskflow_operators to 2023-09-28T18:25:03.347074+00:00, run_after=2023-09-29T18:25:03.347074+00:00
[2023-09-29T18:25:03.357+0000] {processor.py:179} INFO - Processing /home/airflow/.local/lib/python3.8/site-packages/airflow/example_dags/example_dynamic_task_mapping_with_no_taskflow_operators.py took 0.053 seconds
