[2023-09-29T18:07:12.880+0000] {processor.py:157} INFO - Started process (PID=45) to work on /home/airflow/.local/lib/python3.8/site-packages/airflow/example_dags/example_branch_python_dop_operator_3.py
[2023-09-29T18:07:12.888+0000] {processor.py:829} INFO - Processing file /home/airflow/.local/lib/python3.8/site-packages/airflow/example_dags/example_branch_python_dop_operator_3.py for tasks to queue
[2023-09-29T18:07:12.896+0000] {logging_mixin.py:151} INFO - [2023-09-29T18:07:12.895+0000] {dagbag.py:539} INFO - Filling up the DagBag from /home/airflow/.local/lib/python3.8/site-packages/airflow/example_dags/example_branch_python_dop_operator_3.py
[2023-09-29T18:07:12.928+0000] {processor.py:839} INFO - DAG(s) dict_keys(['example_branch_dop_operator_v3']) retrieved from /home/airflow/.local/lib/python3.8/site-packages/airflow/example_dags/example_branch_python_dop_operator_3.py
[2023-09-29T18:07:12.964+0000] {logging_mixin.py:151} INFO - [2023-09-29T18:07:12.964+0000] {dag.py:2915} INFO - Sync 1 DAGs
[2023-09-29T18:07:13.078+0000] {logging_mixin.py:151} INFO - [2023-09-29T18:07:13.078+0000] {dag.py:3696} INFO - Setting next_dagrun for example_branch_dop_operator_v3 to 2023-09-29T18:06:00+00:00, run_after=2023-09-29T18:07:00+00:00
[2023-09-29T18:07:13.125+0000] {processor.py:179} INFO - Processing /home/airflow/.local/lib/python3.8/site-packages/airflow/example_dags/example_branch_python_dop_operator_3.py took 0.249 seconds
[2023-09-29T18:07:46.193+0000] {processor.py:157} INFO - Started process (PID=99) to work on /home/airflow/.local/lib/python3.8/site-packages/airflow/example_dags/example_branch_python_dop_operator_3.py
[2023-09-29T18:07:46.200+0000] {processor.py:829} INFO - Processing file /home/airflow/.local/lib/python3.8/site-packages/airflow/example_dags/example_branch_python_dop_operator_3.py for tasks to queue
[2023-09-29T18:07:46.216+0000] {logging_mixin.py:151} INFO - [2023-09-29T18:07:46.211+0000] {dagbag.py:539} INFO - Filling up the DagBag from /home/airflow/.local/lib/python3.8/site-packages/airflow/example_dags/example_branch_python_dop_operator_3.py
[2023-09-29T18:07:46.271+0000] {processor.py:839} INFO - DAG(s) dict_keys(['example_branch_dop_operator_v3']) retrieved from /home/airflow/.local/lib/python3.8/site-packages/airflow/example_dags/example_branch_python_dop_operator_3.py
[2023-09-29T18:07:46.370+0000] {logging_mixin.py:151} INFO - [2023-09-29T18:07:46.368+0000] {dag.py:2915} INFO - Sync 1 DAGs
[2023-09-29T18:07:46.426+0000] {logging_mixin.py:151} INFO - [2023-09-29T18:07:46.425+0000] {dag.py:3696} INFO - Setting next_dagrun for example_branch_dop_operator_v3 to 2023-09-29T18:06:00+00:00, run_after=2023-09-29T18:07:00+00:00
[2023-09-29T18:07:46.462+0000] {processor.py:179} INFO - Processing /home/airflow/.local/lib/python3.8/site-packages/airflow/example_dags/example_branch_python_dop_operator_3.py took 0.287 seconds
[2023-09-29T18:08:16.580+0000] {processor.py:157} INFO - Started process (PID=153) to work on /home/airflow/.local/lib/python3.8/site-packages/airflow/example_dags/example_branch_python_dop_operator_3.py
[2023-09-29T18:08:16.581+0000] {processor.py:829} INFO - Processing file /home/airflow/.local/lib/python3.8/site-packages/airflow/example_dags/example_branch_python_dop_operator_3.py for tasks to queue
[2023-09-29T18:08:16.582+0000] {logging_mixin.py:151} INFO - [2023-09-29T18:08:16.582+0000] {dagbag.py:539} INFO - Filling up the DagBag from /home/airflow/.local/lib/python3.8/site-packages/airflow/example_dags/example_branch_python_dop_operator_3.py
[2023-09-29T18:08:16.590+0000] {processor.py:839} INFO - DAG(s) dict_keys(['example_branch_dop_operator_v3']) retrieved from /home/airflow/.local/lib/python3.8/site-packages/airflow/example_dags/example_branch_python_dop_operator_3.py
[2023-09-29T18:08:16.604+0000] {logging_mixin.py:151} INFO - [2023-09-29T18:08:16.604+0000] {dag.py:2915} INFO - Sync 1 DAGs
[2023-09-29T18:08:16.622+0000] {logging_mixin.py:151} INFO - [2023-09-29T18:08:16.622+0000] {dag.py:3696} INFO - Setting next_dagrun for example_branch_dop_operator_v3 to 2023-09-29T18:07:00+00:00, run_after=2023-09-29T18:08:00+00:00
[2023-09-29T18:08:16.634+0000] {processor.py:179} INFO - Processing /home/airflow/.local/lib/python3.8/site-packages/airflow/example_dags/example_branch_python_dop_operator_3.py took 0.057 seconds
[2023-09-29T18:08:47.279+0000] {processor.py:157} INFO - Started process (PID=208) to work on /home/airflow/.local/lib/python3.8/site-packages/airflow/example_dags/example_branch_python_dop_operator_3.py
[2023-09-29T18:08:47.280+0000] {processor.py:829} INFO - Processing file /home/airflow/.local/lib/python3.8/site-packages/airflow/example_dags/example_branch_python_dop_operator_3.py for tasks to queue
[2023-09-29T18:08:47.282+0000] {logging_mixin.py:151} INFO - [2023-09-29T18:08:47.282+0000] {dagbag.py:539} INFO - Filling up the DagBag from /home/airflow/.local/lib/python3.8/site-packages/airflow/example_dags/example_branch_python_dop_operator_3.py
[2023-09-29T18:08:47.289+0000] {processor.py:839} INFO - DAG(s) dict_keys(['example_branch_dop_operator_v3']) retrieved from /home/airflow/.local/lib/python3.8/site-packages/airflow/example_dags/example_branch_python_dop_operator_3.py
[2023-09-29T18:08:47.305+0000] {logging_mixin.py:151} INFO - [2023-09-29T18:08:47.305+0000] {dag.py:2915} INFO - Sync 1 DAGs
[2023-09-29T18:08:47.332+0000] {logging_mixin.py:151} INFO - [2023-09-29T18:08:47.331+0000] {dag.py:3696} INFO - Setting next_dagrun for example_branch_dop_operator_v3 to 2023-09-29T18:07:00+00:00, run_after=2023-09-29T18:08:00+00:00
[2023-09-29T18:08:47.349+0000] {processor.py:179} INFO - Processing /home/airflow/.local/lib/python3.8/site-packages/airflow/example_dags/example_branch_python_dop_operator_3.py took 0.073 seconds
[2023-09-29T18:09:17.887+0000] {processor.py:157} INFO - Started process (PID=263) to work on /home/airflow/.local/lib/python3.8/site-packages/airflow/example_dags/example_branch_python_dop_operator_3.py
[2023-09-29T18:09:17.889+0000] {processor.py:829} INFO - Processing file /home/airflow/.local/lib/python3.8/site-packages/airflow/example_dags/example_branch_python_dop_operator_3.py for tasks to queue
[2023-09-29T18:09:17.891+0000] {logging_mixin.py:151} INFO - [2023-09-29T18:09:17.891+0000] {dagbag.py:539} INFO - Filling up the DagBag from /home/airflow/.local/lib/python3.8/site-packages/airflow/example_dags/example_branch_python_dop_operator_3.py
[2023-09-29T18:09:17.900+0000] {processor.py:839} INFO - DAG(s) dict_keys(['example_branch_dop_operator_v3']) retrieved from /home/airflow/.local/lib/python3.8/site-packages/airflow/example_dags/example_branch_python_dop_operator_3.py
[2023-09-29T18:09:17.917+0000] {logging_mixin.py:151} INFO - [2023-09-29T18:09:17.917+0000] {dag.py:2915} INFO - Sync 1 DAGs
[2023-09-29T18:09:17.941+0000] {logging_mixin.py:151} INFO - [2023-09-29T18:09:17.941+0000] {dag.py:3696} INFO - Setting next_dagrun for example_branch_dop_operator_v3 to 2023-09-29T18:08:00+00:00, run_after=2023-09-29T18:09:00+00:00
[2023-09-29T18:09:17.954+0000] {processor.py:179} INFO - Processing /home/airflow/.local/lib/python3.8/site-packages/airflow/example_dags/example_branch_python_dop_operator_3.py took 0.071 seconds
[2023-09-29T18:09:48.336+0000] {processor.py:157} INFO - Started process (PID=318) to work on /home/airflow/.local/lib/python3.8/site-packages/airflow/example_dags/example_branch_python_dop_operator_3.py
[2023-09-29T18:09:48.337+0000] {processor.py:829} INFO - Processing file /home/airflow/.local/lib/python3.8/site-packages/airflow/example_dags/example_branch_python_dop_operator_3.py for tasks to queue
[2023-09-29T18:09:48.340+0000] {logging_mixin.py:151} INFO - [2023-09-29T18:09:48.339+0000] {dagbag.py:539} INFO - Filling up the DagBag from /home/airflow/.local/lib/python3.8/site-packages/airflow/example_dags/example_branch_python_dop_operator_3.py
[2023-09-29T18:09:48.347+0000] {processor.py:839} INFO - DAG(s) dict_keys(['example_branch_dop_operator_v3']) retrieved from /home/airflow/.local/lib/python3.8/site-packages/airflow/example_dags/example_branch_python_dop_operator_3.py
[2023-09-29T18:09:48.362+0000] {logging_mixin.py:151} INFO - [2023-09-29T18:09:48.362+0000] {dag.py:2915} INFO - Sync 1 DAGs
[2023-09-29T18:09:48.380+0000] {logging_mixin.py:151} INFO - [2023-09-29T18:09:48.380+0000] {dag.py:3696} INFO - Setting next_dagrun for example_branch_dop_operator_v3 to 2023-09-29T18:08:00+00:00, run_after=2023-09-29T18:09:00+00:00
[2023-09-29T18:09:48.392+0000] {processor.py:179} INFO - Processing /home/airflow/.local/lib/python3.8/site-packages/airflow/example_dags/example_branch_python_dop_operator_3.py took 0.059 seconds
[2023-09-29T18:10:19.031+0000] {processor.py:157} INFO - Started process (PID=373) to work on /home/airflow/.local/lib/python3.8/site-packages/airflow/example_dags/example_branch_python_dop_operator_3.py
[2023-09-29T18:10:19.033+0000] {processor.py:829} INFO - Processing file /home/airflow/.local/lib/python3.8/site-packages/airflow/example_dags/example_branch_python_dop_operator_3.py for tasks to queue
[2023-09-29T18:10:19.036+0000] {logging_mixin.py:151} INFO - [2023-09-29T18:10:19.036+0000] {dagbag.py:539} INFO - Filling up the DagBag from /home/airflow/.local/lib/python3.8/site-packages/airflow/example_dags/example_branch_python_dop_operator_3.py
[2023-09-29T18:10:19.047+0000] {processor.py:839} INFO - DAG(s) dict_keys(['example_branch_dop_operator_v3']) retrieved from /home/airflow/.local/lib/python3.8/site-packages/airflow/example_dags/example_branch_python_dop_operator_3.py
[2023-09-29T18:10:19.076+0000] {logging_mixin.py:151} INFO - [2023-09-29T18:10:19.076+0000] {dag.py:2915} INFO - Sync 1 DAGs
[2023-09-29T18:10:19.100+0000] {logging_mixin.py:151} INFO - [2023-09-29T18:10:19.100+0000] {dag.py:3696} INFO - Setting next_dagrun for example_branch_dop_operator_v3 to 2023-09-29T18:09:00+00:00, run_after=2023-09-29T18:10:00+00:00
[2023-09-29T18:10:19.119+0000] {processor.py:179} INFO - Processing /home/airflow/.local/lib/python3.8/site-packages/airflow/example_dags/example_branch_python_dop_operator_3.py took 0.093 seconds
[2023-09-29T18:10:50.020+0000] {processor.py:157} INFO - Started process (PID=429) to work on /home/airflow/.local/lib/python3.8/site-packages/airflow/example_dags/example_branch_python_dop_operator_3.py
[2023-09-29T18:10:50.021+0000] {processor.py:829} INFO - Processing file /home/airflow/.local/lib/python3.8/site-packages/airflow/example_dags/example_branch_python_dop_operator_3.py for tasks to queue
[2023-09-29T18:10:50.023+0000] {logging_mixin.py:151} INFO - [2023-09-29T18:10:50.023+0000] {dagbag.py:539} INFO - Filling up the DagBag from /home/airflow/.local/lib/python3.8/site-packages/airflow/example_dags/example_branch_python_dop_operator_3.py
[2023-09-29T18:10:50.030+0000] {processor.py:839} INFO - DAG(s) dict_keys(['example_branch_dop_operator_v3']) retrieved from /home/airflow/.local/lib/python3.8/site-packages/airflow/example_dags/example_branch_python_dop_operator_3.py
[2023-09-29T18:10:50.045+0000] {logging_mixin.py:151} INFO - [2023-09-29T18:10:50.045+0000] {dag.py:2915} INFO - Sync 1 DAGs
[2023-09-29T18:10:50.063+0000] {logging_mixin.py:151} INFO - [2023-09-29T18:10:50.063+0000] {dag.py:3696} INFO - Setting next_dagrun for example_branch_dop_operator_v3 to 2023-09-29T18:09:00+00:00, run_after=2023-09-29T18:10:00+00:00
[2023-09-29T18:10:50.075+0000] {processor.py:179} INFO - Processing /home/airflow/.local/lib/python3.8/site-packages/airflow/example_dags/example_branch_python_dop_operator_3.py took 0.057 seconds
[2023-09-29T18:11:20.545+0000] {processor.py:157} INFO - Started process (PID=484) to work on /home/airflow/.local/lib/python3.8/site-packages/airflow/example_dags/example_branch_python_dop_operator_3.py
[2023-09-29T18:11:20.546+0000] {processor.py:829} INFO - Processing file /home/airflow/.local/lib/python3.8/site-packages/airflow/example_dags/example_branch_python_dop_operator_3.py for tasks to queue
[2023-09-29T18:11:20.548+0000] {logging_mixin.py:151} INFO - [2023-09-29T18:11:20.547+0000] {dagbag.py:539} INFO - Filling up the DagBag from /home/airflow/.local/lib/python3.8/site-packages/airflow/example_dags/example_branch_python_dop_operator_3.py
[2023-09-29T18:11:20.555+0000] {processor.py:839} INFO - DAG(s) dict_keys(['example_branch_dop_operator_v3']) retrieved from /home/airflow/.local/lib/python3.8/site-packages/airflow/example_dags/example_branch_python_dop_operator_3.py
[2023-09-29T18:11:20.570+0000] {logging_mixin.py:151} INFO - [2023-09-29T18:11:20.570+0000] {dag.py:2915} INFO - Sync 1 DAGs
[2023-09-29T18:11:20.589+0000] {logging_mixin.py:151} INFO - [2023-09-29T18:11:20.589+0000] {dag.py:3696} INFO - Setting next_dagrun for example_branch_dop_operator_v3 to 2023-09-29T18:10:00+00:00, run_after=2023-09-29T18:11:00+00:00
[2023-09-29T18:11:20.600+0000] {processor.py:179} INFO - Processing /home/airflow/.local/lib/python3.8/site-packages/airflow/example_dags/example_branch_python_dop_operator_3.py took 0.058 seconds
[2023-09-29T18:11:50.784+0000] {processor.py:157} INFO - Started process (PID=539) to work on /home/airflow/.local/lib/python3.8/site-packages/airflow/example_dags/example_branch_python_dop_operator_3.py
[2023-09-29T18:11:50.786+0000] {processor.py:829} INFO - Processing file /home/airflow/.local/lib/python3.8/site-packages/airflow/example_dags/example_branch_python_dop_operator_3.py for tasks to queue
[2023-09-29T18:11:50.788+0000] {logging_mixin.py:151} INFO - [2023-09-29T18:11:50.788+0000] {dagbag.py:539} INFO - Filling up the DagBag from /home/airflow/.local/lib/python3.8/site-packages/airflow/example_dags/example_branch_python_dop_operator_3.py
[2023-09-29T18:11:50.796+0000] {processor.py:839} INFO - DAG(s) dict_keys(['example_branch_dop_operator_v3']) retrieved from /home/airflow/.local/lib/python3.8/site-packages/airflow/example_dags/example_branch_python_dop_operator_3.py
[2023-09-29T18:11:50.814+0000] {logging_mixin.py:151} INFO - [2023-09-29T18:11:50.814+0000] {dag.py:2915} INFO - Sync 1 DAGs
[2023-09-29T18:11:50.842+0000] {logging_mixin.py:151} INFO - [2023-09-29T18:11:50.842+0000] {dag.py:3696} INFO - Setting next_dagrun for example_branch_dop_operator_v3 to 2023-09-29T18:10:00+00:00, run_after=2023-09-29T18:11:00+00:00
[2023-09-29T18:11:50.867+0000] {processor.py:179} INFO - Processing /home/airflow/.local/lib/python3.8/site-packages/airflow/example_dags/example_branch_python_dop_operator_3.py took 0.086 seconds
[2023-09-29T18:12:21.407+0000] {processor.py:157} INFO - Started process (PID=594) to work on /home/airflow/.local/lib/python3.8/site-packages/airflow/example_dags/example_branch_python_dop_operator_3.py
[2023-09-29T18:12:21.409+0000] {processor.py:829} INFO - Processing file /home/airflow/.local/lib/python3.8/site-packages/airflow/example_dags/example_branch_python_dop_operator_3.py for tasks to queue
[2023-09-29T18:12:21.411+0000] {logging_mixin.py:151} INFO - [2023-09-29T18:12:21.410+0000] {dagbag.py:539} INFO - Filling up the DagBag from /home/airflow/.local/lib/python3.8/site-packages/airflow/example_dags/example_branch_python_dop_operator_3.py
[2023-09-29T18:12:21.419+0000] {processor.py:839} INFO - DAG(s) dict_keys(['example_branch_dop_operator_v3']) retrieved from /home/airflow/.local/lib/python3.8/site-packages/airflow/example_dags/example_branch_python_dop_operator_3.py
[2023-09-29T18:12:21.434+0000] {logging_mixin.py:151} INFO - [2023-09-29T18:12:21.434+0000] {dag.py:2915} INFO - Sync 1 DAGs
[2023-09-29T18:12:21.454+0000] {logging_mixin.py:151} INFO - [2023-09-29T18:12:21.454+0000] {dag.py:3696} INFO - Setting next_dagrun for example_branch_dop_operator_v3 to 2023-09-29T18:11:00+00:00, run_after=2023-09-29T18:12:00+00:00
[2023-09-29T18:12:21.467+0000] {processor.py:179} INFO - Processing /home/airflow/.local/lib/python3.8/site-packages/airflow/example_dags/example_branch_python_dop_operator_3.py took 0.063 seconds
[2023-09-29T18:12:51.710+0000] {processor.py:157} INFO - Started process (PID=650) to work on /home/airflow/.local/lib/python3.8/site-packages/airflow/example_dags/example_branch_python_dop_operator_3.py
[2023-09-29T18:12:51.711+0000] {processor.py:829} INFO - Processing file /home/airflow/.local/lib/python3.8/site-packages/airflow/example_dags/example_branch_python_dop_operator_3.py for tasks to queue
[2023-09-29T18:12:51.713+0000] {logging_mixin.py:151} INFO - [2023-09-29T18:12:51.713+0000] {dagbag.py:539} INFO - Filling up the DagBag from /home/airflow/.local/lib/python3.8/site-packages/airflow/example_dags/example_branch_python_dop_operator_3.py
[2023-09-29T18:12:51.720+0000] {processor.py:839} INFO - DAG(s) dict_keys(['example_branch_dop_operator_v3']) retrieved from /home/airflow/.local/lib/python3.8/site-packages/airflow/example_dags/example_branch_python_dop_operator_3.py
[2023-09-29T18:12:51.735+0000] {logging_mixin.py:151} INFO - [2023-09-29T18:12:51.735+0000] {dag.py:2915} INFO - Sync 1 DAGs
[2023-09-29T18:12:51.754+0000] {logging_mixin.py:151} INFO - [2023-09-29T18:12:51.754+0000] {dag.py:3696} INFO - Setting next_dagrun for example_branch_dop_operator_v3 to 2023-09-29T18:11:00+00:00, run_after=2023-09-29T18:12:00+00:00
[2023-09-29T18:12:51.766+0000] {processor.py:179} INFO - Processing /home/airflow/.local/lib/python3.8/site-packages/airflow/example_dags/example_branch_python_dop_operator_3.py took 0.060 seconds
[2023-09-29T18:13:22.309+0000] {processor.py:157} INFO - Started process (PID=705) to work on /home/airflow/.local/lib/python3.8/site-packages/airflow/example_dags/example_branch_python_dop_operator_3.py
[2023-09-29T18:13:22.310+0000] {processor.py:829} INFO - Processing file /home/airflow/.local/lib/python3.8/site-packages/airflow/example_dags/example_branch_python_dop_operator_3.py for tasks to queue
[2023-09-29T18:13:22.312+0000] {logging_mixin.py:151} INFO - [2023-09-29T18:13:22.311+0000] {dagbag.py:539} INFO - Filling up the DagBag from /home/airflow/.local/lib/python3.8/site-packages/airflow/example_dags/example_branch_python_dop_operator_3.py
[2023-09-29T18:13:22.320+0000] {processor.py:839} INFO - DAG(s) dict_keys(['example_branch_dop_operator_v3']) retrieved from /home/airflow/.local/lib/python3.8/site-packages/airflow/example_dags/example_branch_python_dop_operator_3.py
[2023-09-29T18:13:22.335+0000] {logging_mixin.py:151} INFO - [2023-09-29T18:13:22.335+0000] {dag.py:2915} INFO - Sync 1 DAGs
[2023-09-29T18:13:22.354+0000] {logging_mixin.py:151} INFO - [2023-09-29T18:13:22.354+0000] {dag.py:3696} INFO - Setting next_dagrun for example_branch_dop_operator_v3 to 2023-09-29T18:12:00+00:00, run_after=2023-09-29T18:13:00+00:00
[2023-09-29T18:13:22.366+0000] {processor.py:179} INFO - Processing /home/airflow/.local/lib/python3.8/site-packages/airflow/example_dags/example_branch_python_dop_operator_3.py took 0.061 seconds
[2023-09-29T18:13:53.162+0000] {processor.py:157} INFO - Started process (PID=760) to work on /home/airflow/.local/lib/python3.8/site-packages/airflow/example_dags/example_branch_python_dop_operator_3.py
[2023-09-29T18:13:53.163+0000] {processor.py:829} INFO - Processing file /home/airflow/.local/lib/python3.8/site-packages/airflow/example_dags/example_branch_python_dop_operator_3.py for tasks to queue
[2023-09-29T18:13:53.164+0000] {logging_mixin.py:151} INFO - [2023-09-29T18:13:53.164+0000] {dagbag.py:539} INFO - Filling up the DagBag from /home/airflow/.local/lib/python3.8/site-packages/airflow/example_dags/example_branch_python_dop_operator_3.py
[2023-09-29T18:13:53.172+0000] {processor.py:839} INFO - DAG(s) dict_keys(['example_branch_dop_operator_v3']) retrieved from /home/airflow/.local/lib/python3.8/site-packages/airflow/example_dags/example_branch_python_dop_operator_3.py
[2023-09-29T18:13:53.189+0000] {logging_mixin.py:151} INFO - [2023-09-29T18:13:53.189+0000] {dag.py:2915} INFO - Sync 1 DAGs
[2023-09-29T18:13:53.216+0000] {logging_mixin.py:151} INFO - [2023-09-29T18:13:53.216+0000] {dag.py:3696} INFO - Setting next_dagrun for example_branch_dop_operator_v3 to 2023-09-29T18:12:00+00:00, run_after=2023-09-29T18:13:00+00:00
[2023-09-29T18:13:53.230+0000] {processor.py:179} INFO - Processing /home/airflow/.local/lib/python3.8/site-packages/airflow/example_dags/example_branch_python_dop_operator_3.py took 0.071 seconds
[2023-09-29T18:14:23.323+0000] {processor.py:157} INFO - Started process (PID=814) to work on /home/airflow/.local/lib/python3.8/site-packages/airflow/example_dags/example_branch_python_dop_operator_3.py
[2023-09-29T18:14:23.324+0000] {processor.py:829} INFO - Processing file /home/airflow/.local/lib/python3.8/site-packages/airflow/example_dags/example_branch_python_dop_operator_3.py for tasks to queue
[2023-09-29T18:14:23.326+0000] {logging_mixin.py:151} INFO - [2023-09-29T18:14:23.325+0000] {dagbag.py:539} INFO - Filling up the DagBag from /home/airflow/.local/lib/python3.8/site-packages/airflow/example_dags/example_branch_python_dop_operator_3.py
[2023-09-29T18:14:23.333+0000] {processor.py:839} INFO - DAG(s) dict_keys(['example_branch_dop_operator_v3']) retrieved from /home/airflow/.local/lib/python3.8/site-packages/airflow/example_dags/example_branch_python_dop_operator_3.py
[2023-09-29T18:14:23.348+0000] {logging_mixin.py:151} INFO - [2023-09-29T18:14:23.348+0000] {dag.py:2915} INFO - Sync 1 DAGs
[2023-09-29T18:14:23.367+0000] {logging_mixin.py:151} INFO - [2023-09-29T18:14:23.367+0000] {dag.py:3696} INFO - Setting next_dagrun for example_branch_dop_operator_v3 to 2023-09-29T18:13:00+00:00, run_after=2023-09-29T18:14:00+00:00
[2023-09-29T18:14:23.379+0000] {processor.py:179} INFO - Processing /home/airflow/.local/lib/python3.8/site-packages/airflow/example_dags/example_branch_python_dop_operator_3.py took 0.061 seconds
[2023-09-29T18:14:54.001+0000] {processor.py:157} INFO - Started process (PID=869) to work on /home/airflow/.local/lib/python3.8/site-packages/airflow/example_dags/example_branch_python_dop_operator_3.py
[2023-09-29T18:14:54.003+0000] {processor.py:829} INFO - Processing file /home/airflow/.local/lib/python3.8/site-packages/airflow/example_dags/example_branch_python_dop_operator_3.py for tasks to queue
[2023-09-29T18:14:54.006+0000] {logging_mixin.py:151} INFO - [2023-09-29T18:14:54.005+0000] {dagbag.py:539} INFO - Filling up the DagBag from /home/airflow/.local/lib/python3.8/site-packages/airflow/example_dags/example_branch_python_dop_operator_3.py
[2023-09-29T18:14:54.016+0000] {processor.py:839} INFO - DAG(s) dict_keys(['example_branch_dop_operator_v3']) retrieved from /home/airflow/.local/lib/python3.8/site-packages/airflow/example_dags/example_branch_python_dop_operator_3.py
[2023-09-29T18:14:54.038+0000] {logging_mixin.py:151} INFO - [2023-09-29T18:14:54.038+0000] {dag.py:2915} INFO - Sync 1 DAGs
[2023-09-29T18:14:54.064+0000] {logging_mixin.py:151} INFO - [2023-09-29T18:14:54.064+0000] {dag.py:3696} INFO - Setting next_dagrun for example_branch_dop_operator_v3 to 2023-09-29T18:13:00+00:00, run_after=2023-09-29T18:14:00+00:00
[2023-09-29T18:14:54.076+0000] {processor.py:179} INFO - Processing /home/airflow/.local/lib/python3.8/site-packages/airflow/example_dags/example_branch_python_dop_operator_3.py took 0.079 seconds
[2023-09-29T18:15:24.180+0000] {processor.py:157} INFO - Started process (PID=924) to work on /home/airflow/.local/lib/python3.8/site-packages/airflow/example_dags/example_branch_python_dop_operator_3.py
[2023-09-29T18:15:24.181+0000] {processor.py:829} INFO - Processing file /home/airflow/.local/lib/python3.8/site-packages/airflow/example_dags/example_branch_python_dop_operator_3.py for tasks to queue
[2023-09-29T18:15:24.183+0000] {logging_mixin.py:151} INFO - [2023-09-29T18:15:24.183+0000] {dagbag.py:539} INFO - Filling up the DagBag from /home/airflow/.local/lib/python3.8/site-packages/airflow/example_dags/example_branch_python_dop_operator_3.py
[2023-09-29T18:15:24.190+0000] {processor.py:839} INFO - DAG(s) dict_keys(['example_branch_dop_operator_v3']) retrieved from /home/airflow/.local/lib/python3.8/site-packages/airflow/example_dags/example_branch_python_dop_operator_3.py
[2023-09-29T18:15:24.205+0000] {logging_mixin.py:151} INFO - [2023-09-29T18:15:24.205+0000] {dag.py:2915} INFO - Sync 1 DAGs
[2023-09-29T18:15:24.231+0000] {logging_mixin.py:151} INFO - [2023-09-29T18:15:24.231+0000] {dag.py:3696} INFO - Setting next_dagrun for example_branch_dop_operator_v3 to 2023-09-29T18:14:00+00:00, run_after=2023-09-29T18:15:00+00:00
[2023-09-29T18:15:24.243+0000] {processor.py:179} INFO - Processing /home/airflow/.local/lib/python3.8/site-packages/airflow/example_dags/example_branch_python_dop_operator_3.py took 0.066 seconds
[2023-09-29T18:15:54.761+0000] {processor.py:157} INFO - Started process (PID=979) to work on /home/airflow/.local/lib/python3.8/site-packages/airflow/example_dags/example_branch_python_dop_operator_3.py
[2023-09-29T18:15:54.762+0000] {processor.py:829} INFO - Processing file /home/airflow/.local/lib/python3.8/site-packages/airflow/example_dags/example_branch_python_dop_operator_3.py for tasks to queue
[2023-09-29T18:15:54.764+0000] {logging_mixin.py:151} INFO - [2023-09-29T18:15:54.764+0000] {dagbag.py:539} INFO - Filling up the DagBag from /home/airflow/.local/lib/python3.8/site-packages/airflow/example_dags/example_branch_python_dop_operator_3.py
[2023-09-29T18:15:54.771+0000] {processor.py:839} INFO - DAG(s) dict_keys(['example_branch_dop_operator_v3']) retrieved from /home/airflow/.local/lib/python3.8/site-packages/airflow/example_dags/example_branch_python_dop_operator_3.py
[2023-09-29T18:15:54.786+0000] {logging_mixin.py:151} INFO - [2023-09-29T18:15:54.786+0000] {dag.py:2915} INFO - Sync 1 DAGs
[2023-09-29T18:15:54.804+0000] {logging_mixin.py:151} INFO - [2023-09-29T18:15:54.804+0000] {dag.py:3696} INFO - Setting next_dagrun for example_branch_dop_operator_v3 to 2023-09-29T18:14:00+00:00, run_after=2023-09-29T18:15:00+00:00
[2023-09-29T18:15:54.816+0000] {processor.py:179} INFO - Processing /home/airflow/.local/lib/python3.8/site-packages/airflow/example_dags/example_branch_python_dop_operator_3.py took 0.058 seconds
[2023-09-29T18:16:25.127+0000] {processor.py:157} INFO - Started process (PID=1034) to work on /home/airflow/.local/lib/python3.8/site-packages/airflow/example_dags/example_branch_python_dop_operator_3.py
[2023-09-29T18:16:25.128+0000] {processor.py:829} INFO - Processing file /home/airflow/.local/lib/python3.8/site-packages/airflow/example_dags/example_branch_python_dop_operator_3.py for tasks to queue
[2023-09-29T18:16:25.130+0000] {logging_mixin.py:151} INFO - [2023-09-29T18:16:25.130+0000] {dagbag.py:539} INFO - Filling up the DagBag from /home/airflow/.local/lib/python3.8/site-packages/airflow/example_dags/example_branch_python_dop_operator_3.py
[2023-09-29T18:16:25.138+0000] {processor.py:839} INFO - DAG(s) dict_keys(['example_branch_dop_operator_v3']) retrieved from /home/airflow/.local/lib/python3.8/site-packages/airflow/example_dags/example_branch_python_dop_operator_3.py
[2023-09-29T18:16:25.153+0000] {logging_mixin.py:151} INFO - [2023-09-29T18:16:25.152+0000] {dag.py:2915} INFO - Sync 1 DAGs
[2023-09-29T18:16:25.172+0000] {logging_mixin.py:151} INFO - [2023-09-29T18:16:25.172+0000] {dag.py:3696} INFO - Setting next_dagrun for example_branch_dop_operator_v3 to 2023-09-29T18:15:00+00:00, run_after=2023-09-29T18:16:00+00:00
[2023-09-29T18:16:25.183+0000] {processor.py:179} INFO - Processing /home/airflow/.local/lib/python3.8/site-packages/airflow/example_dags/example_branch_python_dop_operator_3.py took 0.059 seconds
[2023-09-29T18:16:55.620+0000] {processor.py:157} INFO - Started process (PID=1089) to work on /home/airflow/.local/lib/python3.8/site-packages/airflow/example_dags/example_branch_python_dop_operator_3.py
[2023-09-29T18:16:55.621+0000] {processor.py:829} INFO - Processing file /home/airflow/.local/lib/python3.8/site-packages/airflow/example_dags/example_branch_python_dop_operator_3.py for tasks to queue
[2023-09-29T18:16:55.623+0000] {logging_mixin.py:151} INFO - [2023-09-29T18:16:55.623+0000] {dagbag.py:539} INFO - Filling up the DagBag from /home/airflow/.local/lib/python3.8/site-packages/airflow/example_dags/example_branch_python_dop_operator_3.py
[2023-09-29T18:16:55.630+0000] {processor.py:839} INFO - DAG(s) dict_keys(['example_branch_dop_operator_v3']) retrieved from /home/airflow/.local/lib/python3.8/site-packages/airflow/example_dags/example_branch_python_dop_operator_3.py
[2023-09-29T18:16:55.646+0000] {logging_mixin.py:151} INFO - [2023-09-29T18:16:55.646+0000] {dag.py:2915} INFO - Sync 1 DAGs
[2023-09-29T18:16:55.666+0000] {logging_mixin.py:151} INFO - [2023-09-29T18:16:55.665+0000] {dag.py:3696} INFO - Setting next_dagrun for example_branch_dop_operator_v3 to 2023-09-29T18:15:00+00:00, run_after=2023-09-29T18:16:00+00:00
[2023-09-29T18:16:55.676+0000] {processor.py:179} INFO - Processing /home/airflow/.local/lib/python3.8/site-packages/airflow/example_dags/example_branch_python_dop_operator_3.py took 0.059 seconds
[2023-09-29T18:17:25.842+0000] {processor.py:157} INFO - Started process (PID=1145) to work on /home/airflow/.local/lib/python3.8/site-packages/airflow/example_dags/example_branch_python_dop_operator_3.py
[2023-09-29T18:17:25.843+0000] {processor.py:829} INFO - Processing file /home/airflow/.local/lib/python3.8/site-packages/airflow/example_dags/example_branch_python_dop_operator_3.py for tasks to queue
[2023-09-29T18:17:25.845+0000] {logging_mixin.py:151} INFO - [2023-09-29T18:17:25.844+0000] {dagbag.py:539} INFO - Filling up the DagBag from /home/airflow/.local/lib/python3.8/site-packages/airflow/example_dags/example_branch_python_dop_operator_3.py
[2023-09-29T18:17:25.852+0000] {processor.py:839} INFO - DAG(s) dict_keys(['example_branch_dop_operator_v3']) retrieved from /home/airflow/.local/lib/python3.8/site-packages/airflow/example_dags/example_branch_python_dop_operator_3.py
[2023-09-29T18:17:25.866+0000] {logging_mixin.py:151} INFO - [2023-09-29T18:17:25.866+0000] {dag.py:2915} INFO - Sync 1 DAGs
[2023-09-29T18:17:25.885+0000] {logging_mixin.py:151} INFO - [2023-09-29T18:17:25.885+0000] {dag.py:3696} INFO - Setting next_dagrun for example_branch_dop_operator_v3 to 2023-09-29T18:16:00+00:00, run_after=2023-09-29T18:17:00+00:00
[2023-09-29T18:17:25.896+0000] {processor.py:179} INFO - Processing /home/airflow/.local/lib/python3.8/site-packages/airflow/example_dags/example_branch_python_dop_operator_3.py took 0.058 seconds
[2023-09-29T18:17:56.383+0000] {processor.py:157} INFO - Started process (PID=1200) to work on /home/airflow/.local/lib/python3.8/site-packages/airflow/example_dags/example_branch_python_dop_operator_3.py
[2023-09-29T18:17:56.385+0000] {processor.py:829} INFO - Processing file /home/airflow/.local/lib/python3.8/site-packages/airflow/example_dags/example_branch_python_dop_operator_3.py for tasks to queue
[2023-09-29T18:17:56.389+0000] {logging_mixin.py:151} INFO - [2023-09-29T18:17:56.389+0000] {dagbag.py:539} INFO - Filling up the DagBag from /home/airflow/.local/lib/python3.8/site-packages/airflow/example_dags/example_branch_python_dop_operator_3.py
[2023-09-29T18:17:56.400+0000] {processor.py:839} INFO - DAG(s) dict_keys(['example_branch_dop_operator_v3']) retrieved from /home/airflow/.local/lib/python3.8/site-packages/airflow/example_dags/example_branch_python_dop_operator_3.py
[2023-09-29T18:17:56.424+0000] {logging_mixin.py:151} INFO - [2023-09-29T18:17:56.424+0000] {dag.py:2915} INFO - Sync 1 DAGs
[2023-09-29T18:17:56.449+0000] {logging_mixin.py:151} INFO - [2023-09-29T18:17:56.449+0000] {dag.py:3696} INFO - Setting next_dagrun for example_branch_dop_operator_v3 to 2023-09-29T18:16:00+00:00, run_after=2023-09-29T18:17:00+00:00
[2023-09-29T18:17:56.463+0000] {processor.py:179} INFO - Processing /home/airflow/.local/lib/python3.8/site-packages/airflow/example_dags/example_branch_python_dop_operator_3.py took 0.085 seconds
[2023-09-29T18:18:26.941+0000] {processor.py:157} INFO - Started process (PID=1255) to work on /home/airflow/.local/lib/python3.8/site-packages/airflow/example_dags/example_branch_python_dop_operator_3.py
[2023-09-29T18:18:26.942+0000] {processor.py:829} INFO - Processing file /home/airflow/.local/lib/python3.8/site-packages/airflow/example_dags/example_branch_python_dop_operator_3.py for tasks to queue
[2023-09-29T18:18:26.944+0000] {logging_mixin.py:151} INFO - [2023-09-29T18:18:26.944+0000] {dagbag.py:539} INFO - Filling up the DagBag from /home/airflow/.local/lib/python3.8/site-packages/airflow/example_dags/example_branch_python_dop_operator_3.py
[2023-09-29T18:18:26.951+0000] {processor.py:839} INFO - DAG(s) dict_keys(['example_branch_dop_operator_v3']) retrieved from /home/airflow/.local/lib/python3.8/site-packages/airflow/example_dags/example_branch_python_dop_operator_3.py
[2023-09-29T18:18:26.967+0000] {logging_mixin.py:151} INFO - [2023-09-29T18:18:26.967+0000] {dag.py:2915} INFO - Sync 1 DAGs
[2023-09-29T18:18:26.986+0000] {logging_mixin.py:151} INFO - [2023-09-29T18:18:26.986+0000] {dag.py:3696} INFO - Setting next_dagrun for example_branch_dop_operator_v3 to 2023-09-29T18:17:00+00:00, run_after=2023-09-29T18:18:00+00:00
[2023-09-29T18:18:26.997+0000] {processor.py:179} INFO - Processing /home/airflow/.local/lib/python3.8/site-packages/airflow/example_dags/example_branch_python_dop_operator_3.py took 0.060 seconds
[2023-09-29T18:18:57.495+0000] {processor.py:157} INFO - Started process (PID=1310) to work on /home/airflow/.local/lib/python3.8/site-packages/airflow/example_dags/example_branch_python_dop_operator_3.py
[2023-09-29T18:18:57.496+0000] {processor.py:829} INFO - Processing file /home/airflow/.local/lib/python3.8/site-packages/airflow/example_dags/example_branch_python_dop_operator_3.py for tasks to queue
[2023-09-29T18:18:57.498+0000] {logging_mixin.py:151} INFO - [2023-09-29T18:18:57.498+0000] {dagbag.py:539} INFO - Filling up the DagBag from /home/airflow/.local/lib/python3.8/site-packages/airflow/example_dags/example_branch_python_dop_operator_3.py
[2023-09-29T18:18:57.506+0000] {processor.py:839} INFO - DAG(s) dict_keys(['example_branch_dop_operator_v3']) retrieved from /home/airflow/.local/lib/python3.8/site-packages/airflow/example_dags/example_branch_python_dop_operator_3.py
[2023-09-29T18:18:57.522+0000] {logging_mixin.py:151} INFO - [2023-09-29T18:18:57.522+0000] {dag.py:2915} INFO - Sync 1 DAGs
[2023-09-29T18:18:57.544+0000] {logging_mixin.py:151} INFO - [2023-09-29T18:18:57.544+0000] {dag.py:3696} INFO - Setting next_dagrun for example_branch_dop_operator_v3 to 2023-09-29T18:17:00+00:00, run_after=2023-09-29T18:18:00+00:00
[2023-09-29T18:18:57.555+0000] {processor.py:179} INFO - Processing /home/airflow/.local/lib/python3.8/site-packages/airflow/example_dags/example_branch_python_dop_operator_3.py took 0.064 seconds
[2023-09-29T18:19:28.202+0000] {processor.py:157} INFO - Started process (PID=1365) to work on /home/airflow/.local/lib/python3.8/site-packages/airflow/example_dags/example_branch_python_dop_operator_3.py
[2023-09-29T18:19:28.203+0000] {processor.py:829} INFO - Processing file /home/airflow/.local/lib/python3.8/site-packages/airflow/example_dags/example_branch_python_dop_operator_3.py for tasks to queue
[2023-09-29T18:19:28.205+0000] {logging_mixin.py:151} INFO - [2023-09-29T18:19:28.205+0000] {dagbag.py:539} INFO - Filling up the DagBag from /home/airflow/.local/lib/python3.8/site-packages/airflow/example_dags/example_branch_python_dop_operator_3.py
[2023-09-29T18:19:28.213+0000] {processor.py:839} INFO - DAG(s) dict_keys(['example_branch_dop_operator_v3']) retrieved from /home/airflow/.local/lib/python3.8/site-packages/airflow/example_dags/example_branch_python_dop_operator_3.py
[2023-09-29T18:19:28.228+0000] {logging_mixin.py:151} INFO - [2023-09-29T18:19:28.228+0000] {dag.py:2915} INFO - Sync 1 DAGs
[2023-09-29T18:19:28.246+0000] {logging_mixin.py:151} INFO - [2023-09-29T18:19:28.246+0000] {dag.py:3696} INFO - Setting next_dagrun for example_branch_dop_operator_v3 to 2023-09-29T18:18:00+00:00, run_after=2023-09-29T18:19:00+00:00
[2023-09-29T18:19:28.259+0000] {processor.py:179} INFO - Processing /home/airflow/.local/lib/python3.8/site-packages/airflow/example_dags/example_branch_python_dop_operator_3.py took 0.061 seconds
[2023-09-29T18:19:58.621+0000] {processor.py:157} INFO - Started process (PID=1420) to work on /home/airflow/.local/lib/python3.8/site-packages/airflow/example_dags/example_branch_python_dop_operator_3.py
[2023-09-29T18:19:58.622+0000] {processor.py:829} INFO - Processing file /home/airflow/.local/lib/python3.8/site-packages/airflow/example_dags/example_branch_python_dop_operator_3.py for tasks to queue
[2023-09-29T18:19:58.625+0000] {logging_mixin.py:151} INFO - [2023-09-29T18:19:58.625+0000] {dagbag.py:539} INFO - Filling up the DagBag from /home/airflow/.local/lib/python3.8/site-packages/airflow/example_dags/example_branch_python_dop_operator_3.py
[2023-09-29T18:19:58.638+0000] {processor.py:839} INFO - DAG(s) dict_keys(['example_branch_dop_operator_v3']) retrieved from /home/airflow/.local/lib/python3.8/site-packages/airflow/example_dags/example_branch_python_dop_operator_3.py
[2023-09-29T18:19:58.659+0000] {logging_mixin.py:151} INFO - [2023-09-29T18:19:58.659+0000] {dag.py:2915} INFO - Sync 1 DAGs
[2023-09-29T18:19:58.682+0000] {logging_mixin.py:151} INFO - [2023-09-29T18:19:58.682+0000] {dag.py:3696} INFO - Setting next_dagrun for example_branch_dop_operator_v3 to 2023-09-29T18:18:00+00:00, run_after=2023-09-29T18:19:00+00:00
[2023-09-29T18:19:58.694+0000] {processor.py:179} INFO - Processing /home/airflow/.local/lib/python3.8/site-packages/airflow/example_dags/example_branch_python_dop_operator_3.py took 0.076 seconds
[2023-09-29T18:20:29.150+0000] {processor.py:157} INFO - Started process (PID=1475) to work on /home/airflow/.local/lib/python3.8/site-packages/airflow/example_dags/example_branch_python_dop_operator_3.py
[2023-09-29T18:20:29.152+0000] {processor.py:829} INFO - Processing file /home/airflow/.local/lib/python3.8/site-packages/airflow/example_dags/example_branch_python_dop_operator_3.py for tasks to queue
[2023-09-29T18:20:29.156+0000] {logging_mixin.py:151} INFO - [2023-09-29T18:20:29.155+0000] {dagbag.py:539} INFO - Filling up the DagBag from /home/airflow/.local/lib/python3.8/site-packages/airflow/example_dags/example_branch_python_dop_operator_3.py
[2023-09-29T18:20:29.168+0000] {processor.py:839} INFO - DAG(s) dict_keys(['example_branch_dop_operator_v3']) retrieved from /home/airflow/.local/lib/python3.8/site-packages/airflow/example_dags/example_branch_python_dop_operator_3.py
[2023-09-29T18:20:29.187+0000] {logging_mixin.py:151} INFO - [2023-09-29T18:20:29.187+0000] {dag.py:2915} INFO - Sync 1 DAGs
[2023-09-29T18:20:29.208+0000] {logging_mixin.py:151} INFO - [2023-09-29T18:20:29.208+0000] {dag.py:3696} INFO - Setting next_dagrun for example_branch_dop_operator_v3 to 2023-09-29T18:19:00+00:00, run_after=2023-09-29T18:20:00+00:00
[2023-09-29T18:20:29.221+0000] {processor.py:179} INFO - Processing /home/airflow/.local/lib/python3.8/site-packages/airflow/example_dags/example_branch_python_dop_operator_3.py took 0.077 seconds
[2023-09-29T18:20:59.402+0000] {processor.py:157} INFO - Started process (PID=1531) to work on /home/airflow/.local/lib/python3.8/site-packages/airflow/example_dags/example_branch_python_dop_operator_3.py
[2023-09-29T18:20:59.403+0000] {processor.py:829} INFO - Processing file /home/airflow/.local/lib/python3.8/site-packages/airflow/example_dags/example_branch_python_dop_operator_3.py for tasks to queue
[2023-09-29T18:20:59.405+0000] {logging_mixin.py:151} INFO - [2023-09-29T18:20:59.405+0000] {dagbag.py:539} INFO - Filling up the DagBag from /home/airflow/.local/lib/python3.8/site-packages/airflow/example_dags/example_branch_python_dop_operator_3.py
[2023-09-29T18:20:59.413+0000] {processor.py:839} INFO - DAG(s) dict_keys(['example_branch_dop_operator_v3']) retrieved from /home/airflow/.local/lib/python3.8/site-packages/airflow/example_dags/example_branch_python_dop_operator_3.py
[2023-09-29T18:20:59.427+0000] {logging_mixin.py:151} INFO - [2023-09-29T18:20:59.427+0000] {dag.py:2915} INFO - Sync 1 DAGs
[2023-09-29T18:20:59.446+0000] {logging_mixin.py:151} INFO - [2023-09-29T18:20:59.446+0000] {dag.py:3696} INFO - Setting next_dagrun for example_branch_dop_operator_v3 to 2023-09-29T18:19:00+00:00, run_after=2023-09-29T18:20:00+00:00
[2023-09-29T18:20:59.457+0000] {processor.py:179} INFO - Processing /home/airflow/.local/lib/python3.8/site-packages/airflow/example_dags/example_branch_python_dop_operator_3.py took 0.058 seconds
[2023-09-29T18:21:29.595+0000] {processor.py:157} INFO - Started process (PID=1586) to work on /home/airflow/.local/lib/python3.8/site-packages/airflow/example_dags/example_branch_python_dop_operator_3.py
[2023-09-29T18:21:29.597+0000] {processor.py:829} INFO - Processing file /home/airflow/.local/lib/python3.8/site-packages/airflow/example_dags/example_branch_python_dop_operator_3.py for tasks to queue
[2023-09-29T18:21:29.599+0000] {logging_mixin.py:151} INFO - [2023-09-29T18:21:29.599+0000] {dagbag.py:539} INFO - Filling up the DagBag from /home/airflow/.local/lib/python3.8/site-packages/airflow/example_dags/example_branch_python_dop_operator_3.py
[2023-09-29T18:21:29.608+0000] {processor.py:839} INFO - DAG(s) dict_keys(['example_branch_dop_operator_v3']) retrieved from /home/airflow/.local/lib/python3.8/site-packages/airflow/example_dags/example_branch_python_dop_operator_3.py
[2023-09-29T18:21:29.632+0000] {logging_mixin.py:151} INFO - [2023-09-29T18:21:29.632+0000] {dag.py:2915} INFO - Sync 1 DAGs
[2023-09-29T18:21:29.664+0000] {logging_mixin.py:151} INFO - [2023-09-29T18:21:29.663+0000] {dag.py:3696} INFO - Setting next_dagrun for example_branch_dop_operator_v3 to 2023-09-29T18:20:00+00:00, run_after=2023-09-29T18:21:00+00:00
[2023-09-29T18:21:29.684+0000] {processor.py:179} INFO - Processing /home/airflow/.local/lib/python3.8/site-packages/airflow/example_dags/example_branch_python_dop_operator_3.py took 0.092 seconds
[2023-09-29T18:22:00.504+0000] {processor.py:157} INFO - Started process (PID=1642) to work on /home/airflow/.local/lib/python3.8/site-packages/airflow/example_dags/example_branch_python_dop_operator_3.py
[2023-09-29T18:22:00.505+0000] {processor.py:829} INFO - Processing file /home/airflow/.local/lib/python3.8/site-packages/airflow/example_dags/example_branch_python_dop_operator_3.py for tasks to queue
[2023-09-29T18:22:00.507+0000] {logging_mixin.py:151} INFO - [2023-09-29T18:22:00.507+0000] {dagbag.py:539} INFO - Filling up the DagBag from /home/airflow/.local/lib/python3.8/site-packages/airflow/example_dags/example_branch_python_dop_operator_3.py
[2023-09-29T18:22:00.516+0000] {processor.py:839} INFO - DAG(s) dict_keys(['example_branch_dop_operator_v3']) retrieved from /home/airflow/.local/lib/python3.8/site-packages/airflow/example_dags/example_branch_python_dop_operator_3.py
[2023-09-29T18:22:00.536+0000] {logging_mixin.py:151} INFO - [2023-09-29T18:22:00.535+0000] {dag.py:2915} INFO - Sync 1 DAGs
[2023-09-29T18:22:00.560+0000] {logging_mixin.py:151} INFO - [2023-09-29T18:22:00.560+0000] {dag.py:3696} INFO - Setting next_dagrun for example_branch_dop_operator_v3 to 2023-09-29T18:21:00+00:00, run_after=2023-09-29T18:22:00+00:00
[2023-09-29T18:22:00.573+0000] {processor.py:179} INFO - Processing /home/airflow/.local/lib/python3.8/site-packages/airflow/example_dags/example_branch_python_dop_operator_3.py took 0.077 seconds
[2023-09-29T18:22:30.728+0000] {processor.py:157} INFO - Started process (PID=1697) to work on /home/airflow/.local/lib/python3.8/site-packages/airflow/example_dags/example_branch_python_dop_operator_3.py
[2023-09-29T18:22:30.729+0000] {processor.py:829} INFO - Processing file /home/airflow/.local/lib/python3.8/site-packages/airflow/example_dags/example_branch_python_dop_operator_3.py for tasks to queue
[2023-09-29T18:22:30.730+0000] {logging_mixin.py:151} INFO - [2023-09-29T18:22:30.730+0000] {dagbag.py:539} INFO - Filling up the DagBag from /home/airflow/.local/lib/python3.8/site-packages/airflow/example_dags/example_branch_python_dop_operator_3.py
[2023-09-29T18:22:30.738+0000] {processor.py:839} INFO - DAG(s) dict_keys(['example_branch_dop_operator_v3']) retrieved from /home/airflow/.local/lib/python3.8/site-packages/airflow/example_dags/example_branch_python_dop_operator_3.py
[2023-09-29T18:22:30.753+0000] {logging_mixin.py:151} INFO - [2023-09-29T18:22:30.753+0000] {dag.py:2915} INFO - Sync 1 DAGs
[2023-09-29T18:22:30.775+0000] {logging_mixin.py:151} INFO - [2023-09-29T18:22:30.775+0000] {dag.py:3696} INFO - Setting next_dagrun for example_branch_dop_operator_v3 to 2023-09-29T18:21:00+00:00, run_after=2023-09-29T18:22:00+00:00
[2023-09-29T18:22:30.791+0000] {processor.py:179} INFO - Processing /home/airflow/.local/lib/python3.8/site-packages/airflow/example_dags/example_branch_python_dop_operator_3.py took 0.067 seconds
[2023-09-29T18:23:00.972+0000] {processor.py:157} INFO - Started process (PID=1752) to work on /home/airflow/.local/lib/python3.8/site-packages/airflow/example_dags/example_branch_python_dop_operator_3.py
[2023-09-29T18:23:00.973+0000] {processor.py:829} INFO - Processing file /home/airflow/.local/lib/python3.8/site-packages/airflow/example_dags/example_branch_python_dop_operator_3.py for tasks to queue
[2023-09-29T18:23:00.975+0000] {logging_mixin.py:151} INFO - [2023-09-29T18:23:00.975+0000] {dagbag.py:539} INFO - Filling up the DagBag from /home/airflow/.local/lib/python3.8/site-packages/airflow/example_dags/example_branch_python_dop_operator_3.py
[2023-09-29T18:23:00.982+0000] {processor.py:839} INFO - DAG(s) dict_keys(['example_branch_dop_operator_v3']) retrieved from /home/airflow/.local/lib/python3.8/site-packages/airflow/example_dags/example_branch_python_dop_operator_3.py
[2023-09-29T18:23:01.018+0000] {logging_mixin.py:151} INFO - [2023-09-29T18:23:01.018+0000] {dag.py:2915} INFO - Sync 1 DAGs
[2023-09-29T18:23:01.049+0000] {logging_mixin.py:151} INFO - [2023-09-29T18:23:01.049+0000] {dag.py:3696} INFO - Setting next_dagrun for example_branch_dop_operator_v3 to 2023-09-29T18:22:00+00:00, run_after=2023-09-29T18:23:00+00:00
[2023-09-29T18:23:01.060+0000] {processor.py:179} INFO - Processing /home/airflow/.local/lib/python3.8/site-packages/airflow/example_dags/example_branch_python_dop_operator_3.py took 0.091 seconds
[2023-09-29T18:23:31.341+0000] {processor.py:157} INFO - Started process (PID=1815) to work on /home/airflow/.local/lib/python3.8/site-packages/airflow/example_dags/example_branch_python_dop_operator_3.py
[2023-09-29T18:23:31.342+0000] {processor.py:829} INFO - Processing file /home/airflow/.local/lib/python3.8/site-packages/airflow/example_dags/example_branch_python_dop_operator_3.py for tasks to queue
[2023-09-29T18:23:31.344+0000] {logging_mixin.py:151} INFO - [2023-09-29T18:23:31.343+0000] {dagbag.py:539} INFO - Filling up the DagBag from /home/airflow/.local/lib/python3.8/site-packages/airflow/example_dags/example_branch_python_dop_operator_3.py
[2023-09-29T18:23:31.351+0000] {processor.py:839} INFO - DAG(s) dict_keys(['example_branch_dop_operator_v3']) retrieved from /home/airflow/.local/lib/python3.8/site-packages/airflow/example_dags/example_branch_python_dop_operator_3.py
[2023-09-29T18:23:31.366+0000] {logging_mixin.py:151} INFO - [2023-09-29T18:23:31.366+0000] {dag.py:2915} INFO - Sync 1 DAGs
[2023-09-29T18:23:31.384+0000] {logging_mixin.py:151} INFO - [2023-09-29T18:23:31.384+0000] {dag.py:3696} INFO - Setting next_dagrun for example_branch_dop_operator_v3 to 2023-09-29T18:22:00+00:00, run_after=2023-09-29T18:23:00+00:00
[2023-09-29T18:23:31.398+0000] {processor.py:179} INFO - Processing /home/airflow/.local/lib/python3.8/site-packages/airflow/example_dags/example_branch_python_dop_operator_3.py took 0.061 seconds
[2023-09-29T18:24:01.626+0000] {processor.py:157} INFO - Started process (PID=1870) to work on /home/airflow/.local/lib/python3.8/site-packages/airflow/example_dags/example_branch_python_dop_operator_3.py
[2023-09-29T18:24:01.627+0000] {processor.py:829} INFO - Processing file /home/airflow/.local/lib/python3.8/site-packages/airflow/example_dags/example_branch_python_dop_operator_3.py for tasks to queue
[2023-09-29T18:24:01.629+0000] {logging_mixin.py:151} INFO - [2023-09-29T18:24:01.629+0000] {dagbag.py:539} INFO - Filling up the DagBag from /home/airflow/.local/lib/python3.8/site-packages/airflow/example_dags/example_branch_python_dop_operator_3.py
[2023-09-29T18:24:01.638+0000] {processor.py:839} INFO - DAG(s) dict_keys(['example_branch_dop_operator_v3']) retrieved from /home/airflow/.local/lib/python3.8/site-packages/airflow/example_dags/example_branch_python_dop_operator_3.py
[2023-09-29T18:24:01.657+0000] {logging_mixin.py:151} INFO - [2023-09-29T18:24:01.656+0000] {dag.py:2915} INFO - Sync 1 DAGs
[2023-09-29T18:24:01.678+0000] {logging_mixin.py:151} INFO - [2023-09-29T18:24:01.678+0000] {dag.py:3696} INFO - Setting next_dagrun for example_branch_dop_operator_v3 to 2023-09-29T18:23:00+00:00, run_after=2023-09-29T18:24:00+00:00
[2023-09-29T18:24:01.689+0000] {processor.py:179} INFO - Processing /home/airflow/.local/lib/python3.8/site-packages/airflow/example_dags/example_branch_python_dop_operator_3.py took 0.066 seconds
[2023-09-29T18:24:31.715+0000] {processor.py:157} INFO - Started process (PID=1925) to work on /home/airflow/.local/lib/python3.8/site-packages/airflow/example_dags/example_branch_python_dop_operator_3.py
[2023-09-29T18:24:31.716+0000] {processor.py:829} INFO - Processing file /home/airflow/.local/lib/python3.8/site-packages/airflow/example_dags/example_branch_python_dop_operator_3.py for tasks to queue
[2023-09-29T18:24:31.718+0000] {logging_mixin.py:151} INFO - [2023-09-29T18:24:31.718+0000] {dagbag.py:539} INFO - Filling up the DagBag from /home/airflow/.local/lib/python3.8/site-packages/airflow/example_dags/example_branch_python_dop_operator_3.py
[2023-09-29T18:24:31.725+0000] {processor.py:839} INFO - DAG(s) dict_keys(['example_branch_dop_operator_v3']) retrieved from /home/airflow/.local/lib/python3.8/site-packages/airflow/example_dags/example_branch_python_dop_operator_3.py
[2023-09-29T18:24:31.742+0000] {logging_mixin.py:151} INFO - [2023-09-29T18:24:31.741+0000] {dag.py:2915} INFO - Sync 1 DAGs
[2023-09-29T18:24:31.761+0000] {logging_mixin.py:151} INFO - [2023-09-29T18:24:31.761+0000] {dag.py:3696} INFO - Setting next_dagrun for example_branch_dop_operator_v3 to 2023-09-29T18:23:00+00:00, run_after=2023-09-29T18:24:00+00:00
[2023-09-29T18:24:31.773+0000] {processor.py:179} INFO - Processing /home/airflow/.local/lib/python3.8/site-packages/airflow/example_dags/example_branch_python_dop_operator_3.py took 0.061 seconds
[2023-09-29T18:25:02.081+0000] {processor.py:157} INFO - Started process (PID=1980) to work on /home/airflow/.local/lib/python3.8/site-packages/airflow/example_dags/example_branch_python_dop_operator_3.py
[2023-09-29T18:25:02.082+0000] {processor.py:829} INFO - Processing file /home/airflow/.local/lib/python3.8/site-packages/airflow/example_dags/example_branch_python_dop_operator_3.py for tasks to queue
[2023-09-29T18:25:02.084+0000] {logging_mixin.py:151} INFO - [2023-09-29T18:25:02.083+0000] {dagbag.py:539} INFO - Filling up the DagBag from /home/airflow/.local/lib/python3.8/site-packages/airflow/example_dags/example_branch_python_dop_operator_3.py
[2023-09-29T18:25:02.090+0000] {processor.py:839} INFO - DAG(s) dict_keys(['example_branch_dop_operator_v3']) retrieved from /home/airflow/.local/lib/python3.8/site-packages/airflow/example_dags/example_branch_python_dop_operator_3.py
[2023-09-29T18:25:02.104+0000] {logging_mixin.py:151} INFO - [2023-09-29T18:25:02.104+0000] {dag.py:2915} INFO - Sync 1 DAGs
[2023-09-29T18:25:02.122+0000] {logging_mixin.py:151} INFO - [2023-09-29T18:25:02.122+0000] {dag.py:3696} INFO - Setting next_dagrun for example_branch_dop_operator_v3 to 2023-09-29T18:24:00+00:00, run_after=2023-09-29T18:25:00+00:00
[2023-09-29T18:25:02.133+0000] {processor.py:179} INFO - Processing /home/airflow/.local/lib/python3.8/site-packages/airflow/example_dags/example_branch_python_dop_operator_3.py took 0.055 seconds
