[2023-09-29T18:07:13.492+0000] {processor.py:157} INFO - Started process (PID=50) to work on /home/airflow/.local/lib/python3.8/site-packages/airflow/example_dags/example_kubernetes_executor.py
[2023-09-29T18:07:13.493+0000] {processor.py:829} INFO - Processing file /home/airflow/.local/lib/python3.8/site-packages/airflow/example_dags/example_kubernetes_executor.py for tasks to queue
[2023-09-29T18:07:13.496+0000] {logging_mixin.py:151} INFO - [2023-09-29T18:07:13.496+0000] {dagbag.py:539} INFO - Filling up the DagBag from /home/airflow/.local/lib/python3.8/site-packages/airflow/example_dags/example_kubernetes_executor.py
[2023-09-29T18:07:15.690+0000] {processor.py:839} INFO - DAG(s) dict_keys(['example_kubernetes_executor']) retrieved from /home/airflow/.local/lib/python3.8/site-packages/airflow/example_dags/example_kubernetes_executor.py
[2023-09-29T18:07:15.716+0000] {logging_mixin.py:151} INFO - [2023-09-29T18:07:15.715+0000] {dag.py:2915} INFO - Sync 1 DAGs
[2023-09-29T18:07:15.743+0000] {logging_mixin.py:151} INFO - [2023-09-29T18:07:15.743+0000] {dag.py:3696} INFO - Setting next_dagrun for example_kubernetes_executor to None, run_after=None
[2023-09-29T18:07:15.798+0000] {processor.py:179} INFO - Processing /home/airflow/.local/lib/python3.8/site-packages/airflow/example_dags/example_kubernetes_executor.py took 2.311 seconds
[2023-09-29T18:07:47.171+0000] {processor.py:157} INFO - Started process (PID=104) to work on /home/airflow/.local/lib/python3.8/site-packages/airflow/example_dags/example_kubernetes_executor.py
[2023-09-29T18:07:47.172+0000] {processor.py:829} INFO - Processing file /home/airflow/.local/lib/python3.8/site-packages/airflow/example_dags/example_kubernetes_executor.py for tasks to queue
[2023-09-29T18:07:47.175+0000] {logging_mixin.py:151} INFO - [2023-09-29T18:07:47.175+0000] {dagbag.py:539} INFO - Filling up the DagBag from /home/airflow/.local/lib/python3.8/site-packages/airflow/example_dags/example_kubernetes_executor.py
[2023-09-29T18:07:49.576+0000] {processor.py:839} INFO - DAG(s) dict_keys(['example_kubernetes_executor']) retrieved from /home/airflow/.local/lib/python3.8/site-packages/airflow/example_dags/example_kubernetes_executor.py
[2023-09-29T18:07:49.778+0000] {logging_mixin.py:151} INFO - [2023-09-29T18:07:49.775+0000] {dag.py:2915} INFO - Sync 1 DAGs
[2023-09-29T18:07:49.832+0000] {logging_mixin.py:151} INFO - [2023-09-29T18:07:49.831+0000] {dag.py:3696} INFO - Setting next_dagrun for example_kubernetes_executor to None, run_after=None
[2023-09-29T18:07:49.868+0000] {processor.py:179} INFO - Processing /home/airflow/.local/lib/python3.8/site-packages/airflow/example_dags/example_kubernetes_executor.py took 2.700 seconds
[2023-09-29T18:08:20.013+0000] {processor.py:157} INFO - Started process (PID=161) to work on /home/airflow/.local/lib/python3.8/site-packages/airflow/example_dags/example_kubernetes_executor.py
[2023-09-29T18:08:20.014+0000] {processor.py:829} INFO - Processing file /home/airflow/.local/lib/python3.8/site-packages/airflow/example_dags/example_kubernetes_executor.py for tasks to queue
[2023-09-29T18:08:20.017+0000] {logging_mixin.py:151} INFO - [2023-09-29T18:08:20.017+0000] {dagbag.py:539} INFO - Filling up the DagBag from /home/airflow/.local/lib/python3.8/site-packages/airflow/example_dags/example_kubernetes_executor.py
[2023-09-29T18:08:20.386+0000] {processor.py:839} INFO - DAG(s) dict_keys(['example_kubernetes_executor']) retrieved from /home/airflow/.local/lib/python3.8/site-packages/airflow/example_dags/example_kubernetes_executor.py
[2023-09-29T18:08:20.461+0000] {logging_mixin.py:151} INFO - [2023-09-29T18:08:20.461+0000] {dag.py:2915} INFO - Sync 1 DAGs
[2023-09-29T18:08:20.476+0000] {logging_mixin.py:151} INFO - [2023-09-29T18:08:20.476+0000] {dag.py:3696} INFO - Setting next_dagrun for example_kubernetes_executor to None, run_after=None
[2023-09-29T18:08:20.503+0000] {processor.py:179} INFO - Processing /home/airflow/.local/lib/python3.8/site-packages/airflow/example_dags/example_kubernetes_executor.py took 0.495 seconds
[2023-09-29T18:08:50.693+0000] {processor.py:157} INFO - Started process (PID=216) to work on /home/airflow/.local/lib/python3.8/site-packages/airflow/example_dags/example_kubernetes_executor.py
[2023-09-29T18:08:50.696+0000] {processor.py:829} INFO - Processing file /home/airflow/.local/lib/python3.8/site-packages/airflow/example_dags/example_kubernetes_executor.py for tasks to queue
[2023-09-29T18:08:50.699+0000] {logging_mixin.py:151} INFO - [2023-09-29T18:08:50.699+0000] {dagbag.py:539} INFO - Filling up the DagBag from /home/airflow/.local/lib/python3.8/site-packages/airflow/example_dags/example_kubernetes_executor.py
[2023-09-29T18:08:51.045+0000] {processor.py:839} INFO - DAG(s) dict_keys(['example_kubernetes_executor']) retrieved from /home/airflow/.local/lib/python3.8/site-packages/airflow/example_dags/example_kubernetes_executor.py
[2023-09-29T18:08:51.148+0000] {logging_mixin.py:151} INFO - [2023-09-29T18:08:51.142+0000] {dag.py:2915} INFO - Sync 1 DAGs
[2023-09-29T18:08:51.194+0000] {logging_mixin.py:151} INFO - [2023-09-29T18:08:51.193+0000] {dag.py:3696} INFO - Setting next_dagrun for example_kubernetes_executor to None, run_after=None
[2023-09-29T18:08:51.217+0000] {processor.py:179} INFO - Processing /home/airflow/.local/lib/python3.8/site-packages/airflow/example_dags/example_kubernetes_executor.py took 0.529 seconds
[2023-09-29T18:09:21.282+0000] {processor.py:157} INFO - Started process (PID=271) to work on /home/airflow/.local/lib/python3.8/site-packages/airflow/example_dags/example_kubernetes_executor.py
[2023-09-29T18:09:21.285+0000] {processor.py:829} INFO - Processing file /home/airflow/.local/lib/python3.8/site-packages/airflow/example_dags/example_kubernetes_executor.py for tasks to queue
[2023-09-29T18:09:21.288+0000] {logging_mixin.py:151} INFO - [2023-09-29T18:09:21.288+0000] {dagbag.py:539} INFO - Filling up the DagBag from /home/airflow/.local/lib/python3.8/site-packages/airflow/example_dags/example_kubernetes_executor.py
[2023-09-29T18:09:21.587+0000] {processor.py:839} INFO - DAG(s) dict_keys(['example_kubernetes_executor']) retrieved from /home/airflow/.local/lib/python3.8/site-packages/airflow/example_dags/example_kubernetes_executor.py
[2023-09-29T18:09:21.630+0000] {logging_mixin.py:151} INFO - [2023-09-29T18:09:21.629+0000] {dag.py:2915} INFO - Sync 1 DAGs
[2023-09-29T18:09:21.653+0000] {logging_mixin.py:151} INFO - [2023-09-29T18:09:21.653+0000] {dag.py:3696} INFO - Setting next_dagrun for example_kubernetes_executor to None, run_after=None
[2023-09-29T18:09:21.668+0000] {processor.py:179} INFO - Processing /home/airflow/.local/lib/python3.8/site-packages/airflow/example_dags/example_kubernetes_executor.py took 0.392 seconds
[2023-09-29T18:09:51.773+0000] {processor.py:157} INFO - Started process (PID=326) to work on /home/airflow/.local/lib/python3.8/site-packages/airflow/example_dags/example_kubernetes_executor.py
[2023-09-29T18:09:51.774+0000] {processor.py:829} INFO - Processing file /home/airflow/.local/lib/python3.8/site-packages/airflow/example_dags/example_kubernetes_executor.py for tasks to queue
[2023-09-29T18:09:51.778+0000] {logging_mixin.py:151} INFO - [2023-09-29T18:09:51.778+0000] {dagbag.py:539} INFO - Filling up the DagBag from /home/airflow/.local/lib/python3.8/site-packages/airflow/example_dags/example_kubernetes_executor.py
[2023-09-29T18:09:52.067+0000] {processor.py:839} INFO - DAG(s) dict_keys(['example_kubernetes_executor']) retrieved from /home/airflow/.local/lib/python3.8/site-packages/airflow/example_dags/example_kubernetes_executor.py
[2023-09-29T18:09:52.110+0000] {logging_mixin.py:151} INFO - [2023-09-29T18:09:52.110+0000] {dag.py:2915} INFO - Sync 1 DAGs
[2023-09-29T18:09:52.123+0000] {logging_mixin.py:151} INFO - [2023-09-29T18:09:52.123+0000] {dag.py:3696} INFO - Setting next_dagrun for example_kubernetes_executor to None, run_after=None
[2023-09-29T18:09:52.139+0000] {processor.py:179} INFO - Processing /home/airflow/.local/lib/python3.8/site-packages/airflow/example_dags/example_kubernetes_executor.py took 0.372 seconds
[2023-09-29T18:10:22.430+0000] {processor.py:157} INFO - Started process (PID=381) to work on /home/airflow/.local/lib/python3.8/site-packages/airflow/example_dags/example_kubernetes_executor.py
[2023-09-29T18:10:22.432+0000] {processor.py:829} INFO - Processing file /home/airflow/.local/lib/python3.8/site-packages/airflow/example_dags/example_kubernetes_executor.py for tasks to queue
[2023-09-29T18:10:22.435+0000] {logging_mixin.py:151} INFO - [2023-09-29T18:10:22.435+0000] {dagbag.py:539} INFO - Filling up the DagBag from /home/airflow/.local/lib/python3.8/site-packages/airflow/example_dags/example_kubernetes_executor.py
[2023-09-29T18:10:22.734+0000] {processor.py:839} INFO - DAG(s) dict_keys(['example_kubernetes_executor']) retrieved from /home/airflow/.local/lib/python3.8/site-packages/airflow/example_dags/example_kubernetes_executor.py
[2023-09-29T18:10:22.774+0000] {logging_mixin.py:151} INFO - [2023-09-29T18:10:22.773+0000] {dag.py:2915} INFO - Sync 1 DAGs
[2023-09-29T18:10:22.784+0000] {logging_mixin.py:151} INFO - [2023-09-29T18:10:22.783+0000] {dag.py:3696} INFO - Setting next_dagrun for example_kubernetes_executor to None, run_after=None
[2023-09-29T18:10:22.797+0000] {processor.py:179} INFO - Processing /home/airflow/.local/lib/python3.8/site-packages/airflow/example_dags/example_kubernetes_executor.py took 0.373 seconds
[2023-09-29T18:10:53.459+0000] {processor.py:157} INFO - Started process (PID=437) to work on /home/airflow/.local/lib/python3.8/site-packages/airflow/example_dags/example_kubernetes_executor.py
[2023-09-29T18:10:53.461+0000] {processor.py:829} INFO - Processing file /home/airflow/.local/lib/python3.8/site-packages/airflow/example_dags/example_kubernetes_executor.py for tasks to queue
[2023-09-29T18:10:53.464+0000] {logging_mixin.py:151} INFO - [2023-09-29T18:10:53.464+0000] {dagbag.py:539} INFO - Filling up the DagBag from /home/airflow/.local/lib/python3.8/site-packages/airflow/example_dags/example_kubernetes_executor.py
[2023-09-29T18:10:53.787+0000] {processor.py:839} INFO - DAG(s) dict_keys(['example_kubernetes_executor']) retrieved from /home/airflow/.local/lib/python3.8/site-packages/airflow/example_dags/example_kubernetes_executor.py
[2023-09-29T18:10:53.822+0000] {logging_mixin.py:151} INFO - [2023-09-29T18:10:53.822+0000] {dag.py:2915} INFO - Sync 1 DAGs
[2023-09-29T18:10:53.832+0000] {logging_mixin.py:151} INFO - [2023-09-29T18:10:53.832+0000] {dag.py:3696} INFO - Setting next_dagrun for example_kubernetes_executor to None, run_after=None
[2023-09-29T18:10:53.845+0000] {processor.py:179} INFO - Processing /home/airflow/.local/lib/python3.8/site-packages/airflow/example_dags/example_kubernetes_executor.py took 0.391 seconds
[2023-09-29T18:11:24.007+0000] {processor.py:157} INFO - Started process (PID=492) to work on /home/airflow/.local/lib/python3.8/site-packages/airflow/example_dags/example_kubernetes_executor.py
[2023-09-29T18:11:24.009+0000] {processor.py:829} INFO - Processing file /home/airflow/.local/lib/python3.8/site-packages/airflow/example_dags/example_kubernetes_executor.py for tasks to queue
[2023-09-29T18:11:24.012+0000] {logging_mixin.py:151} INFO - [2023-09-29T18:11:24.011+0000] {dagbag.py:539} INFO - Filling up the DagBag from /home/airflow/.local/lib/python3.8/site-packages/airflow/example_dags/example_kubernetes_executor.py
[2023-09-29T18:11:24.342+0000] {processor.py:839} INFO - DAG(s) dict_keys(['example_kubernetes_executor']) retrieved from /home/airflow/.local/lib/python3.8/site-packages/airflow/example_dags/example_kubernetes_executor.py
[2023-09-29T18:11:24.374+0000] {logging_mixin.py:151} INFO - [2023-09-29T18:11:24.374+0000] {dag.py:2915} INFO - Sync 1 DAGs
[2023-09-29T18:11:24.388+0000] {logging_mixin.py:151} INFO - [2023-09-29T18:11:24.388+0000] {dag.py:3696} INFO - Setting next_dagrun for example_kubernetes_executor to None, run_after=None
[2023-09-29T18:11:24.401+0000] {processor.py:179} INFO - Processing /home/airflow/.local/lib/python3.8/site-packages/airflow/example_dags/example_kubernetes_executor.py took 0.399 seconds
[2023-09-29T18:11:55.221+0000] {processor.py:157} INFO - Started process (PID=547) to work on /home/airflow/.local/lib/python3.8/site-packages/airflow/example_dags/example_kubernetes_executor.py
[2023-09-29T18:11:55.224+0000] {processor.py:829} INFO - Processing file /home/airflow/.local/lib/python3.8/site-packages/airflow/example_dags/example_kubernetes_executor.py for tasks to queue
[2023-09-29T18:11:55.228+0000] {logging_mixin.py:151} INFO - [2023-09-29T18:11:55.227+0000] {dagbag.py:539} INFO - Filling up the DagBag from /home/airflow/.local/lib/python3.8/site-packages/airflow/example_dags/example_kubernetes_executor.py
[2023-09-29T18:11:55.499+0000] {processor.py:839} INFO - DAG(s) dict_keys(['example_kubernetes_executor']) retrieved from /home/airflow/.local/lib/python3.8/site-packages/airflow/example_dags/example_kubernetes_executor.py
[2023-09-29T18:11:55.528+0000] {logging_mixin.py:151} INFO - [2023-09-29T18:11:55.528+0000] {dag.py:2915} INFO - Sync 1 DAGs
[2023-09-29T18:11:55.538+0000] {logging_mixin.py:151} INFO - [2023-09-29T18:11:55.538+0000] {dag.py:3696} INFO - Setting next_dagrun for example_kubernetes_executor to None, run_after=None
[2023-09-29T18:11:55.550+0000] {processor.py:179} INFO - Processing /home/airflow/.local/lib/python3.8/site-packages/airflow/example_dags/example_kubernetes_executor.py took 0.334 seconds
[2023-09-29T18:12:25.954+0000] {processor.py:157} INFO - Started process (PID=602) to work on /home/airflow/.local/lib/python3.8/site-packages/airflow/example_dags/example_kubernetes_executor.py
[2023-09-29T18:12:25.956+0000] {processor.py:829} INFO - Processing file /home/airflow/.local/lib/python3.8/site-packages/airflow/example_dags/example_kubernetes_executor.py for tasks to queue
[2023-09-29T18:12:25.959+0000] {logging_mixin.py:151} INFO - [2023-09-29T18:12:25.958+0000] {dagbag.py:539} INFO - Filling up the DagBag from /home/airflow/.local/lib/python3.8/site-packages/airflow/example_dags/example_kubernetes_executor.py
[2023-09-29T18:12:26.219+0000] {processor.py:839} INFO - DAG(s) dict_keys(['example_kubernetes_executor']) retrieved from /home/airflow/.local/lib/python3.8/site-packages/airflow/example_dags/example_kubernetes_executor.py
[2023-09-29T18:12:26.251+0000] {logging_mixin.py:151} INFO - [2023-09-29T18:12:26.250+0000] {dag.py:2915} INFO - Sync 1 DAGs
[2023-09-29T18:12:26.262+0000] {logging_mixin.py:151} INFO - [2023-09-29T18:12:26.262+0000] {dag.py:3696} INFO - Setting next_dagrun for example_kubernetes_executor to None, run_after=None
[2023-09-29T18:12:26.289+0000] {processor.py:179} INFO - Processing /home/airflow/.local/lib/python3.8/site-packages/airflow/example_dags/example_kubernetes_executor.py took 0.340 seconds
[2023-09-29T18:12:57.081+0000] {processor.py:157} INFO - Started process (PID=658) to work on /home/airflow/.local/lib/python3.8/site-packages/airflow/example_dags/example_kubernetes_executor.py
[2023-09-29T18:12:57.084+0000] {processor.py:829} INFO - Processing file /home/airflow/.local/lib/python3.8/site-packages/airflow/example_dags/example_kubernetes_executor.py for tasks to queue
[2023-09-29T18:12:57.087+0000] {logging_mixin.py:151} INFO - [2023-09-29T18:12:57.087+0000] {dagbag.py:539} INFO - Filling up the DagBag from /home/airflow/.local/lib/python3.8/site-packages/airflow/example_dags/example_kubernetes_executor.py
[2023-09-29T18:12:57.354+0000] {processor.py:839} INFO - DAG(s) dict_keys(['example_kubernetes_executor']) retrieved from /home/airflow/.local/lib/python3.8/site-packages/airflow/example_dags/example_kubernetes_executor.py
[2023-09-29T18:12:57.385+0000] {logging_mixin.py:151} INFO - [2023-09-29T18:12:57.384+0000] {dag.py:2915} INFO - Sync 1 DAGs
[2023-09-29T18:12:57.395+0000] {logging_mixin.py:151} INFO - [2023-09-29T18:12:57.395+0000] {dag.py:3696} INFO - Setting next_dagrun for example_kubernetes_executor to None, run_after=None
[2023-09-29T18:12:57.407+0000] {processor.py:179} INFO - Processing /home/airflow/.local/lib/python3.8/site-packages/airflow/example_dags/example_kubernetes_executor.py took 0.332 seconds
[2023-09-29T18:13:27.729+0000] {processor.py:157} INFO - Started process (PID=713) to work on /home/airflow/.local/lib/python3.8/site-packages/airflow/example_dags/example_kubernetes_executor.py
[2023-09-29T18:13:27.732+0000] {processor.py:829} INFO - Processing file /home/airflow/.local/lib/python3.8/site-packages/airflow/example_dags/example_kubernetes_executor.py for tasks to queue
[2023-09-29T18:13:27.737+0000] {logging_mixin.py:151} INFO - [2023-09-29T18:13:27.737+0000] {dagbag.py:539} INFO - Filling up the DagBag from /home/airflow/.local/lib/python3.8/site-packages/airflow/example_dags/example_kubernetes_executor.py
[2023-09-29T18:13:27.993+0000] {processor.py:839} INFO - DAG(s) dict_keys(['example_kubernetes_executor']) retrieved from /home/airflow/.local/lib/python3.8/site-packages/airflow/example_dags/example_kubernetes_executor.py
[2023-09-29T18:13:28.025+0000] {logging_mixin.py:151} INFO - [2023-09-29T18:13:28.024+0000] {dag.py:2915} INFO - Sync 1 DAGs
[2023-09-29T18:13:28.035+0000] {logging_mixin.py:151} INFO - [2023-09-29T18:13:28.035+0000] {dag.py:3696} INFO - Setting next_dagrun for example_kubernetes_executor to None, run_after=None
[2023-09-29T18:13:28.048+0000] {processor.py:179} INFO - Processing /home/airflow/.local/lib/python3.8/site-packages/airflow/example_dags/example_kubernetes_executor.py took 0.331 seconds
[2023-09-29T18:13:58.580+0000] {processor.py:157} INFO - Started process (PID=768) to work on /home/airflow/.local/lib/python3.8/site-packages/airflow/example_dags/example_kubernetes_executor.py
[2023-09-29T18:13:58.581+0000] {processor.py:829} INFO - Processing file /home/airflow/.local/lib/python3.8/site-packages/airflow/example_dags/example_kubernetes_executor.py for tasks to queue
[2023-09-29T18:13:58.585+0000] {logging_mixin.py:151} INFO - [2023-09-29T18:13:58.584+0000] {dagbag.py:539} INFO - Filling up the DagBag from /home/airflow/.local/lib/python3.8/site-packages/airflow/example_dags/example_kubernetes_executor.py
[2023-09-29T18:13:58.879+0000] {processor.py:839} INFO - DAG(s) dict_keys(['example_kubernetes_executor']) retrieved from /home/airflow/.local/lib/python3.8/site-packages/airflow/example_dags/example_kubernetes_executor.py
[2023-09-29T18:13:58.911+0000] {logging_mixin.py:151} INFO - [2023-09-29T18:13:58.910+0000] {dag.py:2915} INFO - Sync 1 DAGs
[2023-09-29T18:13:58.923+0000] {logging_mixin.py:151} INFO - [2023-09-29T18:13:58.923+0000] {dag.py:3696} INFO - Setting next_dagrun for example_kubernetes_executor to None, run_after=None
[2023-09-29T18:13:58.935+0000] {processor.py:179} INFO - Processing /home/airflow/.local/lib/python3.8/site-packages/airflow/example_dags/example_kubernetes_executor.py took 0.360 seconds
[2023-09-29T18:14:29.816+0000] {processor.py:157} INFO - Started process (PID=829) to work on /home/airflow/.local/lib/python3.8/site-packages/airflow/example_dags/example_kubernetes_executor.py
[2023-09-29T18:14:29.818+0000] {processor.py:829} INFO - Processing file /home/airflow/.local/lib/python3.8/site-packages/airflow/example_dags/example_kubernetes_executor.py for tasks to queue
[2023-09-29T18:14:29.822+0000] {logging_mixin.py:151} INFO - [2023-09-29T18:14:29.822+0000] {dagbag.py:539} INFO - Filling up the DagBag from /home/airflow/.local/lib/python3.8/site-packages/airflow/example_dags/example_kubernetes_executor.py
[2023-09-29T18:14:31.081+0000] {processor.py:839} INFO - DAG(s) dict_keys(['example_kubernetes_executor']) retrieved from /home/airflow/.local/lib/python3.8/site-packages/airflow/example_dags/example_kubernetes_executor.py
[2023-09-29T18:14:31.187+0000] {logging_mixin.py:151} INFO - [2023-09-29T18:14:31.187+0000] {dag.py:2915} INFO - Sync 1 DAGs
[2023-09-29T18:14:31.241+0000] {logging_mixin.py:151} INFO - [2023-09-29T18:14:31.241+0000] {dag.py:3696} INFO - Setting next_dagrun for example_kubernetes_executor to None, run_after=None
[2023-09-29T18:14:31.279+0000] {processor.py:179} INFO - Processing /home/airflow/.local/lib/python3.8/site-packages/airflow/example_dags/example_kubernetes_executor.py took 1.485 seconds
[2023-09-29T18:15:01.511+0000] {processor.py:157} INFO - Started process (PID=884) to work on /home/airflow/.local/lib/python3.8/site-packages/airflow/example_dags/example_kubernetes_executor.py
[2023-09-29T18:15:01.516+0000] {processor.py:829} INFO - Processing file /home/airflow/.local/lib/python3.8/site-packages/airflow/example_dags/example_kubernetes_executor.py for tasks to queue
[2023-09-29T18:15:01.530+0000] {logging_mixin.py:151} INFO - [2023-09-29T18:15:01.529+0000] {dagbag.py:539} INFO - Filling up the DagBag from /home/airflow/.local/lib/python3.8/site-packages/airflow/example_dags/example_kubernetes_executor.py
[2023-09-29T18:15:01.956+0000] {processor.py:839} INFO - DAG(s) dict_keys(['example_kubernetes_executor']) retrieved from /home/airflow/.local/lib/python3.8/site-packages/airflow/example_dags/example_kubernetes_executor.py
[2023-09-29T18:15:01.992+0000] {logging_mixin.py:151} INFO - [2023-09-29T18:15:01.992+0000] {dag.py:2915} INFO - Sync 1 DAGs
[2023-09-29T18:15:02.013+0000] {logging_mixin.py:151} INFO - [2023-09-29T18:15:02.013+0000] {dag.py:3696} INFO - Setting next_dagrun for example_kubernetes_executor to None, run_after=None
[2023-09-29T18:15:02.028+0000] {processor.py:179} INFO - Processing /home/airflow/.local/lib/python3.8/site-packages/airflow/example_dags/example_kubernetes_executor.py took 0.537 seconds
[2023-09-29T18:15:32.627+0000] {processor.py:157} INFO - Started process (PID=939) to work on /home/airflow/.local/lib/python3.8/site-packages/airflow/example_dags/example_kubernetes_executor.py
[2023-09-29T18:15:32.629+0000] {processor.py:829} INFO - Processing file /home/airflow/.local/lib/python3.8/site-packages/airflow/example_dags/example_kubernetes_executor.py for tasks to queue
[2023-09-29T18:15:32.632+0000] {logging_mixin.py:151} INFO - [2023-09-29T18:15:32.632+0000] {dagbag.py:539} INFO - Filling up the DagBag from /home/airflow/.local/lib/python3.8/site-packages/airflow/example_dags/example_kubernetes_executor.py
[2023-09-29T18:15:33.046+0000] {processor.py:839} INFO - DAG(s) dict_keys(['example_kubernetes_executor']) retrieved from /home/airflow/.local/lib/python3.8/site-packages/airflow/example_dags/example_kubernetes_executor.py
[2023-09-29T18:15:33.079+0000] {logging_mixin.py:151} INFO - [2023-09-29T18:15:33.078+0000] {dag.py:2915} INFO - Sync 1 DAGs
[2023-09-29T18:15:33.089+0000] {logging_mixin.py:151} INFO - [2023-09-29T18:15:33.089+0000] {dag.py:3696} INFO - Setting next_dagrun for example_kubernetes_executor to None, run_after=None
[2023-09-29T18:15:33.107+0000] {processor.py:179} INFO - Processing /home/airflow/.local/lib/python3.8/site-packages/airflow/example_dags/example_kubernetes_executor.py took 0.487 seconds
[2023-09-29T18:16:03.266+0000] {processor.py:157} INFO - Started process (PID=994) to work on /home/airflow/.local/lib/python3.8/site-packages/airflow/example_dags/example_kubernetes_executor.py
[2023-09-29T18:16:03.269+0000] {processor.py:829} INFO - Processing file /home/airflow/.local/lib/python3.8/site-packages/airflow/example_dags/example_kubernetes_executor.py for tasks to queue
[2023-09-29T18:16:03.276+0000] {logging_mixin.py:151} INFO - [2023-09-29T18:16:03.275+0000] {dagbag.py:539} INFO - Filling up the DagBag from /home/airflow/.local/lib/python3.8/site-packages/airflow/example_dags/example_kubernetes_executor.py
[2023-09-29T18:16:03.634+0000] {processor.py:839} INFO - DAG(s) dict_keys(['example_kubernetes_executor']) retrieved from /home/airflow/.local/lib/python3.8/site-packages/airflow/example_dags/example_kubernetes_executor.py
[2023-09-29T18:16:03.668+0000] {logging_mixin.py:151} INFO - [2023-09-29T18:16:03.668+0000] {dag.py:2915} INFO - Sync 1 DAGs
[2023-09-29T18:16:03.681+0000] {logging_mixin.py:151} INFO - [2023-09-29T18:16:03.681+0000] {dag.py:3696} INFO - Setting next_dagrun for example_kubernetes_executor to None, run_after=None
[2023-09-29T18:16:03.706+0000] {processor.py:179} INFO - Processing /home/airflow/.local/lib/python3.8/site-packages/airflow/example_dags/example_kubernetes_executor.py took 0.451 seconds
[2023-09-29T18:16:33.887+0000] {processor.py:157} INFO - Started process (PID=1050) to work on /home/airflow/.local/lib/python3.8/site-packages/airflow/example_dags/example_kubernetes_executor.py
[2023-09-29T18:16:33.889+0000] {processor.py:829} INFO - Processing file /home/airflow/.local/lib/python3.8/site-packages/airflow/example_dags/example_kubernetes_executor.py for tasks to queue
[2023-09-29T18:16:33.892+0000] {logging_mixin.py:151} INFO - [2023-09-29T18:16:33.891+0000] {dagbag.py:539} INFO - Filling up the DagBag from /home/airflow/.local/lib/python3.8/site-packages/airflow/example_dags/example_kubernetes_executor.py
[2023-09-29T18:16:34.168+0000] {processor.py:839} INFO - DAG(s) dict_keys(['example_kubernetes_executor']) retrieved from /home/airflow/.local/lib/python3.8/site-packages/airflow/example_dags/example_kubernetes_executor.py
[2023-09-29T18:16:34.198+0000] {logging_mixin.py:151} INFO - [2023-09-29T18:16:34.198+0000] {dag.py:2915} INFO - Sync 1 DAGs
[2023-09-29T18:16:34.210+0000] {logging_mixin.py:151} INFO - [2023-09-29T18:16:34.210+0000] {dag.py:3696} INFO - Setting next_dagrun for example_kubernetes_executor to None, run_after=None
[2023-09-29T18:16:34.222+0000] {processor.py:179} INFO - Processing /home/airflow/.local/lib/python3.8/site-packages/airflow/example_dags/example_kubernetes_executor.py took 0.340 seconds
[2023-09-29T18:17:04.398+0000] {processor.py:157} INFO - Started process (PID=1108) to work on /home/airflow/.local/lib/python3.8/site-packages/airflow/example_dags/example_kubernetes_executor.py
[2023-09-29T18:17:04.400+0000] {processor.py:829} INFO - Processing file /home/airflow/.local/lib/python3.8/site-packages/airflow/example_dags/example_kubernetes_executor.py for tasks to queue
[2023-09-29T18:17:04.402+0000] {logging_mixin.py:151} INFO - [2023-09-29T18:17:04.402+0000] {dagbag.py:539} INFO - Filling up the DagBag from /home/airflow/.local/lib/python3.8/site-packages/airflow/example_dags/example_kubernetes_executor.py
[2023-09-29T18:17:04.725+0000] {processor.py:839} INFO - DAG(s) dict_keys(['example_kubernetes_executor']) retrieved from /home/airflow/.local/lib/python3.8/site-packages/airflow/example_dags/example_kubernetes_executor.py
[2023-09-29T18:17:04.761+0000] {logging_mixin.py:151} INFO - [2023-09-29T18:17:04.761+0000] {dag.py:2915} INFO - Sync 1 DAGs
[2023-09-29T18:17:04.773+0000] {logging_mixin.py:151} INFO - [2023-09-29T18:17:04.772+0000] {dag.py:3696} INFO - Setting next_dagrun for example_kubernetes_executor to None, run_after=None
[2023-09-29T18:17:04.787+0000] {processor.py:179} INFO - Processing /home/airflow/.local/lib/python3.8/site-packages/airflow/example_dags/example_kubernetes_executor.py took 0.392 seconds
[2023-09-29T18:17:35.715+0000] {processor.py:157} INFO - Started process (PID=1165) to work on /home/airflow/.local/lib/python3.8/site-packages/airflow/example_dags/example_kubernetes_executor.py
[2023-09-29T18:17:35.717+0000] {processor.py:829} INFO - Processing file /home/airflow/.local/lib/python3.8/site-packages/airflow/example_dags/example_kubernetes_executor.py for tasks to queue
[2023-09-29T18:17:35.719+0000] {logging_mixin.py:151} INFO - [2023-09-29T18:17:35.719+0000] {dagbag.py:539} INFO - Filling up the DagBag from /home/airflow/.local/lib/python3.8/site-packages/airflow/example_dags/example_kubernetes_executor.py
[2023-09-29T18:17:35.982+0000] {processor.py:839} INFO - DAG(s) dict_keys(['example_kubernetes_executor']) retrieved from /home/airflow/.local/lib/python3.8/site-packages/airflow/example_dags/example_kubernetes_executor.py
[2023-09-29T18:17:36.011+0000] {logging_mixin.py:151} INFO - [2023-09-29T18:17:36.011+0000] {dag.py:2915} INFO - Sync 1 DAGs
[2023-09-29T18:17:36.022+0000] {logging_mixin.py:151} INFO - [2023-09-29T18:17:36.021+0000] {dag.py:3696} INFO - Setting next_dagrun for example_kubernetes_executor to None, run_after=None
[2023-09-29T18:17:36.034+0000] {processor.py:179} INFO - Processing /home/airflow/.local/lib/python3.8/site-packages/airflow/example_dags/example_kubernetes_executor.py took 0.323 seconds
[2023-09-29T18:18:06.295+0000] {processor.py:157} INFO - Started process (PID=1220) to work on /home/airflow/.local/lib/python3.8/site-packages/airflow/example_dags/example_kubernetes_executor.py
[2023-09-29T18:18:06.298+0000] {processor.py:829} INFO - Processing file /home/airflow/.local/lib/python3.8/site-packages/airflow/example_dags/example_kubernetes_executor.py for tasks to queue
[2023-09-29T18:18:06.301+0000] {logging_mixin.py:151} INFO - [2023-09-29T18:18:06.300+0000] {dagbag.py:539} INFO - Filling up the DagBag from /home/airflow/.local/lib/python3.8/site-packages/airflow/example_dags/example_kubernetes_executor.py
[2023-09-29T18:18:06.564+0000] {processor.py:839} INFO - DAG(s) dict_keys(['example_kubernetes_executor']) retrieved from /home/airflow/.local/lib/python3.8/site-packages/airflow/example_dags/example_kubernetes_executor.py
[2023-09-29T18:18:06.595+0000] {logging_mixin.py:151} INFO - [2023-09-29T18:18:06.594+0000] {dag.py:2915} INFO - Sync 1 DAGs
[2023-09-29T18:18:06.605+0000] {logging_mixin.py:151} INFO - [2023-09-29T18:18:06.605+0000] {dag.py:3696} INFO - Setting next_dagrun for example_kubernetes_executor to None, run_after=None
[2023-09-29T18:18:06.618+0000] {processor.py:179} INFO - Processing /home/airflow/.local/lib/python3.8/site-packages/airflow/example_dags/example_kubernetes_executor.py took 0.328 seconds
[2023-09-29T18:18:36.746+0000] {processor.py:157} INFO - Started process (PID=1275) to work on /home/airflow/.local/lib/python3.8/site-packages/airflow/example_dags/example_kubernetes_executor.py
[2023-09-29T18:18:36.748+0000] {processor.py:829} INFO - Processing file /home/airflow/.local/lib/python3.8/site-packages/airflow/example_dags/example_kubernetes_executor.py for tasks to queue
[2023-09-29T18:18:36.751+0000] {logging_mixin.py:151} INFO - [2023-09-29T18:18:36.751+0000] {dagbag.py:539} INFO - Filling up the DagBag from /home/airflow/.local/lib/python3.8/site-packages/airflow/example_dags/example_kubernetes_executor.py
[2023-09-29T18:18:37.010+0000] {processor.py:839} INFO - DAG(s) dict_keys(['example_kubernetes_executor']) retrieved from /home/airflow/.local/lib/python3.8/site-packages/airflow/example_dags/example_kubernetes_executor.py
[2023-09-29T18:18:37.043+0000] {logging_mixin.py:151} INFO - [2023-09-29T18:18:37.042+0000] {dag.py:2915} INFO - Sync 1 DAGs
[2023-09-29T18:18:37.053+0000] {logging_mixin.py:151} INFO - [2023-09-29T18:18:37.053+0000] {dag.py:3696} INFO - Setting next_dagrun for example_kubernetes_executor to None, run_after=None
[2023-09-29T18:18:37.066+0000] {processor.py:179} INFO - Processing /home/airflow/.local/lib/python3.8/site-packages/airflow/example_dags/example_kubernetes_executor.py took 0.327 seconds
[2023-09-29T18:19:07.417+0000] {processor.py:157} INFO - Started process (PID=1330) to work on /home/airflow/.local/lib/python3.8/site-packages/airflow/example_dags/example_kubernetes_executor.py
[2023-09-29T18:19:07.420+0000] {processor.py:829} INFO - Processing file /home/airflow/.local/lib/python3.8/site-packages/airflow/example_dags/example_kubernetes_executor.py for tasks to queue
[2023-09-29T18:19:07.424+0000] {logging_mixin.py:151} INFO - [2023-09-29T18:19:07.423+0000] {dagbag.py:539} INFO - Filling up the DagBag from /home/airflow/.local/lib/python3.8/site-packages/airflow/example_dags/example_kubernetes_executor.py
[2023-09-29T18:19:07.707+0000] {processor.py:839} INFO - DAG(s) dict_keys(['example_kubernetes_executor']) retrieved from /home/airflow/.local/lib/python3.8/site-packages/airflow/example_dags/example_kubernetes_executor.py
[2023-09-29T18:19:07.738+0000] {logging_mixin.py:151} INFO - [2023-09-29T18:19:07.738+0000] {dag.py:2915} INFO - Sync 1 DAGs
[2023-09-29T18:19:07.747+0000] {logging_mixin.py:151} INFO - [2023-09-29T18:19:07.747+0000] {dag.py:3696} INFO - Setting next_dagrun for example_kubernetes_executor to None, run_after=None
[2023-09-29T18:19:07.759+0000] {processor.py:179} INFO - Processing /home/airflow/.local/lib/python3.8/site-packages/airflow/example_dags/example_kubernetes_executor.py took 0.349 seconds
[2023-09-29T18:19:38.026+0000] {processor.py:157} INFO - Started process (PID=1385) to work on /home/airflow/.local/lib/python3.8/site-packages/airflow/example_dags/example_kubernetes_executor.py
[2023-09-29T18:19:38.028+0000] {processor.py:829} INFO - Processing file /home/airflow/.local/lib/python3.8/site-packages/airflow/example_dags/example_kubernetes_executor.py for tasks to queue
[2023-09-29T18:19:38.030+0000] {logging_mixin.py:151} INFO - [2023-09-29T18:19:38.030+0000] {dagbag.py:539} INFO - Filling up the DagBag from /home/airflow/.local/lib/python3.8/site-packages/airflow/example_dags/example_kubernetes_executor.py
[2023-09-29T18:19:38.330+0000] {processor.py:839} INFO - DAG(s) dict_keys(['example_kubernetes_executor']) retrieved from /home/airflow/.local/lib/python3.8/site-packages/airflow/example_dags/example_kubernetes_executor.py
[2023-09-29T18:19:38.361+0000] {logging_mixin.py:151} INFO - [2023-09-29T18:19:38.361+0000] {dag.py:2915} INFO - Sync 1 DAGs
[2023-09-29T18:19:38.371+0000] {logging_mixin.py:151} INFO - [2023-09-29T18:19:38.371+0000] {dag.py:3696} INFO - Setting next_dagrun for example_kubernetes_executor to None, run_after=None
[2023-09-29T18:19:38.387+0000] {processor.py:179} INFO - Processing /home/airflow/.local/lib/python3.8/site-packages/airflow/example_dags/example_kubernetes_executor.py took 0.367 seconds
[2023-09-29T18:20:08.586+0000] {processor.py:157} INFO - Started process (PID=1440) to work on /home/airflow/.local/lib/python3.8/site-packages/airflow/example_dags/example_kubernetes_executor.py
[2023-09-29T18:20:08.588+0000] {processor.py:829} INFO - Processing file /home/airflow/.local/lib/python3.8/site-packages/airflow/example_dags/example_kubernetes_executor.py for tasks to queue
[2023-09-29T18:20:08.591+0000] {logging_mixin.py:151} INFO - [2023-09-29T18:20:08.591+0000] {dagbag.py:539} INFO - Filling up the DagBag from /home/airflow/.local/lib/python3.8/site-packages/airflow/example_dags/example_kubernetes_executor.py
[2023-09-29T18:20:08.896+0000] {processor.py:839} INFO - DAG(s) dict_keys(['example_kubernetes_executor']) retrieved from /home/airflow/.local/lib/python3.8/site-packages/airflow/example_dags/example_kubernetes_executor.py
[2023-09-29T18:20:08.926+0000] {logging_mixin.py:151} INFO - [2023-09-29T18:20:08.926+0000] {dag.py:2915} INFO - Sync 1 DAGs
[2023-09-29T18:20:08.939+0000] {logging_mixin.py:151} INFO - [2023-09-29T18:20:08.939+0000] {dag.py:3696} INFO - Setting next_dagrun for example_kubernetes_executor to None, run_after=None
[2023-09-29T18:20:08.963+0000] {processor.py:179} INFO - Processing /home/airflow/.local/lib/python3.8/site-packages/airflow/example_dags/example_kubernetes_executor.py took 0.382 seconds
[2023-09-29T18:20:39.037+0000] {processor.py:157} INFO - Started process (PID=1496) to work on /home/airflow/.local/lib/python3.8/site-packages/airflow/example_dags/example_kubernetes_executor.py
[2023-09-29T18:20:39.038+0000] {processor.py:829} INFO - Processing file /home/airflow/.local/lib/python3.8/site-packages/airflow/example_dags/example_kubernetes_executor.py for tasks to queue
[2023-09-29T18:20:39.040+0000] {logging_mixin.py:151} INFO - [2023-09-29T18:20:39.040+0000] {dagbag.py:539} INFO - Filling up the DagBag from /home/airflow/.local/lib/python3.8/site-packages/airflow/example_dags/example_kubernetes_executor.py
[2023-09-29T18:20:39.334+0000] {processor.py:839} INFO - DAG(s) dict_keys(['example_kubernetes_executor']) retrieved from /home/airflow/.local/lib/python3.8/site-packages/airflow/example_dags/example_kubernetes_executor.py
[2023-09-29T18:20:39.366+0000] {logging_mixin.py:151} INFO - [2023-09-29T18:20:39.366+0000] {dag.py:2915} INFO - Sync 1 DAGs
[2023-09-29T18:20:39.376+0000] {logging_mixin.py:151} INFO - [2023-09-29T18:20:39.375+0000] {dag.py:3696} INFO - Setting next_dagrun for example_kubernetes_executor to None, run_after=None
[2023-09-29T18:20:39.391+0000] {processor.py:179} INFO - Processing /home/airflow/.local/lib/python3.8/site-packages/airflow/example_dags/example_kubernetes_executor.py took 0.359 seconds
[2023-09-29T18:21:09.442+0000] {processor.py:157} INFO - Started process (PID=1554) to work on /home/airflow/.local/lib/python3.8/site-packages/airflow/example_dags/example_kubernetes_executor.py
[2023-09-29T18:21:09.443+0000] {processor.py:829} INFO - Processing file /home/airflow/.local/lib/python3.8/site-packages/airflow/example_dags/example_kubernetes_executor.py for tasks to queue
[2023-09-29T18:21:09.445+0000] {logging_mixin.py:151} INFO - [2023-09-29T18:21:09.444+0000] {dagbag.py:539} INFO - Filling up the DagBag from /home/airflow/.local/lib/python3.8/site-packages/airflow/example_dags/example_kubernetes_executor.py
[2023-09-29T18:21:09.764+0000] {processor.py:839} INFO - DAG(s) dict_keys(['example_kubernetes_executor']) retrieved from /home/airflow/.local/lib/python3.8/site-packages/airflow/example_dags/example_kubernetes_executor.py
[2023-09-29T18:21:09.800+0000] {logging_mixin.py:151} INFO - [2023-09-29T18:21:09.800+0000] {dag.py:2915} INFO - Sync 1 DAGs
[2023-09-29T18:21:09.810+0000] {logging_mixin.py:151} INFO - [2023-09-29T18:21:09.810+0000] {dag.py:3696} INFO - Setting next_dagrun for example_kubernetes_executor to None, run_after=None
[2023-09-29T18:21:09.823+0000] {processor.py:179} INFO - Processing /home/airflow/.local/lib/python3.8/site-packages/airflow/example_dags/example_kubernetes_executor.py took 0.384 seconds
[2023-09-29T18:21:39.873+0000] {processor.py:157} INFO - Started process (PID=1611) to work on /home/airflow/.local/lib/python3.8/site-packages/airflow/example_dags/example_kubernetes_executor.py
[2023-09-29T18:21:39.874+0000] {processor.py:829} INFO - Processing file /home/airflow/.local/lib/python3.8/site-packages/airflow/example_dags/example_kubernetes_executor.py for tasks to queue
[2023-09-29T18:21:39.877+0000] {logging_mixin.py:151} INFO - [2023-09-29T18:21:39.877+0000] {dagbag.py:539} INFO - Filling up the DagBag from /home/airflow/.local/lib/python3.8/site-packages/airflow/example_dags/example_kubernetes_executor.py
[2023-09-29T18:21:40.207+0000] {processor.py:839} INFO - DAG(s) dict_keys(['example_kubernetes_executor']) retrieved from /home/airflow/.local/lib/python3.8/site-packages/airflow/example_dags/example_kubernetes_executor.py
[2023-09-29T18:21:40.243+0000] {logging_mixin.py:151} INFO - [2023-09-29T18:21:40.242+0000] {dag.py:2915} INFO - Sync 1 DAGs
[2023-09-29T18:21:40.254+0000] {logging_mixin.py:151} INFO - [2023-09-29T18:21:40.254+0000] {dag.py:3696} INFO - Setting next_dagrun for example_kubernetes_executor to None, run_after=None
[2023-09-29T18:21:40.267+0000] {processor.py:179} INFO - Processing /home/airflow/.local/lib/python3.8/site-packages/airflow/example_dags/example_kubernetes_executor.py took 0.398 seconds
[2023-09-29T18:22:10.459+0000] {processor.py:157} INFO - Started process (PID=1662) to work on /home/airflow/.local/lib/python3.8/site-packages/airflow/example_dags/example_kubernetes_executor.py
[2023-09-29T18:22:10.460+0000] {processor.py:829} INFO - Processing file /home/airflow/.local/lib/python3.8/site-packages/airflow/example_dags/example_kubernetes_executor.py for tasks to queue
[2023-09-29T18:22:10.462+0000] {logging_mixin.py:151} INFO - [2023-09-29T18:22:10.462+0000] {dagbag.py:539} INFO - Filling up the DagBag from /home/airflow/.local/lib/python3.8/site-packages/airflow/example_dags/example_kubernetes_executor.py
[2023-09-29T18:22:10.702+0000] {processor.py:839} INFO - DAG(s) dict_keys(['example_kubernetes_executor']) retrieved from /home/airflow/.local/lib/python3.8/site-packages/airflow/example_dags/example_kubernetes_executor.py
[2023-09-29T18:22:10.735+0000] {logging_mixin.py:151} INFO - [2023-09-29T18:22:10.734+0000] {dag.py:2915} INFO - Sync 1 DAGs
[2023-09-29T18:22:10.744+0000] {logging_mixin.py:151} INFO - [2023-09-29T18:22:10.744+0000] {dag.py:3696} INFO - Setting next_dagrun for example_kubernetes_executor to None, run_after=None
[2023-09-29T18:22:10.757+0000] {processor.py:179} INFO - Processing /home/airflow/.local/lib/python3.8/site-packages/airflow/example_dags/example_kubernetes_executor.py took 0.302 seconds
[2023-09-29T18:22:40.893+0000] {processor.py:157} INFO - Started process (PID=1720) to work on /home/airflow/.local/lib/python3.8/site-packages/airflow/example_dags/example_kubernetes_executor.py
[2023-09-29T18:22:40.894+0000] {processor.py:829} INFO - Processing file /home/airflow/.local/lib/python3.8/site-packages/airflow/example_dags/example_kubernetes_executor.py for tasks to queue
[2023-09-29T18:22:40.896+0000] {logging_mixin.py:151} INFO - [2023-09-29T18:22:40.896+0000] {dagbag.py:539} INFO - Filling up the DagBag from /home/airflow/.local/lib/python3.8/site-packages/airflow/example_dags/example_kubernetes_executor.py
[2023-09-29T18:22:41.215+0000] {processor.py:839} INFO - DAG(s) dict_keys(['example_kubernetes_executor']) retrieved from /home/airflow/.local/lib/python3.8/site-packages/airflow/example_dags/example_kubernetes_executor.py
[2023-09-29T18:22:41.258+0000] {logging_mixin.py:151} INFO - [2023-09-29T18:22:41.257+0000] {dag.py:2915} INFO - Sync 1 DAGs
[2023-09-29T18:22:41.271+0000] {logging_mixin.py:151} INFO - [2023-09-29T18:22:41.271+0000] {dag.py:3696} INFO - Setting next_dagrun for example_kubernetes_executor to None, run_after=None
[2023-09-29T18:22:41.291+0000] {processor.py:179} INFO - Processing /home/airflow/.local/lib/python3.8/site-packages/airflow/example_dags/example_kubernetes_executor.py took 0.401 seconds
[2023-09-29T18:23:11.788+0000] {processor.py:157} INFO - Started process (PID=1773) to work on /home/airflow/.local/lib/python3.8/site-packages/airflow/example_dags/example_kubernetes_executor.py
[2023-09-29T18:23:11.790+0000] {processor.py:829} INFO - Processing file /home/airflow/.local/lib/python3.8/site-packages/airflow/example_dags/example_kubernetes_executor.py for tasks to queue
[2023-09-29T18:23:11.792+0000] {logging_mixin.py:151} INFO - [2023-09-29T18:23:11.792+0000] {dagbag.py:539} INFO - Filling up the DagBag from /home/airflow/.local/lib/python3.8/site-packages/airflow/example_dags/example_kubernetes_executor.py
[2023-09-29T18:23:12.062+0000] {processor.py:839} INFO - DAG(s) dict_keys(['example_kubernetes_executor']) retrieved from /home/airflow/.local/lib/python3.8/site-packages/airflow/example_dags/example_kubernetes_executor.py
[2023-09-29T18:23:12.108+0000] {logging_mixin.py:151} INFO - [2023-09-29T18:23:12.108+0000] {dag.py:2915} INFO - Sync 1 DAGs
[2023-09-29T18:23:12.121+0000] {logging_mixin.py:151} INFO - [2023-09-29T18:23:12.121+0000] {dag.py:3696} INFO - Setting next_dagrun for example_kubernetes_executor to None, run_after=None
[2023-09-29T18:23:12.137+0000] {processor.py:179} INFO - Processing /home/airflow/.local/lib/python3.8/site-packages/airflow/example_dags/example_kubernetes_executor.py took 0.353 seconds
[2023-09-29T18:23:42.213+0000] {processor.py:157} INFO - Started process (PID=1831) to work on /home/airflow/.local/lib/python3.8/site-packages/airflow/example_dags/example_kubernetes_executor.py
[2023-09-29T18:23:42.214+0000] {processor.py:829} INFO - Processing file /home/airflow/.local/lib/python3.8/site-packages/airflow/example_dags/example_kubernetes_executor.py for tasks to queue
[2023-09-29T18:23:42.216+0000] {logging_mixin.py:151} INFO - [2023-09-29T18:23:42.216+0000] {dagbag.py:539} INFO - Filling up the DagBag from /home/airflow/.local/lib/python3.8/site-packages/airflow/example_dags/example_kubernetes_executor.py
[2023-09-29T18:23:42.686+0000] {processor.py:839} INFO - DAG(s) dict_keys(['example_kubernetes_executor']) retrieved from /home/airflow/.local/lib/python3.8/site-packages/airflow/example_dags/example_kubernetes_executor.py
[2023-09-29T18:23:42.725+0000] {logging_mixin.py:151} INFO - [2023-09-29T18:23:42.724+0000] {dag.py:2915} INFO - Sync 1 DAGs
[2023-09-29T18:23:42.737+0000] {logging_mixin.py:151} INFO - [2023-09-29T18:23:42.736+0000] {dag.py:3696} INFO - Setting next_dagrun for example_kubernetes_executor to None, run_after=None
[2023-09-29T18:23:42.750+0000] {processor.py:179} INFO - Processing /home/airflow/.local/lib/python3.8/site-packages/airflow/example_dags/example_kubernetes_executor.py took 0.541 seconds
[2023-09-29T18:24:13.602+0000] {processor.py:157} INFO - Started process (PID=1887) to work on /home/airflow/.local/lib/python3.8/site-packages/airflow/example_dags/example_kubernetes_executor.py
[2023-09-29T18:24:13.604+0000] {processor.py:829} INFO - Processing file /home/airflow/.local/lib/python3.8/site-packages/airflow/example_dags/example_kubernetes_executor.py for tasks to queue
[2023-09-29T18:24:13.609+0000] {logging_mixin.py:151} INFO - [2023-09-29T18:24:13.608+0000] {dagbag.py:539} INFO - Filling up the DagBag from /home/airflow/.local/lib/python3.8/site-packages/airflow/example_dags/example_kubernetes_executor.py
[2023-09-29T18:24:13.861+0000] {processor.py:839} INFO - DAG(s) dict_keys(['example_kubernetes_executor']) retrieved from /home/airflow/.local/lib/python3.8/site-packages/airflow/example_dags/example_kubernetes_executor.py
[2023-09-29T18:24:13.891+0000] {logging_mixin.py:151} INFO - [2023-09-29T18:24:13.891+0000] {dag.py:2915} INFO - Sync 1 DAGs
[2023-09-29T18:24:13.900+0000] {logging_mixin.py:151} INFO - [2023-09-29T18:24:13.900+0000] {dag.py:3696} INFO - Setting next_dagrun for example_kubernetes_executor to None, run_after=None
[2023-09-29T18:24:13.912+0000] {processor.py:179} INFO - Processing /home/airflow/.local/lib/python3.8/site-packages/airflow/example_dags/example_kubernetes_executor.py took 0.316 seconds
[2023-09-29T18:24:43.988+0000] {processor.py:157} INFO - Started process (PID=1942) to work on /home/airflow/.local/lib/python3.8/site-packages/airflow/example_dags/example_kubernetes_executor.py
[2023-09-29T18:24:43.990+0000] {processor.py:829} INFO - Processing file /home/airflow/.local/lib/python3.8/site-packages/airflow/example_dags/example_kubernetes_executor.py for tasks to queue
[2023-09-29T18:24:43.996+0000] {logging_mixin.py:151} INFO - [2023-09-29T18:24:43.995+0000] {dagbag.py:539} INFO - Filling up the DagBag from /home/airflow/.local/lib/python3.8/site-packages/airflow/example_dags/example_kubernetes_executor.py
[2023-09-29T18:24:44.309+0000] {processor.py:839} INFO - DAG(s) dict_keys(['example_kubernetes_executor']) retrieved from /home/airflow/.local/lib/python3.8/site-packages/airflow/example_dags/example_kubernetes_executor.py
[2023-09-29T18:24:44.343+0000] {logging_mixin.py:151} INFO - [2023-09-29T18:24:44.342+0000] {dag.py:2915} INFO - Sync 1 DAGs
[2023-09-29T18:24:44.353+0000] {logging_mixin.py:151} INFO - [2023-09-29T18:24:44.353+0000] {dag.py:3696} INFO - Setting next_dagrun for example_kubernetes_executor to None, run_after=None
[2023-09-29T18:24:44.365+0000] {processor.py:179} INFO - Processing /home/airflow/.local/lib/python3.8/site-packages/airflow/example_dags/example_kubernetes_executor.py took 0.383 seconds
[2023-09-29T18:25:14.446+0000] {processor.py:157} INFO - Started process (PID=2001) to work on /home/airflow/.local/lib/python3.8/site-packages/airflow/example_dags/example_kubernetes_executor.py
[2023-09-29T18:25:14.447+0000] {processor.py:829} INFO - Processing file /home/airflow/.local/lib/python3.8/site-packages/airflow/example_dags/example_kubernetes_executor.py for tasks to queue
[2023-09-29T18:25:14.448+0000] {logging_mixin.py:151} INFO - [2023-09-29T18:25:14.448+0000] {dagbag.py:539} INFO - Filling up the DagBag from /home/airflow/.local/lib/python3.8/site-packages/airflow/example_dags/example_kubernetes_executor.py
[2023-09-29T18:25:14.678+0000] {processor.py:839} INFO - DAG(s) dict_keys(['example_kubernetes_executor']) retrieved from /home/airflow/.local/lib/python3.8/site-packages/airflow/example_dags/example_kubernetes_executor.py
[2023-09-29T18:25:14.711+0000] {logging_mixin.py:151} INFO - [2023-09-29T18:25:14.711+0000] {dag.py:2915} INFO - Sync 1 DAGs
[2023-09-29T18:25:14.722+0000] {logging_mixin.py:151} INFO - [2023-09-29T18:25:14.722+0000] {dag.py:3696} INFO - Setting next_dagrun for example_kubernetes_executor to None, run_after=None
[2023-09-29T18:25:14.734+0000] {processor.py:179} INFO - Processing /home/airflow/.local/lib/python3.8/site-packages/airflow/example_dags/example_kubernetes_executor.py took 0.291 seconds
