[2023-09-29T18:07:17.045+0000] {processor.py:157} INFO - Started process (PID=70) to work on /home/airflow/.local/lib/python3.8/site-packages/airflow/example_dags/example_short_circuit_operator.py
[2023-09-29T18:07:17.047+0000] {processor.py:829} INFO - Processing file /home/airflow/.local/lib/python3.8/site-packages/airflow/example_dags/example_short_circuit_operator.py for tasks to queue
[2023-09-29T18:07:17.052+0000] {logging_mixin.py:151} INFO - [2023-09-29T18:07:17.052+0000] {dagbag.py:539} INFO - Filling up the DagBag from /home/airflow/.local/lib/python3.8/site-packages/airflow/example_dags/example_short_circuit_operator.py
[2023-09-29T18:07:17.150+0000] {processor.py:839} INFO - DAG(s) dict_keys(['example_short_circuit_operator']) retrieved from /home/airflow/.local/lib/python3.8/site-packages/airflow/example_dags/example_short_circuit_operator.py
[2023-09-29T18:07:17.305+0000] {logging_mixin.py:151} INFO - [2023-09-29T18:07:17.304+0000] {dag.py:2915} INFO - Sync 1 DAGs
[2023-09-29T18:07:17.544+0000] {logging_mixin.py:151} INFO - [2023-09-29T18:07:17.544+0000] {dag.py:3696} INFO - Setting next_dagrun for example_short_circuit_operator to 2023-09-28T18:07:17.543732+00:00, run_after=2023-09-29T18:07:17.543732+00:00
[2023-09-29T18:07:17.580+0000] {processor.py:179} INFO - Processing /home/airflow/.local/lib/python3.8/site-packages/airflow/example_dags/example_short_circuit_operator.py took 0.540 seconds
[2023-09-29T18:07:54.268+0000] {processor.py:157} INFO - Started process (PID=124) to work on /home/airflow/.local/lib/python3.8/site-packages/airflow/example_dags/example_short_circuit_operator.py
[2023-09-29T18:07:54.269+0000] {processor.py:829} INFO - Processing file /home/airflow/.local/lib/python3.8/site-packages/airflow/example_dags/example_short_circuit_operator.py for tasks to queue
[2023-09-29T18:07:54.273+0000] {logging_mixin.py:151} INFO - [2023-09-29T18:07:54.273+0000] {dagbag.py:539} INFO - Filling up the DagBag from /home/airflow/.local/lib/python3.8/site-packages/airflow/example_dags/example_short_circuit_operator.py
[2023-09-29T18:07:54.305+0000] {processor.py:839} INFO - DAG(s) dict_keys(['example_short_circuit_operator']) retrieved from /home/airflow/.local/lib/python3.8/site-packages/airflow/example_dags/example_short_circuit_operator.py
[2023-09-29T18:07:54.349+0000] {logging_mixin.py:151} INFO - [2023-09-29T18:07:54.348+0000] {dag.py:2915} INFO - Sync 1 DAGs
[2023-09-29T18:07:54.382+0000] {logging_mixin.py:151} INFO - [2023-09-29T18:07:54.382+0000] {dag.py:3696} INFO - Setting next_dagrun for example_short_circuit_operator to 2023-09-28T18:07:54.381717+00:00, run_after=2023-09-29T18:07:54.381717+00:00
[2023-09-29T18:07:54.415+0000] {processor.py:179} INFO - Processing /home/airflow/.local/lib/python3.8/site-packages/airflow/example_dags/example_short_circuit_operator.py took 0.155 seconds
[2023-09-29T18:08:24.490+0000] {processor.py:157} INFO - Started process (PID=178) to work on /home/airflow/.local/lib/python3.8/site-packages/airflow/example_dags/example_short_circuit_operator.py
[2023-09-29T18:08:24.491+0000] {processor.py:829} INFO - Processing file /home/airflow/.local/lib/python3.8/site-packages/airflow/example_dags/example_short_circuit_operator.py for tasks to queue
[2023-09-29T18:08:24.493+0000] {logging_mixin.py:151} INFO - [2023-09-29T18:08:24.493+0000] {dagbag.py:539} INFO - Filling up the DagBag from /home/airflow/.local/lib/python3.8/site-packages/airflow/example_dags/example_short_circuit_operator.py
[2023-09-29T18:08:24.499+0000] {processor.py:839} INFO - DAG(s) dict_keys(['example_short_circuit_operator']) retrieved from /home/airflow/.local/lib/python3.8/site-packages/airflow/example_dags/example_short_circuit_operator.py
[2023-09-29T18:08:24.517+0000] {logging_mixin.py:151} INFO - [2023-09-29T18:08:24.517+0000] {dag.py:2915} INFO - Sync 1 DAGs
[2023-09-29T18:08:24.532+0000] {logging_mixin.py:151} INFO - [2023-09-29T18:08:24.532+0000] {dag.py:3696} INFO - Setting next_dagrun for example_short_circuit_operator to 2023-09-28T18:08:24.532093+00:00, run_after=2023-09-29T18:08:24.532093+00:00
[2023-09-29T18:08:24.543+0000] {processor.py:179} INFO - Processing /home/airflow/.local/lib/python3.8/site-packages/airflow/example_dags/example_short_circuit_operator.py took 0.056 seconds
[2023-09-29T18:08:54.610+0000] {processor.py:157} INFO - Started process (PID=233) to work on /home/airflow/.local/lib/python3.8/site-packages/airflow/example_dags/example_short_circuit_operator.py
[2023-09-29T18:08:54.611+0000] {processor.py:829} INFO - Processing file /home/airflow/.local/lib/python3.8/site-packages/airflow/example_dags/example_short_circuit_operator.py for tasks to queue
[2023-09-29T18:08:54.613+0000] {logging_mixin.py:151} INFO - [2023-09-29T18:08:54.613+0000] {dagbag.py:539} INFO - Filling up the DagBag from /home/airflow/.local/lib/python3.8/site-packages/airflow/example_dags/example_short_circuit_operator.py
[2023-09-29T18:08:54.619+0000] {processor.py:839} INFO - DAG(s) dict_keys(['example_short_circuit_operator']) retrieved from /home/airflow/.local/lib/python3.8/site-packages/airflow/example_dags/example_short_circuit_operator.py
[2023-09-29T18:08:54.637+0000] {logging_mixin.py:151} INFO - [2023-09-29T18:08:54.637+0000] {dag.py:2915} INFO - Sync 1 DAGs
[2023-09-29T18:08:54.652+0000] {logging_mixin.py:151} INFO - [2023-09-29T18:08:54.652+0000] {dag.py:3696} INFO - Setting next_dagrun for example_short_circuit_operator to 2023-09-28T18:08:54.651935+00:00, run_after=2023-09-29T18:08:54.651935+00:00
[2023-09-29T18:08:54.663+0000] {processor.py:179} INFO - Processing /home/airflow/.local/lib/python3.8/site-packages/airflow/example_dags/example_short_circuit_operator.py took 0.056 seconds
[2023-09-29T18:09:25.605+0000] {processor.py:157} INFO - Started process (PID=288) to work on /home/airflow/.local/lib/python3.8/site-packages/airflow/example_dags/example_short_circuit_operator.py
[2023-09-29T18:09:25.607+0000] {processor.py:829} INFO - Processing file /home/airflow/.local/lib/python3.8/site-packages/airflow/example_dags/example_short_circuit_operator.py for tasks to queue
[2023-09-29T18:09:25.609+0000] {logging_mixin.py:151} INFO - [2023-09-29T18:09:25.609+0000] {dagbag.py:539} INFO - Filling up the DagBag from /home/airflow/.local/lib/python3.8/site-packages/airflow/example_dags/example_short_circuit_operator.py
[2023-09-29T18:09:25.616+0000] {processor.py:839} INFO - DAG(s) dict_keys(['example_short_circuit_operator']) retrieved from /home/airflow/.local/lib/python3.8/site-packages/airflow/example_dags/example_short_circuit_operator.py
[2023-09-29T18:09:25.633+0000] {logging_mixin.py:151} INFO - [2023-09-29T18:09:25.633+0000] {dag.py:2915} INFO - Sync 1 DAGs
[2023-09-29T18:09:25.649+0000] {logging_mixin.py:151} INFO - [2023-09-29T18:09:25.649+0000] {dag.py:3696} INFO - Setting next_dagrun for example_short_circuit_operator to 2023-09-28T18:09:25.649086+00:00, run_after=2023-09-29T18:09:25.649086+00:00
[2023-09-29T18:09:25.660+0000] {processor.py:179} INFO - Processing /home/airflow/.local/lib/python3.8/site-packages/airflow/example_dags/example_short_circuit_operator.py took 0.060 seconds
[2023-09-29T18:09:56.225+0000] {processor.py:157} INFO - Started process (PID=343) to work on /home/airflow/.local/lib/python3.8/site-packages/airflow/example_dags/example_short_circuit_operator.py
[2023-09-29T18:09:56.226+0000] {processor.py:829} INFO - Processing file /home/airflow/.local/lib/python3.8/site-packages/airflow/example_dags/example_short_circuit_operator.py for tasks to queue
[2023-09-29T18:09:56.228+0000] {logging_mixin.py:151} INFO - [2023-09-29T18:09:56.228+0000] {dagbag.py:539} INFO - Filling up the DagBag from /home/airflow/.local/lib/python3.8/site-packages/airflow/example_dags/example_short_circuit_operator.py
[2023-09-29T18:09:56.234+0000] {processor.py:839} INFO - DAG(s) dict_keys(['example_short_circuit_operator']) retrieved from /home/airflow/.local/lib/python3.8/site-packages/airflow/example_dags/example_short_circuit_operator.py
[2023-09-29T18:09:56.252+0000] {logging_mixin.py:151} INFO - [2023-09-29T18:09:56.252+0000] {dag.py:2915} INFO - Sync 1 DAGs
[2023-09-29T18:09:56.271+0000] {logging_mixin.py:151} INFO - [2023-09-29T18:09:56.270+0000] {dag.py:3696} INFO - Setting next_dagrun for example_short_circuit_operator to 2023-09-28T18:09:56.270769+00:00, run_after=2023-09-29T18:09:56.270769+00:00
[2023-09-29T18:09:56.282+0000] {processor.py:179} INFO - Processing /home/airflow/.local/lib/python3.8/site-packages/airflow/example_dags/example_short_circuit_operator.py took 0.059 seconds
[2023-09-29T18:10:27.199+0000] {processor.py:157} INFO - Started process (PID=398) to work on /home/airflow/.local/lib/python3.8/site-packages/airflow/example_dags/example_short_circuit_operator.py
[2023-09-29T18:10:27.200+0000] {processor.py:829} INFO - Processing file /home/airflow/.local/lib/python3.8/site-packages/airflow/example_dags/example_short_circuit_operator.py for tasks to queue
[2023-09-29T18:10:27.203+0000] {logging_mixin.py:151} INFO - [2023-09-29T18:10:27.202+0000] {dagbag.py:539} INFO - Filling up the DagBag from /home/airflow/.local/lib/python3.8/site-packages/airflow/example_dags/example_short_circuit_operator.py
[2023-09-29T18:10:27.210+0000] {processor.py:839} INFO - DAG(s) dict_keys(['example_short_circuit_operator']) retrieved from /home/airflow/.local/lib/python3.8/site-packages/airflow/example_dags/example_short_circuit_operator.py
[2023-09-29T18:10:27.231+0000] {logging_mixin.py:151} INFO - [2023-09-29T18:10:27.231+0000] {dag.py:2915} INFO - Sync 1 DAGs
[2023-09-29T18:10:27.251+0000] {logging_mixin.py:151} INFO - [2023-09-29T18:10:27.251+0000] {dag.py:3696} INFO - Setting next_dagrun for example_short_circuit_operator to 2023-09-28T18:10:27.251138+00:00, run_after=2023-09-29T18:10:27.251138+00:00
[2023-09-29T18:10:27.263+0000] {processor.py:179} INFO - Processing /home/airflow/.local/lib/python3.8/site-packages/airflow/example_dags/example_short_circuit_operator.py took 0.066 seconds
[2023-09-29T18:10:57.573+0000] {processor.py:157} INFO - Started process (PID=454) to work on /home/airflow/.local/lib/python3.8/site-packages/airflow/example_dags/example_short_circuit_operator.py
[2023-09-29T18:10:57.579+0000] {processor.py:829} INFO - Processing file /home/airflow/.local/lib/python3.8/site-packages/airflow/example_dags/example_short_circuit_operator.py for tasks to queue
[2023-09-29T18:10:57.583+0000] {logging_mixin.py:151} INFO - [2023-09-29T18:10:57.582+0000] {dagbag.py:539} INFO - Filling up the DagBag from /home/airflow/.local/lib/python3.8/site-packages/airflow/example_dags/example_short_circuit_operator.py
[2023-09-29T18:10:57.591+0000] {processor.py:839} INFO - DAG(s) dict_keys(['example_short_circuit_operator']) retrieved from /home/airflow/.local/lib/python3.8/site-packages/airflow/example_dags/example_short_circuit_operator.py
[2023-09-29T18:10:57.608+0000] {logging_mixin.py:151} INFO - [2023-09-29T18:10:57.608+0000] {dag.py:2915} INFO - Sync 1 DAGs
[2023-09-29T18:10:57.624+0000] {logging_mixin.py:151} INFO - [2023-09-29T18:10:57.624+0000] {dag.py:3696} INFO - Setting next_dagrun for example_short_circuit_operator to 2023-09-28T18:10:57.624175+00:00, run_after=2023-09-29T18:10:57.624175+00:00
[2023-09-29T18:10:57.635+0000] {processor.py:179} INFO - Processing /home/airflow/.local/lib/python3.8/site-packages/airflow/example_dags/example_short_circuit_operator.py took 0.065 seconds
[2023-09-29T18:11:28.196+0000] {processor.py:157} INFO - Started process (PID=509) to work on /home/airflow/.local/lib/python3.8/site-packages/airflow/example_dags/example_short_circuit_operator.py
[2023-09-29T18:11:28.197+0000] {processor.py:829} INFO - Processing file /home/airflow/.local/lib/python3.8/site-packages/airflow/example_dags/example_short_circuit_operator.py for tasks to queue
[2023-09-29T18:11:28.199+0000] {logging_mixin.py:151} INFO - [2023-09-29T18:11:28.199+0000] {dagbag.py:539} INFO - Filling up the DagBag from /home/airflow/.local/lib/python3.8/site-packages/airflow/example_dags/example_short_circuit_operator.py
[2023-09-29T18:11:28.205+0000] {processor.py:839} INFO - DAG(s) dict_keys(['example_short_circuit_operator']) retrieved from /home/airflow/.local/lib/python3.8/site-packages/airflow/example_dags/example_short_circuit_operator.py
[2023-09-29T18:11:28.224+0000] {logging_mixin.py:151} INFO - [2023-09-29T18:11:28.223+0000] {dag.py:2915} INFO - Sync 1 DAGs
[2023-09-29T18:11:28.239+0000] {logging_mixin.py:151} INFO - [2023-09-29T18:11:28.239+0000] {dag.py:3696} INFO - Setting next_dagrun for example_short_circuit_operator to 2023-09-28T18:11:28.239254+00:00, run_after=2023-09-29T18:11:28.239254+00:00
[2023-09-29T18:11:28.250+0000] {processor.py:179} INFO - Processing /home/airflow/.local/lib/python3.8/site-packages/airflow/example_dags/example_short_circuit_operator.py took 0.058 seconds
[2023-09-29T18:11:59.281+0000] {processor.py:157} INFO - Started process (PID=571) to work on /home/airflow/.local/lib/python3.8/site-packages/airflow/example_dags/example_short_circuit_operator.py
[2023-09-29T18:11:59.282+0000] {processor.py:829} INFO - Processing file /home/airflow/.local/lib/python3.8/site-packages/airflow/example_dags/example_short_circuit_operator.py for tasks to queue
[2023-09-29T18:11:59.285+0000] {logging_mixin.py:151} INFO - [2023-09-29T18:11:59.285+0000] {dagbag.py:539} INFO - Filling up the DagBag from /home/airflow/.local/lib/python3.8/site-packages/airflow/example_dags/example_short_circuit_operator.py
[2023-09-29T18:11:59.292+0000] {processor.py:839} INFO - DAG(s) dict_keys(['example_short_circuit_operator']) retrieved from /home/airflow/.local/lib/python3.8/site-packages/airflow/example_dags/example_short_circuit_operator.py
[2023-09-29T18:11:59.309+0000] {logging_mixin.py:151} INFO - [2023-09-29T18:11:59.309+0000] {dag.py:2915} INFO - Sync 1 DAGs
[2023-09-29T18:11:59.324+0000] {logging_mixin.py:151} INFO - [2023-09-29T18:11:59.324+0000] {dag.py:3696} INFO - Setting next_dagrun for example_short_circuit_operator to 2023-09-28T18:11:59.324469+00:00, run_after=2023-09-29T18:11:59.324469+00:00
[2023-09-29T18:11:59.335+0000] {processor.py:179} INFO - Processing /home/airflow/.local/lib/python3.8/site-packages/airflow/example_dags/example_short_circuit_operator.py took 0.057 seconds
[2023-09-29T18:12:30.191+0000] {processor.py:157} INFO - Started process (PID=627) to work on /home/airflow/.local/lib/python3.8/site-packages/airflow/example_dags/example_short_circuit_operator.py
[2023-09-29T18:12:30.192+0000] {processor.py:829} INFO - Processing file /home/airflow/.local/lib/python3.8/site-packages/airflow/example_dags/example_short_circuit_operator.py for tasks to queue
[2023-09-29T18:12:30.194+0000] {logging_mixin.py:151} INFO - [2023-09-29T18:12:30.194+0000] {dagbag.py:539} INFO - Filling up the DagBag from /home/airflow/.local/lib/python3.8/site-packages/airflow/example_dags/example_short_circuit_operator.py
[2023-09-29T18:12:30.200+0000] {processor.py:839} INFO - DAG(s) dict_keys(['example_short_circuit_operator']) retrieved from /home/airflow/.local/lib/python3.8/site-packages/airflow/example_dags/example_short_circuit_operator.py
[2023-09-29T18:12:30.217+0000] {logging_mixin.py:151} INFO - [2023-09-29T18:12:30.216+0000] {dag.py:2915} INFO - Sync 1 DAGs
[2023-09-29T18:12:30.231+0000] {logging_mixin.py:151} INFO - [2023-09-29T18:12:30.231+0000] {dag.py:3696} INFO - Setting next_dagrun for example_short_circuit_operator to 2023-09-28T18:12:30.231398+00:00, run_after=2023-09-29T18:12:30.231398+00:00
[2023-09-29T18:12:30.242+0000] {processor.py:179} INFO - Processing /home/airflow/.local/lib/python3.8/site-packages/airflow/example_dags/example_short_circuit_operator.py took 0.054 seconds
[2023-09-29T18:13:01.231+0000] {processor.py:157} INFO - Started process (PID=682) to work on /home/airflow/.local/lib/python3.8/site-packages/airflow/example_dags/example_short_circuit_operator.py
[2023-09-29T18:13:01.232+0000] {processor.py:829} INFO - Processing file /home/airflow/.local/lib/python3.8/site-packages/airflow/example_dags/example_short_circuit_operator.py for tasks to queue
[2023-09-29T18:13:01.234+0000] {logging_mixin.py:151} INFO - [2023-09-29T18:13:01.233+0000] {dagbag.py:539} INFO - Filling up the DagBag from /home/airflow/.local/lib/python3.8/site-packages/airflow/example_dags/example_short_circuit_operator.py
[2023-09-29T18:13:01.240+0000] {processor.py:839} INFO - DAG(s) dict_keys(['example_short_circuit_operator']) retrieved from /home/airflow/.local/lib/python3.8/site-packages/airflow/example_dags/example_short_circuit_operator.py
[2023-09-29T18:13:01.258+0000] {logging_mixin.py:151} INFO - [2023-09-29T18:13:01.258+0000] {dag.py:2915} INFO - Sync 1 DAGs
[2023-09-29T18:13:01.278+0000] {logging_mixin.py:151} INFO - [2023-09-29T18:13:01.277+0000] {dag.py:3696} INFO - Setting next_dagrun for example_short_circuit_operator to 2023-09-28T18:13:01.277646+00:00, run_after=2023-09-29T18:13:01.277646+00:00
[2023-09-29T18:13:01.292+0000] {processor.py:179} INFO - Processing /home/airflow/.local/lib/python3.8/site-packages/airflow/example_dags/example_short_circuit_operator.py took 0.064 seconds
[2023-09-29T18:13:31.762+0000] {processor.py:157} INFO - Started process (PID=737) to work on /home/airflow/.local/lib/python3.8/site-packages/airflow/example_dags/example_short_circuit_operator.py
[2023-09-29T18:13:31.763+0000] {processor.py:829} INFO - Processing file /home/airflow/.local/lib/python3.8/site-packages/airflow/example_dags/example_short_circuit_operator.py for tasks to queue
[2023-09-29T18:13:31.765+0000] {logging_mixin.py:151} INFO - [2023-09-29T18:13:31.764+0000] {dagbag.py:539} INFO - Filling up the DagBag from /home/airflow/.local/lib/python3.8/site-packages/airflow/example_dags/example_short_circuit_operator.py
[2023-09-29T18:13:31.770+0000] {processor.py:839} INFO - DAG(s) dict_keys(['example_short_circuit_operator']) retrieved from /home/airflow/.local/lib/python3.8/site-packages/airflow/example_dags/example_short_circuit_operator.py
[2023-09-29T18:13:31.787+0000] {logging_mixin.py:151} INFO - [2023-09-29T18:13:31.787+0000] {dag.py:2915} INFO - Sync 1 DAGs
[2023-09-29T18:13:31.803+0000] {logging_mixin.py:151} INFO - [2023-09-29T18:13:31.803+0000] {dag.py:3696} INFO - Setting next_dagrun for example_short_circuit_operator to 2023-09-28T18:13:31.803088+00:00, run_after=2023-09-29T18:13:31.803088+00:00
[2023-09-29T18:13:31.814+0000] {processor.py:179} INFO - Processing /home/airflow/.local/lib/python3.8/site-packages/airflow/example_dags/example_short_circuit_operator.py took 0.055 seconds
[2023-09-29T18:14:02.922+0000] {processor.py:157} INFO - Started process (PID=791) to work on /home/airflow/.local/lib/python3.8/site-packages/airflow/example_dags/example_short_circuit_operator.py
[2023-09-29T18:14:02.923+0000] {processor.py:829} INFO - Processing file /home/airflow/.local/lib/python3.8/site-packages/airflow/example_dags/example_short_circuit_operator.py for tasks to queue
[2023-09-29T18:14:02.926+0000] {logging_mixin.py:151} INFO - [2023-09-29T18:14:02.926+0000] {dagbag.py:539} INFO - Filling up the DagBag from /home/airflow/.local/lib/python3.8/site-packages/airflow/example_dags/example_short_circuit_operator.py
[2023-09-29T18:14:02.933+0000] {processor.py:839} INFO - DAG(s) dict_keys(['example_short_circuit_operator']) retrieved from /home/airflow/.local/lib/python3.8/site-packages/airflow/example_dags/example_short_circuit_operator.py
[2023-09-29T18:14:02.953+0000] {logging_mixin.py:151} INFO - [2023-09-29T18:14:02.953+0000] {dag.py:2915} INFO - Sync 1 DAGs
[2023-09-29T18:14:02.968+0000] {logging_mixin.py:151} INFO - [2023-09-29T18:14:02.968+0000] {dag.py:3696} INFO - Setting next_dagrun for example_short_circuit_operator to 2023-09-28T18:14:02.968317+00:00, run_after=2023-09-29T18:14:02.968317+00:00
[2023-09-29T18:14:02.985+0000] {processor.py:179} INFO - Processing /home/airflow/.local/lib/python3.8/site-packages/airflow/example_dags/example_short_circuit_operator.py took 0.067 seconds
[2023-09-29T18:14:33.286+0000] {processor.py:157} INFO - Started process (PID=846) to work on /home/airflow/.local/lib/python3.8/site-packages/airflow/example_dags/example_short_circuit_operator.py
[2023-09-29T18:14:33.288+0000] {processor.py:829} INFO - Processing file /home/airflow/.local/lib/python3.8/site-packages/airflow/example_dags/example_short_circuit_operator.py for tasks to queue
[2023-09-29T18:14:33.292+0000] {logging_mixin.py:151} INFO - [2023-09-29T18:14:33.291+0000] {dagbag.py:539} INFO - Filling up the DagBag from /home/airflow/.local/lib/python3.8/site-packages/airflow/example_dags/example_short_circuit_operator.py
[2023-09-29T18:14:33.302+0000] {processor.py:839} INFO - DAG(s) dict_keys(['example_short_circuit_operator']) retrieved from /home/airflow/.local/lib/python3.8/site-packages/airflow/example_dags/example_short_circuit_operator.py
[2023-09-29T18:14:33.327+0000] {logging_mixin.py:151} INFO - [2023-09-29T18:14:33.326+0000] {dag.py:2915} INFO - Sync 1 DAGs
[2023-09-29T18:14:33.353+0000] {logging_mixin.py:151} INFO - [2023-09-29T18:14:33.353+0000] {dag.py:3696} INFO - Setting next_dagrun for example_short_circuit_operator to 2023-09-28T18:14:33.353153+00:00, run_after=2023-09-29T18:14:33.353153+00:00
[2023-09-29T18:14:33.367+0000] {processor.py:179} INFO - Processing /home/airflow/.local/lib/python3.8/site-packages/airflow/example_dags/example_short_circuit_operator.py took 0.084 seconds
[2023-09-29T18:15:04.421+0000] {processor.py:157} INFO - Started process (PID=901) to work on /home/airflow/.local/lib/python3.8/site-packages/airflow/example_dags/example_short_circuit_operator.py
[2023-09-29T18:15:04.425+0000] {processor.py:829} INFO - Processing file /home/airflow/.local/lib/python3.8/site-packages/airflow/example_dags/example_short_circuit_operator.py for tasks to queue
[2023-09-29T18:15:04.434+0000] {logging_mixin.py:151} INFO - [2023-09-29T18:15:04.434+0000] {dagbag.py:539} INFO - Filling up the DagBag from /home/airflow/.local/lib/python3.8/site-packages/airflow/example_dags/example_short_circuit_operator.py
[2023-09-29T18:15:04.452+0000] {processor.py:839} INFO - DAG(s) dict_keys(['example_short_circuit_operator']) retrieved from /home/airflow/.local/lib/python3.8/site-packages/airflow/example_dags/example_short_circuit_operator.py
[2023-09-29T18:15:04.481+0000] {logging_mixin.py:151} INFO - [2023-09-29T18:15:04.480+0000] {dag.py:2915} INFO - Sync 1 DAGs
[2023-09-29T18:15:04.501+0000] {logging_mixin.py:151} INFO - [2023-09-29T18:15:04.501+0000] {dag.py:3696} INFO - Setting next_dagrun for example_short_circuit_operator to 2023-09-28T18:15:04.501174+00:00, run_after=2023-09-29T18:15:04.501174+00:00
[2023-09-29T18:15:04.530+0000] {processor.py:179} INFO - Processing /home/airflow/.local/lib/python3.8/site-packages/airflow/example_dags/example_short_circuit_operator.py took 0.114 seconds
[2023-09-29T18:15:34.991+0000] {processor.py:157} INFO - Started process (PID=956) to work on /home/airflow/.local/lib/python3.8/site-packages/airflow/example_dags/example_short_circuit_operator.py
[2023-09-29T18:15:34.992+0000] {processor.py:829} INFO - Processing file /home/airflow/.local/lib/python3.8/site-packages/airflow/example_dags/example_short_circuit_operator.py for tasks to queue
[2023-09-29T18:15:34.995+0000] {logging_mixin.py:151} INFO - [2023-09-29T18:15:34.995+0000] {dagbag.py:539} INFO - Filling up the DagBag from /home/airflow/.local/lib/python3.8/site-packages/airflow/example_dags/example_short_circuit_operator.py
[2023-09-29T18:15:35.003+0000] {processor.py:839} INFO - DAG(s) dict_keys(['example_short_circuit_operator']) retrieved from /home/airflow/.local/lib/python3.8/site-packages/airflow/example_dags/example_short_circuit_operator.py
[2023-09-29T18:15:35.029+0000] {logging_mixin.py:151} INFO - [2023-09-29T18:15:35.029+0000] {dag.py:2915} INFO - Sync 1 DAGs
[2023-09-29T18:15:35.051+0000] {logging_mixin.py:151} INFO - [2023-09-29T18:15:35.050+0000] {dag.py:3696} INFO - Setting next_dagrun for example_short_circuit_operator to 2023-09-28T18:15:35.050584+00:00, run_after=2023-09-29T18:15:35.050584+00:00
[2023-09-29T18:15:35.066+0000] {processor.py:179} INFO - Processing /home/airflow/.local/lib/python3.8/site-packages/airflow/example_dags/example_short_circuit_operator.py took 0.080 seconds
[2023-09-29T18:16:05.698+0000] {processor.py:157} INFO - Started process (PID=1011) to work on /home/airflow/.local/lib/python3.8/site-packages/airflow/example_dags/example_short_circuit_operator.py
[2023-09-29T18:16:05.699+0000] {processor.py:829} INFO - Processing file /home/airflow/.local/lib/python3.8/site-packages/airflow/example_dags/example_short_circuit_operator.py for tasks to queue
[2023-09-29T18:16:05.701+0000] {logging_mixin.py:151} INFO - [2023-09-29T18:16:05.701+0000] {dagbag.py:539} INFO - Filling up the DagBag from /home/airflow/.local/lib/python3.8/site-packages/airflow/example_dags/example_short_circuit_operator.py
[2023-09-29T18:16:05.707+0000] {processor.py:839} INFO - DAG(s) dict_keys(['example_short_circuit_operator']) retrieved from /home/airflow/.local/lib/python3.8/site-packages/airflow/example_dags/example_short_circuit_operator.py
[2023-09-29T18:16:05.725+0000] {logging_mixin.py:151} INFO - [2023-09-29T18:16:05.725+0000] {dag.py:2915} INFO - Sync 1 DAGs
[2023-09-29T18:16:05.741+0000] {logging_mixin.py:151} INFO - [2023-09-29T18:16:05.741+0000] {dag.py:3696} INFO - Setting next_dagrun for example_short_circuit_operator to 2023-09-28T18:16:05.740801+00:00, run_after=2023-09-29T18:16:05.740801+00:00
[2023-09-29T18:16:05.752+0000] {processor.py:179} INFO - Processing /home/airflow/.local/lib/python3.8/site-packages/airflow/example_dags/example_short_circuit_operator.py took 0.057 seconds
[2023-09-29T18:16:36.338+0000] {processor.py:157} INFO - Started process (PID=1066) to work on /home/airflow/.local/lib/python3.8/site-packages/airflow/example_dags/example_short_circuit_operator.py
[2023-09-29T18:16:36.339+0000] {processor.py:829} INFO - Processing file /home/airflow/.local/lib/python3.8/site-packages/airflow/example_dags/example_short_circuit_operator.py for tasks to queue
[2023-09-29T18:16:36.341+0000] {logging_mixin.py:151} INFO - [2023-09-29T18:16:36.341+0000] {dagbag.py:539} INFO - Filling up the DagBag from /home/airflow/.local/lib/python3.8/site-packages/airflow/example_dags/example_short_circuit_operator.py
[2023-09-29T18:16:36.348+0000] {processor.py:839} INFO - DAG(s) dict_keys(['example_short_circuit_operator']) retrieved from /home/airflow/.local/lib/python3.8/site-packages/airflow/example_dags/example_short_circuit_operator.py
[2023-09-29T18:16:36.365+0000] {logging_mixin.py:151} INFO - [2023-09-29T18:16:36.365+0000] {dag.py:2915} INFO - Sync 1 DAGs
[2023-09-29T18:16:36.382+0000] {logging_mixin.py:151} INFO - [2023-09-29T18:16:36.382+0000] {dag.py:3696} INFO - Setting next_dagrun for example_short_circuit_operator to 2023-09-28T18:16:36.382376+00:00, run_after=2023-09-29T18:16:36.382376+00:00
[2023-09-29T18:16:36.399+0000] {processor.py:179} INFO - Processing /home/airflow/.local/lib/python3.8/site-packages/airflow/example_dags/example_short_circuit_operator.py took 0.063 seconds
[2023-09-29T18:17:07.514+0000] {processor.py:157} INFO - Started process (PID=1122) to work on /home/airflow/.local/lib/python3.8/site-packages/airflow/example_dags/example_short_circuit_operator.py
[2023-09-29T18:17:07.516+0000] {processor.py:829} INFO - Processing file /home/airflow/.local/lib/python3.8/site-packages/airflow/example_dags/example_short_circuit_operator.py for tasks to queue
[2023-09-29T18:17:07.519+0000] {logging_mixin.py:151} INFO - [2023-09-29T18:17:07.519+0000] {dagbag.py:539} INFO - Filling up the DagBag from /home/airflow/.local/lib/python3.8/site-packages/airflow/example_dags/example_short_circuit_operator.py
[2023-09-29T18:17:07.526+0000] {processor.py:839} INFO - DAG(s) dict_keys(['example_short_circuit_operator']) retrieved from /home/airflow/.local/lib/python3.8/site-packages/airflow/example_dags/example_short_circuit_operator.py
[2023-09-29T18:17:07.548+0000] {logging_mixin.py:151} INFO - [2023-09-29T18:17:07.547+0000] {dag.py:2915} INFO - Sync 1 DAGs
[2023-09-29T18:17:07.589+0000] {logging_mixin.py:151} INFO - [2023-09-29T18:17:07.589+0000] {dag.py:3696} INFO - Setting next_dagrun for example_short_circuit_operator to 2023-09-28T18:17:07.588829+00:00, run_after=2023-09-29T18:17:07.588829+00:00
[2023-09-29T18:17:07.609+0000] {processor.py:179} INFO - Processing /home/airflow/.local/lib/python3.8/site-packages/airflow/example_dags/example_short_circuit_operator.py took 0.100 seconds
[2023-09-29T18:17:38.396+0000] {processor.py:157} INFO - Started process (PID=1177) to work on /home/airflow/.local/lib/python3.8/site-packages/airflow/example_dags/example_short_circuit_operator.py
[2023-09-29T18:17:38.398+0000] {processor.py:829} INFO - Processing file /home/airflow/.local/lib/python3.8/site-packages/airflow/example_dags/example_short_circuit_operator.py for tasks to queue
[2023-09-29T18:17:38.400+0000] {logging_mixin.py:151} INFO - [2023-09-29T18:17:38.400+0000] {dagbag.py:539} INFO - Filling up the DagBag from /home/airflow/.local/lib/python3.8/site-packages/airflow/example_dags/example_short_circuit_operator.py
[2023-09-29T18:17:38.407+0000] {processor.py:839} INFO - DAG(s) dict_keys(['example_short_circuit_operator']) retrieved from /home/airflow/.local/lib/python3.8/site-packages/airflow/example_dags/example_short_circuit_operator.py
[2023-09-29T18:17:38.425+0000] {logging_mixin.py:151} INFO - [2023-09-29T18:17:38.425+0000] {dag.py:2915} INFO - Sync 1 DAGs
[2023-09-29T18:17:38.441+0000] {logging_mixin.py:151} INFO - [2023-09-29T18:17:38.441+0000] {dag.py:3696} INFO - Setting next_dagrun for example_short_circuit_operator to 2023-09-28T18:17:38.441086+00:00, run_after=2023-09-29T18:17:38.441086+00:00
[2023-09-29T18:17:38.454+0000] {processor.py:179} INFO - Processing /home/airflow/.local/lib/python3.8/site-packages/airflow/example_dags/example_short_circuit_operator.py took 0.061 seconds
[2023-09-29T18:18:08.980+0000] {processor.py:157} INFO - Started process (PID=1232) to work on /home/airflow/.local/lib/python3.8/site-packages/airflow/example_dags/example_short_circuit_operator.py
[2023-09-29T18:18:08.981+0000] {processor.py:829} INFO - Processing file /home/airflow/.local/lib/python3.8/site-packages/airflow/example_dags/example_short_circuit_operator.py for tasks to queue
[2023-09-29T18:18:08.984+0000] {logging_mixin.py:151} INFO - [2023-09-29T18:18:08.983+0000] {dagbag.py:539} INFO - Filling up the DagBag from /home/airflow/.local/lib/python3.8/site-packages/airflow/example_dags/example_short_circuit_operator.py
[2023-09-29T18:18:08.990+0000] {processor.py:839} INFO - DAG(s) dict_keys(['example_short_circuit_operator']) retrieved from /home/airflow/.local/lib/python3.8/site-packages/airflow/example_dags/example_short_circuit_operator.py
[2023-09-29T18:18:09.008+0000] {logging_mixin.py:151} INFO - [2023-09-29T18:18:09.008+0000] {dag.py:2915} INFO - Sync 1 DAGs
[2023-09-29T18:18:09.037+0000] {logging_mixin.py:151} INFO - [2023-09-29T18:18:09.037+0000] {dag.py:3696} INFO - Setting next_dagrun for example_short_circuit_operator to 2023-09-28T18:18:09.037150+00:00, run_after=2023-09-29T18:18:09.037150+00:00
[2023-09-29T18:18:09.053+0000] {processor.py:179} INFO - Processing /home/airflow/.local/lib/python3.8/site-packages/airflow/example_dags/example_short_circuit_operator.py took 0.076 seconds
[2023-09-29T18:18:39.503+0000] {processor.py:157} INFO - Started process (PID=1287) to work on /home/airflow/.local/lib/python3.8/site-packages/airflow/example_dags/example_short_circuit_operator.py
[2023-09-29T18:18:39.504+0000] {processor.py:829} INFO - Processing file /home/airflow/.local/lib/python3.8/site-packages/airflow/example_dags/example_short_circuit_operator.py for tasks to queue
[2023-09-29T18:18:39.507+0000] {logging_mixin.py:151} INFO - [2023-09-29T18:18:39.507+0000] {dagbag.py:539} INFO - Filling up the DagBag from /home/airflow/.local/lib/python3.8/site-packages/airflow/example_dags/example_short_circuit_operator.py
[2023-09-29T18:18:39.514+0000] {processor.py:839} INFO - DAG(s) dict_keys(['example_short_circuit_operator']) retrieved from /home/airflow/.local/lib/python3.8/site-packages/airflow/example_dags/example_short_circuit_operator.py
[2023-09-29T18:18:39.532+0000] {logging_mixin.py:151} INFO - [2023-09-29T18:18:39.532+0000] {dag.py:2915} INFO - Sync 1 DAGs
[2023-09-29T18:18:39.548+0000] {logging_mixin.py:151} INFO - [2023-09-29T18:18:39.548+0000] {dag.py:3696} INFO - Setting next_dagrun for example_short_circuit_operator to 2023-09-28T18:18:39.547836+00:00, run_after=2023-09-29T18:18:39.547836+00:00
[2023-09-29T18:18:39.560+0000] {processor.py:179} INFO - Processing /home/airflow/.local/lib/python3.8/site-packages/airflow/example_dags/example_short_circuit_operator.py took 0.062 seconds
[2023-09-29T18:19:10.471+0000] {processor.py:157} INFO - Started process (PID=1342) to work on /home/airflow/.local/lib/python3.8/site-packages/airflow/example_dags/example_short_circuit_operator.py
[2023-09-29T18:19:10.473+0000] {processor.py:829} INFO - Processing file /home/airflow/.local/lib/python3.8/site-packages/airflow/example_dags/example_short_circuit_operator.py for tasks to queue
[2023-09-29T18:19:10.475+0000] {logging_mixin.py:151} INFO - [2023-09-29T18:19:10.474+0000] {dagbag.py:539} INFO - Filling up the DagBag from /home/airflow/.local/lib/python3.8/site-packages/airflow/example_dags/example_short_circuit_operator.py
[2023-09-29T18:19:10.481+0000] {processor.py:839} INFO - DAG(s) dict_keys(['example_short_circuit_operator']) retrieved from /home/airflow/.local/lib/python3.8/site-packages/airflow/example_dags/example_short_circuit_operator.py
[2023-09-29T18:19:10.502+0000] {logging_mixin.py:151} INFO - [2023-09-29T18:19:10.502+0000] {dag.py:2915} INFO - Sync 1 DAGs
[2023-09-29T18:19:10.522+0000] {logging_mixin.py:151} INFO - [2023-09-29T18:19:10.522+0000] {dag.py:3696} INFO - Setting next_dagrun for example_short_circuit_operator to 2023-09-28T18:19:10.522363+00:00, run_after=2023-09-29T18:19:10.522363+00:00
[2023-09-29T18:19:10.535+0000] {processor.py:179} INFO - Processing /home/airflow/.local/lib/python3.8/site-packages/airflow/example_dags/example_short_circuit_operator.py took 0.069 seconds
[2023-09-29T18:19:40.835+0000] {processor.py:157} INFO - Started process (PID=1397) to work on /home/airflow/.local/lib/python3.8/site-packages/airflow/example_dags/example_short_circuit_operator.py
[2023-09-29T18:19:40.836+0000] {processor.py:829} INFO - Processing file /home/airflow/.local/lib/python3.8/site-packages/airflow/example_dags/example_short_circuit_operator.py for tasks to queue
[2023-09-29T18:19:40.840+0000] {logging_mixin.py:151} INFO - [2023-09-29T18:19:40.840+0000] {dagbag.py:539} INFO - Filling up the DagBag from /home/airflow/.local/lib/python3.8/site-packages/airflow/example_dags/example_short_circuit_operator.py
[2023-09-29T18:19:40.850+0000] {processor.py:839} INFO - DAG(s) dict_keys(['example_short_circuit_operator']) retrieved from /home/airflow/.local/lib/python3.8/site-packages/airflow/example_dags/example_short_circuit_operator.py
[2023-09-29T18:19:40.875+0000] {logging_mixin.py:151} INFO - [2023-09-29T18:19:40.874+0000] {dag.py:2915} INFO - Sync 1 DAGs
[2023-09-29T18:19:40.893+0000] {logging_mixin.py:151} INFO - [2023-09-29T18:19:40.893+0000] {dag.py:3696} INFO - Setting next_dagrun for example_short_circuit_operator to 2023-09-28T18:19:40.893395+00:00, run_after=2023-09-29T18:19:40.893395+00:00
[2023-09-29T18:19:40.907+0000] {processor.py:179} INFO - Processing /home/airflow/.local/lib/python3.8/site-packages/airflow/example_dags/example_short_circuit_operator.py took 0.077 seconds
[2023-09-29T18:20:11.232+0000] {processor.py:157} INFO - Started process (PID=1451) to work on /home/airflow/.local/lib/python3.8/site-packages/airflow/example_dags/example_short_circuit_operator.py
[2023-09-29T18:20:11.233+0000] {processor.py:829} INFO - Processing file /home/airflow/.local/lib/python3.8/site-packages/airflow/example_dags/example_short_circuit_operator.py for tasks to queue
[2023-09-29T18:20:11.235+0000] {logging_mixin.py:151} INFO - [2023-09-29T18:20:11.235+0000] {dagbag.py:539} INFO - Filling up the DagBag from /home/airflow/.local/lib/python3.8/site-packages/airflow/example_dags/example_short_circuit_operator.py
[2023-09-29T18:20:11.241+0000] {processor.py:839} INFO - DAG(s) dict_keys(['example_short_circuit_operator']) retrieved from /home/airflow/.local/lib/python3.8/site-packages/airflow/example_dags/example_short_circuit_operator.py
[2023-09-29T18:20:11.259+0000] {logging_mixin.py:151} INFO - [2023-09-29T18:20:11.259+0000] {dag.py:2915} INFO - Sync 1 DAGs
[2023-09-29T18:20:11.276+0000] {logging_mixin.py:151} INFO - [2023-09-29T18:20:11.276+0000] {dag.py:3696} INFO - Setting next_dagrun for example_short_circuit_operator to 2023-09-28T18:20:11.275725+00:00, run_after=2023-09-29T18:20:11.275725+00:00
[2023-09-29T18:20:11.300+0000] {processor.py:179} INFO - Processing /home/airflow/.local/lib/python3.8/site-packages/airflow/example_dags/example_short_circuit_operator.py took 0.071 seconds
[2023-09-29T18:20:41.727+0000] {processor.py:157} INFO - Started process (PID=1507) to work on /home/airflow/.local/lib/python3.8/site-packages/airflow/example_dags/example_short_circuit_operator.py
[2023-09-29T18:20:41.728+0000] {processor.py:829} INFO - Processing file /home/airflow/.local/lib/python3.8/site-packages/airflow/example_dags/example_short_circuit_operator.py for tasks to queue
[2023-09-29T18:20:41.730+0000] {logging_mixin.py:151} INFO - [2023-09-29T18:20:41.730+0000] {dagbag.py:539} INFO - Filling up the DagBag from /home/airflow/.local/lib/python3.8/site-packages/airflow/example_dags/example_short_circuit_operator.py
[2023-09-29T18:20:41.736+0000] {processor.py:839} INFO - DAG(s) dict_keys(['example_short_circuit_operator']) retrieved from /home/airflow/.local/lib/python3.8/site-packages/airflow/example_dags/example_short_circuit_operator.py
[2023-09-29T18:20:41.753+0000] {logging_mixin.py:151} INFO - [2023-09-29T18:20:41.753+0000] {dag.py:2915} INFO - Sync 1 DAGs
[2023-09-29T18:20:41.768+0000] {logging_mixin.py:151} INFO - [2023-09-29T18:20:41.768+0000] {dag.py:3696} INFO - Setting next_dagrun for example_short_circuit_operator to 2023-09-28T18:20:41.768010+00:00, run_after=2023-09-29T18:20:41.768010+00:00
[2023-09-29T18:20:41.779+0000] {processor.py:179} INFO - Processing /home/airflow/.local/lib/python3.8/site-packages/airflow/example_dags/example_short_circuit_operator.py took 0.055 seconds
[2023-09-29T18:21:12.141+0000] {processor.py:157} INFO - Started process (PID=1562) to work on /home/airflow/.local/lib/python3.8/site-packages/airflow/example_dags/example_short_circuit_operator.py
[2023-09-29T18:21:12.142+0000] {processor.py:829} INFO - Processing file /home/airflow/.local/lib/python3.8/site-packages/airflow/example_dags/example_short_circuit_operator.py for tasks to queue
[2023-09-29T18:21:12.145+0000] {logging_mixin.py:151} INFO - [2023-09-29T18:21:12.144+0000] {dagbag.py:539} INFO - Filling up the DagBag from /home/airflow/.local/lib/python3.8/site-packages/airflow/example_dags/example_short_circuit_operator.py
[2023-09-29T18:21:12.151+0000] {processor.py:839} INFO - DAG(s) dict_keys(['example_short_circuit_operator']) retrieved from /home/airflow/.local/lib/python3.8/site-packages/airflow/example_dags/example_short_circuit_operator.py
[2023-09-29T18:21:12.168+0000] {logging_mixin.py:151} INFO - [2023-09-29T18:21:12.168+0000] {dag.py:2915} INFO - Sync 1 DAGs
[2023-09-29T18:21:12.183+0000] {logging_mixin.py:151} INFO - [2023-09-29T18:21:12.183+0000] {dag.py:3696} INFO - Setting next_dagrun for example_short_circuit_operator to 2023-09-28T18:21:12.182807+00:00, run_after=2023-09-29T18:21:12.182807+00:00
[2023-09-29T18:21:12.194+0000] {processor.py:179} INFO - Processing /home/airflow/.local/lib/python3.8/site-packages/airflow/example_dags/example_short_circuit_operator.py took 0.056 seconds
[2023-09-29T18:21:42.506+0000] {processor.py:157} INFO - Started process (PID=1618) to work on /home/airflow/.local/lib/python3.8/site-packages/airflow/example_dags/example_short_circuit_operator.py
[2023-09-29T18:21:42.507+0000] {processor.py:829} INFO - Processing file /home/airflow/.local/lib/python3.8/site-packages/airflow/example_dags/example_short_circuit_operator.py for tasks to queue
[2023-09-29T18:21:42.509+0000] {logging_mixin.py:151} INFO - [2023-09-29T18:21:42.509+0000] {dagbag.py:539} INFO - Filling up the DagBag from /home/airflow/.local/lib/python3.8/site-packages/airflow/example_dags/example_short_circuit_operator.py
[2023-09-29T18:21:42.516+0000] {processor.py:839} INFO - DAG(s) dict_keys(['example_short_circuit_operator']) retrieved from /home/airflow/.local/lib/python3.8/site-packages/airflow/example_dags/example_short_circuit_operator.py
[2023-09-29T18:21:42.538+0000] {logging_mixin.py:151} INFO - [2023-09-29T18:21:42.538+0000] {dag.py:2915} INFO - Sync 1 DAGs
[2023-09-29T18:21:42.557+0000] {logging_mixin.py:151} INFO - [2023-09-29T18:21:42.557+0000] {dag.py:3696} INFO - Setting next_dagrun for example_short_circuit_operator to 2023-09-28T18:21:42.556850+00:00, run_after=2023-09-29T18:21:42.556850+00:00
[2023-09-29T18:21:42.576+0000] {processor.py:179} INFO - Processing /home/airflow/.local/lib/python3.8/site-packages/airflow/example_dags/example_short_circuit_operator.py took 0.073 seconds
[2023-09-29T18:22:13.145+0000] {processor.py:157} INFO - Started process (PID=1673) to work on /home/airflow/.local/lib/python3.8/site-packages/airflow/example_dags/example_short_circuit_operator.py
[2023-09-29T18:22:13.146+0000] {processor.py:829} INFO - Processing file /home/airflow/.local/lib/python3.8/site-packages/airflow/example_dags/example_short_circuit_operator.py for tasks to queue
[2023-09-29T18:22:13.148+0000] {logging_mixin.py:151} INFO - [2023-09-29T18:22:13.148+0000] {dagbag.py:539} INFO - Filling up the DagBag from /home/airflow/.local/lib/python3.8/site-packages/airflow/example_dags/example_short_circuit_operator.py
[2023-09-29T18:22:13.154+0000] {processor.py:839} INFO - DAG(s) dict_keys(['example_short_circuit_operator']) retrieved from /home/airflow/.local/lib/python3.8/site-packages/airflow/example_dags/example_short_circuit_operator.py
[2023-09-29T18:22:13.171+0000] {logging_mixin.py:151} INFO - [2023-09-29T18:22:13.171+0000] {dag.py:2915} INFO - Sync 1 DAGs
[2023-09-29T18:22:13.185+0000] {logging_mixin.py:151} INFO - [2023-09-29T18:22:13.185+0000] {dag.py:3696} INFO - Setting next_dagrun for example_short_circuit_operator to 2023-09-28T18:22:13.185154+00:00, run_after=2023-09-29T18:22:13.185154+00:00
[2023-09-29T18:22:13.197+0000] {processor.py:179} INFO - Processing /home/airflow/.local/lib/python3.8/site-packages/airflow/example_dags/example_short_circuit_operator.py took 0.055 seconds
[2023-09-29T18:22:43.316+0000] {processor.py:157} INFO - Started process (PID=1728) to work on /home/airflow/.local/lib/python3.8/site-packages/airflow/example_dags/example_short_circuit_operator.py
[2023-09-29T18:22:43.317+0000] {processor.py:829} INFO - Processing file /home/airflow/.local/lib/python3.8/site-packages/airflow/example_dags/example_short_circuit_operator.py for tasks to queue
[2023-09-29T18:22:43.318+0000] {logging_mixin.py:151} INFO - [2023-09-29T18:22:43.318+0000] {dagbag.py:539} INFO - Filling up the DagBag from /home/airflow/.local/lib/python3.8/site-packages/airflow/example_dags/example_short_circuit_operator.py
[2023-09-29T18:22:43.324+0000] {processor.py:839} INFO - DAG(s) dict_keys(['example_short_circuit_operator']) retrieved from /home/airflow/.local/lib/python3.8/site-packages/airflow/example_dags/example_short_circuit_operator.py
[2023-09-29T18:22:43.341+0000] {logging_mixin.py:151} INFO - [2023-09-29T18:22:43.340+0000] {dag.py:2915} INFO - Sync 1 DAGs
[2023-09-29T18:22:43.355+0000] {logging_mixin.py:151} INFO - [2023-09-29T18:22:43.355+0000] {dag.py:3696} INFO - Setting next_dagrun for example_short_circuit_operator to 2023-09-28T18:22:43.355501+00:00, run_after=2023-09-29T18:22:43.355501+00:00
[2023-09-29T18:22:43.367+0000] {processor.py:179} INFO - Processing /home/airflow/.local/lib/python3.8/site-packages/airflow/example_dags/example_short_circuit_operator.py took 0.054 seconds
[2023-09-29T18:23:13.595+0000] {processor.py:157} INFO - Started process (PID=1784) to work on /home/airflow/.local/lib/python3.8/site-packages/airflow/example_dags/example_short_circuit_operator.py
[2023-09-29T18:23:13.596+0000] {processor.py:829} INFO - Processing file /home/airflow/.local/lib/python3.8/site-packages/airflow/example_dags/example_short_circuit_operator.py for tasks to queue
[2023-09-29T18:23:13.598+0000] {logging_mixin.py:151} INFO - [2023-09-29T18:23:13.598+0000] {dagbag.py:539} INFO - Filling up the DagBag from /home/airflow/.local/lib/python3.8/site-packages/airflow/example_dags/example_short_circuit_operator.py
[2023-09-29T18:23:13.604+0000] {processor.py:839} INFO - DAG(s) dict_keys(['example_short_circuit_operator']) retrieved from /home/airflow/.local/lib/python3.8/site-packages/airflow/example_dags/example_short_circuit_operator.py
[2023-09-29T18:23:13.622+0000] {logging_mixin.py:151} INFO - [2023-09-29T18:23:13.622+0000] {dag.py:2915} INFO - Sync 1 DAGs
[2023-09-29T18:23:13.641+0000] {logging_mixin.py:151} INFO - [2023-09-29T18:23:13.641+0000] {dag.py:3696} INFO - Setting next_dagrun for example_short_circuit_operator to 2023-09-28T18:23:13.641314+00:00, run_after=2023-09-29T18:23:13.641314+00:00
[2023-09-29T18:23:13.657+0000] {processor.py:179} INFO - Processing /home/airflow/.local/lib/python3.8/site-packages/airflow/example_dags/example_short_circuit_operator.py took 0.065 seconds
[2023-09-29T18:23:43.955+0000] {processor.py:157} INFO - Started process (PID=1839) to work on /home/airflow/.local/lib/python3.8/site-packages/airflow/example_dags/example_short_circuit_operator.py
[2023-09-29T18:23:43.956+0000] {processor.py:829} INFO - Processing file /home/airflow/.local/lib/python3.8/site-packages/airflow/example_dags/example_short_circuit_operator.py for tasks to queue
[2023-09-29T18:23:43.958+0000] {logging_mixin.py:151} INFO - [2023-09-29T18:23:43.958+0000] {dagbag.py:539} INFO - Filling up the DagBag from /home/airflow/.local/lib/python3.8/site-packages/airflow/example_dags/example_short_circuit_operator.py
[2023-09-29T18:23:43.965+0000] {processor.py:839} INFO - DAG(s) dict_keys(['example_short_circuit_operator']) retrieved from /home/airflow/.local/lib/python3.8/site-packages/airflow/example_dags/example_short_circuit_operator.py
[2023-09-29T18:23:43.983+0000] {logging_mixin.py:151} INFO - [2023-09-29T18:23:43.983+0000] {dag.py:2915} INFO - Sync 1 DAGs
[2023-09-29T18:23:44.000+0000] {logging_mixin.py:151} INFO - [2023-09-29T18:23:43.999+0000] {dag.py:3696} INFO - Setting next_dagrun for example_short_circuit_operator to 2023-09-28T18:23:43.999726+00:00, run_after=2023-09-29T18:23:43.999726+00:00
[2023-09-29T18:23:44.011+0000] {processor.py:179} INFO - Processing /home/airflow/.local/lib/python3.8/site-packages/airflow/example_dags/example_short_circuit_operator.py took 0.060 seconds
[2023-09-29T18:24:14.095+0000] {processor.py:157} INFO - Started process (PID=1894) to work on /home/airflow/.local/lib/python3.8/site-packages/airflow/example_dags/example_short_circuit_operator.py
[2023-09-29T18:24:14.095+0000] {processor.py:829} INFO - Processing file /home/airflow/.local/lib/python3.8/site-packages/airflow/example_dags/example_short_circuit_operator.py for tasks to queue
[2023-09-29T18:24:14.097+0000] {logging_mixin.py:151} INFO - [2023-09-29T18:24:14.097+0000] {dagbag.py:539} INFO - Filling up the DagBag from /home/airflow/.local/lib/python3.8/site-packages/airflow/example_dags/example_short_circuit_operator.py
[2023-09-29T18:24:14.103+0000] {processor.py:839} INFO - DAG(s) dict_keys(['example_short_circuit_operator']) retrieved from /home/airflow/.local/lib/python3.8/site-packages/airflow/example_dags/example_short_circuit_operator.py
[2023-09-29T18:24:14.119+0000] {logging_mixin.py:151} INFO - [2023-09-29T18:24:14.119+0000] {dag.py:2915} INFO - Sync 1 DAGs
[2023-09-29T18:24:14.134+0000] {logging_mixin.py:151} INFO - [2023-09-29T18:24:14.134+0000] {dag.py:3696} INFO - Setting next_dagrun for example_short_circuit_operator to 2023-09-28T18:24:14.134283+00:00, run_after=2023-09-29T18:24:14.134283+00:00
[2023-09-29T18:24:14.146+0000] {processor.py:179} INFO - Processing /home/airflow/.local/lib/python3.8/site-packages/airflow/example_dags/example_short_circuit_operator.py took 0.054 seconds
[2023-09-29T18:24:44.458+0000] {processor.py:157} INFO - Started process (PID=1949) to work on /home/airflow/.local/lib/python3.8/site-packages/airflow/example_dags/example_short_circuit_operator.py
[2023-09-29T18:24:44.459+0000] {processor.py:829} INFO - Processing file /home/airflow/.local/lib/python3.8/site-packages/airflow/example_dags/example_short_circuit_operator.py for tasks to queue
[2023-09-29T18:24:44.461+0000] {logging_mixin.py:151} INFO - [2023-09-29T18:24:44.461+0000] {dagbag.py:539} INFO - Filling up the DagBag from /home/airflow/.local/lib/python3.8/site-packages/airflow/example_dags/example_short_circuit_operator.py
[2023-09-29T18:24:44.467+0000] {processor.py:839} INFO - DAG(s) dict_keys(['example_short_circuit_operator']) retrieved from /home/airflow/.local/lib/python3.8/site-packages/airflow/example_dags/example_short_circuit_operator.py
[2023-09-29T18:24:44.484+0000] {logging_mixin.py:151} INFO - [2023-09-29T18:24:44.484+0000] {dag.py:2915} INFO - Sync 1 DAGs
[2023-09-29T18:24:44.500+0000] {logging_mixin.py:151} INFO - [2023-09-29T18:24:44.500+0000] {dag.py:3696} INFO - Setting next_dagrun for example_short_circuit_operator to 2023-09-28T18:24:44.500097+00:00, run_after=2023-09-29T18:24:44.500097+00:00
[2023-09-29T18:24:44.518+0000] {processor.py:179} INFO - Processing /home/airflow/.local/lib/python3.8/site-packages/airflow/example_dags/example_short_circuit_operator.py took 0.063 seconds
[2023-09-29T18:25:14.832+0000] {processor.py:157} INFO - Started process (PID=2004) to work on /home/airflow/.local/lib/python3.8/site-packages/airflow/example_dags/example_short_circuit_operator.py
[2023-09-29T18:25:14.833+0000] {processor.py:829} INFO - Processing file /home/airflow/.local/lib/python3.8/site-packages/airflow/example_dags/example_short_circuit_operator.py for tasks to queue
[2023-09-29T18:25:14.835+0000] {logging_mixin.py:151} INFO - [2023-09-29T18:25:14.834+0000] {dagbag.py:539} INFO - Filling up the DagBag from /home/airflow/.local/lib/python3.8/site-packages/airflow/example_dags/example_short_circuit_operator.py
[2023-09-29T18:25:14.841+0000] {processor.py:839} INFO - DAG(s) dict_keys(['example_short_circuit_operator']) retrieved from /home/airflow/.local/lib/python3.8/site-packages/airflow/example_dags/example_short_circuit_operator.py
[2023-09-29T18:25:14.857+0000] {logging_mixin.py:151} INFO - [2023-09-29T18:25:14.857+0000] {dag.py:2915} INFO - Sync 1 DAGs
[2023-09-29T18:25:14.874+0000] {logging_mixin.py:151} INFO - [2023-09-29T18:25:14.874+0000] {dag.py:3696} INFO - Setting next_dagrun for example_short_circuit_operator to 2023-09-28T18:25:14.874487+00:00, run_after=2023-09-29T18:25:14.874487+00:00
[2023-09-29T18:25:14.887+0000] {processor.py:179} INFO - Processing /home/airflow/.local/lib/python3.8/site-packages/airflow/example_dags/example_short_circuit_operator.py took 0.057 seconds
