[2023-09-29T18:07:13.534+0000] {processor.py:157} INFO - Started process (PID=51) to work on /home/airflow/.local/lib/python3.8/site-packages/airflow/example_dags/example_setup_teardown.py
[2023-09-29T18:07:13.536+0000] {processor.py:829} INFO - Processing file /home/airflow/.local/lib/python3.8/site-packages/airflow/example_dags/example_setup_teardown.py for tasks to queue
[2023-09-29T18:07:13.538+0000] {logging_mixin.py:151} INFO - [2023-09-29T18:07:13.538+0000] {dagbag.py:539} INFO - Filling up the DagBag from /home/airflow/.local/lib/python3.8/site-packages/airflow/example_dags/example_setup_teardown.py
[2023-09-29T18:07:13.546+0000] {processor.py:839} INFO - DAG(s) dict_keys(['example_setup_teardown']) retrieved from /home/airflow/.local/lib/python3.8/site-packages/airflow/example_dags/example_setup_teardown.py
[2023-09-29T18:07:13.562+0000] {logging_mixin.py:151} INFO - [2023-09-29T18:07:13.562+0000] {dag.py:2915} INFO - Sync 1 DAGs
[2023-09-29T18:07:13.597+0000] {logging_mixin.py:151} INFO - [2023-09-29T18:07:13.597+0000] {dag.py:3696} INFO - Setting next_dagrun for example_setup_teardown to 2023-09-28T18:07:13.597160+00:00, run_after=2023-09-29T18:07:13.597160+00:00
[2023-09-29T18:07:13.613+0000] {processor.py:179} INFO - Processing /home/airflow/.local/lib/python3.8/site-packages/airflow/example_dags/example_setup_teardown.py took 0.083 seconds
[2023-09-29T18:07:47.219+0000] {processor.py:157} INFO - Started process (PID=105) to work on /home/airflow/.local/lib/python3.8/site-packages/airflow/example_dags/example_setup_teardown.py
[2023-09-29T18:07:47.220+0000] {processor.py:829} INFO - Processing file /home/airflow/.local/lib/python3.8/site-packages/airflow/example_dags/example_setup_teardown.py for tasks to queue
[2023-09-29T18:07:47.223+0000] {logging_mixin.py:151} INFO - [2023-09-29T18:07:47.223+0000] {dagbag.py:539} INFO - Filling up the DagBag from /home/airflow/.local/lib/python3.8/site-packages/airflow/example_dags/example_setup_teardown.py
[2023-09-29T18:07:47.231+0000] {processor.py:839} INFO - DAG(s) dict_keys(['example_setup_teardown']) retrieved from /home/airflow/.local/lib/python3.8/site-packages/airflow/example_dags/example_setup_teardown.py
[2023-09-29T18:07:47.281+0000] {logging_mixin.py:151} INFO - [2023-09-29T18:07:47.280+0000] {dag.py:2915} INFO - Sync 1 DAGs
[2023-09-29T18:07:47.329+0000] {logging_mixin.py:151} INFO - [2023-09-29T18:07:47.328+0000] {dag.py:3696} INFO - Setting next_dagrun for example_setup_teardown to 2023-09-28T18:07:47.328249+00:00, run_after=2023-09-29T18:07:47.328249+00:00
[2023-09-29T18:07:47.424+0000] {processor.py:179} INFO - Processing /home/airflow/.local/lib/python3.8/site-packages/airflow/example_dags/example_setup_teardown.py took 0.209 seconds
[2023-09-29T18:08:17.875+0000] {processor.py:157} INFO - Started process (PID=158) to work on /home/airflow/.local/lib/python3.8/site-packages/airflow/example_dags/example_setup_teardown.py
[2023-09-29T18:08:17.877+0000] {processor.py:829} INFO - Processing file /home/airflow/.local/lib/python3.8/site-packages/airflow/example_dags/example_setup_teardown.py for tasks to queue
[2023-09-29T18:08:17.879+0000] {logging_mixin.py:151} INFO - [2023-09-29T18:08:17.878+0000] {dagbag.py:539} INFO - Filling up the DagBag from /home/airflow/.local/lib/python3.8/site-packages/airflow/example_dags/example_setup_teardown.py
[2023-09-29T18:08:17.885+0000] {processor.py:839} INFO - DAG(s) dict_keys(['example_setup_teardown']) retrieved from /home/airflow/.local/lib/python3.8/site-packages/airflow/example_dags/example_setup_teardown.py
[2023-09-29T18:08:17.900+0000] {logging_mixin.py:151} INFO - [2023-09-29T18:08:17.900+0000] {dag.py:2915} INFO - Sync 1 DAGs
[2023-09-29T18:08:17.915+0000] {logging_mixin.py:151} INFO - [2023-09-29T18:08:17.915+0000] {dag.py:3696} INFO - Setting next_dagrun for example_setup_teardown to 2023-09-28T18:08:17.915517+00:00, run_after=2023-09-29T18:08:17.915517+00:00
[2023-09-29T18:08:17.926+0000] {processor.py:179} INFO - Processing /home/airflow/.local/lib/python3.8/site-packages/airflow/example_dags/example_setup_teardown.py took 0.055 seconds
[2023-09-29T18:08:48.560+0000] {processor.py:157} INFO - Started process (PID=213) to work on /home/airflow/.local/lib/python3.8/site-packages/airflow/example_dags/example_setup_teardown.py
[2023-09-29T18:08:48.561+0000] {processor.py:829} INFO - Processing file /home/airflow/.local/lib/python3.8/site-packages/airflow/example_dags/example_setup_teardown.py for tasks to queue
[2023-09-29T18:08:48.563+0000] {logging_mixin.py:151} INFO - [2023-09-29T18:08:48.563+0000] {dagbag.py:539} INFO - Filling up the DagBag from /home/airflow/.local/lib/python3.8/site-packages/airflow/example_dags/example_setup_teardown.py
[2023-09-29T18:08:48.568+0000] {processor.py:839} INFO - DAG(s) dict_keys(['example_setup_teardown']) retrieved from /home/airflow/.local/lib/python3.8/site-packages/airflow/example_dags/example_setup_teardown.py
[2023-09-29T18:08:48.584+0000] {logging_mixin.py:151} INFO - [2023-09-29T18:08:48.584+0000] {dag.py:2915} INFO - Sync 1 DAGs
[2023-09-29T18:08:48.602+0000] {logging_mixin.py:151} INFO - [2023-09-29T18:08:48.602+0000] {dag.py:3696} INFO - Setting next_dagrun for example_setup_teardown to 2023-09-28T18:08:48.602360+00:00, run_after=2023-09-29T18:08:48.602360+00:00
[2023-09-29T18:08:48.616+0000] {processor.py:179} INFO - Processing /home/airflow/.local/lib/python3.8/site-packages/airflow/example_dags/example_setup_teardown.py took 0.060 seconds
[2023-09-29T18:09:19.144+0000] {processor.py:157} INFO - Started process (PID=268) to work on /home/airflow/.local/lib/python3.8/site-packages/airflow/example_dags/example_setup_teardown.py
[2023-09-29T18:09:19.145+0000] {processor.py:829} INFO - Processing file /home/airflow/.local/lib/python3.8/site-packages/airflow/example_dags/example_setup_teardown.py for tasks to queue
[2023-09-29T18:09:19.149+0000] {logging_mixin.py:151} INFO - [2023-09-29T18:09:19.148+0000] {dagbag.py:539} INFO - Filling up the DagBag from /home/airflow/.local/lib/python3.8/site-packages/airflow/example_dags/example_setup_teardown.py
[2023-09-29T18:09:19.158+0000] {processor.py:839} INFO - DAG(s) dict_keys(['example_setup_teardown']) retrieved from /home/airflow/.local/lib/python3.8/site-packages/airflow/example_dags/example_setup_teardown.py
[2023-09-29T18:09:19.180+0000] {logging_mixin.py:151} INFO - [2023-09-29T18:09:19.180+0000] {dag.py:2915} INFO - Sync 1 DAGs
[2023-09-29T18:09:19.199+0000] {logging_mixin.py:151} INFO - [2023-09-29T18:09:19.199+0000] {dag.py:3696} INFO - Setting next_dagrun for example_setup_teardown to 2023-09-28T18:09:19.199198+00:00, run_after=2023-09-29T18:09:19.199198+00:00
[2023-09-29T18:09:19.211+0000] {processor.py:179} INFO - Processing /home/airflow/.local/lib/python3.8/site-packages/airflow/example_dags/example_setup_teardown.py took 0.072 seconds
[2023-09-29T18:09:49.565+0000] {processor.py:157} INFO - Started process (PID=323) to work on /home/airflow/.local/lib/python3.8/site-packages/airflow/example_dags/example_setup_teardown.py
[2023-09-29T18:09:49.566+0000] {processor.py:829} INFO - Processing file /home/airflow/.local/lib/python3.8/site-packages/airflow/example_dags/example_setup_teardown.py for tasks to queue
[2023-09-29T18:09:49.568+0000] {logging_mixin.py:151} INFO - [2023-09-29T18:09:49.568+0000] {dagbag.py:539} INFO - Filling up the DagBag from /home/airflow/.local/lib/python3.8/site-packages/airflow/example_dags/example_setup_teardown.py
[2023-09-29T18:09:49.574+0000] {processor.py:839} INFO - DAG(s) dict_keys(['example_setup_teardown']) retrieved from /home/airflow/.local/lib/python3.8/site-packages/airflow/example_dags/example_setup_teardown.py
[2023-09-29T18:09:49.592+0000] {logging_mixin.py:151} INFO - [2023-09-29T18:09:49.592+0000] {dag.py:2915} INFO - Sync 1 DAGs
[2023-09-29T18:09:49.608+0000] {logging_mixin.py:151} INFO - [2023-09-29T18:09:49.608+0000] {dag.py:3696} INFO - Setting next_dagrun for example_setup_teardown to 2023-09-28T18:09:49.607878+00:00, run_after=2023-09-29T18:09:49.607878+00:00
[2023-09-29T18:09:49.619+0000] {processor.py:179} INFO - Processing /home/airflow/.local/lib/python3.8/site-packages/airflow/example_dags/example_setup_teardown.py took 0.057 seconds
[2023-09-29T18:10:20.301+0000] {processor.py:157} INFO - Started process (PID=378) to work on /home/airflow/.local/lib/python3.8/site-packages/airflow/example_dags/example_setup_teardown.py
[2023-09-29T18:10:20.302+0000] {processor.py:829} INFO - Processing file /home/airflow/.local/lib/python3.8/site-packages/airflow/example_dags/example_setup_teardown.py for tasks to queue
[2023-09-29T18:10:20.304+0000] {logging_mixin.py:151} INFO - [2023-09-29T18:10:20.303+0000] {dagbag.py:539} INFO - Filling up the DagBag from /home/airflow/.local/lib/python3.8/site-packages/airflow/example_dags/example_setup_teardown.py
[2023-09-29T18:10:20.309+0000] {processor.py:839} INFO - DAG(s) dict_keys(['example_setup_teardown']) retrieved from /home/airflow/.local/lib/python3.8/site-packages/airflow/example_dags/example_setup_teardown.py
[2023-09-29T18:10:20.329+0000] {logging_mixin.py:151} INFO - [2023-09-29T18:10:20.329+0000] {dag.py:2915} INFO - Sync 1 DAGs
[2023-09-29T18:10:20.345+0000] {logging_mixin.py:151} INFO - [2023-09-29T18:10:20.345+0000] {dag.py:3696} INFO - Setting next_dagrun for example_setup_teardown to 2023-09-28T18:10:20.344947+00:00, run_after=2023-09-29T18:10:20.344947+00:00
[2023-09-29T18:10:20.357+0000] {processor.py:179} INFO - Processing /home/airflow/.local/lib/python3.8/site-packages/airflow/example_dags/example_setup_teardown.py took 0.059 seconds
[2023-09-29T18:10:51.311+0000] {processor.py:157} INFO - Started process (PID=434) to work on /home/airflow/.local/lib/python3.8/site-packages/airflow/example_dags/example_setup_teardown.py
[2023-09-29T18:10:51.312+0000] {processor.py:829} INFO - Processing file /home/airflow/.local/lib/python3.8/site-packages/airflow/example_dags/example_setup_teardown.py for tasks to queue
[2023-09-29T18:10:51.314+0000] {logging_mixin.py:151} INFO - [2023-09-29T18:10:51.314+0000] {dagbag.py:539} INFO - Filling up the DagBag from /home/airflow/.local/lib/python3.8/site-packages/airflow/example_dags/example_setup_teardown.py
[2023-09-29T18:10:51.321+0000] {processor.py:839} INFO - DAG(s) dict_keys(['example_setup_teardown']) retrieved from /home/airflow/.local/lib/python3.8/site-packages/airflow/example_dags/example_setup_teardown.py
[2023-09-29T18:10:51.337+0000] {logging_mixin.py:151} INFO - [2023-09-29T18:10:51.337+0000] {dag.py:2915} INFO - Sync 1 DAGs
[2023-09-29T18:10:51.352+0000] {logging_mixin.py:151} INFO - [2023-09-29T18:10:51.352+0000] {dag.py:3696} INFO - Setting next_dagrun for example_setup_teardown to 2023-09-28T18:10:51.352214+00:00, run_after=2023-09-29T18:10:51.352214+00:00
[2023-09-29T18:10:51.370+0000] {processor.py:179} INFO - Processing /home/airflow/.local/lib/python3.8/site-packages/airflow/example_dags/example_setup_teardown.py took 0.063 seconds
[2023-09-29T18:11:21.849+0000] {processor.py:157} INFO - Started process (PID=489) to work on /home/airflow/.local/lib/python3.8/site-packages/airflow/example_dags/example_setup_teardown.py
[2023-09-29T18:11:21.850+0000] {processor.py:829} INFO - Processing file /home/airflow/.local/lib/python3.8/site-packages/airflow/example_dags/example_setup_teardown.py for tasks to queue
[2023-09-29T18:11:21.852+0000] {logging_mixin.py:151} INFO - [2023-09-29T18:11:21.852+0000] {dagbag.py:539} INFO - Filling up the DagBag from /home/airflow/.local/lib/python3.8/site-packages/airflow/example_dags/example_setup_teardown.py
[2023-09-29T18:11:21.858+0000] {processor.py:839} INFO - DAG(s) dict_keys(['example_setup_teardown']) retrieved from /home/airflow/.local/lib/python3.8/site-packages/airflow/example_dags/example_setup_teardown.py
[2023-09-29T18:11:21.876+0000] {logging_mixin.py:151} INFO - [2023-09-29T18:11:21.875+0000] {dag.py:2915} INFO - Sync 1 DAGs
[2023-09-29T18:11:21.891+0000] {logging_mixin.py:151} INFO - [2023-09-29T18:11:21.891+0000] {dag.py:3696} INFO - Setting next_dagrun for example_setup_teardown to 2023-09-28T18:11:21.891416+00:00, run_after=2023-09-29T18:11:21.891416+00:00
[2023-09-29T18:11:21.904+0000] {processor.py:179} INFO - Processing /home/airflow/.local/lib/python3.8/site-packages/airflow/example_dags/example_setup_teardown.py took 0.057 seconds
[2023-09-29T18:11:52.069+0000] {processor.py:157} INFO - Started process (PID=544) to work on /home/airflow/.local/lib/python3.8/site-packages/airflow/example_dags/example_setup_teardown.py
[2023-09-29T18:11:52.070+0000] {processor.py:829} INFO - Processing file /home/airflow/.local/lib/python3.8/site-packages/airflow/example_dags/example_setup_teardown.py for tasks to queue
[2023-09-29T18:11:52.073+0000] {logging_mixin.py:151} INFO - [2023-09-29T18:11:52.073+0000] {dagbag.py:539} INFO - Filling up the DagBag from /home/airflow/.local/lib/python3.8/site-packages/airflow/example_dags/example_setup_teardown.py
[2023-09-29T18:11:52.080+0000] {processor.py:839} INFO - DAG(s) dict_keys(['example_setup_teardown']) retrieved from /home/airflow/.local/lib/python3.8/site-packages/airflow/example_dags/example_setup_teardown.py
[2023-09-29T18:11:52.097+0000] {logging_mixin.py:151} INFO - [2023-09-29T18:11:52.096+0000] {dag.py:2915} INFO - Sync 1 DAGs
[2023-09-29T18:11:52.118+0000] {logging_mixin.py:151} INFO - [2023-09-29T18:11:52.118+0000] {dag.py:3696} INFO - Setting next_dagrun for example_setup_teardown to 2023-09-28T18:11:52.118280+00:00, run_after=2023-09-29T18:11:52.118280+00:00
[2023-09-29T18:11:52.129+0000] {processor.py:179} INFO - Processing /home/airflow/.local/lib/python3.8/site-packages/airflow/example_dags/example_setup_teardown.py took 0.064 seconds
[2023-09-29T18:12:22.752+0000] {processor.py:157} INFO - Started process (PID=599) to work on /home/airflow/.local/lib/python3.8/site-packages/airflow/example_dags/example_setup_teardown.py
[2023-09-29T18:12:22.754+0000] {processor.py:829} INFO - Processing file /home/airflow/.local/lib/python3.8/site-packages/airflow/example_dags/example_setup_teardown.py for tasks to queue
[2023-09-29T18:12:22.758+0000] {logging_mixin.py:151} INFO - [2023-09-29T18:12:22.758+0000] {dagbag.py:539} INFO - Filling up the DagBag from /home/airflow/.local/lib/python3.8/site-packages/airflow/example_dags/example_setup_teardown.py
[2023-09-29T18:12:22.769+0000] {processor.py:839} INFO - DAG(s) dict_keys(['example_setup_teardown']) retrieved from /home/airflow/.local/lib/python3.8/site-packages/airflow/example_dags/example_setup_teardown.py
[2023-09-29T18:12:22.802+0000] {logging_mixin.py:151} INFO - [2023-09-29T18:12:22.802+0000] {dag.py:2915} INFO - Sync 1 DAGs
[2023-09-29T18:12:22.822+0000] {logging_mixin.py:151} INFO - [2023-09-29T18:12:22.822+0000] {dag.py:3696} INFO - Setting next_dagrun for example_setup_teardown to 2023-09-28T18:12:22.822418+00:00, run_after=2023-09-29T18:12:22.822418+00:00
[2023-09-29T18:12:22.840+0000] {processor.py:179} INFO - Processing /home/airflow/.local/lib/python3.8/site-packages/airflow/example_dags/example_setup_teardown.py took 0.093 seconds
[2023-09-29T18:12:52.924+0000] {processor.py:157} INFO - Started process (PID=655) to work on /home/airflow/.local/lib/python3.8/site-packages/airflow/example_dags/example_setup_teardown.py
[2023-09-29T18:12:52.925+0000] {processor.py:829} INFO - Processing file /home/airflow/.local/lib/python3.8/site-packages/airflow/example_dags/example_setup_teardown.py for tasks to queue
[2023-09-29T18:12:52.927+0000] {logging_mixin.py:151} INFO - [2023-09-29T18:12:52.926+0000] {dagbag.py:539} INFO - Filling up the DagBag from /home/airflow/.local/lib/python3.8/site-packages/airflow/example_dags/example_setup_teardown.py
[2023-09-29T18:12:52.932+0000] {processor.py:839} INFO - DAG(s) dict_keys(['example_setup_teardown']) retrieved from /home/airflow/.local/lib/python3.8/site-packages/airflow/example_dags/example_setup_teardown.py
[2023-09-29T18:12:52.947+0000] {logging_mixin.py:151} INFO - [2023-09-29T18:12:52.947+0000] {dag.py:2915} INFO - Sync 1 DAGs
[2023-09-29T18:12:52.963+0000] {logging_mixin.py:151} INFO - [2023-09-29T18:12:52.963+0000] {dag.py:3696} INFO - Setting next_dagrun for example_setup_teardown to 2023-09-28T18:12:52.963382+00:00, run_after=2023-09-29T18:12:52.963382+00:00
[2023-09-29T18:12:52.974+0000] {processor.py:179} INFO - Processing /home/airflow/.local/lib/python3.8/site-packages/airflow/example_dags/example_setup_teardown.py took 0.054 seconds
[2023-09-29T18:13:23.551+0000] {processor.py:157} INFO - Started process (PID=710) to work on /home/airflow/.local/lib/python3.8/site-packages/airflow/example_dags/example_setup_teardown.py
[2023-09-29T18:13:23.552+0000] {processor.py:829} INFO - Processing file /home/airflow/.local/lib/python3.8/site-packages/airflow/example_dags/example_setup_teardown.py for tasks to queue
[2023-09-29T18:13:23.554+0000] {logging_mixin.py:151} INFO - [2023-09-29T18:13:23.554+0000] {dagbag.py:539} INFO - Filling up the DagBag from /home/airflow/.local/lib/python3.8/site-packages/airflow/example_dags/example_setup_teardown.py
[2023-09-29T18:13:23.560+0000] {processor.py:839} INFO - DAG(s) dict_keys(['example_setup_teardown']) retrieved from /home/airflow/.local/lib/python3.8/site-packages/airflow/example_dags/example_setup_teardown.py
[2023-09-29T18:13:23.576+0000] {logging_mixin.py:151} INFO - [2023-09-29T18:13:23.575+0000] {dag.py:2915} INFO - Sync 1 DAGs
[2023-09-29T18:13:23.593+0000] {logging_mixin.py:151} INFO - [2023-09-29T18:13:23.593+0000] {dag.py:3696} INFO - Setting next_dagrun for example_setup_teardown to 2023-09-28T18:13:23.593097+00:00, run_after=2023-09-29T18:13:23.593097+00:00
[2023-09-29T18:13:23.605+0000] {processor.py:179} INFO - Processing /home/airflow/.local/lib/python3.8/site-packages/airflow/example_dags/example_setup_teardown.py took 0.057 seconds
[2023-09-29T18:13:54.423+0000] {processor.py:157} INFO - Started process (PID=765) to work on /home/airflow/.local/lib/python3.8/site-packages/airflow/example_dags/example_setup_teardown.py
[2023-09-29T18:13:54.424+0000] {processor.py:829} INFO - Processing file /home/airflow/.local/lib/python3.8/site-packages/airflow/example_dags/example_setup_teardown.py for tasks to queue
[2023-09-29T18:13:54.426+0000] {logging_mixin.py:151} INFO - [2023-09-29T18:13:54.426+0000] {dagbag.py:539} INFO - Filling up the DagBag from /home/airflow/.local/lib/python3.8/site-packages/airflow/example_dags/example_setup_teardown.py
[2023-09-29T18:13:54.432+0000] {processor.py:839} INFO - DAG(s) dict_keys(['example_setup_teardown']) retrieved from /home/airflow/.local/lib/python3.8/site-packages/airflow/example_dags/example_setup_teardown.py
[2023-09-29T18:13:54.447+0000] {logging_mixin.py:151} INFO - [2023-09-29T18:13:54.447+0000] {dag.py:2915} INFO - Sync 1 DAGs
[2023-09-29T18:13:54.463+0000] {logging_mixin.py:151} INFO - [2023-09-29T18:13:54.463+0000] {dag.py:3696} INFO - Setting next_dagrun for example_setup_teardown to 2023-09-28T18:13:54.463446+00:00, run_after=2023-09-29T18:13:54.463446+00:00
[2023-09-29T18:13:54.475+0000] {processor.py:179} INFO - Processing /home/airflow/.local/lib/python3.8/site-packages/airflow/example_dags/example_setup_teardown.py took 0.055 seconds
[2023-09-29T18:14:24.577+0000] {processor.py:157} INFO - Started process (PID=819) to work on /home/airflow/.local/lib/python3.8/site-packages/airflow/example_dags/example_setup_teardown.py
[2023-09-29T18:14:24.578+0000] {processor.py:829} INFO - Processing file /home/airflow/.local/lib/python3.8/site-packages/airflow/example_dags/example_setup_teardown.py for tasks to queue
[2023-09-29T18:14:24.580+0000] {logging_mixin.py:151} INFO - [2023-09-29T18:14:24.580+0000] {dagbag.py:539} INFO - Filling up the DagBag from /home/airflow/.local/lib/python3.8/site-packages/airflow/example_dags/example_setup_teardown.py
[2023-09-29T18:14:24.586+0000] {processor.py:839} INFO - DAG(s) dict_keys(['example_setup_teardown']) retrieved from /home/airflow/.local/lib/python3.8/site-packages/airflow/example_dags/example_setup_teardown.py
[2023-09-29T18:14:24.601+0000] {logging_mixin.py:151} INFO - [2023-09-29T18:14:24.601+0000] {dag.py:2915} INFO - Sync 1 DAGs
[2023-09-29T18:14:24.616+0000] {logging_mixin.py:151} INFO - [2023-09-29T18:14:24.616+0000] {dag.py:3696} INFO - Setting next_dagrun for example_setup_teardown to 2023-09-28T18:14:24.616197+00:00, run_after=2023-09-29T18:14:24.616197+00:00
[2023-09-29T18:14:24.629+0000] {processor.py:179} INFO - Processing /home/airflow/.local/lib/python3.8/site-packages/airflow/example_dags/example_setup_teardown.py took 0.055 seconds
[2023-09-29T18:14:55.286+0000] {processor.py:157} INFO - Started process (PID=874) to work on /home/airflow/.local/lib/python3.8/site-packages/airflow/example_dags/example_setup_teardown.py
[2023-09-29T18:14:55.287+0000] {processor.py:829} INFO - Processing file /home/airflow/.local/lib/python3.8/site-packages/airflow/example_dags/example_setup_teardown.py for tasks to queue
[2023-09-29T18:14:55.290+0000] {logging_mixin.py:151} INFO - [2023-09-29T18:14:55.289+0000] {dagbag.py:539} INFO - Filling up the DagBag from /home/airflow/.local/lib/python3.8/site-packages/airflow/example_dags/example_setup_teardown.py
[2023-09-29T18:14:55.297+0000] {processor.py:839} INFO - DAG(s) dict_keys(['example_setup_teardown']) retrieved from /home/airflow/.local/lib/python3.8/site-packages/airflow/example_dags/example_setup_teardown.py
[2023-09-29T18:14:55.318+0000] {logging_mixin.py:151} INFO - [2023-09-29T18:14:55.318+0000] {dag.py:2915} INFO - Sync 1 DAGs
[2023-09-29T18:14:55.337+0000] {logging_mixin.py:151} INFO - [2023-09-29T18:14:55.337+0000] {dag.py:3696} INFO - Setting next_dagrun for example_setup_teardown to 2023-09-28T18:14:55.336828+00:00, run_after=2023-09-29T18:14:55.336828+00:00
[2023-09-29T18:14:55.351+0000] {processor.py:179} INFO - Processing /home/airflow/.local/lib/python3.8/site-packages/airflow/example_dags/example_setup_teardown.py took 0.069 seconds
[2023-09-29T18:15:25.408+0000] {processor.py:157} INFO - Started process (PID=929) to work on /home/airflow/.local/lib/python3.8/site-packages/airflow/example_dags/example_setup_teardown.py
[2023-09-29T18:15:25.408+0000] {processor.py:829} INFO - Processing file /home/airflow/.local/lib/python3.8/site-packages/airflow/example_dags/example_setup_teardown.py for tasks to queue
[2023-09-29T18:15:25.410+0000] {logging_mixin.py:151} INFO - [2023-09-29T18:15:25.410+0000] {dagbag.py:539} INFO - Filling up the DagBag from /home/airflow/.local/lib/python3.8/site-packages/airflow/example_dags/example_setup_teardown.py
[2023-09-29T18:15:25.416+0000] {processor.py:839} INFO - DAG(s) dict_keys(['example_setup_teardown']) retrieved from /home/airflow/.local/lib/python3.8/site-packages/airflow/example_dags/example_setup_teardown.py
[2023-09-29T18:15:25.431+0000] {logging_mixin.py:151} INFO - [2023-09-29T18:15:25.431+0000] {dag.py:2915} INFO - Sync 1 DAGs
[2023-09-29T18:15:25.446+0000] {logging_mixin.py:151} INFO - [2023-09-29T18:15:25.446+0000] {dag.py:3696} INFO - Setting next_dagrun for example_setup_teardown to 2023-09-28T18:15:25.446452+00:00, run_after=2023-09-29T18:15:25.446452+00:00
[2023-09-29T18:15:25.460+0000] {processor.py:179} INFO - Processing /home/airflow/.local/lib/python3.8/site-packages/airflow/example_dags/example_setup_teardown.py took 0.055 seconds
[2023-09-29T18:15:56.026+0000] {processor.py:157} INFO - Started process (PID=984) to work on /home/airflow/.local/lib/python3.8/site-packages/airflow/example_dags/example_setup_teardown.py
[2023-09-29T18:15:56.027+0000] {processor.py:829} INFO - Processing file /home/airflow/.local/lib/python3.8/site-packages/airflow/example_dags/example_setup_teardown.py for tasks to queue
[2023-09-29T18:15:56.029+0000] {logging_mixin.py:151} INFO - [2023-09-29T18:15:56.029+0000] {dagbag.py:539} INFO - Filling up the DagBag from /home/airflow/.local/lib/python3.8/site-packages/airflow/example_dags/example_setup_teardown.py
[2023-09-29T18:15:56.035+0000] {processor.py:839} INFO - DAG(s) dict_keys(['example_setup_teardown']) retrieved from /home/airflow/.local/lib/python3.8/site-packages/airflow/example_dags/example_setup_teardown.py
[2023-09-29T18:15:56.050+0000] {logging_mixin.py:151} INFO - [2023-09-29T18:15:56.050+0000] {dag.py:2915} INFO - Sync 1 DAGs
[2023-09-29T18:15:56.066+0000] {logging_mixin.py:151} INFO - [2023-09-29T18:15:56.065+0000] {dag.py:3696} INFO - Setting next_dagrun for example_setup_teardown to 2023-09-28T18:15:56.065691+00:00, run_after=2023-09-29T18:15:56.065691+00:00
[2023-09-29T18:15:56.077+0000] {processor.py:179} INFO - Processing /home/airflow/.local/lib/python3.8/site-packages/airflow/example_dags/example_setup_teardown.py took 0.054 seconds
[2023-09-29T18:16:26.380+0000] {processor.py:157} INFO - Started process (PID=1039) to work on /home/airflow/.local/lib/python3.8/site-packages/airflow/example_dags/example_setup_teardown.py
[2023-09-29T18:16:26.382+0000] {processor.py:829} INFO - Processing file /home/airflow/.local/lib/python3.8/site-packages/airflow/example_dags/example_setup_teardown.py for tasks to queue
[2023-09-29T18:16:26.385+0000] {logging_mixin.py:151} INFO - [2023-09-29T18:16:26.385+0000] {dagbag.py:539} INFO - Filling up the DagBag from /home/airflow/.local/lib/python3.8/site-packages/airflow/example_dags/example_setup_teardown.py
[2023-09-29T18:16:26.391+0000] {processor.py:839} INFO - DAG(s) dict_keys(['example_setup_teardown']) retrieved from /home/airflow/.local/lib/python3.8/site-packages/airflow/example_dags/example_setup_teardown.py
[2023-09-29T18:16:26.407+0000] {logging_mixin.py:151} INFO - [2023-09-29T18:16:26.407+0000] {dag.py:2915} INFO - Sync 1 DAGs
[2023-09-29T18:16:26.422+0000] {logging_mixin.py:151} INFO - [2023-09-29T18:16:26.422+0000] {dag.py:3696} INFO - Setting next_dagrun for example_setup_teardown to 2023-09-28T18:16:26.422053+00:00, run_after=2023-09-29T18:16:26.422053+00:00
[2023-09-29T18:16:26.434+0000] {processor.py:179} INFO - Processing /home/airflow/.local/lib/python3.8/site-packages/airflow/example_dags/example_setup_teardown.py took 0.057 seconds
[2023-09-29T18:16:56.874+0000] {processor.py:157} INFO - Started process (PID=1094) to work on /home/airflow/.local/lib/python3.8/site-packages/airflow/example_dags/example_setup_teardown.py
[2023-09-29T18:16:56.875+0000] {processor.py:829} INFO - Processing file /home/airflow/.local/lib/python3.8/site-packages/airflow/example_dags/example_setup_teardown.py for tasks to queue
[2023-09-29T18:16:56.877+0000] {logging_mixin.py:151} INFO - [2023-09-29T18:16:56.877+0000] {dagbag.py:539} INFO - Filling up the DagBag from /home/airflow/.local/lib/python3.8/site-packages/airflow/example_dags/example_setup_teardown.py
[2023-09-29T18:16:56.883+0000] {processor.py:839} INFO - DAG(s) dict_keys(['example_setup_teardown']) retrieved from /home/airflow/.local/lib/python3.8/site-packages/airflow/example_dags/example_setup_teardown.py
[2023-09-29T18:16:56.900+0000] {logging_mixin.py:151} INFO - [2023-09-29T18:16:56.900+0000] {dag.py:2915} INFO - Sync 1 DAGs
[2023-09-29T18:16:56.916+0000] {logging_mixin.py:151} INFO - [2023-09-29T18:16:56.916+0000] {dag.py:3696} INFO - Setting next_dagrun for example_setup_teardown to 2023-09-28T18:16:56.916461+00:00, run_after=2023-09-29T18:16:56.916461+00:00
[2023-09-29T18:16:56.927+0000] {processor.py:179} INFO - Processing /home/airflow/.local/lib/python3.8/site-packages/airflow/example_dags/example_setup_teardown.py took 0.057 seconds
[2023-09-29T18:17:27.095+0000] {processor.py:157} INFO - Started process (PID=1150) to work on /home/airflow/.local/lib/python3.8/site-packages/airflow/example_dags/example_setup_teardown.py
[2023-09-29T18:17:27.097+0000] {processor.py:829} INFO - Processing file /home/airflow/.local/lib/python3.8/site-packages/airflow/example_dags/example_setup_teardown.py for tasks to queue
[2023-09-29T18:17:27.099+0000] {logging_mixin.py:151} INFO - [2023-09-29T18:17:27.099+0000] {dagbag.py:539} INFO - Filling up the DagBag from /home/airflow/.local/lib/python3.8/site-packages/airflow/example_dags/example_setup_teardown.py
[2023-09-29T18:17:27.105+0000] {processor.py:839} INFO - DAG(s) dict_keys(['example_setup_teardown']) retrieved from /home/airflow/.local/lib/python3.8/site-packages/airflow/example_dags/example_setup_teardown.py
[2023-09-29T18:17:27.120+0000] {logging_mixin.py:151} INFO - [2023-09-29T18:17:27.120+0000] {dag.py:2915} INFO - Sync 1 DAGs
[2023-09-29T18:17:27.137+0000] {logging_mixin.py:151} INFO - [2023-09-29T18:17:27.137+0000] {dag.py:3696} INFO - Setting next_dagrun for example_setup_teardown to 2023-09-28T18:17:27.137246+00:00, run_after=2023-09-29T18:17:27.137246+00:00
[2023-09-29T18:17:27.150+0000] {processor.py:179} INFO - Processing /home/airflow/.local/lib/python3.8/site-packages/airflow/example_dags/example_setup_teardown.py took 0.058 seconds
[2023-09-29T18:17:57.715+0000] {processor.py:157} INFO - Started process (PID=1205) to work on /home/airflow/.local/lib/python3.8/site-packages/airflow/example_dags/example_setup_teardown.py
[2023-09-29T18:17:57.717+0000] {processor.py:829} INFO - Processing file /home/airflow/.local/lib/python3.8/site-packages/airflow/example_dags/example_setup_teardown.py for tasks to queue
[2023-09-29T18:17:57.719+0000] {logging_mixin.py:151} INFO - [2023-09-29T18:17:57.718+0000] {dagbag.py:539} INFO - Filling up the DagBag from /home/airflow/.local/lib/python3.8/site-packages/airflow/example_dags/example_setup_teardown.py
[2023-09-29T18:17:57.725+0000] {processor.py:839} INFO - DAG(s) dict_keys(['example_setup_teardown']) retrieved from /home/airflow/.local/lib/python3.8/site-packages/airflow/example_dags/example_setup_teardown.py
[2023-09-29T18:17:57.750+0000] {logging_mixin.py:151} INFO - [2023-09-29T18:17:57.750+0000] {dag.py:2915} INFO - Sync 1 DAGs
[2023-09-29T18:17:57.776+0000] {logging_mixin.py:151} INFO - [2023-09-29T18:17:57.776+0000] {dag.py:3696} INFO - Setting next_dagrun for example_setup_teardown to 2023-09-28T18:17:57.776096+00:00, run_after=2023-09-29T18:17:57.776096+00:00
[2023-09-29T18:17:57.797+0000] {processor.py:179} INFO - Processing /home/airflow/.local/lib/python3.8/site-packages/airflow/example_dags/example_setup_teardown.py took 0.085 seconds
[2023-09-29T18:18:28.197+0000] {processor.py:157} INFO - Started process (PID=1260) to work on /home/airflow/.local/lib/python3.8/site-packages/airflow/example_dags/example_setup_teardown.py
[2023-09-29T18:18:28.198+0000] {processor.py:829} INFO - Processing file /home/airflow/.local/lib/python3.8/site-packages/airflow/example_dags/example_setup_teardown.py for tasks to queue
[2023-09-29T18:18:28.200+0000] {logging_mixin.py:151} INFO - [2023-09-29T18:18:28.200+0000] {dagbag.py:539} INFO - Filling up the DagBag from /home/airflow/.local/lib/python3.8/site-packages/airflow/example_dags/example_setup_teardown.py
[2023-09-29T18:18:28.206+0000] {processor.py:839} INFO - DAG(s) dict_keys(['example_setup_teardown']) retrieved from /home/airflow/.local/lib/python3.8/site-packages/airflow/example_dags/example_setup_teardown.py
[2023-09-29T18:18:28.222+0000] {logging_mixin.py:151} INFO - [2023-09-29T18:18:28.222+0000] {dag.py:2915} INFO - Sync 1 DAGs
[2023-09-29T18:18:28.237+0000] {logging_mixin.py:151} INFO - [2023-09-29T18:18:28.237+0000] {dag.py:3696} INFO - Setting next_dagrun for example_setup_teardown to 2023-09-28T18:18:28.237284+00:00, run_after=2023-09-29T18:18:28.237284+00:00
[2023-09-29T18:18:28.249+0000] {processor.py:179} INFO - Processing /home/airflow/.local/lib/python3.8/site-packages/airflow/example_dags/example_setup_teardown.py took 0.055 seconds
[2023-09-29T18:18:58.829+0000] {processor.py:157} INFO - Started process (PID=1315) to work on /home/airflow/.local/lib/python3.8/site-packages/airflow/example_dags/example_setup_teardown.py
[2023-09-29T18:18:58.830+0000] {processor.py:829} INFO - Processing file /home/airflow/.local/lib/python3.8/site-packages/airflow/example_dags/example_setup_teardown.py for tasks to queue
[2023-09-29T18:18:58.833+0000] {logging_mixin.py:151} INFO - [2023-09-29T18:18:58.832+0000] {dagbag.py:539} INFO - Filling up the DagBag from /home/airflow/.local/lib/python3.8/site-packages/airflow/example_dags/example_setup_teardown.py
[2023-09-29T18:18:58.844+0000] {processor.py:839} INFO - DAG(s) dict_keys(['example_setup_teardown']) retrieved from /home/airflow/.local/lib/python3.8/site-packages/airflow/example_dags/example_setup_teardown.py
[2023-09-29T18:18:58.866+0000] {logging_mixin.py:151} INFO - [2023-09-29T18:18:58.866+0000] {dag.py:2915} INFO - Sync 1 DAGs
[2023-09-29T18:18:58.883+0000] {logging_mixin.py:151} INFO - [2023-09-29T18:18:58.883+0000] {dag.py:3696} INFO - Setting next_dagrun for example_setup_teardown to 2023-09-28T18:18:58.883147+00:00, run_after=2023-09-29T18:18:58.883147+00:00
[2023-09-29T18:18:58.895+0000] {processor.py:179} INFO - Processing /home/airflow/.local/lib/python3.8/site-packages/airflow/example_dags/example_setup_teardown.py took 0.072 seconds
[2023-09-29T18:19:29.443+0000] {processor.py:157} INFO - Started process (PID=1370) to work on /home/airflow/.local/lib/python3.8/site-packages/airflow/example_dags/example_setup_teardown.py
[2023-09-29T18:19:29.444+0000] {processor.py:829} INFO - Processing file /home/airflow/.local/lib/python3.8/site-packages/airflow/example_dags/example_setup_teardown.py for tasks to queue
[2023-09-29T18:19:29.446+0000] {logging_mixin.py:151} INFO - [2023-09-29T18:19:29.446+0000] {dagbag.py:539} INFO - Filling up the DagBag from /home/airflow/.local/lib/python3.8/site-packages/airflow/example_dags/example_setup_teardown.py
[2023-09-29T18:19:29.452+0000] {processor.py:839} INFO - DAG(s) dict_keys(['example_setup_teardown']) retrieved from /home/airflow/.local/lib/python3.8/site-packages/airflow/example_dags/example_setup_teardown.py
[2023-09-29T18:19:29.467+0000] {logging_mixin.py:151} INFO - [2023-09-29T18:19:29.467+0000] {dag.py:2915} INFO - Sync 1 DAGs
[2023-09-29T18:19:29.486+0000] {logging_mixin.py:151} INFO - [2023-09-29T18:19:29.486+0000] {dag.py:3696} INFO - Setting next_dagrun for example_setup_teardown to 2023-09-28T18:19:29.485972+00:00, run_after=2023-09-29T18:19:29.485972+00:00
[2023-09-29T18:19:29.503+0000] {processor.py:179} INFO - Processing /home/airflow/.local/lib/python3.8/site-packages/airflow/example_dags/example_setup_teardown.py took 0.064 seconds
[2023-09-29T18:19:59.955+0000] {processor.py:157} INFO - Started process (PID=1425) to work on /home/airflow/.local/lib/python3.8/site-packages/airflow/example_dags/example_setup_teardown.py
[2023-09-29T18:19:59.956+0000] {processor.py:829} INFO - Processing file /home/airflow/.local/lib/python3.8/site-packages/airflow/example_dags/example_setup_teardown.py for tasks to queue
[2023-09-29T18:19:59.958+0000] {logging_mixin.py:151} INFO - [2023-09-29T18:19:59.958+0000] {dagbag.py:539} INFO - Filling up the DagBag from /home/airflow/.local/lib/python3.8/site-packages/airflow/example_dags/example_setup_teardown.py
[2023-09-29T18:19:59.964+0000] {processor.py:839} INFO - DAG(s) dict_keys(['example_setup_teardown']) retrieved from /home/airflow/.local/lib/python3.8/site-packages/airflow/example_dags/example_setup_teardown.py
[2023-09-29T18:19:59.981+0000] {logging_mixin.py:151} INFO - [2023-09-29T18:19:59.981+0000] {dag.py:2915} INFO - Sync 1 DAGs
[2023-09-29T18:19:59.997+0000] {logging_mixin.py:151} INFO - [2023-09-29T18:19:59.997+0000] {dag.py:3696} INFO - Setting next_dagrun for example_setup_teardown to 2023-09-28T18:19:59.997175+00:00, run_after=2023-09-29T18:19:59.997175+00:00
[2023-09-29T18:20:00.010+0000] {processor.py:179} INFO - Processing /home/airflow/.local/lib/python3.8/site-packages/airflow/example_dags/example_setup_teardown.py took 0.058 seconds
[2023-09-29T18:20:30.455+0000] {processor.py:157} INFO - Started process (PID=1480) to work on /home/airflow/.local/lib/python3.8/site-packages/airflow/example_dags/example_setup_teardown.py
[2023-09-29T18:20:30.458+0000] {processor.py:829} INFO - Processing file /home/airflow/.local/lib/python3.8/site-packages/airflow/example_dags/example_setup_teardown.py for tasks to queue
[2023-09-29T18:20:30.462+0000] {logging_mixin.py:151} INFO - [2023-09-29T18:20:30.461+0000] {dagbag.py:539} INFO - Filling up the DagBag from /home/airflow/.local/lib/python3.8/site-packages/airflow/example_dags/example_setup_teardown.py
[2023-09-29T18:20:30.471+0000] {processor.py:839} INFO - DAG(s) dict_keys(['example_setup_teardown']) retrieved from /home/airflow/.local/lib/python3.8/site-packages/airflow/example_dags/example_setup_teardown.py
[2023-09-29T18:20:30.490+0000] {logging_mixin.py:151} INFO - [2023-09-29T18:20:30.490+0000] {dag.py:2915} INFO - Sync 1 DAGs
[2023-09-29T18:20:30.511+0000] {logging_mixin.py:151} INFO - [2023-09-29T18:20:30.511+0000] {dag.py:3696} INFO - Setting next_dagrun for example_setup_teardown to 2023-09-28T18:20:30.511524+00:00, run_after=2023-09-29T18:20:30.511524+00:00
[2023-09-29T18:20:30.532+0000] {processor.py:179} INFO - Processing /home/airflow/.local/lib/python3.8/site-packages/airflow/example_dags/example_setup_teardown.py took 0.081 seconds
[2023-09-29T18:21:00.762+0000] {processor.py:157} INFO - Started process (PID=1543) to work on /home/airflow/.local/lib/python3.8/site-packages/airflow/example_dags/example_setup_teardown.py
[2023-09-29T18:21:00.763+0000] {processor.py:829} INFO - Processing file /home/airflow/.local/lib/python3.8/site-packages/airflow/example_dags/example_setup_teardown.py for tasks to queue
[2023-09-29T18:21:00.765+0000] {logging_mixin.py:151} INFO - [2023-09-29T18:21:00.765+0000] {dagbag.py:539} INFO - Filling up the DagBag from /home/airflow/.local/lib/python3.8/site-packages/airflow/example_dags/example_setup_teardown.py
[2023-09-29T18:21:00.771+0000] {processor.py:839} INFO - DAG(s) dict_keys(['example_setup_teardown']) retrieved from /home/airflow/.local/lib/python3.8/site-packages/airflow/example_dags/example_setup_teardown.py
[2023-09-29T18:21:00.786+0000] {logging_mixin.py:151} INFO - [2023-09-29T18:21:00.786+0000] {dag.py:2915} INFO - Sync 1 DAGs
[2023-09-29T18:21:00.802+0000] {logging_mixin.py:151} INFO - [2023-09-29T18:21:00.802+0000] {dag.py:3696} INFO - Setting next_dagrun for example_setup_teardown to 2023-09-28T18:21:00.802052+00:00, run_after=2023-09-29T18:21:00.802052+00:00
[2023-09-29T18:21:00.814+0000] {processor.py:179} INFO - Processing /home/airflow/.local/lib/python3.8/site-packages/airflow/example_dags/example_setup_teardown.py took 0.055 seconds
[2023-09-29T18:21:30.970+0000] {processor.py:157} INFO - Started process (PID=1599) to work on /home/airflow/.local/lib/python3.8/site-packages/airflow/example_dags/example_setup_teardown.py
[2023-09-29T18:21:30.971+0000] {processor.py:829} INFO - Processing file /home/airflow/.local/lib/python3.8/site-packages/airflow/example_dags/example_setup_teardown.py for tasks to queue
[2023-09-29T18:21:30.974+0000] {logging_mixin.py:151} INFO - [2023-09-29T18:21:30.974+0000] {dagbag.py:539} INFO - Filling up the DagBag from /home/airflow/.local/lib/python3.8/site-packages/airflow/example_dags/example_setup_teardown.py
[2023-09-29T18:21:30.982+0000] {processor.py:839} INFO - DAG(s) dict_keys(['example_setup_teardown']) retrieved from /home/airflow/.local/lib/python3.8/site-packages/airflow/example_dags/example_setup_teardown.py
[2023-09-29T18:21:31.010+0000] {logging_mixin.py:151} INFO - [2023-09-29T18:21:31.010+0000] {dag.py:2915} INFO - Sync 1 DAGs
[2023-09-29T18:21:31.029+0000] {logging_mixin.py:151} INFO - [2023-09-29T18:21:31.029+0000] {dag.py:3696} INFO - Setting next_dagrun for example_setup_teardown to 2023-09-28T18:21:31.028884+00:00, run_after=2023-09-29T18:21:31.028884+00:00
[2023-09-29T18:21:31.042+0000] {processor.py:179} INFO - Processing /home/airflow/.local/lib/python3.8/site-packages/airflow/example_dags/example_setup_teardown.py took 0.082 seconds
[2023-09-29T18:22:01.697+0000] {processor.py:157} INFO - Started process (PID=1654) to work on /home/airflow/.local/lib/python3.8/site-packages/airflow/example_dags/example_setup_teardown.py
[2023-09-29T18:22:01.699+0000] {processor.py:829} INFO - Processing file /home/airflow/.local/lib/python3.8/site-packages/airflow/example_dags/example_setup_teardown.py for tasks to queue
[2023-09-29T18:22:01.701+0000] {logging_mixin.py:151} INFO - [2023-09-29T18:22:01.700+0000] {dagbag.py:539} INFO - Filling up the DagBag from /home/airflow/.local/lib/python3.8/site-packages/airflow/example_dags/example_setup_teardown.py
[2023-09-29T18:22:01.708+0000] {processor.py:839} INFO - DAG(s) dict_keys(['example_setup_teardown']) retrieved from /home/airflow/.local/lib/python3.8/site-packages/airflow/example_dags/example_setup_teardown.py
[2023-09-29T18:22:01.735+0000] {logging_mixin.py:151} INFO - [2023-09-29T18:22:01.734+0000] {dag.py:2915} INFO - Sync 1 DAGs
[2023-09-29T18:22:01.754+0000] {logging_mixin.py:151} INFO - [2023-09-29T18:22:01.754+0000] {dag.py:3696} INFO - Setting next_dagrun for example_setup_teardown to 2023-09-28T18:22:01.754434+00:00, run_after=2023-09-29T18:22:01.754434+00:00
[2023-09-29T18:22:01.768+0000] {processor.py:179} INFO - Processing /home/airflow/.local/lib/python3.8/site-packages/airflow/example_dags/example_setup_teardown.py took 0.075 seconds
[2023-09-29T18:22:32.042+0000] {processor.py:157} INFO - Started process (PID=1709) to work on /home/airflow/.local/lib/python3.8/site-packages/airflow/example_dags/example_setup_teardown.py
[2023-09-29T18:22:32.043+0000] {processor.py:829} INFO - Processing file /home/airflow/.local/lib/python3.8/site-packages/airflow/example_dags/example_setup_teardown.py for tasks to queue
[2023-09-29T18:22:32.045+0000] {logging_mixin.py:151} INFO - [2023-09-29T18:22:32.045+0000] {dagbag.py:539} INFO - Filling up the DagBag from /home/airflow/.local/lib/python3.8/site-packages/airflow/example_dags/example_setup_teardown.py
[2023-09-29T18:22:32.052+0000] {processor.py:839} INFO - DAG(s) dict_keys(['example_setup_teardown']) retrieved from /home/airflow/.local/lib/python3.8/site-packages/airflow/example_dags/example_setup_teardown.py
[2023-09-29T18:22:32.074+0000] {logging_mixin.py:151} INFO - [2023-09-29T18:22:32.074+0000] {dag.py:2915} INFO - Sync 1 DAGs
[2023-09-29T18:22:32.093+0000] {logging_mixin.py:151} INFO - [2023-09-29T18:22:32.093+0000] {dag.py:3696} INFO - Setting next_dagrun for example_setup_teardown to 2023-09-28T18:22:32.092946+00:00, run_after=2023-09-29T18:22:32.092946+00:00
[2023-09-29T18:22:32.106+0000] {processor.py:179} INFO - Processing /home/airflow/.local/lib/python3.8/site-packages/airflow/example_dags/example_setup_teardown.py took 0.068 seconds
[2023-09-29T18:23:02.260+0000] {processor.py:157} INFO - Started process (PID=1765) to work on /home/airflow/.local/lib/python3.8/site-packages/airflow/example_dags/example_setup_teardown.py
[2023-09-29T18:23:02.264+0000] {processor.py:829} INFO - Processing file /home/airflow/.local/lib/python3.8/site-packages/airflow/example_dags/example_setup_teardown.py for tasks to queue
[2023-09-29T18:23:02.266+0000] {logging_mixin.py:151} INFO - [2023-09-29T18:23:02.266+0000] {dagbag.py:539} INFO - Filling up the DagBag from /home/airflow/.local/lib/python3.8/site-packages/airflow/example_dags/example_setup_teardown.py
[2023-09-29T18:23:02.272+0000] {processor.py:839} INFO - DAG(s) dict_keys(['example_setup_teardown']) retrieved from /home/airflow/.local/lib/python3.8/site-packages/airflow/example_dags/example_setup_teardown.py
[2023-09-29T18:23:02.289+0000] {logging_mixin.py:151} INFO - [2023-09-29T18:23:02.289+0000] {dag.py:2915} INFO - Sync 1 DAGs
[2023-09-29T18:23:02.304+0000] {logging_mixin.py:151} INFO - [2023-09-29T18:23:02.304+0000] {dag.py:3696} INFO - Setting next_dagrun for example_setup_teardown to 2023-09-28T18:23:02.304230+00:00, run_after=2023-09-29T18:23:02.304230+00:00
[2023-09-29T18:23:02.316+0000] {processor.py:179} INFO - Processing /home/airflow/.local/lib/python3.8/site-packages/airflow/example_dags/example_setup_teardown.py took 0.059 seconds
[2023-09-29T18:23:32.545+0000] {processor.py:157} INFO - Started process (PID=1820) to work on /home/airflow/.local/lib/python3.8/site-packages/airflow/example_dags/example_setup_teardown.py
[2023-09-29T18:23:32.546+0000] {processor.py:829} INFO - Processing file /home/airflow/.local/lib/python3.8/site-packages/airflow/example_dags/example_setup_teardown.py for tasks to queue
[2023-09-29T18:23:32.548+0000] {logging_mixin.py:151} INFO - [2023-09-29T18:23:32.548+0000] {dagbag.py:539} INFO - Filling up the DagBag from /home/airflow/.local/lib/python3.8/site-packages/airflow/example_dags/example_setup_teardown.py
[2023-09-29T18:23:32.556+0000] {processor.py:839} INFO - DAG(s) dict_keys(['example_setup_teardown']) retrieved from /home/airflow/.local/lib/python3.8/site-packages/airflow/example_dags/example_setup_teardown.py
[2023-09-29T18:23:32.571+0000] {logging_mixin.py:151} INFO - [2023-09-29T18:23:32.571+0000] {dag.py:2915} INFO - Sync 1 DAGs
[2023-09-29T18:23:32.586+0000] {logging_mixin.py:151} INFO - [2023-09-29T18:23:32.586+0000] {dag.py:3696} INFO - Setting next_dagrun for example_setup_teardown to 2023-09-28T18:23:32.586422+00:00, run_after=2023-09-29T18:23:32.586422+00:00
[2023-09-29T18:23:32.598+0000] {processor.py:179} INFO - Processing /home/airflow/.local/lib/python3.8/site-packages/airflow/example_dags/example_setup_teardown.py took 0.056 seconds
[2023-09-29T18:24:02.828+0000] {processor.py:157} INFO - Started process (PID=1875) to work on /home/airflow/.local/lib/python3.8/site-packages/airflow/example_dags/example_setup_teardown.py
[2023-09-29T18:24:02.829+0000] {processor.py:829} INFO - Processing file /home/airflow/.local/lib/python3.8/site-packages/airflow/example_dags/example_setup_teardown.py for tasks to queue
[2023-09-29T18:24:02.832+0000] {logging_mixin.py:151} INFO - [2023-09-29T18:24:02.831+0000] {dagbag.py:539} INFO - Filling up the DagBag from /home/airflow/.local/lib/python3.8/site-packages/airflow/example_dags/example_setup_teardown.py
[2023-09-29T18:24:02.837+0000] {processor.py:839} INFO - DAG(s) dict_keys(['example_setup_teardown']) retrieved from /home/airflow/.local/lib/python3.8/site-packages/airflow/example_dags/example_setup_teardown.py
[2023-09-29T18:24:02.853+0000] {logging_mixin.py:151} INFO - [2023-09-29T18:24:02.853+0000] {dag.py:2915} INFO - Sync 1 DAGs
[2023-09-29T18:24:02.869+0000] {logging_mixin.py:151} INFO - [2023-09-29T18:24:02.869+0000] {dag.py:3696} INFO - Setting next_dagrun for example_setup_teardown to 2023-09-28T18:24:02.869537+00:00, run_after=2023-09-29T18:24:02.869537+00:00
[2023-09-29T18:24:02.881+0000] {processor.py:179} INFO - Processing /home/airflow/.local/lib/python3.8/site-packages/airflow/example_dags/example_setup_teardown.py took 0.056 seconds
[2023-09-29T18:24:33.017+0000] {processor.py:157} INFO - Started process (PID=1930) to work on /home/airflow/.local/lib/python3.8/site-packages/airflow/example_dags/example_setup_teardown.py
[2023-09-29T18:24:33.018+0000] {processor.py:829} INFO - Processing file /home/airflow/.local/lib/python3.8/site-packages/airflow/example_dags/example_setup_teardown.py for tasks to queue
[2023-09-29T18:24:33.020+0000] {logging_mixin.py:151} INFO - [2023-09-29T18:24:33.020+0000] {dagbag.py:539} INFO - Filling up the DagBag from /home/airflow/.local/lib/python3.8/site-packages/airflow/example_dags/example_setup_teardown.py
[2023-09-29T18:24:33.026+0000] {processor.py:839} INFO - DAG(s) dict_keys(['example_setup_teardown']) retrieved from /home/airflow/.local/lib/python3.8/site-packages/airflow/example_dags/example_setup_teardown.py
[2023-09-29T18:24:33.045+0000] {logging_mixin.py:151} INFO - [2023-09-29T18:24:33.044+0000] {dag.py:2915} INFO - Sync 1 DAGs
[2023-09-29T18:24:33.062+0000] {logging_mixin.py:151} INFO - [2023-09-29T18:24:33.062+0000] {dag.py:3696} INFO - Setting next_dagrun for example_setup_teardown to 2023-09-28T18:24:33.062389+00:00, run_after=2023-09-29T18:24:33.062389+00:00
[2023-09-29T18:24:33.074+0000] {processor.py:179} INFO - Processing /home/airflow/.local/lib/python3.8/site-packages/airflow/example_dags/example_setup_teardown.py took 0.060 seconds
[2023-09-29T18:25:03.287+0000] {processor.py:157} INFO - Started process (PID=1985) to work on /home/airflow/.local/lib/python3.8/site-packages/airflow/example_dags/example_setup_teardown.py
[2023-09-29T18:25:03.289+0000] {processor.py:829} INFO - Processing file /home/airflow/.local/lib/python3.8/site-packages/airflow/example_dags/example_setup_teardown.py for tasks to queue
[2023-09-29T18:25:03.291+0000] {logging_mixin.py:151} INFO - [2023-09-29T18:25:03.291+0000] {dagbag.py:539} INFO - Filling up the DagBag from /home/airflow/.local/lib/python3.8/site-packages/airflow/example_dags/example_setup_teardown.py
[2023-09-29T18:25:03.296+0000] {processor.py:839} INFO - DAG(s) dict_keys(['example_setup_teardown']) retrieved from /home/airflow/.local/lib/python3.8/site-packages/airflow/example_dags/example_setup_teardown.py
[2023-09-29T18:25:03.312+0000] {logging_mixin.py:151} INFO - [2023-09-29T18:25:03.311+0000] {dag.py:2915} INFO - Sync 1 DAGs
[2023-09-29T18:25:03.327+0000] {logging_mixin.py:151} INFO - [2023-09-29T18:25:03.327+0000] {dag.py:3696} INFO - Setting next_dagrun for example_setup_teardown to 2023-09-28T18:25:03.327105+00:00, run_after=2023-09-29T18:25:03.327105+00:00
[2023-09-29T18:25:03.341+0000] {processor.py:179} INFO - Processing /home/airflow/.local/lib/python3.8/site-packages/airflow/example_dags/example_setup_teardown.py took 0.056 seconds
