[2023-09-29T18:07:13.755+0000] {processor.py:157} INFO - Started process (PID=53) to work on /home/airflow/.local/lib/python3.8/site-packages/airflow/example_dags/example_sla_dag.py
[2023-09-29T18:07:13.756+0000] {processor.py:829} INFO - Processing file /home/airflow/.local/lib/python3.8/site-packages/airflow/example_dags/example_sla_dag.py for tasks to queue
[2023-09-29T18:07:13.760+0000] {logging_mixin.py:151} INFO - [2023-09-29T18:07:13.760+0000] {dagbag.py:539} INFO - Filling up the DagBag from /home/airflow/.local/lib/python3.8/site-packages/airflow/example_dags/example_sla_dag.py
[2023-09-29T18:07:13.776+0000] {processor.py:839} INFO - DAG(s) dict_keys(['example_sla_dag']) retrieved from /home/airflow/.local/lib/python3.8/site-packages/airflow/example_dags/example_sla_dag.py
[2023-09-29T18:07:13.793+0000] {logging_mixin.py:151} INFO - [2023-09-29T18:07:13.793+0000] {dag.py:2915} INFO - Sync 1 DAGs
[2023-09-29T18:07:13.822+0000] {logging_mixin.py:151} INFO - [2023-09-29T18:07:13.822+0000] {dag.py:3696} INFO - Setting next_dagrun for example_sla_dag to 2023-09-29T18:04:00+00:00, run_after=2023-09-29T18:06:00+00:00
[2023-09-29T18:07:13.841+0000] {processor.py:179} INFO - Processing /home/airflow/.local/lib/python3.8/site-packages/airflow/example_dags/example_sla_dag.py took 0.092 seconds
[2023-09-29T18:07:47.899+0000] {processor.py:157} INFO - Started process (PID=107) to work on /home/airflow/.local/lib/python3.8/site-packages/airflow/example_dags/example_sla_dag.py
[2023-09-29T18:07:47.901+0000] {processor.py:829} INFO - Processing file /home/airflow/.local/lib/python3.8/site-packages/airflow/example_dags/example_sla_dag.py for tasks to queue
[2023-09-29T18:07:47.908+0000] {logging_mixin.py:151} INFO - [2023-09-29T18:07:47.908+0000] {dagbag.py:539} INFO - Filling up the DagBag from /home/airflow/.local/lib/python3.8/site-packages/airflow/example_dags/example_sla_dag.py
[2023-09-29T18:07:47.933+0000] {processor.py:839} INFO - DAG(s) dict_keys(['example_sla_dag']) retrieved from /home/airflow/.local/lib/python3.8/site-packages/airflow/example_dags/example_sla_dag.py
[2023-09-29T18:07:47.967+0000] {logging_mixin.py:151} INFO - [2023-09-29T18:07:47.967+0000] {dag.py:2915} INFO - Sync 1 DAGs
[2023-09-29T18:07:48.128+0000] {logging_mixin.py:151} INFO - [2023-09-29T18:07:48.126+0000] {dag.py:3696} INFO - Setting next_dagrun for example_sla_dag to 2023-09-29T18:04:00+00:00, run_after=2023-09-29T18:06:00+00:00
[2023-09-29T18:07:48.231+0000] {processor.py:179} INFO - Processing /home/airflow/.local/lib/python3.8/site-packages/airflow/example_dags/example_sla_dag.py took 0.341 seconds
[2023-09-29T18:08:18.974+0000] {processor.py:157} INFO - Started process (PID=160) to work on /home/airflow/.local/lib/python3.8/site-packages/airflow/example_dags/example_sla_dag.py
[2023-09-29T18:08:18.976+0000] {processor.py:829} INFO - Processing file /home/airflow/.local/lib/python3.8/site-packages/airflow/example_dags/example_sla_dag.py for tasks to queue
[2023-09-29T18:08:18.979+0000] {logging_mixin.py:151} INFO - [2023-09-29T18:08:18.978+0000] {dagbag.py:539} INFO - Filling up the DagBag from /home/airflow/.local/lib/python3.8/site-packages/airflow/example_dags/example_sla_dag.py
[2023-09-29T18:08:18.994+0000] {processor.py:839} INFO - DAG(s) dict_keys(['example_sla_dag']) retrieved from /home/airflow/.local/lib/python3.8/site-packages/airflow/example_dags/example_sla_dag.py
[2023-09-29T18:08:19.018+0000] {logging_mixin.py:151} INFO - [2023-09-29T18:08:19.017+0000] {dag.py:2915} INFO - Sync 1 DAGs
[2023-09-29T18:08:19.041+0000] {logging_mixin.py:151} INFO - [2023-09-29T18:08:19.040+0000] {dag.py:3696} INFO - Setting next_dagrun for example_sla_dag to 2023-09-29T18:06:00+00:00, run_after=2023-09-29T18:08:00+00:00
[2023-09-29T18:08:19.054+0000] {processor.py:179} INFO - Processing /home/airflow/.local/lib/python3.8/site-packages/airflow/example_dags/example_sla_dag.py took 0.084 seconds
[2023-09-29T18:08:49.661+0000] {processor.py:157} INFO - Started process (PID=215) to work on /home/airflow/.local/lib/python3.8/site-packages/airflow/example_dags/example_sla_dag.py
[2023-09-29T18:08:49.663+0000] {processor.py:829} INFO - Processing file /home/airflow/.local/lib/python3.8/site-packages/airflow/example_dags/example_sla_dag.py for tasks to queue
[2023-09-29T18:08:49.667+0000] {logging_mixin.py:151} INFO - [2023-09-29T18:08:49.666+0000] {dagbag.py:539} INFO - Filling up the DagBag from /home/airflow/.local/lib/python3.8/site-packages/airflow/example_dags/example_sla_dag.py
[2023-09-29T18:08:49.678+0000] {processor.py:839} INFO - DAG(s) dict_keys(['example_sla_dag']) retrieved from /home/airflow/.local/lib/python3.8/site-packages/airflow/example_dags/example_sla_dag.py
[2023-09-29T18:08:49.701+0000] {logging_mixin.py:151} INFO - [2023-09-29T18:08:49.700+0000] {dag.py:2915} INFO - Sync 1 DAGs
[2023-09-29T18:08:49.722+0000] {logging_mixin.py:151} INFO - [2023-09-29T18:08:49.722+0000] {dag.py:3696} INFO - Setting next_dagrun for example_sla_dag to 2023-09-29T18:06:00+00:00, run_after=2023-09-29T18:08:00+00:00
[2023-09-29T18:08:49.736+0000] {processor.py:179} INFO - Processing /home/airflow/.local/lib/python3.8/site-packages/airflow/example_dags/example_sla_dag.py took 0.080 seconds
[2023-09-29T18:09:20.170+0000] {processor.py:157} INFO - Started process (PID=270) to work on /home/airflow/.local/lib/python3.8/site-packages/airflow/example_dags/example_sla_dag.py
[2023-09-29T18:09:20.172+0000] {processor.py:829} INFO - Processing file /home/airflow/.local/lib/python3.8/site-packages/airflow/example_dags/example_sla_dag.py for tasks to queue
[2023-09-29T18:09:20.174+0000] {logging_mixin.py:151} INFO - [2023-09-29T18:09:20.174+0000] {dagbag.py:539} INFO - Filling up the DagBag from /home/airflow/.local/lib/python3.8/site-packages/airflow/example_dags/example_sla_dag.py
[2023-09-29T18:09:20.182+0000] {processor.py:839} INFO - DAG(s) dict_keys(['example_sla_dag']) retrieved from /home/airflow/.local/lib/python3.8/site-packages/airflow/example_dags/example_sla_dag.py
[2023-09-29T18:09:20.204+0000] {logging_mixin.py:151} INFO - [2023-09-29T18:09:20.204+0000] {dag.py:2915} INFO - Sync 1 DAGs
[2023-09-29T18:09:20.225+0000] {logging_mixin.py:151} INFO - [2023-09-29T18:09:20.225+0000] {dag.py:3696} INFO - Setting next_dagrun for example_sla_dag to 2023-09-29T18:06:00+00:00, run_after=2023-09-29T18:08:00+00:00
[2023-09-29T18:09:20.236+0000] {processor.py:179} INFO - Processing /home/airflow/.local/lib/python3.8/site-packages/airflow/example_dags/example_sla_dag.py took 0.070 seconds
[2023-09-29T18:09:50.663+0000] {processor.py:157} INFO - Started process (PID=325) to work on /home/airflow/.local/lib/python3.8/site-packages/airflow/example_dags/example_sla_dag.py
[2023-09-29T18:09:50.665+0000] {processor.py:829} INFO - Processing file /home/airflow/.local/lib/python3.8/site-packages/airflow/example_dags/example_sla_dag.py for tasks to queue
[2023-09-29T18:09:50.668+0000] {logging_mixin.py:151} INFO - [2023-09-29T18:09:50.668+0000] {dagbag.py:539} INFO - Filling up the DagBag from /home/airflow/.local/lib/python3.8/site-packages/airflow/example_dags/example_sla_dag.py
[2023-09-29T18:09:50.678+0000] {processor.py:839} INFO - DAG(s) dict_keys(['example_sla_dag']) retrieved from /home/airflow/.local/lib/python3.8/site-packages/airflow/example_dags/example_sla_dag.py
[2023-09-29T18:09:50.702+0000] {logging_mixin.py:151} INFO - [2023-09-29T18:09:50.702+0000] {dag.py:2915} INFO - Sync 1 DAGs
[2023-09-29T18:09:50.726+0000] {logging_mixin.py:151} INFO - [2023-09-29T18:09:50.726+0000] {dag.py:3696} INFO - Setting next_dagrun for example_sla_dag to 2023-09-29T18:06:00+00:00, run_after=2023-09-29T18:08:00+00:00
[2023-09-29T18:09:50.740+0000] {processor.py:179} INFO - Processing /home/airflow/.local/lib/python3.8/site-packages/airflow/example_dags/example_sla_dag.py took 0.083 seconds
[2023-09-29T18:10:21.393+0000] {processor.py:157} INFO - Started process (PID=380) to work on /home/airflow/.local/lib/python3.8/site-packages/airflow/example_dags/example_sla_dag.py
[2023-09-29T18:10:21.395+0000] {processor.py:829} INFO - Processing file /home/airflow/.local/lib/python3.8/site-packages/airflow/example_dags/example_sla_dag.py for tasks to queue
[2023-09-29T18:10:21.399+0000] {logging_mixin.py:151} INFO - [2023-09-29T18:10:21.398+0000] {dagbag.py:539} INFO - Filling up the DagBag from /home/airflow/.local/lib/python3.8/site-packages/airflow/example_dags/example_sla_dag.py
[2023-09-29T18:10:21.411+0000] {processor.py:839} INFO - DAG(s) dict_keys(['example_sla_dag']) retrieved from /home/airflow/.local/lib/python3.8/site-packages/airflow/example_dags/example_sla_dag.py
[2023-09-29T18:10:21.434+0000] {logging_mixin.py:151} INFO - [2023-09-29T18:10:21.434+0000] {dag.py:2915} INFO - Sync 1 DAGs
[2023-09-29T18:10:21.458+0000] {logging_mixin.py:151} INFO - [2023-09-29T18:10:21.457+0000] {dag.py:3696} INFO - Setting next_dagrun for example_sla_dag to 2023-09-29T18:08:00+00:00, run_after=2023-09-29T18:10:00+00:00
[2023-09-29T18:10:21.471+0000] {processor.py:179} INFO - Processing /home/airflow/.local/lib/python3.8/site-packages/airflow/example_dags/example_sla_dag.py took 0.082 seconds
[2023-09-29T18:10:52.421+0000] {processor.py:157} INFO - Started process (PID=436) to work on /home/airflow/.local/lib/python3.8/site-packages/airflow/example_dags/example_sla_dag.py
[2023-09-29T18:10:52.424+0000] {processor.py:829} INFO - Processing file /home/airflow/.local/lib/python3.8/site-packages/airflow/example_dags/example_sla_dag.py for tasks to queue
[2023-09-29T18:10:52.428+0000] {logging_mixin.py:151} INFO - [2023-09-29T18:10:52.427+0000] {dagbag.py:539} INFO - Filling up the DagBag from /home/airflow/.local/lib/python3.8/site-packages/airflow/example_dags/example_sla_dag.py
[2023-09-29T18:10:52.440+0000] {processor.py:839} INFO - DAG(s) dict_keys(['example_sla_dag']) retrieved from /home/airflow/.local/lib/python3.8/site-packages/airflow/example_dags/example_sla_dag.py
[2023-09-29T18:10:52.463+0000] {logging_mixin.py:151} INFO - [2023-09-29T18:10:52.463+0000] {dag.py:2915} INFO - Sync 1 DAGs
[2023-09-29T18:10:52.487+0000] {logging_mixin.py:151} INFO - [2023-09-29T18:10:52.487+0000] {dag.py:3696} INFO - Setting next_dagrun for example_sla_dag to 2023-09-29T18:08:00+00:00, run_after=2023-09-29T18:10:00+00:00
[2023-09-29T18:10:52.502+0000] {processor.py:179} INFO - Processing /home/airflow/.local/lib/python3.8/site-packages/airflow/example_dags/example_sla_dag.py took 0.087 seconds
[2023-09-29T18:11:22.938+0000] {processor.py:157} INFO - Started process (PID=491) to work on /home/airflow/.local/lib/python3.8/site-packages/airflow/example_dags/example_sla_dag.py
[2023-09-29T18:11:22.939+0000] {processor.py:829} INFO - Processing file /home/airflow/.local/lib/python3.8/site-packages/airflow/example_dags/example_sla_dag.py for tasks to queue
[2023-09-29T18:11:22.941+0000] {logging_mixin.py:151} INFO - [2023-09-29T18:11:22.941+0000] {dagbag.py:539} INFO - Filling up the DagBag from /home/airflow/.local/lib/python3.8/site-packages/airflow/example_dags/example_sla_dag.py
[2023-09-29T18:11:22.950+0000] {processor.py:839} INFO - DAG(s) dict_keys(['example_sla_dag']) retrieved from /home/airflow/.local/lib/python3.8/site-packages/airflow/example_dags/example_sla_dag.py
[2023-09-29T18:11:22.969+0000] {logging_mixin.py:151} INFO - [2023-09-29T18:11:22.969+0000] {dag.py:2915} INFO - Sync 1 DAGs
[2023-09-29T18:11:22.989+0000] {logging_mixin.py:151} INFO - [2023-09-29T18:11:22.989+0000] {dag.py:3696} INFO - Setting next_dagrun for example_sla_dag to 2023-09-29T18:08:00+00:00, run_after=2023-09-29T18:10:00+00:00
[2023-09-29T18:11:23.009+0000] {processor.py:179} INFO - Processing /home/airflow/.local/lib/python3.8/site-packages/airflow/example_dags/example_sla_dag.py took 0.076 seconds
[2023-09-29T18:11:53.174+0000] {processor.py:157} INFO - Started process (PID=546) to work on /home/airflow/.local/lib/python3.8/site-packages/airflow/example_dags/example_sla_dag.py
[2023-09-29T18:11:53.177+0000] {processor.py:829} INFO - Processing file /home/airflow/.local/lib/python3.8/site-packages/airflow/example_dags/example_sla_dag.py for tasks to queue
[2023-09-29T18:11:53.181+0000] {logging_mixin.py:151} INFO - [2023-09-29T18:11:53.181+0000] {dagbag.py:539} INFO - Filling up the DagBag from /home/airflow/.local/lib/python3.8/site-packages/airflow/example_dags/example_sla_dag.py
[2023-09-29T18:11:53.195+0000] {processor.py:839} INFO - DAG(s) dict_keys(['example_sla_dag']) retrieved from /home/airflow/.local/lib/python3.8/site-packages/airflow/example_dags/example_sla_dag.py
[2023-09-29T18:11:53.216+0000] {logging_mixin.py:151} INFO - [2023-09-29T18:11:53.216+0000] {dag.py:2915} INFO - Sync 1 DAGs
[2023-09-29T18:11:53.237+0000] {logging_mixin.py:151} INFO - [2023-09-29T18:11:53.237+0000] {dag.py:3696} INFO - Setting next_dagrun for example_sla_dag to 2023-09-29T18:08:00+00:00, run_after=2023-09-29T18:10:00+00:00
[2023-09-29T18:11:53.249+0000] {processor.py:179} INFO - Processing /home/airflow/.local/lib/python3.8/site-packages/airflow/example_dags/example_sla_dag.py took 0.081 seconds
[2023-09-29T18:12:23.901+0000] {processor.py:157} INFO - Started process (PID=601) to work on /home/airflow/.local/lib/python3.8/site-packages/airflow/example_dags/example_sla_dag.py
[2023-09-29T18:12:23.903+0000] {processor.py:829} INFO - Processing file /home/airflow/.local/lib/python3.8/site-packages/airflow/example_dags/example_sla_dag.py for tasks to queue
[2023-09-29T18:12:23.907+0000] {logging_mixin.py:151} INFO - [2023-09-29T18:12:23.906+0000] {dagbag.py:539} INFO - Filling up the DagBag from /home/airflow/.local/lib/python3.8/site-packages/airflow/example_dags/example_sla_dag.py
[2023-09-29T18:12:23.919+0000] {processor.py:839} INFO - DAG(s) dict_keys(['example_sla_dag']) retrieved from /home/airflow/.local/lib/python3.8/site-packages/airflow/example_dags/example_sla_dag.py
[2023-09-29T18:12:23.943+0000] {logging_mixin.py:151} INFO - [2023-09-29T18:12:23.942+0000] {dag.py:2915} INFO - Sync 1 DAGs
[2023-09-29T18:12:23.967+0000] {logging_mixin.py:151} INFO - [2023-09-29T18:12:23.967+0000] {dag.py:3696} INFO - Setting next_dagrun for example_sla_dag to 2023-09-29T18:10:00+00:00, run_after=2023-09-29T18:12:00+00:00
[2023-09-29T18:12:23.979+0000] {processor.py:179} INFO - Processing /home/airflow/.local/lib/python3.8/site-packages/airflow/example_dags/example_sla_dag.py took 0.085 seconds
[2023-09-29T18:12:54.018+0000] {processor.py:157} INFO - Started process (PID=657) to work on /home/airflow/.local/lib/python3.8/site-packages/airflow/example_dags/example_sla_dag.py
[2023-09-29T18:12:54.022+0000] {processor.py:829} INFO - Processing file /home/airflow/.local/lib/python3.8/site-packages/airflow/example_dags/example_sla_dag.py for tasks to queue
[2023-09-29T18:12:54.029+0000] {logging_mixin.py:151} INFO - [2023-09-29T18:12:54.028+0000] {dagbag.py:539} INFO - Filling up the DagBag from /home/airflow/.local/lib/python3.8/site-packages/airflow/example_dags/example_sla_dag.py
[2023-09-29T18:12:54.044+0000] {processor.py:839} INFO - DAG(s) dict_keys(['example_sla_dag']) retrieved from /home/airflow/.local/lib/python3.8/site-packages/airflow/example_dags/example_sla_dag.py
[2023-09-29T18:12:54.070+0000] {logging_mixin.py:151} INFO - [2023-09-29T18:12:54.070+0000] {dag.py:2915} INFO - Sync 1 DAGs
[2023-09-29T18:12:54.095+0000] {logging_mixin.py:151} INFO - [2023-09-29T18:12:54.095+0000] {dag.py:3696} INFO - Setting next_dagrun for example_sla_dag to 2023-09-29T18:10:00+00:00, run_after=2023-09-29T18:12:00+00:00
[2023-09-29T18:12:54.110+0000] {processor.py:179} INFO - Processing /home/airflow/.local/lib/python3.8/site-packages/airflow/example_dags/example_sla_dag.py took 0.105 seconds
[2023-09-29T18:13:24.652+0000] {processor.py:157} INFO - Started process (PID=712) to work on /home/airflow/.local/lib/python3.8/site-packages/airflow/example_dags/example_sla_dag.py
[2023-09-29T18:13:24.653+0000] {processor.py:829} INFO - Processing file /home/airflow/.local/lib/python3.8/site-packages/airflow/example_dags/example_sla_dag.py for tasks to queue
[2023-09-29T18:13:24.656+0000] {logging_mixin.py:151} INFO - [2023-09-29T18:13:24.656+0000] {dagbag.py:539} INFO - Filling up the DagBag from /home/airflow/.local/lib/python3.8/site-packages/airflow/example_dags/example_sla_dag.py
[2023-09-29T18:13:24.668+0000] {processor.py:839} INFO - DAG(s) dict_keys(['example_sla_dag']) retrieved from /home/airflow/.local/lib/python3.8/site-packages/airflow/example_dags/example_sla_dag.py
[2023-09-29T18:13:24.689+0000] {logging_mixin.py:151} INFO - [2023-09-29T18:13:24.689+0000] {dag.py:2915} INFO - Sync 1 DAGs
[2023-09-29T18:13:24.708+0000] {logging_mixin.py:151} INFO - [2023-09-29T18:13:24.708+0000] {dag.py:3696} INFO - Setting next_dagrun for example_sla_dag to 2023-09-29T18:10:00+00:00, run_after=2023-09-29T18:12:00+00:00
[2023-09-29T18:13:24.719+0000] {processor.py:179} INFO - Processing /home/airflow/.local/lib/python3.8/site-packages/airflow/example_dags/example_sla_dag.py took 0.072 seconds
[2023-09-29T18:13:55.527+0000] {processor.py:157} INFO - Started process (PID=767) to work on /home/airflow/.local/lib/python3.8/site-packages/airflow/example_dags/example_sla_dag.py
[2023-09-29T18:13:55.529+0000] {processor.py:829} INFO - Processing file /home/airflow/.local/lib/python3.8/site-packages/airflow/example_dags/example_sla_dag.py for tasks to queue
[2023-09-29T18:13:55.534+0000] {logging_mixin.py:151} INFO - [2023-09-29T18:13:55.533+0000] {dagbag.py:539} INFO - Filling up the DagBag from /home/airflow/.local/lib/python3.8/site-packages/airflow/example_dags/example_sla_dag.py
[2023-09-29T18:13:55.545+0000] {processor.py:839} INFO - DAG(s) dict_keys(['example_sla_dag']) retrieved from /home/airflow/.local/lib/python3.8/site-packages/airflow/example_dags/example_sla_dag.py
[2023-09-29T18:13:55.568+0000] {logging_mixin.py:151} INFO - [2023-09-29T18:13:55.568+0000] {dag.py:2915} INFO - Sync 1 DAGs
[2023-09-29T18:13:55.591+0000] {logging_mixin.py:151} INFO - [2023-09-29T18:13:55.591+0000] {dag.py:3696} INFO - Setting next_dagrun for example_sla_dag to 2023-09-29T18:10:00+00:00, run_after=2023-09-29T18:12:00+00:00
[2023-09-29T18:13:55.603+0000] {processor.py:179} INFO - Processing /home/airflow/.local/lib/python3.8/site-packages/airflow/example_dags/example_sla_dag.py took 0.083 seconds
[2023-09-29T18:14:25.678+0000] {processor.py:157} INFO - Started process (PID=821) to work on /home/airflow/.local/lib/python3.8/site-packages/airflow/example_dags/example_sla_dag.py
[2023-09-29T18:14:25.680+0000] {processor.py:829} INFO - Processing file /home/airflow/.local/lib/python3.8/site-packages/airflow/example_dags/example_sla_dag.py for tasks to queue
[2023-09-29T18:14:25.683+0000] {logging_mixin.py:151} INFO - [2023-09-29T18:14:25.683+0000] {dagbag.py:539} INFO - Filling up the DagBag from /home/airflow/.local/lib/python3.8/site-packages/airflow/example_dags/example_sla_dag.py
[2023-09-29T18:14:25.693+0000] {processor.py:839} INFO - DAG(s) dict_keys(['example_sla_dag']) retrieved from /home/airflow/.local/lib/python3.8/site-packages/airflow/example_dags/example_sla_dag.py
[2023-09-29T18:14:25.712+0000] {logging_mixin.py:151} INFO - [2023-09-29T18:14:25.712+0000] {dag.py:2915} INFO - Sync 1 DAGs
[2023-09-29T18:14:25.732+0000] {logging_mixin.py:151} INFO - [2023-09-29T18:14:25.732+0000] {dag.py:3696} INFO - Setting next_dagrun for example_sla_dag to 2023-09-29T18:12:00+00:00, run_after=2023-09-29T18:14:00+00:00
[2023-09-29T18:14:25.744+0000] {processor.py:179} INFO - Processing /home/airflow/.local/lib/python3.8/site-packages/airflow/example_dags/example_sla_dag.py took 0.070 seconds
[2023-09-29T18:14:56.401+0000] {processor.py:157} INFO - Started process (PID=876) to work on /home/airflow/.local/lib/python3.8/site-packages/airflow/example_dags/example_sla_dag.py
[2023-09-29T18:14:56.403+0000] {processor.py:829} INFO - Processing file /home/airflow/.local/lib/python3.8/site-packages/airflow/example_dags/example_sla_dag.py for tasks to queue
[2023-09-29T18:14:56.407+0000] {logging_mixin.py:151} INFO - [2023-09-29T18:14:56.407+0000] {dagbag.py:539} INFO - Filling up the DagBag from /home/airflow/.local/lib/python3.8/site-packages/airflow/example_dags/example_sla_dag.py
[2023-09-29T18:14:56.417+0000] {processor.py:839} INFO - DAG(s) dict_keys(['example_sla_dag']) retrieved from /home/airflow/.local/lib/python3.8/site-packages/airflow/example_dags/example_sla_dag.py
[2023-09-29T18:14:56.437+0000] {logging_mixin.py:151} INFO - [2023-09-29T18:14:56.437+0000] {dag.py:2915} INFO - Sync 1 DAGs
[2023-09-29T18:14:56.456+0000] {logging_mixin.py:151} INFO - [2023-09-29T18:14:56.456+0000] {dag.py:3696} INFO - Setting next_dagrun for example_sla_dag to 2023-09-29T18:12:00+00:00, run_after=2023-09-29T18:14:00+00:00
[2023-09-29T18:14:56.469+0000] {processor.py:179} INFO - Processing /home/airflow/.local/lib/python3.8/site-packages/airflow/example_dags/example_sla_dag.py took 0.073 seconds
[2023-09-29T18:15:26.517+0000] {processor.py:157} INFO - Started process (PID=931) to work on /home/airflow/.local/lib/python3.8/site-packages/airflow/example_dags/example_sla_dag.py
[2023-09-29T18:15:26.520+0000] {processor.py:829} INFO - Processing file /home/airflow/.local/lib/python3.8/site-packages/airflow/example_dags/example_sla_dag.py for tasks to queue
[2023-09-29T18:15:26.525+0000] {logging_mixin.py:151} INFO - [2023-09-29T18:15:26.525+0000] {dagbag.py:539} INFO - Filling up the DagBag from /home/airflow/.local/lib/python3.8/site-packages/airflow/example_dags/example_sla_dag.py
[2023-09-29T18:15:26.540+0000] {processor.py:839} INFO - DAG(s) dict_keys(['example_sla_dag']) retrieved from /home/airflow/.local/lib/python3.8/site-packages/airflow/example_dags/example_sla_dag.py
[2023-09-29T18:15:26.564+0000] {logging_mixin.py:151} INFO - [2023-09-29T18:15:26.564+0000] {dag.py:2915} INFO - Sync 1 DAGs
[2023-09-29T18:15:26.586+0000] {logging_mixin.py:151} INFO - [2023-09-29T18:15:26.585+0000] {dag.py:3696} INFO - Setting next_dagrun for example_sla_dag to 2023-09-29T18:12:00+00:00, run_after=2023-09-29T18:14:00+00:00
[2023-09-29T18:15:26.598+0000] {processor.py:179} INFO - Processing /home/airflow/.local/lib/python3.8/site-packages/airflow/example_dags/example_sla_dag.py took 0.088 seconds
[2023-09-29T18:15:57.129+0000] {processor.py:157} INFO - Started process (PID=986) to work on /home/airflow/.local/lib/python3.8/site-packages/airflow/example_dags/example_sla_dag.py
[2023-09-29T18:15:57.131+0000] {processor.py:829} INFO - Processing file /home/airflow/.local/lib/python3.8/site-packages/airflow/example_dags/example_sla_dag.py for tasks to queue
[2023-09-29T18:15:57.135+0000] {logging_mixin.py:151} INFO - [2023-09-29T18:15:57.134+0000] {dagbag.py:539} INFO - Filling up the DagBag from /home/airflow/.local/lib/python3.8/site-packages/airflow/example_dags/example_sla_dag.py
[2023-09-29T18:15:57.147+0000] {processor.py:839} INFO - DAG(s) dict_keys(['example_sla_dag']) retrieved from /home/airflow/.local/lib/python3.8/site-packages/airflow/example_dags/example_sla_dag.py
[2023-09-29T18:15:57.165+0000] {logging_mixin.py:151} INFO - [2023-09-29T18:15:57.165+0000] {dag.py:2915} INFO - Sync 1 DAGs
[2023-09-29T18:15:57.185+0000] {logging_mixin.py:151} INFO - [2023-09-29T18:15:57.185+0000] {dag.py:3696} INFO - Setting next_dagrun for example_sla_dag to 2023-09-29T18:12:00+00:00, run_after=2023-09-29T18:14:00+00:00
[2023-09-29T18:15:57.205+0000] {processor.py:179} INFO - Processing /home/airflow/.local/lib/python3.8/site-packages/airflow/example_dags/example_sla_dag.py took 0.080 seconds
[2023-09-29T18:16:27.474+0000] {processor.py:157} INFO - Started process (PID=1041) to work on /home/airflow/.local/lib/python3.8/site-packages/airflow/example_dags/example_sla_dag.py
[2023-09-29T18:16:27.477+0000] {processor.py:829} INFO - Processing file /home/airflow/.local/lib/python3.8/site-packages/airflow/example_dags/example_sla_dag.py for tasks to queue
[2023-09-29T18:16:27.481+0000] {logging_mixin.py:151} INFO - [2023-09-29T18:16:27.481+0000] {dagbag.py:539} INFO - Filling up the DagBag from /home/airflow/.local/lib/python3.8/site-packages/airflow/example_dags/example_sla_dag.py
[2023-09-29T18:16:27.495+0000] {processor.py:839} INFO - DAG(s) dict_keys(['example_sla_dag']) retrieved from /home/airflow/.local/lib/python3.8/site-packages/airflow/example_dags/example_sla_dag.py
[2023-09-29T18:16:27.521+0000] {logging_mixin.py:151} INFO - [2023-09-29T18:16:27.521+0000] {dag.py:2915} INFO - Sync 1 DAGs
[2023-09-29T18:16:27.547+0000] {logging_mixin.py:151} INFO - [2023-09-29T18:16:27.547+0000] {dag.py:3696} INFO - Setting next_dagrun for example_sla_dag to 2023-09-29T18:14:00+00:00, run_after=2023-09-29T18:16:00+00:00
[2023-09-29T18:16:27.562+0000] {processor.py:179} INFO - Processing /home/airflow/.local/lib/python3.8/site-packages/airflow/example_dags/example_sla_dag.py took 0.093 seconds
[2023-09-29T18:16:57.980+0000] {processor.py:157} INFO - Started process (PID=1096) to work on /home/airflow/.local/lib/python3.8/site-packages/airflow/example_dags/example_sla_dag.py
[2023-09-29T18:16:57.982+0000] {processor.py:829} INFO - Processing file /home/airflow/.local/lib/python3.8/site-packages/airflow/example_dags/example_sla_dag.py for tasks to queue
[2023-09-29T18:16:57.986+0000] {logging_mixin.py:151} INFO - [2023-09-29T18:16:57.985+0000] {dagbag.py:539} INFO - Filling up the DagBag from /home/airflow/.local/lib/python3.8/site-packages/airflow/example_dags/example_sla_dag.py
[2023-09-29T18:16:57.997+0000] {processor.py:839} INFO - DAG(s) dict_keys(['example_sla_dag']) retrieved from /home/airflow/.local/lib/python3.8/site-packages/airflow/example_dags/example_sla_dag.py
[2023-09-29T18:16:58.018+0000] {logging_mixin.py:151} INFO - [2023-09-29T18:16:58.018+0000] {dag.py:2915} INFO - Sync 1 DAGs
[2023-09-29T18:16:58.040+0000] {logging_mixin.py:151} INFO - [2023-09-29T18:16:58.040+0000] {dag.py:3696} INFO - Setting next_dagrun for example_sla_dag to 2023-09-29T18:14:00+00:00, run_after=2023-09-29T18:16:00+00:00
[2023-09-29T18:16:58.052+0000] {processor.py:179} INFO - Processing /home/airflow/.local/lib/python3.8/site-packages/airflow/example_dags/example_sla_dag.py took 0.078 seconds
[2023-09-29T18:17:28.193+0000] {processor.py:157} INFO - Started process (PID=1152) to work on /home/airflow/.local/lib/python3.8/site-packages/airflow/example_dags/example_sla_dag.py
[2023-09-29T18:17:28.195+0000] {processor.py:829} INFO - Processing file /home/airflow/.local/lib/python3.8/site-packages/airflow/example_dags/example_sla_dag.py for tasks to queue
[2023-09-29T18:17:28.199+0000] {logging_mixin.py:151} INFO - [2023-09-29T18:17:28.199+0000] {dagbag.py:539} INFO - Filling up the DagBag from /home/airflow/.local/lib/python3.8/site-packages/airflow/example_dags/example_sla_dag.py
[2023-09-29T18:17:28.212+0000] {processor.py:839} INFO - DAG(s) dict_keys(['example_sla_dag']) retrieved from /home/airflow/.local/lib/python3.8/site-packages/airflow/example_dags/example_sla_dag.py
[2023-09-29T18:17:28.234+0000] {logging_mixin.py:151} INFO - [2023-09-29T18:17:28.233+0000] {dag.py:2915} INFO - Sync 1 DAGs
[2023-09-29T18:17:28.258+0000] {logging_mixin.py:151} INFO - [2023-09-29T18:17:28.258+0000] {dag.py:3696} INFO - Setting next_dagrun for example_sla_dag to 2023-09-29T18:14:00+00:00, run_after=2023-09-29T18:16:00+00:00
[2023-09-29T18:17:28.271+0000] {processor.py:179} INFO - Processing /home/airflow/.local/lib/python3.8/site-packages/airflow/example_dags/example_sla_dag.py took 0.083 seconds
[2023-09-29T18:17:58.848+0000] {processor.py:157} INFO - Started process (PID=1207) to work on /home/airflow/.local/lib/python3.8/site-packages/airflow/example_dags/example_sla_dag.py
[2023-09-29T18:17:58.852+0000] {processor.py:829} INFO - Processing file /home/airflow/.local/lib/python3.8/site-packages/airflow/example_dags/example_sla_dag.py for tasks to queue
[2023-09-29T18:17:58.860+0000] {logging_mixin.py:151} INFO - [2023-09-29T18:17:58.859+0000] {dagbag.py:539} INFO - Filling up the DagBag from /home/airflow/.local/lib/python3.8/site-packages/airflow/example_dags/example_sla_dag.py
[2023-09-29T18:17:58.873+0000] {processor.py:839} INFO - DAG(s) dict_keys(['example_sla_dag']) retrieved from /home/airflow/.local/lib/python3.8/site-packages/airflow/example_dags/example_sla_dag.py
[2023-09-29T18:17:58.901+0000] {logging_mixin.py:151} INFO - [2023-09-29T18:17:58.901+0000] {dag.py:2915} INFO - Sync 1 DAGs
[2023-09-29T18:17:58.926+0000] {logging_mixin.py:151} INFO - [2023-09-29T18:17:58.925+0000] {dag.py:3696} INFO - Setting next_dagrun for example_sla_dag to 2023-09-29T18:14:00+00:00, run_after=2023-09-29T18:16:00+00:00
[2023-09-29T18:17:58.940+0000] {processor.py:179} INFO - Processing /home/airflow/.local/lib/python3.8/site-packages/airflow/example_dags/example_sla_dag.py took 0.104 seconds
[2023-09-29T18:18:29.302+0000] {processor.py:157} INFO - Started process (PID=1262) to work on /home/airflow/.local/lib/python3.8/site-packages/airflow/example_dags/example_sla_dag.py
[2023-09-29T18:18:29.304+0000] {processor.py:829} INFO - Processing file /home/airflow/.local/lib/python3.8/site-packages/airflow/example_dags/example_sla_dag.py for tasks to queue
[2023-09-29T18:18:29.307+0000] {logging_mixin.py:151} INFO - [2023-09-29T18:18:29.307+0000] {dagbag.py:539} INFO - Filling up the DagBag from /home/airflow/.local/lib/python3.8/site-packages/airflow/example_dags/example_sla_dag.py
[2023-09-29T18:18:29.320+0000] {processor.py:839} INFO - DAG(s) dict_keys(['example_sla_dag']) retrieved from /home/airflow/.local/lib/python3.8/site-packages/airflow/example_dags/example_sla_dag.py
[2023-09-29T18:18:29.344+0000] {logging_mixin.py:151} INFO - [2023-09-29T18:18:29.344+0000] {dag.py:2915} INFO - Sync 1 DAGs
[2023-09-29T18:18:29.369+0000] {logging_mixin.py:151} INFO - [2023-09-29T18:18:29.369+0000] {dag.py:3696} INFO - Setting next_dagrun for example_sla_dag to 2023-09-29T18:16:00+00:00, run_after=2023-09-29T18:18:00+00:00
[2023-09-29T18:18:29.385+0000] {processor.py:179} INFO - Processing /home/airflow/.local/lib/python3.8/site-packages/airflow/example_dags/example_sla_dag.py took 0.088 seconds
[2023-09-29T18:18:59.920+0000] {processor.py:157} INFO - Started process (PID=1317) to work on /home/airflow/.local/lib/python3.8/site-packages/airflow/example_dags/example_sla_dag.py
[2023-09-29T18:18:59.922+0000] {processor.py:829} INFO - Processing file /home/airflow/.local/lib/python3.8/site-packages/airflow/example_dags/example_sla_dag.py for tasks to queue
[2023-09-29T18:18:59.924+0000] {logging_mixin.py:151} INFO - [2023-09-29T18:18:59.924+0000] {dagbag.py:539} INFO - Filling up the DagBag from /home/airflow/.local/lib/python3.8/site-packages/airflow/example_dags/example_sla_dag.py
[2023-09-29T18:18:59.932+0000] {processor.py:839} INFO - DAG(s) dict_keys(['example_sla_dag']) retrieved from /home/airflow/.local/lib/python3.8/site-packages/airflow/example_dags/example_sla_dag.py
[2023-09-29T18:18:59.947+0000] {logging_mixin.py:151} INFO - [2023-09-29T18:18:59.946+0000] {dag.py:2915} INFO - Sync 1 DAGs
[2023-09-29T18:18:59.964+0000] {logging_mixin.py:151} INFO - [2023-09-29T18:18:59.964+0000] {dag.py:3696} INFO - Setting next_dagrun for example_sla_dag to 2023-09-29T18:16:00+00:00, run_after=2023-09-29T18:18:00+00:00
[2023-09-29T18:18:59.976+0000] {processor.py:179} INFO - Processing /home/airflow/.local/lib/python3.8/site-packages/airflow/example_dags/example_sla_dag.py took 0.059 seconds
[2023-09-29T18:19:30.545+0000] {processor.py:157} INFO - Started process (PID=1379) to work on /home/airflow/.local/lib/python3.8/site-packages/airflow/example_dags/example_sla_dag.py
[2023-09-29T18:19:30.548+0000] {processor.py:829} INFO - Processing file /home/airflow/.local/lib/python3.8/site-packages/airflow/example_dags/example_sla_dag.py for tasks to queue
[2023-09-29T18:19:30.550+0000] {logging_mixin.py:151} INFO - [2023-09-29T18:19:30.550+0000] {dagbag.py:539} INFO - Filling up the DagBag from /home/airflow/.local/lib/python3.8/site-packages/airflow/example_dags/example_sla_dag.py
[2023-09-29T18:19:30.561+0000] {processor.py:839} INFO - DAG(s) dict_keys(['example_sla_dag']) retrieved from /home/airflow/.local/lib/python3.8/site-packages/airflow/example_dags/example_sla_dag.py
[2023-09-29T18:19:30.583+0000] {logging_mixin.py:151} INFO - [2023-09-29T18:19:30.582+0000] {dag.py:2915} INFO - Sync 1 DAGs
[2023-09-29T18:19:30.604+0000] {logging_mixin.py:151} INFO - [2023-09-29T18:19:30.604+0000] {dag.py:3696} INFO - Setting next_dagrun for example_sla_dag to 2023-09-29T18:16:00+00:00, run_after=2023-09-29T18:18:00+00:00
[2023-09-29T18:19:30.617+0000] {processor.py:179} INFO - Processing /home/airflow/.local/lib/python3.8/site-packages/airflow/example_dags/example_sla_dag.py took 0.078 seconds
[2023-09-29T18:20:01.070+0000] {processor.py:157} INFO - Started process (PID=1434) to work on /home/airflow/.local/lib/python3.8/site-packages/airflow/example_dags/example_sla_dag.py
[2023-09-29T18:20:01.073+0000] {processor.py:829} INFO - Processing file /home/airflow/.local/lib/python3.8/site-packages/airflow/example_dags/example_sla_dag.py for tasks to queue
[2023-09-29T18:20:01.078+0000] {logging_mixin.py:151} INFO - [2023-09-29T18:20:01.078+0000] {dagbag.py:539} INFO - Filling up the DagBag from /home/airflow/.local/lib/python3.8/site-packages/airflow/example_dags/example_sla_dag.py
[2023-09-29T18:20:01.096+0000] {processor.py:839} INFO - DAG(s) dict_keys(['example_sla_dag']) retrieved from /home/airflow/.local/lib/python3.8/site-packages/airflow/example_dags/example_sla_dag.py
[2023-09-29T18:20:01.128+0000] {logging_mixin.py:151} INFO - [2023-09-29T18:20:01.128+0000] {dag.py:2915} INFO - Sync 1 DAGs
[2023-09-29T18:20:01.156+0000] {logging_mixin.py:151} INFO - [2023-09-29T18:20:01.156+0000] {dag.py:3696} INFO - Setting next_dagrun for example_sla_dag to 2023-09-29T18:18:00+00:00, run_after=2023-09-29T18:20:00+00:00
[2023-09-29T18:20:01.172+0000] {processor.py:179} INFO - Processing /home/airflow/.local/lib/python3.8/site-packages/airflow/example_dags/example_sla_dag.py took 0.111 seconds
[2023-09-29T18:20:31.571+0000] {processor.py:157} INFO - Started process (PID=1490) to work on /home/airflow/.local/lib/python3.8/site-packages/airflow/example_dags/example_sla_dag.py
[2023-09-29T18:20:31.572+0000] {processor.py:829} INFO - Processing file /home/airflow/.local/lib/python3.8/site-packages/airflow/example_dags/example_sla_dag.py for tasks to queue
[2023-09-29T18:20:31.575+0000] {logging_mixin.py:151} INFO - [2023-09-29T18:20:31.575+0000] {dagbag.py:539} INFO - Filling up the DagBag from /home/airflow/.local/lib/python3.8/site-packages/airflow/example_dags/example_sla_dag.py
[2023-09-29T18:20:31.584+0000] {processor.py:839} INFO - DAG(s) dict_keys(['example_sla_dag']) retrieved from /home/airflow/.local/lib/python3.8/site-packages/airflow/example_dags/example_sla_dag.py
[2023-09-29T18:20:31.602+0000] {logging_mixin.py:151} INFO - [2023-09-29T18:20:31.602+0000] {dag.py:2915} INFO - Sync 1 DAGs
[2023-09-29T18:20:31.620+0000] {logging_mixin.py:151} INFO - [2023-09-29T18:20:31.620+0000] {dag.py:3696} INFO - Setting next_dagrun for example_sla_dag to 2023-09-29T18:18:00+00:00, run_after=2023-09-29T18:20:00+00:00
[2023-09-29T18:20:31.635+0000] {processor.py:179} INFO - Processing /home/airflow/.local/lib/python3.8/site-packages/airflow/example_dags/example_sla_dag.py took 0.069 seconds
[2023-09-29T18:21:01.864+0000] {processor.py:157} INFO - Started process (PID=1545) to work on /home/airflow/.local/lib/python3.8/site-packages/airflow/example_dags/example_sla_dag.py
[2023-09-29T18:21:01.866+0000] {processor.py:829} INFO - Processing file /home/airflow/.local/lib/python3.8/site-packages/airflow/example_dags/example_sla_dag.py for tasks to queue
[2023-09-29T18:21:01.869+0000] {logging_mixin.py:151} INFO - [2023-09-29T18:21:01.869+0000] {dagbag.py:539} INFO - Filling up the DagBag from /home/airflow/.local/lib/python3.8/site-packages/airflow/example_dags/example_sla_dag.py
[2023-09-29T18:21:01.880+0000] {processor.py:839} INFO - DAG(s) dict_keys(['example_sla_dag']) retrieved from /home/airflow/.local/lib/python3.8/site-packages/airflow/example_dags/example_sla_dag.py
[2023-09-29T18:21:01.900+0000] {logging_mixin.py:151} INFO - [2023-09-29T18:21:01.900+0000] {dag.py:2915} INFO - Sync 1 DAGs
[2023-09-29T18:21:01.924+0000] {logging_mixin.py:151} INFO - [2023-09-29T18:21:01.923+0000] {dag.py:3696} INFO - Setting next_dagrun for example_sla_dag to 2023-09-29T18:18:00+00:00, run_after=2023-09-29T18:20:00+00:00
[2023-09-29T18:21:01.937+0000] {processor.py:179} INFO - Processing /home/airflow/.local/lib/python3.8/site-packages/airflow/example_dags/example_sla_dag.py took 0.078 seconds
[2023-09-29T18:21:32.109+0000] {processor.py:157} INFO - Started process (PID=1601) to work on /home/airflow/.local/lib/python3.8/site-packages/airflow/example_dags/example_sla_dag.py
[2023-09-29T18:21:32.111+0000] {processor.py:829} INFO - Processing file /home/airflow/.local/lib/python3.8/site-packages/airflow/example_dags/example_sla_dag.py for tasks to queue
[2023-09-29T18:21:32.113+0000] {logging_mixin.py:151} INFO - [2023-09-29T18:21:32.113+0000] {dagbag.py:539} INFO - Filling up the DagBag from /home/airflow/.local/lib/python3.8/site-packages/airflow/example_dags/example_sla_dag.py
[2023-09-29T18:21:32.126+0000] {processor.py:839} INFO - DAG(s) dict_keys(['example_sla_dag']) retrieved from /home/airflow/.local/lib/python3.8/site-packages/airflow/example_dags/example_sla_dag.py
[2023-09-29T18:21:32.164+0000] {logging_mixin.py:151} INFO - [2023-09-29T18:21:32.164+0000] {dag.py:2915} INFO - Sync 1 DAGs
[2023-09-29T18:21:32.186+0000] {logging_mixin.py:151} INFO - [2023-09-29T18:21:32.186+0000] {dag.py:3696} INFO - Setting next_dagrun for example_sla_dag to 2023-09-29T18:18:00+00:00, run_after=2023-09-29T18:20:00+00:00
[2023-09-29T18:21:32.200+0000] {processor.py:179} INFO - Processing /home/airflow/.local/lib/python3.8/site-packages/airflow/example_dags/example_sla_dag.py took 0.096 seconds
[2023-09-29T18:22:02.827+0000] {processor.py:157} INFO - Started process (PID=1656) to work on /home/airflow/.local/lib/python3.8/site-packages/airflow/example_dags/example_sla_dag.py
[2023-09-29T18:22:02.830+0000] {processor.py:829} INFO - Processing file /home/airflow/.local/lib/python3.8/site-packages/airflow/example_dags/example_sla_dag.py for tasks to queue
[2023-09-29T18:22:02.834+0000] {logging_mixin.py:151} INFO - [2023-09-29T18:22:02.834+0000] {dagbag.py:539} INFO - Filling up the DagBag from /home/airflow/.local/lib/python3.8/site-packages/airflow/example_dags/example_sla_dag.py
[2023-09-29T18:22:02.844+0000] {processor.py:839} INFO - DAG(s) dict_keys(['example_sla_dag']) retrieved from /home/airflow/.local/lib/python3.8/site-packages/airflow/example_dags/example_sla_dag.py
[2023-09-29T18:22:02.864+0000] {logging_mixin.py:151} INFO - [2023-09-29T18:22:02.864+0000] {dag.py:2915} INFO - Sync 1 DAGs
[2023-09-29T18:22:02.884+0000] {logging_mixin.py:151} INFO - [2023-09-29T18:22:02.884+0000] {dag.py:3696} INFO - Setting next_dagrun for example_sla_dag to 2023-09-29T18:20:00+00:00, run_after=2023-09-29T18:22:00+00:00
[2023-09-29T18:22:02.895+0000] {processor.py:179} INFO - Processing /home/airflow/.local/lib/python3.8/site-packages/airflow/example_dags/example_sla_dag.py took 0.076 seconds
[2023-09-29T18:22:33.155+0000] {processor.py:157} INFO - Started process (PID=1711) to work on /home/airflow/.local/lib/python3.8/site-packages/airflow/example_dags/example_sla_dag.py
[2023-09-29T18:22:33.158+0000] {processor.py:829} INFO - Processing file /home/airflow/.local/lib/python3.8/site-packages/airflow/example_dags/example_sla_dag.py for tasks to queue
[2023-09-29T18:22:33.162+0000] {logging_mixin.py:151} INFO - [2023-09-29T18:22:33.162+0000] {dagbag.py:539} INFO - Filling up the DagBag from /home/airflow/.local/lib/python3.8/site-packages/airflow/example_dags/example_sla_dag.py
[2023-09-29T18:22:33.174+0000] {processor.py:839} INFO - DAG(s) dict_keys(['example_sla_dag']) retrieved from /home/airflow/.local/lib/python3.8/site-packages/airflow/example_dags/example_sla_dag.py
[2023-09-29T18:22:33.235+0000] {logging_mixin.py:151} INFO - [2023-09-29T18:22:33.234+0000] {dag.py:2915} INFO - Sync 1 DAGs
[2023-09-29T18:22:33.263+0000] {logging_mixin.py:151} INFO - [2023-09-29T18:22:33.263+0000] {dag.py:3696} INFO - Setting next_dagrun for example_sla_dag to 2023-09-29T18:20:00+00:00, run_after=2023-09-29T18:22:00+00:00
[2023-09-29T18:22:33.283+0000] {processor.py:179} INFO - Processing /home/airflow/.local/lib/python3.8/site-packages/airflow/example_dags/example_sla_dag.py took 0.139 seconds
[2023-09-29T18:23:03.339+0000] {processor.py:157} INFO - Started process (PID=1767) to work on /home/airflow/.local/lib/python3.8/site-packages/airflow/example_dags/example_sla_dag.py
[2023-09-29T18:23:03.341+0000] {processor.py:829} INFO - Processing file /home/airflow/.local/lib/python3.8/site-packages/airflow/example_dags/example_sla_dag.py for tasks to queue
[2023-09-29T18:23:03.343+0000] {logging_mixin.py:151} INFO - [2023-09-29T18:23:03.343+0000] {dagbag.py:539} INFO - Filling up the DagBag from /home/airflow/.local/lib/python3.8/site-packages/airflow/example_dags/example_sla_dag.py
[2023-09-29T18:23:03.350+0000] {processor.py:839} INFO - DAG(s) dict_keys(['example_sla_dag']) retrieved from /home/airflow/.local/lib/python3.8/site-packages/airflow/example_dags/example_sla_dag.py
[2023-09-29T18:23:03.366+0000] {logging_mixin.py:151} INFO - [2023-09-29T18:23:03.365+0000] {dag.py:2915} INFO - Sync 1 DAGs
[2023-09-29T18:23:03.383+0000] {logging_mixin.py:151} INFO - [2023-09-29T18:23:03.383+0000] {dag.py:3696} INFO - Setting next_dagrun for example_sla_dag to 2023-09-29T18:20:00+00:00, run_after=2023-09-29T18:22:00+00:00
[2023-09-29T18:23:03.398+0000] {processor.py:179} INFO - Processing /home/airflow/.local/lib/python3.8/site-packages/airflow/example_dags/example_sla_dag.py took 0.062 seconds
[2023-09-29T18:23:33.640+0000] {processor.py:157} INFO - Started process (PID=1822) to work on /home/airflow/.local/lib/python3.8/site-packages/airflow/example_dags/example_sla_dag.py
[2023-09-29T18:23:33.642+0000] {processor.py:829} INFO - Processing file /home/airflow/.local/lib/python3.8/site-packages/airflow/example_dags/example_sla_dag.py for tasks to queue
[2023-09-29T18:23:33.646+0000] {logging_mixin.py:151} INFO - [2023-09-29T18:23:33.645+0000] {dagbag.py:539} INFO - Filling up the DagBag from /home/airflow/.local/lib/python3.8/site-packages/airflow/example_dags/example_sla_dag.py
[2023-09-29T18:23:33.655+0000] {processor.py:839} INFO - DAG(s) dict_keys(['example_sla_dag']) retrieved from /home/airflow/.local/lib/python3.8/site-packages/airflow/example_dags/example_sla_dag.py
[2023-09-29T18:23:33.674+0000] {logging_mixin.py:151} INFO - [2023-09-29T18:23:33.674+0000] {dag.py:2915} INFO - Sync 1 DAGs
[2023-09-29T18:23:33.693+0000] {logging_mixin.py:151} INFO - [2023-09-29T18:23:33.693+0000] {dag.py:3696} INFO - Setting next_dagrun for example_sla_dag to 2023-09-29T18:20:00+00:00, run_after=2023-09-29T18:22:00+00:00
[2023-09-29T18:23:33.704+0000] {processor.py:179} INFO - Processing /home/airflow/.local/lib/python3.8/site-packages/airflow/example_dags/example_sla_dag.py took 0.068 seconds
[2023-09-29T18:24:03.918+0000] {processor.py:157} INFO - Started process (PID=1877) to work on /home/airflow/.local/lib/python3.8/site-packages/airflow/example_dags/example_sla_dag.py
[2023-09-29T18:24:03.920+0000] {processor.py:829} INFO - Processing file /home/airflow/.local/lib/python3.8/site-packages/airflow/example_dags/example_sla_dag.py for tasks to queue
[2023-09-29T18:24:03.923+0000] {logging_mixin.py:151} INFO - [2023-09-29T18:24:03.923+0000] {dagbag.py:539} INFO - Filling up the DagBag from /home/airflow/.local/lib/python3.8/site-packages/airflow/example_dags/example_sla_dag.py
[2023-09-29T18:24:03.932+0000] {processor.py:839} INFO - DAG(s) dict_keys(['example_sla_dag']) retrieved from /home/airflow/.local/lib/python3.8/site-packages/airflow/example_dags/example_sla_dag.py
[2023-09-29T18:24:03.948+0000] {logging_mixin.py:151} INFO - [2023-09-29T18:24:03.948+0000] {dag.py:2915} INFO - Sync 1 DAGs
[2023-09-29T18:24:03.966+0000] {logging_mixin.py:151} INFO - [2023-09-29T18:24:03.966+0000] {dag.py:3696} INFO - Setting next_dagrun for example_sla_dag to 2023-09-29T18:22:00+00:00, run_after=2023-09-29T18:24:00+00:00
[2023-09-29T18:24:03.977+0000] {processor.py:179} INFO - Processing /home/airflow/.local/lib/python3.8/site-packages/airflow/example_dags/example_sla_dag.py took 0.064 seconds
[2023-09-29T18:24:34.103+0000] {processor.py:157} INFO - Started process (PID=1932) to work on /home/airflow/.local/lib/python3.8/site-packages/airflow/example_dags/example_sla_dag.py
[2023-09-29T18:24:34.106+0000] {processor.py:829} INFO - Processing file /home/airflow/.local/lib/python3.8/site-packages/airflow/example_dags/example_sla_dag.py for tasks to queue
[2023-09-29T18:24:34.109+0000] {logging_mixin.py:151} INFO - [2023-09-29T18:24:34.109+0000] {dagbag.py:539} INFO - Filling up the DagBag from /home/airflow/.local/lib/python3.8/site-packages/airflow/example_dags/example_sla_dag.py
[2023-09-29T18:24:34.119+0000] {processor.py:839} INFO - DAG(s) dict_keys(['example_sla_dag']) retrieved from /home/airflow/.local/lib/python3.8/site-packages/airflow/example_dags/example_sla_dag.py
[2023-09-29T18:24:34.135+0000] {logging_mixin.py:151} INFO - [2023-09-29T18:24:34.135+0000] {dag.py:2915} INFO - Sync 1 DAGs
[2023-09-29T18:24:34.156+0000] {logging_mixin.py:151} INFO - [2023-09-29T18:24:34.156+0000] {dag.py:3696} INFO - Setting next_dagrun for example_sla_dag to 2023-09-29T18:22:00+00:00, run_after=2023-09-29T18:24:00+00:00
[2023-09-29T18:24:34.170+0000] {processor.py:179} INFO - Processing /home/airflow/.local/lib/python3.8/site-packages/airflow/example_dags/example_sla_dag.py took 0.071 seconds
[2023-09-29T18:25:04.363+0000] {processor.py:157} INFO - Started process (PID=1987) to work on /home/airflow/.local/lib/python3.8/site-packages/airflow/example_dags/example_sla_dag.py
[2023-09-29T18:25:04.365+0000] {processor.py:829} INFO - Processing file /home/airflow/.local/lib/python3.8/site-packages/airflow/example_dags/example_sla_dag.py for tasks to queue
[2023-09-29T18:25:04.367+0000] {logging_mixin.py:151} INFO - [2023-09-29T18:25:04.366+0000] {dagbag.py:539} INFO - Filling up the DagBag from /home/airflow/.local/lib/python3.8/site-packages/airflow/example_dags/example_sla_dag.py
[2023-09-29T18:25:04.373+0000] {processor.py:839} INFO - DAG(s) dict_keys(['example_sla_dag']) retrieved from /home/airflow/.local/lib/python3.8/site-packages/airflow/example_dags/example_sla_dag.py
[2023-09-29T18:25:04.389+0000] {logging_mixin.py:151} INFO - [2023-09-29T18:25:04.389+0000] {dag.py:2915} INFO - Sync 1 DAGs
[2023-09-29T18:25:04.412+0000] {logging_mixin.py:151} INFO - [2023-09-29T18:25:04.411+0000] {dag.py:3696} INFO - Setting next_dagrun for example_sla_dag to 2023-09-29T18:22:00+00:00, run_after=2023-09-29T18:24:00+00:00
[2023-09-29T18:25:04.423+0000] {processor.py:179} INFO - Processing /home/airflow/.local/lib/python3.8/site-packages/airflow/example_dags/example_sla_dag.py took 0.063 seconds
