[2023-09-29T18:07:14.223+0000] {processor.py:157} INFO - Started process (PID=55) to work on /home/airflow/.local/lib/python3.8/site-packages/airflow/example_dags/example_skip_dag.py
[2023-09-29T18:07:14.224+0000] {processor.py:829} INFO - Processing file /home/airflow/.local/lib/python3.8/site-packages/airflow/example_dags/example_skip_dag.py for tasks to queue
[2023-09-29T18:07:14.230+0000] {logging_mixin.py:151} INFO - [2023-09-29T18:07:14.229+0000] {dagbag.py:539} INFO - Filling up the DagBag from /home/airflow/.local/lib/python3.8/site-packages/airflow/example_dags/example_skip_dag.py
[2023-09-29T18:07:14.242+0000] {processor.py:839} INFO - DAG(s) dict_keys(['example_skip_dag']) retrieved from /home/airflow/.local/lib/python3.8/site-packages/airflow/example_dags/example_skip_dag.py
[2023-09-29T18:07:14.260+0000] {logging_mixin.py:151} INFO - [2023-09-29T18:07:14.259+0000] {dag.py:2915} INFO - Sync 1 DAGs
[2023-09-29T18:07:14.286+0000] {logging_mixin.py:151} INFO - [2023-09-29T18:07:14.286+0000] {dag.py:3696} INFO - Setting next_dagrun for example_skip_dag to 2023-09-28T18:07:14.286367+00:00, run_after=2023-09-29T18:07:14.286367+00:00
[2023-09-29T18:07:14.307+0000] {processor.py:179} INFO - Processing /home/airflow/.local/lib/python3.8/site-packages/airflow/example_dags/example_skip_dag.py took 0.089 seconds
[2023-09-29T18:07:49.977+0000] {processor.py:157} INFO - Started process (PID=109) to work on /home/airflow/.local/lib/python3.8/site-packages/airflow/example_dags/example_skip_dag.py
[2023-09-29T18:07:49.990+0000] {processor.py:829} INFO - Processing file /home/airflow/.local/lib/python3.8/site-packages/airflow/example_dags/example_skip_dag.py for tasks to queue
[2023-09-29T18:07:50.014+0000] {logging_mixin.py:151} INFO - [2023-09-29T18:07:50.013+0000] {dagbag.py:539} INFO - Filling up the DagBag from /home/airflow/.local/lib/python3.8/site-packages/airflow/example_dags/example_skip_dag.py
[2023-09-29T18:07:50.413+0000] {processor.py:839} INFO - DAG(s) dict_keys(['example_skip_dag']) retrieved from /home/airflow/.local/lib/python3.8/site-packages/airflow/example_dags/example_skip_dag.py
[2023-09-29T18:07:50.625+0000] {logging_mixin.py:151} INFO - [2023-09-29T18:07:50.624+0000] {dag.py:2915} INFO - Sync 1 DAGs
[2023-09-29T18:07:50.672+0000] {logging_mixin.py:151} INFO - [2023-09-29T18:07:50.672+0000] {dag.py:3696} INFO - Setting next_dagrun for example_skip_dag to 2023-09-28T18:07:50.671436+00:00, run_after=2023-09-29T18:07:50.671436+00:00
[2023-09-29T18:07:50.698+0000] {processor.py:179} INFO - Processing /home/airflow/.local/lib/python3.8/site-packages/airflow/example_dags/example_skip_dag.py took 0.745 seconds
[2023-09-29T18:08:21.101+0000] {processor.py:157} INFO - Started process (PID=163) to work on /home/airflow/.local/lib/python3.8/site-packages/airflow/example_dags/example_skip_dag.py
[2023-09-29T18:08:21.102+0000] {processor.py:829} INFO - Processing file /home/airflow/.local/lib/python3.8/site-packages/airflow/example_dags/example_skip_dag.py for tasks to queue
[2023-09-29T18:08:21.104+0000] {logging_mixin.py:151} INFO - [2023-09-29T18:08:21.104+0000] {dagbag.py:539} INFO - Filling up the DagBag from /home/airflow/.local/lib/python3.8/site-packages/airflow/example_dags/example_skip_dag.py
[2023-09-29T18:08:21.117+0000] {processor.py:839} INFO - DAG(s) dict_keys(['example_skip_dag']) retrieved from /home/airflow/.local/lib/python3.8/site-packages/airflow/example_dags/example_skip_dag.py
[2023-09-29T18:08:21.148+0000] {logging_mixin.py:151} INFO - [2023-09-29T18:08:21.148+0000] {dag.py:2915} INFO - Sync 1 DAGs
[2023-09-29T18:08:21.172+0000] {logging_mixin.py:151} INFO - [2023-09-29T18:08:21.172+0000] {dag.py:3696} INFO - Setting next_dagrun for example_skip_dag to 2023-09-28T18:08:21.171573+00:00, run_after=2023-09-29T18:08:21.171573+00:00
[2023-09-29T18:08:21.194+0000] {processor.py:179} INFO - Processing /home/airflow/.local/lib/python3.8/site-packages/airflow/example_dags/example_skip_dag.py took 0.096 seconds
[2023-09-29T18:08:51.265+0000] {processor.py:157} INFO - Started process (PID=217) to work on /home/airflow/.local/lib/python3.8/site-packages/airflow/example_dags/example_skip_dag.py
[2023-09-29T18:08:51.267+0000] {processor.py:829} INFO - Processing file /home/airflow/.local/lib/python3.8/site-packages/airflow/example_dags/example_skip_dag.py for tasks to queue
[2023-09-29T18:08:51.272+0000] {logging_mixin.py:151} INFO - [2023-09-29T18:08:51.271+0000] {dagbag.py:539} INFO - Filling up the DagBag from /home/airflow/.local/lib/python3.8/site-packages/airflow/example_dags/example_skip_dag.py
[2023-09-29T18:08:51.281+0000] {processor.py:839} INFO - DAG(s) dict_keys(['example_skip_dag']) retrieved from /home/airflow/.local/lib/python3.8/site-packages/airflow/example_dags/example_skip_dag.py
[2023-09-29T18:08:51.304+0000] {logging_mixin.py:151} INFO - [2023-09-29T18:08:51.304+0000] {dag.py:2915} INFO - Sync 1 DAGs
[2023-09-29T18:08:51.321+0000] {logging_mixin.py:151} INFO - [2023-09-29T18:08:51.321+0000] {dag.py:3696} INFO - Setting next_dagrun for example_skip_dag to 2023-09-28T18:08:51.321526+00:00, run_after=2023-09-29T18:08:51.321526+00:00
[2023-09-29T18:08:51.334+0000] {processor.py:179} INFO - Processing /home/airflow/.local/lib/python3.8/site-packages/airflow/example_dags/example_skip_dag.py took 0.075 seconds
[2023-09-29T18:09:21.698+0000] {processor.py:157} INFO - Started process (PID=272) to work on /home/airflow/.local/lib/python3.8/site-packages/airflow/example_dags/example_skip_dag.py
[2023-09-29T18:09:21.699+0000] {processor.py:829} INFO - Processing file /home/airflow/.local/lib/python3.8/site-packages/airflow/example_dags/example_skip_dag.py for tasks to queue
[2023-09-29T18:09:21.701+0000] {logging_mixin.py:151} INFO - [2023-09-29T18:09:21.701+0000] {dagbag.py:539} INFO - Filling up the DagBag from /home/airflow/.local/lib/python3.8/site-packages/airflow/example_dags/example_skip_dag.py
[2023-09-29T18:09:21.710+0000] {processor.py:839} INFO - DAG(s) dict_keys(['example_skip_dag']) retrieved from /home/airflow/.local/lib/python3.8/site-packages/airflow/example_dags/example_skip_dag.py
[2023-09-29T18:09:21.737+0000] {logging_mixin.py:151} INFO - [2023-09-29T18:09:21.737+0000] {dag.py:2915} INFO - Sync 1 DAGs
[2023-09-29T18:09:21.758+0000] {logging_mixin.py:151} INFO - [2023-09-29T18:09:21.758+0000] {dag.py:3696} INFO - Setting next_dagrun for example_skip_dag to 2023-09-28T18:09:21.758481+00:00, run_after=2023-09-29T18:09:21.758481+00:00
[2023-09-29T18:09:21.771+0000] {processor.py:179} INFO - Processing /home/airflow/.local/lib/python3.8/site-packages/airflow/example_dags/example_skip_dag.py took 0.077 seconds
[2023-09-29T18:09:52.173+0000] {processor.py:157} INFO - Started process (PID=328) to work on /home/airflow/.local/lib/python3.8/site-packages/airflow/example_dags/example_skip_dag.py
[2023-09-29T18:09:52.174+0000] {processor.py:829} INFO - Processing file /home/airflow/.local/lib/python3.8/site-packages/airflow/example_dags/example_skip_dag.py for tasks to queue
[2023-09-29T18:09:52.176+0000] {logging_mixin.py:151} INFO - [2023-09-29T18:09:52.176+0000] {dagbag.py:539} INFO - Filling up the DagBag from /home/airflow/.local/lib/python3.8/site-packages/airflow/example_dags/example_skip_dag.py
[2023-09-29T18:09:52.183+0000] {processor.py:839} INFO - DAG(s) dict_keys(['example_skip_dag']) retrieved from /home/airflow/.local/lib/python3.8/site-packages/airflow/example_dags/example_skip_dag.py
[2023-09-29T18:09:52.202+0000] {logging_mixin.py:151} INFO - [2023-09-29T18:09:52.202+0000] {dag.py:2915} INFO - Sync 1 DAGs
[2023-09-29T18:09:52.219+0000] {logging_mixin.py:151} INFO - [2023-09-29T18:09:52.219+0000] {dag.py:3696} INFO - Setting next_dagrun for example_skip_dag to 2023-09-28T18:09:52.219487+00:00, run_after=2023-09-29T18:09:52.219487+00:00
[2023-09-29T18:09:52.232+0000] {processor.py:179} INFO - Processing /home/airflow/.local/lib/python3.8/site-packages/airflow/example_dags/example_skip_dag.py took 0.064 seconds
[2023-09-29T18:10:22.695+0000] {processor.py:157} INFO - Started process (PID=383) to work on /home/airflow/.local/lib/python3.8/site-packages/airflow/example_dags/example_skip_dag.py
[2023-09-29T18:10:22.697+0000] {processor.py:829} INFO - Processing file /home/airflow/.local/lib/python3.8/site-packages/airflow/example_dags/example_skip_dag.py for tasks to queue
[2023-09-29T18:10:22.699+0000] {logging_mixin.py:151} INFO - [2023-09-29T18:10:22.699+0000] {dagbag.py:539} INFO - Filling up the DagBag from /home/airflow/.local/lib/python3.8/site-packages/airflow/example_dags/example_skip_dag.py
[2023-09-29T18:10:22.705+0000] {processor.py:839} INFO - DAG(s) dict_keys(['example_skip_dag']) retrieved from /home/airflow/.local/lib/python3.8/site-packages/airflow/example_dags/example_skip_dag.py
[2023-09-29T18:10:22.723+0000] {logging_mixin.py:151} INFO - [2023-09-29T18:10:22.723+0000] {dag.py:2915} INFO - Sync 1 DAGs
[2023-09-29T18:10:22.740+0000] {logging_mixin.py:151} INFO - [2023-09-29T18:10:22.740+0000] {dag.py:3696} INFO - Setting next_dagrun for example_skip_dag to 2023-09-28T18:10:22.739828+00:00, run_after=2023-09-29T18:10:22.739828+00:00
[2023-09-29T18:10:22.754+0000] {processor.py:179} INFO - Processing /home/airflow/.local/lib/python3.8/site-packages/airflow/example_dags/example_skip_dag.py took 0.064 seconds
[2023-09-29T18:10:53.747+0000] {processor.py:157} INFO - Started process (PID=439) to work on /home/airflow/.local/lib/python3.8/site-packages/airflow/example_dags/example_skip_dag.py
[2023-09-29T18:10:53.749+0000] {processor.py:829} INFO - Processing file /home/airflow/.local/lib/python3.8/site-packages/airflow/example_dags/example_skip_dag.py for tasks to queue
[2023-09-29T18:10:53.752+0000] {logging_mixin.py:151} INFO - [2023-09-29T18:10:53.751+0000] {dagbag.py:539} INFO - Filling up the DagBag from /home/airflow/.local/lib/python3.8/site-packages/airflow/example_dags/example_skip_dag.py
[2023-09-29T18:10:53.760+0000] {processor.py:839} INFO - DAG(s) dict_keys(['example_skip_dag']) retrieved from /home/airflow/.local/lib/python3.8/site-packages/airflow/example_dags/example_skip_dag.py
[2023-09-29T18:10:53.783+0000] {logging_mixin.py:151} INFO - [2023-09-29T18:10:53.783+0000] {dag.py:2915} INFO - Sync 1 DAGs
[2023-09-29T18:10:53.802+0000] {logging_mixin.py:151} INFO - [2023-09-29T18:10:53.802+0000] {dag.py:3696} INFO - Setting next_dagrun for example_skip_dag to 2023-09-28T18:10:53.802004+00:00, run_after=2023-09-29T18:10:53.802004+00:00
[2023-09-29T18:10:53.817+0000] {processor.py:179} INFO - Processing /home/airflow/.local/lib/python3.8/site-packages/airflow/example_dags/example_skip_dag.py took 0.074 seconds
[2023-09-29T18:11:24.296+0000] {processor.py:157} INFO - Started process (PID=494) to work on /home/airflow/.local/lib/python3.8/site-packages/airflow/example_dags/example_skip_dag.py
[2023-09-29T18:11:24.298+0000] {processor.py:829} INFO - Processing file /home/airflow/.local/lib/python3.8/site-packages/airflow/example_dags/example_skip_dag.py for tasks to queue
[2023-09-29T18:11:24.302+0000] {logging_mixin.py:151} INFO - [2023-09-29T18:11:24.301+0000] {dagbag.py:539} INFO - Filling up the DagBag from /home/airflow/.local/lib/python3.8/site-packages/airflow/example_dags/example_skip_dag.py
[2023-09-29T18:11:24.310+0000] {processor.py:839} INFO - DAG(s) dict_keys(['example_skip_dag']) retrieved from /home/airflow/.local/lib/python3.8/site-packages/airflow/example_dags/example_skip_dag.py
[2023-09-29T18:11:24.333+0000] {logging_mixin.py:151} INFO - [2023-09-29T18:11:24.333+0000] {dag.py:2915} INFO - Sync 1 DAGs
[2023-09-29T18:11:24.352+0000] {logging_mixin.py:151} INFO - [2023-09-29T18:11:24.351+0000] {dag.py:3696} INFO - Setting next_dagrun for example_skip_dag to 2023-09-28T18:11:24.351641+00:00, run_after=2023-09-29T18:11:24.351641+00:00
[2023-09-29T18:11:24.365+0000] {processor.py:179} INFO - Processing /home/airflow/.local/lib/python3.8/site-packages/airflow/example_dags/example_skip_dag.py took 0.074 seconds
[2023-09-29T18:11:55.462+0000] {processor.py:157} INFO - Started process (PID=549) to work on /home/airflow/.local/lib/python3.8/site-packages/airflow/example_dags/example_skip_dag.py
[2023-09-29T18:11:55.463+0000] {processor.py:829} INFO - Processing file /home/airflow/.local/lib/python3.8/site-packages/airflow/example_dags/example_skip_dag.py for tasks to queue
[2023-09-29T18:11:55.466+0000] {logging_mixin.py:151} INFO - [2023-09-29T18:11:55.465+0000] {dagbag.py:539} INFO - Filling up the DagBag from /home/airflow/.local/lib/python3.8/site-packages/airflow/example_dags/example_skip_dag.py
[2023-09-29T18:11:55.471+0000] {processor.py:839} INFO - DAG(s) dict_keys(['example_skip_dag']) retrieved from /home/airflow/.local/lib/python3.8/site-packages/airflow/example_dags/example_skip_dag.py
[2023-09-29T18:11:55.489+0000] {logging_mixin.py:151} INFO - [2023-09-29T18:11:55.489+0000] {dag.py:2915} INFO - Sync 1 DAGs
[2023-09-29T18:11:55.507+0000] {logging_mixin.py:151} INFO - [2023-09-29T18:11:55.507+0000] {dag.py:3696} INFO - Setting next_dagrun for example_skip_dag to 2023-09-28T18:11:55.507132+00:00, run_after=2023-09-29T18:11:55.507132+00:00
[2023-09-29T18:11:55.519+0000] {processor.py:179} INFO - Processing /home/airflow/.local/lib/python3.8/site-packages/airflow/example_dags/example_skip_dag.py took 0.060 seconds
[2023-09-29T18:12:26.175+0000] {processor.py:157} INFO - Started process (PID=604) to work on /home/airflow/.local/lib/python3.8/site-packages/airflow/example_dags/example_skip_dag.py
[2023-09-29T18:12:26.176+0000] {processor.py:829} INFO - Processing file /home/airflow/.local/lib/python3.8/site-packages/airflow/example_dags/example_skip_dag.py for tasks to queue
[2023-09-29T18:12:26.178+0000] {logging_mixin.py:151} INFO - [2023-09-29T18:12:26.178+0000] {dagbag.py:539} INFO - Filling up the DagBag from /home/airflow/.local/lib/python3.8/site-packages/airflow/example_dags/example_skip_dag.py
[2023-09-29T18:12:26.184+0000] {processor.py:839} INFO - DAG(s) dict_keys(['example_skip_dag']) retrieved from /home/airflow/.local/lib/python3.8/site-packages/airflow/example_dags/example_skip_dag.py
[2023-09-29T18:12:26.212+0000] {logging_mixin.py:151} INFO - [2023-09-29T18:12:26.212+0000] {dag.py:2915} INFO - Sync 1 DAGs
[2023-09-29T18:12:26.230+0000] {logging_mixin.py:151} INFO - [2023-09-29T18:12:26.230+0000] {dag.py:3696} INFO - Setting next_dagrun for example_skip_dag to 2023-09-28T18:12:26.230299+00:00, run_after=2023-09-29T18:12:26.230299+00:00
[2023-09-29T18:12:26.243+0000] {processor.py:179} INFO - Processing /home/airflow/.local/lib/python3.8/site-packages/airflow/example_dags/example_skip_dag.py took 0.073 seconds
[2023-09-29T18:12:57.317+0000] {processor.py:157} INFO - Started process (PID=660) to work on /home/airflow/.local/lib/python3.8/site-packages/airflow/example_dags/example_skip_dag.py
[2023-09-29T18:12:57.318+0000] {processor.py:829} INFO - Processing file /home/airflow/.local/lib/python3.8/site-packages/airflow/example_dags/example_skip_dag.py for tasks to queue
[2023-09-29T18:12:57.320+0000] {logging_mixin.py:151} INFO - [2023-09-29T18:12:57.320+0000] {dagbag.py:539} INFO - Filling up the DagBag from /home/airflow/.local/lib/python3.8/site-packages/airflow/example_dags/example_skip_dag.py
[2023-09-29T18:12:57.326+0000] {processor.py:839} INFO - DAG(s) dict_keys(['example_skip_dag']) retrieved from /home/airflow/.local/lib/python3.8/site-packages/airflow/example_dags/example_skip_dag.py
[2023-09-29T18:12:57.343+0000] {logging_mixin.py:151} INFO - [2023-09-29T18:12:57.343+0000] {dag.py:2915} INFO - Sync 1 DAGs
[2023-09-29T18:12:57.362+0000] {logging_mixin.py:151} INFO - [2023-09-29T18:12:57.362+0000] {dag.py:3696} INFO - Setting next_dagrun for example_skip_dag to 2023-09-28T18:12:57.361964+00:00, run_after=2023-09-29T18:12:57.361964+00:00
[2023-09-29T18:12:57.374+0000] {processor.py:179} INFO - Processing /home/airflow/.local/lib/python3.8/site-packages/airflow/example_dags/example_skip_dag.py took 0.061 seconds
[2023-09-29T18:13:27.955+0000] {processor.py:157} INFO - Started process (PID=715) to work on /home/airflow/.local/lib/python3.8/site-packages/airflow/example_dags/example_skip_dag.py
[2023-09-29T18:13:27.956+0000] {processor.py:829} INFO - Processing file /home/airflow/.local/lib/python3.8/site-packages/airflow/example_dags/example_skip_dag.py for tasks to queue
[2023-09-29T18:13:27.958+0000] {logging_mixin.py:151} INFO - [2023-09-29T18:13:27.958+0000] {dagbag.py:539} INFO - Filling up the DagBag from /home/airflow/.local/lib/python3.8/site-packages/airflow/example_dags/example_skip_dag.py
[2023-09-29T18:13:27.963+0000] {processor.py:839} INFO - DAG(s) dict_keys(['example_skip_dag']) retrieved from /home/airflow/.local/lib/python3.8/site-packages/airflow/example_dags/example_skip_dag.py
[2023-09-29T18:13:27.983+0000] {logging_mixin.py:151} INFO - [2023-09-29T18:13:27.983+0000] {dag.py:2915} INFO - Sync 1 DAGs
[2023-09-29T18:13:28.002+0000] {logging_mixin.py:151} INFO - [2023-09-29T18:13:28.002+0000] {dag.py:3696} INFO - Setting next_dagrun for example_skip_dag to 2023-09-28T18:13:28.001788+00:00, run_after=2023-09-29T18:13:28.001788+00:00
[2023-09-29T18:13:28.015+0000] {processor.py:179} INFO - Processing /home/airflow/.local/lib/python3.8/site-packages/airflow/example_dags/example_skip_dag.py took 0.064 seconds
[2023-09-29T18:13:58.864+0000] {processor.py:157} INFO - Started process (PID=770) to work on /home/airflow/.local/lib/python3.8/site-packages/airflow/example_dags/example_skip_dag.py
[2023-09-29T18:13:58.865+0000] {processor.py:829} INFO - Processing file /home/airflow/.local/lib/python3.8/site-packages/airflow/example_dags/example_skip_dag.py for tasks to queue
[2023-09-29T18:13:58.868+0000] {logging_mixin.py:151} INFO - [2023-09-29T18:13:58.867+0000] {dagbag.py:539} INFO - Filling up the DagBag from /home/airflow/.local/lib/python3.8/site-packages/airflow/example_dags/example_skip_dag.py
[2023-09-29T18:13:58.874+0000] {processor.py:839} INFO - DAG(s) dict_keys(['example_skip_dag']) retrieved from /home/airflow/.local/lib/python3.8/site-packages/airflow/example_dags/example_skip_dag.py
[2023-09-29T18:13:58.891+0000] {logging_mixin.py:151} INFO - [2023-09-29T18:13:58.891+0000] {dag.py:2915} INFO - Sync 1 DAGs
[2023-09-29T18:13:58.916+0000] {logging_mixin.py:151} INFO - [2023-09-29T18:13:58.916+0000] {dag.py:3696} INFO - Setting next_dagrun for example_skip_dag to 2023-09-28T18:13:58.915991+00:00, run_after=2023-09-29T18:13:58.915991+00:00
[2023-09-29T18:13:58.930+0000] {processor.py:179} INFO - Processing /home/airflow/.local/lib/python3.8/site-packages/airflow/example_dags/example_skip_dag.py took 0.069 seconds
[2023-09-29T18:14:30.815+0000] {processor.py:157} INFO - Started process (PID=831) to work on /home/airflow/.local/lib/python3.8/site-packages/airflow/example_dags/example_skip_dag.py
[2023-09-29T18:14:30.827+0000] {processor.py:829} INFO - Processing file /home/airflow/.local/lib/python3.8/site-packages/airflow/example_dags/example_skip_dag.py for tasks to queue
[2023-09-29T18:14:30.838+0000] {logging_mixin.py:151} INFO - [2023-09-29T18:14:30.837+0000] {dagbag.py:539} INFO - Filling up the DagBag from /home/airflow/.local/lib/python3.8/site-packages/airflow/example_dags/example_skip_dag.py
[2023-09-29T18:14:30.893+0000] {processor.py:839} INFO - DAG(s) dict_keys(['example_skip_dag']) retrieved from /home/airflow/.local/lib/python3.8/site-packages/airflow/example_dags/example_skip_dag.py
[2023-09-29T18:14:30.987+0000] {logging_mixin.py:151} INFO - [2023-09-29T18:14:30.987+0000] {dag.py:2915} INFO - Sync 1 DAGs
[2023-09-29T18:14:31.079+0000] {logging_mixin.py:151} INFO - [2023-09-29T18:14:31.079+0000] {dag.py:3696} INFO - Setting next_dagrun for example_skip_dag to 2023-09-28T18:14:31.078068+00:00, run_after=2023-09-29T18:14:31.078068+00:00
[2023-09-29T18:14:31.146+0000] {processor.py:179} INFO - Processing /home/airflow/.local/lib/python3.8/site-packages/airflow/example_dags/example_skip_dag.py took 0.386 seconds
[2023-09-29T18:15:01.924+0000] {processor.py:157} INFO - Started process (PID=886) to work on /home/airflow/.local/lib/python3.8/site-packages/airflow/example_dags/example_skip_dag.py
[2023-09-29T18:15:01.925+0000] {processor.py:829} INFO - Processing file /home/airflow/.local/lib/python3.8/site-packages/airflow/example_dags/example_skip_dag.py for tasks to queue
[2023-09-29T18:15:01.927+0000] {logging_mixin.py:151} INFO - [2023-09-29T18:15:01.927+0000] {dagbag.py:539} INFO - Filling up the DagBag from /home/airflow/.local/lib/python3.8/site-packages/airflow/example_dags/example_skip_dag.py
[2023-09-29T18:15:01.934+0000] {processor.py:839} INFO - DAG(s) dict_keys(['example_skip_dag']) retrieved from /home/airflow/.local/lib/python3.8/site-packages/airflow/example_dags/example_skip_dag.py
[2023-09-29T18:15:01.958+0000] {logging_mixin.py:151} INFO - [2023-09-29T18:15:01.958+0000] {dag.py:2915} INFO - Sync 1 DAGs
[2023-09-29T18:15:01.980+0000] {logging_mixin.py:151} INFO - [2023-09-29T18:15:01.980+0000] {dag.py:3696} INFO - Setting next_dagrun for example_skip_dag to 2023-09-28T18:15:01.979846+00:00, run_after=2023-09-29T18:15:01.979846+00:00
[2023-09-29T18:15:01.997+0000] {processor.py:179} INFO - Processing /home/airflow/.local/lib/python3.8/site-packages/airflow/example_dags/example_skip_dag.py took 0.081 seconds
[2023-09-29T18:15:33.015+0000] {processor.py:157} INFO - Started process (PID=941) to work on /home/airflow/.local/lib/python3.8/site-packages/airflow/example_dags/example_skip_dag.py
[2023-09-29T18:15:33.017+0000] {processor.py:829} INFO - Processing file /home/airflow/.local/lib/python3.8/site-packages/airflow/example_dags/example_skip_dag.py for tasks to queue
[2023-09-29T18:15:33.019+0000] {logging_mixin.py:151} INFO - [2023-09-29T18:15:33.019+0000] {dagbag.py:539} INFO - Filling up the DagBag from /home/airflow/.local/lib/python3.8/site-packages/airflow/example_dags/example_skip_dag.py
[2023-09-29T18:15:33.026+0000] {processor.py:839} INFO - DAG(s) dict_keys(['example_skip_dag']) retrieved from /home/airflow/.local/lib/python3.8/site-packages/airflow/example_dags/example_skip_dag.py
[2023-09-29T18:15:33.050+0000] {logging_mixin.py:151} INFO - [2023-09-29T18:15:33.049+0000] {dag.py:2915} INFO - Sync 1 DAGs
[2023-09-29T18:15:33.068+0000] {logging_mixin.py:151} INFO - [2023-09-29T18:15:33.068+0000] {dag.py:3696} INFO - Setting next_dagrun for example_skip_dag to 2023-09-28T18:15:33.067677+00:00, run_after=2023-09-29T18:15:33.067677+00:00
[2023-09-29T18:15:33.081+0000] {processor.py:179} INFO - Processing /home/airflow/.local/lib/python3.8/site-packages/airflow/example_dags/example_skip_dag.py took 0.070 seconds
[2023-09-29T18:16:03.606+0000] {processor.py:157} INFO - Started process (PID=996) to work on /home/airflow/.local/lib/python3.8/site-packages/airflow/example_dags/example_skip_dag.py
[2023-09-29T18:16:03.608+0000] {processor.py:829} INFO - Processing file /home/airflow/.local/lib/python3.8/site-packages/airflow/example_dags/example_skip_dag.py for tasks to queue
[2023-09-29T18:16:03.612+0000] {logging_mixin.py:151} INFO - [2023-09-29T18:16:03.612+0000] {dagbag.py:539} INFO - Filling up the DagBag from /home/airflow/.local/lib/python3.8/site-packages/airflow/example_dags/example_skip_dag.py
[2023-09-29T18:16:03.621+0000] {processor.py:839} INFO - DAG(s) dict_keys(['example_skip_dag']) retrieved from /home/airflow/.local/lib/python3.8/site-packages/airflow/example_dags/example_skip_dag.py
[2023-09-29T18:16:03.642+0000] {logging_mixin.py:151} INFO - [2023-09-29T18:16:03.642+0000] {dag.py:2915} INFO - Sync 1 DAGs
[2023-09-29T18:16:03.666+0000] {logging_mixin.py:151} INFO - [2023-09-29T18:16:03.666+0000] {dag.py:3696} INFO - Setting next_dagrun for example_skip_dag to 2023-09-28T18:16:03.666152+00:00, run_after=2023-09-29T18:16:03.666152+00:00
[2023-09-29T18:16:03.689+0000] {processor.py:179} INFO - Processing /home/airflow/.local/lib/python3.8/site-packages/airflow/example_dags/example_skip_dag.py took 0.088 seconds
[2023-09-29T18:16:33.893+0000] {processor.py:157} INFO - Started process (PID=1051) to work on /home/airflow/.local/lib/python3.8/site-packages/airflow/example_dags/example_skip_dag.py
[2023-09-29T18:16:33.894+0000] {processor.py:829} INFO - Processing file /home/airflow/.local/lib/python3.8/site-packages/airflow/example_dags/example_skip_dag.py for tasks to queue
[2023-09-29T18:16:33.897+0000] {logging_mixin.py:151} INFO - [2023-09-29T18:16:33.896+0000] {dagbag.py:539} INFO - Filling up the DagBag from /home/airflow/.local/lib/python3.8/site-packages/airflow/example_dags/example_skip_dag.py
[2023-09-29T18:16:33.903+0000] {processor.py:839} INFO - DAG(s) dict_keys(['example_skip_dag']) retrieved from /home/airflow/.local/lib/python3.8/site-packages/airflow/example_dags/example_skip_dag.py
[2023-09-29T18:16:33.923+0000] {logging_mixin.py:151} INFO - [2023-09-29T18:16:33.923+0000] {dag.py:2915} INFO - Sync 1 DAGs
[2023-09-29T18:16:33.939+0000] {logging_mixin.py:151} INFO - [2023-09-29T18:16:33.939+0000] {dag.py:3696} INFO - Setting next_dagrun for example_skip_dag to 2023-09-28T18:16:33.939408+00:00, run_after=2023-09-29T18:16:33.939408+00:00
[2023-09-29T18:16:33.953+0000] {processor.py:179} INFO - Processing /home/airflow/.local/lib/python3.8/site-packages/airflow/example_dags/example_skip_dag.py took 0.064 seconds
[2023-09-29T18:17:04.134+0000] {processor.py:157} INFO - Started process (PID=1106) to work on /home/airflow/.local/lib/python3.8/site-packages/airflow/example_dags/example_skip_dag.py
[2023-09-29T18:17:04.137+0000] {processor.py:829} INFO - Processing file /home/airflow/.local/lib/python3.8/site-packages/airflow/example_dags/example_skip_dag.py for tasks to queue
[2023-09-29T18:17:04.141+0000] {logging_mixin.py:151} INFO - [2023-09-29T18:17:04.141+0000] {dagbag.py:539} INFO - Filling up the DagBag from /home/airflow/.local/lib/python3.8/site-packages/airflow/example_dags/example_skip_dag.py
[2023-09-29T18:17:04.165+0000] {processor.py:839} INFO - DAG(s) dict_keys(['example_skip_dag']) retrieved from /home/airflow/.local/lib/python3.8/site-packages/airflow/example_dags/example_skip_dag.py
[2023-09-29T18:17:04.227+0000] {logging_mixin.py:151} INFO - [2023-09-29T18:17:04.227+0000] {dag.py:2915} INFO - Sync 1 DAGs
[2023-09-29T18:17:04.257+0000] {logging_mixin.py:151} INFO - [2023-09-29T18:17:04.256+0000] {dag.py:3696} INFO - Setting next_dagrun for example_skip_dag to 2023-09-28T18:17:04.256506+00:00, run_after=2023-09-29T18:17:04.256506+00:00
[2023-09-29T18:17:04.276+0000] {processor.py:179} INFO - Processing /home/airflow/.local/lib/python3.8/site-packages/airflow/example_dags/example_skip_dag.py took 0.150 seconds
[2023-09-29T18:17:34.366+0000] {processor.py:157} INFO - Started process (PID=1160) to work on /home/airflow/.local/lib/python3.8/site-packages/airflow/example_dags/example_skip_dag.py
[2023-09-29T18:17:34.369+0000] {processor.py:829} INFO - Processing file /home/airflow/.local/lib/python3.8/site-packages/airflow/example_dags/example_skip_dag.py for tasks to queue
[2023-09-29T18:17:34.372+0000] {logging_mixin.py:151} INFO - [2023-09-29T18:17:34.371+0000] {dagbag.py:539} INFO - Filling up the DagBag from /home/airflow/.local/lib/python3.8/site-packages/airflow/example_dags/example_skip_dag.py
[2023-09-29T18:17:34.381+0000] {processor.py:839} INFO - DAG(s) dict_keys(['example_skip_dag']) retrieved from /home/airflow/.local/lib/python3.8/site-packages/airflow/example_dags/example_skip_dag.py
[2023-09-29T18:17:34.406+0000] {logging_mixin.py:151} INFO - [2023-09-29T18:17:34.406+0000] {dag.py:2915} INFO - Sync 1 DAGs
[2023-09-29T18:17:34.423+0000] {logging_mixin.py:151} INFO - [2023-09-29T18:17:34.423+0000] {dag.py:3696} INFO - Setting next_dagrun for example_skip_dag to 2023-09-28T18:17:34.423380+00:00, run_after=2023-09-29T18:17:34.423380+00:00
[2023-09-29T18:17:34.437+0000] {processor.py:179} INFO - Processing /home/airflow/.local/lib/python3.8/site-packages/airflow/example_dags/example_skip_dag.py took 0.078 seconds
[2023-09-29T18:18:04.960+0000] {processor.py:157} INFO - Started process (PID=1216) to work on /home/airflow/.local/lib/python3.8/site-packages/airflow/example_dags/example_skip_dag.py
[2023-09-29T18:18:04.962+0000] {processor.py:829} INFO - Processing file /home/airflow/.local/lib/python3.8/site-packages/airflow/example_dags/example_skip_dag.py for tasks to queue
[2023-09-29T18:18:04.966+0000] {logging_mixin.py:151} INFO - [2023-09-29T18:18:04.966+0000] {dagbag.py:539} INFO - Filling up the DagBag from /home/airflow/.local/lib/python3.8/site-packages/airflow/example_dags/example_skip_dag.py
[2023-09-29T18:18:04.992+0000] {processor.py:839} INFO - DAG(s) dict_keys(['example_skip_dag']) retrieved from /home/airflow/.local/lib/python3.8/site-packages/airflow/example_dags/example_skip_dag.py
[2023-09-29T18:18:05.035+0000] {logging_mixin.py:151} INFO - [2023-09-29T18:18:05.035+0000] {dag.py:2915} INFO - Sync 1 DAGs
[2023-09-29T18:18:05.061+0000] {logging_mixin.py:151} INFO - [2023-09-29T18:18:05.060+0000] {dag.py:3696} INFO - Setting next_dagrun for example_skip_dag to 2023-09-28T18:18:05.060378+00:00, run_after=2023-09-29T18:18:05.060378+00:00
[2023-09-29T18:18:05.077+0000] {processor.py:179} INFO - Processing /home/airflow/.local/lib/python3.8/site-packages/airflow/example_dags/example_skip_dag.py took 0.123 seconds
[2023-09-29T18:18:35.392+0000] {processor.py:157} INFO - Started process (PID=1271) to work on /home/airflow/.local/lib/python3.8/site-packages/airflow/example_dags/example_skip_dag.py
[2023-09-29T18:18:35.395+0000] {processor.py:829} INFO - Processing file /home/airflow/.local/lib/python3.8/site-packages/airflow/example_dags/example_skip_dag.py for tasks to queue
[2023-09-29T18:18:35.398+0000] {logging_mixin.py:151} INFO - [2023-09-29T18:18:35.398+0000] {dagbag.py:539} INFO - Filling up the DagBag from /home/airflow/.local/lib/python3.8/site-packages/airflow/example_dags/example_skip_dag.py
[2023-09-29T18:18:35.409+0000] {processor.py:839} INFO - DAG(s) dict_keys(['example_skip_dag']) retrieved from /home/airflow/.local/lib/python3.8/site-packages/airflow/example_dags/example_skip_dag.py
[2023-09-29T18:18:35.444+0000] {logging_mixin.py:151} INFO - [2023-09-29T18:18:35.444+0000] {dag.py:2915} INFO - Sync 1 DAGs
[2023-09-29T18:18:35.477+0000] {logging_mixin.py:151} INFO - [2023-09-29T18:18:35.476+0000] {dag.py:3696} INFO - Setting next_dagrun for example_skip_dag to 2023-09-28T18:18:35.476152+00:00, run_after=2023-09-29T18:18:35.476152+00:00
[2023-09-29T18:18:35.499+0000] {processor.py:179} INFO - Processing /home/airflow/.local/lib/python3.8/site-packages/airflow/example_dags/example_skip_dag.py took 0.113 seconds
[2023-09-29T18:19:06.055+0000] {processor.py:157} INFO - Started process (PID=1326) to work on /home/airflow/.local/lib/python3.8/site-packages/airflow/example_dags/example_skip_dag.py
[2023-09-29T18:19:06.059+0000] {processor.py:829} INFO - Processing file /home/airflow/.local/lib/python3.8/site-packages/airflow/example_dags/example_skip_dag.py for tasks to queue
[2023-09-29T18:19:06.068+0000] {logging_mixin.py:151} INFO - [2023-09-29T18:19:06.067+0000] {dagbag.py:539} INFO - Filling up the DagBag from /home/airflow/.local/lib/python3.8/site-packages/airflow/example_dags/example_skip_dag.py
[2023-09-29T18:19:06.087+0000] {processor.py:839} INFO - DAG(s) dict_keys(['example_skip_dag']) retrieved from /home/airflow/.local/lib/python3.8/site-packages/airflow/example_dags/example_skip_dag.py
[2023-09-29T18:19:06.143+0000] {logging_mixin.py:151} INFO - [2023-09-29T18:19:06.143+0000] {dag.py:2915} INFO - Sync 1 DAGs
[2023-09-29T18:19:06.180+0000] {logging_mixin.py:151} INFO - [2023-09-29T18:19:06.180+0000] {dag.py:3696} INFO - Setting next_dagrun for example_skip_dag to 2023-09-28T18:19:06.180192+00:00, run_after=2023-09-29T18:19:06.180192+00:00
[2023-09-29T18:19:06.200+0000] {processor.py:179} INFO - Processing /home/airflow/.local/lib/python3.8/site-packages/airflow/example_dags/example_skip_dag.py took 0.164 seconds
[2023-09-29T18:19:36.692+0000] {processor.py:157} INFO - Started process (PID=1381) to work on /home/airflow/.local/lib/python3.8/site-packages/airflow/example_dags/example_skip_dag.py
[2023-09-29T18:19:36.700+0000] {processor.py:829} INFO - Processing file /home/airflow/.local/lib/python3.8/site-packages/airflow/example_dags/example_skip_dag.py for tasks to queue
[2023-09-29T18:19:36.704+0000] {logging_mixin.py:151} INFO - [2023-09-29T18:19:36.704+0000] {dagbag.py:539} INFO - Filling up the DagBag from /home/airflow/.local/lib/python3.8/site-packages/airflow/example_dags/example_skip_dag.py
[2023-09-29T18:19:36.719+0000] {processor.py:839} INFO - DAG(s) dict_keys(['example_skip_dag']) retrieved from /home/airflow/.local/lib/python3.8/site-packages/airflow/example_dags/example_skip_dag.py
[2023-09-29T18:19:36.759+0000] {logging_mixin.py:151} INFO - [2023-09-29T18:19:36.759+0000] {dag.py:2915} INFO - Sync 1 DAGs
[2023-09-29T18:19:36.801+0000] {logging_mixin.py:151} INFO - [2023-09-29T18:19:36.801+0000] {dag.py:3696} INFO - Setting next_dagrun for example_skip_dag to 2023-09-28T18:19:36.800773+00:00, run_after=2023-09-29T18:19:36.800773+00:00
[2023-09-29T18:19:36.820+0000] {processor.py:179} INFO - Processing /home/airflow/.local/lib/python3.8/site-packages/airflow/example_dags/example_skip_dag.py took 0.143 seconds
[2023-09-29T18:20:07.202+0000] {processor.py:157} INFO - Started process (PID=1436) to work on /home/airflow/.local/lib/python3.8/site-packages/airflow/example_dags/example_skip_dag.py
[2023-09-29T18:20:07.205+0000] {processor.py:829} INFO - Processing file /home/airflow/.local/lib/python3.8/site-packages/airflow/example_dags/example_skip_dag.py for tasks to queue
[2023-09-29T18:20:07.210+0000] {logging_mixin.py:151} INFO - [2023-09-29T18:20:07.209+0000] {dagbag.py:539} INFO - Filling up the DagBag from /home/airflow/.local/lib/python3.8/site-packages/airflow/example_dags/example_skip_dag.py
[2023-09-29T18:20:07.227+0000] {processor.py:839} INFO - DAG(s) dict_keys(['example_skip_dag']) retrieved from /home/airflow/.local/lib/python3.8/site-packages/airflow/example_dags/example_skip_dag.py
[2023-09-29T18:20:07.285+0000] {logging_mixin.py:151} INFO - [2023-09-29T18:20:07.284+0000] {dag.py:2915} INFO - Sync 1 DAGs
[2023-09-29T18:20:07.338+0000] {logging_mixin.py:151} INFO - [2023-09-29T18:20:07.338+0000] {dag.py:3696} INFO - Setting next_dagrun for example_skip_dag to 2023-09-28T18:20:07.337511+00:00, run_after=2023-09-29T18:20:07.337511+00:00
[2023-09-29T18:20:07.357+0000] {processor.py:179} INFO - Processing /home/airflow/.local/lib/python3.8/site-packages/airflow/example_dags/example_skip_dag.py took 0.161 seconds
[2023-09-29T18:20:37.687+0000] {processor.py:157} INFO - Started process (PID=1492) to work on /home/airflow/.local/lib/python3.8/site-packages/airflow/example_dags/example_skip_dag.py
[2023-09-29T18:20:37.691+0000] {processor.py:829} INFO - Processing file /home/airflow/.local/lib/python3.8/site-packages/airflow/example_dags/example_skip_dag.py for tasks to queue
[2023-09-29T18:20:37.701+0000] {logging_mixin.py:151} INFO - [2023-09-29T18:20:37.700+0000] {dagbag.py:539} INFO - Filling up the DagBag from /home/airflow/.local/lib/python3.8/site-packages/airflow/example_dags/example_skip_dag.py
[2023-09-29T18:20:37.732+0000] {processor.py:839} INFO - DAG(s) dict_keys(['example_skip_dag']) retrieved from /home/airflow/.local/lib/python3.8/site-packages/airflow/example_dags/example_skip_dag.py
[2023-09-29T18:20:37.767+0000] {logging_mixin.py:151} INFO - [2023-09-29T18:20:37.767+0000] {dag.py:2915} INFO - Sync 1 DAGs
[2023-09-29T18:20:37.805+0000] {logging_mixin.py:151} INFO - [2023-09-29T18:20:37.805+0000] {dag.py:3696} INFO - Setting next_dagrun for example_skip_dag to 2023-09-28T18:20:37.803839+00:00, run_after=2023-09-29T18:20:37.803839+00:00
[2023-09-29T18:20:37.825+0000] {processor.py:179} INFO - Processing /home/airflow/.local/lib/python3.8/site-packages/airflow/example_dags/example_skip_dag.py took 0.146 seconds
[2023-09-29T18:21:07.969+0000] {processor.py:157} INFO - Started process (PID=1546) to work on /home/airflow/.local/lib/python3.8/site-packages/airflow/example_dags/example_skip_dag.py
[2023-09-29T18:21:07.972+0000] {processor.py:829} INFO - Processing file /home/airflow/.local/lib/python3.8/site-packages/airflow/example_dags/example_skip_dag.py for tasks to queue
[2023-09-29T18:21:07.977+0000] {logging_mixin.py:151} INFO - [2023-09-29T18:21:07.976+0000] {dagbag.py:539} INFO - Filling up the DagBag from /home/airflow/.local/lib/python3.8/site-packages/airflow/example_dags/example_skip_dag.py
[2023-09-29T18:21:07.990+0000] {processor.py:839} INFO - DAG(s) dict_keys(['example_skip_dag']) retrieved from /home/airflow/.local/lib/python3.8/site-packages/airflow/example_dags/example_skip_dag.py
[2023-09-29T18:21:08.031+0000] {logging_mixin.py:151} INFO - [2023-09-29T18:21:08.031+0000] {dag.py:2915} INFO - Sync 1 DAGs
[2023-09-29T18:21:08.083+0000] {logging_mixin.py:151} INFO - [2023-09-29T18:21:08.083+0000] {dag.py:3696} INFO - Setting next_dagrun for example_skip_dag to 2023-09-28T18:21:08.082084+00:00, run_after=2023-09-29T18:21:08.082084+00:00
[2023-09-29T18:21:08.097+0000] {processor.py:179} INFO - Processing /home/airflow/.local/lib/python3.8/site-packages/airflow/example_dags/example_skip_dag.py took 0.134 seconds
[2023-09-29T18:21:38.198+0000] {processor.py:157} INFO - Started process (PID=1602) to work on /home/airflow/.local/lib/python3.8/site-packages/airflow/example_dags/example_skip_dag.py
[2023-09-29T18:21:38.200+0000] {processor.py:829} INFO - Processing file /home/airflow/.local/lib/python3.8/site-packages/airflow/example_dags/example_skip_dag.py for tasks to queue
[2023-09-29T18:21:38.205+0000] {logging_mixin.py:151} INFO - [2023-09-29T18:21:38.205+0000] {dagbag.py:539} INFO - Filling up the DagBag from /home/airflow/.local/lib/python3.8/site-packages/airflow/example_dags/example_skip_dag.py
[2023-09-29T18:21:38.232+0000] {processor.py:839} INFO - DAG(s) dict_keys(['example_skip_dag']) retrieved from /home/airflow/.local/lib/python3.8/site-packages/airflow/example_dags/example_skip_dag.py
[2023-09-29T18:21:38.272+0000] {logging_mixin.py:151} INFO - [2023-09-29T18:21:38.271+0000] {dag.py:2915} INFO - Sync 1 DAGs
[2023-09-29T18:21:38.314+0000] {logging_mixin.py:151} INFO - [2023-09-29T18:21:38.314+0000] {dag.py:3696} INFO - Setting next_dagrun for example_skip_dag to 2023-09-28T18:21:38.313558+00:00, run_after=2023-09-29T18:21:38.313558+00:00
[2023-09-29T18:21:38.343+0000] {processor.py:179} INFO - Processing /home/airflow/.local/lib/python3.8/site-packages/airflow/example_dags/example_skip_dag.py took 0.154 seconds
[2023-09-29T18:22:09.074+0000] {processor.py:157} INFO - Started process (PID=1658) to work on /home/airflow/.local/lib/python3.8/site-packages/airflow/example_dags/example_skip_dag.py
[2023-09-29T18:22:09.077+0000] {processor.py:829} INFO - Processing file /home/airflow/.local/lib/python3.8/site-packages/airflow/example_dags/example_skip_dag.py for tasks to queue
[2023-09-29T18:22:09.082+0000] {logging_mixin.py:151} INFO - [2023-09-29T18:22:09.082+0000] {dagbag.py:539} INFO - Filling up the DagBag from /home/airflow/.local/lib/python3.8/site-packages/airflow/example_dags/example_skip_dag.py
[2023-09-29T18:22:09.094+0000] {processor.py:839} INFO - DAG(s) dict_keys(['example_skip_dag']) retrieved from /home/airflow/.local/lib/python3.8/site-packages/airflow/example_dags/example_skip_dag.py
[2023-09-29T18:22:09.133+0000] {logging_mixin.py:151} INFO - [2023-09-29T18:22:09.133+0000] {dag.py:2915} INFO - Sync 1 DAGs
[2023-09-29T18:22:09.172+0000] {logging_mixin.py:151} INFO - [2023-09-29T18:22:09.172+0000] {dag.py:3696} INFO - Setting next_dagrun for example_skip_dag to 2023-09-28T18:22:09.171918+00:00, run_after=2023-09-29T18:22:09.171918+00:00
[2023-09-29T18:22:09.190+0000] {processor.py:179} INFO - Processing /home/airflow/.local/lib/python3.8/site-packages/airflow/example_dags/example_skip_dag.py took 0.129 seconds
[2023-09-29T18:22:39.335+0000] {processor.py:157} INFO - Started process (PID=1712) to work on /home/airflow/.local/lib/python3.8/site-packages/airflow/example_dags/example_skip_dag.py
[2023-09-29T18:22:39.338+0000] {processor.py:829} INFO - Processing file /home/airflow/.local/lib/python3.8/site-packages/airflow/example_dags/example_skip_dag.py for tasks to queue
[2023-09-29T18:22:39.344+0000] {logging_mixin.py:151} INFO - [2023-09-29T18:22:39.344+0000] {dagbag.py:539} INFO - Filling up the DagBag from /home/airflow/.local/lib/python3.8/site-packages/airflow/example_dags/example_skip_dag.py
[2023-09-29T18:22:39.358+0000] {processor.py:839} INFO - DAG(s) dict_keys(['example_skip_dag']) retrieved from /home/airflow/.local/lib/python3.8/site-packages/airflow/example_dags/example_skip_dag.py
[2023-09-29T18:22:39.401+0000] {logging_mixin.py:151} INFO - [2023-09-29T18:22:39.401+0000] {dag.py:2915} INFO - Sync 1 DAGs
[2023-09-29T18:22:39.425+0000] {logging_mixin.py:151} INFO - [2023-09-29T18:22:39.425+0000] {dag.py:3696} INFO - Setting next_dagrun for example_skip_dag to 2023-09-28T18:22:39.424900+00:00, run_after=2023-09-29T18:22:39.424900+00:00
[2023-09-29T18:22:39.442+0000] {processor.py:179} INFO - Processing /home/airflow/.local/lib/python3.8/site-packages/airflow/example_dags/example_skip_dag.py took 0.116 seconds
[2023-09-29T18:23:10.472+0000] {processor.py:157} INFO - Started process (PID=1769) to work on /home/airflow/.local/lib/python3.8/site-packages/airflow/example_dags/example_skip_dag.py
[2023-09-29T18:23:10.474+0000] {processor.py:829} INFO - Processing file /home/airflow/.local/lib/python3.8/site-packages/airflow/example_dags/example_skip_dag.py for tasks to queue
[2023-09-29T18:23:10.478+0000] {logging_mixin.py:151} INFO - [2023-09-29T18:23:10.477+0000] {dagbag.py:539} INFO - Filling up the DagBag from /home/airflow/.local/lib/python3.8/site-packages/airflow/example_dags/example_skip_dag.py
[2023-09-29T18:23:10.513+0000] {processor.py:839} INFO - DAG(s) dict_keys(['example_skip_dag']) retrieved from /home/airflow/.local/lib/python3.8/site-packages/airflow/example_dags/example_skip_dag.py
[2023-09-29T18:23:10.548+0000] {logging_mixin.py:151} INFO - [2023-09-29T18:23:10.548+0000] {dag.py:2915} INFO - Sync 1 DAGs
[2023-09-29T18:23:10.571+0000] {logging_mixin.py:151} INFO - [2023-09-29T18:23:10.571+0000] {dag.py:3696} INFO - Setting next_dagrun for example_skip_dag to 2023-09-28T18:23:10.571208+00:00, run_after=2023-09-29T18:23:10.571208+00:00
[2023-09-29T18:23:10.590+0000] {processor.py:179} INFO - Processing /home/airflow/.local/lib/python3.8/site-packages/airflow/example_dags/example_skip_dag.py took 0.123 seconds
[2023-09-29T18:23:40.747+0000] {processor.py:157} INFO - Started process (PID=1823) to work on /home/airflow/.local/lib/python3.8/site-packages/airflow/example_dags/example_skip_dag.py
[2023-09-29T18:23:40.750+0000] {processor.py:829} INFO - Processing file /home/airflow/.local/lib/python3.8/site-packages/airflow/example_dags/example_skip_dag.py for tasks to queue
[2023-09-29T18:23:40.755+0000] {logging_mixin.py:151} INFO - [2023-09-29T18:23:40.755+0000] {dagbag.py:539} INFO - Filling up the DagBag from /home/airflow/.local/lib/python3.8/site-packages/airflow/example_dags/example_skip_dag.py
[2023-09-29T18:23:40.768+0000] {processor.py:839} INFO - DAG(s) dict_keys(['example_skip_dag']) retrieved from /home/airflow/.local/lib/python3.8/site-packages/airflow/example_dags/example_skip_dag.py
[2023-09-29T18:23:40.796+0000] {logging_mixin.py:151} INFO - [2023-09-29T18:23:40.796+0000] {dag.py:2915} INFO - Sync 1 DAGs
[2023-09-29T18:23:40.821+0000] {logging_mixin.py:151} INFO - [2023-09-29T18:23:40.821+0000] {dag.py:3696} INFO - Setting next_dagrun for example_skip_dag to 2023-09-28T18:23:40.820916+00:00, run_after=2023-09-29T18:23:40.820916+00:00
[2023-09-29T18:23:40.836+0000] {processor.py:179} INFO - Processing /home/airflow/.local/lib/python3.8/site-packages/airflow/example_dags/example_skip_dag.py took 0.098 seconds
[2023-09-29T18:24:11.094+0000] {processor.py:157} INFO - Started process (PID=1879) to work on /home/airflow/.local/lib/python3.8/site-packages/airflow/example_dags/example_skip_dag.py
[2023-09-29T18:24:11.095+0000] {processor.py:829} INFO - Processing file /home/airflow/.local/lib/python3.8/site-packages/airflow/example_dags/example_skip_dag.py for tasks to queue
[2023-09-29T18:24:11.098+0000] {logging_mixin.py:151} INFO - [2023-09-29T18:24:11.098+0000] {dagbag.py:539} INFO - Filling up the DagBag from /home/airflow/.local/lib/python3.8/site-packages/airflow/example_dags/example_skip_dag.py
[2023-09-29T18:24:11.111+0000] {processor.py:839} INFO - DAG(s) dict_keys(['example_skip_dag']) retrieved from /home/airflow/.local/lib/python3.8/site-packages/airflow/example_dags/example_skip_dag.py
[2023-09-29T18:24:11.137+0000] {logging_mixin.py:151} INFO - [2023-09-29T18:24:11.137+0000] {dag.py:2915} INFO - Sync 1 DAGs
[2023-09-29T18:24:11.173+0000] {logging_mixin.py:151} INFO - [2023-09-29T18:24:11.173+0000] {dag.py:3696} INFO - Setting next_dagrun for example_skip_dag to 2023-09-28T18:24:11.172644+00:00, run_after=2023-09-29T18:24:11.172644+00:00
[2023-09-29T18:24:11.188+0000] {processor.py:179} INFO - Processing /home/airflow/.local/lib/python3.8/site-packages/airflow/example_dags/example_skip_dag.py took 0.097 seconds
[2023-09-29T18:24:41.247+0000] {processor.py:157} INFO - Started process (PID=1933) to work on /home/airflow/.local/lib/python3.8/site-packages/airflow/example_dags/example_skip_dag.py
[2023-09-29T18:24:41.250+0000] {processor.py:829} INFO - Processing file /home/airflow/.local/lib/python3.8/site-packages/airflow/example_dags/example_skip_dag.py for tasks to queue
[2023-09-29T18:24:41.254+0000] {logging_mixin.py:151} INFO - [2023-09-29T18:24:41.253+0000] {dagbag.py:539} INFO - Filling up the DagBag from /home/airflow/.local/lib/python3.8/site-packages/airflow/example_dags/example_skip_dag.py
[2023-09-29T18:24:41.264+0000] {processor.py:839} INFO - DAG(s) dict_keys(['example_skip_dag']) retrieved from /home/airflow/.local/lib/python3.8/site-packages/airflow/example_dags/example_skip_dag.py
[2023-09-29T18:24:41.308+0000] {logging_mixin.py:151} INFO - [2023-09-29T18:24:41.308+0000] {dag.py:2915} INFO - Sync 1 DAGs
[2023-09-29T18:24:41.331+0000] {logging_mixin.py:151} INFO - [2023-09-29T18:24:41.331+0000] {dag.py:3696} INFO - Setting next_dagrun for example_skip_dag to 2023-09-28T18:24:41.331180+00:00, run_after=2023-09-29T18:24:41.331180+00:00
[2023-09-29T18:24:41.347+0000] {processor.py:179} INFO - Processing /home/airflow/.local/lib/python3.8/site-packages/airflow/example_dags/example_skip_dag.py took 0.108 seconds
[2023-09-29T18:25:11.482+0000] {processor.py:157} INFO - Started process (PID=1988) to work on /home/airflow/.local/lib/python3.8/site-packages/airflow/example_dags/example_skip_dag.py
[2023-09-29T18:25:11.485+0000] {processor.py:829} INFO - Processing file /home/airflow/.local/lib/python3.8/site-packages/airflow/example_dags/example_skip_dag.py for tasks to queue
[2023-09-29T18:25:11.492+0000] {logging_mixin.py:151} INFO - [2023-09-29T18:25:11.491+0000] {dagbag.py:539} INFO - Filling up the DagBag from /home/airflow/.local/lib/python3.8/site-packages/airflow/example_dags/example_skip_dag.py
[2023-09-29T18:25:11.507+0000] {processor.py:839} INFO - DAG(s) dict_keys(['example_skip_dag']) retrieved from /home/airflow/.local/lib/python3.8/site-packages/airflow/example_dags/example_skip_dag.py
[2023-09-29T18:25:11.546+0000] {logging_mixin.py:151} INFO - [2023-09-29T18:25:11.546+0000] {dag.py:2915} INFO - Sync 1 DAGs
[2023-09-29T18:25:11.593+0000] {logging_mixin.py:151} INFO - [2023-09-29T18:25:11.592+0000] {dag.py:3696} INFO - Setting next_dagrun for example_skip_dag to 2023-09-28T18:25:11.591977+00:00, run_after=2023-09-29T18:25:11.591977+00:00
[2023-09-29T18:25:11.612+0000] {processor.py:179} INFO - Processing /home/airflow/.local/lib/python3.8/site-packages/airflow/example_dags/example_skip_dag.py took 0.140 seconds
