[2023-09-29T18:07:16.504+0000] {processor.py:157} INFO - Started process (PID=66) to work on /home/airflow/.local/lib/python3.8/site-packages/airflow/example_dags/example_latest_only_with_trigger.py
[2023-09-29T18:07:16.506+0000] {processor.py:829} INFO - Processing file /home/airflow/.local/lib/python3.8/site-packages/airflow/example_dags/example_latest_only_with_trigger.py for tasks to queue
[2023-09-29T18:07:16.510+0000] {logging_mixin.py:151} INFO - [2023-09-29T18:07:16.509+0000] {dagbag.py:539} INFO - Filling up the DagBag from /home/airflow/.local/lib/python3.8/site-packages/airflow/example_dags/example_latest_only_with_trigger.py
[2023-09-29T18:07:16.531+0000] {processor.py:839} INFO - DAG(s) dict_keys(['latest_only_with_trigger']) retrieved from /home/airflow/.local/lib/python3.8/site-packages/airflow/example_dags/example_latest_only_with_trigger.py
[2023-09-29T18:07:16.585+0000] {logging_mixin.py:151} INFO - [2023-09-29T18:07:16.584+0000] {dag.py:2915} INFO - Sync 1 DAGs
[2023-09-29T18:07:16.621+0000] {logging_mixin.py:151} INFO - [2023-09-29T18:07:16.621+0000] {dag.py:3696} INFO - Setting next_dagrun for latest_only_with_trigger to 2023-09-29T14:07:16.621146+00:00, run_after=2023-09-29T18:07:16.621146+00:00
[2023-09-29T18:07:16.640+0000] {processor.py:179} INFO - Processing /home/airflow/.local/lib/python3.8/site-packages/airflow/example_dags/example_latest_only_with_trigger.py took 0.141 seconds
[2023-09-29T18:07:53.136+0000] {processor.py:157} INFO - Started process (PID=120) to work on /home/airflow/.local/lib/python3.8/site-packages/airflow/example_dags/example_latest_only_with_trigger.py
[2023-09-29T18:07:53.139+0000] {processor.py:829} INFO - Processing file /home/airflow/.local/lib/python3.8/site-packages/airflow/example_dags/example_latest_only_with_trigger.py for tasks to queue
[2023-09-29T18:07:53.144+0000] {logging_mixin.py:151} INFO - [2023-09-29T18:07:53.143+0000] {dagbag.py:539} INFO - Filling up the DagBag from /home/airflow/.local/lib/python3.8/site-packages/airflow/example_dags/example_latest_only_with_trigger.py
[2023-09-29T18:07:53.223+0000] {processor.py:839} INFO - DAG(s) dict_keys(['latest_only_with_trigger']) retrieved from /home/airflow/.local/lib/python3.8/site-packages/airflow/example_dags/example_latest_only_with_trigger.py
[2023-09-29T18:07:53.411+0000] {logging_mixin.py:151} INFO - [2023-09-29T18:07:53.409+0000] {dag.py:2915} INFO - Sync 1 DAGs
[2023-09-29T18:07:53.488+0000] {logging_mixin.py:151} INFO - [2023-09-29T18:07:53.488+0000] {dag.py:3696} INFO - Setting next_dagrun for latest_only_with_trigger to 2023-09-29T14:07:53.487372+00:00, run_after=2023-09-29T18:07:53.487372+00:00
[2023-09-29T18:07:53.517+0000] {processor.py:179} INFO - Processing /home/airflow/.local/lib/python3.8/site-packages/airflow/example_dags/example_latest_only_with_trigger.py took 0.389 seconds
[2023-09-29T18:08:24.291+0000] {processor.py:157} INFO - Started process (PID=174) to work on /home/airflow/.local/lib/python3.8/site-packages/airflow/example_dags/example_latest_only_with_trigger.py
[2023-09-29T18:08:24.292+0000] {processor.py:829} INFO - Processing file /home/airflow/.local/lib/python3.8/site-packages/airflow/example_dags/example_latest_only_with_trigger.py for tasks to queue
[2023-09-29T18:08:24.294+0000] {logging_mixin.py:151} INFO - [2023-09-29T18:08:24.294+0000] {dagbag.py:539} INFO - Filling up the DagBag from /home/airflow/.local/lib/python3.8/site-packages/airflow/example_dags/example_latest_only_with_trigger.py
[2023-09-29T18:08:24.299+0000] {processor.py:839} INFO - DAG(s) dict_keys(['latest_only_with_trigger']) retrieved from /home/airflow/.local/lib/python3.8/site-packages/airflow/example_dags/example_latest_only_with_trigger.py
[2023-09-29T18:08:24.321+0000] {logging_mixin.py:151} INFO - [2023-09-29T18:08:24.320+0000] {dag.py:2915} INFO - Sync 1 DAGs
[2023-09-29T18:08:24.363+0000] {logging_mixin.py:151} INFO - [2023-09-29T18:08:24.363+0000] {dag.py:3696} INFO - Setting next_dagrun for latest_only_with_trigger to 2023-09-29T14:08:24.362679+00:00, run_after=2023-09-29T18:08:24.362679+00:00
[2023-09-29T18:08:24.378+0000] {processor.py:179} INFO - Processing /home/airflow/.local/lib/python3.8/site-packages/airflow/example_dags/example_latest_only_with_trigger.py took 0.091 seconds
[2023-09-29T18:08:54.405+0000] {processor.py:157} INFO - Started process (PID=229) to work on /home/airflow/.local/lib/python3.8/site-packages/airflow/example_dags/example_latest_only_with_trigger.py
[2023-09-29T18:08:54.406+0000] {processor.py:829} INFO - Processing file /home/airflow/.local/lib/python3.8/site-packages/airflow/example_dags/example_latest_only_with_trigger.py for tasks to queue
[2023-09-29T18:08:54.408+0000] {logging_mixin.py:151} INFO - [2023-09-29T18:08:54.408+0000] {dagbag.py:539} INFO - Filling up the DagBag from /home/airflow/.local/lib/python3.8/site-packages/airflow/example_dags/example_latest_only_with_trigger.py
[2023-09-29T18:08:54.413+0000] {processor.py:839} INFO - DAG(s) dict_keys(['latest_only_with_trigger']) retrieved from /home/airflow/.local/lib/python3.8/site-packages/airflow/example_dags/example_latest_only_with_trigger.py
[2023-09-29T18:08:54.429+0000] {logging_mixin.py:151} INFO - [2023-09-29T18:08:54.429+0000] {dag.py:2915} INFO - Sync 1 DAGs
[2023-09-29T18:08:54.445+0000] {logging_mixin.py:151} INFO - [2023-09-29T18:08:54.445+0000] {dag.py:3696} INFO - Setting next_dagrun for latest_only_with_trigger to 2023-09-29T14:08:54.445371+00:00, run_after=2023-09-29T18:08:54.445371+00:00
[2023-09-29T18:08:54.457+0000] {processor.py:179} INFO - Processing /home/airflow/.local/lib/python3.8/site-packages/airflow/example_dags/example_latest_only_with_trigger.py took 0.054 seconds
[2023-09-29T18:09:25.364+0000] {processor.py:157} INFO - Started process (PID=284) to work on /home/airflow/.local/lib/python3.8/site-packages/airflow/example_dags/example_latest_only_with_trigger.py
[2023-09-29T18:09:25.365+0000] {processor.py:829} INFO - Processing file /home/airflow/.local/lib/python3.8/site-packages/airflow/example_dags/example_latest_only_with_trigger.py for tasks to queue
[2023-09-29T18:09:25.369+0000] {logging_mixin.py:151} INFO - [2023-09-29T18:09:25.368+0000] {dagbag.py:539} INFO - Filling up the DagBag from /home/airflow/.local/lib/python3.8/site-packages/airflow/example_dags/example_latest_only_with_trigger.py
[2023-09-29T18:09:25.379+0000] {processor.py:839} INFO - DAG(s) dict_keys(['latest_only_with_trigger']) retrieved from /home/airflow/.local/lib/python3.8/site-packages/airflow/example_dags/example_latest_only_with_trigger.py
[2023-09-29T18:09:25.405+0000] {logging_mixin.py:151} INFO - [2023-09-29T18:09:25.405+0000] {dag.py:2915} INFO - Sync 1 DAGs
[2023-09-29T18:09:25.423+0000] {logging_mixin.py:151} INFO - [2023-09-29T18:09:25.423+0000] {dag.py:3696} INFO - Setting next_dagrun for latest_only_with_trigger to 2023-09-29T14:09:25.422978+00:00, run_after=2023-09-29T18:09:25.422978+00:00
[2023-09-29T18:09:25.435+0000] {processor.py:179} INFO - Processing /home/airflow/.local/lib/python3.8/site-packages/airflow/example_dags/example_latest_only_with_trigger.py took 0.076 seconds
[2023-09-29T18:09:55.999+0000] {processor.py:157} INFO - Started process (PID=339) to work on /home/airflow/.local/lib/python3.8/site-packages/airflow/example_dags/example_latest_only_with_trigger.py
[2023-09-29T18:09:56.001+0000] {processor.py:829} INFO - Processing file /home/airflow/.local/lib/python3.8/site-packages/airflow/example_dags/example_latest_only_with_trigger.py for tasks to queue
[2023-09-29T18:09:56.005+0000] {logging_mixin.py:151} INFO - [2023-09-29T18:09:56.004+0000] {dagbag.py:539} INFO - Filling up the DagBag from /home/airflow/.local/lib/python3.8/site-packages/airflow/example_dags/example_latest_only_with_trigger.py
[2023-09-29T18:09:56.012+0000] {processor.py:839} INFO - DAG(s) dict_keys(['latest_only_with_trigger']) retrieved from /home/airflow/.local/lib/python3.8/site-packages/airflow/example_dags/example_latest_only_with_trigger.py
[2023-09-29T18:09:56.035+0000] {logging_mixin.py:151} INFO - [2023-09-29T18:09:56.034+0000] {dag.py:2915} INFO - Sync 1 DAGs
[2023-09-29T18:09:56.054+0000] {logging_mixin.py:151} INFO - [2023-09-29T18:09:56.054+0000] {dag.py:3696} INFO - Setting next_dagrun for latest_only_with_trigger to 2023-09-29T14:09:56.054487+00:00, run_after=2023-09-29T18:09:56.054487+00:00
[2023-09-29T18:09:56.068+0000] {processor.py:179} INFO - Processing /home/airflow/.local/lib/python3.8/site-packages/airflow/example_dags/example_latest_only_with_trigger.py took 0.076 seconds
[2023-09-29T18:10:27.002+0000] {processor.py:157} INFO - Started process (PID=394) to work on /home/airflow/.local/lib/python3.8/site-packages/airflow/example_dags/example_latest_only_with_trigger.py
[2023-09-29T18:10:27.003+0000] {processor.py:829} INFO - Processing file /home/airflow/.local/lib/python3.8/site-packages/airflow/example_dags/example_latest_only_with_trigger.py for tasks to queue
[2023-09-29T18:10:27.005+0000] {logging_mixin.py:151} INFO - [2023-09-29T18:10:27.005+0000] {dagbag.py:539} INFO - Filling up the DagBag from /home/airflow/.local/lib/python3.8/site-packages/airflow/example_dags/example_latest_only_with_trigger.py
[2023-09-29T18:10:27.011+0000] {processor.py:839} INFO - DAG(s) dict_keys(['latest_only_with_trigger']) retrieved from /home/airflow/.local/lib/python3.8/site-packages/airflow/example_dags/example_latest_only_with_trigger.py
[2023-09-29T18:10:27.029+0000] {logging_mixin.py:151} INFO - [2023-09-29T18:10:27.029+0000] {dag.py:2915} INFO - Sync 1 DAGs
[2023-09-29T18:10:27.054+0000] {logging_mixin.py:151} INFO - [2023-09-29T18:10:27.054+0000] {dag.py:3696} INFO - Setting next_dagrun for latest_only_with_trigger to 2023-09-29T14:10:27.054237+00:00, run_after=2023-09-29T18:10:27.054237+00:00
[2023-09-29T18:10:27.069+0000] {processor.py:179} INFO - Processing /home/airflow/.local/lib/python3.8/site-packages/airflow/example_dags/example_latest_only_with_trigger.py took 0.071 seconds
[2023-09-29T18:10:57.396+0000] {processor.py:157} INFO - Started process (PID=450) to work on /home/airflow/.local/lib/python3.8/site-packages/airflow/example_dags/example_latest_only_with_trigger.py
[2023-09-29T18:10:57.397+0000] {processor.py:829} INFO - Processing file /home/airflow/.local/lib/python3.8/site-packages/airflow/example_dags/example_latest_only_with_trigger.py for tasks to queue
[2023-09-29T18:10:57.399+0000] {logging_mixin.py:151} INFO - [2023-09-29T18:10:57.399+0000] {dagbag.py:539} INFO - Filling up the DagBag from /home/airflow/.local/lib/python3.8/site-packages/airflow/example_dags/example_latest_only_with_trigger.py
[2023-09-29T18:10:57.405+0000] {processor.py:839} INFO - DAG(s) dict_keys(['latest_only_with_trigger']) retrieved from /home/airflow/.local/lib/python3.8/site-packages/airflow/example_dags/example_latest_only_with_trigger.py
[2023-09-29T18:10:57.424+0000] {logging_mixin.py:151} INFO - [2023-09-29T18:10:57.424+0000] {dag.py:2915} INFO - Sync 1 DAGs
[2023-09-29T18:10:57.445+0000] {logging_mixin.py:151} INFO - [2023-09-29T18:10:57.445+0000] {dag.py:3696} INFO - Setting next_dagrun for latest_only_with_trigger to 2023-09-29T14:10:57.444884+00:00, run_after=2023-09-29T18:10:57.444884+00:00
[2023-09-29T18:10:57.470+0000] {processor.py:179} INFO - Processing /home/airflow/.local/lib/python3.8/site-packages/airflow/example_dags/example_latest_only_with_trigger.py took 0.076 seconds
[2023-09-29T18:11:28.013+0000] {processor.py:157} INFO - Started process (PID=505) to work on /home/airflow/.local/lib/python3.8/site-packages/airflow/example_dags/example_latest_only_with_trigger.py
[2023-09-29T18:11:28.015+0000] {processor.py:829} INFO - Processing file /home/airflow/.local/lib/python3.8/site-packages/airflow/example_dags/example_latest_only_with_trigger.py for tasks to queue
[2023-09-29T18:11:28.017+0000] {logging_mixin.py:151} INFO - [2023-09-29T18:11:28.017+0000] {dagbag.py:539} INFO - Filling up the DagBag from /home/airflow/.local/lib/python3.8/site-packages/airflow/example_dags/example_latest_only_with_trigger.py
[2023-09-29T18:11:28.023+0000] {processor.py:839} INFO - DAG(s) dict_keys(['latest_only_with_trigger']) retrieved from /home/airflow/.local/lib/python3.8/site-packages/airflow/example_dags/example_latest_only_with_trigger.py
[2023-09-29T18:11:28.047+0000] {logging_mixin.py:151} INFO - [2023-09-29T18:11:28.046+0000] {dag.py:2915} INFO - Sync 1 DAGs
[2023-09-29T18:11:28.066+0000] {logging_mixin.py:151} INFO - [2023-09-29T18:11:28.066+0000] {dag.py:3696} INFO - Setting next_dagrun for latest_only_with_trigger to 2023-09-29T14:11:28.066475+00:00, run_after=2023-09-29T18:11:28.066475+00:00
[2023-09-29T18:11:28.079+0000] {processor.py:179} INFO - Processing /home/airflow/.local/lib/python3.8/site-packages/airflow/example_dags/example_latest_only_with_trigger.py took 0.070 seconds
[2023-09-29T18:11:59.069+0000] {processor.py:157} INFO - Started process (PID=567) to work on /home/airflow/.local/lib/python3.8/site-packages/airflow/example_dags/example_latest_only_with_trigger.py
[2023-09-29T18:11:59.070+0000] {processor.py:829} INFO - Processing file /home/airflow/.local/lib/python3.8/site-packages/airflow/example_dags/example_latest_only_with_trigger.py for tasks to queue
[2023-09-29T18:11:59.073+0000] {logging_mixin.py:151} INFO - [2023-09-29T18:11:59.072+0000] {dagbag.py:539} INFO - Filling up the DagBag from /home/airflow/.local/lib/python3.8/site-packages/airflow/example_dags/example_latest_only_with_trigger.py
[2023-09-29T18:11:59.077+0000] {processor.py:839} INFO - DAG(s) dict_keys(['latest_only_with_trigger']) retrieved from /home/airflow/.local/lib/python3.8/site-packages/airflow/example_dags/example_latest_only_with_trigger.py
[2023-09-29T18:11:59.095+0000] {logging_mixin.py:151} INFO - [2023-09-29T18:11:59.095+0000] {dag.py:2915} INFO - Sync 1 DAGs
[2023-09-29T18:11:59.134+0000] {logging_mixin.py:151} INFO - [2023-09-29T18:11:59.133+0000] {dag.py:3696} INFO - Setting next_dagrun for latest_only_with_trigger to 2023-09-29T14:11:59.133463+00:00, run_after=2023-09-29T18:11:59.133463+00:00
[2023-09-29T18:11:59.150+0000] {processor.py:179} INFO - Processing /home/airflow/.local/lib/python3.8/site-packages/airflow/example_dags/example_latest_only_with_trigger.py took 0.084 seconds
[2023-09-29T18:12:29.956+0000] {processor.py:157} INFO - Started process (PID=623) to work on /home/airflow/.local/lib/python3.8/site-packages/airflow/example_dags/example_latest_only_with_trigger.py
[2023-09-29T18:12:29.958+0000] {processor.py:829} INFO - Processing file /home/airflow/.local/lib/python3.8/site-packages/airflow/example_dags/example_latest_only_with_trigger.py for tasks to queue
[2023-09-29T18:12:29.960+0000] {logging_mixin.py:151} INFO - [2023-09-29T18:12:29.960+0000] {dagbag.py:539} INFO - Filling up the DagBag from /home/airflow/.local/lib/python3.8/site-packages/airflow/example_dags/example_latest_only_with_trigger.py
[2023-09-29T18:12:29.965+0000] {processor.py:839} INFO - DAG(s) dict_keys(['latest_only_with_trigger']) retrieved from /home/airflow/.local/lib/python3.8/site-packages/airflow/example_dags/example_latest_only_with_trigger.py
[2023-09-29T18:12:29.986+0000] {logging_mixin.py:151} INFO - [2023-09-29T18:12:29.986+0000] {dag.py:2915} INFO - Sync 1 DAGs
[2023-09-29T18:12:30.020+0000] {logging_mixin.py:151} INFO - [2023-09-29T18:12:30.019+0000] {dag.py:3696} INFO - Setting next_dagrun for latest_only_with_trigger to 2023-09-29T14:12:30.019379+00:00, run_after=2023-09-29T18:12:30.019379+00:00
[2023-09-29T18:12:30.036+0000] {processor.py:179} INFO - Processing /home/airflow/.local/lib/python3.8/site-packages/airflow/example_dags/example_latest_only_with_trigger.py took 0.083 seconds
[2023-09-29T18:13:01.026+0000] {processor.py:157} INFO - Started process (PID=678) to work on /home/airflow/.local/lib/python3.8/site-packages/airflow/example_dags/example_latest_only_with_trigger.py
[2023-09-29T18:13:01.027+0000] {processor.py:829} INFO - Processing file /home/airflow/.local/lib/python3.8/site-packages/airflow/example_dags/example_latest_only_with_trigger.py for tasks to queue
[2023-09-29T18:13:01.030+0000] {logging_mixin.py:151} INFO - [2023-09-29T18:13:01.029+0000] {dagbag.py:539} INFO - Filling up the DagBag from /home/airflow/.local/lib/python3.8/site-packages/airflow/example_dags/example_latest_only_with_trigger.py
[2023-09-29T18:13:01.034+0000] {processor.py:839} INFO - DAG(s) dict_keys(['latest_only_with_trigger']) retrieved from /home/airflow/.local/lib/python3.8/site-packages/airflow/example_dags/example_latest_only_with_trigger.py
[2023-09-29T18:13:01.052+0000] {logging_mixin.py:151} INFO - [2023-09-29T18:13:01.052+0000] {dag.py:2915} INFO - Sync 1 DAGs
[2023-09-29T18:13:01.072+0000] {logging_mixin.py:151} INFO - [2023-09-29T18:13:01.072+0000] {dag.py:3696} INFO - Setting next_dagrun for latest_only_with_trigger to 2023-09-29T14:13:01.071976+00:00, run_after=2023-09-29T18:13:01.071976+00:00
[2023-09-29T18:13:01.095+0000] {processor.py:179} INFO - Processing /home/airflow/.local/lib/python3.8/site-packages/airflow/example_dags/example_latest_only_with_trigger.py took 0.072 seconds
[2023-09-29T18:13:31.539+0000] {processor.py:157} INFO - Started process (PID=733) to work on /home/airflow/.local/lib/python3.8/site-packages/airflow/example_dags/example_latest_only_with_trigger.py
[2023-09-29T18:13:31.540+0000] {processor.py:829} INFO - Processing file /home/airflow/.local/lib/python3.8/site-packages/airflow/example_dags/example_latest_only_with_trigger.py for tasks to queue
[2023-09-29T18:13:31.542+0000] {logging_mixin.py:151} INFO - [2023-09-29T18:13:31.542+0000] {dagbag.py:539} INFO - Filling up the DagBag from /home/airflow/.local/lib/python3.8/site-packages/airflow/example_dags/example_latest_only_with_trigger.py
[2023-09-29T18:13:31.547+0000] {processor.py:839} INFO - DAG(s) dict_keys(['latest_only_with_trigger']) retrieved from /home/airflow/.local/lib/python3.8/site-packages/airflow/example_dags/example_latest_only_with_trigger.py
[2023-09-29T18:13:31.564+0000] {logging_mixin.py:151} INFO - [2023-09-29T18:13:31.564+0000] {dag.py:2915} INFO - Sync 1 DAGs
[2023-09-29T18:13:31.584+0000] {logging_mixin.py:151} INFO - [2023-09-29T18:13:31.584+0000] {dag.py:3696} INFO - Setting next_dagrun for latest_only_with_trigger to 2023-09-29T14:13:31.583872+00:00, run_after=2023-09-29T18:13:31.583872+00:00
[2023-09-29T18:13:31.603+0000] {processor.py:179} INFO - Processing /home/airflow/.local/lib/python3.8/site-packages/airflow/example_dags/example_latest_only_with_trigger.py took 0.067 seconds
[2023-09-29T18:14:02.579+0000] {processor.py:157} INFO - Started process (PID=787) to work on /home/airflow/.local/lib/python3.8/site-packages/airflow/example_dags/example_latest_only_with_trigger.py
[2023-09-29T18:14:02.580+0000] {processor.py:829} INFO - Processing file /home/airflow/.local/lib/python3.8/site-packages/airflow/example_dags/example_latest_only_with_trigger.py for tasks to queue
[2023-09-29T18:14:02.582+0000] {logging_mixin.py:151} INFO - [2023-09-29T18:14:02.582+0000] {dagbag.py:539} INFO - Filling up the DagBag from /home/airflow/.local/lib/python3.8/site-packages/airflow/example_dags/example_latest_only_with_trigger.py
[2023-09-29T18:14:02.587+0000] {processor.py:839} INFO - DAG(s) dict_keys(['latest_only_with_trigger']) retrieved from /home/airflow/.local/lib/python3.8/site-packages/airflow/example_dags/example_latest_only_with_trigger.py
[2023-09-29T18:14:02.605+0000] {logging_mixin.py:151} INFO - [2023-09-29T18:14:02.605+0000] {dag.py:2915} INFO - Sync 1 DAGs
[2023-09-29T18:14:02.624+0000] {logging_mixin.py:151} INFO - [2023-09-29T18:14:02.624+0000] {dag.py:3696} INFO - Setting next_dagrun for latest_only_with_trigger to 2023-09-29T14:14:02.623557+00:00, run_after=2023-09-29T18:14:02.623557+00:00
[2023-09-29T18:14:02.667+0000] {processor.py:179} INFO - Processing /home/airflow/.local/lib/python3.8/site-packages/airflow/example_dags/example_latest_only_with_trigger.py took 0.091 seconds
[2023-09-29T18:14:33.056+0000] {processor.py:157} INFO - Started process (PID=842) to work on /home/airflow/.local/lib/python3.8/site-packages/airflow/example_dags/example_latest_only_with_trigger.py
[2023-09-29T18:14:33.057+0000] {processor.py:829} INFO - Processing file /home/airflow/.local/lib/python3.8/site-packages/airflow/example_dags/example_latest_only_with_trigger.py for tasks to queue
[2023-09-29T18:14:33.060+0000] {logging_mixin.py:151} INFO - [2023-09-29T18:14:33.060+0000] {dagbag.py:539} INFO - Filling up the DagBag from /home/airflow/.local/lib/python3.8/site-packages/airflow/example_dags/example_latest_only_with_trigger.py
[2023-09-29T18:14:33.066+0000] {processor.py:839} INFO - DAG(s) dict_keys(['latest_only_with_trigger']) retrieved from /home/airflow/.local/lib/python3.8/site-packages/airflow/example_dags/example_latest_only_with_trigger.py
[2023-09-29T18:14:33.085+0000] {logging_mixin.py:151} INFO - [2023-09-29T18:14:33.085+0000] {dag.py:2915} INFO - Sync 1 DAGs
[2023-09-29T18:14:33.104+0000] {logging_mixin.py:151} INFO - [2023-09-29T18:14:33.103+0000] {dag.py:3696} INFO - Setting next_dagrun for latest_only_with_trigger to 2023-09-29T14:14:33.103670+00:00, run_after=2023-09-29T18:14:33.103670+00:00
[2023-09-29T18:14:33.118+0000] {processor.py:179} INFO - Processing /home/airflow/.local/lib/python3.8/site-packages/airflow/example_dags/example_latest_only_with_trigger.py took 0.066 seconds
[2023-09-29T18:15:03.992+0000] {processor.py:157} INFO - Started process (PID=897) to work on /home/airflow/.local/lib/python3.8/site-packages/airflow/example_dags/example_latest_only_with_trigger.py
[2023-09-29T18:15:04.009+0000] {processor.py:829} INFO - Processing file /home/airflow/.local/lib/python3.8/site-packages/airflow/example_dags/example_latest_only_with_trigger.py for tasks to queue
[2023-09-29T18:15:04.014+0000] {logging_mixin.py:151} INFO - [2023-09-29T18:15:04.014+0000] {dagbag.py:539} INFO - Filling up the DagBag from /home/airflow/.local/lib/python3.8/site-packages/airflow/example_dags/example_latest_only_with_trigger.py
[2023-09-29T18:15:04.108+0000] {processor.py:839} INFO - DAG(s) dict_keys(['latest_only_with_trigger']) retrieved from /home/airflow/.local/lib/python3.8/site-packages/airflow/example_dags/example_latest_only_with_trigger.py
[2023-09-29T18:15:04.150+0000] {logging_mixin.py:151} INFO - [2023-09-29T18:15:04.150+0000] {dag.py:2915} INFO - Sync 1 DAGs
[2023-09-29T18:15:04.182+0000] {logging_mixin.py:151} INFO - [2023-09-29T18:15:04.182+0000] {dag.py:3696} INFO - Setting next_dagrun for latest_only_with_trigger to 2023-09-29T14:15:04.181789+00:00, run_after=2023-09-29T18:15:04.181789+00:00
[2023-09-29T18:15:04.229+0000] {processor.py:179} INFO - Processing /home/airflow/.local/lib/python3.8/site-packages/airflow/example_dags/example_latest_only_with_trigger.py took 0.243 seconds
[2023-09-29T18:15:34.670+0000] {processor.py:157} INFO - Started process (PID=952) to work on /home/airflow/.local/lib/python3.8/site-packages/airflow/example_dags/example_latest_only_with_trigger.py
[2023-09-29T18:15:34.671+0000] {processor.py:829} INFO - Processing file /home/airflow/.local/lib/python3.8/site-packages/airflow/example_dags/example_latest_only_with_trigger.py for tasks to queue
[2023-09-29T18:15:34.674+0000] {logging_mixin.py:151} INFO - [2023-09-29T18:15:34.674+0000] {dagbag.py:539} INFO - Filling up the DagBag from /home/airflow/.local/lib/python3.8/site-packages/airflow/example_dags/example_latest_only_with_trigger.py
[2023-09-29T18:15:34.681+0000] {processor.py:839} INFO - DAG(s) dict_keys(['latest_only_with_trigger']) retrieved from /home/airflow/.local/lib/python3.8/site-packages/airflow/example_dags/example_latest_only_with_trigger.py
[2023-09-29T18:15:34.708+0000] {logging_mixin.py:151} INFO - [2023-09-29T18:15:34.708+0000] {dag.py:2915} INFO - Sync 1 DAGs
[2023-09-29T18:15:34.729+0000] {logging_mixin.py:151} INFO - [2023-09-29T18:15:34.728+0000] {dag.py:3696} INFO - Setting next_dagrun for latest_only_with_trigger to 2023-09-29T14:15:34.728538+00:00, run_after=2023-09-29T18:15:34.728538+00:00
[2023-09-29T18:15:34.748+0000] {processor.py:179} INFO - Processing /home/airflow/.local/lib/python3.8/site-packages/airflow/example_dags/example_latest_only_with_trigger.py took 0.085 seconds
[2023-09-29T18:16:05.477+0000] {processor.py:157} INFO - Started process (PID=1007) to work on /home/airflow/.local/lib/python3.8/site-packages/airflow/example_dags/example_latest_only_with_trigger.py
[2023-09-29T18:16:05.478+0000] {processor.py:829} INFO - Processing file /home/airflow/.local/lib/python3.8/site-packages/airflow/example_dags/example_latest_only_with_trigger.py for tasks to queue
[2023-09-29T18:16:05.480+0000] {logging_mixin.py:151} INFO - [2023-09-29T18:16:05.479+0000] {dagbag.py:539} INFO - Filling up the DagBag from /home/airflow/.local/lib/python3.8/site-packages/airflow/example_dags/example_latest_only_with_trigger.py
[2023-09-29T18:16:05.485+0000] {processor.py:839} INFO - DAG(s) dict_keys(['latest_only_with_trigger']) retrieved from /home/airflow/.local/lib/python3.8/site-packages/airflow/example_dags/example_latest_only_with_trigger.py
[2023-09-29T18:16:05.506+0000] {logging_mixin.py:151} INFO - [2023-09-29T18:16:05.506+0000] {dag.py:2915} INFO - Sync 1 DAGs
[2023-09-29T18:16:05.526+0000] {logging_mixin.py:151} INFO - [2023-09-29T18:16:05.526+0000] {dag.py:3696} INFO - Setting next_dagrun for latest_only_with_trigger to 2023-09-29T14:16:05.525845+00:00, run_after=2023-09-29T18:16:05.525845+00:00
[2023-09-29T18:16:05.541+0000] {processor.py:179} INFO - Processing /home/airflow/.local/lib/python3.8/site-packages/airflow/example_dags/example_latest_only_with_trigger.py took 0.068 seconds
[2023-09-29T18:16:36.154+0000] {processor.py:157} INFO - Started process (PID=1062) to work on /home/airflow/.local/lib/python3.8/site-packages/airflow/example_dags/example_latest_only_with_trigger.py
[2023-09-29T18:16:36.155+0000] {processor.py:829} INFO - Processing file /home/airflow/.local/lib/python3.8/site-packages/airflow/example_dags/example_latest_only_with_trigger.py for tasks to queue
[2023-09-29T18:16:36.157+0000] {logging_mixin.py:151} INFO - [2023-09-29T18:16:36.157+0000] {dagbag.py:539} INFO - Filling up the DagBag from /home/airflow/.local/lib/python3.8/site-packages/airflow/example_dags/example_latest_only_with_trigger.py
[2023-09-29T18:16:36.163+0000] {processor.py:839} INFO - DAG(s) dict_keys(['latest_only_with_trigger']) retrieved from /home/airflow/.local/lib/python3.8/site-packages/airflow/example_dags/example_latest_only_with_trigger.py
[2023-09-29T18:16:36.180+0000] {logging_mixin.py:151} INFO - [2023-09-29T18:16:36.180+0000] {dag.py:2915} INFO - Sync 1 DAGs
[2023-09-29T18:16:36.198+0000] {logging_mixin.py:151} INFO - [2023-09-29T18:16:36.198+0000] {dag.py:3696} INFO - Setting next_dagrun for latest_only_with_trigger to 2023-09-29T14:16:36.197665+00:00, run_after=2023-09-29T18:16:36.197665+00:00
[2023-09-29T18:16:36.218+0000] {processor.py:179} INFO - Processing /home/airflow/.local/lib/python3.8/site-packages/airflow/example_dags/example_latest_only_with_trigger.py took 0.067 seconds
[2023-09-29T18:17:07.114+0000] {processor.py:157} INFO - Started process (PID=1118) to work on /home/airflow/.local/lib/python3.8/site-packages/airflow/example_dags/example_latest_only_with_trigger.py
[2023-09-29T18:17:07.115+0000] {processor.py:829} INFO - Processing file /home/airflow/.local/lib/python3.8/site-packages/airflow/example_dags/example_latest_only_with_trigger.py for tasks to queue
[2023-09-29T18:17:07.117+0000] {logging_mixin.py:151} INFO - [2023-09-29T18:17:07.117+0000] {dagbag.py:539} INFO - Filling up the DagBag from /home/airflow/.local/lib/python3.8/site-packages/airflow/example_dags/example_latest_only_with_trigger.py
[2023-09-29T18:17:07.124+0000] {processor.py:839} INFO - DAG(s) dict_keys(['latest_only_with_trigger']) retrieved from /home/airflow/.local/lib/python3.8/site-packages/airflow/example_dags/example_latest_only_with_trigger.py
[2023-09-29T18:17:07.144+0000] {logging_mixin.py:151} INFO - [2023-09-29T18:17:07.144+0000] {dag.py:2915} INFO - Sync 1 DAGs
[2023-09-29T18:17:07.161+0000] {logging_mixin.py:151} INFO - [2023-09-29T18:17:07.161+0000] {dag.py:3696} INFO - Setting next_dagrun for latest_only_with_trigger to 2023-09-29T14:17:07.160893+00:00, run_after=2023-09-29T18:17:07.160893+00:00
[2023-09-29T18:17:07.174+0000] {processor.py:179} INFO - Processing /home/airflow/.local/lib/python3.8/site-packages/airflow/example_dags/example_latest_only_with_trigger.py took 0.063 seconds
[2023-09-29T18:17:38.129+0000] {processor.py:157} INFO - Started process (PID=1173) to work on /home/airflow/.local/lib/python3.8/site-packages/airflow/example_dags/example_latest_only_with_trigger.py
[2023-09-29T18:17:38.130+0000] {processor.py:829} INFO - Processing file /home/airflow/.local/lib/python3.8/site-packages/airflow/example_dags/example_latest_only_with_trigger.py for tasks to queue
[2023-09-29T18:17:38.133+0000] {logging_mixin.py:151} INFO - [2023-09-29T18:17:38.132+0000] {dagbag.py:539} INFO - Filling up the DagBag from /home/airflow/.local/lib/python3.8/site-packages/airflow/example_dags/example_latest_only_with_trigger.py
[2023-09-29T18:17:38.140+0000] {processor.py:839} INFO - DAG(s) dict_keys(['latest_only_with_trigger']) retrieved from /home/airflow/.local/lib/python3.8/site-packages/airflow/example_dags/example_latest_only_with_trigger.py
[2023-09-29T18:17:38.161+0000] {logging_mixin.py:151} INFO - [2023-09-29T18:17:38.161+0000] {dag.py:2915} INFO - Sync 1 DAGs
[2023-09-29T18:17:38.179+0000] {logging_mixin.py:151} INFO - [2023-09-29T18:17:38.179+0000] {dag.py:3696} INFO - Setting next_dagrun for latest_only_with_trigger to 2023-09-29T14:17:38.178797+00:00, run_after=2023-09-29T18:17:38.178797+00:00
[2023-09-29T18:17:38.191+0000] {processor.py:179} INFO - Processing /home/airflow/.local/lib/python3.8/site-packages/airflow/example_dags/example_latest_only_with_trigger.py took 0.066 seconds
[2023-09-29T18:18:08.704+0000] {processor.py:157} INFO - Started process (PID=1228) to work on /home/airflow/.local/lib/python3.8/site-packages/airflow/example_dags/example_latest_only_with_trigger.py
[2023-09-29T18:18:08.706+0000] {processor.py:829} INFO - Processing file /home/airflow/.local/lib/python3.8/site-packages/airflow/example_dags/example_latest_only_with_trigger.py for tasks to queue
[2023-09-29T18:18:08.708+0000] {logging_mixin.py:151} INFO - [2023-09-29T18:18:08.708+0000] {dagbag.py:539} INFO - Filling up the DagBag from /home/airflow/.local/lib/python3.8/site-packages/airflow/example_dags/example_latest_only_with_trigger.py
[2023-09-29T18:18:08.713+0000] {processor.py:839} INFO - DAG(s) dict_keys(['latest_only_with_trigger']) retrieved from /home/airflow/.local/lib/python3.8/site-packages/airflow/example_dags/example_latest_only_with_trigger.py
[2023-09-29T18:18:08.733+0000] {logging_mixin.py:151} INFO - [2023-09-29T18:18:08.733+0000] {dag.py:2915} INFO - Sync 1 DAGs
[2023-09-29T18:18:08.759+0000] {logging_mixin.py:151} INFO - [2023-09-29T18:18:08.759+0000] {dag.py:3696} INFO - Setting next_dagrun for latest_only_with_trigger to 2023-09-29T14:18:08.759491+00:00, run_after=2023-09-29T18:18:08.759491+00:00
[2023-09-29T18:18:08.776+0000] {processor.py:179} INFO - Processing /home/airflow/.local/lib/python3.8/site-packages/airflow/example_dags/example_latest_only_with_trigger.py took 0.075 seconds
[2023-09-29T18:18:39.210+0000] {processor.py:157} INFO - Started process (PID=1283) to work on /home/airflow/.local/lib/python3.8/site-packages/airflow/example_dags/example_latest_only_with_trigger.py
[2023-09-29T18:18:39.211+0000] {processor.py:829} INFO - Processing file /home/airflow/.local/lib/python3.8/site-packages/airflow/example_dags/example_latest_only_with_trigger.py for tasks to queue
[2023-09-29T18:18:39.214+0000] {logging_mixin.py:151} INFO - [2023-09-29T18:18:39.213+0000] {dagbag.py:539} INFO - Filling up the DagBag from /home/airflow/.local/lib/python3.8/site-packages/airflow/example_dags/example_latest_only_with_trigger.py
[2023-09-29T18:18:39.219+0000] {processor.py:839} INFO - DAG(s) dict_keys(['latest_only_with_trigger']) retrieved from /home/airflow/.local/lib/python3.8/site-packages/airflow/example_dags/example_latest_only_with_trigger.py
[2023-09-29T18:18:39.238+0000] {logging_mixin.py:151} INFO - [2023-09-29T18:18:39.238+0000] {dag.py:2915} INFO - Sync 1 DAGs
[2023-09-29T18:18:39.254+0000] {logging_mixin.py:151} INFO - [2023-09-29T18:18:39.254+0000] {dag.py:3696} INFO - Setting next_dagrun for latest_only_with_trigger to 2023-09-29T14:18:39.254252+00:00, run_after=2023-09-29T18:18:39.254252+00:00
[2023-09-29T18:18:39.267+0000] {processor.py:179} INFO - Processing /home/airflow/.local/lib/python3.8/site-packages/airflow/example_dags/example_latest_only_with_trigger.py took 0.061 seconds
[2023-09-29T18:19:10.106+0000] {processor.py:157} INFO - Started process (PID=1338) to work on /home/airflow/.local/lib/python3.8/site-packages/airflow/example_dags/example_latest_only_with_trigger.py
[2023-09-29T18:19:10.108+0000] {processor.py:829} INFO - Processing file /home/airflow/.local/lib/python3.8/site-packages/airflow/example_dags/example_latest_only_with_trigger.py for tasks to queue
[2023-09-29T18:19:10.111+0000] {logging_mixin.py:151} INFO - [2023-09-29T18:19:10.110+0000] {dagbag.py:539} INFO - Filling up the DagBag from /home/airflow/.local/lib/python3.8/site-packages/airflow/example_dags/example_latest_only_with_trigger.py
[2023-09-29T18:19:10.117+0000] {processor.py:839} INFO - DAG(s) dict_keys(['latest_only_with_trigger']) retrieved from /home/airflow/.local/lib/python3.8/site-packages/airflow/example_dags/example_latest_only_with_trigger.py
[2023-09-29T18:19:10.140+0000] {logging_mixin.py:151} INFO - [2023-09-29T18:19:10.140+0000] {dag.py:2915} INFO - Sync 1 DAGs
[2023-09-29T18:19:10.160+0000] {logging_mixin.py:151} INFO - [2023-09-29T18:19:10.159+0000] {dag.py:3696} INFO - Setting next_dagrun for latest_only_with_trigger to 2023-09-29T14:19:10.159621+00:00, run_after=2023-09-29T18:19:10.159621+00:00
[2023-09-29T18:19:10.183+0000] {processor.py:179} INFO - Processing /home/airflow/.local/lib/python3.8/site-packages/airflow/example_dags/example_latest_only_with_trigger.py took 0.082 seconds
[2023-09-29T18:19:40.518+0000] {processor.py:157} INFO - Started process (PID=1392) to work on /home/airflow/.local/lib/python3.8/site-packages/airflow/example_dags/example_latest_only_with_trigger.py
[2023-09-29T18:19:40.521+0000] {processor.py:829} INFO - Processing file /home/airflow/.local/lib/python3.8/site-packages/airflow/example_dags/example_latest_only_with_trigger.py for tasks to queue
[2023-09-29T18:19:40.530+0000] {logging_mixin.py:151} INFO - [2023-09-29T18:19:40.529+0000] {dagbag.py:539} INFO - Filling up the DagBag from /home/airflow/.local/lib/python3.8/site-packages/airflow/example_dags/example_latest_only_with_trigger.py
[2023-09-29T18:19:40.551+0000] {processor.py:839} INFO - DAG(s) dict_keys(['latest_only_with_trigger']) retrieved from /home/airflow/.local/lib/python3.8/site-packages/airflow/example_dags/example_latest_only_with_trigger.py
[2023-09-29T18:19:40.605+0000] {logging_mixin.py:151} INFO - [2023-09-29T18:19:40.605+0000] {dag.py:2915} INFO - Sync 1 DAGs
[2023-09-29T18:19:40.643+0000] {logging_mixin.py:151} INFO - [2023-09-29T18:19:40.643+0000] {dag.py:3696} INFO - Setting next_dagrun for latest_only_with_trigger to 2023-09-29T14:19:40.643162+00:00, run_after=2023-09-29T18:19:40.643162+00:00
[2023-09-29T18:19:40.659+0000] {processor.py:179} INFO - Processing /home/airflow/.local/lib/python3.8/site-packages/airflow/example_dags/example_latest_only_with_trigger.py took 0.151 seconds
[2023-09-29T18:20:11.058+0000] {processor.py:157} INFO - Started process (PID=1447) to work on /home/airflow/.local/lib/python3.8/site-packages/airflow/example_dags/example_latest_only_with_trigger.py
[2023-09-29T18:20:11.060+0000] {processor.py:829} INFO - Processing file /home/airflow/.local/lib/python3.8/site-packages/airflow/example_dags/example_latest_only_with_trigger.py for tasks to queue
[2023-09-29T18:20:11.062+0000] {logging_mixin.py:151} INFO - [2023-09-29T18:20:11.062+0000] {dagbag.py:539} INFO - Filling up the DagBag from /home/airflow/.local/lib/python3.8/site-packages/airflow/example_dags/example_latest_only_with_trigger.py
[2023-09-29T18:20:11.071+0000] {processor.py:839} INFO - DAG(s) dict_keys(['latest_only_with_trigger']) retrieved from /home/airflow/.local/lib/python3.8/site-packages/airflow/example_dags/example_latest_only_with_trigger.py
[2023-09-29T18:20:11.095+0000] {logging_mixin.py:151} INFO - [2023-09-29T18:20:11.095+0000] {dag.py:2915} INFO - Sync 1 DAGs
[2023-09-29T18:20:11.117+0000] {logging_mixin.py:151} INFO - [2023-09-29T18:20:11.117+0000] {dag.py:3696} INFO - Setting next_dagrun for latest_only_with_trigger to 2023-09-29T14:20:11.117249+00:00, run_after=2023-09-29T18:20:11.117249+00:00
[2023-09-29T18:20:11.131+0000] {processor.py:179} INFO - Processing /home/airflow/.local/lib/python3.8/site-packages/airflow/example_dags/example_latest_only_with_trigger.py took 0.079 seconds
[2023-09-29T18:20:41.560+0000] {processor.py:157} INFO - Started process (PID=1503) to work on /home/airflow/.local/lib/python3.8/site-packages/airflow/example_dags/example_latest_only_with_trigger.py
[2023-09-29T18:20:41.563+0000] {processor.py:829} INFO - Processing file /home/airflow/.local/lib/python3.8/site-packages/airflow/example_dags/example_latest_only_with_trigger.py for tasks to queue
[2023-09-29T18:20:41.568+0000] {logging_mixin.py:151} INFO - [2023-09-29T18:20:41.568+0000] {dagbag.py:539} INFO - Filling up the DagBag from /home/airflow/.local/lib/python3.8/site-packages/airflow/example_dags/example_latest_only_with_trigger.py
[2023-09-29T18:20:41.578+0000] {processor.py:839} INFO - DAG(s) dict_keys(['latest_only_with_trigger']) retrieved from /home/airflow/.local/lib/python3.8/site-packages/airflow/example_dags/example_latest_only_with_trigger.py
[2023-09-29T18:20:41.602+0000] {logging_mixin.py:151} INFO - [2023-09-29T18:20:41.602+0000] {dag.py:2915} INFO - Sync 1 DAGs
[2023-09-29T18:20:41.623+0000] {logging_mixin.py:151} INFO - [2023-09-29T18:20:41.622+0000] {dag.py:3696} INFO - Setting next_dagrun for latest_only_with_trigger to 2023-09-29T14:20:41.622690+00:00, run_after=2023-09-29T18:20:41.622690+00:00
[2023-09-29T18:20:41.636+0000] {processor.py:179} INFO - Processing /home/airflow/.local/lib/python3.8/site-packages/airflow/example_dags/example_latest_only_with_trigger.py took 0.086 seconds
[2023-09-29T18:21:11.950+0000] {processor.py:157} INFO - Started process (PID=1558) to work on /home/airflow/.local/lib/python3.8/site-packages/airflow/example_dags/example_latest_only_with_trigger.py
[2023-09-29T18:21:11.952+0000] {processor.py:829} INFO - Processing file /home/airflow/.local/lib/python3.8/site-packages/airflow/example_dags/example_latest_only_with_trigger.py for tasks to queue
[2023-09-29T18:21:11.959+0000] {logging_mixin.py:151} INFO - [2023-09-29T18:21:11.956+0000] {dagbag.py:539} INFO - Filling up the DagBag from /home/airflow/.local/lib/python3.8/site-packages/airflow/example_dags/example_latest_only_with_trigger.py
[2023-09-29T18:21:11.968+0000] {processor.py:839} INFO - DAG(s) dict_keys(['latest_only_with_trigger']) retrieved from /home/airflow/.local/lib/python3.8/site-packages/airflow/example_dags/example_latest_only_with_trigger.py
[2023-09-29T18:21:12.003+0000] {logging_mixin.py:151} INFO - [2023-09-29T18:21:12.003+0000] {dag.py:2915} INFO - Sync 1 DAGs
[2023-09-29T18:21:12.027+0000] {logging_mixin.py:151} INFO - [2023-09-29T18:21:12.027+0000] {dag.py:3696} INFO - Setting next_dagrun for latest_only_with_trigger to 2023-09-29T14:21:12.027048+00:00, run_after=2023-09-29T18:21:12.027048+00:00
[2023-09-29T18:21:12.043+0000] {processor.py:179} INFO - Processing /home/airflow/.local/lib/python3.8/site-packages/airflow/example_dags/example_latest_only_with_trigger.py took 0.099 seconds
[2023-09-29T18:21:42.332+0000] {processor.py:157} INFO - Started process (PID=1614) to work on /home/airflow/.local/lib/python3.8/site-packages/airflow/example_dags/example_latest_only_with_trigger.py
[2023-09-29T18:21:42.335+0000] {processor.py:829} INFO - Processing file /home/airflow/.local/lib/python3.8/site-packages/airflow/example_dags/example_latest_only_with_trigger.py for tasks to queue
[2023-09-29T18:21:42.338+0000] {logging_mixin.py:151} INFO - [2023-09-29T18:21:42.337+0000] {dagbag.py:539} INFO - Filling up the DagBag from /home/airflow/.local/lib/python3.8/site-packages/airflow/example_dags/example_latest_only_with_trigger.py
[2023-09-29T18:21:42.344+0000] {processor.py:839} INFO - DAG(s) dict_keys(['latest_only_with_trigger']) retrieved from /home/airflow/.local/lib/python3.8/site-packages/airflow/example_dags/example_latest_only_with_trigger.py
[2023-09-29T18:21:42.367+0000] {logging_mixin.py:151} INFO - [2023-09-29T18:21:42.367+0000] {dag.py:2915} INFO - Sync 1 DAGs
[2023-09-29T18:21:42.384+0000] {logging_mixin.py:151} INFO - [2023-09-29T18:21:42.384+0000] {dag.py:3696} INFO - Setting next_dagrun for latest_only_with_trigger to 2023-09-29T14:21:42.384328+00:00, run_after=2023-09-29T18:21:42.384328+00:00
[2023-09-29T18:21:42.399+0000] {processor.py:179} INFO - Processing /home/airflow/.local/lib/python3.8/site-packages/airflow/example_dags/example_latest_only_with_trigger.py took 0.072 seconds
[2023-09-29T18:22:12.991+0000] {processor.py:157} INFO - Started process (PID=1669) to work on /home/airflow/.local/lib/python3.8/site-packages/airflow/example_dags/example_latest_only_with_trigger.py
[2023-09-29T18:22:12.994+0000] {processor.py:829} INFO - Processing file /home/airflow/.local/lib/python3.8/site-packages/airflow/example_dags/example_latest_only_with_trigger.py for tasks to queue
[2023-09-29T18:22:12.997+0000] {logging_mixin.py:151} INFO - [2023-09-29T18:22:12.997+0000] {dagbag.py:539} INFO - Filling up the DagBag from /home/airflow/.local/lib/python3.8/site-packages/airflow/example_dags/example_latest_only_with_trigger.py
[2023-09-29T18:22:13.003+0000] {processor.py:839} INFO - DAG(s) dict_keys(['latest_only_with_trigger']) retrieved from /home/airflow/.local/lib/python3.8/site-packages/airflow/example_dags/example_latest_only_with_trigger.py
[2023-09-29T18:22:13.021+0000] {logging_mixin.py:151} INFO - [2023-09-29T18:22:13.021+0000] {dag.py:2915} INFO - Sync 1 DAGs
[2023-09-29T18:22:13.041+0000] {logging_mixin.py:151} INFO - [2023-09-29T18:22:13.041+0000] {dag.py:3696} INFO - Setting next_dagrun for latest_only_with_trigger to 2023-09-29T14:22:13.040687+00:00, run_after=2023-09-29T18:22:13.040687+00:00
[2023-09-29T18:22:13.055+0000] {processor.py:179} INFO - Processing /home/airflow/.local/lib/python3.8/site-packages/airflow/example_dags/example_latest_only_with_trigger.py took 0.069 seconds
[2023-09-29T18:22:43.166+0000] {processor.py:157} INFO - Started process (PID=1724) to work on /home/airflow/.local/lib/python3.8/site-packages/airflow/example_dags/example_latest_only_with_trigger.py
[2023-09-29T18:22:43.169+0000] {processor.py:829} INFO - Processing file /home/airflow/.local/lib/python3.8/site-packages/airflow/example_dags/example_latest_only_with_trigger.py for tasks to queue
[2023-09-29T18:22:43.172+0000] {logging_mixin.py:151} INFO - [2023-09-29T18:22:43.172+0000] {dagbag.py:539} INFO - Filling up the DagBag from /home/airflow/.local/lib/python3.8/site-packages/airflow/example_dags/example_latest_only_with_trigger.py
[2023-09-29T18:22:43.179+0000] {processor.py:839} INFO - DAG(s) dict_keys(['latest_only_with_trigger']) retrieved from /home/airflow/.local/lib/python3.8/site-packages/airflow/example_dags/example_latest_only_with_trigger.py
[2023-09-29T18:22:43.197+0000] {logging_mixin.py:151} INFO - [2023-09-29T18:22:43.196+0000] {dag.py:2915} INFO - Sync 1 DAGs
[2023-09-29T18:22:43.214+0000] {logging_mixin.py:151} INFO - [2023-09-29T18:22:43.214+0000] {dag.py:3696} INFO - Setting next_dagrun for latest_only_with_trigger to 2023-09-29T14:22:43.214237+00:00, run_after=2023-09-29T18:22:43.214237+00:00
[2023-09-29T18:22:43.226+0000] {processor.py:179} INFO - Processing /home/airflow/.local/lib/python3.8/site-packages/airflow/example_dags/example_latest_only_with_trigger.py took 0.066 seconds
[2023-09-29T18:23:13.308+0000] {processor.py:157} INFO - Started process (PID=1780) to work on /home/airflow/.local/lib/python3.8/site-packages/airflow/example_dags/example_latest_only_with_trigger.py
[2023-09-29T18:23:13.311+0000] {processor.py:829} INFO - Processing file /home/airflow/.local/lib/python3.8/site-packages/airflow/example_dags/example_latest_only_with_trigger.py for tasks to queue
[2023-09-29T18:23:13.316+0000] {logging_mixin.py:151} INFO - [2023-09-29T18:23:13.315+0000] {dagbag.py:539} INFO - Filling up the DagBag from /home/airflow/.local/lib/python3.8/site-packages/airflow/example_dags/example_latest_only_with_trigger.py
[2023-09-29T18:23:13.328+0000] {processor.py:839} INFO - DAG(s) dict_keys(['latest_only_with_trigger']) retrieved from /home/airflow/.local/lib/python3.8/site-packages/airflow/example_dags/example_latest_only_with_trigger.py
[2023-09-29T18:23:13.374+0000] {logging_mixin.py:151} INFO - [2023-09-29T18:23:13.374+0000] {dag.py:2915} INFO - Sync 1 DAGs
[2023-09-29T18:23:13.406+0000] {logging_mixin.py:151} INFO - [2023-09-29T18:23:13.406+0000] {dag.py:3696} INFO - Setting next_dagrun for latest_only_with_trigger to 2023-09-29T14:23:13.406265+00:00, run_after=2023-09-29T18:23:13.406265+00:00
[2023-09-29T18:23:13.428+0000] {processor.py:179} INFO - Processing /home/airflow/.local/lib/python3.8/site-packages/airflow/example_dags/example_latest_only_with_trigger.py took 0.128 seconds
[2023-09-29T18:23:43.776+0000] {processor.py:157} INFO - Started process (PID=1835) to work on /home/airflow/.local/lib/python3.8/site-packages/airflow/example_dags/example_latest_only_with_trigger.py
[2023-09-29T18:23:43.778+0000] {processor.py:829} INFO - Processing file /home/airflow/.local/lib/python3.8/site-packages/airflow/example_dags/example_latest_only_with_trigger.py for tasks to queue
[2023-09-29T18:23:43.781+0000] {logging_mixin.py:151} INFO - [2023-09-29T18:23:43.781+0000] {dagbag.py:539} INFO - Filling up the DagBag from /home/airflow/.local/lib/python3.8/site-packages/airflow/example_dags/example_latest_only_with_trigger.py
[2023-09-29T18:23:43.787+0000] {processor.py:839} INFO - DAG(s) dict_keys(['latest_only_with_trigger']) retrieved from /home/airflow/.local/lib/python3.8/site-packages/airflow/example_dags/example_latest_only_with_trigger.py
[2023-09-29T18:23:43.810+0000] {logging_mixin.py:151} INFO - [2023-09-29T18:23:43.810+0000] {dag.py:2915} INFO - Sync 1 DAGs
[2023-09-29T18:23:43.829+0000] {logging_mixin.py:151} INFO - [2023-09-29T18:23:43.829+0000] {dag.py:3696} INFO - Setting next_dagrun for latest_only_with_trigger to 2023-09-29T14:23:43.829086+00:00, run_after=2023-09-29T18:23:43.829086+00:00
[2023-09-29T18:23:43.840+0000] {processor.py:179} INFO - Processing /home/airflow/.local/lib/python3.8/site-packages/airflow/example_dags/example_latest_only_with_trigger.py took 0.070 seconds
[2023-09-29T18:24:13.932+0000] {processor.py:157} INFO - Started process (PID=1890) to work on /home/airflow/.local/lib/python3.8/site-packages/airflow/example_dags/example_latest_only_with_trigger.py
[2023-09-29T18:24:13.934+0000] {processor.py:829} INFO - Processing file /home/airflow/.local/lib/python3.8/site-packages/airflow/example_dags/example_latest_only_with_trigger.py for tasks to queue
[2023-09-29T18:24:13.936+0000] {logging_mixin.py:151} INFO - [2023-09-29T18:24:13.936+0000] {dagbag.py:539} INFO - Filling up the DagBag from /home/airflow/.local/lib/python3.8/site-packages/airflow/example_dags/example_latest_only_with_trigger.py
[2023-09-29T18:24:13.941+0000] {processor.py:839} INFO - DAG(s) dict_keys(['latest_only_with_trigger']) retrieved from /home/airflow/.local/lib/python3.8/site-packages/airflow/example_dags/example_latest_only_with_trigger.py
[2023-09-29T18:24:13.958+0000] {logging_mixin.py:151} INFO - [2023-09-29T18:24:13.957+0000] {dag.py:2915} INFO - Sync 1 DAGs
[2023-09-29T18:24:13.977+0000] {logging_mixin.py:151} INFO - [2023-09-29T18:24:13.977+0000] {dag.py:3696} INFO - Setting next_dagrun for latest_only_with_trigger to 2023-09-29T14:24:13.977144+00:00, run_after=2023-09-29T18:24:13.977144+00:00
[2023-09-29T18:24:13.992+0000] {processor.py:179} INFO - Processing /home/airflow/.local/lib/python3.8/site-packages/airflow/example_dags/example_latest_only_with_trigger.py took 0.063 seconds
[2023-09-29T18:24:44.213+0000] {processor.py:157} INFO - Started process (PID=1945) to work on /home/airflow/.local/lib/python3.8/site-packages/airflow/example_dags/example_latest_only_with_trigger.py
[2023-09-29T18:24:44.214+0000] {processor.py:829} INFO - Processing file /home/airflow/.local/lib/python3.8/site-packages/airflow/example_dags/example_latest_only_with_trigger.py for tasks to queue
[2023-09-29T18:24:44.216+0000] {logging_mixin.py:151} INFO - [2023-09-29T18:24:44.216+0000] {dagbag.py:539} INFO - Filling up the DagBag from /home/airflow/.local/lib/python3.8/site-packages/airflow/example_dags/example_latest_only_with_trigger.py
[2023-09-29T18:24:44.222+0000] {processor.py:839} INFO - DAG(s) dict_keys(['latest_only_with_trigger']) retrieved from /home/airflow/.local/lib/python3.8/site-packages/airflow/example_dags/example_latest_only_with_trigger.py
[2023-09-29T18:24:44.241+0000] {logging_mixin.py:151} INFO - [2023-09-29T18:24:44.241+0000] {dag.py:2915} INFO - Sync 1 DAGs
[2023-09-29T18:24:44.259+0000] {logging_mixin.py:151} INFO - [2023-09-29T18:24:44.259+0000] {dag.py:3696} INFO - Setting next_dagrun for latest_only_with_trigger to 2023-09-29T14:24:44.259247+00:00, run_after=2023-09-29T18:24:44.259247+00:00
[2023-09-29T18:24:44.273+0000] {processor.py:179} INFO - Processing /home/airflow/.local/lib/python3.8/site-packages/airflow/example_dags/example_latest_only_with_trigger.py took 0.064 seconds
[2023-09-29T18:25:14.297+0000] {processor.py:157} INFO - Started process (PID=1999) to work on /home/airflow/.local/lib/python3.8/site-packages/airflow/example_dags/example_latest_only_with_trigger.py
[2023-09-29T18:25:14.298+0000] {processor.py:829} INFO - Processing file /home/airflow/.local/lib/python3.8/site-packages/airflow/example_dags/example_latest_only_with_trigger.py for tasks to queue
[2023-09-29T18:25:14.300+0000] {logging_mixin.py:151} INFO - [2023-09-29T18:25:14.300+0000] {dagbag.py:539} INFO - Filling up the DagBag from /home/airflow/.local/lib/python3.8/site-packages/airflow/example_dags/example_latest_only_with_trigger.py
[2023-09-29T18:25:14.305+0000] {processor.py:839} INFO - DAG(s) dict_keys(['latest_only_with_trigger']) retrieved from /home/airflow/.local/lib/python3.8/site-packages/airflow/example_dags/example_latest_only_with_trigger.py
[2023-09-29T18:25:14.325+0000] {logging_mixin.py:151} INFO - [2023-09-29T18:25:14.325+0000] {dag.py:2915} INFO - Sync 1 DAGs
[2023-09-29T18:25:14.343+0000] {logging_mixin.py:151} INFO - [2023-09-29T18:25:14.343+0000] {dag.py:3696} INFO - Setting next_dagrun for latest_only_with_trigger to 2023-09-29T14:25:14.342828+00:00, run_after=2023-09-29T18:25:14.342828+00:00
[2023-09-29T18:25:14.355+0000] {processor.py:179} INFO - Processing /home/airflow/.local/lib/python3.8/site-packages/airflow/example_dags/example_latest_only_with_trigger.py took 0.061 seconds
