[2023-09-29T18:07:13.875+0000] {processor.py:157} INFO - Started process (PID=54) to work on /home/airflow/.local/lib/python3.8/site-packages/airflow/example_dags/example_dag_decorator.py
[2023-09-29T18:07:13.877+0000] {processor.py:829} INFO - Processing file /home/airflow/.local/lib/python3.8/site-packages/airflow/example_dags/example_dag_decorator.py for tasks to queue
[2023-09-29T18:07:13.879+0000] {logging_mixin.py:151} INFO - [2023-09-29T18:07:13.879+0000] {dagbag.py:539} INFO - Filling up the DagBag from /home/airflow/.local/lib/python3.8/site-packages/airflow/example_dags/example_dag_decorator.py
[2023-09-29T18:07:14.135+0000] {processor.py:839} INFO - DAG(s) dict_keys(['example_dag_decorator']) retrieved from /home/airflow/.local/lib/python3.8/site-packages/airflow/example_dags/example_dag_decorator.py
[2023-09-29T18:07:14.152+0000] {logging_mixin.py:151} INFO - [2023-09-29T18:07:14.152+0000] {dag.py:2915} INFO - Sync 1 DAGs
[2023-09-29T18:07:14.168+0000] {logging_mixin.py:151} INFO - [2023-09-29T18:07:14.168+0000] {dag.py:3696} INFO - Setting next_dagrun for example_dag_decorator to None, run_after=None
[2023-09-29T18:07:14.187+0000] {processor.py:179} INFO - Processing /home/airflow/.local/lib/python3.8/site-packages/airflow/example_dags/example_dag_decorator.py took 0.316 seconds
[2023-09-29T18:07:48.374+0000] {processor.py:157} INFO - Started process (PID=108) to work on /home/airflow/.local/lib/python3.8/site-packages/airflow/example_dags/example_dag_decorator.py
[2023-09-29T18:07:48.378+0000] {processor.py:829} INFO - Processing file /home/airflow/.local/lib/python3.8/site-packages/airflow/example_dags/example_dag_decorator.py for tasks to queue
[2023-09-29T18:07:48.391+0000] {logging_mixin.py:151} INFO - [2023-09-29T18:07:48.389+0000] {dagbag.py:539} INFO - Filling up the DagBag from /home/airflow/.local/lib/python3.8/site-packages/airflow/example_dags/example_dag_decorator.py
[2023-09-29T18:07:48.751+0000] {processor.py:839} INFO - DAG(s) dict_keys(['example_dag_decorator']) retrieved from /home/airflow/.local/lib/python3.8/site-packages/airflow/example_dags/example_dag_decorator.py
[2023-09-29T18:07:50.028+0000] {logging_mixin.py:151} INFO - [2023-09-29T18:07:50.027+0000] {security.py:708} INFO - Not syncing DAG-level permissions for DAG 'DAG:example_dag_decorator' as access control is unset.
[2023-09-29T18:07:50.030+0000] {logging_mixin.py:151} INFO - [2023-09-29T18:07:50.030+0000] {dag.py:2915} INFO - Sync 1 DAGs
[2023-09-29T18:07:50.429+0000] {logging_mixin.py:151} INFO - [2023-09-29T18:07:50.427+0000] {dag.py:3696} INFO - Setting next_dagrun for example_dag_decorator to None, run_after=None
[2023-09-29T18:07:50.664+0000] {processor.py:179} INFO - Processing /home/airflow/.local/lib/python3.8/site-packages/airflow/example_dags/example_dag_decorator.py took 2.311 seconds
[2023-09-29T18:08:21.099+0000] {processor.py:157} INFO - Started process (PID=162) to work on /home/airflow/.local/lib/python3.8/site-packages/airflow/example_dags/example_dag_decorator.py
[2023-09-29T18:08:21.100+0000] {processor.py:829} INFO - Processing file /home/airflow/.local/lib/python3.8/site-packages/airflow/example_dags/example_dag_decorator.py for tasks to queue
[2023-09-29T18:08:21.103+0000] {logging_mixin.py:151} INFO - [2023-09-29T18:08:21.103+0000] {dagbag.py:539} INFO - Filling up the DagBag from /home/airflow/.local/lib/python3.8/site-packages/airflow/example_dags/example_dag_decorator.py
[2023-09-29T18:08:21.198+0000] {processor.py:839} INFO - DAG(s) dict_keys(['example_dag_decorator']) retrieved from /home/airflow/.local/lib/python3.8/site-packages/airflow/example_dags/example_dag_decorator.py
[2023-09-29T18:08:21.338+0000] {logging_mixin.py:151} INFO - [2023-09-29T18:08:21.337+0000] {security.py:708} INFO - Not syncing DAG-level permissions for DAG 'DAG:example_dag_decorator' as access control is unset.
[2023-09-29T18:08:21.338+0000] {logging_mixin.py:151} INFO - [2023-09-29T18:08:21.338+0000] {dag.py:2915} INFO - Sync 1 DAGs
[2023-09-29T18:08:21.349+0000] {logging_mixin.py:151} INFO - [2023-09-29T18:08:21.349+0000] {dag.py:3696} INFO - Setting next_dagrun for example_dag_decorator to None, run_after=None
[2023-09-29T18:08:21.366+0000] {processor.py:179} INFO - Processing /home/airflow/.local/lib/python3.8/site-packages/airflow/example_dags/example_dag_decorator.py took 0.274 seconds
[2023-09-29T18:08:51.462+0000] {processor.py:157} INFO - Started process (PID=219) to work on /home/airflow/.local/lib/python3.8/site-packages/airflow/example_dags/example_dag_decorator.py
[2023-09-29T18:08:51.464+0000] {processor.py:829} INFO - Processing file /home/airflow/.local/lib/python3.8/site-packages/airflow/example_dags/example_dag_decorator.py for tasks to queue
[2023-09-29T18:08:51.469+0000] {logging_mixin.py:151} INFO - [2023-09-29T18:08:51.468+0000] {dagbag.py:539} INFO - Filling up the DagBag from /home/airflow/.local/lib/python3.8/site-packages/airflow/example_dags/example_dag_decorator.py
[2023-09-29T18:08:51.555+0000] {processor.py:839} INFO - DAG(s) dict_keys(['example_dag_decorator']) retrieved from /home/airflow/.local/lib/python3.8/site-packages/airflow/example_dags/example_dag_decorator.py
[2023-09-29T18:08:51.674+0000] {logging_mixin.py:151} INFO - [2023-09-29T18:08:51.674+0000] {security.py:708} INFO - Not syncing DAG-level permissions for DAG 'DAG:example_dag_decorator' as access control is unset.
[2023-09-29T18:08:51.674+0000] {logging_mixin.py:151} INFO - [2023-09-29T18:08:51.674+0000] {dag.py:2915} INFO - Sync 1 DAGs
[2023-09-29T18:08:51.682+0000] {logging_mixin.py:151} INFO - [2023-09-29T18:08:51.681+0000] {dag.py:3696} INFO - Setting next_dagrun for example_dag_decorator to None, run_after=None
[2023-09-29T18:08:51.693+0000] {processor.py:179} INFO - Processing /home/airflow/.local/lib/python3.8/site-packages/airflow/example_dags/example_dag_decorator.py took 0.239 seconds
[2023-09-29T18:09:21.921+0000] {processor.py:157} INFO - Started process (PID=276) to work on /home/airflow/.local/lib/python3.8/site-packages/airflow/example_dags/example_dag_decorator.py
[2023-09-29T18:09:21.922+0000] {processor.py:829} INFO - Processing file /home/airflow/.local/lib/python3.8/site-packages/airflow/example_dags/example_dag_decorator.py for tasks to queue
[2023-09-29T18:09:21.924+0000] {logging_mixin.py:151} INFO - [2023-09-29T18:09:21.924+0000] {dagbag.py:539} INFO - Filling up the DagBag from /home/airflow/.local/lib/python3.8/site-packages/airflow/example_dags/example_dag_decorator.py
[2023-09-29T18:09:21.981+0000] {processor.py:839} INFO - DAG(s) dict_keys(['example_dag_decorator']) retrieved from /home/airflow/.local/lib/python3.8/site-packages/airflow/example_dags/example_dag_decorator.py
[2023-09-29T18:09:22.073+0000] {logging_mixin.py:151} INFO - [2023-09-29T18:09:22.072+0000] {security.py:708} INFO - Not syncing DAG-level permissions for DAG 'DAG:example_dag_decorator' as access control is unset.
[2023-09-29T18:09:22.073+0000] {logging_mixin.py:151} INFO - [2023-09-29T18:09:22.073+0000] {dag.py:2915} INFO - Sync 1 DAGs
[2023-09-29T18:09:22.081+0000] {logging_mixin.py:151} INFO - [2023-09-29T18:09:22.081+0000] {dag.py:3696} INFO - Setting next_dagrun for example_dag_decorator to None, run_after=None
[2023-09-29T18:09:22.094+0000] {processor.py:179} INFO - Processing /home/airflow/.local/lib/python3.8/site-packages/airflow/example_dags/example_dag_decorator.py took 0.175 seconds
[2023-09-29T18:09:52.166+0000] {processor.py:157} INFO - Started process (PID=327) to work on /home/airflow/.local/lib/python3.8/site-packages/airflow/example_dags/example_dag_decorator.py
[2023-09-29T18:09:52.168+0000] {processor.py:829} INFO - Processing file /home/airflow/.local/lib/python3.8/site-packages/airflow/example_dags/example_dag_decorator.py for tasks to queue
[2023-09-29T18:09:52.170+0000] {logging_mixin.py:151} INFO - [2023-09-29T18:09:52.170+0000] {dagbag.py:539} INFO - Filling up the DagBag from /home/airflow/.local/lib/python3.8/site-packages/airflow/example_dags/example_dag_decorator.py
[2023-09-29T18:09:52.233+0000] {processor.py:839} INFO - DAG(s) dict_keys(['example_dag_decorator']) retrieved from /home/airflow/.local/lib/python3.8/site-packages/airflow/example_dags/example_dag_decorator.py
[2023-09-29T18:09:52.252+0000] {logging_mixin.py:151} INFO - [2023-09-29T18:09:52.252+0000] {dag.py:2915} INFO - Sync 1 DAGs
[2023-09-29T18:09:52.265+0000] {logging_mixin.py:151} INFO - [2023-09-29T18:09:52.265+0000] {dag.py:3696} INFO - Setting next_dagrun for example_dag_decorator to None, run_after=None
[2023-09-29T18:09:52.278+0000] {processor.py:179} INFO - Processing /home/airflow/.local/lib/python3.8/site-packages/airflow/example_dags/example_dag_decorator.py took 0.117 seconds
[2023-09-29T18:10:22.441+0000] {processor.py:157} INFO - Started process (PID=382) to work on /home/airflow/.local/lib/python3.8/site-packages/airflow/example_dags/example_dag_decorator.py
[2023-09-29T18:10:22.443+0000] {processor.py:829} INFO - Processing file /home/airflow/.local/lib/python3.8/site-packages/airflow/example_dags/example_dag_decorator.py for tasks to queue
[2023-09-29T18:10:22.446+0000] {logging_mixin.py:151} INFO - [2023-09-29T18:10:22.446+0000] {dagbag.py:539} INFO - Filling up the DagBag from /home/airflow/.local/lib/python3.8/site-packages/airflow/example_dags/example_dag_decorator.py
[2023-09-29T18:10:22.532+0000] {processor.py:839} INFO - DAG(s) dict_keys(['example_dag_decorator']) retrieved from /home/airflow/.local/lib/python3.8/site-packages/airflow/example_dags/example_dag_decorator.py
[2023-09-29T18:10:22.642+0000] {logging_mixin.py:151} INFO - [2023-09-29T18:10:22.642+0000] {security.py:708} INFO - Not syncing DAG-level permissions for DAG 'DAG:example_dag_decorator' as access control is unset.
[2023-09-29T18:10:22.642+0000] {logging_mixin.py:151} INFO - [2023-09-29T18:10:22.642+0000] {dag.py:2915} INFO - Sync 1 DAGs
[2023-09-29T18:10:22.653+0000] {logging_mixin.py:151} INFO - [2023-09-29T18:10:22.653+0000] {dag.py:3696} INFO - Setting next_dagrun for example_dag_decorator to None, run_after=None
[2023-09-29T18:10:22.669+0000] {processor.py:179} INFO - Processing /home/airflow/.local/lib/python3.8/site-packages/airflow/example_dags/example_dag_decorator.py took 0.235 seconds
[2023-09-29T18:10:53.467+0000] {processor.py:157} INFO - Started process (PID=438) to work on /home/airflow/.local/lib/python3.8/site-packages/airflow/example_dags/example_dag_decorator.py
[2023-09-29T18:10:53.468+0000] {processor.py:829} INFO - Processing file /home/airflow/.local/lib/python3.8/site-packages/airflow/example_dags/example_dag_decorator.py for tasks to queue
[2023-09-29T18:10:53.471+0000] {logging_mixin.py:151} INFO - [2023-09-29T18:10:53.471+0000] {dagbag.py:539} INFO - Filling up the DagBag from /home/airflow/.local/lib/python3.8/site-packages/airflow/example_dags/example_dag_decorator.py
[2023-09-29T18:10:53.557+0000] {processor.py:839} INFO - DAG(s) dict_keys(['example_dag_decorator']) retrieved from /home/airflow/.local/lib/python3.8/site-packages/airflow/example_dags/example_dag_decorator.py
[2023-09-29T18:10:53.688+0000] {logging_mixin.py:151} INFO - [2023-09-29T18:10:53.687+0000] {security.py:708} INFO - Not syncing DAG-level permissions for DAG 'DAG:example_dag_decorator' as access control is unset.
[2023-09-29T18:10:53.688+0000] {logging_mixin.py:151} INFO - [2023-09-29T18:10:53.688+0000] {dag.py:2915} INFO - Sync 1 DAGs
[2023-09-29T18:10:53.700+0000] {logging_mixin.py:151} INFO - [2023-09-29T18:10:53.700+0000] {dag.py:3696} INFO - Setting next_dagrun for example_dag_decorator to None, run_after=None
[2023-09-29T18:10:53.717+0000] {processor.py:179} INFO - Processing /home/airflow/.local/lib/python3.8/site-packages/airflow/example_dags/example_dag_decorator.py took 0.255 seconds
[2023-09-29T18:11:24.014+0000] {processor.py:157} INFO - Started process (PID=493) to work on /home/airflow/.local/lib/python3.8/site-packages/airflow/example_dags/example_dag_decorator.py
[2023-09-29T18:11:24.015+0000] {processor.py:829} INFO - Processing file /home/airflow/.local/lib/python3.8/site-packages/airflow/example_dags/example_dag_decorator.py for tasks to queue
[2023-09-29T18:11:24.017+0000] {logging_mixin.py:151} INFO - [2023-09-29T18:11:24.017+0000] {dagbag.py:539} INFO - Filling up the DagBag from /home/airflow/.local/lib/python3.8/site-packages/airflow/example_dags/example_dag_decorator.py
[2023-09-29T18:11:24.100+0000] {processor.py:839} INFO - DAG(s) dict_keys(['example_dag_decorator']) retrieved from /home/airflow/.local/lib/python3.8/site-packages/airflow/example_dags/example_dag_decorator.py
[2023-09-29T18:11:24.233+0000] {logging_mixin.py:151} INFO - [2023-09-29T18:11:24.233+0000] {security.py:708} INFO - Not syncing DAG-level permissions for DAG 'DAG:example_dag_decorator' as access control is unset.
[2023-09-29T18:11:24.234+0000] {logging_mixin.py:151} INFO - [2023-09-29T18:11:24.234+0000] {dag.py:2915} INFO - Sync 1 DAGs
[2023-09-29T18:11:24.244+0000] {logging_mixin.py:151} INFO - [2023-09-29T18:11:24.244+0000] {dag.py:3696} INFO - Setting next_dagrun for example_dag_decorator to None, run_after=None
[2023-09-29T18:11:24.262+0000] {processor.py:179} INFO - Processing /home/airflow/.local/lib/python3.8/site-packages/airflow/example_dags/example_dag_decorator.py took 0.253 seconds
[2023-09-29T18:11:55.228+0000] {processor.py:157} INFO - Started process (PID=548) to work on /home/airflow/.local/lib/python3.8/site-packages/airflow/example_dags/example_dag_decorator.py
[2023-09-29T18:11:55.229+0000] {processor.py:829} INFO - Processing file /home/airflow/.local/lib/python3.8/site-packages/airflow/example_dags/example_dag_decorator.py for tasks to queue
[2023-09-29T18:11:55.233+0000] {logging_mixin.py:151} INFO - [2023-09-29T18:11:55.232+0000] {dagbag.py:539} INFO - Filling up the DagBag from /home/airflow/.local/lib/python3.8/site-packages/airflow/example_dags/example_dag_decorator.py
[2023-09-29T18:11:55.317+0000] {processor.py:839} INFO - DAG(s) dict_keys(['example_dag_decorator']) retrieved from /home/airflow/.local/lib/python3.8/site-packages/airflow/example_dags/example_dag_decorator.py
[2023-09-29T18:11:55.417+0000] {logging_mixin.py:151} INFO - [2023-09-29T18:11:55.417+0000] {security.py:708} INFO - Not syncing DAG-level permissions for DAG 'DAG:example_dag_decorator' as access control is unset.
[2023-09-29T18:11:55.418+0000] {logging_mixin.py:151} INFO - [2023-09-29T18:11:55.418+0000] {dag.py:2915} INFO - Sync 1 DAGs
[2023-09-29T18:11:55.428+0000] {logging_mixin.py:151} INFO - [2023-09-29T18:11:55.428+0000] {dag.py:3696} INFO - Setting next_dagrun for example_dag_decorator to None, run_after=None
[2023-09-29T18:11:55.442+0000] {processor.py:179} INFO - Processing /home/airflow/.local/lib/python3.8/site-packages/airflow/example_dags/example_dag_decorator.py took 0.219 seconds
[2023-09-29T18:12:25.961+0000] {processor.py:157} INFO - Started process (PID=603) to work on /home/airflow/.local/lib/python3.8/site-packages/airflow/example_dags/example_dag_decorator.py
[2023-09-29T18:12:25.962+0000] {processor.py:829} INFO - Processing file /home/airflow/.local/lib/python3.8/site-packages/airflow/example_dags/example_dag_decorator.py for tasks to queue
[2023-09-29T18:12:25.964+0000] {logging_mixin.py:151} INFO - [2023-09-29T18:12:25.964+0000] {dagbag.py:539} INFO - Filling up the DagBag from /home/airflow/.local/lib/python3.8/site-packages/airflow/example_dags/example_dag_decorator.py
[2023-09-29T18:12:26.027+0000] {processor.py:839} INFO - DAG(s) dict_keys(['example_dag_decorator']) retrieved from /home/airflow/.local/lib/python3.8/site-packages/airflow/example_dags/example_dag_decorator.py
[2023-09-29T18:12:26.130+0000] {logging_mixin.py:151} INFO - [2023-09-29T18:12:26.129+0000] {security.py:708} INFO - Not syncing DAG-level permissions for DAG 'DAG:example_dag_decorator' as access control is unset.
[2023-09-29T18:12:26.130+0000] {logging_mixin.py:151} INFO - [2023-09-29T18:12:26.130+0000] {dag.py:2915} INFO - Sync 1 DAGs
[2023-09-29T18:12:26.140+0000] {logging_mixin.py:151} INFO - [2023-09-29T18:12:26.140+0000] {dag.py:3696} INFO - Setting next_dagrun for example_dag_decorator to None, run_after=None
[2023-09-29T18:12:26.154+0000] {processor.py:179} INFO - Processing /home/airflow/.local/lib/python3.8/site-packages/airflow/example_dags/example_dag_decorator.py took 0.197 seconds
[2023-09-29T18:12:57.089+0000] {processor.py:157} INFO - Started process (PID=659) to work on /home/airflow/.local/lib/python3.8/site-packages/airflow/example_dags/example_dag_decorator.py
[2023-09-29T18:12:57.091+0000] {processor.py:829} INFO - Processing file /home/airflow/.local/lib/python3.8/site-packages/airflow/example_dags/example_dag_decorator.py for tasks to queue
[2023-09-29T18:12:57.093+0000] {logging_mixin.py:151} INFO - [2023-09-29T18:12:57.093+0000] {dagbag.py:539} INFO - Filling up the DagBag from /home/airflow/.local/lib/python3.8/site-packages/airflow/example_dags/example_dag_decorator.py
[2023-09-29T18:12:57.162+0000] {processor.py:839} INFO - DAG(s) dict_keys(['example_dag_decorator']) retrieved from /home/airflow/.local/lib/python3.8/site-packages/airflow/example_dags/example_dag_decorator.py
[2023-09-29T18:12:57.259+0000] {logging_mixin.py:151} INFO - [2023-09-29T18:12:57.259+0000] {security.py:708} INFO - Not syncing DAG-level permissions for DAG 'DAG:example_dag_decorator' as access control is unset.
[2023-09-29T18:12:57.260+0000] {logging_mixin.py:151} INFO - [2023-09-29T18:12:57.260+0000] {dag.py:2915} INFO - Sync 1 DAGs
[2023-09-29T18:12:57.276+0000] {logging_mixin.py:151} INFO - [2023-09-29T18:12:57.276+0000] {dag.py:3696} INFO - Setting next_dagrun for example_dag_decorator to None, run_after=None
[2023-09-29T18:12:57.296+0000] {processor.py:179} INFO - Processing /home/airflow/.local/lib/python3.8/site-packages/airflow/example_dags/example_dag_decorator.py took 0.212 seconds
[2023-09-29T18:13:27.734+0000] {processor.py:157} INFO - Started process (PID=714) to work on /home/airflow/.local/lib/python3.8/site-packages/airflow/example_dags/example_dag_decorator.py
[2023-09-29T18:13:27.735+0000] {processor.py:829} INFO - Processing file /home/airflow/.local/lib/python3.8/site-packages/airflow/example_dags/example_dag_decorator.py for tasks to queue
[2023-09-29T18:13:27.738+0000] {logging_mixin.py:151} INFO - [2023-09-29T18:13:27.738+0000] {dagbag.py:539} INFO - Filling up the DagBag from /home/airflow/.local/lib/python3.8/site-packages/airflow/example_dags/example_dag_decorator.py
[2023-09-29T18:13:27.814+0000] {processor.py:839} INFO - DAG(s) dict_keys(['example_dag_decorator']) retrieved from /home/airflow/.local/lib/python3.8/site-packages/airflow/example_dags/example_dag_decorator.py
[2023-09-29T18:13:27.909+0000] {logging_mixin.py:151} INFO - [2023-09-29T18:13:27.909+0000] {security.py:708} INFO - Not syncing DAG-level permissions for DAG 'DAG:example_dag_decorator' as access control is unset.
[2023-09-29T18:13:27.909+0000] {logging_mixin.py:151} INFO - [2023-09-29T18:13:27.909+0000] {dag.py:2915} INFO - Sync 1 DAGs
[2023-09-29T18:13:27.921+0000] {logging_mixin.py:151} INFO - [2023-09-29T18:13:27.920+0000] {dag.py:3696} INFO - Setting next_dagrun for example_dag_decorator to None, run_after=None
[2023-09-29T18:13:27.935+0000] {processor.py:179} INFO - Processing /home/airflow/.local/lib/python3.8/site-packages/airflow/example_dags/example_dag_decorator.py took 0.207 seconds
[2023-09-29T18:13:58.583+0000] {processor.py:157} INFO - Started process (PID=769) to work on /home/airflow/.local/lib/python3.8/site-packages/airflow/example_dags/example_dag_decorator.py
[2023-09-29T18:13:58.584+0000] {processor.py:829} INFO - Processing file /home/airflow/.local/lib/python3.8/site-packages/airflow/example_dags/example_dag_decorator.py for tasks to queue
[2023-09-29T18:13:58.586+0000] {logging_mixin.py:151} INFO - [2023-09-29T18:13:58.586+0000] {dagbag.py:539} INFO - Filling up the DagBag from /home/airflow/.local/lib/python3.8/site-packages/airflow/example_dags/example_dag_decorator.py
[2023-09-29T18:13:58.713+0000] {processor.py:839} INFO - DAG(s) dict_keys(['example_dag_decorator']) retrieved from /home/airflow/.local/lib/python3.8/site-packages/airflow/example_dags/example_dag_decorator.py
[2023-09-29T18:13:58.813+0000] {logging_mixin.py:151} INFO - [2023-09-29T18:13:58.813+0000] {security.py:708} INFO - Not syncing DAG-level permissions for DAG 'DAG:example_dag_decorator' as access control is unset.
[2023-09-29T18:13:58.814+0000] {logging_mixin.py:151} INFO - [2023-09-29T18:13:58.814+0000] {dag.py:2915} INFO - Sync 1 DAGs
[2023-09-29T18:13:58.823+0000] {logging_mixin.py:151} INFO - [2023-09-29T18:13:58.823+0000] {dag.py:3696} INFO - Setting next_dagrun for example_dag_decorator to None, run_after=None
[2023-09-29T18:13:58.837+0000] {processor.py:179} INFO - Processing /home/airflow/.local/lib/python3.8/site-packages/airflow/example_dags/example_dag_decorator.py took 0.257 seconds
[2023-09-29T18:14:29.801+0000] {processor.py:157} INFO - Started process (PID=830) to work on /home/airflow/.local/lib/python3.8/site-packages/airflow/example_dags/example_dag_decorator.py
[2023-09-29T18:14:29.804+0000] {processor.py:829} INFO - Processing file /home/airflow/.local/lib/python3.8/site-packages/airflow/example_dags/example_dag_decorator.py for tasks to queue
[2023-09-29T18:14:29.810+0000] {logging_mixin.py:151} INFO - [2023-09-29T18:14:29.809+0000] {dagbag.py:539} INFO - Filling up the DagBag from /home/airflow/.local/lib/python3.8/site-packages/airflow/example_dags/example_dag_decorator.py
[2023-09-29T18:14:30.251+0000] {processor.py:839} INFO - DAG(s) dict_keys(['example_dag_decorator']) retrieved from /home/airflow/.local/lib/python3.8/site-packages/airflow/example_dags/example_dag_decorator.py
[2023-09-29T18:14:30.609+0000] {logging_mixin.py:151} INFO - [2023-09-29T18:14:30.608+0000] {security.py:708} INFO - Not syncing DAG-level permissions for DAG 'DAG:example_dag_decorator' as access control is unset.
[2023-09-29T18:14:30.610+0000] {logging_mixin.py:151} INFO - [2023-09-29T18:14:30.609+0000] {dag.py:2915} INFO - Sync 1 DAGs
[2023-09-29T18:14:30.628+0000] {logging_mixin.py:151} INFO - [2023-09-29T18:14:30.628+0000] {dag.py:3696} INFO - Setting next_dagrun for example_dag_decorator to None, run_after=None
[2023-09-29T18:14:30.683+0000] {processor.py:179} INFO - Processing /home/airflow/.local/lib/python3.8/site-packages/airflow/example_dags/example_dag_decorator.py took 0.893 seconds
[2023-09-29T18:15:01.516+0000] {processor.py:157} INFO - Started process (PID=885) to work on /home/airflow/.local/lib/python3.8/site-packages/airflow/example_dags/example_dag_decorator.py
[2023-09-29T18:15:01.519+0000] {processor.py:829} INFO - Processing file /home/airflow/.local/lib/python3.8/site-packages/airflow/example_dags/example_dag_decorator.py for tasks to queue
[2023-09-29T18:15:01.530+0000] {logging_mixin.py:151} INFO - [2023-09-29T18:15:01.529+0000] {dagbag.py:539} INFO - Filling up the DagBag from /home/airflow/.local/lib/python3.8/site-packages/airflow/example_dags/example_dag_decorator.py
[2023-09-29T18:15:01.669+0000] {processor.py:839} INFO - DAG(s) dict_keys(['example_dag_decorator']) retrieved from /home/airflow/.local/lib/python3.8/site-packages/airflow/example_dags/example_dag_decorator.py
[2023-09-29T18:15:01.841+0000] {logging_mixin.py:151} INFO - [2023-09-29T18:15:01.841+0000] {security.py:708} INFO - Not syncing DAG-level permissions for DAG 'DAG:example_dag_decorator' as access control is unset.
[2023-09-29T18:15:01.842+0000] {logging_mixin.py:151} INFO - [2023-09-29T18:15:01.842+0000] {dag.py:2915} INFO - Sync 1 DAGs
[2023-09-29T18:15:01.857+0000] {logging_mixin.py:151} INFO - [2023-09-29T18:15:01.856+0000] {dag.py:3696} INFO - Setting next_dagrun for example_dag_decorator to None, run_after=None
[2023-09-29T18:15:01.891+0000] {processor.py:179} INFO - Processing /home/airflow/.local/lib/python3.8/site-packages/airflow/example_dags/example_dag_decorator.py took 0.384 seconds
[2023-09-29T18:15:32.633+0000] {processor.py:157} INFO - Started process (PID=940) to work on /home/airflow/.local/lib/python3.8/site-packages/airflow/example_dags/example_dag_decorator.py
[2023-09-29T18:15:32.636+0000] {processor.py:829} INFO - Processing file /home/airflow/.local/lib/python3.8/site-packages/airflow/example_dags/example_dag_decorator.py for tasks to queue
[2023-09-29T18:15:32.645+0000] {logging_mixin.py:151} INFO - [2023-09-29T18:15:32.645+0000] {dagbag.py:539} INFO - Filling up the DagBag from /home/airflow/.local/lib/python3.8/site-packages/airflow/example_dags/example_dag_decorator.py
[2023-09-29T18:15:32.763+0000] {processor.py:839} INFO - DAG(s) dict_keys(['example_dag_decorator']) retrieved from /home/airflow/.local/lib/python3.8/site-packages/airflow/example_dags/example_dag_decorator.py
[2023-09-29T18:15:32.929+0000] {logging_mixin.py:151} INFO - [2023-09-29T18:15:32.928+0000] {security.py:708} INFO - Not syncing DAG-level permissions for DAG 'DAG:example_dag_decorator' as access control is unset.
[2023-09-29T18:15:32.929+0000] {logging_mixin.py:151} INFO - [2023-09-29T18:15:32.929+0000] {dag.py:2915} INFO - Sync 1 DAGs
[2023-09-29T18:15:32.954+0000] {logging_mixin.py:151} INFO - [2023-09-29T18:15:32.954+0000] {dag.py:3696} INFO - Setting next_dagrun for example_dag_decorator to None, run_after=None
[2023-09-29T18:15:32.978+0000] {processor.py:179} INFO - Processing /home/airflow/.local/lib/python3.8/site-packages/airflow/example_dags/example_dag_decorator.py took 0.351 seconds
[2023-09-29T18:16:03.271+0000] {processor.py:157} INFO - Started process (PID=995) to work on /home/airflow/.local/lib/python3.8/site-packages/airflow/example_dags/example_dag_decorator.py
[2023-09-29T18:16:03.273+0000] {processor.py:829} INFO - Processing file /home/airflow/.local/lib/python3.8/site-packages/airflow/example_dags/example_dag_decorator.py for tasks to queue
[2023-09-29T18:16:03.277+0000] {logging_mixin.py:151} INFO - [2023-09-29T18:16:03.277+0000] {dagbag.py:539} INFO - Filling up the DagBag from /home/airflow/.local/lib/python3.8/site-packages/airflow/example_dags/example_dag_decorator.py
[2023-09-29T18:16:03.397+0000] {processor.py:839} INFO - DAG(s) dict_keys(['example_dag_decorator']) retrieved from /home/airflow/.local/lib/python3.8/site-packages/airflow/example_dags/example_dag_decorator.py
[2023-09-29T18:16:03.543+0000] {logging_mixin.py:151} INFO - [2023-09-29T18:16:03.542+0000] {security.py:708} INFO - Not syncing DAG-level permissions for DAG 'DAG:example_dag_decorator' as access control is unset.
[2023-09-29T18:16:03.543+0000] {logging_mixin.py:151} INFO - [2023-09-29T18:16:03.543+0000] {dag.py:2915} INFO - Sync 1 DAGs
[2023-09-29T18:16:03.555+0000] {logging_mixin.py:151} INFO - [2023-09-29T18:16:03.554+0000] {dag.py:3696} INFO - Setting next_dagrun for example_dag_decorator to None, run_after=None
[2023-09-29T18:16:03.571+0000] {processor.py:179} INFO - Processing /home/airflow/.local/lib/python3.8/site-packages/airflow/example_dags/example_dag_decorator.py took 0.308 seconds
[2023-09-29T18:16:33.637+0000] {processor.py:157} INFO - Started process (PID=1049) to work on /home/airflow/.local/lib/python3.8/site-packages/airflow/example_dags/example_dag_decorator.py
[2023-09-29T18:16:33.640+0000] {processor.py:829} INFO - Processing file /home/airflow/.local/lib/python3.8/site-packages/airflow/example_dags/example_dag_decorator.py for tasks to queue
[2023-09-29T18:16:33.644+0000] {logging_mixin.py:151} INFO - [2023-09-29T18:16:33.643+0000] {dagbag.py:539} INFO - Filling up the DagBag from /home/airflow/.local/lib/python3.8/site-packages/airflow/example_dags/example_dag_decorator.py
[2023-09-29T18:16:33.731+0000] {processor.py:839} INFO - DAG(s) dict_keys(['example_dag_decorator']) retrieved from /home/airflow/.local/lib/python3.8/site-packages/airflow/example_dags/example_dag_decorator.py
[2023-09-29T18:16:33.834+0000] {logging_mixin.py:151} INFO - [2023-09-29T18:16:33.834+0000] {security.py:708} INFO - Not syncing DAG-level permissions for DAG 'DAG:example_dag_decorator' as access control is unset.
[2023-09-29T18:16:33.835+0000] {logging_mixin.py:151} INFO - [2023-09-29T18:16:33.834+0000] {dag.py:2915} INFO - Sync 1 DAGs
[2023-09-29T18:16:33.843+0000] {logging_mixin.py:151} INFO - [2023-09-29T18:16:33.843+0000] {dag.py:3696} INFO - Setting next_dagrun for example_dag_decorator to None, run_after=None
[2023-09-29T18:16:33.858+0000] {processor.py:179} INFO - Processing /home/airflow/.local/lib/python3.8/site-packages/airflow/example_dags/example_dag_decorator.py took 0.227 seconds
[2023-09-29T18:17:04.130+0000] {processor.py:157} INFO - Started process (PID=1105) to work on /home/airflow/.local/lib/python3.8/site-packages/airflow/example_dags/example_dag_decorator.py
[2023-09-29T18:17:04.134+0000] {processor.py:829} INFO - Processing file /home/airflow/.local/lib/python3.8/site-packages/airflow/example_dags/example_dag_decorator.py for tasks to queue
[2023-09-29T18:17:04.141+0000] {logging_mixin.py:151} INFO - [2023-09-29T18:17:04.140+0000] {dagbag.py:539} INFO - Filling up the DagBag from /home/airflow/.local/lib/python3.8/site-packages/airflow/example_dags/example_dag_decorator.py
[2023-09-29T18:17:04.257+0000] {processor.py:839} INFO - DAG(s) dict_keys(['example_dag_decorator']) retrieved from /home/airflow/.local/lib/python3.8/site-packages/airflow/example_dags/example_dag_decorator.py
[2023-09-29T18:17:04.363+0000] {logging_mixin.py:151} INFO - [2023-09-29T18:17:04.362+0000] {security.py:708} INFO - Not syncing DAG-level permissions for DAG 'DAG:example_dag_decorator' as access control is unset.
[2023-09-29T18:17:04.363+0000] {logging_mixin.py:151} INFO - [2023-09-29T18:17:04.363+0000] {dag.py:2915} INFO - Sync 1 DAGs
[2023-09-29T18:17:04.373+0000] {logging_mixin.py:151} INFO - [2023-09-29T18:17:04.373+0000] {dag.py:3696} INFO - Setting next_dagrun for example_dag_decorator to None, run_after=None
[2023-09-29T18:17:04.390+0000] {processor.py:179} INFO - Processing /home/airflow/.local/lib/python3.8/site-packages/airflow/example_dags/example_dag_decorator.py took 0.272 seconds
[2023-09-29T18:17:34.456+0000] {processor.py:157} INFO - Started process (PID=1161) to work on /home/airflow/.local/lib/python3.8/site-packages/airflow/example_dags/example_dag_decorator.py
[2023-09-29T18:17:34.458+0000] {processor.py:829} INFO - Processing file /home/airflow/.local/lib/python3.8/site-packages/airflow/example_dags/example_dag_decorator.py for tasks to queue
[2023-09-29T18:17:34.462+0000] {logging_mixin.py:151} INFO - [2023-09-29T18:17:34.461+0000] {dagbag.py:539} INFO - Filling up the DagBag from /home/airflow/.local/lib/python3.8/site-packages/airflow/example_dags/example_dag_decorator.py
[2023-09-29T18:17:34.550+0000] {processor.py:839} INFO - DAG(s) dict_keys(['example_dag_decorator']) retrieved from /home/airflow/.local/lib/python3.8/site-packages/airflow/example_dags/example_dag_decorator.py
[2023-09-29T18:17:34.653+0000] {logging_mixin.py:151} INFO - [2023-09-29T18:17:34.653+0000] {security.py:708} INFO - Not syncing DAG-level permissions for DAG 'DAG:example_dag_decorator' as access control is unset.
[2023-09-29T18:17:34.653+0000] {logging_mixin.py:151} INFO - [2023-09-29T18:17:34.653+0000] {dag.py:2915} INFO - Sync 1 DAGs
[2023-09-29T18:17:34.663+0000] {logging_mixin.py:151} INFO - [2023-09-29T18:17:34.663+0000] {dag.py:3696} INFO - Setting next_dagrun for example_dag_decorator to None, run_after=None
[2023-09-29T18:17:34.678+0000] {processor.py:179} INFO - Processing /home/airflow/.local/lib/python3.8/site-packages/airflow/example_dags/example_dag_decorator.py took 0.225 seconds
[2023-09-29T18:18:04.956+0000] {processor.py:157} INFO - Started process (PID=1215) to work on /home/airflow/.local/lib/python3.8/site-packages/airflow/example_dags/example_dag_decorator.py
[2023-09-29T18:18:04.959+0000] {processor.py:829} INFO - Processing file /home/airflow/.local/lib/python3.8/site-packages/airflow/example_dags/example_dag_decorator.py for tasks to queue
[2023-09-29T18:18:04.966+0000] {logging_mixin.py:151} INFO - [2023-09-29T18:18:04.965+0000] {dagbag.py:539} INFO - Filling up the DagBag from /home/airflow/.local/lib/python3.8/site-packages/airflow/example_dags/example_dag_decorator.py
[2023-09-29T18:18:05.082+0000] {processor.py:839} INFO - DAG(s) dict_keys(['example_dag_decorator']) retrieved from /home/airflow/.local/lib/python3.8/site-packages/airflow/example_dags/example_dag_decorator.py
[2023-09-29T18:18:05.172+0000] {logging_mixin.py:151} INFO - [2023-09-29T18:18:05.172+0000] {security.py:708} INFO - Not syncing DAG-level permissions for DAG 'DAG:example_dag_decorator' as access control is unset.
[2023-09-29T18:18:05.173+0000] {logging_mixin.py:151} INFO - [2023-09-29T18:18:05.173+0000] {dag.py:2915} INFO - Sync 1 DAGs
[2023-09-29T18:18:05.181+0000] {logging_mixin.py:151} INFO - [2023-09-29T18:18:05.181+0000] {dag.py:3696} INFO - Setting next_dagrun for example_dag_decorator to None, run_after=None
[2023-09-29T18:18:05.200+0000] {processor.py:179} INFO - Processing /home/airflow/.local/lib/python3.8/site-packages/airflow/example_dags/example_dag_decorator.py took 0.254 seconds
[2023-09-29T18:18:35.390+0000] {processor.py:157} INFO - Started process (PID=1270) to work on /home/airflow/.local/lib/python3.8/site-packages/airflow/example_dags/example_dag_decorator.py
[2023-09-29T18:18:35.393+0000] {processor.py:829} INFO - Processing file /home/airflow/.local/lib/python3.8/site-packages/airflow/example_dags/example_dag_decorator.py for tasks to queue
[2023-09-29T18:18:35.397+0000] {logging_mixin.py:151} INFO - [2023-09-29T18:18:35.396+0000] {dagbag.py:539} INFO - Filling up the DagBag from /home/airflow/.local/lib/python3.8/site-packages/airflow/example_dags/example_dag_decorator.py
[2023-09-29T18:18:35.500+0000] {processor.py:839} INFO - DAG(s) dict_keys(['example_dag_decorator']) retrieved from /home/airflow/.local/lib/python3.8/site-packages/airflow/example_dags/example_dag_decorator.py
[2023-09-29T18:18:35.621+0000] {logging_mixin.py:151} INFO - [2023-09-29T18:18:35.621+0000] {security.py:708} INFO - Not syncing DAG-level permissions for DAG 'DAG:example_dag_decorator' as access control is unset.
[2023-09-29T18:18:35.621+0000] {logging_mixin.py:151} INFO - [2023-09-29T18:18:35.621+0000] {dag.py:2915} INFO - Sync 1 DAGs
[2023-09-29T18:18:35.630+0000] {logging_mixin.py:151} INFO - [2023-09-29T18:18:35.630+0000] {dag.py:3696} INFO - Setting next_dagrun for example_dag_decorator to None, run_after=None
[2023-09-29T18:18:35.643+0000] {processor.py:179} INFO - Processing /home/airflow/.local/lib/python3.8/site-packages/airflow/example_dags/example_dag_decorator.py took 0.259 seconds
[2023-09-29T18:19:06.038+0000] {processor.py:157} INFO - Started process (PID=1325) to work on /home/airflow/.local/lib/python3.8/site-packages/airflow/example_dags/example_dag_decorator.py
[2023-09-29T18:19:06.046+0000] {processor.py:829} INFO - Processing file /home/airflow/.local/lib/python3.8/site-packages/airflow/example_dags/example_dag_decorator.py for tasks to queue
[2023-09-29T18:19:06.065+0000] {logging_mixin.py:151} INFO - [2023-09-29T18:19:06.063+0000] {dagbag.py:539} INFO - Filling up the DagBag from /home/airflow/.local/lib/python3.8/site-packages/airflow/example_dags/example_dag_decorator.py
[2023-09-29T18:19:06.186+0000] {processor.py:839} INFO - DAG(s) dict_keys(['example_dag_decorator']) retrieved from /home/airflow/.local/lib/python3.8/site-packages/airflow/example_dags/example_dag_decorator.py
[2023-09-29T18:19:06.223+0000] {logging_mixin.py:151} INFO - [2023-09-29T18:19:06.223+0000] {dag.py:2915} INFO - Sync 1 DAGs
[2023-09-29T18:19:06.237+0000] {logging_mixin.py:151} INFO - [2023-09-29T18:19:06.236+0000] {dag.py:3696} INFO - Setting next_dagrun for example_dag_decorator to None, run_after=None
[2023-09-29T18:19:06.256+0000] {processor.py:179} INFO - Processing /home/airflow/.local/lib/python3.8/site-packages/airflow/example_dags/example_dag_decorator.py took 0.232 seconds
[2023-09-29T18:19:36.672+0000] {processor.py:157} INFO - Started process (PID=1380) to work on /home/airflow/.local/lib/python3.8/site-packages/airflow/example_dags/example_dag_decorator.py
[2023-09-29T18:19:36.679+0000] {processor.py:829} INFO - Processing file /home/airflow/.local/lib/python3.8/site-packages/airflow/example_dags/example_dag_decorator.py for tasks to queue
[2023-09-29T18:19:36.700+0000] {logging_mixin.py:151} INFO - [2023-09-29T18:19:36.699+0000] {dagbag.py:539} INFO - Filling up the DagBag from /home/airflow/.local/lib/python3.8/site-packages/airflow/example_dags/example_dag_decorator.py
[2023-09-29T18:19:36.813+0000] {processor.py:839} INFO - DAG(s) dict_keys(['example_dag_decorator']) retrieved from /home/airflow/.local/lib/python3.8/site-packages/airflow/example_dags/example_dag_decorator.py
[2023-09-29T18:19:36.837+0000] {logging_mixin.py:151} INFO - [2023-09-29T18:19:36.836+0000] {dag.py:2915} INFO - Sync 1 DAGs
[2023-09-29T18:19:36.847+0000] {logging_mixin.py:151} INFO - [2023-09-29T18:19:36.847+0000] {dag.py:3696} INFO - Setting next_dagrun for example_dag_decorator to None, run_after=None
[2023-09-29T18:19:36.859+0000] {processor.py:179} INFO - Processing /home/airflow/.local/lib/python3.8/site-packages/airflow/example_dags/example_dag_decorator.py took 0.202 seconds
[2023-09-29T18:20:07.194+0000] {processor.py:157} INFO - Started process (PID=1435) to work on /home/airflow/.local/lib/python3.8/site-packages/airflow/example_dags/example_dag_decorator.py
[2023-09-29T18:20:07.197+0000] {processor.py:829} INFO - Processing file /home/airflow/.local/lib/python3.8/site-packages/airflow/example_dags/example_dag_decorator.py for tasks to queue
[2023-09-29T18:20:07.202+0000] {logging_mixin.py:151} INFO - [2023-09-29T18:20:07.201+0000] {dagbag.py:539} INFO - Filling up the DagBag from /home/airflow/.local/lib/python3.8/site-packages/airflow/example_dags/example_dag_decorator.py
[2023-09-29T18:20:07.363+0000] {processor.py:839} INFO - DAG(s) dict_keys(['example_dag_decorator']) retrieved from /home/airflow/.local/lib/python3.8/site-packages/airflow/example_dags/example_dag_decorator.py
[2023-09-29T18:20:07.481+0000] {logging_mixin.py:151} INFO - [2023-09-29T18:20:07.481+0000] {security.py:708} INFO - Not syncing DAG-level permissions for DAG 'DAG:example_dag_decorator' as access control is unset.
[2023-09-29T18:20:07.482+0000] {logging_mixin.py:151} INFO - [2023-09-29T18:20:07.482+0000] {dag.py:2915} INFO - Sync 1 DAGs
[2023-09-29T18:20:07.490+0000] {logging_mixin.py:151} INFO - [2023-09-29T18:20:07.490+0000] {dag.py:3696} INFO - Setting next_dagrun for example_dag_decorator to None, run_after=None
[2023-09-29T18:20:07.509+0000] {processor.py:179} INFO - Processing /home/airflow/.local/lib/python3.8/site-packages/airflow/example_dags/example_dag_decorator.py took 0.323 seconds
[2023-09-29T18:20:37.680+0000] {processor.py:157} INFO - Started process (PID=1491) to work on /home/airflow/.local/lib/python3.8/site-packages/airflow/example_dags/example_dag_decorator.py
[2023-09-29T18:20:37.684+0000] {processor.py:829} INFO - Processing file /home/airflow/.local/lib/python3.8/site-packages/airflow/example_dags/example_dag_decorator.py for tasks to queue
[2023-09-29T18:20:37.699+0000] {logging_mixin.py:151} INFO - [2023-09-29T18:20:37.696+0000] {dagbag.py:539} INFO - Filling up the DagBag from /home/airflow/.local/lib/python3.8/site-packages/airflow/example_dags/example_dag_decorator.py
[2023-09-29T18:20:37.817+0000] {processor.py:839} INFO - DAG(s) dict_keys(['example_dag_decorator']) retrieved from /home/airflow/.local/lib/python3.8/site-packages/airflow/example_dags/example_dag_decorator.py
[2023-09-29T18:20:37.912+0000] {logging_mixin.py:151} INFO - [2023-09-29T18:20:37.911+0000] {security.py:708} INFO - Not syncing DAG-level permissions for DAG 'DAG:example_dag_decorator' as access control is unset.
[2023-09-29T18:20:37.912+0000] {logging_mixin.py:151} INFO - [2023-09-29T18:20:37.912+0000] {dag.py:2915} INFO - Sync 1 DAGs
[2023-09-29T18:20:37.921+0000] {logging_mixin.py:151} INFO - [2023-09-29T18:20:37.921+0000] {dag.py:3696} INFO - Setting next_dagrun for example_dag_decorator to None, run_after=None
[2023-09-29T18:20:37.935+0000] {processor.py:179} INFO - Processing /home/airflow/.local/lib/python3.8/site-packages/airflow/example_dags/example_dag_decorator.py took 0.267 seconds
[2023-09-29T18:21:08.003+0000] {processor.py:157} INFO - Started process (PID=1547) to work on /home/airflow/.local/lib/python3.8/site-packages/airflow/example_dags/example_dag_decorator.py
[2023-09-29T18:21:08.005+0000] {processor.py:829} INFO - Processing file /home/airflow/.local/lib/python3.8/site-packages/airflow/example_dags/example_dag_decorator.py for tasks to queue
[2023-09-29T18:21:08.008+0000] {logging_mixin.py:151} INFO - [2023-09-29T18:21:08.008+0000] {dagbag.py:539} INFO - Filling up the DagBag from /home/airflow/.local/lib/python3.8/site-packages/airflow/example_dags/example_dag_decorator.py
[2023-09-29T18:21:08.133+0000] {processor.py:839} INFO - DAG(s) dict_keys(['example_dag_decorator']) retrieved from /home/airflow/.local/lib/python3.8/site-packages/airflow/example_dags/example_dag_decorator.py
[2023-09-29T18:21:08.246+0000] {logging_mixin.py:151} INFO - [2023-09-29T18:21:08.246+0000] {security.py:708} INFO - Not syncing DAG-level permissions for DAG 'DAG:example_dag_decorator' as access control is unset.
[2023-09-29T18:21:08.246+0000] {logging_mixin.py:151} INFO - [2023-09-29T18:21:08.246+0000] {dag.py:2915} INFO - Sync 1 DAGs
[2023-09-29T18:21:08.257+0000] {logging_mixin.py:151} INFO - [2023-09-29T18:21:08.257+0000] {dag.py:3696} INFO - Setting next_dagrun for example_dag_decorator to None, run_after=None
[2023-09-29T18:21:08.275+0000] {processor.py:179} INFO - Processing /home/airflow/.local/lib/python3.8/site-packages/airflow/example_dags/example_dag_decorator.py took 0.277 seconds
[2023-09-29T18:21:38.381+0000] {processor.py:157} INFO - Started process (PID=1604) to work on /home/airflow/.local/lib/python3.8/site-packages/airflow/example_dags/example_dag_decorator.py
[2023-09-29T18:21:38.388+0000] {processor.py:829} INFO - Processing file /home/airflow/.local/lib/python3.8/site-packages/airflow/example_dags/example_dag_decorator.py for tasks to queue
[2023-09-29T18:21:38.393+0000] {logging_mixin.py:151} INFO - [2023-09-29T18:21:38.392+0000] {dagbag.py:539} INFO - Filling up the DagBag from /home/airflow/.local/lib/python3.8/site-packages/airflow/example_dags/example_dag_decorator.py
[2023-09-29T18:21:38.473+0000] {processor.py:839} INFO - DAG(s) dict_keys(['example_dag_decorator']) retrieved from /home/airflow/.local/lib/python3.8/site-packages/airflow/example_dags/example_dag_decorator.py
[2023-09-29T18:21:38.594+0000] {logging_mixin.py:151} INFO - [2023-09-29T18:21:38.594+0000] {security.py:708} INFO - Not syncing DAG-level permissions for DAG 'DAG:example_dag_decorator' as access control is unset.
[2023-09-29T18:21:38.595+0000] {logging_mixin.py:151} INFO - [2023-09-29T18:21:38.595+0000] {dag.py:2915} INFO - Sync 1 DAGs
[2023-09-29T18:21:38.603+0000] {logging_mixin.py:151} INFO - [2023-09-29T18:21:38.603+0000] {dag.py:3696} INFO - Setting next_dagrun for example_dag_decorator to None, run_after=None
[2023-09-29T18:21:38.621+0000] {processor.py:179} INFO - Processing /home/airflow/.local/lib/python3.8/site-packages/airflow/example_dags/example_dag_decorator.py took 0.249 seconds
[2023-09-29T18:22:09.074+0000] {processor.py:157} INFO - Started process (PID=1657) to work on /home/airflow/.local/lib/python3.8/site-packages/airflow/example_dags/example_dag_decorator.py
[2023-09-29T18:22:09.077+0000] {processor.py:829} INFO - Processing file /home/airflow/.local/lib/python3.8/site-packages/airflow/example_dags/example_dag_decorator.py for tasks to queue
[2023-09-29T18:22:09.082+0000] {logging_mixin.py:151} INFO - [2023-09-29T18:22:09.082+0000] {dagbag.py:539} INFO - Filling up the DagBag from /home/airflow/.local/lib/python3.8/site-packages/airflow/example_dags/example_dag_decorator.py
[2023-09-29T18:22:09.182+0000] {processor.py:839} INFO - DAG(s) dict_keys(['example_dag_decorator']) retrieved from /home/airflow/.local/lib/python3.8/site-packages/airflow/example_dags/example_dag_decorator.py
[2023-09-29T18:22:09.303+0000] {logging_mixin.py:151} INFO - [2023-09-29T18:22:09.303+0000] {security.py:708} INFO - Not syncing DAG-level permissions for DAG 'DAG:example_dag_decorator' as access control is unset.
[2023-09-29T18:22:09.304+0000] {logging_mixin.py:151} INFO - [2023-09-29T18:22:09.304+0000] {dag.py:2915} INFO - Sync 1 DAGs
[2023-09-29T18:22:09.317+0000] {logging_mixin.py:151} INFO - [2023-09-29T18:22:09.317+0000] {dag.py:3696} INFO - Setting next_dagrun for example_dag_decorator to None, run_after=None
[2023-09-29T18:22:09.342+0000] {processor.py:179} INFO - Processing /home/airflow/.local/lib/python3.8/site-packages/airflow/example_dags/example_dag_decorator.py took 0.282 seconds
[2023-09-29T18:22:39.464+0000] {processor.py:157} INFO - Started process (PID=1714) to work on /home/airflow/.local/lib/python3.8/site-packages/airflow/example_dags/example_dag_decorator.py
[2023-09-29T18:22:39.466+0000] {processor.py:829} INFO - Processing file /home/airflow/.local/lib/python3.8/site-packages/airflow/example_dags/example_dag_decorator.py for tasks to queue
[2023-09-29T18:22:39.468+0000] {logging_mixin.py:151} INFO - [2023-09-29T18:22:39.468+0000] {dagbag.py:539} INFO - Filling up the DagBag from /home/airflow/.local/lib/python3.8/site-packages/airflow/example_dags/example_dag_decorator.py
[2023-09-29T18:22:39.538+0000] {processor.py:839} INFO - DAG(s) dict_keys(['example_dag_decorator']) retrieved from /home/airflow/.local/lib/python3.8/site-packages/airflow/example_dags/example_dag_decorator.py
[2023-09-29T18:22:39.630+0000] {logging_mixin.py:151} INFO - [2023-09-29T18:22:39.630+0000] {security.py:708} INFO - Not syncing DAG-level permissions for DAG 'DAG:example_dag_decorator' as access control is unset.
[2023-09-29T18:22:39.630+0000] {logging_mixin.py:151} INFO - [2023-09-29T18:22:39.630+0000] {dag.py:2915} INFO - Sync 1 DAGs
[2023-09-29T18:22:39.638+0000] {logging_mixin.py:151} INFO - [2023-09-29T18:22:39.638+0000] {dag.py:3696} INFO - Setting next_dagrun for example_dag_decorator to None, run_after=None
[2023-09-29T18:22:39.650+0000] {processor.py:179} INFO - Processing /home/airflow/.local/lib/python3.8/site-packages/airflow/example_dags/example_dag_decorator.py took 0.191 seconds
[2023-09-29T18:23:10.468+0000] {processor.py:157} INFO - Started process (PID=1768) to work on /home/airflow/.local/lib/python3.8/site-packages/airflow/example_dags/example_dag_decorator.py
[2023-09-29T18:23:10.472+0000] {processor.py:829} INFO - Processing file /home/airflow/.local/lib/python3.8/site-packages/airflow/example_dags/example_dag_decorator.py for tasks to queue
[2023-09-29T18:23:10.478+0000] {logging_mixin.py:151} INFO - [2023-09-29T18:23:10.476+0000] {dagbag.py:539} INFO - Filling up the DagBag from /home/airflow/.local/lib/python3.8/site-packages/airflow/example_dags/example_dag_decorator.py
[2023-09-29T18:23:10.586+0000] {processor.py:839} INFO - DAG(s) dict_keys(['example_dag_decorator']) retrieved from /home/airflow/.local/lib/python3.8/site-packages/airflow/example_dags/example_dag_decorator.py
[2023-09-29T18:23:10.687+0000] {logging_mixin.py:151} INFO - [2023-09-29T18:23:10.687+0000] {security.py:708} INFO - Not syncing DAG-level permissions for DAG 'DAG:example_dag_decorator' as access control is unset.
[2023-09-29T18:23:10.687+0000] {logging_mixin.py:151} INFO - [2023-09-29T18:23:10.687+0000] {dag.py:2915} INFO - Sync 1 DAGs
[2023-09-29T18:23:10.695+0000] {logging_mixin.py:151} INFO - [2023-09-29T18:23:10.695+0000] {dag.py:3696} INFO - Setting next_dagrun for example_dag_decorator to None, run_after=None
[2023-09-29T18:23:10.708+0000] {processor.py:179} INFO - Processing /home/airflow/.local/lib/python3.8/site-packages/airflow/example_dags/example_dag_decorator.py took 0.249 seconds
[2023-09-29T18:23:40.857+0000] {processor.py:157} INFO - Started process (PID=1825) to work on /home/airflow/.local/lib/python3.8/site-packages/airflow/example_dags/example_dag_decorator.py
[2023-09-29T18:23:40.858+0000] {processor.py:829} INFO - Processing file /home/airflow/.local/lib/python3.8/site-packages/airflow/example_dags/example_dag_decorator.py for tasks to queue
[2023-09-29T18:23:40.861+0000] {logging_mixin.py:151} INFO - [2023-09-29T18:23:40.861+0000] {dagbag.py:539} INFO - Filling up the DagBag from /home/airflow/.local/lib/python3.8/site-packages/airflow/example_dags/example_dag_decorator.py
[2023-09-29T18:23:40.923+0000] {processor.py:839} INFO - DAG(s) dict_keys(['example_dag_decorator']) retrieved from /home/airflow/.local/lib/python3.8/site-packages/airflow/example_dags/example_dag_decorator.py
[2023-09-29T18:23:41.018+0000] {logging_mixin.py:151} INFO - [2023-09-29T18:23:41.017+0000] {security.py:708} INFO - Not syncing DAG-level permissions for DAG 'DAG:example_dag_decorator' as access control is unset.
[2023-09-29T18:23:41.018+0000] {logging_mixin.py:151} INFO - [2023-09-29T18:23:41.018+0000] {dag.py:2915} INFO - Sync 1 DAGs
[2023-09-29T18:23:41.027+0000] {logging_mixin.py:151} INFO - [2023-09-29T18:23:41.027+0000] {dag.py:3696} INFO - Setting next_dagrun for example_dag_decorator to None, run_after=None
[2023-09-29T18:23:41.041+0000] {processor.py:179} INFO - Processing /home/airflow/.local/lib/python3.8/site-packages/airflow/example_dags/example_dag_decorator.py took 0.188 seconds
[2023-09-29T18:24:11.090+0000] {processor.py:157} INFO - Started process (PID=1878) to work on /home/airflow/.local/lib/python3.8/site-packages/airflow/example_dags/example_dag_decorator.py
[2023-09-29T18:24:11.093+0000] {processor.py:829} INFO - Processing file /home/airflow/.local/lib/python3.8/site-packages/airflow/example_dags/example_dag_decorator.py for tasks to queue
[2023-09-29T18:24:11.098+0000] {logging_mixin.py:151} INFO - [2023-09-29T18:24:11.097+0000] {dagbag.py:539} INFO - Filling up the DagBag from /home/airflow/.local/lib/python3.8/site-packages/airflow/example_dags/example_dag_decorator.py
[2023-09-29T18:24:11.187+0000] {processor.py:839} INFO - DAG(s) dict_keys(['example_dag_decorator']) retrieved from /home/airflow/.local/lib/python3.8/site-packages/airflow/example_dags/example_dag_decorator.py
[2023-09-29T18:24:11.268+0000] {logging_mixin.py:151} INFO - [2023-09-29T18:24:11.268+0000] {security.py:708} INFO - Not syncing DAG-level permissions for DAG 'DAG:example_dag_decorator' as access control is unset.
[2023-09-29T18:24:11.269+0000] {logging_mixin.py:151} INFO - [2023-09-29T18:24:11.269+0000] {dag.py:2915} INFO - Sync 1 DAGs
[2023-09-29T18:24:11.277+0000] {logging_mixin.py:151} INFO - [2023-09-29T18:24:11.277+0000] {dag.py:3696} INFO - Setting next_dagrun for example_dag_decorator to None, run_after=None
[2023-09-29T18:24:11.290+0000] {processor.py:179} INFO - Processing /home/airflow/.local/lib/python3.8/site-packages/airflow/example_dags/example_dag_decorator.py took 0.208 seconds
[2023-09-29T18:24:41.378+0000] {processor.py:157} INFO - Started process (PID=1934) to work on /home/airflow/.local/lib/python3.8/site-packages/airflow/example_dags/example_dag_decorator.py
[2023-09-29T18:24:41.385+0000] {processor.py:829} INFO - Processing file /home/airflow/.local/lib/python3.8/site-packages/airflow/example_dags/example_dag_decorator.py for tasks to queue
[2023-09-29T18:24:41.396+0000] {logging_mixin.py:151} INFO - [2023-09-29T18:24:41.395+0000] {dagbag.py:539} INFO - Filling up the DagBag from /home/airflow/.local/lib/python3.8/site-packages/airflow/example_dags/example_dag_decorator.py
[2023-09-29T18:24:41.480+0000] {processor.py:839} INFO - DAG(s) dict_keys(['example_dag_decorator']) retrieved from /home/airflow/.local/lib/python3.8/site-packages/airflow/example_dags/example_dag_decorator.py
[2023-09-29T18:24:41.644+0000] {logging_mixin.py:151} INFO - [2023-09-29T18:24:41.644+0000] {security.py:708} INFO - Not syncing DAG-level permissions for DAG 'DAG:example_dag_decorator' as access control is unset.
[2023-09-29T18:24:41.645+0000] {logging_mixin.py:151} INFO - [2023-09-29T18:24:41.645+0000] {dag.py:2915} INFO - Sync 1 DAGs
[2023-09-29T18:24:41.666+0000] {logging_mixin.py:151} INFO - [2023-09-29T18:24:41.666+0000] {dag.py:3696} INFO - Setting next_dagrun for example_dag_decorator to None, run_after=None
[2023-09-29T18:24:41.688+0000] {processor.py:179} INFO - Processing /home/airflow/.local/lib/python3.8/site-packages/airflow/example_dags/example_dag_decorator.py took 0.323 seconds
[2023-09-29T18:25:11.725+0000] {processor.py:157} INFO - Started process (PID=1990) to work on /home/airflow/.local/lib/python3.8/site-packages/airflow/example_dags/example_dag_decorator.py
[2023-09-29T18:25:11.726+0000] {processor.py:829} INFO - Processing file /home/airflow/.local/lib/python3.8/site-packages/airflow/example_dags/example_dag_decorator.py for tasks to queue
[2023-09-29T18:25:11.728+0000] {logging_mixin.py:151} INFO - [2023-09-29T18:25:11.728+0000] {dagbag.py:539} INFO - Filling up the DagBag from /home/airflow/.local/lib/python3.8/site-packages/airflow/example_dags/example_dag_decorator.py
[2023-09-29T18:25:11.810+0000] {processor.py:839} INFO - DAG(s) dict_keys(['example_dag_decorator']) retrieved from /home/airflow/.local/lib/python3.8/site-packages/airflow/example_dags/example_dag_decorator.py
[2023-09-29T18:25:11.922+0000] {logging_mixin.py:151} INFO - [2023-09-29T18:25:11.922+0000] {security.py:708} INFO - Not syncing DAG-level permissions for DAG 'DAG:example_dag_decorator' as access control is unset.
[2023-09-29T18:25:11.923+0000] {logging_mixin.py:151} INFO - [2023-09-29T18:25:11.922+0000] {dag.py:2915} INFO - Sync 1 DAGs
[2023-09-29T18:25:11.931+0000] {logging_mixin.py:151} INFO - [2023-09-29T18:25:11.931+0000] {dag.py:3696} INFO - Setting next_dagrun for example_dag_decorator to None, run_after=None
[2023-09-29T18:25:11.944+0000] {processor.py:179} INFO - Processing /home/airflow/.local/lib/python3.8/site-packages/airflow/example_dags/example_dag_decorator.py took 0.223 seconds
