[2023-09-29T18:07:12.039+0000] {processor.py:157} INFO - Started process (PID=33) to work on /home/airflow/.local/lib/python3.8/site-packages/airflow/example_dags/example_complex.py
[2023-09-29T18:07:12.043+0000] {processor.py:829} INFO - Processing file /home/airflow/.local/lib/python3.8/site-packages/airflow/example_dags/example_complex.py for tasks to queue
[2023-09-29T18:07:12.046+0000] {logging_mixin.py:151} INFO - [2023-09-29T18:07:12.045+0000] {dagbag.py:539} INFO - Filling up the DagBag from /home/airflow/.local/lib/python3.8/site-packages/airflow/example_dags/example_complex.py
[2023-09-29T18:07:12.062+0000] {processor.py:839} INFO - DAG(s) dict_keys(['example_complex']) retrieved from /home/airflow/.local/lib/python3.8/site-packages/airflow/example_dags/example_complex.py
[2023-09-29T18:07:12.079+0000] {logging_mixin.py:151} INFO - [2023-09-29T18:07:12.078+0000] {dag.py:2915} INFO - Sync 1 DAGs
[2023-09-29T18:07:12.096+0000] {logging_mixin.py:151} INFO - [2023-09-29T18:07:12.095+0000] {dag.py:3696} INFO - Setting next_dagrun for example_complex to None, run_after=None
[2023-09-29T18:07:12.133+0000] {processor.py:179} INFO - Processing /home/airflow/.local/lib/python3.8/site-packages/airflow/example_dags/example_complex.py took 0.098 seconds
[2023-09-29T18:07:43.941+0000] {processor.py:157} INFO - Started process (PID=92) to work on /home/airflow/.local/lib/python3.8/site-packages/airflow/example_dags/example_complex.py
[2023-09-29T18:07:43.947+0000] {processor.py:829} INFO - Processing file /home/airflow/.local/lib/python3.8/site-packages/airflow/example_dags/example_complex.py for tasks to queue
[2023-09-29T18:07:43.952+0000] {logging_mixin.py:151} INFO - [2023-09-29T18:07:43.952+0000] {dagbag.py:539} INFO - Filling up the DagBag from /home/airflow/.local/lib/python3.8/site-packages/airflow/example_dags/example_complex.py
[2023-09-29T18:07:44.173+0000] {processor.py:839} INFO - DAG(s) dict_keys(['example_complex']) retrieved from /home/airflow/.local/lib/python3.8/site-packages/airflow/example_dags/example_complex.py
[2023-09-29T18:07:44.485+0000] {logging_mixin.py:151} INFO - [2023-09-29T18:07:44.472+0000] {dag.py:2915} INFO - Sync 1 DAGs
[2023-09-29T18:07:44.615+0000] {logging_mixin.py:151} INFO - [2023-09-29T18:07:44.615+0000] {dag.py:3696} INFO - Setting next_dagrun for example_complex to None, run_after=None
[2023-09-29T18:07:44.749+0000] {processor.py:179} INFO - Processing /home/airflow/.local/lib/python3.8/site-packages/airflow/example_dags/example_complex.py took 0.842 seconds
[2023-09-29T18:08:15.168+0000] {processor.py:157} INFO - Started process (PID=146) to work on /home/airflow/.local/lib/python3.8/site-packages/airflow/example_dags/example_complex.py
[2023-09-29T18:08:15.169+0000] {processor.py:829} INFO - Processing file /home/airflow/.local/lib/python3.8/site-packages/airflow/example_dags/example_complex.py for tasks to queue
[2023-09-29T18:08:15.171+0000] {logging_mixin.py:151} INFO - [2023-09-29T18:08:15.171+0000] {dagbag.py:539} INFO - Filling up the DagBag from /home/airflow/.local/lib/python3.8/site-packages/airflow/example_dags/example_complex.py
[2023-09-29T18:08:15.181+0000] {processor.py:839} INFO - DAG(s) dict_keys(['example_complex']) retrieved from /home/airflow/.local/lib/python3.8/site-packages/airflow/example_dags/example_complex.py
[2023-09-29T18:08:15.221+0000] {logging_mixin.py:151} INFO - [2023-09-29T18:08:15.220+0000] {dag.py:2915} INFO - Sync 1 DAGs
[2023-09-29T18:08:15.232+0000] {logging_mixin.py:151} INFO - [2023-09-29T18:08:15.232+0000] {dag.py:3696} INFO - Setting next_dagrun for example_complex to None, run_after=None
[2023-09-29T18:08:15.246+0000] {processor.py:179} INFO - Processing /home/airflow/.local/lib/python3.8/site-packages/airflow/example_dags/example_complex.py took 0.082 seconds
[2023-09-29T18:08:45.863+0000] {processor.py:157} INFO - Started process (PID=201) to work on /home/airflow/.local/lib/python3.8/site-packages/airflow/example_dags/example_complex.py
[2023-09-29T18:08:45.864+0000] {processor.py:829} INFO - Processing file /home/airflow/.local/lib/python3.8/site-packages/airflow/example_dags/example_complex.py for tasks to queue
[2023-09-29T18:08:45.867+0000] {logging_mixin.py:151} INFO - [2023-09-29T18:08:45.866+0000] {dagbag.py:539} INFO - Filling up the DagBag from /home/airflow/.local/lib/python3.8/site-packages/airflow/example_dags/example_complex.py
[2023-09-29T18:08:45.877+0000] {processor.py:839} INFO - DAG(s) dict_keys(['example_complex']) retrieved from /home/airflow/.local/lib/python3.8/site-packages/airflow/example_dags/example_complex.py
[2023-09-29T18:08:45.919+0000] {logging_mixin.py:151} INFO - [2023-09-29T18:08:45.919+0000] {dag.py:2915} INFO - Sync 1 DAGs
[2023-09-29T18:08:45.937+0000] {logging_mixin.py:151} INFO - [2023-09-29T18:08:45.937+0000] {dag.py:3696} INFO - Setting next_dagrun for example_complex to None, run_after=None
[2023-09-29T18:08:45.955+0000] {processor.py:179} INFO - Processing /home/airflow/.local/lib/python3.8/site-packages/airflow/example_dags/example_complex.py took 0.096 seconds
[2023-09-29T18:09:16.470+0000] {processor.py:157} INFO - Started process (PID=256) to work on /home/airflow/.local/lib/python3.8/site-packages/airflow/example_dags/example_complex.py
[2023-09-29T18:09:16.471+0000] {processor.py:829} INFO - Processing file /home/airflow/.local/lib/python3.8/site-packages/airflow/example_dags/example_complex.py for tasks to queue
[2023-09-29T18:09:16.473+0000] {logging_mixin.py:151} INFO - [2023-09-29T18:09:16.472+0000] {dagbag.py:539} INFO - Filling up the DagBag from /home/airflow/.local/lib/python3.8/site-packages/airflow/example_dags/example_complex.py
[2023-09-29T18:09:16.483+0000] {processor.py:839} INFO - DAG(s) dict_keys(['example_complex']) retrieved from /home/airflow/.local/lib/python3.8/site-packages/airflow/example_dags/example_complex.py
[2023-09-29T18:09:16.521+0000] {logging_mixin.py:151} INFO - [2023-09-29T18:09:16.521+0000] {dag.py:2915} INFO - Sync 1 DAGs
[2023-09-29T18:09:16.536+0000] {logging_mixin.py:151} INFO - [2023-09-29T18:09:16.536+0000] {dag.py:3696} INFO - Setting next_dagrun for example_complex to None, run_after=None
[2023-09-29T18:09:16.551+0000] {processor.py:179} INFO - Processing /home/airflow/.local/lib/python3.8/site-packages/airflow/example_dags/example_complex.py took 0.085 seconds
[2023-09-29T18:09:46.942+0000] {processor.py:157} INFO - Started process (PID=311) to work on /home/airflow/.local/lib/python3.8/site-packages/airflow/example_dags/example_complex.py
[2023-09-29T18:09:46.943+0000] {processor.py:829} INFO - Processing file /home/airflow/.local/lib/python3.8/site-packages/airflow/example_dags/example_complex.py for tasks to queue
[2023-09-29T18:09:46.945+0000] {logging_mixin.py:151} INFO - [2023-09-29T18:09:46.945+0000] {dagbag.py:539} INFO - Filling up the DagBag from /home/airflow/.local/lib/python3.8/site-packages/airflow/example_dags/example_complex.py
[2023-09-29T18:09:46.956+0000] {processor.py:839} INFO - DAG(s) dict_keys(['example_complex']) retrieved from /home/airflow/.local/lib/python3.8/site-packages/airflow/example_dags/example_complex.py
[2023-09-29T18:09:46.989+0000] {logging_mixin.py:151} INFO - [2023-09-29T18:09:46.989+0000] {dag.py:2915} INFO - Sync 1 DAGs
[2023-09-29T18:09:47.011+0000] {logging_mixin.py:151} INFO - [2023-09-29T18:09:47.011+0000] {dag.py:3696} INFO - Setting next_dagrun for example_complex to None, run_after=None
[2023-09-29T18:09:47.030+0000] {processor.py:179} INFO - Processing /home/airflow/.local/lib/python3.8/site-packages/airflow/example_dags/example_complex.py took 0.092 seconds
[2023-09-29T18:10:17.426+0000] {processor.py:157} INFO - Started process (PID=366) to work on /home/airflow/.local/lib/python3.8/site-packages/airflow/example_dags/example_complex.py
[2023-09-29T18:10:17.427+0000] {processor.py:829} INFO - Processing file /home/airflow/.local/lib/python3.8/site-packages/airflow/example_dags/example_complex.py for tasks to queue
[2023-09-29T18:10:17.430+0000] {logging_mixin.py:151} INFO - [2023-09-29T18:10:17.429+0000] {dagbag.py:539} INFO - Filling up the DagBag from /home/airflow/.local/lib/python3.8/site-packages/airflow/example_dags/example_complex.py
[2023-09-29T18:10:17.441+0000] {processor.py:839} INFO - DAG(s) dict_keys(['example_complex']) retrieved from /home/airflow/.local/lib/python3.8/site-packages/airflow/example_dags/example_complex.py
[2023-09-29T18:10:17.483+0000] {logging_mixin.py:151} INFO - [2023-09-29T18:10:17.483+0000] {dag.py:2915} INFO - Sync 1 DAGs
[2023-09-29T18:10:17.507+0000] {logging_mixin.py:151} INFO - [2023-09-29T18:10:17.507+0000] {dag.py:3696} INFO - Setting next_dagrun for example_complex to None, run_after=None
[2023-09-29T18:10:17.523+0000] {processor.py:179} INFO - Processing /home/airflow/.local/lib/python3.8/site-packages/airflow/example_dags/example_complex.py took 0.101 seconds
[2023-09-29T18:10:47.702+0000] {processor.py:157} INFO - Started process (PID=422) to work on /home/airflow/.local/lib/python3.8/site-packages/airflow/example_dags/example_complex.py
[2023-09-29T18:10:47.704+0000] {processor.py:829} INFO - Processing file /home/airflow/.local/lib/python3.8/site-packages/airflow/example_dags/example_complex.py for tasks to queue
[2023-09-29T18:10:47.706+0000] {logging_mixin.py:151} INFO - [2023-09-29T18:10:47.706+0000] {dagbag.py:539} INFO - Filling up the DagBag from /home/airflow/.local/lib/python3.8/site-packages/airflow/example_dags/example_complex.py
[2023-09-29T18:10:47.722+0000] {processor.py:839} INFO - DAG(s) dict_keys(['example_complex']) retrieved from /home/airflow/.local/lib/python3.8/site-packages/airflow/example_dags/example_complex.py
[2023-09-29T18:10:47.754+0000] {logging_mixin.py:151} INFO - [2023-09-29T18:10:47.754+0000] {dag.py:2915} INFO - Sync 1 DAGs
[2023-09-29T18:10:47.765+0000] {logging_mixin.py:151} INFO - [2023-09-29T18:10:47.765+0000] {dag.py:3696} INFO - Setting next_dagrun for example_complex to None, run_after=None
[2023-09-29T18:10:47.779+0000] {processor.py:179} INFO - Processing /home/airflow/.local/lib/python3.8/site-packages/airflow/example_dags/example_complex.py took 0.083 seconds
[2023-09-29T18:11:17.875+0000] {processor.py:157} INFO - Started process (PID=477) to work on /home/airflow/.local/lib/python3.8/site-packages/airflow/example_dags/example_complex.py
[2023-09-29T18:11:17.876+0000] {processor.py:829} INFO - Processing file /home/airflow/.local/lib/python3.8/site-packages/airflow/example_dags/example_complex.py for tasks to queue
[2023-09-29T18:11:17.878+0000] {logging_mixin.py:151} INFO - [2023-09-29T18:11:17.878+0000] {dagbag.py:539} INFO - Filling up the DagBag from /home/airflow/.local/lib/python3.8/site-packages/airflow/example_dags/example_complex.py
[2023-09-29T18:11:17.890+0000] {processor.py:839} INFO - DAG(s) dict_keys(['example_complex']) retrieved from /home/airflow/.local/lib/python3.8/site-packages/airflow/example_dags/example_complex.py
[2023-09-29T18:11:17.930+0000] {logging_mixin.py:151} INFO - [2023-09-29T18:11:17.930+0000] {dag.py:2915} INFO - Sync 1 DAGs
[2023-09-29T18:11:17.946+0000] {logging_mixin.py:151} INFO - [2023-09-29T18:11:17.946+0000] {dag.py:3696} INFO - Setting next_dagrun for example_complex to None, run_after=None
[2023-09-29T18:11:17.962+0000] {processor.py:179} INFO - Processing /home/airflow/.local/lib/python3.8/site-packages/airflow/example_dags/example_complex.py took 0.091 seconds
[2023-09-29T18:11:48.383+0000] {processor.py:157} INFO - Started process (PID=532) to work on /home/airflow/.local/lib/python3.8/site-packages/airflow/example_dags/example_complex.py
[2023-09-29T18:11:48.384+0000] {processor.py:829} INFO - Processing file /home/airflow/.local/lib/python3.8/site-packages/airflow/example_dags/example_complex.py for tasks to queue
[2023-09-29T18:11:48.387+0000] {logging_mixin.py:151} INFO - [2023-09-29T18:11:48.387+0000] {dagbag.py:539} INFO - Filling up the DagBag from /home/airflow/.local/lib/python3.8/site-packages/airflow/example_dags/example_complex.py
[2023-09-29T18:11:48.400+0000] {processor.py:839} INFO - DAG(s) dict_keys(['example_complex']) retrieved from /home/airflow/.local/lib/python3.8/site-packages/airflow/example_dags/example_complex.py
[2023-09-29T18:11:48.433+0000] {logging_mixin.py:151} INFO - [2023-09-29T18:11:48.432+0000] {dag.py:2915} INFO - Sync 1 DAGs
[2023-09-29T18:11:48.445+0000] {logging_mixin.py:151} INFO - [2023-09-29T18:11:48.445+0000] {dag.py:3696} INFO - Setting next_dagrun for example_complex to None, run_after=None
[2023-09-29T18:11:48.461+0000] {processor.py:179} INFO - Processing /home/airflow/.local/lib/python3.8/site-packages/airflow/example_dags/example_complex.py took 0.083 seconds
[2023-09-29T18:12:19.087+0000] {processor.py:157} INFO - Started process (PID=587) to work on /home/airflow/.local/lib/python3.8/site-packages/airflow/example_dags/example_complex.py
[2023-09-29T18:12:19.089+0000] {processor.py:829} INFO - Processing file /home/airflow/.local/lib/python3.8/site-packages/airflow/example_dags/example_complex.py for tasks to queue
[2023-09-29T18:12:19.091+0000] {logging_mixin.py:151} INFO - [2023-09-29T18:12:19.091+0000] {dagbag.py:539} INFO - Filling up the DagBag from /home/airflow/.local/lib/python3.8/site-packages/airflow/example_dags/example_complex.py
[2023-09-29T18:12:19.105+0000] {processor.py:839} INFO - DAG(s) dict_keys(['example_complex']) retrieved from /home/airflow/.local/lib/python3.8/site-packages/airflow/example_dags/example_complex.py
[2023-09-29T18:12:19.137+0000] {logging_mixin.py:151} INFO - [2023-09-29T18:12:19.136+0000] {dag.py:2915} INFO - Sync 1 DAGs
[2023-09-29T18:12:19.149+0000] {logging_mixin.py:151} INFO - [2023-09-29T18:12:19.149+0000] {dag.py:3696} INFO - Setting next_dagrun for example_complex to None, run_after=None
[2023-09-29T18:12:19.164+0000] {processor.py:179} INFO - Processing /home/airflow/.local/lib/python3.8/site-packages/airflow/example_dags/example_complex.py took 0.081 seconds
[2023-09-29T18:12:49.369+0000] {processor.py:157} INFO - Started process (PID=643) to work on /home/airflow/.local/lib/python3.8/site-packages/airflow/example_dags/example_complex.py
[2023-09-29T18:12:49.371+0000] {processor.py:829} INFO - Processing file /home/airflow/.local/lib/python3.8/site-packages/airflow/example_dags/example_complex.py for tasks to queue
[2023-09-29T18:12:49.374+0000] {logging_mixin.py:151} INFO - [2023-09-29T18:12:49.374+0000] {dagbag.py:539} INFO - Filling up the DagBag from /home/airflow/.local/lib/python3.8/site-packages/airflow/example_dags/example_complex.py
[2023-09-29T18:12:49.386+0000] {processor.py:839} INFO - DAG(s) dict_keys(['example_complex']) retrieved from /home/airflow/.local/lib/python3.8/site-packages/airflow/example_dags/example_complex.py
[2023-09-29T18:12:49.426+0000] {logging_mixin.py:151} INFO - [2023-09-29T18:12:49.426+0000] {dag.py:2915} INFO - Sync 1 DAGs
[2023-09-29T18:12:49.442+0000] {logging_mixin.py:151} INFO - [2023-09-29T18:12:49.441+0000] {dag.py:3696} INFO - Setting next_dagrun for example_complex to None, run_after=None
[2023-09-29T18:12:49.456+0000] {processor.py:179} INFO - Processing /home/airflow/.local/lib/python3.8/site-packages/airflow/example_dags/example_complex.py took 0.096 seconds
[2023-09-29T18:13:19.983+0000] {processor.py:157} INFO - Started process (PID=698) to work on /home/airflow/.local/lib/python3.8/site-packages/airflow/example_dags/example_complex.py
[2023-09-29T18:13:19.985+0000] {processor.py:829} INFO - Processing file /home/airflow/.local/lib/python3.8/site-packages/airflow/example_dags/example_complex.py for tasks to queue
[2023-09-29T18:13:19.987+0000] {logging_mixin.py:151} INFO - [2023-09-29T18:13:19.987+0000] {dagbag.py:539} INFO - Filling up the DagBag from /home/airflow/.local/lib/python3.8/site-packages/airflow/example_dags/example_complex.py
[2023-09-29T18:13:20.001+0000] {processor.py:839} INFO - DAG(s) dict_keys(['example_complex']) retrieved from /home/airflow/.local/lib/python3.8/site-packages/airflow/example_dags/example_complex.py
[2023-09-29T18:13:20.035+0000] {logging_mixin.py:151} INFO - [2023-09-29T18:13:20.035+0000] {dag.py:2915} INFO - Sync 1 DAGs
[2023-09-29T18:13:20.051+0000] {logging_mixin.py:151} INFO - [2023-09-29T18:13:20.051+0000] {dag.py:3696} INFO - Setting next_dagrun for example_complex to None, run_after=None
[2023-09-29T18:13:20.070+0000] {processor.py:179} INFO - Processing /home/airflow/.local/lib/python3.8/site-packages/airflow/example_dags/example_complex.py took 0.090 seconds
[2023-09-29T18:13:50.643+0000] {processor.py:157} INFO - Started process (PID=753) to work on /home/airflow/.local/lib/python3.8/site-packages/airflow/example_dags/example_complex.py
[2023-09-29T18:13:50.644+0000] {processor.py:829} INFO - Processing file /home/airflow/.local/lib/python3.8/site-packages/airflow/example_dags/example_complex.py for tasks to queue
[2023-09-29T18:13:50.646+0000] {logging_mixin.py:151} INFO - [2023-09-29T18:13:50.646+0000] {dagbag.py:539} INFO - Filling up the DagBag from /home/airflow/.local/lib/python3.8/site-packages/airflow/example_dags/example_complex.py
[2023-09-29T18:13:50.657+0000] {processor.py:839} INFO - DAG(s) dict_keys(['example_complex']) retrieved from /home/airflow/.local/lib/python3.8/site-packages/airflow/example_dags/example_complex.py
[2023-09-29T18:13:50.696+0000] {logging_mixin.py:151} INFO - [2023-09-29T18:13:50.695+0000] {dag.py:2915} INFO - Sync 1 DAGs
[2023-09-29T18:13:50.714+0000] {logging_mixin.py:151} INFO - [2023-09-29T18:13:50.713+0000] {dag.py:3696} INFO - Setting next_dagrun for example_complex to None, run_after=None
[2023-09-29T18:13:50.730+0000] {processor.py:179} INFO - Processing /home/airflow/.local/lib/python3.8/site-packages/airflow/example_dags/example_complex.py took 0.091 seconds
[2023-09-29T18:14:21.016+0000] {processor.py:157} INFO - Started process (PID=807) to work on /home/airflow/.local/lib/python3.8/site-packages/airflow/example_dags/example_complex.py
[2023-09-29T18:14:21.018+0000] {processor.py:829} INFO - Processing file /home/airflow/.local/lib/python3.8/site-packages/airflow/example_dags/example_complex.py for tasks to queue
[2023-09-29T18:14:21.022+0000] {logging_mixin.py:151} INFO - [2023-09-29T18:14:21.022+0000] {dagbag.py:539} INFO - Filling up the DagBag from /home/airflow/.local/lib/python3.8/site-packages/airflow/example_dags/example_complex.py
[2023-09-29T18:14:21.042+0000] {processor.py:839} INFO - DAG(s) dict_keys(['example_complex']) retrieved from /home/airflow/.local/lib/python3.8/site-packages/airflow/example_dags/example_complex.py
[2023-09-29T18:14:21.081+0000] {logging_mixin.py:151} INFO - [2023-09-29T18:14:21.081+0000] {dag.py:2915} INFO - Sync 1 DAGs
[2023-09-29T18:14:21.094+0000] {logging_mixin.py:151} INFO - [2023-09-29T18:14:21.094+0000] {dag.py:3696} INFO - Setting next_dagrun for example_complex to None, run_after=None
[2023-09-29T18:14:21.109+0000] {processor.py:179} INFO - Processing /home/airflow/.local/lib/python3.8/site-packages/airflow/example_dags/example_complex.py took 0.099 seconds
[2023-09-29T18:14:51.578+0000] {processor.py:157} INFO - Started process (PID=862) to work on /home/airflow/.local/lib/python3.8/site-packages/airflow/example_dags/example_complex.py
[2023-09-29T18:14:51.579+0000] {processor.py:829} INFO - Processing file /home/airflow/.local/lib/python3.8/site-packages/airflow/example_dags/example_complex.py for tasks to queue
[2023-09-29T18:14:51.581+0000] {logging_mixin.py:151} INFO - [2023-09-29T18:14:51.581+0000] {dagbag.py:539} INFO - Filling up the DagBag from /home/airflow/.local/lib/python3.8/site-packages/airflow/example_dags/example_complex.py
[2023-09-29T18:14:51.591+0000] {processor.py:839} INFO - DAG(s) dict_keys(['example_complex']) retrieved from /home/airflow/.local/lib/python3.8/site-packages/airflow/example_dags/example_complex.py
[2023-09-29T18:14:51.643+0000] {logging_mixin.py:151} INFO - [2023-09-29T18:14:51.642+0000] {dag.py:2915} INFO - Sync 1 DAGs
[2023-09-29T18:14:51.659+0000] {logging_mixin.py:151} INFO - [2023-09-29T18:14:51.659+0000] {dag.py:3696} INFO - Setting next_dagrun for example_complex to None, run_after=None
[2023-09-29T18:14:51.676+0000] {processor.py:179} INFO - Processing /home/airflow/.local/lib/python3.8/site-packages/airflow/example_dags/example_complex.py took 0.102 seconds
[2023-09-29T18:15:21.819+0000] {processor.py:157} INFO - Started process (PID=917) to work on /home/airflow/.local/lib/python3.8/site-packages/airflow/example_dags/example_complex.py
[2023-09-29T18:15:21.821+0000] {processor.py:829} INFO - Processing file /home/airflow/.local/lib/python3.8/site-packages/airflow/example_dags/example_complex.py for tasks to queue
[2023-09-29T18:15:21.823+0000] {logging_mixin.py:151} INFO - [2023-09-29T18:15:21.822+0000] {dagbag.py:539} INFO - Filling up the DagBag from /home/airflow/.local/lib/python3.8/site-packages/airflow/example_dags/example_complex.py
[2023-09-29T18:15:21.836+0000] {processor.py:839} INFO - DAG(s) dict_keys(['example_complex']) retrieved from /home/airflow/.local/lib/python3.8/site-packages/airflow/example_dags/example_complex.py
[2023-09-29T18:15:21.877+0000] {logging_mixin.py:151} INFO - [2023-09-29T18:15:21.877+0000] {dag.py:2915} INFO - Sync 1 DAGs
[2023-09-29T18:15:21.893+0000] {logging_mixin.py:151} INFO - [2023-09-29T18:15:21.893+0000] {dag.py:3696} INFO - Setting next_dagrun for example_complex to None, run_after=None
[2023-09-29T18:15:21.909+0000] {processor.py:179} INFO - Processing /home/airflow/.local/lib/python3.8/site-packages/airflow/example_dags/example_complex.py took 0.093 seconds
[2023-09-29T18:15:52.466+0000] {processor.py:157} INFO - Started process (PID=972) to work on /home/airflow/.local/lib/python3.8/site-packages/airflow/example_dags/example_complex.py
[2023-09-29T18:15:52.468+0000] {processor.py:829} INFO - Processing file /home/airflow/.local/lib/python3.8/site-packages/airflow/example_dags/example_complex.py for tasks to queue
[2023-09-29T18:15:52.472+0000] {logging_mixin.py:151} INFO - [2023-09-29T18:15:52.471+0000] {dagbag.py:539} INFO - Filling up the DagBag from /home/airflow/.local/lib/python3.8/site-packages/airflow/example_dags/example_complex.py
[2023-09-29T18:15:52.488+0000] {processor.py:839} INFO - DAG(s) dict_keys(['example_complex']) retrieved from /home/airflow/.local/lib/python3.8/site-packages/airflow/example_dags/example_complex.py
[2023-09-29T18:15:52.530+0000] {logging_mixin.py:151} INFO - [2023-09-29T18:15:52.530+0000] {dag.py:2915} INFO - Sync 1 DAGs
[2023-09-29T18:15:52.545+0000] {logging_mixin.py:151} INFO - [2023-09-29T18:15:52.544+0000] {dag.py:3696} INFO - Setting next_dagrun for example_complex to None, run_after=None
[2023-09-29T18:15:52.561+0000] {processor.py:179} INFO - Processing /home/airflow/.local/lib/python3.8/site-packages/airflow/example_dags/example_complex.py took 0.100 seconds
[2023-09-29T18:16:22.801+0000] {processor.py:157} INFO - Started process (PID=1027) to work on /home/airflow/.local/lib/python3.8/site-packages/airflow/example_dags/example_complex.py
[2023-09-29T18:16:22.802+0000] {processor.py:829} INFO - Processing file /home/airflow/.local/lib/python3.8/site-packages/airflow/example_dags/example_complex.py for tasks to queue
[2023-09-29T18:16:22.804+0000] {logging_mixin.py:151} INFO - [2023-09-29T18:16:22.804+0000] {dagbag.py:539} INFO - Filling up the DagBag from /home/airflow/.local/lib/python3.8/site-packages/airflow/example_dags/example_complex.py
[2023-09-29T18:16:22.813+0000] {processor.py:839} INFO - DAG(s) dict_keys(['example_complex']) retrieved from /home/airflow/.local/lib/python3.8/site-packages/airflow/example_dags/example_complex.py
[2023-09-29T18:16:22.842+0000] {logging_mixin.py:151} INFO - [2023-09-29T18:16:22.842+0000] {dag.py:2915} INFO - Sync 1 DAGs
[2023-09-29T18:16:22.853+0000] {logging_mixin.py:151} INFO - [2023-09-29T18:16:22.853+0000] {dag.py:3696} INFO - Setting next_dagrun for example_complex to None, run_after=None
[2023-09-29T18:16:22.867+0000] {processor.py:179} INFO - Processing /home/airflow/.local/lib/python3.8/site-packages/airflow/example_dags/example_complex.py took 0.070 seconds
[2023-09-29T18:16:53.245+0000] {processor.py:157} INFO - Started process (PID=1082) to work on /home/airflow/.local/lib/python3.8/site-packages/airflow/example_dags/example_complex.py
[2023-09-29T18:16:53.248+0000] {processor.py:829} INFO - Processing file /home/airflow/.local/lib/python3.8/site-packages/airflow/example_dags/example_complex.py for tasks to queue
[2023-09-29T18:16:53.250+0000] {logging_mixin.py:151} INFO - [2023-09-29T18:16:53.250+0000] {dagbag.py:539} INFO - Filling up the DagBag from /home/airflow/.local/lib/python3.8/site-packages/airflow/example_dags/example_complex.py
[2023-09-29T18:16:53.260+0000] {processor.py:839} INFO - DAG(s) dict_keys(['example_complex']) retrieved from /home/airflow/.local/lib/python3.8/site-packages/airflow/example_dags/example_complex.py
[2023-09-29T18:16:53.288+0000] {logging_mixin.py:151} INFO - [2023-09-29T18:16:53.288+0000] {dag.py:2915} INFO - Sync 1 DAGs
[2023-09-29T18:16:53.301+0000] {logging_mixin.py:151} INFO - [2023-09-29T18:16:53.300+0000] {dag.py:3696} INFO - Setting next_dagrun for example_complex to None, run_after=None
[2023-09-29T18:16:53.313+0000] {processor.py:179} INFO - Processing /home/airflow/.local/lib/python3.8/site-packages/airflow/example_dags/example_complex.py took 0.073 seconds
[2023-09-29T18:17:23.536+0000] {processor.py:157} INFO - Started process (PID=1138) to work on /home/airflow/.local/lib/python3.8/site-packages/airflow/example_dags/example_complex.py
[2023-09-29T18:17:23.540+0000] {processor.py:829} INFO - Processing file /home/airflow/.local/lib/python3.8/site-packages/airflow/example_dags/example_complex.py for tasks to queue
[2023-09-29T18:17:23.543+0000] {logging_mixin.py:151} INFO - [2023-09-29T18:17:23.543+0000] {dagbag.py:539} INFO - Filling up the DagBag from /home/airflow/.local/lib/python3.8/site-packages/airflow/example_dags/example_complex.py
[2023-09-29T18:17:23.557+0000] {processor.py:839} INFO - DAG(s) dict_keys(['example_complex']) retrieved from /home/airflow/.local/lib/python3.8/site-packages/airflow/example_dags/example_complex.py
[2023-09-29T18:17:23.596+0000] {logging_mixin.py:151} INFO - [2023-09-29T18:17:23.595+0000] {dag.py:2915} INFO - Sync 1 DAGs
[2023-09-29T18:17:23.610+0000] {logging_mixin.py:151} INFO - [2023-09-29T18:17:23.610+0000] {dag.py:3696} INFO - Setting next_dagrun for example_complex to None, run_after=None
[2023-09-29T18:17:23.626+0000] {processor.py:179} INFO - Processing /home/airflow/.local/lib/python3.8/site-packages/airflow/example_dags/example_complex.py took 0.095 seconds
[2023-09-29T18:17:54.029+0000] {processor.py:157} INFO - Started process (PID=1193) to work on /home/airflow/.local/lib/python3.8/site-packages/airflow/example_dags/example_complex.py
[2023-09-29T18:17:54.030+0000] {processor.py:829} INFO - Processing file /home/airflow/.local/lib/python3.8/site-packages/airflow/example_dags/example_complex.py for tasks to queue
[2023-09-29T18:17:54.033+0000] {logging_mixin.py:151} INFO - [2023-09-29T18:17:54.033+0000] {dagbag.py:539} INFO - Filling up the DagBag from /home/airflow/.local/lib/python3.8/site-packages/airflow/example_dags/example_complex.py
[2023-09-29T18:17:54.045+0000] {processor.py:839} INFO - DAG(s) dict_keys(['example_complex']) retrieved from /home/airflow/.local/lib/python3.8/site-packages/airflow/example_dags/example_complex.py
[2023-09-29T18:17:54.074+0000] {logging_mixin.py:151} INFO - [2023-09-29T18:17:54.074+0000] {dag.py:2915} INFO - Sync 1 DAGs
[2023-09-29T18:17:54.083+0000] {logging_mixin.py:151} INFO - [2023-09-29T18:17:54.083+0000] {dag.py:3696} INFO - Setting next_dagrun for example_complex to None, run_after=None
[2023-09-29T18:17:54.096+0000] {processor.py:179} INFO - Processing /home/airflow/.local/lib/python3.8/site-packages/airflow/example_dags/example_complex.py took 0.071 seconds
[2023-09-29T18:18:24.632+0000] {processor.py:157} INFO - Started process (PID=1248) to work on /home/airflow/.local/lib/python3.8/site-packages/airflow/example_dags/example_complex.py
[2023-09-29T18:18:24.633+0000] {processor.py:829} INFO - Processing file /home/airflow/.local/lib/python3.8/site-packages/airflow/example_dags/example_complex.py for tasks to queue
[2023-09-29T18:18:24.636+0000] {logging_mixin.py:151} INFO - [2023-09-29T18:18:24.636+0000] {dagbag.py:539} INFO - Filling up the DagBag from /home/airflow/.local/lib/python3.8/site-packages/airflow/example_dags/example_complex.py
[2023-09-29T18:18:24.646+0000] {processor.py:839} INFO - DAG(s) dict_keys(['example_complex']) retrieved from /home/airflow/.local/lib/python3.8/site-packages/airflow/example_dags/example_complex.py
[2023-09-29T18:18:24.676+0000] {logging_mixin.py:151} INFO - [2023-09-29T18:18:24.676+0000] {dag.py:2915} INFO - Sync 1 DAGs
[2023-09-29T18:18:24.686+0000] {logging_mixin.py:151} INFO - [2023-09-29T18:18:24.686+0000] {dag.py:3696} INFO - Setting next_dagrun for example_complex to None, run_after=None
[2023-09-29T18:18:24.698+0000] {processor.py:179} INFO - Processing /home/airflow/.local/lib/python3.8/site-packages/airflow/example_dags/example_complex.py took 0.071 seconds
[2023-09-29T18:18:55.149+0000] {processor.py:157} INFO - Started process (PID=1303) to work on /home/airflow/.local/lib/python3.8/site-packages/airflow/example_dags/example_complex.py
[2023-09-29T18:18:55.150+0000] {processor.py:829} INFO - Processing file /home/airflow/.local/lib/python3.8/site-packages/airflow/example_dags/example_complex.py for tasks to queue
[2023-09-29T18:18:55.153+0000] {logging_mixin.py:151} INFO - [2023-09-29T18:18:55.153+0000] {dagbag.py:539} INFO - Filling up the DagBag from /home/airflow/.local/lib/python3.8/site-packages/airflow/example_dags/example_complex.py
[2023-09-29T18:18:55.165+0000] {processor.py:839} INFO - DAG(s) dict_keys(['example_complex']) retrieved from /home/airflow/.local/lib/python3.8/site-packages/airflow/example_dags/example_complex.py
[2023-09-29T18:18:55.194+0000] {logging_mixin.py:151} INFO - [2023-09-29T18:18:55.194+0000] {dag.py:2915} INFO - Sync 1 DAGs
[2023-09-29T18:18:55.206+0000] {logging_mixin.py:151} INFO - [2023-09-29T18:18:55.206+0000] {dag.py:3696} INFO - Setting next_dagrun for example_complex to None, run_after=None
[2023-09-29T18:18:55.221+0000] {processor.py:179} INFO - Processing /home/airflow/.local/lib/python3.8/site-packages/airflow/example_dags/example_complex.py took 0.078 seconds
[2023-09-29T18:19:25.648+0000] {processor.py:157} INFO - Started process (PID=1358) to work on /home/airflow/.local/lib/python3.8/site-packages/airflow/example_dags/example_complex.py
[2023-09-29T18:19:25.654+0000] {processor.py:829} INFO - Processing file /home/airflow/.local/lib/python3.8/site-packages/airflow/example_dags/example_complex.py for tasks to queue
[2023-09-29T18:19:25.662+0000] {logging_mixin.py:151} INFO - [2023-09-29T18:19:25.661+0000] {dagbag.py:539} INFO - Filling up the DagBag from /home/airflow/.local/lib/python3.8/site-packages/airflow/example_dags/example_complex.py
[2023-09-29T18:19:25.679+0000] {processor.py:839} INFO - DAG(s) dict_keys(['example_complex']) retrieved from /home/airflow/.local/lib/python3.8/site-packages/airflow/example_dags/example_complex.py
[2023-09-29T18:19:25.715+0000] {logging_mixin.py:151} INFO - [2023-09-29T18:19:25.714+0000] {dag.py:2915} INFO - Sync 1 DAGs
[2023-09-29T18:19:25.741+0000] {logging_mixin.py:151} INFO - [2023-09-29T18:19:25.741+0000] {dag.py:3696} INFO - Setting next_dagrun for example_complex to None, run_after=None
[2023-09-29T18:19:25.765+0000] {processor.py:179} INFO - Processing /home/airflow/.local/lib/python3.8/site-packages/airflow/example_dags/example_complex.py took 0.124 seconds
[2023-09-29T18:19:56.220+0000] {processor.py:157} INFO - Started process (PID=1413) to work on /home/airflow/.local/lib/python3.8/site-packages/airflow/example_dags/example_complex.py
[2023-09-29T18:19:56.221+0000] {processor.py:829} INFO - Processing file /home/airflow/.local/lib/python3.8/site-packages/airflow/example_dags/example_complex.py for tasks to queue
[2023-09-29T18:19:56.224+0000] {logging_mixin.py:151} INFO - [2023-09-29T18:19:56.224+0000] {dagbag.py:539} INFO - Filling up the DagBag from /home/airflow/.local/lib/python3.8/site-packages/airflow/example_dags/example_complex.py
[2023-09-29T18:19:56.236+0000] {processor.py:839} INFO - DAG(s) dict_keys(['example_complex']) retrieved from /home/airflow/.local/lib/python3.8/site-packages/airflow/example_dags/example_complex.py
[2023-09-29T18:19:56.287+0000] {logging_mixin.py:151} INFO - [2023-09-29T18:19:56.286+0000] {dag.py:2915} INFO - Sync 1 DAGs
[2023-09-29T18:19:56.304+0000] {logging_mixin.py:151} INFO - [2023-09-29T18:19:56.304+0000] {dag.py:3696} INFO - Setting next_dagrun for example_complex to None, run_after=None
[2023-09-29T18:19:56.320+0000] {processor.py:179} INFO - Processing /home/airflow/.local/lib/python3.8/site-packages/airflow/example_dags/example_complex.py took 0.105 seconds
[2023-09-29T18:20:26.611+0000] {processor.py:157} INFO - Started process (PID=1468) to work on /home/airflow/.local/lib/python3.8/site-packages/airflow/example_dags/example_complex.py
[2023-09-29T18:20:26.612+0000] {processor.py:829} INFO - Processing file /home/airflow/.local/lib/python3.8/site-packages/airflow/example_dags/example_complex.py for tasks to queue
[2023-09-29T18:20:26.615+0000] {logging_mixin.py:151} INFO - [2023-09-29T18:20:26.615+0000] {dagbag.py:539} INFO - Filling up the DagBag from /home/airflow/.local/lib/python3.8/site-packages/airflow/example_dags/example_complex.py
[2023-09-29T18:20:26.627+0000] {processor.py:839} INFO - DAG(s) dict_keys(['example_complex']) retrieved from /home/airflow/.local/lib/python3.8/site-packages/airflow/example_dags/example_complex.py
[2023-09-29T18:20:26.655+0000] {logging_mixin.py:151} INFO - [2023-09-29T18:20:26.655+0000] {dag.py:2915} INFO - Sync 1 DAGs
[2023-09-29T18:20:26.666+0000] {logging_mixin.py:151} INFO - [2023-09-29T18:20:26.666+0000] {dag.py:3696} INFO - Setting next_dagrun for example_complex to None, run_after=None
[2023-09-29T18:20:26.680+0000] {processor.py:179} INFO - Processing /home/airflow/.local/lib/python3.8/site-packages/airflow/example_dags/example_complex.py took 0.073 seconds
[2023-09-29T18:20:57.084+0000] {processor.py:157} INFO - Started process (PID=1524) to work on /home/airflow/.local/lib/python3.8/site-packages/airflow/example_dags/example_complex.py
[2023-09-29T18:20:57.085+0000] {processor.py:829} INFO - Processing file /home/airflow/.local/lib/python3.8/site-packages/airflow/example_dags/example_complex.py for tasks to queue
[2023-09-29T18:20:57.087+0000] {logging_mixin.py:151} INFO - [2023-09-29T18:20:57.087+0000] {dagbag.py:539} INFO - Filling up the DagBag from /home/airflow/.local/lib/python3.8/site-packages/airflow/example_dags/example_complex.py
[2023-09-29T18:20:57.099+0000] {processor.py:839} INFO - DAG(s) dict_keys(['example_complex']) retrieved from /home/airflow/.local/lib/python3.8/site-packages/airflow/example_dags/example_complex.py
[2023-09-29T18:20:57.129+0000] {logging_mixin.py:151} INFO - [2023-09-29T18:20:57.129+0000] {dag.py:2915} INFO - Sync 1 DAGs
[2023-09-29T18:20:57.142+0000] {logging_mixin.py:151} INFO - [2023-09-29T18:20:57.142+0000] {dag.py:3696} INFO - Setting next_dagrun for example_complex to None, run_after=None
[2023-09-29T18:20:57.155+0000] {processor.py:179} INFO - Processing /home/airflow/.local/lib/python3.8/site-packages/airflow/example_dags/example_complex.py took 0.076 seconds
[2023-09-29T18:21:27.381+0000] {processor.py:157} INFO - Started process (PID=1579) to work on /home/airflow/.local/lib/python3.8/site-packages/airflow/example_dags/example_complex.py
[2023-09-29T18:21:27.394+0000] {processor.py:829} INFO - Processing file /home/airflow/.local/lib/python3.8/site-packages/airflow/example_dags/example_complex.py for tasks to queue
[2023-09-29T18:21:27.400+0000] {logging_mixin.py:151} INFO - [2023-09-29T18:21:27.399+0000] {dagbag.py:539} INFO - Filling up the DagBag from /home/airflow/.local/lib/python3.8/site-packages/airflow/example_dags/example_complex.py
[2023-09-29T18:21:27.428+0000] {processor.py:839} INFO - DAG(s) dict_keys(['example_complex']) retrieved from /home/airflow/.local/lib/python3.8/site-packages/airflow/example_dags/example_complex.py
[2023-09-29T18:21:27.489+0000] {logging_mixin.py:151} INFO - [2023-09-29T18:21:27.489+0000] {dag.py:2915} INFO - Sync 1 DAGs
[2023-09-29T18:21:27.547+0000] {logging_mixin.py:151} INFO - [2023-09-29T18:21:27.547+0000] {dag.py:3696} INFO - Setting next_dagrun for example_complex to None, run_after=None
[2023-09-29T18:21:27.574+0000] {processor.py:179} INFO - Processing /home/airflow/.local/lib/python3.8/site-packages/airflow/example_dags/example_complex.py took 0.199 seconds
[2023-09-29T18:21:57.944+0000] {processor.py:157} INFO - Started process (PID=1635) to work on /home/airflow/.local/lib/python3.8/site-packages/airflow/example_dags/example_complex.py
[2023-09-29T18:21:57.946+0000] {processor.py:829} INFO - Processing file /home/airflow/.local/lib/python3.8/site-packages/airflow/example_dags/example_complex.py for tasks to queue
[2023-09-29T18:21:57.948+0000] {logging_mixin.py:151} INFO - [2023-09-29T18:21:57.948+0000] {dagbag.py:539} INFO - Filling up the DagBag from /home/airflow/.local/lib/python3.8/site-packages/airflow/example_dags/example_complex.py
[2023-09-29T18:21:57.957+0000] {processor.py:839} INFO - DAG(s) dict_keys(['example_complex']) retrieved from /home/airflow/.local/lib/python3.8/site-packages/airflow/example_dags/example_complex.py
[2023-09-29T18:21:57.983+0000] {logging_mixin.py:151} INFO - [2023-09-29T18:21:57.982+0000] {dag.py:2915} INFO - Sync 1 DAGs
[2023-09-29T18:21:57.992+0000] {logging_mixin.py:151} INFO - [2023-09-29T18:21:57.992+0000] {dag.py:3696} INFO - Setting next_dagrun for example_complex to None, run_after=None
[2023-09-29T18:21:58.004+0000] {processor.py:179} INFO - Processing /home/airflow/.local/lib/python3.8/site-packages/airflow/example_dags/example_complex.py took 0.063 seconds
[2023-09-29T18:22:28.344+0000] {processor.py:157} INFO - Started process (PID=1690) to work on /home/airflow/.local/lib/python3.8/site-packages/airflow/example_dags/example_complex.py
[2023-09-29T18:22:28.345+0000] {processor.py:829} INFO - Processing file /home/airflow/.local/lib/python3.8/site-packages/airflow/example_dags/example_complex.py for tasks to queue
[2023-09-29T18:22:28.347+0000] {logging_mixin.py:151} INFO - [2023-09-29T18:22:28.347+0000] {dagbag.py:539} INFO - Filling up the DagBag from /home/airflow/.local/lib/python3.8/site-packages/airflow/example_dags/example_complex.py
[2023-09-29T18:22:28.357+0000] {processor.py:839} INFO - DAG(s) dict_keys(['example_complex']) retrieved from /home/airflow/.local/lib/python3.8/site-packages/airflow/example_dags/example_complex.py
[2023-09-29T18:22:28.381+0000] {logging_mixin.py:151} INFO - [2023-09-29T18:22:28.381+0000] {dag.py:2915} INFO - Sync 1 DAGs
[2023-09-29T18:22:28.392+0000] {logging_mixin.py:151} INFO - [2023-09-29T18:22:28.392+0000] {dag.py:3696} INFO - Setting next_dagrun for example_complex to None, run_after=None
[2023-09-29T18:22:28.404+0000] {processor.py:179} INFO - Processing /home/airflow/.local/lib/python3.8/site-packages/airflow/example_dags/example_complex.py took 0.064 seconds
[2023-09-29T18:22:58.508+0000] {processor.py:157} INFO - Started process (PID=1745) to work on /home/airflow/.local/lib/python3.8/site-packages/airflow/example_dags/example_complex.py
[2023-09-29T18:22:58.509+0000] {processor.py:829} INFO - Processing file /home/airflow/.local/lib/python3.8/site-packages/airflow/example_dags/example_complex.py for tasks to queue
[2023-09-29T18:22:58.511+0000] {logging_mixin.py:151} INFO - [2023-09-29T18:22:58.511+0000] {dagbag.py:539} INFO - Filling up the DagBag from /home/airflow/.local/lib/python3.8/site-packages/airflow/example_dags/example_complex.py
[2023-09-29T18:22:58.519+0000] {processor.py:839} INFO - DAG(s) dict_keys(['example_complex']) retrieved from /home/airflow/.local/lib/python3.8/site-packages/airflow/example_dags/example_complex.py
[2023-09-29T18:22:58.545+0000] {logging_mixin.py:151} INFO - [2023-09-29T18:22:58.545+0000] {dag.py:2915} INFO - Sync 1 DAGs
[2023-09-29T18:22:58.554+0000] {logging_mixin.py:151} INFO - [2023-09-29T18:22:58.554+0000] {dag.py:3696} INFO - Setting next_dagrun for example_complex to None, run_after=None
[2023-09-29T18:22:58.566+0000] {processor.py:179} INFO - Processing /home/airflow/.local/lib/python3.8/site-packages/airflow/example_dags/example_complex.py took 0.061 seconds
[2023-09-29T18:23:28.596+0000] {processor.py:157} INFO - Started process (PID=1798) to work on /home/airflow/.local/lib/python3.8/site-packages/airflow/example_dags/example_complex.py
[2023-09-29T18:23:28.597+0000] {processor.py:829} INFO - Processing file /home/airflow/.local/lib/python3.8/site-packages/airflow/example_dags/example_complex.py for tasks to queue
[2023-09-29T18:23:28.599+0000] {logging_mixin.py:151} INFO - [2023-09-29T18:23:28.599+0000] {dagbag.py:539} INFO - Filling up the DagBag from /home/airflow/.local/lib/python3.8/site-packages/airflow/example_dags/example_complex.py
[2023-09-29T18:23:28.610+0000] {processor.py:839} INFO - DAG(s) dict_keys(['example_complex']) retrieved from /home/airflow/.local/lib/python3.8/site-packages/airflow/example_dags/example_complex.py
[2023-09-29T18:23:28.637+0000] {logging_mixin.py:151} INFO - [2023-09-29T18:23:28.637+0000] {dag.py:2915} INFO - Sync 1 DAGs
[2023-09-29T18:23:28.649+0000] {logging_mixin.py:151} INFO - [2023-09-29T18:23:28.648+0000] {dag.py:3696} INFO - Setting next_dagrun for example_complex to None, run_after=None
[2023-09-29T18:23:28.672+0000] {processor.py:179} INFO - Processing /home/airflow/.local/lib/python3.8/site-packages/airflow/example_dags/example_complex.py took 0.079 seconds
[2023-09-29T18:23:58.781+0000] {processor.py:157} INFO - Started process (PID=1853) to work on /home/airflow/.local/lib/python3.8/site-packages/airflow/example_dags/example_complex.py
[2023-09-29T18:23:58.782+0000] {processor.py:829} INFO - Processing file /home/airflow/.local/lib/python3.8/site-packages/airflow/example_dags/example_complex.py for tasks to queue
[2023-09-29T18:23:58.784+0000] {logging_mixin.py:151} INFO - [2023-09-29T18:23:58.784+0000] {dagbag.py:539} INFO - Filling up the DagBag from /home/airflow/.local/lib/python3.8/site-packages/airflow/example_dags/example_complex.py
[2023-09-29T18:23:58.792+0000] {processor.py:839} INFO - DAG(s) dict_keys(['example_complex']) retrieved from /home/airflow/.local/lib/python3.8/site-packages/airflow/example_dags/example_complex.py
[2023-09-29T18:23:58.817+0000] {logging_mixin.py:151} INFO - [2023-09-29T18:23:58.817+0000] {dag.py:2915} INFO - Sync 1 DAGs
[2023-09-29T18:23:58.834+0000] {logging_mixin.py:151} INFO - [2023-09-29T18:23:58.834+0000] {dag.py:3696} INFO - Setting next_dagrun for example_complex to None, run_after=None
[2023-09-29T18:23:58.864+0000] {processor.py:179} INFO - Processing /home/airflow/.local/lib/python3.8/site-packages/airflow/example_dags/example_complex.py took 0.087 seconds
[2023-09-29T18:24:29.083+0000] {processor.py:157} INFO - Started process (PID=1908) to work on /home/airflow/.local/lib/python3.8/site-packages/airflow/example_dags/example_complex.py
[2023-09-29T18:24:29.085+0000] {processor.py:829} INFO - Processing file /home/airflow/.local/lib/python3.8/site-packages/airflow/example_dags/example_complex.py for tasks to queue
[2023-09-29T18:24:29.089+0000] {logging_mixin.py:151} INFO - [2023-09-29T18:24:29.089+0000] {dagbag.py:539} INFO - Filling up the DagBag from /home/airflow/.local/lib/python3.8/site-packages/airflow/example_dags/example_complex.py
[2023-09-29T18:24:29.120+0000] {processor.py:839} INFO - DAG(s) dict_keys(['example_complex']) retrieved from /home/airflow/.local/lib/python3.8/site-packages/airflow/example_dags/example_complex.py
[2023-09-29T18:24:29.157+0000] {logging_mixin.py:151} INFO - [2023-09-29T18:24:29.157+0000] {dag.py:2915} INFO - Sync 1 DAGs
[2023-09-29T18:24:29.167+0000] {logging_mixin.py:151} INFO - [2023-09-29T18:24:29.167+0000] {dag.py:3696} INFO - Setting next_dagrun for example_complex to None, run_after=None
[2023-09-29T18:24:29.188+0000] {processor.py:179} INFO - Processing /home/airflow/.local/lib/python3.8/site-packages/airflow/example_dags/example_complex.py took 0.110 seconds
[2023-09-29T18:24:59.376+0000] {processor.py:157} INFO - Started process (PID=1963) to work on /home/airflow/.local/lib/python3.8/site-packages/airflow/example_dags/example_complex.py
[2023-09-29T18:24:59.379+0000] {processor.py:829} INFO - Processing file /home/airflow/.local/lib/python3.8/site-packages/airflow/example_dags/example_complex.py for tasks to queue
[2023-09-29T18:24:59.393+0000] {logging_mixin.py:151} INFO - [2023-09-29T18:24:59.392+0000] {dagbag.py:539} INFO - Filling up the DagBag from /home/airflow/.local/lib/python3.8/site-packages/airflow/example_dags/example_complex.py
[2023-09-29T18:24:59.411+0000] {processor.py:839} INFO - DAG(s) dict_keys(['example_complex']) retrieved from /home/airflow/.local/lib/python3.8/site-packages/airflow/example_dags/example_complex.py
[2023-09-29T18:24:59.464+0000] {logging_mixin.py:151} INFO - [2023-09-29T18:24:59.464+0000] {dag.py:2915} INFO - Sync 1 DAGs
[2023-09-29T18:24:59.484+0000] {logging_mixin.py:151} INFO - [2023-09-29T18:24:59.483+0000] {dag.py:3696} INFO - Setting next_dagrun for example_complex to None, run_after=None
[2023-09-29T18:24:59.503+0000] {processor.py:179} INFO - Processing /home/airflow/.local/lib/python3.8/site-packages/airflow/example_dags/example_complex.py took 0.135 seconds
