[2023-09-29T18:07:12.345+0000] {processor.py:157} INFO - Started process (PID=36) to work on /home/airflow/.local/lib/python3.8/site-packages/airflow/example_dags/example_sensors.py
[2023-09-29T18:07:12.346+0000] {processor.py:829} INFO - Processing file /home/airflow/.local/lib/python3.8/site-packages/airflow/example_dags/example_sensors.py for tasks to queue
[2023-09-29T18:07:12.351+0000] {logging_mixin.py:151} INFO - [2023-09-29T18:07:12.351+0000] {dagbag.py:539} INFO - Filling up the DagBag from /home/airflow/.local/lib/python3.8/site-packages/airflow/example_dags/example_sensors.py
[2023-09-29T18:07:12.371+0000] {processor.py:839} INFO - DAG(s) dict_keys(['example_sensors']) retrieved from /home/airflow/.local/lib/python3.8/site-packages/airflow/example_dags/example_sensors.py
[2023-09-29T18:07:12.403+0000] {logging_mixin.py:151} INFO - [2023-09-29T18:07:12.403+0000] {dag.py:2915} INFO - Sync 1 DAGs
[2023-09-29T18:07:12.423+0000] {logging_mixin.py:151} INFO - [2023-09-29T18:07:12.423+0000] {dag.py:3696} INFO - Setting next_dagrun for example_sensors to None, run_after=None
[2023-09-29T18:07:12.481+0000] {processor.py:179} INFO - Processing /home/airflow/.local/lib/python3.8/site-packages/airflow/example_dags/example_sensors.py took 0.141 seconds
[2023-09-29T18:07:45.091+0000] {processor.py:157} INFO - Started process (PID=95) to work on /home/airflow/.local/lib/python3.8/site-packages/airflow/example_dags/example_sensors.py
[2023-09-29T18:07:45.110+0000] {processor.py:829} INFO - Processing file /home/airflow/.local/lib/python3.8/site-packages/airflow/example_dags/example_sensors.py for tasks to queue
[2023-09-29T18:07:45.142+0000] {logging_mixin.py:151} INFO - [2023-09-29T18:07:45.141+0000] {dagbag.py:539} INFO - Filling up the DagBag from /home/airflow/.local/lib/python3.8/site-packages/airflow/example_dags/example_sensors.py
[2023-09-29T18:07:45.165+0000] {processor.py:839} INFO - DAG(s) dict_keys(['example_sensors']) retrieved from /home/airflow/.local/lib/python3.8/site-packages/airflow/example_dags/example_sensors.py
[2023-09-29T18:07:45.288+0000] {logging_mixin.py:151} INFO - [2023-09-29T18:07:45.288+0000] {dag.py:2915} INFO - Sync 1 DAGs
[2023-09-29T18:07:45.327+0000] {logging_mixin.py:151} INFO - [2023-09-29T18:07:45.326+0000] {dag.py:3696} INFO - Setting next_dagrun for example_sensors to None, run_after=None
[2023-09-29T18:07:45.537+0000] {processor.py:179} INFO - Processing /home/airflow/.local/lib/python3.8/site-packages/airflow/example_dags/example_sensors.py took 0.453 seconds
[2023-09-29T18:08:16.335+0000] {processor.py:157} INFO - Started process (PID=149) to work on /home/airflow/.local/lib/python3.8/site-packages/airflow/example_dags/example_sensors.py
[2023-09-29T18:08:16.336+0000] {processor.py:829} INFO - Processing file /home/airflow/.local/lib/python3.8/site-packages/airflow/example_dags/example_sensors.py for tasks to queue
[2023-09-29T18:08:16.338+0000] {logging_mixin.py:151} INFO - [2023-09-29T18:08:16.338+0000] {dagbag.py:539} INFO - Filling up the DagBag from /home/airflow/.local/lib/python3.8/site-packages/airflow/example_dags/example_sensors.py
[2023-09-29T18:08:16.348+0000] {processor.py:839} INFO - DAG(s) dict_keys(['example_sensors']) retrieved from /home/airflow/.local/lib/python3.8/site-packages/airflow/example_dags/example_sensors.py
[2023-09-29T18:08:16.369+0000] {logging_mixin.py:151} INFO - [2023-09-29T18:08:16.369+0000] {dag.py:2915} INFO - Sync 1 DAGs
[2023-09-29T18:08:16.378+0000] {logging_mixin.py:151} INFO - [2023-09-29T18:08:16.378+0000] {dag.py:3696} INFO - Setting next_dagrun for example_sensors to None, run_after=None
[2023-09-29T18:08:16.395+0000] {processor.py:179} INFO - Processing /home/airflow/.local/lib/python3.8/site-packages/airflow/example_dags/example_sensors.py took 0.063 seconds
[2023-09-29T18:08:47.032+0000] {processor.py:157} INFO - Started process (PID=204) to work on /home/airflow/.local/lib/python3.8/site-packages/airflow/example_dags/example_sensors.py
[2023-09-29T18:08:47.034+0000] {processor.py:829} INFO - Processing file /home/airflow/.local/lib/python3.8/site-packages/airflow/example_dags/example_sensors.py for tasks to queue
[2023-09-29T18:08:47.036+0000] {logging_mixin.py:151} INFO - [2023-09-29T18:08:47.036+0000] {dagbag.py:539} INFO - Filling up the DagBag from /home/airflow/.local/lib/python3.8/site-packages/airflow/example_dags/example_sensors.py
[2023-09-29T18:08:47.045+0000] {processor.py:839} INFO - DAG(s) dict_keys(['example_sensors']) retrieved from /home/airflow/.local/lib/python3.8/site-packages/airflow/example_dags/example_sensors.py
[2023-09-29T18:08:47.076+0000] {logging_mixin.py:151} INFO - [2023-09-29T18:08:47.076+0000] {dag.py:2915} INFO - Sync 1 DAGs
[2023-09-29T18:08:47.090+0000] {logging_mixin.py:151} INFO - [2023-09-29T18:08:47.090+0000] {dag.py:3696} INFO - Setting next_dagrun for example_sensors to None, run_after=None
[2023-09-29T18:08:47.111+0000] {processor.py:179} INFO - Processing /home/airflow/.local/lib/python3.8/site-packages/airflow/example_dags/example_sensors.py took 0.082 seconds
[2023-09-29T18:09:17.629+0000] {processor.py:157} INFO - Started process (PID=259) to work on /home/airflow/.local/lib/python3.8/site-packages/airflow/example_dags/example_sensors.py
[2023-09-29T18:09:17.630+0000] {processor.py:829} INFO - Processing file /home/airflow/.local/lib/python3.8/site-packages/airflow/example_dags/example_sensors.py for tasks to queue
[2023-09-29T18:09:17.632+0000] {logging_mixin.py:151} INFO - [2023-09-29T18:09:17.632+0000] {dagbag.py:539} INFO - Filling up the DagBag from /home/airflow/.local/lib/python3.8/site-packages/airflow/example_dags/example_sensors.py
[2023-09-29T18:09:17.640+0000] {processor.py:839} INFO - DAG(s) dict_keys(['example_sensors']) retrieved from /home/airflow/.local/lib/python3.8/site-packages/airflow/example_dags/example_sensors.py
[2023-09-29T18:09:17.659+0000] {logging_mixin.py:151} INFO - [2023-09-29T18:09:17.659+0000] {dag.py:2915} INFO - Sync 1 DAGs
[2023-09-29T18:09:17.672+0000] {logging_mixin.py:151} INFO - [2023-09-29T18:09:17.672+0000] {dag.py:3696} INFO - Setting next_dagrun for example_sensors to None, run_after=None
[2023-09-29T18:09:17.688+0000] {processor.py:179} INFO - Processing /home/airflow/.local/lib/python3.8/site-packages/airflow/example_dags/example_sensors.py took 0.063 seconds
[2023-09-29T18:09:48.109+0000] {processor.py:157} INFO - Started process (PID=314) to work on /home/airflow/.local/lib/python3.8/site-packages/airflow/example_dags/example_sensors.py
[2023-09-29T18:09:48.110+0000] {processor.py:829} INFO - Processing file /home/airflow/.local/lib/python3.8/site-packages/airflow/example_dags/example_sensors.py for tasks to queue
[2023-09-29T18:09:48.112+0000] {logging_mixin.py:151} INFO - [2023-09-29T18:09:48.112+0000] {dagbag.py:539} INFO - Filling up the DagBag from /home/airflow/.local/lib/python3.8/site-packages/airflow/example_dags/example_sensors.py
[2023-09-29T18:09:48.120+0000] {processor.py:839} INFO - DAG(s) dict_keys(['example_sensors']) retrieved from /home/airflow/.local/lib/python3.8/site-packages/airflow/example_dags/example_sensors.py
[2023-09-29T18:09:48.140+0000] {logging_mixin.py:151} INFO - [2023-09-29T18:09:48.140+0000] {dag.py:2915} INFO - Sync 1 DAGs
[2023-09-29T18:09:48.149+0000] {logging_mixin.py:151} INFO - [2023-09-29T18:09:48.149+0000] {dag.py:3696} INFO - Setting next_dagrun for example_sensors to None, run_after=None
[2023-09-29T18:09:48.164+0000] {processor.py:179} INFO - Processing /home/airflow/.local/lib/python3.8/site-packages/airflow/example_dags/example_sensors.py took 0.058 seconds
[2023-09-29T18:10:18.673+0000] {processor.py:157} INFO - Started process (PID=369) to work on /home/airflow/.local/lib/python3.8/site-packages/airflow/example_dags/example_sensors.py
[2023-09-29T18:10:18.678+0000] {processor.py:829} INFO - Processing file /home/airflow/.local/lib/python3.8/site-packages/airflow/example_dags/example_sensors.py for tasks to queue
[2023-09-29T18:10:18.687+0000] {logging_mixin.py:151} INFO - [2023-09-29T18:10:18.686+0000] {dagbag.py:539} INFO - Filling up the DagBag from /home/airflow/.local/lib/python3.8/site-packages/airflow/example_dags/example_sensors.py
[2023-09-29T18:10:18.702+0000] {processor.py:839} INFO - DAG(s) dict_keys(['example_sensors']) retrieved from /home/airflow/.local/lib/python3.8/site-packages/airflow/example_dags/example_sensors.py
[2023-09-29T18:10:18.738+0000] {logging_mixin.py:151} INFO - [2023-09-29T18:10:18.737+0000] {dag.py:2915} INFO - Sync 1 DAGs
[2023-09-29T18:10:18.752+0000] {logging_mixin.py:151} INFO - [2023-09-29T18:10:18.752+0000] {dag.py:3696} INFO - Setting next_dagrun for example_sensors to None, run_after=None
[2023-09-29T18:10:18.769+0000] {processor.py:179} INFO - Processing /home/airflow/.local/lib/python3.8/site-packages/airflow/example_dags/example_sensors.py took 0.109 seconds
[2023-09-29T18:10:48.845+0000] {processor.py:157} INFO - Started process (PID=425) to work on /home/airflow/.local/lib/python3.8/site-packages/airflow/example_dags/example_sensors.py
[2023-09-29T18:10:48.846+0000] {processor.py:829} INFO - Processing file /home/airflow/.local/lib/python3.8/site-packages/airflow/example_dags/example_sensors.py for tasks to queue
[2023-09-29T18:10:48.848+0000] {logging_mixin.py:151} INFO - [2023-09-29T18:10:48.848+0000] {dagbag.py:539} INFO - Filling up the DagBag from /home/airflow/.local/lib/python3.8/site-packages/airflow/example_dags/example_sensors.py
[2023-09-29T18:10:48.857+0000] {processor.py:839} INFO - DAG(s) dict_keys(['example_sensors']) retrieved from /home/airflow/.local/lib/python3.8/site-packages/airflow/example_dags/example_sensors.py
[2023-09-29T18:10:48.876+0000] {logging_mixin.py:151} INFO - [2023-09-29T18:10:48.876+0000] {dag.py:2915} INFO - Sync 1 DAGs
[2023-09-29T18:10:48.885+0000] {logging_mixin.py:151} INFO - [2023-09-29T18:10:48.885+0000] {dag.py:3696} INFO - Setting next_dagrun for example_sensors to None, run_after=None
[2023-09-29T18:10:48.897+0000] {processor.py:179} INFO - Processing /home/airflow/.local/lib/python3.8/site-packages/airflow/example_dags/example_sensors.py took 0.055 seconds
[2023-09-29T18:11:19.072+0000] {processor.py:157} INFO - Started process (PID=480) to work on /home/airflow/.local/lib/python3.8/site-packages/airflow/example_dags/example_sensors.py
[2023-09-29T18:11:19.079+0000] {processor.py:829} INFO - Processing file /home/airflow/.local/lib/python3.8/site-packages/airflow/example_dags/example_sensors.py for tasks to queue
[2023-09-29T18:11:19.116+0000] {logging_mixin.py:151} INFO - [2023-09-29T18:11:19.115+0000] {dagbag.py:539} INFO - Filling up the DagBag from /home/airflow/.local/lib/python3.8/site-packages/airflow/example_dags/example_sensors.py
[2023-09-29T18:11:19.147+0000] {processor.py:839} INFO - DAG(s) dict_keys(['example_sensors']) retrieved from /home/airflow/.local/lib/python3.8/site-packages/airflow/example_dags/example_sensors.py
[2023-09-29T18:11:19.291+0000] {logging_mixin.py:151} INFO - [2023-09-29T18:11:19.291+0000] {dag.py:2915} INFO - Sync 1 DAGs
[2023-09-29T18:11:19.315+0000] {logging_mixin.py:151} INFO - [2023-09-29T18:11:19.314+0000] {dag.py:3696} INFO - Setting next_dagrun for example_sensors to None, run_after=None
[2023-09-29T18:11:19.363+0000] {processor.py:179} INFO - Processing /home/airflow/.local/lib/python3.8/site-packages/airflow/example_dags/example_sensors.py took 0.298 seconds
[2023-09-29T18:11:49.537+0000] {processor.py:157} INFO - Started process (PID=535) to work on /home/airflow/.local/lib/python3.8/site-packages/airflow/example_dags/example_sensors.py
[2023-09-29T18:11:49.539+0000] {processor.py:829} INFO - Processing file /home/airflow/.local/lib/python3.8/site-packages/airflow/example_dags/example_sensors.py for tasks to queue
[2023-09-29T18:11:49.541+0000] {logging_mixin.py:151} INFO - [2023-09-29T18:11:49.541+0000] {dagbag.py:539} INFO - Filling up the DagBag from /home/airflow/.local/lib/python3.8/site-packages/airflow/example_dags/example_sensors.py
[2023-09-29T18:11:49.557+0000] {processor.py:839} INFO - DAG(s) dict_keys(['example_sensors']) retrieved from /home/airflow/.local/lib/python3.8/site-packages/airflow/example_dags/example_sensors.py
[2023-09-29T18:11:49.589+0000] {logging_mixin.py:151} INFO - [2023-09-29T18:11:49.589+0000] {dag.py:2915} INFO - Sync 1 DAGs
[2023-09-29T18:11:49.608+0000] {logging_mixin.py:151} INFO - [2023-09-29T18:11:49.607+0000] {dag.py:3696} INFO - Setting next_dagrun for example_sensors to None, run_after=None
[2023-09-29T18:11:49.622+0000] {processor.py:179} INFO - Processing /home/airflow/.local/lib/python3.8/site-packages/airflow/example_dags/example_sensors.py took 0.089 seconds
[2023-09-29T18:12:20.256+0000] {processor.py:157} INFO - Started process (PID=590) to work on /home/airflow/.local/lib/python3.8/site-packages/airflow/example_dags/example_sensors.py
[2023-09-29T18:12:20.258+0000] {processor.py:829} INFO - Processing file /home/airflow/.local/lib/python3.8/site-packages/airflow/example_dags/example_sensors.py for tasks to queue
[2023-09-29T18:12:20.260+0000] {logging_mixin.py:151} INFO - [2023-09-29T18:12:20.260+0000] {dagbag.py:539} INFO - Filling up the DagBag from /home/airflow/.local/lib/python3.8/site-packages/airflow/example_dags/example_sensors.py
[2023-09-29T18:12:20.270+0000] {processor.py:839} INFO - DAG(s) dict_keys(['example_sensors']) retrieved from /home/airflow/.local/lib/python3.8/site-packages/airflow/example_dags/example_sensors.py
[2023-09-29T18:12:20.292+0000] {logging_mixin.py:151} INFO - [2023-09-29T18:12:20.292+0000] {dag.py:2915} INFO - Sync 1 DAGs
[2023-09-29T18:12:20.303+0000] {logging_mixin.py:151} INFO - [2023-09-29T18:12:20.303+0000] {dag.py:3696} INFO - Setting next_dagrun for example_sensors to None, run_after=None
[2023-09-29T18:12:20.316+0000] {processor.py:179} INFO - Processing /home/airflow/.local/lib/python3.8/site-packages/airflow/example_dags/example_sensors.py took 0.063 seconds
[2023-09-29T18:12:50.538+0000] {processor.py:157} INFO - Started process (PID=646) to work on /home/airflow/.local/lib/python3.8/site-packages/airflow/example_dags/example_sensors.py
[2023-09-29T18:12:50.540+0000] {processor.py:829} INFO - Processing file /home/airflow/.local/lib/python3.8/site-packages/airflow/example_dags/example_sensors.py for tasks to queue
[2023-09-29T18:12:50.542+0000] {logging_mixin.py:151} INFO - [2023-09-29T18:12:50.541+0000] {dagbag.py:539} INFO - Filling up the DagBag from /home/airflow/.local/lib/python3.8/site-packages/airflow/example_dags/example_sensors.py
[2023-09-29T18:12:50.550+0000] {processor.py:839} INFO - DAG(s) dict_keys(['example_sensors']) retrieved from /home/airflow/.local/lib/python3.8/site-packages/airflow/example_dags/example_sensors.py
[2023-09-29T18:12:50.571+0000] {logging_mixin.py:151} INFO - [2023-09-29T18:12:50.571+0000] {dag.py:2915} INFO - Sync 1 DAGs
[2023-09-29T18:12:50.582+0000] {logging_mixin.py:151} INFO - [2023-09-29T18:12:50.582+0000] {dag.py:3696} INFO - Setting next_dagrun for example_sensors to None, run_after=None
[2023-09-29T18:12:50.595+0000] {processor.py:179} INFO - Processing /home/airflow/.local/lib/python3.8/site-packages/airflow/example_dags/example_sensors.py took 0.060 seconds
[2023-09-29T18:13:21.159+0000] {processor.py:157} INFO - Started process (PID=701) to work on /home/airflow/.local/lib/python3.8/site-packages/airflow/example_dags/example_sensors.py
[2023-09-29T18:13:21.160+0000] {processor.py:829} INFO - Processing file /home/airflow/.local/lib/python3.8/site-packages/airflow/example_dags/example_sensors.py for tasks to queue
[2023-09-29T18:13:21.163+0000] {logging_mixin.py:151} INFO - [2023-09-29T18:13:21.162+0000] {dagbag.py:539} INFO - Filling up the DagBag from /home/airflow/.local/lib/python3.8/site-packages/airflow/example_dags/example_sensors.py
[2023-09-29T18:13:21.171+0000] {processor.py:839} INFO - DAG(s) dict_keys(['example_sensors']) retrieved from /home/airflow/.local/lib/python3.8/site-packages/airflow/example_dags/example_sensors.py
[2023-09-29T18:13:21.193+0000] {logging_mixin.py:151} INFO - [2023-09-29T18:13:21.193+0000] {dag.py:2915} INFO - Sync 1 DAGs
[2023-09-29T18:13:21.205+0000] {logging_mixin.py:151} INFO - [2023-09-29T18:13:21.205+0000] {dag.py:3696} INFO - Setting next_dagrun for example_sensors to None, run_after=None
[2023-09-29T18:13:21.219+0000] {processor.py:179} INFO - Processing /home/airflow/.local/lib/python3.8/site-packages/airflow/example_dags/example_sensors.py took 0.064 seconds
[2023-09-29T18:13:51.910+0000] {processor.py:157} INFO - Started process (PID=756) to work on /home/airflow/.local/lib/python3.8/site-packages/airflow/example_dags/example_sensors.py
[2023-09-29T18:13:51.911+0000] {processor.py:829} INFO - Processing file /home/airflow/.local/lib/python3.8/site-packages/airflow/example_dags/example_sensors.py for tasks to queue
[2023-09-29T18:13:51.915+0000] {logging_mixin.py:151} INFO - [2023-09-29T18:13:51.914+0000] {dagbag.py:539} INFO - Filling up the DagBag from /home/airflow/.local/lib/python3.8/site-packages/airflow/example_dags/example_sensors.py
[2023-09-29T18:13:51.928+0000] {processor.py:839} INFO - DAG(s) dict_keys(['example_sensors']) retrieved from /home/airflow/.local/lib/python3.8/site-packages/airflow/example_dags/example_sensors.py
[2023-09-29T18:13:51.967+0000] {logging_mixin.py:151} INFO - [2023-09-29T18:13:51.966+0000] {dag.py:2915} INFO - Sync 1 DAGs
[2023-09-29T18:13:51.981+0000] {logging_mixin.py:151} INFO - [2023-09-29T18:13:51.981+0000] {dag.py:3696} INFO - Setting next_dagrun for example_sensors to None, run_after=None
[2023-09-29T18:13:51.999+0000] {processor.py:179} INFO - Processing /home/airflow/.local/lib/python3.8/site-packages/airflow/example_dags/example_sensors.py took 0.096 seconds
[2023-09-29T18:14:22.175+0000] {processor.py:157} INFO - Started process (PID=810) to work on /home/airflow/.local/lib/python3.8/site-packages/airflow/example_dags/example_sensors.py
[2023-09-29T18:14:22.176+0000] {processor.py:829} INFO - Processing file /home/airflow/.local/lib/python3.8/site-packages/airflow/example_dags/example_sensors.py for tasks to queue
[2023-09-29T18:14:22.178+0000] {logging_mixin.py:151} INFO - [2023-09-29T18:14:22.178+0000] {dagbag.py:539} INFO - Filling up the DagBag from /home/airflow/.local/lib/python3.8/site-packages/airflow/example_dags/example_sensors.py
[2023-09-29T18:14:22.186+0000] {processor.py:839} INFO - DAG(s) dict_keys(['example_sensors']) retrieved from /home/airflow/.local/lib/python3.8/site-packages/airflow/example_dags/example_sensors.py
[2023-09-29T18:14:22.205+0000] {logging_mixin.py:151} INFO - [2023-09-29T18:14:22.205+0000] {dag.py:2915} INFO - Sync 1 DAGs
[2023-09-29T18:14:22.214+0000] {logging_mixin.py:151} INFO - [2023-09-29T18:14:22.214+0000] {dag.py:3696} INFO - Setting next_dagrun for example_sensors to None, run_after=None
[2023-09-29T18:14:22.227+0000] {processor.py:179} INFO - Processing /home/airflow/.local/lib/python3.8/site-packages/airflow/example_dags/example_sensors.py took 0.055 seconds
[2023-09-29T18:14:52.783+0000] {processor.py:157} INFO - Started process (PID=865) to work on /home/airflow/.local/lib/python3.8/site-packages/airflow/example_dags/example_sensors.py
[2023-09-29T18:14:52.784+0000] {processor.py:829} INFO - Processing file /home/airflow/.local/lib/python3.8/site-packages/airflow/example_dags/example_sensors.py for tasks to queue
[2023-09-29T18:14:52.786+0000] {logging_mixin.py:151} INFO - [2023-09-29T18:14:52.786+0000] {dagbag.py:539} INFO - Filling up the DagBag from /home/airflow/.local/lib/python3.8/site-packages/airflow/example_dags/example_sensors.py
[2023-09-29T18:14:52.794+0000] {processor.py:839} INFO - DAG(s) dict_keys(['example_sensors']) retrieved from /home/airflow/.local/lib/python3.8/site-packages/airflow/example_dags/example_sensors.py
[2023-09-29T18:14:52.817+0000] {logging_mixin.py:151} INFO - [2023-09-29T18:14:52.817+0000] {dag.py:2915} INFO - Sync 1 DAGs
[2023-09-29T18:14:52.830+0000] {logging_mixin.py:151} INFO - [2023-09-29T18:14:52.830+0000] {dag.py:3696} INFO - Setting next_dagrun for example_sensors to None, run_after=None
[2023-09-29T18:14:52.845+0000] {processor.py:179} INFO - Processing /home/airflow/.local/lib/python3.8/site-packages/airflow/example_dags/example_sensors.py took 0.066 seconds
[2023-09-29T18:15:23.000+0000] {processor.py:157} INFO - Started process (PID=920) to work on /home/airflow/.local/lib/python3.8/site-packages/airflow/example_dags/example_sensors.py
[2023-09-29T18:15:23.001+0000] {processor.py:829} INFO - Processing file /home/airflow/.local/lib/python3.8/site-packages/airflow/example_dags/example_sensors.py for tasks to queue
[2023-09-29T18:15:23.003+0000] {logging_mixin.py:151} INFO - [2023-09-29T18:15:23.003+0000] {dagbag.py:539} INFO - Filling up the DagBag from /home/airflow/.local/lib/python3.8/site-packages/airflow/example_dags/example_sensors.py
[2023-09-29T18:15:23.011+0000] {processor.py:839} INFO - DAG(s) dict_keys(['example_sensors']) retrieved from /home/airflow/.local/lib/python3.8/site-packages/airflow/example_dags/example_sensors.py
[2023-09-29T18:15:23.030+0000] {logging_mixin.py:151} INFO - [2023-09-29T18:15:23.030+0000] {dag.py:2915} INFO - Sync 1 DAGs
[2023-09-29T18:15:23.044+0000] {logging_mixin.py:151} INFO - [2023-09-29T18:15:23.044+0000] {dag.py:3696} INFO - Setting next_dagrun for example_sensors to None, run_after=None
[2023-09-29T18:15:23.059+0000] {processor.py:179} INFO - Processing /home/airflow/.local/lib/python3.8/site-packages/airflow/example_dags/example_sensors.py took 0.062 seconds
[2023-09-29T18:15:53.642+0000] {processor.py:157} INFO - Started process (PID=975) to work on /home/airflow/.local/lib/python3.8/site-packages/airflow/example_dags/example_sensors.py
[2023-09-29T18:15:53.644+0000] {processor.py:829} INFO - Processing file /home/airflow/.local/lib/python3.8/site-packages/airflow/example_dags/example_sensors.py for tasks to queue
[2023-09-29T18:15:53.646+0000] {logging_mixin.py:151} INFO - [2023-09-29T18:15:53.646+0000] {dagbag.py:539} INFO - Filling up the DagBag from /home/airflow/.local/lib/python3.8/site-packages/airflow/example_dags/example_sensors.py
[2023-09-29T18:15:53.654+0000] {processor.py:839} INFO - DAG(s) dict_keys(['example_sensors']) retrieved from /home/airflow/.local/lib/python3.8/site-packages/airflow/example_dags/example_sensors.py
[2023-09-29T18:15:53.672+0000] {logging_mixin.py:151} INFO - [2023-09-29T18:15:53.672+0000] {dag.py:2915} INFO - Sync 1 DAGs
[2023-09-29T18:15:53.681+0000] {logging_mixin.py:151} INFO - [2023-09-29T18:15:53.681+0000] {dag.py:3696} INFO - Setting next_dagrun for example_sensors to None, run_after=None
[2023-09-29T18:15:53.699+0000] {processor.py:179} INFO - Processing /home/airflow/.local/lib/python3.8/site-packages/airflow/example_dags/example_sensors.py took 0.060 seconds
[2023-09-29T18:16:23.958+0000] {processor.py:157} INFO - Started process (PID=1030) to work on /home/airflow/.local/lib/python3.8/site-packages/airflow/example_dags/example_sensors.py
[2023-09-29T18:16:23.960+0000] {processor.py:829} INFO - Processing file /home/airflow/.local/lib/python3.8/site-packages/airflow/example_dags/example_sensors.py for tasks to queue
[2023-09-29T18:16:23.962+0000] {logging_mixin.py:151} INFO - [2023-09-29T18:16:23.962+0000] {dagbag.py:539} INFO - Filling up the DagBag from /home/airflow/.local/lib/python3.8/site-packages/airflow/example_dags/example_sensors.py
[2023-09-29T18:16:23.970+0000] {processor.py:839} INFO - DAG(s) dict_keys(['example_sensors']) retrieved from /home/airflow/.local/lib/python3.8/site-packages/airflow/example_dags/example_sensors.py
[2023-09-29T18:16:23.989+0000] {logging_mixin.py:151} INFO - [2023-09-29T18:16:23.989+0000] {dag.py:2915} INFO - Sync 1 DAGs
[2023-09-29T18:16:23.998+0000] {logging_mixin.py:151} INFO - [2023-09-29T18:16:23.998+0000] {dag.py:3696} INFO - Setting next_dagrun for example_sensors to None, run_after=None
[2023-09-29T18:16:24.011+0000] {processor.py:179} INFO - Processing /home/airflow/.local/lib/python3.8/site-packages/airflow/example_dags/example_sensors.py took 0.056 seconds
[2023-09-29T18:16:54.388+0000] {processor.py:157} INFO - Started process (PID=1085) to work on /home/airflow/.local/lib/python3.8/site-packages/airflow/example_dags/example_sensors.py
[2023-09-29T18:16:54.391+0000] {processor.py:829} INFO - Processing file /home/airflow/.local/lib/python3.8/site-packages/airflow/example_dags/example_sensors.py for tasks to queue
[2023-09-29T18:16:54.394+0000] {logging_mixin.py:151} INFO - [2023-09-29T18:16:54.394+0000] {dagbag.py:539} INFO - Filling up the DagBag from /home/airflow/.local/lib/python3.8/site-packages/airflow/example_dags/example_sensors.py
[2023-09-29T18:16:54.408+0000] {processor.py:839} INFO - DAG(s) dict_keys(['example_sensors']) retrieved from /home/airflow/.local/lib/python3.8/site-packages/airflow/example_dags/example_sensors.py
[2023-09-29T18:16:54.441+0000] {logging_mixin.py:151} INFO - [2023-09-29T18:16:54.441+0000] {dag.py:2915} INFO - Sync 1 DAGs
[2023-09-29T18:16:54.453+0000] {logging_mixin.py:151} INFO - [2023-09-29T18:16:54.453+0000] {dag.py:3696} INFO - Setting next_dagrun for example_sensors to None, run_after=None
[2023-09-29T18:16:54.478+0000] {processor.py:179} INFO - Processing /home/airflow/.local/lib/python3.8/site-packages/airflow/example_dags/example_sensors.py took 0.094 seconds
[2023-09-29T18:17:24.733+0000] {processor.py:157} INFO - Started process (PID=1141) to work on /home/airflow/.local/lib/python3.8/site-packages/airflow/example_dags/example_sensors.py
[2023-09-29T18:17:24.734+0000] {processor.py:829} INFO - Processing file /home/airflow/.local/lib/python3.8/site-packages/airflow/example_dags/example_sensors.py for tasks to queue
[2023-09-29T18:17:24.736+0000] {logging_mixin.py:151} INFO - [2023-09-29T18:17:24.736+0000] {dagbag.py:539} INFO - Filling up the DagBag from /home/airflow/.local/lib/python3.8/site-packages/airflow/example_dags/example_sensors.py
[2023-09-29T18:17:24.746+0000] {processor.py:839} INFO - DAG(s) dict_keys(['example_sensors']) retrieved from /home/airflow/.local/lib/python3.8/site-packages/airflow/example_dags/example_sensors.py
[2023-09-29T18:17:24.771+0000] {logging_mixin.py:151} INFO - [2023-09-29T18:17:24.770+0000] {dag.py:2915} INFO - Sync 1 DAGs
[2023-09-29T18:17:24.789+0000] {logging_mixin.py:151} INFO - [2023-09-29T18:17:24.789+0000] {dag.py:3696} INFO - Setting next_dagrun for example_sensors to None, run_after=None
[2023-09-29T18:17:24.811+0000] {processor.py:179} INFO - Processing /home/airflow/.local/lib/python3.8/site-packages/airflow/example_dags/example_sensors.py took 0.082 seconds
[2023-09-29T18:17:55.184+0000] {processor.py:157} INFO - Started process (PID=1196) to work on /home/airflow/.local/lib/python3.8/site-packages/airflow/example_dags/example_sensors.py
[2023-09-29T18:17:55.186+0000] {processor.py:829} INFO - Processing file /home/airflow/.local/lib/python3.8/site-packages/airflow/example_dags/example_sensors.py for tasks to queue
[2023-09-29T18:17:55.188+0000] {logging_mixin.py:151} INFO - [2023-09-29T18:17:55.188+0000] {dagbag.py:539} INFO - Filling up the DagBag from /home/airflow/.local/lib/python3.8/site-packages/airflow/example_dags/example_sensors.py
[2023-09-29T18:17:55.198+0000] {processor.py:839} INFO - DAG(s) dict_keys(['example_sensors']) retrieved from /home/airflow/.local/lib/python3.8/site-packages/airflow/example_dags/example_sensors.py
[2023-09-29T18:17:55.220+0000] {logging_mixin.py:151} INFO - [2023-09-29T18:17:55.219+0000] {dag.py:2915} INFO - Sync 1 DAGs
[2023-09-29T18:17:55.231+0000] {logging_mixin.py:151} INFO - [2023-09-29T18:17:55.231+0000] {dag.py:3696} INFO - Setting next_dagrun for example_sensors to None, run_after=None
[2023-09-29T18:17:55.243+0000] {processor.py:179} INFO - Processing /home/airflow/.local/lib/python3.8/site-packages/airflow/example_dags/example_sensors.py took 0.063 seconds
[2023-09-29T18:18:25.793+0000] {processor.py:157} INFO - Started process (PID=1251) to work on /home/airflow/.local/lib/python3.8/site-packages/airflow/example_dags/example_sensors.py
[2023-09-29T18:18:25.794+0000] {processor.py:829} INFO - Processing file /home/airflow/.local/lib/python3.8/site-packages/airflow/example_dags/example_sensors.py for tasks to queue
[2023-09-29T18:18:25.796+0000] {logging_mixin.py:151} INFO - [2023-09-29T18:18:25.796+0000] {dagbag.py:539} INFO - Filling up the DagBag from /home/airflow/.local/lib/python3.8/site-packages/airflow/example_dags/example_sensors.py
[2023-09-29T18:18:25.805+0000] {processor.py:839} INFO - DAG(s) dict_keys(['example_sensors']) retrieved from /home/airflow/.local/lib/python3.8/site-packages/airflow/example_dags/example_sensors.py
[2023-09-29T18:18:25.823+0000] {logging_mixin.py:151} INFO - [2023-09-29T18:18:25.822+0000] {dag.py:2915} INFO - Sync 1 DAGs
[2023-09-29T18:18:25.832+0000] {logging_mixin.py:151} INFO - [2023-09-29T18:18:25.832+0000] {dag.py:3696} INFO - Setting next_dagrun for example_sensors to None, run_after=None
[2023-09-29T18:18:25.846+0000] {processor.py:179} INFO - Processing /home/airflow/.local/lib/python3.8/site-packages/airflow/example_dags/example_sensors.py took 0.056 seconds
[2023-09-29T18:18:56.307+0000] {processor.py:157} INFO - Started process (PID=1306) to work on /home/airflow/.local/lib/python3.8/site-packages/airflow/example_dags/example_sensors.py
[2023-09-29T18:18:56.308+0000] {processor.py:829} INFO - Processing file /home/airflow/.local/lib/python3.8/site-packages/airflow/example_dags/example_sensors.py for tasks to queue
[2023-09-29T18:18:56.310+0000] {logging_mixin.py:151} INFO - [2023-09-29T18:18:56.310+0000] {dagbag.py:539} INFO - Filling up the DagBag from /home/airflow/.local/lib/python3.8/site-packages/airflow/example_dags/example_sensors.py
[2023-09-29T18:18:56.319+0000] {processor.py:839} INFO - DAG(s) dict_keys(['example_sensors']) retrieved from /home/airflow/.local/lib/python3.8/site-packages/airflow/example_dags/example_sensors.py
[2023-09-29T18:18:56.338+0000] {logging_mixin.py:151} INFO - [2023-09-29T18:18:56.338+0000] {dag.py:2915} INFO - Sync 1 DAGs
[2023-09-29T18:18:56.348+0000] {logging_mixin.py:151} INFO - [2023-09-29T18:18:56.348+0000] {dag.py:3696} INFO - Setting next_dagrun for example_sensors to None, run_after=None
[2023-09-29T18:18:56.361+0000] {processor.py:179} INFO - Processing /home/airflow/.local/lib/python3.8/site-packages/airflow/example_dags/example_sensors.py took 0.057 seconds
[2023-09-29T18:19:26.849+0000] {processor.py:157} INFO - Started process (PID=1361) to work on /home/airflow/.local/lib/python3.8/site-packages/airflow/example_dags/example_sensors.py
[2023-09-29T18:19:26.850+0000] {processor.py:829} INFO - Processing file /home/airflow/.local/lib/python3.8/site-packages/airflow/example_dags/example_sensors.py for tasks to queue
[2023-09-29T18:19:26.852+0000] {logging_mixin.py:151} INFO - [2023-09-29T18:19:26.852+0000] {dagbag.py:539} INFO - Filling up the DagBag from /home/airflow/.local/lib/python3.8/site-packages/airflow/example_dags/example_sensors.py
[2023-09-29T18:19:26.862+0000] {processor.py:839} INFO - DAG(s) dict_keys(['example_sensors']) retrieved from /home/airflow/.local/lib/python3.8/site-packages/airflow/example_dags/example_sensors.py
[2023-09-29T18:19:26.884+0000] {logging_mixin.py:151} INFO - [2023-09-29T18:19:26.884+0000] {dag.py:2915} INFO - Sync 1 DAGs
[2023-09-29T18:19:26.895+0000] {logging_mixin.py:151} INFO - [2023-09-29T18:19:26.895+0000] {dag.py:3696} INFO - Setting next_dagrun for example_sensors to None, run_after=None
[2023-09-29T18:19:26.909+0000] {processor.py:179} INFO - Processing /home/airflow/.local/lib/python3.8/site-packages/airflow/example_dags/example_sensors.py took 0.064 seconds
[2023-09-29T18:19:57.395+0000] {processor.py:157} INFO - Started process (PID=1416) to work on /home/airflow/.local/lib/python3.8/site-packages/airflow/example_dags/example_sensors.py
[2023-09-29T18:19:57.396+0000] {processor.py:829} INFO - Processing file /home/airflow/.local/lib/python3.8/site-packages/airflow/example_dags/example_sensors.py for tasks to queue
[2023-09-29T18:19:57.398+0000] {logging_mixin.py:151} INFO - [2023-09-29T18:19:57.398+0000] {dagbag.py:539} INFO - Filling up the DagBag from /home/airflow/.local/lib/python3.8/site-packages/airflow/example_dags/example_sensors.py
[2023-09-29T18:19:57.408+0000] {processor.py:839} INFO - DAG(s) dict_keys(['example_sensors']) retrieved from /home/airflow/.local/lib/python3.8/site-packages/airflow/example_dags/example_sensors.py
[2023-09-29T18:19:57.434+0000] {logging_mixin.py:151} INFO - [2023-09-29T18:19:57.434+0000] {dag.py:2915} INFO - Sync 1 DAGs
[2023-09-29T18:19:57.446+0000] {logging_mixin.py:151} INFO - [2023-09-29T18:19:57.446+0000] {dag.py:3696} INFO - Setting next_dagrun for example_sensors to None, run_after=None
[2023-09-29T18:19:57.466+0000] {processor.py:179} INFO - Processing /home/airflow/.local/lib/python3.8/site-packages/airflow/example_dags/example_sensors.py took 0.075 seconds
[2023-09-29T18:20:27.785+0000] {processor.py:157} INFO - Started process (PID=1471) to work on /home/airflow/.local/lib/python3.8/site-packages/airflow/example_dags/example_sensors.py
[2023-09-29T18:20:27.787+0000] {processor.py:829} INFO - Processing file /home/airflow/.local/lib/python3.8/site-packages/airflow/example_dags/example_sensors.py for tasks to queue
[2023-09-29T18:20:27.791+0000] {logging_mixin.py:151} INFO - [2023-09-29T18:20:27.791+0000] {dagbag.py:539} INFO - Filling up the DagBag from /home/airflow/.local/lib/python3.8/site-packages/airflow/example_dags/example_sensors.py
[2023-09-29T18:20:27.807+0000] {processor.py:839} INFO - DAG(s) dict_keys(['example_sensors']) retrieved from /home/airflow/.local/lib/python3.8/site-packages/airflow/example_dags/example_sensors.py
[2023-09-29T18:20:27.840+0000] {logging_mixin.py:151} INFO - [2023-09-29T18:20:27.840+0000] {dag.py:2915} INFO - Sync 1 DAGs
[2023-09-29T18:20:27.870+0000] {logging_mixin.py:151} INFO - [2023-09-29T18:20:27.869+0000] {dag.py:3696} INFO - Setting next_dagrun for example_sensors to None, run_after=None
[2023-09-29T18:20:27.894+0000] {processor.py:179} INFO - Processing /home/airflow/.local/lib/python3.8/site-packages/airflow/example_dags/example_sensors.py took 0.114 seconds
[2023-09-29T18:20:58.233+0000] {processor.py:157} INFO - Started process (PID=1527) to work on /home/airflow/.local/lib/python3.8/site-packages/airflow/example_dags/example_sensors.py
[2023-09-29T18:20:58.234+0000] {processor.py:829} INFO - Processing file /home/airflow/.local/lib/python3.8/site-packages/airflow/example_dags/example_sensors.py for tasks to queue
[2023-09-29T18:20:58.237+0000] {logging_mixin.py:151} INFO - [2023-09-29T18:20:58.237+0000] {dagbag.py:539} INFO - Filling up the DagBag from /home/airflow/.local/lib/python3.8/site-packages/airflow/example_dags/example_sensors.py
[2023-09-29T18:20:58.249+0000] {processor.py:839} INFO - DAG(s) dict_keys(['example_sensors']) retrieved from /home/airflow/.local/lib/python3.8/site-packages/airflow/example_dags/example_sensors.py
[2023-09-29T18:20:58.270+0000] {logging_mixin.py:151} INFO - [2023-09-29T18:20:58.270+0000] {dag.py:2915} INFO - Sync 1 DAGs
[2023-09-29T18:20:58.284+0000] {logging_mixin.py:151} INFO - [2023-09-29T18:20:58.284+0000] {dag.py:3696} INFO - Setting next_dagrun for example_sensors to None, run_after=None
[2023-09-29T18:20:58.298+0000] {processor.py:179} INFO - Processing /home/airflow/.local/lib/python3.8/site-packages/airflow/example_dags/example_sensors.py took 0.068 seconds
[2023-09-29T18:21:29.054+0000] {processor.py:157} INFO - Started process (PID=1582) to work on /home/airflow/.local/lib/python3.8/site-packages/airflow/example_dags/example_sensors.py
[2023-09-29T18:21:29.057+0000] {processor.py:829} INFO - Processing file /home/airflow/.local/lib/python3.8/site-packages/airflow/example_dags/example_sensors.py for tasks to queue
[2023-09-29T18:21:29.073+0000] {logging_mixin.py:151} INFO - [2023-09-29T18:21:29.072+0000] {dagbag.py:539} INFO - Filling up the DagBag from /home/airflow/.local/lib/python3.8/site-packages/airflow/example_dags/example_sensors.py
[2023-09-29T18:21:29.111+0000] {processor.py:839} INFO - DAG(s) dict_keys(['example_sensors']) retrieved from /home/airflow/.local/lib/python3.8/site-packages/airflow/example_dags/example_sensors.py
[2023-09-29T18:21:29.263+0000] {logging_mixin.py:151} INFO - [2023-09-29T18:21:29.263+0000] {dag.py:2915} INFO - Sync 1 DAGs
[2023-09-29T18:21:29.315+0000] {logging_mixin.py:151} INFO - [2023-09-29T18:21:29.315+0000] {dag.py:3696} INFO - Setting next_dagrun for example_sensors to None, run_after=None
[2023-09-29T18:21:29.363+0000] {processor.py:179} INFO - Processing /home/airflow/.local/lib/python3.8/site-packages/airflow/example_dags/example_sensors.py took 0.362 seconds
[2023-09-29T18:22:00.129+0000] {processor.py:157} INFO - Started process (PID=1638) to work on /home/airflow/.local/lib/python3.8/site-packages/airflow/example_dags/example_sensors.py
[2023-09-29T18:22:00.131+0000] {processor.py:829} INFO - Processing file /home/airflow/.local/lib/python3.8/site-packages/airflow/example_dags/example_sensors.py for tasks to queue
[2023-09-29T18:22:00.134+0000] {logging_mixin.py:151} INFO - [2023-09-29T18:22:00.134+0000] {dagbag.py:539} INFO - Filling up the DagBag from /home/airflow/.local/lib/python3.8/site-packages/airflow/example_dags/example_sensors.py
[2023-09-29T18:22:00.153+0000] {processor.py:839} INFO - DAG(s) dict_keys(['example_sensors']) retrieved from /home/airflow/.local/lib/python3.8/site-packages/airflow/example_dags/example_sensors.py
[2023-09-29T18:22:00.189+0000] {logging_mixin.py:151} INFO - [2023-09-29T18:22:00.188+0000] {dag.py:2915} INFO - Sync 1 DAGs
[2023-09-29T18:22:00.203+0000] {logging_mixin.py:151} INFO - [2023-09-29T18:22:00.203+0000] {dag.py:3696} INFO - Setting next_dagrun for example_sensors to None, run_after=None
[2023-09-29T18:22:00.220+0000] {processor.py:179} INFO - Processing /home/airflow/.local/lib/python3.8/site-packages/airflow/example_dags/example_sensors.py took 0.103 seconds
[2023-09-29T18:22:30.524+0000] {processor.py:157} INFO - Started process (PID=1693) to work on /home/airflow/.local/lib/python3.8/site-packages/airflow/example_dags/example_sensors.py
[2023-09-29T18:22:30.525+0000] {processor.py:829} INFO - Processing file /home/airflow/.local/lib/python3.8/site-packages/airflow/example_dags/example_sensors.py for tasks to queue
[2023-09-29T18:22:30.528+0000] {logging_mixin.py:151} INFO - [2023-09-29T18:22:30.527+0000] {dagbag.py:539} INFO - Filling up the DagBag from /home/airflow/.local/lib/python3.8/site-packages/airflow/example_dags/example_sensors.py
[2023-09-29T18:22:30.542+0000] {processor.py:839} INFO - DAG(s) dict_keys(['example_sensors']) retrieved from /home/airflow/.local/lib/python3.8/site-packages/airflow/example_dags/example_sensors.py
[2023-09-29T18:22:30.583+0000] {logging_mixin.py:151} INFO - [2023-09-29T18:22:30.583+0000] {dag.py:2915} INFO - Sync 1 DAGs
[2023-09-29T18:22:30.597+0000] {logging_mixin.py:151} INFO - [2023-09-29T18:22:30.597+0000] {dag.py:3696} INFO - Setting next_dagrun for example_sensors to None, run_after=None
[2023-09-29T18:22:30.612+0000] {processor.py:179} INFO - Processing /home/airflow/.local/lib/python3.8/site-packages/airflow/example_dags/example_sensors.py took 0.092 seconds
[2023-09-29T18:23:00.713+0000] {processor.py:157} INFO - Started process (PID=1748) to work on /home/airflow/.local/lib/python3.8/site-packages/airflow/example_dags/example_sensors.py
[2023-09-29T18:23:00.714+0000] {processor.py:829} INFO - Processing file /home/airflow/.local/lib/python3.8/site-packages/airflow/example_dags/example_sensors.py for tasks to queue
[2023-09-29T18:23:00.719+0000] {logging_mixin.py:151} INFO - [2023-09-29T18:23:00.718+0000] {dagbag.py:539} INFO - Filling up the DagBag from /home/airflow/.local/lib/python3.8/site-packages/airflow/example_dags/example_sensors.py
[2023-09-29T18:23:00.733+0000] {processor.py:839} INFO - DAG(s) dict_keys(['example_sensors']) retrieved from /home/airflow/.local/lib/python3.8/site-packages/airflow/example_dags/example_sensors.py
[2023-09-29T18:23:00.768+0000] {logging_mixin.py:151} INFO - [2023-09-29T18:23:00.768+0000] {dag.py:2915} INFO - Sync 1 DAGs
[2023-09-29T18:23:00.783+0000] {logging_mixin.py:151} INFO - [2023-09-29T18:23:00.783+0000] {dag.py:3696} INFO - Setting next_dagrun for example_sensors to None, run_after=None
[2023-09-29T18:23:00.799+0000] {processor.py:179} INFO - Processing /home/airflow/.local/lib/python3.8/site-packages/airflow/example_dags/example_sensors.py took 0.092 seconds
[2023-09-29T18:23:31.039+0000] {processor.py:157} INFO - Started process (PID=1804) to work on /home/airflow/.local/lib/python3.8/site-packages/airflow/example_dags/example_sensors.py
[2023-09-29T18:23:31.040+0000] {processor.py:829} INFO - Processing file /home/airflow/.local/lib/python3.8/site-packages/airflow/example_dags/example_sensors.py for tasks to queue
[2023-09-29T18:23:31.043+0000] {logging_mixin.py:151} INFO - [2023-09-29T18:23:31.042+0000] {dagbag.py:539} INFO - Filling up the DagBag from /home/airflow/.local/lib/python3.8/site-packages/airflow/example_dags/example_sensors.py
[2023-09-29T18:23:31.054+0000] {processor.py:839} INFO - DAG(s) dict_keys(['example_sensors']) retrieved from /home/airflow/.local/lib/python3.8/site-packages/airflow/example_dags/example_sensors.py
[2023-09-29T18:23:31.103+0000] {logging_mixin.py:151} INFO - [2023-09-29T18:23:31.103+0000] {dag.py:2915} INFO - Sync 1 DAGs
[2023-09-29T18:23:31.117+0000] {logging_mixin.py:151} INFO - [2023-09-29T18:23:31.117+0000] {dag.py:3696} INFO - Setting next_dagrun for example_sensors to None, run_after=None
[2023-09-29T18:23:31.147+0000] {processor.py:179} INFO - Processing /home/airflow/.local/lib/python3.8/site-packages/airflow/example_dags/example_sensors.py took 0.111 seconds
[2023-09-29T18:24:01.239+0000] {processor.py:157} INFO - Started process (PID=1858) to work on /home/airflow/.local/lib/python3.8/site-packages/airflow/example_dags/example_sensors.py
[2023-09-29T18:24:01.242+0000] {processor.py:829} INFO - Processing file /home/airflow/.local/lib/python3.8/site-packages/airflow/example_dags/example_sensors.py for tasks to queue
[2023-09-29T18:24:01.247+0000] {logging_mixin.py:151} INFO - [2023-09-29T18:24:01.247+0000] {dagbag.py:539} INFO - Filling up the DagBag from /home/airflow/.local/lib/python3.8/site-packages/airflow/example_dags/example_sensors.py
[2023-09-29T18:24:01.278+0000] {processor.py:839} INFO - DAG(s) dict_keys(['example_sensors']) retrieved from /home/airflow/.local/lib/python3.8/site-packages/airflow/example_dags/example_sensors.py
[2023-09-29T18:24:01.320+0000] {logging_mixin.py:151} INFO - [2023-09-29T18:24:01.320+0000] {dag.py:2915} INFO - Sync 1 DAGs
[2023-09-29T18:24:01.338+0000] {logging_mixin.py:151} INFO - [2023-09-29T18:24:01.338+0000] {dag.py:3696} INFO - Setting next_dagrun for example_sensors to None, run_after=None
[2023-09-29T18:24:01.355+0000] {processor.py:179} INFO - Processing /home/airflow/.local/lib/python3.8/site-packages/airflow/example_dags/example_sensors.py took 0.126 seconds
[2023-09-29T18:24:31.411+0000] {processor.py:157} INFO - Started process (PID=1920) to work on /home/airflow/.local/lib/python3.8/site-packages/airflow/example_dags/example_sensors.py
[2023-09-29T18:24:31.412+0000] {processor.py:829} INFO - Processing file /home/airflow/.local/lib/python3.8/site-packages/airflow/example_dags/example_sensors.py for tasks to queue
[2023-09-29T18:24:31.414+0000] {logging_mixin.py:151} INFO - [2023-09-29T18:24:31.413+0000] {dagbag.py:539} INFO - Filling up the DagBag from /home/airflow/.local/lib/python3.8/site-packages/airflow/example_dags/example_sensors.py
[2023-09-29T18:24:31.421+0000] {processor.py:839} INFO - DAG(s) dict_keys(['example_sensors']) retrieved from /home/airflow/.local/lib/python3.8/site-packages/airflow/example_dags/example_sensors.py
[2023-09-29T18:24:31.440+0000] {logging_mixin.py:151} INFO - [2023-09-29T18:24:31.440+0000] {dag.py:2915} INFO - Sync 1 DAGs
[2023-09-29T18:24:31.449+0000] {logging_mixin.py:151} INFO - [2023-09-29T18:24:31.449+0000] {dag.py:3696} INFO - Setting next_dagrun for example_sensors to None, run_after=None
[2023-09-29T18:24:31.460+0000] {processor.py:179} INFO - Processing /home/airflow/.local/lib/python3.8/site-packages/airflow/example_dags/example_sensors.py took 0.053 seconds
[2023-09-29T18:25:01.805+0000] {processor.py:157} INFO - Started process (PID=1976) to work on /home/airflow/.local/lib/python3.8/site-packages/airflow/example_dags/example_sensors.py
[2023-09-29T18:25:01.807+0000] {processor.py:829} INFO - Processing file /home/airflow/.local/lib/python3.8/site-packages/airflow/example_dags/example_sensors.py for tasks to queue
[2023-09-29T18:25:01.810+0000] {logging_mixin.py:151} INFO - [2023-09-29T18:25:01.810+0000] {dagbag.py:539} INFO - Filling up the DagBag from /home/airflow/.local/lib/python3.8/site-packages/airflow/example_dags/example_sensors.py
[2023-09-29T18:25:01.825+0000] {processor.py:839} INFO - DAG(s) dict_keys(['example_sensors']) retrieved from /home/airflow/.local/lib/python3.8/site-packages/airflow/example_dags/example_sensors.py
[2023-09-29T18:25:01.858+0000] {logging_mixin.py:151} INFO - [2023-09-29T18:25:01.858+0000] {dag.py:2915} INFO - Sync 1 DAGs
[2023-09-29T18:25:01.875+0000] {logging_mixin.py:151} INFO - [2023-09-29T18:25:01.875+0000] {dag.py:3696} INFO - Setting next_dagrun for example_sensors to None, run_after=None
[2023-09-29T18:25:01.893+0000] {processor.py:179} INFO - Processing /home/airflow/.local/lib/python3.8/site-packages/airflow/example_dags/example_sensors.py took 0.094 seconds
