[2023-09-29T18:07:18.159+0000] {processor.py:157} INFO - Started process (PID=76) to work on /home/airflow/.local/lib/python3.8/site-packages/airflow/example_dags/example_external_task_marker_dag.py
[2023-09-29T18:07:18.191+0000] {processor.py:829} INFO - Processing file /home/airflow/.local/lib/python3.8/site-packages/airflow/example_dags/example_external_task_marker_dag.py for tasks to queue
[2023-09-29T18:07:18.206+0000] {logging_mixin.py:151} INFO - [2023-09-29T18:07:18.205+0000] {dagbag.py:539} INFO - Filling up the DagBag from /home/airflow/.local/lib/python3.8/site-packages/airflow/example_dags/example_external_task_marker_dag.py
[2023-09-29T18:07:18.288+0000] {processor.py:839} INFO - DAG(s) dict_keys(['example_external_task_marker_child', 'example_external_task_marker_parent']) retrieved from /home/airflow/.local/lib/python3.8/site-packages/airflow/example_dags/example_external_task_marker_dag.py
[2023-09-29T18:07:18.441+0000] {logging_mixin.py:151} INFO - [2023-09-29T18:07:18.440+0000] {dag.py:2915} INFO - Sync 2 DAGs
[2023-09-29T18:07:18.524+0000] {logging_mixin.py:151} INFO - [2023-09-29T18:07:18.521+0000] {dag.py:3696} INFO - Setting next_dagrun for example_external_task_marker_child to None, run_after=None
[2023-09-29T18:07:18.591+0000] {logging_mixin.py:151} INFO - [2023-09-29T18:07:18.590+0000] {dag.py:3696} INFO - Setting next_dagrun for example_external_task_marker_parent to None, run_after=None
[2023-09-29T18:07:18.798+0000] {processor.py:179} INFO - Processing /home/airflow/.local/lib/python3.8/site-packages/airflow/example_dags/example_external_task_marker_dag.py took 0.677 seconds
[2023-09-29T18:07:55.388+0000] {processor.py:157} INFO - Started process (PID=130) to work on /home/airflow/.local/lib/python3.8/site-packages/airflow/example_dags/example_external_task_marker_dag.py
[2023-09-29T18:07:55.390+0000] {processor.py:829} INFO - Processing file /home/airflow/.local/lib/python3.8/site-packages/airflow/example_dags/example_external_task_marker_dag.py for tasks to queue
[2023-09-29T18:07:55.395+0000] {logging_mixin.py:151} INFO - [2023-09-29T18:07:55.395+0000] {dagbag.py:539} INFO - Filling up the DagBag from /home/airflow/.local/lib/python3.8/site-packages/airflow/example_dags/example_external_task_marker_dag.py
[2023-09-29T18:07:55.444+0000] {processor.py:839} INFO - DAG(s) dict_keys(['example_external_task_marker_parent', 'example_external_task_marker_child']) retrieved from /home/airflow/.local/lib/python3.8/site-packages/airflow/example_dags/example_external_task_marker_dag.py
[2023-09-29T18:07:55.531+0000] {logging_mixin.py:151} INFO - [2023-09-29T18:07:55.530+0000] {dag.py:2915} INFO - Sync 2 DAGs
[2023-09-29T18:07:55.551+0000] {logging_mixin.py:151} INFO - [2023-09-29T18:07:55.551+0000] {dag.py:3696} INFO - Setting next_dagrun for example_external_task_marker_child to None, run_after=None
[2023-09-29T18:07:55.556+0000] {logging_mixin.py:151} INFO - [2023-09-29T18:07:55.555+0000] {dag.py:3696} INFO - Setting next_dagrun for example_external_task_marker_parent to None, run_after=None
[2023-09-29T18:07:55.574+0000] {processor.py:179} INFO - Processing /home/airflow/.local/lib/python3.8/site-packages/airflow/example_dags/example_external_task_marker_dag.py took 0.194 seconds
[2023-09-29T18:08:25.777+0000] {processor.py:157} INFO - Started process (PID=184) to work on /home/airflow/.local/lib/python3.8/site-packages/airflow/example_dags/example_external_task_marker_dag.py
[2023-09-29T18:08:25.778+0000] {processor.py:829} INFO - Processing file /home/airflow/.local/lib/python3.8/site-packages/airflow/example_dags/example_external_task_marker_dag.py for tasks to queue
[2023-09-29T18:08:25.780+0000] {logging_mixin.py:151} INFO - [2023-09-29T18:08:25.780+0000] {dagbag.py:539} INFO - Filling up the DagBag from /home/airflow/.local/lib/python3.8/site-packages/airflow/example_dags/example_external_task_marker_dag.py
[2023-09-29T18:08:25.787+0000] {processor.py:839} INFO - DAG(s) dict_keys(['example_external_task_marker_parent', 'example_external_task_marker_child']) retrieved from /home/airflow/.local/lib/python3.8/site-packages/airflow/example_dags/example_external_task_marker_dag.py
[2023-09-29T18:08:25.815+0000] {logging_mixin.py:151} INFO - [2023-09-29T18:08:25.815+0000] {dag.py:2915} INFO - Sync 2 DAGs
[2023-09-29T18:08:25.827+0000] {logging_mixin.py:151} INFO - [2023-09-29T18:08:25.827+0000] {dag.py:3696} INFO - Setting next_dagrun for example_external_task_marker_child to None, run_after=None
[2023-09-29T18:08:25.829+0000] {logging_mixin.py:151} INFO - [2023-09-29T18:08:25.829+0000] {dag.py:3696} INFO - Setting next_dagrun for example_external_task_marker_parent to None, run_after=None
[2023-09-29T18:08:25.841+0000] {processor.py:179} INFO - Processing /home/airflow/.local/lib/python3.8/site-packages/airflow/example_dags/example_external_task_marker_dag.py took 0.068 seconds
[2023-09-29T18:08:55.943+0000] {processor.py:157} INFO - Started process (PID=239) to work on /home/airflow/.local/lib/python3.8/site-packages/airflow/example_dags/example_external_task_marker_dag.py
[2023-09-29T18:08:55.944+0000] {processor.py:829} INFO - Processing file /home/airflow/.local/lib/python3.8/site-packages/airflow/example_dags/example_external_task_marker_dag.py for tasks to queue
[2023-09-29T18:08:55.946+0000] {logging_mixin.py:151} INFO - [2023-09-29T18:08:55.946+0000] {dagbag.py:539} INFO - Filling up the DagBag from /home/airflow/.local/lib/python3.8/site-packages/airflow/example_dags/example_external_task_marker_dag.py
[2023-09-29T18:08:55.951+0000] {processor.py:839} INFO - DAG(s) dict_keys(['example_external_task_marker_parent', 'example_external_task_marker_child']) retrieved from /home/airflow/.local/lib/python3.8/site-packages/airflow/example_dags/example_external_task_marker_dag.py
[2023-09-29T18:08:55.970+0000] {logging_mixin.py:151} INFO - [2023-09-29T18:08:55.970+0000] {dag.py:2915} INFO - Sync 2 DAGs
[2023-09-29T18:08:55.980+0000] {logging_mixin.py:151} INFO - [2023-09-29T18:08:55.980+0000] {dag.py:3696} INFO - Setting next_dagrun for example_external_task_marker_child to None, run_after=None
[2023-09-29T18:08:55.982+0000] {logging_mixin.py:151} INFO - [2023-09-29T18:08:55.982+0000] {dag.py:3696} INFO - Setting next_dagrun for example_external_task_marker_parent to None, run_after=None
[2023-09-29T18:08:55.993+0000] {processor.py:179} INFO - Processing /home/airflow/.local/lib/python3.8/site-packages/airflow/example_dags/example_external_task_marker_dag.py took 0.054 seconds
[2023-09-29T18:09:26.963+0000] {processor.py:157} INFO - Started process (PID=294) to work on /home/airflow/.local/lib/python3.8/site-packages/airflow/example_dags/example_external_task_marker_dag.py
[2023-09-29T18:09:26.964+0000] {processor.py:829} INFO - Processing file /home/airflow/.local/lib/python3.8/site-packages/airflow/example_dags/example_external_task_marker_dag.py for tasks to queue
[2023-09-29T18:09:26.966+0000] {logging_mixin.py:151} INFO - [2023-09-29T18:09:26.966+0000] {dagbag.py:539} INFO - Filling up the DagBag from /home/airflow/.local/lib/python3.8/site-packages/airflow/example_dags/example_external_task_marker_dag.py
[2023-09-29T18:09:26.972+0000] {processor.py:839} INFO - DAG(s) dict_keys(['example_external_task_marker_parent', 'example_external_task_marker_child']) retrieved from /home/airflow/.local/lib/python3.8/site-packages/airflow/example_dags/example_external_task_marker_dag.py
[2023-09-29T18:09:26.992+0000] {logging_mixin.py:151} INFO - [2023-09-29T18:09:26.992+0000] {dag.py:2915} INFO - Sync 2 DAGs
[2023-09-29T18:09:27.002+0000] {logging_mixin.py:151} INFO - [2023-09-29T18:09:27.002+0000] {dag.py:3696} INFO - Setting next_dagrun for example_external_task_marker_child to None, run_after=None
[2023-09-29T18:09:27.004+0000] {logging_mixin.py:151} INFO - [2023-09-29T18:09:27.004+0000] {dag.py:3696} INFO - Setting next_dagrun for example_external_task_marker_parent to None, run_after=None
[2023-09-29T18:09:27.024+0000] {processor.py:179} INFO - Processing /home/airflow/.local/lib/python3.8/site-packages/airflow/example_dags/example_external_task_marker_dag.py took 0.065 seconds
[2023-09-29T18:09:57.547+0000] {processor.py:157} INFO - Started process (PID=349) to work on /home/airflow/.local/lib/python3.8/site-packages/airflow/example_dags/example_external_task_marker_dag.py
[2023-09-29T18:09:57.548+0000] {processor.py:829} INFO - Processing file /home/airflow/.local/lib/python3.8/site-packages/airflow/example_dags/example_external_task_marker_dag.py for tasks to queue
[2023-09-29T18:09:57.550+0000] {logging_mixin.py:151} INFO - [2023-09-29T18:09:57.549+0000] {dagbag.py:539} INFO - Filling up the DagBag from /home/airflow/.local/lib/python3.8/site-packages/airflow/example_dags/example_external_task_marker_dag.py
[2023-09-29T18:09:57.555+0000] {processor.py:839} INFO - DAG(s) dict_keys(['example_external_task_marker_parent', 'example_external_task_marker_child']) retrieved from /home/airflow/.local/lib/python3.8/site-packages/airflow/example_dags/example_external_task_marker_dag.py
[2023-09-29T18:09:57.574+0000] {logging_mixin.py:151} INFO - [2023-09-29T18:09:57.573+0000] {dag.py:2915} INFO - Sync 2 DAGs
[2023-09-29T18:09:57.586+0000] {logging_mixin.py:151} INFO - [2023-09-29T18:09:57.585+0000] {dag.py:3696} INFO - Setting next_dagrun for example_external_task_marker_child to None, run_after=None
[2023-09-29T18:09:57.588+0000] {logging_mixin.py:151} INFO - [2023-09-29T18:09:57.588+0000] {dag.py:3696} INFO - Setting next_dagrun for example_external_task_marker_parent to None, run_after=None
[2023-09-29T18:09:57.598+0000] {processor.py:179} INFO - Processing /home/airflow/.local/lib/python3.8/site-packages/airflow/example_dags/example_external_task_marker_dag.py took 0.054 seconds
[2023-09-29T18:10:28.834+0000] {processor.py:157} INFO - Started process (PID=412) to work on /home/airflow/.local/lib/python3.8/site-packages/airflow/example_dags/example_external_task_marker_dag.py
[2023-09-29T18:10:28.835+0000] {processor.py:829} INFO - Processing file /home/airflow/.local/lib/python3.8/site-packages/airflow/example_dags/example_external_task_marker_dag.py for tasks to queue
[2023-09-29T18:10:28.836+0000] {logging_mixin.py:151} INFO - [2023-09-29T18:10:28.836+0000] {dagbag.py:539} INFO - Filling up the DagBag from /home/airflow/.local/lib/python3.8/site-packages/airflow/example_dags/example_external_task_marker_dag.py
[2023-09-29T18:10:28.841+0000] {processor.py:839} INFO - DAG(s) dict_keys(['example_external_task_marker_parent', 'example_external_task_marker_child']) retrieved from /home/airflow/.local/lib/python3.8/site-packages/airflow/example_dags/example_external_task_marker_dag.py
[2023-09-29T18:10:28.860+0000] {logging_mixin.py:151} INFO - [2023-09-29T18:10:28.860+0000] {dag.py:2915} INFO - Sync 2 DAGs
[2023-09-29T18:10:28.869+0000] {logging_mixin.py:151} INFO - [2023-09-29T18:10:28.869+0000] {dag.py:3696} INFO - Setting next_dagrun for example_external_task_marker_child to None, run_after=None
[2023-09-29T18:10:28.871+0000] {logging_mixin.py:151} INFO - [2023-09-29T18:10:28.871+0000] {dag.py:3696} INFO - Setting next_dagrun for example_external_task_marker_parent to None, run_after=None
[2023-09-29T18:10:28.881+0000] {processor.py:179} INFO - Processing /home/airflow/.local/lib/python3.8/site-packages/airflow/example_dags/example_external_task_marker_dag.py took 0.050 seconds
[2023-09-29T18:10:59.930+0000] {processor.py:157} INFO - Started process (PID=467) to work on /home/airflow/.local/lib/python3.8/site-packages/airflow/example_dags/example_external_task_marker_dag.py
[2023-09-29T18:10:59.931+0000] {processor.py:829} INFO - Processing file /home/airflow/.local/lib/python3.8/site-packages/airflow/example_dags/example_external_task_marker_dag.py for tasks to queue
[2023-09-29T18:10:59.933+0000] {logging_mixin.py:151} INFO - [2023-09-29T18:10:59.932+0000] {dagbag.py:539} INFO - Filling up the DagBag from /home/airflow/.local/lib/python3.8/site-packages/airflow/example_dags/example_external_task_marker_dag.py
[2023-09-29T18:10:59.937+0000] {processor.py:839} INFO - DAG(s) dict_keys(['example_external_task_marker_parent', 'example_external_task_marker_child']) retrieved from /home/airflow/.local/lib/python3.8/site-packages/airflow/example_dags/example_external_task_marker_dag.py
[2023-09-29T18:10:59.956+0000] {logging_mixin.py:151} INFO - [2023-09-29T18:10:59.956+0000] {dag.py:2915} INFO - Sync 2 DAGs
[2023-09-29T18:10:59.966+0000] {logging_mixin.py:151} INFO - [2023-09-29T18:10:59.966+0000] {dag.py:3696} INFO - Setting next_dagrun for example_external_task_marker_child to None, run_after=None
[2023-09-29T18:10:59.968+0000] {logging_mixin.py:151} INFO - [2023-09-29T18:10:59.968+0000] {dag.py:3696} INFO - Setting next_dagrun for example_external_task_marker_parent to None, run_after=None
[2023-09-29T18:10:59.978+0000] {processor.py:179} INFO - Processing /home/airflow/.local/lib/python3.8/site-packages/airflow/example_dags/example_external_task_marker_dag.py took 0.052 seconds
[2023-09-29T18:11:30.507+0000] {processor.py:157} INFO - Started process (PID=522) to work on /home/airflow/.local/lib/python3.8/site-packages/airflow/example_dags/example_external_task_marker_dag.py
[2023-09-29T18:11:30.508+0000] {processor.py:829} INFO - Processing file /home/airflow/.local/lib/python3.8/site-packages/airflow/example_dags/example_external_task_marker_dag.py for tasks to queue
[2023-09-29T18:11:30.509+0000] {logging_mixin.py:151} INFO - [2023-09-29T18:11:30.509+0000] {dagbag.py:539} INFO - Filling up the DagBag from /home/airflow/.local/lib/python3.8/site-packages/airflow/example_dags/example_external_task_marker_dag.py
[2023-09-29T18:11:30.514+0000] {processor.py:839} INFO - DAG(s) dict_keys(['example_external_task_marker_child', 'example_external_task_marker_parent']) retrieved from /home/airflow/.local/lib/python3.8/site-packages/airflow/example_dags/example_external_task_marker_dag.py
[2023-09-29T18:11:30.532+0000] {logging_mixin.py:151} INFO - [2023-09-29T18:11:30.532+0000] {dag.py:2915} INFO - Sync 2 DAGs
[2023-09-29T18:11:30.541+0000] {logging_mixin.py:151} INFO - [2023-09-29T18:11:30.541+0000] {dag.py:3696} INFO - Setting next_dagrun for example_external_task_marker_child to None, run_after=None
[2023-09-29T18:11:30.543+0000] {logging_mixin.py:151} INFO - [2023-09-29T18:11:30.543+0000] {dag.py:3696} INFO - Setting next_dagrun for example_external_task_marker_parent to None, run_after=None
[2023-09-29T18:11:30.553+0000] {processor.py:179} INFO - Processing /home/airflow/.local/lib/python3.8/site-packages/airflow/example_dags/example_external_task_marker_dag.py took 0.050 seconds
[2023-09-29T18:12:01.590+0000] {processor.py:157} INFO - Started process (PID=577) to work on /home/airflow/.local/lib/python3.8/site-packages/airflow/example_dags/example_external_task_marker_dag.py
[2023-09-29T18:12:01.591+0000] {processor.py:829} INFO - Processing file /home/airflow/.local/lib/python3.8/site-packages/airflow/example_dags/example_external_task_marker_dag.py for tasks to queue
[2023-09-29T18:12:01.594+0000] {logging_mixin.py:151} INFO - [2023-09-29T18:12:01.593+0000] {dagbag.py:539} INFO - Filling up the DagBag from /home/airflow/.local/lib/python3.8/site-packages/airflow/example_dags/example_external_task_marker_dag.py
[2023-09-29T18:12:01.599+0000] {processor.py:839} INFO - DAG(s) dict_keys(['example_external_task_marker_child', 'example_external_task_marker_parent']) retrieved from /home/airflow/.local/lib/python3.8/site-packages/airflow/example_dags/example_external_task_marker_dag.py
[2023-09-29T18:12:01.621+0000] {logging_mixin.py:151} INFO - [2023-09-29T18:12:01.621+0000] {dag.py:2915} INFO - Sync 2 DAGs
[2023-09-29T18:12:01.635+0000] {logging_mixin.py:151} INFO - [2023-09-29T18:12:01.635+0000] {dag.py:3696} INFO - Setting next_dagrun for example_external_task_marker_child to None, run_after=None
[2023-09-29T18:12:01.638+0000] {logging_mixin.py:151} INFO - [2023-09-29T18:12:01.638+0000] {dag.py:3696} INFO - Setting next_dagrun for example_external_task_marker_parent to None, run_after=None
[2023-09-29T18:12:01.650+0000] {processor.py:179} INFO - Processing /home/airflow/.local/lib/python3.8/site-packages/airflow/example_dags/example_external_task_marker_dag.py took 0.063 seconds
[2023-09-29T18:12:32.504+0000] {processor.py:157} INFO - Started process (PID=633) to work on /home/airflow/.local/lib/python3.8/site-packages/airflow/example_dags/example_external_task_marker_dag.py
[2023-09-29T18:12:32.505+0000] {processor.py:829} INFO - Processing file /home/airflow/.local/lib/python3.8/site-packages/airflow/example_dags/example_external_task_marker_dag.py for tasks to queue
[2023-09-29T18:12:32.507+0000] {logging_mixin.py:151} INFO - [2023-09-29T18:12:32.507+0000] {dagbag.py:539} INFO - Filling up the DagBag from /home/airflow/.local/lib/python3.8/site-packages/airflow/example_dags/example_external_task_marker_dag.py
[2023-09-29T18:12:32.512+0000] {processor.py:839} INFO - DAG(s) dict_keys(['example_external_task_marker_parent', 'example_external_task_marker_child']) retrieved from /home/airflow/.local/lib/python3.8/site-packages/airflow/example_dags/example_external_task_marker_dag.py
[2023-09-29T18:12:32.530+0000] {logging_mixin.py:151} INFO - [2023-09-29T18:12:32.530+0000] {dag.py:2915} INFO - Sync 2 DAGs
[2023-09-29T18:12:32.539+0000] {logging_mixin.py:151} INFO - [2023-09-29T18:12:32.539+0000] {dag.py:3696} INFO - Setting next_dagrun for example_external_task_marker_child to None, run_after=None
[2023-09-29T18:12:32.541+0000] {logging_mixin.py:151} INFO - [2023-09-29T18:12:32.541+0000] {dag.py:3696} INFO - Setting next_dagrun for example_external_task_marker_parent to None, run_after=None
[2023-09-29T18:12:32.557+0000] {processor.py:179} INFO - Processing /home/airflow/.local/lib/python3.8/site-packages/airflow/example_dags/example_external_task_marker_dag.py took 0.056 seconds
[2023-09-29T18:13:03.529+0000] {processor.py:157} INFO - Started process (PID=688) to work on /home/airflow/.local/lib/python3.8/site-packages/airflow/example_dags/example_external_task_marker_dag.py
[2023-09-29T18:13:03.530+0000] {processor.py:829} INFO - Processing file /home/airflow/.local/lib/python3.8/site-packages/airflow/example_dags/example_external_task_marker_dag.py for tasks to queue
[2023-09-29T18:13:03.532+0000] {logging_mixin.py:151} INFO - [2023-09-29T18:13:03.532+0000] {dagbag.py:539} INFO - Filling up the DagBag from /home/airflow/.local/lib/python3.8/site-packages/airflow/example_dags/example_external_task_marker_dag.py
[2023-09-29T18:13:03.538+0000] {processor.py:839} INFO - DAG(s) dict_keys(['example_external_task_marker_parent', 'example_external_task_marker_child']) retrieved from /home/airflow/.local/lib/python3.8/site-packages/airflow/example_dags/example_external_task_marker_dag.py
[2023-09-29T18:13:03.560+0000] {logging_mixin.py:151} INFO - [2023-09-29T18:13:03.560+0000] {dag.py:2915} INFO - Sync 2 DAGs
[2023-09-29T18:13:03.570+0000] {logging_mixin.py:151} INFO - [2023-09-29T18:13:03.570+0000] {dag.py:3696} INFO - Setting next_dagrun for example_external_task_marker_child to None, run_after=None
[2023-09-29T18:13:03.572+0000] {logging_mixin.py:151} INFO - [2023-09-29T18:13:03.572+0000] {dag.py:3696} INFO - Setting next_dagrun for example_external_task_marker_parent to None, run_after=None
[2023-09-29T18:13:03.591+0000] {processor.py:179} INFO - Processing /home/airflow/.local/lib/python3.8/site-packages/airflow/example_dags/example_external_task_marker_dag.py took 0.065 seconds
[2023-09-29T18:13:34.060+0000] {processor.py:157} INFO - Started process (PID=743) to work on /home/airflow/.local/lib/python3.8/site-packages/airflow/example_dags/example_external_task_marker_dag.py
[2023-09-29T18:13:34.061+0000] {processor.py:829} INFO - Processing file /home/airflow/.local/lib/python3.8/site-packages/airflow/example_dags/example_external_task_marker_dag.py for tasks to queue
[2023-09-29T18:13:34.063+0000] {logging_mixin.py:151} INFO - [2023-09-29T18:13:34.063+0000] {dagbag.py:539} INFO - Filling up the DagBag from /home/airflow/.local/lib/python3.8/site-packages/airflow/example_dags/example_external_task_marker_dag.py
[2023-09-29T18:13:34.068+0000] {processor.py:839} INFO - DAG(s) dict_keys(['example_external_task_marker_child', 'example_external_task_marker_parent']) retrieved from /home/airflow/.local/lib/python3.8/site-packages/airflow/example_dags/example_external_task_marker_dag.py
[2023-09-29T18:13:34.086+0000] {logging_mixin.py:151} INFO - [2023-09-29T18:13:34.086+0000] {dag.py:2915} INFO - Sync 2 DAGs
[2023-09-29T18:13:34.095+0000] {logging_mixin.py:151} INFO - [2023-09-29T18:13:34.095+0000] {dag.py:3696} INFO - Setting next_dagrun for example_external_task_marker_child to None, run_after=None
[2023-09-29T18:13:34.097+0000] {logging_mixin.py:151} INFO - [2023-09-29T18:13:34.097+0000] {dag.py:3696} INFO - Setting next_dagrun for example_external_task_marker_parent to None, run_after=None
[2023-09-29T18:13:34.107+0000] {processor.py:179} INFO - Processing /home/airflow/.local/lib/python3.8/site-packages/airflow/example_dags/example_external_task_marker_dag.py took 0.050 seconds
[2023-09-29T18:14:04.460+0000] {processor.py:157} INFO - Started process (PID=797) to work on /home/airflow/.local/lib/python3.8/site-packages/airflow/example_dags/example_external_task_marker_dag.py
[2023-09-29T18:14:04.461+0000] {processor.py:829} INFO - Processing file /home/airflow/.local/lib/python3.8/site-packages/airflow/example_dags/example_external_task_marker_dag.py for tasks to queue
[2023-09-29T18:14:04.463+0000] {logging_mixin.py:151} INFO - [2023-09-29T18:14:04.462+0000] {dagbag.py:539} INFO - Filling up the DagBag from /home/airflow/.local/lib/python3.8/site-packages/airflow/example_dags/example_external_task_marker_dag.py
[2023-09-29T18:14:04.468+0000] {processor.py:839} INFO - DAG(s) dict_keys(['example_external_task_marker_child', 'example_external_task_marker_parent']) retrieved from /home/airflow/.local/lib/python3.8/site-packages/airflow/example_dags/example_external_task_marker_dag.py
[2023-09-29T18:14:04.487+0000] {logging_mixin.py:151} INFO - [2023-09-29T18:14:04.487+0000] {dag.py:2915} INFO - Sync 2 DAGs
[2023-09-29T18:14:04.496+0000] {logging_mixin.py:151} INFO - [2023-09-29T18:14:04.496+0000] {dag.py:3696} INFO - Setting next_dagrun for example_external_task_marker_child to None, run_after=None
[2023-09-29T18:14:04.499+0000] {logging_mixin.py:151} INFO - [2023-09-29T18:14:04.499+0000] {dag.py:3696} INFO - Setting next_dagrun for example_external_task_marker_parent to None, run_after=None
[2023-09-29T18:14:04.524+0000] {processor.py:179} INFO - Processing /home/airflow/.local/lib/python3.8/site-packages/airflow/example_dags/example_external_task_marker_dag.py took 0.068 seconds
[2023-09-29T18:14:34.642+0000] {processor.py:157} INFO - Started process (PID=852) to work on /home/airflow/.local/lib/python3.8/site-packages/airflow/example_dags/example_external_task_marker_dag.py
[2023-09-29T18:14:34.644+0000] {processor.py:829} INFO - Processing file /home/airflow/.local/lib/python3.8/site-packages/airflow/example_dags/example_external_task_marker_dag.py for tasks to queue
[2023-09-29T18:14:34.647+0000] {logging_mixin.py:151} INFO - [2023-09-29T18:14:34.646+0000] {dagbag.py:539} INFO - Filling up the DagBag from /home/airflow/.local/lib/python3.8/site-packages/airflow/example_dags/example_external_task_marker_dag.py
[2023-09-29T18:14:34.653+0000] {processor.py:839} INFO - DAG(s) dict_keys(['example_external_task_marker_parent', 'example_external_task_marker_child']) retrieved from /home/airflow/.local/lib/python3.8/site-packages/airflow/example_dags/example_external_task_marker_dag.py
[2023-09-29T18:14:34.697+0000] {logging_mixin.py:151} INFO - [2023-09-29T18:14:34.697+0000] {dag.py:2915} INFO - Sync 2 DAGs
[2023-09-29T18:14:34.715+0000] {logging_mixin.py:151} INFO - [2023-09-29T18:14:34.715+0000] {dag.py:3696} INFO - Setting next_dagrun for example_external_task_marker_child to None, run_after=None
[2023-09-29T18:14:34.718+0000] {logging_mixin.py:151} INFO - [2023-09-29T18:14:34.718+0000] {dag.py:3696} INFO - Setting next_dagrun for example_external_task_marker_parent to None, run_after=None
[2023-09-29T18:14:34.731+0000] {processor.py:179} INFO - Processing /home/airflow/.local/lib/python3.8/site-packages/airflow/example_dags/example_external_task_marker_dag.py took 0.092 seconds
[2023-09-29T18:15:04.766+0000] {processor.py:157} INFO - Started process (PID=907) to work on /home/airflow/.local/lib/python3.8/site-packages/airflow/example_dags/example_external_task_marker_dag.py
[2023-09-29T18:15:04.768+0000] {processor.py:829} INFO - Processing file /home/airflow/.local/lib/python3.8/site-packages/airflow/example_dags/example_external_task_marker_dag.py for tasks to queue
[2023-09-29T18:15:04.771+0000] {logging_mixin.py:151} INFO - [2023-09-29T18:15:04.771+0000] {dagbag.py:539} INFO - Filling up the DagBag from /home/airflow/.local/lib/python3.8/site-packages/airflow/example_dags/example_external_task_marker_dag.py
[2023-09-29T18:15:04.777+0000] {processor.py:839} INFO - DAG(s) dict_keys(['example_external_task_marker_child', 'example_external_task_marker_parent']) retrieved from /home/airflow/.local/lib/python3.8/site-packages/airflow/example_dags/example_external_task_marker_dag.py
[2023-09-29T18:15:04.797+0000] {logging_mixin.py:151} INFO - [2023-09-29T18:15:04.797+0000] {dag.py:2915} INFO - Sync 2 DAGs
[2023-09-29T18:15:04.806+0000] {logging_mixin.py:151} INFO - [2023-09-29T18:15:04.806+0000] {dag.py:3696} INFO - Setting next_dagrun for example_external_task_marker_child to None, run_after=None
[2023-09-29T18:15:04.809+0000] {logging_mixin.py:151} INFO - [2023-09-29T18:15:04.809+0000] {dag.py:3696} INFO - Setting next_dagrun for example_external_task_marker_parent to None, run_after=None
[2023-09-29T18:15:04.819+0000] {processor.py:179} INFO - Processing /home/airflow/.local/lib/python3.8/site-packages/airflow/example_dags/example_external_task_marker_dag.py took 0.059 seconds
[2023-09-29T18:15:35.318+0000] {processor.py:157} INFO - Started process (PID=962) to work on /home/airflow/.local/lib/python3.8/site-packages/airflow/example_dags/example_external_task_marker_dag.py
[2023-09-29T18:15:35.320+0000] {processor.py:829} INFO - Processing file /home/airflow/.local/lib/python3.8/site-packages/airflow/example_dags/example_external_task_marker_dag.py for tasks to queue
[2023-09-29T18:15:35.322+0000] {logging_mixin.py:151} INFO - [2023-09-29T18:15:35.322+0000] {dagbag.py:539} INFO - Filling up the DagBag from /home/airflow/.local/lib/python3.8/site-packages/airflow/example_dags/example_external_task_marker_dag.py
[2023-09-29T18:15:35.329+0000] {processor.py:839} INFO - DAG(s) dict_keys(['example_external_task_marker_child', 'example_external_task_marker_parent']) retrieved from /home/airflow/.local/lib/python3.8/site-packages/airflow/example_dags/example_external_task_marker_dag.py
[2023-09-29T18:15:35.361+0000] {logging_mixin.py:151} INFO - [2023-09-29T18:15:35.361+0000] {dag.py:2915} INFO - Sync 2 DAGs
[2023-09-29T18:15:35.386+0000] {logging_mixin.py:151} INFO - [2023-09-29T18:15:35.385+0000] {dag.py:3696} INFO - Setting next_dagrun for example_external_task_marker_child to None, run_after=None
[2023-09-29T18:15:35.395+0000] {logging_mixin.py:151} INFO - [2023-09-29T18:15:35.395+0000] {dag.py:3696} INFO - Setting next_dagrun for example_external_task_marker_parent to None, run_after=None
[2023-09-29T18:15:35.412+0000] {processor.py:179} INFO - Processing /home/airflow/.local/lib/python3.8/site-packages/airflow/example_dags/example_external_task_marker_dag.py took 0.098 seconds
[2023-09-29T18:16:05.939+0000] {processor.py:157} INFO - Started process (PID=1017) to work on /home/airflow/.local/lib/python3.8/site-packages/airflow/example_dags/example_external_task_marker_dag.py
[2023-09-29T18:16:05.940+0000] {processor.py:829} INFO - Processing file /home/airflow/.local/lib/python3.8/site-packages/airflow/example_dags/example_external_task_marker_dag.py for tasks to queue
[2023-09-29T18:16:05.943+0000] {logging_mixin.py:151} INFO - [2023-09-29T18:16:05.943+0000] {dagbag.py:539} INFO - Filling up the DagBag from /home/airflow/.local/lib/python3.8/site-packages/airflow/example_dags/example_external_task_marker_dag.py
[2023-09-29T18:16:05.950+0000] {processor.py:839} INFO - DAG(s) dict_keys(['example_external_task_marker_child', 'example_external_task_marker_parent']) retrieved from /home/airflow/.local/lib/python3.8/site-packages/airflow/example_dags/example_external_task_marker_dag.py
[2023-09-29T18:16:05.969+0000] {logging_mixin.py:151} INFO - [2023-09-29T18:16:05.969+0000] {dag.py:2915} INFO - Sync 2 DAGs
[2023-09-29T18:16:05.982+0000] {logging_mixin.py:151} INFO - [2023-09-29T18:16:05.981+0000] {dag.py:3696} INFO - Setting next_dagrun for example_external_task_marker_child to None, run_after=None
[2023-09-29T18:16:05.985+0000] {logging_mixin.py:151} INFO - [2023-09-29T18:16:05.985+0000] {dag.py:3696} INFO - Setting next_dagrun for example_external_task_marker_parent to None, run_after=None
[2023-09-29T18:16:05.998+0000] {processor.py:179} INFO - Processing /home/airflow/.local/lib/python3.8/site-packages/airflow/example_dags/example_external_task_marker_dag.py took 0.064 seconds
[2023-09-29T18:16:36.625+0000] {processor.py:157} INFO - Started process (PID=1072) to work on /home/airflow/.local/lib/python3.8/site-packages/airflow/example_dags/example_external_task_marker_dag.py
[2023-09-29T18:16:36.626+0000] {processor.py:829} INFO - Processing file /home/airflow/.local/lib/python3.8/site-packages/airflow/example_dags/example_external_task_marker_dag.py for tasks to queue
[2023-09-29T18:16:36.627+0000] {logging_mixin.py:151} INFO - [2023-09-29T18:16:36.627+0000] {dagbag.py:539} INFO - Filling up the DagBag from /home/airflow/.local/lib/python3.8/site-packages/airflow/example_dags/example_external_task_marker_dag.py
[2023-09-29T18:16:36.633+0000] {processor.py:839} INFO - DAG(s) dict_keys(['example_external_task_marker_child', 'example_external_task_marker_parent']) retrieved from /home/airflow/.local/lib/python3.8/site-packages/airflow/example_dags/example_external_task_marker_dag.py
[2023-09-29T18:16:36.651+0000] {logging_mixin.py:151} INFO - [2023-09-29T18:16:36.651+0000] {dag.py:2915} INFO - Sync 2 DAGs
[2023-09-29T18:16:36.661+0000] {logging_mixin.py:151} INFO - [2023-09-29T18:16:36.661+0000] {dag.py:3696} INFO - Setting next_dagrun for example_external_task_marker_child to None, run_after=None
[2023-09-29T18:16:36.663+0000] {logging_mixin.py:151} INFO - [2023-09-29T18:16:36.663+0000] {dag.py:3696} INFO - Setting next_dagrun for example_external_task_marker_parent to None, run_after=None
[2023-09-29T18:16:36.674+0000] {processor.py:179} INFO - Processing /home/airflow/.local/lib/python3.8/site-packages/airflow/example_dags/example_external_task_marker_dag.py took 0.052 seconds
[2023-09-29T18:17:07.888+0000] {processor.py:157} INFO - Started process (PID=1128) to work on /home/airflow/.local/lib/python3.8/site-packages/airflow/example_dags/example_external_task_marker_dag.py
[2023-09-29T18:17:07.889+0000] {processor.py:829} INFO - Processing file /home/airflow/.local/lib/python3.8/site-packages/airflow/example_dags/example_external_task_marker_dag.py for tasks to queue
[2023-09-29T18:17:07.891+0000] {logging_mixin.py:151} INFO - [2023-09-29T18:17:07.891+0000] {dagbag.py:539} INFO - Filling up the DagBag from /home/airflow/.local/lib/python3.8/site-packages/airflow/example_dags/example_external_task_marker_dag.py
[2023-09-29T18:17:07.899+0000] {processor.py:839} INFO - DAG(s) dict_keys(['example_external_task_marker_parent', 'example_external_task_marker_child']) retrieved from /home/airflow/.local/lib/python3.8/site-packages/airflow/example_dags/example_external_task_marker_dag.py
[2023-09-29T18:17:07.921+0000] {logging_mixin.py:151} INFO - [2023-09-29T18:17:07.921+0000] {dag.py:2915} INFO - Sync 2 DAGs
[2023-09-29T18:17:07.931+0000] {logging_mixin.py:151} INFO - [2023-09-29T18:17:07.931+0000] {dag.py:3696} INFO - Setting next_dagrun for example_external_task_marker_child to None, run_after=None
[2023-09-29T18:17:07.934+0000] {logging_mixin.py:151} INFO - [2023-09-29T18:17:07.934+0000] {dag.py:3696} INFO - Setting next_dagrun for example_external_task_marker_parent to None, run_after=None
[2023-09-29T18:17:07.944+0000] {processor.py:179} INFO - Processing /home/airflow/.local/lib/python3.8/site-packages/airflow/example_dags/example_external_task_marker_dag.py took 0.059 seconds
[2023-09-29T18:17:38.626+0000] {processor.py:157} INFO - Started process (PID=1183) to work on /home/airflow/.local/lib/python3.8/site-packages/airflow/example_dags/example_external_task_marker_dag.py
[2023-09-29T18:17:38.628+0000] {processor.py:829} INFO - Processing file /home/airflow/.local/lib/python3.8/site-packages/airflow/example_dags/example_external_task_marker_dag.py for tasks to queue
[2023-09-29T18:17:38.629+0000] {logging_mixin.py:151} INFO - [2023-09-29T18:17:38.629+0000] {dagbag.py:539} INFO - Filling up the DagBag from /home/airflow/.local/lib/python3.8/site-packages/airflow/example_dags/example_external_task_marker_dag.py
[2023-09-29T18:17:38.634+0000] {processor.py:839} INFO - DAG(s) dict_keys(['example_external_task_marker_parent', 'example_external_task_marker_child']) retrieved from /home/airflow/.local/lib/python3.8/site-packages/airflow/example_dags/example_external_task_marker_dag.py
[2023-09-29T18:17:38.654+0000] {logging_mixin.py:151} INFO - [2023-09-29T18:17:38.654+0000] {dag.py:2915} INFO - Sync 2 DAGs
[2023-09-29T18:17:38.664+0000] {logging_mixin.py:151} INFO - [2023-09-29T18:17:38.664+0000] {dag.py:3696} INFO - Setting next_dagrun for example_external_task_marker_child to None, run_after=None
[2023-09-29T18:17:38.668+0000] {logging_mixin.py:151} INFO - [2023-09-29T18:17:38.668+0000] {dag.py:3696} INFO - Setting next_dagrun for example_external_task_marker_parent to None, run_after=None
[2023-09-29T18:17:38.679+0000] {processor.py:179} INFO - Processing /home/airflow/.local/lib/python3.8/site-packages/airflow/example_dags/example_external_task_marker_dag.py took 0.056 seconds
[2023-09-29T18:18:09.234+0000] {processor.py:157} INFO - Started process (PID=1238) to work on /home/airflow/.local/lib/python3.8/site-packages/airflow/example_dags/example_external_task_marker_dag.py
[2023-09-29T18:18:09.235+0000] {processor.py:829} INFO - Processing file /home/airflow/.local/lib/python3.8/site-packages/airflow/example_dags/example_external_task_marker_dag.py for tasks to queue
[2023-09-29T18:18:09.237+0000] {logging_mixin.py:151} INFO - [2023-09-29T18:18:09.237+0000] {dagbag.py:539} INFO - Filling up the DagBag from /home/airflow/.local/lib/python3.8/site-packages/airflow/example_dags/example_external_task_marker_dag.py
[2023-09-29T18:18:09.244+0000] {processor.py:839} INFO - DAG(s) dict_keys(['example_external_task_marker_child', 'example_external_task_marker_parent']) retrieved from /home/airflow/.local/lib/python3.8/site-packages/airflow/example_dags/example_external_task_marker_dag.py
[2023-09-29T18:18:09.264+0000] {logging_mixin.py:151} INFO - [2023-09-29T18:18:09.264+0000] {dag.py:2915} INFO - Sync 2 DAGs
[2023-09-29T18:18:09.274+0000] {logging_mixin.py:151} INFO - [2023-09-29T18:18:09.274+0000] {dag.py:3696} INFO - Setting next_dagrun for example_external_task_marker_child to None, run_after=None
[2023-09-29T18:18:09.277+0000] {logging_mixin.py:151} INFO - [2023-09-29T18:18:09.276+0000] {dag.py:3696} INFO - Setting next_dagrun for example_external_task_marker_parent to None, run_after=None
[2023-09-29T18:18:09.288+0000] {processor.py:179} INFO - Processing /home/airflow/.local/lib/python3.8/site-packages/airflow/example_dags/example_external_task_marker_dag.py took 0.057 seconds
[2023-09-29T18:18:39.720+0000] {processor.py:157} INFO - Started process (PID=1293) to work on /home/airflow/.local/lib/python3.8/site-packages/airflow/example_dags/example_external_task_marker_dag.py
[2023-09-29T18:18:39.721+0000] {processor.py:829} INFO - Processing file /home/airflow/.local/lib/python3.8/site-packages/airflow/example_dags/example_external_task_marker_dag.py for tasks to queue
[2023-09-29T18:18:39.723+0000] {logging_mixin.py:151} INFO - [2023-09-29T18:18:39.723+0000] {dagbag.py:539} INFO - Filling up the DagBag from /home/airflow/.local/lib/python3.8/site-packages/airflow/example_dags/example_external_task_marker_dag.py
[2023-09-29T18:18:39.728+0000] {processor.py:839} INFO - DAG(s) dict_keys(['example_external_task_marker_child', 'example_external_task_marker_parent']) retrieved from /home/airflow/.local/lib/python3.8/site-packages/airflow/example_dags/example_external_task_marker_dag.py
[2023-09-29T18:18:39.747+0000] {logging_mixin.py:151} INFO - [2023-09-29T18:18:39.747+0000] {dag.py:2915} INFO - Sync 2 DAGs
[2023-09-29T18:18:39.756+0000] {logging_mixin.py:151} INFO - [2023-09-29T18:18:39.756+0000] {dag.py:3696} INFO - Setting next_dagrun for example_external_task_marker_child to None, run_after=None
[2023-09-29T18:18:39.759+0000] {logging_mixin.py:151} INFO - [2023-09-29T18:18:39.758+0000] {dag.py:3696} INFO - Setting next_dagrun for example_external_task_marker_parent to None, run_after=None
[2023-09-29T18:18:39.769+0000] {processor.py:179} INFO - Processing /home/airflow/.local/lib/python3.8/site-packages/airflow/example_dags/example_external_task_marker_dag.py took 0.052 seconds
[2023-09-29T18:19:10.718+0000] {processor.py:157} INFO - Started process (PID=1348) to work on /home/airflow/.local/lib/python3.8/site-packages/airflow/example_dags/example_external_task_marker_dag.py
[2023-09-29T18:19:10.719+0000] {processor.py:829} INFO - Processing file /home/airflow/.local/lib/python3.8/site-packages/airflow/example_dags/example_external_task_marker_dag.py for tasks to queue
[2023-09-29T18:19:10.722+0000] {logging_mixin.py:151} INFO - [2023-09-29T18:19:10.721+0000] {dagbag.py:539} INFO - Filling up the DagBag from /home/airflow/.local/lib/python3.8/site-packages/airflow/example_dags/example_external_task_marker_dag.py
[2023-09-29T18:19:10.728+0000] {processor.py:839} INFO - DAG(s) dict_keys(['example_external_task_marker_child', 'example_external_task_marker_parent']) retrieved from /home/airflow/.local/lib/python3.8/site-packages/airflow/example_dags/example_external_task_marker_dag.py
[2023-09-29T18:19:10.746+0000] {logging_mixin.py:151} INFO - [2023-09-29T18:19:10.746+0000] {dag.py:2915} INFO - Sync 2 DAGs
[2023-09-29T18:19:10.756+0000] {logging_mixin.py:151} INFO - [2023-09-29T18:19:10.756+0000] {dag.py:3696} INFO - Setting next_dagrun for example_external_task_marker_child to None, run_after=None
[2023-09-29T18:19:10.759+0000] {logging_mixin.py:151} INFO - [2023-09-29T18:19:10.759+0000] {dag.py:3696} INFO - Setting next_dagrun for example_external_task_marker_parent to None, run_after=None
[2023-09-29T18:19:10.769+0000] {processor.py:179} INFO - Processing /home/airflow/.local/lib/python3.8/site-packages/airflow/example_dags/example_external_task_marker_dag.py took 0.056 seconds
[2023-09-29T18:19:41.291+0000] {processor.py:157} INFO - Started process (PID=1403) to work on /home/airflow/.local/lib/python3.8/site-packages/airflow/example_dags/example_external_task_marker_dag.py
[2023-09-29T18:19:41.295+0000] {processor.py:829} INFO - Processing file /home/airflow/.local/lib/python3.8/site-packages/airflow/example_dags/example_external_task_marker_dag.py for tasks to queue
[2023-09-29T18:19:41.298+0000] {logging_mixin.py:151} INFO - [2023-09-29T18:19:41.297+0000] {dagbag.py:539} INFO - Filling up the DagBag from /home/airflow/.local/lib/python3.8/site-packages/airflow/example_dags/example_external_task_marker_dag.py
[2023-09-29T18:19:41.306+0000] {processor.py:839} INFO - DAG(s) dict_keys(['example_external_task_marker_parent', 'example_external_task_marker_child']) retrieved from /home/airflow/.local/lib/python3.8/site-packages/airflow/example_dags/example_external_task_marker_dag.py
[2023-09-29T18:19:41.333+0000] {logging_mixin.py:151} INFO - [2023-09-29T18:19:41.333+0000] {dag.py:2915} INFO - Sync 2 DAGs
[2023-09-29T18:19:41.347+0000] {logging_mixin.py:151} INFO - [2023-09-29T18:19:41.346+0000] {dag.py:3696} INFO - Setting next_dagrun for example_external_task_marker_child to None, run_after=None
[2023-09-29T18:19:41.350+0000] {logging_mixin.py:151} INFO - [2023-09-29T18:19:41.350+0000] {dag.py:3696} INFO - Setting next_dagrun for example_external_task_marker_parent to None, run_after=None
[2023-09-29T18:19:41.363+0000] {processor.py:179} INFO - Processing /home/airflow/.local/lib/python3.8/site-packages/airflow/example_dags/example_external_task_marker_dag.py took 0.084 seconds
[2023-09-29T18:20:11.650+0000] {processor.py:157} INFO - Started process (PID=1458) to work on /home/airflow/.local/lib/python3.8/site-packages/airflow/example_dags/example_external_task_marker_dag.py
[2023-09-29T18:20:11.652+0000] {processor.py:829} INFO - Processing file /home/airflow/.local/lib/python3.8/site-packages/airflow/example_dags/example_external_task_marker_dag.py for tasks to queue
[2023-09-29T18:20:11.653+0000] {logging_mixin.py:151} INFO - [2023-09-29T18:20:11.653+0000] {dagbag.py:539} INFO - Filling up the DagBag from /home/airflow/.local/lib/python3.8/site-packages/airflow/example_dags/example_external_task_marker_dag.py
[2023-09-29T18:20:11.658+0000] {processor.py:839} INFO - DAG(s) dict_keys(['example_external_task_marker_parent', 'example_external_task_marker_child']) retrieved from /home/airflow/.local/lib/python3.8/site-packages/airflow/example_dags/example_external_task_marker_dag.py
[2023-09-29T18:20:11.677+0000] {logging_mixin.py:151} INFO - [2023-09-29T18:20:11.676+0000] {dag.py:2915} INFO - Sync 2 DAGs
[2023-09-29T18:20:11.686+0000] {logging_mixin.py:151} INFO - [2023-09-29T18:20:11.686+0000] {dag.py:3696} INFO - Setting next_dagrun for example_external_task_marker_child to None, run_after=None
[2023-09-29T18:20:11.688+0000] {logging_mixin.py:151} INFO - [2023-09-29T18:20:11.688+0000] {dag.py:3696} INFO - Setting next_dagrun for example_external_task_marker_parent to None, run_after=None
[2023-09-29T18:20:11.699+0000] {processor.py:179} INFO - Processing /home/airflow/.local/lib/python3.8/site-packages/airflow/example_dags/example_external_task_marker_dag.py took 0.051 seconds
[2023-09-29T18:20:42.217+0000] {processor.py:157} INFO - Started process (PID=1514) to work on /home/airflow/.local/lib/python3.8/site-packages/airflow/example_dags/example_external_task_marker_dag.py
[2023-09-29T18:20:42.218+0000] {processor.py:829} INFO - Processing file /home/airflow/.local/lib/python3.8/site-packages/airflow/example_dags/example_external_task_marker_dag.py for tasks to queue
[2023-09-29T18:20:42.220+0000] {logging_mixin.py:151} INFO - [2023-09-29T18:20:42.220+0000] {dagbag.py:539} INFO - Filling up the DagBag from /home/airflow/.local/lib/python3.8/site-packages/airflow/example_dags/example_external_task_marker_dag.py
[2023-09-29T18:20:42.225+0000] {processor.py:839} INFO - DAG(s) dict_keys(['example_external_task_marker_child', 'example_external_task_marker_parent']) retrieved from /home/airflow/.local/lib/python3.8/site-packages/airflow/example_dags/example_external_task_marker_dag.py
[2023-09-29T18:20:42.244+0000] {logging_mixin.py:151} INFO - [2023-09-29T18:20:42.243+0000] {dag.py:2915} INFO - Sync 2 DAGs
[2023-09-29T18:20:42.261+0000] {logging_mixin.py:151} INFO - [2023-09-29T18:20:42.261+0000] {dag.py:3696} INFO - Setting next_dagrun for example_external_task_marker_child to None, run_after=None
[2023-09-29T18:20:42.264+0000] {logging_mixin.py:151} INFO - [2023-09-29T18:20:42.264+0000] {dag.py:3696} INFO - Setting next_dagrun for example_external_task_marker_parent to None, run_after=None
[2023-09-29T18:20:42.284+0000] {processor.py:179} INFO - Processing /home/airflow/.local/lib/python3.8/site-packages/airflow/example_dags/example_external_task_marker_dag.py took 0.069 seconds
[2023-09-29T18:21:12.786+0000] {processor.py:157} INFO - Started process (PID=1569) to work on /home/airflow/.local/lib/python3.8/site-packages/airflow/example_dags/example_external_task_marker_dag.py
[2023-09-29T18:21:12.788+0000] {processor.py:829} INFO - Processing file /home/airflow/.local/lib/python3.8/site-packages/airflow/example_dags/example_external_task_marker_dag.py for tasks to queue
[2023-09-29T18:21:12.790+0000] {logging_mixin.py:151} INFO - [2023-09-29T18:21:12.790+0000] {dagbag.py:539} INFO - Filling up the DagBag from /home/airflow/.local/lib/python3.8/site-packages/airflow/example_dags/example_external_task_marker_dag.py
[2023-09-29T18:21:12.795+0000] {processor.py:839} INFO - DAG(s) dict_keys(['example_external_task_marker_parent', 'example_external_task_marker_child']) retrieved from /home/airflow/.local/lib/python3.8/site-packages/airflow/example_dags/example_external_task_marker_dag.py
[2023-09-29T18:21:12.820+0000] {logging_mixin.py:151} INFO - [2023-09-29T18:21:12.820+0000] {dag.py:2915} INFO - Sync 2 DAGs
[2023-09-29T18:21:12.843+0000] {logging_mixin.py:151} INFO - [2023-09-29T18:21:12.843+0000] {dag.py:3696} INFO - Setting next_dagrun for example_external_task_marker_child to None, run_after=None
[2023-09-29T18:21:12.853+0000] {logging_mixin.py:151} INFO - [2023-09-29T18:21:12.853+0000] {dag.py:3696} INFO - Setting next_dagrun for example_external_task_marker_parent to None, run_after=None
[2023-09-29T18:21:12.866+0000] {processor.py:179} INFO - Processing /home/airflow/.local/lib/python3.8/site-packages/airflow/example_dags/example_external_task_marker_dag.py took 0.083 seconds
[2023-09-29T18:21:43.167+0000] {processor.py:157} INFO - Started process (PID=1625) to work on /home/airflow/.local/lib/python3.8/site-packages/airflow/example_dags/example_external_task_marker_dag.py
[2023-09-29T18:21:43.169+0000] {processor.py:829} INFO - Processing file /home/airflow/.local/lib/python3.8/site-packages/airflow/example_dags/example_external_task_marker_dag.py for tasks to queue
[2023-09-29T18:21:43.176+0000] {logging_mixin.py:151} INFO - [2023-09-29T18:21:43.175+0000] {dagbag.py:539} INFO - Filling up the DagBag from /home/airflow/.local/lib/python3.8/site-packages/airflow/example_dags/example_external_task_marker_dag.py
[2023-09-29T18:21:43.186+0000] {processor.py:839} INFO - DAG(s) dict_keys(['example_external_task_marker_parent', 'example_external_task_marker_child']) retrieved from /home/airflow/.local/lib/python3.8/site-packages/airflow/example_dags/example_external_task_marker_dag.py
[2023-09-29T18:21:43.262+0000] {logging_mixin.py:151} INFO - [2023-09-29T18:21:43.261+0000] {dag.py:2915} INFO - Sync 2 DAGs
[2023-09-29T18:21:43.284+0000] {logging_mixin.py:151} INFO - [2023-09-29T18:21:43.283+0000] {dag.py:3696} INFO - Setting next_dagrun for example_external_task_marker_child to None, run_after=None
[2023-09-29T18:21:43.289+0000] {logging_mixin.py:151} INFO - [2023-09-29T18:21:43.289+0000] {dag.py:3696} INFO - Setting next_dagrun for example_external_task_marker_parent to None, run_after=None
[2023-09-29T18:21:43.327+0000] {processor.py:179} INFO - Processing /home/airflow/.local/lib/python3.8/site-packages/airflow/example_dags/example_external_task_marker_dag.py took 0.170 seconds
[2023-09-29T18:22:13.720+0000] {processor.py:157} INFO - Started process (PID=1680) to work on /home/airflow/.local/lib/python3.8/site-packages/airflow/example_dags/example_external_task_marker_dag.py
[2023-09-29T18:22:13.722+0000] {processor.py:829} INFO - Processing file /home/airflow/.local/lib/python3.8/site-packages/airflow/example_dags/example_external_task_marker_dag.py for tasks to queue
[2023-09-29T18:22:13.724+0000] {logging_mixin.py:151} INFO - [2023-09-29T18:22:13.724+0000] {dagbag.py:539} INFO - Filling up the DagBag from /home/airflow/.local/lib/python3.8/site-packages/airflow/example_dags/example_external_task_marker_dag.py
[2023-09-29T18:22:13.731+0000] {processor.py:839} INFO - DAG(s) dict_keys(['example_external_task_marker_parent', 'example_external_task_marker_child']) retrieved from /home/airflow/.local/lib/python3.8/site-packages/airflow/example_dags/example_external_task_marker_dag.py
[2023-09-29T18:22:13.750+0000] {logging_mixin.py:151} INFO - [2023-09-29T18:22:13.750+0000] {dag.py:2915} INFO - Sync 2 DAGs
[2023-09-29T18:22:13.759+0000] {logging_mixin.py:151} INFO - [2023-09-29T18:22:13.759+0000] {dag.py:3696} INFO - Setting next_dagrun for example_external_task_marker_child to None, run_after=None
[2023-09-29T18:22:13.762+0000] {logging_mixin.py:151} INFO - [2023-09-29T18:22:13.762+0000] {dag.py:3696} INFO - Setting next_dagrun for example_external_task_marker_parent to None, run_after=None
[2023-09-29T18:22:13.772+0000] {processor.py:179} INFO - Processing /home/airflow/.local/lib/python3.8/site-packages/airflow/example_dags/example_external_task_marker_dag.py took 0.054 seconds
[2023-09-29T18:22:44.720+0000] {processor.py:157} INFO - Started process (PID=1735) to work on /home/airflow/.local/lib/python3.8/site-packages/airflow/example_dags/example_external_task_marker_dag.py
[2023-09-29T18:22:44.721+0000] {processor.py:829} INFO - Processing file /home/airflow/.local/lib/python3.8/site-packages/airflow/example_dags/example_external_task_marker_dag.py for tasks to queue
[2023-09-29T18:22:44.723+0000] {logging_mixin.py:151} INFO - [2023-09-29T18:22:44.723+0000] {dagbag.py:539} INFO - Filling up the DagBag from /home/airflow/.local/lib/python3.8/site-packages/airflow/example_dags/example_external_task_marker_dag.py
[2023-09-29T18:22:44.728+0000] {processor.py:839} INFO - DAG(s) dict_keys(['example_external_task_marker_parent', 'example_external_task_marker_child']) retrieved from /home/airflow/.local/lib/python3.8/site-packages/airflow/example_dags/example_external_task_marker_dag.py
[2023-09-29T18:22:44.750+0000] {logging_mixin.py:151} INFO - [2023-09-29T18:22:44.750+0000] {dag.py:2915} INFO - Sync 2 DAGs
[2023-09-29T18:22:44.761+0000] {logging_mixin.py:151} INFO - [2023-09-29T18:22:44.761+0000] {dag.py:3696} INFO - Setting next_dagrun for example_external_task_marker_child to None, run_after=None
[2023-09-29T18:22:44.763+0000] {logging_mixin.py:151} INFO - [2023-09-29T18:22:44.763+0000] {dag.py:3696} INFO - Setting next_dagrun for example_external_task_marker_parent to None, run_after=None
[2023-09-29T18:22:44.774+0000] {processor.py:179} INFO - Processing /home/airflow/.local/lib/python3.8/site-packages/airflow/example_dags/example_external_task_marker_dag.py took 0.058 seconds
[2023-09-29T18:23:14.856+0000] {processor.py:157} INFO - Started process (PID=1791) to work on /home/airflow/.local/lib/python3.8/site-packages/airflow/example_dags/example_external_task_marker_dag.py
[2023-09-29T18:23:14.857+0000] {processor.py:829} INFO - Processing file /home/airflow/.local/lib/python3.8/site-packages/airflow/example_dags/example_external_task_marker_dag.py for tasks to queue
[2023-09-29T18:23:14.859+0000] {logging_mixin.py:151} INFO - [2023-09-29T18:23:14.858+0000] {dagbag.py:539} INFO - Filling up the DagBag from /home/airflow/.local/lib/python3.8/site-packages/airflow/example_dags/example_external_task_marker_dag.py
[2023-09-29T18:23:14.864+0000] {processor.py:839} INFO - DAG(s) dict_keys(['example_external_task_marker_parent', 'example_external_task_marker_child']) retrieved from /home/airflow/.local/lib/python3.8/site-packages/airflow/example_dags/example_external_task_marker_dag.py
[2023-09-29T18:23:14.884+0000] {logging_mixin.py:151} INFO - [2023-09-29T18:23:14.884+0000] {dag.py:2915} INFO - Sync 2 DAGs
[2023-09-29T18:23:14.895+0000] {logging_mixin.py:151} INFO - [2023-09-29T18:23:14.895+0000] {dag.py:3696} INFO - Setting next_dagrun for example_external_task_marker_child to None, run_after=None
[2023-09-29T18:23:14.898+0000] {logging_mixin.py:151} INFO - [2023-09-29T18:23:14.898+0000] {dag.py:3696} INFO - Setting next_dagrun for example_external_task_marker_parent to None, run_after=None
[2023-09-29T18:23:14.913+0000] {processor.py:179} INFO - Processing /home/airflow/.local/lib/python3.8/site-packages/airflow/example_dags/example_external_task_marker_dag.py took 0.061 seconds
[2023-09-29T18:23:45.131+0000] {processor.py:157} INFO - Started process (PID=1845) to work on /home/airflow/.local/lib/python3.8/site-packages/airflow/example_dags/example_external_task_marker_dag.py
[2023-09-29T18:23:45.132+0000] {processor.py:829} INFO - Processing file /home/airflow/.local/lib/python3.8/site-packages/airflow/example_dags/example_external_task_marker_dag.py for tasks to queue
[2023-09-29T18:23:45.134+0000] {logging_mixin.py:151} INFO - [2023-09-29T18:23:45.134+0000] {dagbag.py:539} INFO - Filling up the DagBag from /home/airflow/.local/lib/python3.8/site-packages/airflow/example_dags/example_external_task_marker_dag.py
[2023-09-29T18:23:45.139+0000] {processor.py:839} INFO - DAG(s) dict_keys(['example_external_task_marker_parent', 'example_external_task_marker_child']) retrieved from /home/airflow/.local/lib/python3.8/site-packages/airflow/example_dags/example_external_task_marker_dag.py
[2023-09-29T18:23:45.156+0000] {logging_mixin.py:151} INFO - [2023-09-29T18:23:45.156+0000] {dag.py:2915} INFO - Sync 2 DAGs
[2023-09-29T18:23:45.165+0000] {logging_mixin.py:151} INFO - [2023-09-29T18:23:45.165+0000] {dag.py:3696} INFO - Setting next_dagrun for example_external_task_marker_child to None, run_after=None
[2023-09-29T18:23:45.168+0000] {logging_mixin.py:151} INFO - [2023-09-29T18:23:45.168+0000] {dag.py:3696} INFO - Setting next_dagrun for example_external_task_marker_parent to None, run_after=None
[2023-09-29T18:23:45.178+0000] {processor.py:179} INFO - Processing /home/airflow/.local/lib/python3.8/site-packages/airflow/example_dags/example_external_task_marker_dag.py took 0.049 seconds
[2023-09-29T18:24:15.346+0000] {processor.py:157} INFO - Started process (PID=1900) to work on /home/airflow/.local/lib/python3.8/site-packages/airflow/example_dags/example_external_task_marker_dag.py
[2023-09-29T18:24:15.347+0000] {processor.py:829} INFO - Processing file /home/airflow/.local/lib/python3.8/site-packages/airflow/example_dags/example_external_task_marker_dag.py for tasks to queue
[2023-09-29T18:24:15.349+0000] {logging_mixin.py:151} INFO - [2023-09-29T18:24:15.349+0000] {dagbag.py:539} INFO - Filling up the DagBag from /home/airflow/.local/lib/python3.8/site-packages/airflow/example_dags/example_external_task_marker_dag.py
[2023-09-29T18:24:15.354+0000] {processor.py:839} INFO - DAG(s) dict_keys(['example_external_task_marker_parent', 'example_external_task_marker_child']) retrieved from /home/airflow/.local/lib/python3.8/site-packages/airflow/example_dags/example_external_task_marker_dag.py
[2023-09-29T18:24:15.372+0000] {logging_mixin.py:151} INFO - [2023-09-29T18:24:15.372+0000] {dag.py:2915} INFO - Sync 2 DAGs
[2023-09-29T18:24:15.381+0000] {logging_mixin.py:151} INFO - [2023-09-29T18:24:15.381+0000] {dag.py:3696} INFO - Setting next_dagrun for example_external_task_marker_child to None, run_after=None
[2023-09-29T18:24:15.384+0000] {logging_mixin.py:151} INFO - [2023-09-29T18:24:15.384+0000] {dag.py:3696} INFO - Setting next_dagrun for example_external_task_marker_parent to None, run_after=None
[2023-09-29T18:24:15.397+0000] {processor.py:179} INFO - Processing /home/airflow/.local/lib/python3.8/site-packages/airflow/example_dags/example_external_task_marker_dag.py took 0.053 seconds
[2023-09-29T18:24:45.668+0000] {processor.py:157} INFO - Started process (PID=1955) to work on /home/airflow/.local/lib/python3.8/site-packages/airflow/example_dags/example_external_task_marker_dag.py
[2023-09-29T18:24:45.669+0000] {processor.py:829} INFO - Processing file /home/airflow/.local/lib/python3.8/site-packages/airflow/example_dags/example_external_task_marker_dag.py for tasks to queue
[2023-09-29T18:24:45.671+0000] {logging_mixin.py:151} INFO - [2023-09-29T18:24:45.671+0000] {dagbag.py:539} INFO - Filling up the DagBag from /home/airflow/.local/lib/python3.8/site-packages/airflow/example_dags/example_external_task_marker_dag.py
[2023-09-29T18:24:45.676+0000] {processor.py:839} INFO - DAG(s) dict_keys(['example_external_task_marker_child', 'example_external_task_marker_parent']) retrieved from /home/airflow/.local/lib/python3.8/site-packages/airflow/example_dags/example_external_task_marker_dag.py
[2023-09-29T18:24:45.695+0000] {logging_mixin.py:151} INFO - [2023-09-29T18:24:45.695+0000] {dag.py:2915} INFO - Sync 2 DAGs
[2023-09-29T18:24:45.704+0000] {logging_mixin.py:151} INFO - [2023-09-29T18:24:45.704+0000] {dag.py:3696} INFO - Setting next_dagrun for example_external_task_marker_child to None, run_after=None
[2023-09-29T18:24:45.707+0000] {logging_mixin.py:151} INFO - [2023-09-29T18:24:45.707+0000] {dag.py:3696} INFO - Setting next_dagrun for example_external_task_marker_parent to None, run_after=None
[2023-09-29T18:24:45.718+0000] {processor.py:179} INFO - Processing /home/airflow/.local/lib/python3.8/site-packages/airflow/example_dags/example_external_task_marker_dag.py took 0.053 seconds
[2023-09-29T18:25:16.031+0000] {processor.py:157} INFO - Started process (PID=2010) to work on /home/airflow/.local/lib/python3.8/site-packages/airflow/example_dags/example_external_task_marker_dag.py
[2023-09-29T18:25:16.032+0000] {processor.py:829} INFO - Processing file /home/airflow/.local/lib/python3.8/site-packages/airflow/example_dags/example_external_task_marker_dag.py for tasks to queue
[2023-09-29T18:25:16.034+0000] {logging_mixin.py:151} INFO - [2023-09-29T18:25:16.033+0000] {dagbag.py:539} INFO - Filling up the DagBag from /home/airflow/.local/lib/python3.8/site-packages/airflow/example_dags/example_external_task_marker_dag.py
[2023-09-29T18:25:16.038+0000] {processor.py:839} INFO - DAG(s) dict_keys(['example_external_task_marker_parent', 'example_external_task_marker_child']) retrieved from /home/airflow/.local/lib/python3.8/site-packages/airflow/example_dags/example_external_task_marker_dag.py
[2023-09-29T18:25:16.061+0000] {logging_mixin.py:151} INFO - [2023-09-29T18:25:16.061+0000] {dag.py:2915} INFO - Sync 2 DAGs
[2023-09-29T18:25:16.071+0000] {logging_mixin.py:151} INFO - [2023-09-29T18:25:16.071+0000] {dag.py:3696} INFO - Setting next_dagrun for example_external_task_marker_child to None, run_after=None
[2023-09-29T18:25:16.073+0000] {logging_mixin.py:151} INFO - [2023-09-29T18:25:16.073+0000] {dag.py:3696} INFO - Setting next_dagrun for example_external_task_marker_parent to None, run_after=None
[2023-09-29T18:25:16.084+0000] {processor.py:179} INFO - Processing /home/airflow/.local/lib/python3.8/site-packages/airflow/example_dags/example_external_task_marker_dag.py took 0.056 seconds
