[2023-09-29T18:07:12.553+0000] {processor.py:157} INFO - Started process (PID=38) to work on /home/airflow/.local/lib/python3.8/site-packages/airflow/example_dags/example_subdag_operator.py
[2023-09-29T18:07:12.565+0000] {processor.py:829} INFO - Processing file /home/airflow/.local/lib/python3.8/site-packages/airflow/example_dags/example_subdag_operator.py for tasks to queue
[2023-09-29T18:07:12.576+0000] {logging_mixin.py:151} INFO - [2023-09-29T18:07:12.576+0000] {dagbag.py:539} INFO - Filling up the DagBag from /home/airflow/.local/lib/python3.8/site-packages/airflow/example_dags/example_subdag_operator.py
[2023-09-29T18:07:12.610+0000] {processor.py:839} INFO - DAG(s) dict_keys(['example_subdag_operator.section-1', 'example_subdag_operator.section-2', 'example_subdag_operator']) retrieved from /home/airflow/.local/lib/python3.8/site-packages/airflow/example_dags/example_subdag_operator.py
[2023-09-29T18:07:12.614+0000] {logging_mixin.py:151} INFO - [2023-09-29T18:07:12.614+0000] {dag.py:2915} INFO - Sync 3 DAGs
[2023-09-29T18:07:12.669+0000] {logging_mixin.py:151} INFO - [2023-09-29T18:07:12.669+0000] {dag.py:3696} INFO - Setting next_dagrun for example_subdag_operator to 2022-01-01T00:00:00+00:00, run_after=2022-01-01T00:00:00+00:00
[2023-09-29T18:07:12.690+0000] {logging_mixin.py:151} INFO - [2023-09-29T18:07:12.690+0000] {dag.py:3696} INFO - Setting next_dagrun for example_subdag_operator.section-1 to None, run_after=None
[2023-09-29T18:07:12.732+0000] {logging_mixin.py:151} INFO - [2023-09-29T18:07:12.731+0000] {dag.py:3696} INFO - Setting next_dagrun for example_subdag_operator.section-2 to None, run_after=None
[2023-09-29T18:07:12.757+0000] {logging_mixin.py:151} INFO - [2023-09-29T18:07:12.757+0000] {dag.py:2915} INFO - Sync 2 DAGs
[2023-09-29T18:07:12.781+0000] {logging_mixin.py:151} INFO - [2023-09-29T18:07:12.780+0000] {dag.py:3696} INFO - Setting next_dagrun for example_subdag_operator.section-1 to None, run_after=None
[2023-09-29T18:07:12.786+0000] {logging_mixin.py:151} INFO - [2023-09-29T18:07:12.786+0000] {dag.py:3696} INFO - Setting next_dagrun for example_subdag_operator.section-2 to None, run_after=None
[2023-09-29T18:07:12.806+0000] {processor.py:179} INFO - Processing /home/airflow/.local/lib/python3.8/site-packages/airflow/example_dags/example_subdag_operator.py took 0.259 seconds
[2023-09-29T18:07:45.751+0000] {processor.py:157} INFO - Started process (PID=97) to work on /home/airflow/.local/lib/python3.8/site-packages/airflow/example_dags/example_subdag_operator.py
[2023-09-29T18:07:45.758+0000] {processor.py:829} INFO - Processing file /home/airflow/.local/lib/python3.8/site-packages/airflow/example_dags/example_subdag_operator.py for tasks to queue
[2023-09-29T18:07:45.764+0000] {logging_mixin.py:151} INFO - [2023-09-29T18:07:45.763+0000] {dagbag.py:539} INFO - Filling up the DagBag from /home/airflow/.local/lib/python3.8/site-packages/airflow/example_dags/example_subdag_operator.py
[2023-09-29T18:07:45.818+0000] {processor.py:839} INFO - DAG(s) dict_keys(['example_subdag_operator.section-1', 'example_subdag_operator.section-2', 'example_subdag_operator']) retrieved from /home/airflow/.local/lib/python3.8/site-packages/airflow/example_dags/example_subdag_operator.py
[2023-09-29T18:07:45.865+0000] {logging_mixin.py:151} INFO - [2023-09-29T18:07:45.865+0000] {dag.py:2915} INFO - Sync 3 DAGs
[2023-09-29T18:07:45.956+0000] {logging_mixin.py:151} INFO - [2023-09-29T18:07:45.955+0000] {dag.py:3696} INFO - Setting next_dagrun for example_subdag_operator to 2022-01-01T00:00:00+00:00, run_after=2022-01-01T00:00:00+00:00
[2023-09-29T18:07:45.981+0000] {logging_mixin.py:151} INFO - [2023-09-29T18:07:45.980+0000] {dag.py:3696} INFO - Setting next_dagrun for example_subdag_operator.section-1 to None, run_after=None
[2023-09-29T18:07:45.983+0000] {logging_mixin.py:151} INFO - [2023-09-29T18:07:45.983+0000] {dag.py:3696} INFO - Setting next_dagrun for example_subdag_operator.section-2 to None, run_after=None
[2023-09-29T18:07:45.997+0000] {logging_mixin.py:151} INFO - [2023-09-29T18:07:45.996+0000] {dag.py:2915} INFO - Sync 2 DAGs
[2023-09-29T18:07:46.007+0000] {logging_mixin.py:151} INFO - [2023-09-29T18:07:46.007+0000] {dag.py:3696} INFO - Setting next_dagrun for example_subdag_operator.section-1 to None, run_after=None
[2023-09-29T18:07:46.009+0000] {logging_mixin.py:151} INFO - [2023-09-29T18:07:46.008+0000] {dag.py:3696} INFO - Setting next_dagrun for example_subdag_operator.section-2 to None, run_after=None
[2023-09-29T18:07:46.034+0000] {processor.py:179} INFO - Processing /home/airflow/.local/lib/python3.8/site-packages/airflow/example_dags/example_subdag_operator.py took 0.317 seconds
[2023-09-29T18:08:16.488+0000] {processor.py:157} INFO - Started process (PID=151) to work on /home/airflow/.local/lib/python3.8/site-packages/airflow/example_dags/example_subdag_operator.py
[2023-09-29T18:08:16.490+0000] {processor.py:829} INFO - Processing file /home/airflow/.local/lib/python3.8/site-packages/airflow/example_dags/example_subdag_operator.py for tasks to queue
[2023-09-29T18:08:16.493+0000] {logging_mixin.py:151} INFO - [2023-09-29T18:08:16.493+0000] {dagbag.py:539} INFO - Filling up the DagBag from /home/airflow/.local/lib/python3.8/site-packages/airflow/example_dags/example_subdag_operator.py
[2023-09-29T18:08:16.514+0000] {processor.py:839} INFO - DAG(s) dict_keys(['example_subdag_operator.section-1', 'example_subdag_operator.section-2', 'example_subdag_operator']) retrieved from /home/airflow/.local/lib/python3.8/site-packages/airflow/example_dags/example_subdag_operator.py
[2023-09-29T18:08:16.524+0000] {logging_mixin.py:151} INFO - [2023-09-29T18:08:16.524+0000] {dag.py:2915} INFO - Sync 3 DAGs
[2023-09-29T18:08:16.539+0000] {logging_mixin.py:151} INFO - [2023-09-29T18:08:16.539+0000] {dag.py:3696} INFO - Setting next_dagrun for example_subdag_operator to 2022-01-01T00:00:00+00:00, run_after=2022-01-01T00:00:00+00:00
[2023-09-29T18:08:16.541+0000] {logging_mixin.py:151} INFO - [2023-09-29T18:08:16.541+0000] {dag.py:3696} INFO - Setting next_dagrun for example_subdag_operator.section-1 to None, run_after=None
[2023-09-29T18:08:16.542+0000] {logging_mixin.py:151} INFO - [2023-09-29T18:08:16.542+0000] {dag.py:3696} INFO - Setting next_dagrun for example_subdag_operator.section-2 to None, run_after=None
[2023-09-29T18:08:16.548+0000] {logging_mixin.py:151} INFO - [2023-09-29T18:08:16.548+0000] {dag.py:2915} INFO - Sync 2 DAGs
[2023-09-29T18:08:16.552+0000] {logging_mixin.py:151} INFO - [2023-09-29T18:08:16.551+0000] {dag.py:3696} INFO - Setting next_dagrun for example_subdag_operator.section-1 to None, run_after=None
[2023-09-29T18:08:16.552+0000] {logging_mixin.py:151} INFO - [2023-09-29T18:08:16.552+0000] {dag.py:3696} INFO - Setting next_dagrun for example_subdag_operator.section-2 to None, run_after=None
[2023-09-29T18:08:16.558+0000] {processor.py:179} INFO - Processing /home/airflow/.local/lib/python3.8/site-packages/airflow/example_dags/example_subdag_operator.py took 0.074 seconds
[2023-09-29T18:08:47.204+0000] {processor.py:157} INFO - Started process (PID=206) to work on /home/airflow/.local/lib/python3.8/site-packages/airflow/example_dags/example_subdag_operator.py
[2023-09-29T18:08:47.205+0000] {processor.py:829} INFO - Processing file /home/airflow/.local/lib/python3.8/site-packages/airflow/example_dags/example_subdag_operator.py for tasks to queue
[2023-09-29T18:08:47.207+0000] {logging_mixin.py:151} INFO - [2023-09-29T18:08:47.207+0000] {dagbag.py:539} INFO - Filling up the DagBag from /home/airflow/.local/lib/python3.8/site-packages/airflow/example_dags/example_subdag_operator.py
[2023-09-29T18:08:47.227+0000] {processor.py:839} INFO - DAG(s) dict_keys(['example_subdag_operator.section-1', 'example_subdag_operator.section-2', 'example_subdag_operator']) retrieved from /home/airflow/.local/lib/python3.8/site-packages/airflow/example_dags/example_subdag_operator.py
[2023-09-29T18:08:47.238+0000] {logging_mixin.py:151} INFO - [2023-09-29T18:08:47.238+0000] {dag.py:2915} INFO - Sync 3 DAGs
[2023-09-29T18:08:47.254+0000] {logging_mixin.py:151} INFO - [2023-09-29T18:08:47.253+0000] {dag.py:3696} INFO - Setting next_dagrun for example_subdag_operator to 2022-01-01T00:00:00+00:00, run_after=2022-01-01T00:00:00+00:00
[2023-09-29T18:08:47.257+0000] {logging_mixin.py:151} INFO - [2023-09-29T18:08:47.256+0000] {dag.py:3696} INFO - Setting next_dagrun for example_subdag_operator.section-1 to None, run_after=None
[2023-09-29T18:08:47.257+0000] {logging_mixin.py:151} INFO - [2023-09-29T18:08:47.257+0000] {dag.py:3696} INFO - Setting next_dagrun for example_subdag_operator.section-2 to None, run_after=None
[2023-09-29T18:08:47.263+0000] {logging_mixin.py:151} INFO - [2023-09-29T18:08:47.263+0000] {dag.py:2915} INFO - Sync 2 DAGs
[2023-09-29T18:08:47.268+0000] {logging_mixin.py:151} INFO - [2023-09-29T18:08:47.268+0000] {dag.py:3696} INFO - Setting next_dagrun for example_subdag_operator.section-1 to None, run_after=None
[2023-09-29T18:08:47.268+0000] {logging_mixin.py:151} INFO - [2023-09-29T18:08:47.268+0000] {dag.py:3696} INFO - Setting next_dagrun for example_subdag_operator.section-2 to None, run_after=None
[2023-09-29T18:08:47.275+0000] {processor.py:179} INFO - Processing /home/airflow/.local/lib/python3.8/site-packages/airflow/example_dags/example_subdag_operator.py took 0.074 seconds
[2023-09-29T18:09:17.779+0000] {processor.py:157} INFO - Started process (PID=261) to work on /home/airflow/.local/lib/python3.8/site-packages/airflow/example_dags/example_subdag_operator.py
[2023-09-29T18:09:17.781+0000] {processor.py:829} INFO - Processing file /home/airflow/.local/lib/python3.8/site-packages/airflow/example_dags/example_subdag_operator.py for tasks to queue
[2023-09-29T18:09:17.783+0000] {logging_mixin.py:151} INFO - [2023-09-29T18:09:17.783+0000] {dagbag.py:539} INFO - Filling up the DagBag from /home/airflow/.local/lib/python3.8/site-packages/airflow/example_dags/example_subdag_operator.py
[2023-09-29T18:09:17.814+0000] {processor.py:839} INFO - DAG(s) dict_keys(['example_subdag_operator.section-1', 'example_subdag_operator.section-2', 'example_subdag_operator']) retrieved from /home/airflow/.local/lib/python3.8/site-packages/airflow/example_dags/example_subdag_operator.py
[2023-09-29T18:09:17.828+0000] {logging_mixin.py:151} INFO - [2023-09-29T18:09:17.828+0000] {dag.py:2915} INFO - Sync 3 DAGs
[2023-09-29T18:09:17.846+0000] {logging_mixin.py:151} INFO - [2023-09-29T18:09:17.846+0000] {dag.py:3696} INFO - Setting next_dagrun for example_subdag_operator to 2022-01-01T00:00:00+00:00, run_after=2022-01-01T00:00:00+00:00
[2023-09-29T18:09:17.850+0000] {logging_mixin.py:151} INFO - [2023-09-29T18:09:17.850+0000] {dag.py:3696} INFO - Setting next_dagrun for example_subdag_operator.section-1 to None, run_after=None
[2023-09-29T18:09:17.851+0000] {logging_mixin.py:151} INFO - [2023-09-29T18:09:17.851+0000] {dag.py:3696} INFO - Setting next_dagrun for example_subdag_operator.section-2 to None, run_after=None
[2023-09-29T18:09:17.859+0000] {logging_mixin.py:151} INFO - [2023-09-29T18:09:17.859+0000] {dag.py:2915} INFO - Sync 2 DAGs
[2023-09-29T18:09:17.864+0000] {logging_mixin.py:151} INFO - [2023-09-29T18:09:17.864+0000] {dag.py:3696} INFO - Setting next_dagrun for example_subdag_operator.section-1 to None, run_after=None
[2023-09-29T18:09:17.865+0000] {logging_mixin.py:151} INFO - [2023-09-29T18:09:17.864+0000] {dag.py:3696} INFO - Setting next_dagrun for example_subdag_operator.section-2 to None, run_after=None
[2023-09-29T18:09:17.872+0000] {processor.py:179} INFO - Processing /home/airflow/.local/lib/python3.8/site-packages/airflow/example_dags/example_subdag_operator.py took 0.098 seconds
[2023-09-29T18:09:48.258+0000] {processor.py:157} INFO - Started process (PID=316) to work on /home/airflow/.local/lib/python3.8/site-packages/airflow/example_dags/example_subdag_operator.py
[2023-09-29T18:09:48.259+0000] {processor.py:829} INFO - Processing file /home/airflow/.local/lib/python3.8/site-packages/airflow/example_dags/example_subdag_operator.py for tasks to queue
[2023-09-29T18:09:48.261+0000] {logging_mixin.py:151} INFO - [2023-09-29T18:09:48.261+0000] {dagbag.py:539} INFO - Filling up the DagBag from /home/airflow/.local/lib/python3.8/site-packages/airflow/example_dags/example_subdag_operator.py
[2023-09-29T18:09:48.282+0000] {processor.py:839} INFO - DAG(s) dict_keys(['example_subdag_operator.section-1', 'example_subdag_operator.section-2', 'example_subdag_operator']) retrieved from /home/airflow/.local/lib/python3.8/site-packages/airflow/example_dags/example_subdag_operator.py
[2023-09-29T18:09:48.293+0000] {logging_mixin.py:151} INFO - [2023-09-29T18:09:48.293+0000] {dag.py:2915} INFO - Sync 3 DAGs
[2023-09-29T18:09:48.309+0000] {logging_mixin.py:151} INFO - [2023-09-29T18:09:48.308+0000] {dag.py:3696} INFO - Setting next_dagrun for example_subdag_operator to 2022-01-01T00:00:00+00:00, run_after=2022-01-01T00:00:00+00:00
[2023-09-29T18:09:48.311+0000] {logging_mixin.py:151} INFO - [2023-09-29T18:09:48.311+0000] {dag.py:3696} INFO - Setting next_dagrun for example_subdag_operator.section-1 to None, run_after=None
[2023-09-29T18:09:48.312+0000] {logging_mixin.py:151} INFO - [2023-09-29T18:09:48.312+0000] {dag.py:3696} INFO - Setting next_dagrun for example_subdag_operator.section-2 to None, run_after=None
[2023-09-29T18:09:48.318+0000] {logging_mixin.py:151} INFO - [2023-09-29T18:09:48.318+0000] {dag.py:2915} INFO - Sync 2 DAGs
[2023-09-29T18:09:48.323+0000] {logging_mixin.py:151} INFO - [2023-09-29T18:09:48.323+0000] {dag.py:3696} INFO - Setting next_dagrun for example_subdag_operator.section-1 to None, run_after=None
[2023-09-29T18:09:48.323+0000] {logging_mixin.py:151} INFO - [2023-09-29T18:09:48.323+0000] {dag.py:3696} INFO - Setting next_dagrun for example_subdag_operator.section-2 to None, run_after=None
[2023-09-29T18:09:48.335+0000] {processor.py:179} INFO - Processing /home/airflow/.local/lib/python3.8/site-packages/airflow/example_dags/example_subdag_operator.py took 0.080 seconds
[2023-09-29T18:10:18.838+0000] {processor.py:157} INFO - Started process (PID=371) to work on /home/airflow/.local/lib/python3.8/site-packages/airflow/example_dags/example_subdag_operator.py
[2023-09-29T18:10:18.841+0000] {processor.py:829} INFO - Processing file /home/airflow/.local/lib/python3.8/site-packages/airflow/example_dags/example_subdag_operator.py for tasks to queue
[2023-09-29T18:10:18.845+0000] {logging_mixin.py:151} INFO - [2023-09-29T18:10:18.845+0000] {dagbag.py:539} INFO - Filling up the DagBag from /home/airflow/.local/lib/python3.8/site-packages/airflow/example_dags/example_subdag_operator.py
[2023-09-29T18:10:18.900+0000] {processor.py:839} INFO - DAG(s) dict_keys(['example_subdag_operator.section-1', 'example_subdag_operator.section-2', 'example_subdag_operator']) retrieved from /home/airflow/.local/lib/python3.8/site-packages/airflow/example_dags/example_subdag_operator.py
[2023-09-29T18:10:18.930+0000] {logging_mixin.py:151} INFO - [2023-09-29T18:10:18.930+0000] {dag.py:2915} INFO - Sync 3 DAGs
[2023-09-29T18:10:18.951+0000] {logging_mixin.py:151} INFO - [2023-09-29T18:10:18.951+0000] {dag.py:3696} INFO - Setting next_dagrun for example_subdag_operator to 2022-01-01T00:00:00+00:00, run_after=2022-01-01T00:00:00+00:00
[2023-09-29T18:10:18.955+0000] {logging_mixin.py:151} INFO - [2023-09-29T18:10:18.954+0000] {dag.py:3696} INFO - Setting next_dagrun for example_subdag_operator.section-1 to None, run_after=None
[2023-09-29T18:10:18.956+0000] {logging_mixin.py:151} INFO - [2023-09-29T18:10:18.956+0000] {dag.py:3696} INFO - Setting next_dagrun for example_subdag_operator.section-2 to None, run_after=None
[2023-09-29T18:10:18.963+0000] {logging_mixin.py:151} INFO - [2023-09-29T18:10:18.963+0000] {dag.py:2915} INFO - Sync 2 DAGs
[2023-09-29T18:10:18.979+0000] {logging_mixin.py:151} INFO - [2023-09-29T18:10:18.979+0000] {dag.py:3696} INFO - Setting next_dagrun for example_subdag_operator.section-1 to None, run_after=None
[2023-09-29T18:10:18.980+0000] {logging_mixin.py:151} INFO - [2023-09-29T18:10:18.980+0000] {dag.py:3696} INFO - Setting next_dagrun for example_subdag_operator.section-2 to None, run_after=None
[2023-09-29T18:10:18.997+0000] {processor.py:179} INFO - Processing /home/airflow/.local/lib/python3.8/site-packages/airflow/example_dags/example_subdag_operator.py took 0.169 seconds
[2023-09-29T18:10:49.911+0000] {processor.py:157} INFO - Started process (PID=427) to work on /home/airflow/.local/lib/python3.8/site-packages/airflow/example_dags/example_subdag_operator.py
[2023-09-29T18:10:49.912+0000] {processor.py:829} INFO - Processing file /home/airflow/.local/lib/python3.8/site-packages/airflow/example_dags/example_subdag_operator.py for tasks to queue
[2023-09-29T18:10:49.915+0000] {logging_mixin.py:151} INFO - [2023-09-29T18:10:49.915+0000] {dagbag.py:539} INFO - Filling up the DagBag from /home/airflow/.local/lib/python3.8/site-packages/airflow/example_dags/example_subdag_operator.py
[2023-09-29T18:10:49.947+0000] {processor.py:839} INFO - DAG(s) dict_keys(['example_subdag_operator.section-1', 'example_subdag_operator.section-2', 'example_subdag_operator']) retrieved from /home/airflow/.local/lib/python3.8/site-packages/airflow/example_dags/example_subdag_operator.py
[2023-09-29T18:10:49.961+0000] {logging_mixin.py:151} INFO - [2023-09-29T18:10:49.961+0000] {dag.py:2915} INFO - Sync 3 DAGs
[2023-09-29T18:10:49.979+0000] {logging_mixin.py:151} INFO - [2023-09-29T18:10:49.978+0000] {dag.py:3696} INFO - Setting next_dagrun for example_subdag_operator to 2022-01-01T00:00:00+00:00, run_after=2022-01-01T00:00:00+00:00
[2023-09-29T18:10:49.981+0000] {logging_mixin.py:151} INFO - [2023-09-29T18:10:49.981+0000] {dag.py:3696} INFO - Setting next_dagrun for example_subdag_operator.section-1 to None, run_after=None
[2023-09-29T18:10:49.982+0000] {logging_mixin.py:151} INFO - [2023-09-29T18:10:49.982+0000] {dag.py:3696} INFO - Setting next_dagrun for example_subdag_operator.section-2 to None, run_after=None
[2023-09-29T18:10:49.987+0000] {logging_mixin.py:151} INFO - [2023-09-29T18:10:49.987+0000] {dag.py:2915} INFO - Sync 2 DAGs
[2023-09-29T18:10:49.993+0000] {logging_mixin.py:151} INFO - [2023-09-29T18:10:49.993+0000] {dag.py:3696} INFO - Setting next_dagrun for example_subdag_operator.section-1 to None, run_after=None
[2023-09-29T18:10:49.993+0000] {logging_mixin.py:151} INFO - [2023-09-29T18:10:49.993+0000] {dag.py:3696} INFO - Setting next_dagrun for example_subdag_operator.section-2 to None, run_after=None
[2023-09-29T18:10:50.001+0000] {processor.py:179} INFO - Processing /home/airflow/.local/lib/python3.8/site-packages/airflow/example_dags/example_subdag_operator.py took 0.096 seconds
[2023-09-29T18:11:20.425+0000] {processor.py:157} INFO - Started process (PID=482) to work on /home/airflow/.local/lib/python3.8/site-packages/airflow/example_dags/example_subdag_operator.py
[2023-09-29T18:11:20.427+0000] {processor.py:829} INFO - Processing file /home/airflow/.local/lib/python3.8/site-packages/airflow/example_dags/example_subdag_operator.py for tasks to queue
[2023-09-29T18:11:20.430+0000] {logging_mixin.py:151} INFO - [2023-09-29T18:11:20.429+0000] {dagbag.py:539} INFO - Filling up the DagBag from /home/airflow/.local/lib/python3.8/site-packages/airflow/example_dags/example_subdag_operator.py
[2023-09-29T18:11:20.470+0000] {processor.py:839} INFO - DAG(s) dict_keys(['example_subdag_operator.section-1', 'example_subdag_operator.section-2', 'example_subdag_operator']) retrieved from /home/airflow/.local/lib/python3.8/site-packages/airflow/example_dags/example_subdag_operator.py
[2023-09-29T18:11:20.487+0000] {logging_mixin.py:151} INFO - [2023-09-29T18:11:20.486+0000] {dag.py:2915} INFO - Sync 3 DAGs
[2023-09-29T18:11:20.505+0000] {logging_mixin.py:151} INFO - [2023-09-29T18:11:20.505+0000] {dag.py:3696} INFO - Setting next_dagrun for example_subdag_operator to 2022-01-01T00:00:00+00:00, run_after=2022-01-01T00:00:00+00:00
[2023-09-29T18:11:20.508+0000] {logging_mixin.py:151} INFO - [2023-09-29T18:11:20.508+0000] {dag.py:3696} INFO - Setting next_dagrun for example_subdag_operator.section-1 to None, run_after=None
[2023-09-29T18:11:20.509+0000] {logging_mixin.py:151} INFO - [2023-09-29T18:11:20.509+0000] {dag.py:3696} INFO - Setting next_dagrun for example_subdag_operator.section-2 to None, run_after=None
[2023-09-29T18:11:20.514+0000] {logging_mixin.py:151} INFO - [2023-09-29T18:11:20.514+0000] {dag.py:2915} INFO - Sync 2 DAGs
[2023-09-29T18:11:20.518+0000] {logging_mixin.py:151} INFO - [2023-09-29T18:11:20.518+0000] {dag.py:3696} INFO - Setting next_dagrun for example_subdag_operator.section-1 to None, run_after=None
[2023-09-29T18:11:20.518+0000] {logging_mixin.py:151} INFO - [2023-09-29T18:11:20.518+0000] {dag.py:3696} INFO - Setting next_dagrun for example_subdag_operator.section-2 to None, run_after=None
[2023-09-29T18:11:20.526+0000] {processor.py:179} INFO - Processing /home/airflow/.local/lib/python3.8/site-packages/airflow/example_dags/example_subdag_operator.py took 0.105 seconds
[2023-09-29T18:11:50.657+0000] {processor.py:157} INFO - Started process (PID=537) to work on /home/airflow/.local/lib/python3.8/site-packages/airflow/example_dags/example_subdag_operator.py
[2023-09-29T18:11:50.658+0000] {processor.py:829} INFO - Processing file /home/airflow/.local/lib/python3.8/site-packages/airflow/example_dags/example_subdag_operator.py for tasks to queue
[2023-09-29T18:11:50.661+0000] {logging_mixin.py:151} INFO - [2023-09-29T18:11:50.661+0000] {dagbag.py:539} INFO - Filling up the DagBag from /home/airflow/.local/lib/python3.8/site-packages/airflow/example_dags/example_subdag_operator.py
[2023-09-29T18:11:50.689+0000] {processor.py:839} INFO - DAG(s) dict_keys(['example_subdag_operator.section-1', 'example_subdag_operator.section-2', 'example_subdag_operator']) retrieved from /home/airflow/.local/lib/python3.8/site-packages/airflow/example_dags/example_subdag_operator.py
[2023-09-29T18:11:50.713+0000] {logging_mixin.py:151} INFO - [2023-09-29T18:11:50.712+0000] {dag.py:2915} INFO - Sync 3 DAGs
[2023-09-29T18:11:50.736+0000] {logging_mixin.py:151} INFO - [2023-09-29T18:11:50.735+0000] {dag.py:3696} INFO - Setting next_dagrun for example_subdag_operator to 2022-01-01T00:00:00+00:00, run_after=2022-01-01T00:00:00+00:00
[2023-09-29T18:11:50.739+0000] {logging_mixin.py:151} INFO - [2023-09-29T18:11:50.739+0000] {dag.py:3696} INFO - Setting next_dagrun for example_subdag_operator.section-1 to None, run_after=None
[2023-09-29T18:11:50.740+0000] {logging_mixin.py:151} INFO - [2023-09-29T18:11:50.740+0000] {dag.py:3696} INFO - Setting next_dagrun for example_subdag_operator.section-2 to None, run_after=None
[2023-09-29T18:11:50.746+0000] {logging_mixin.py:151} INFO - [2023-09-29T18:11:50.746+0000] {dag.py:2915} INFO - Sync 2 DAGs
[2023-09-29T18:11:50.751+0000] {logging_mixin.py:151} INFO - [2023-09-29T18:11:50.751+0000] {dag.py:3696} INFO - Setting next_dagrun for example_subdag_operator.section-1 to None, run_after=None
[2023-09-29T18:11:50.751+0000] {logging_mixin.py:151} INFO - [2023-09-29T18:11:50.751+0000] {dag.py:3696} INFO - Setting next_dagrun for example_subdag_operator.section-2 to None, run_after=None
[2023-09-29T18:11:50.760+0000] {processor.py:179} INFO - Processing /home/airflow/.local/lib/python3.8/site-packages/airflow/example_dags/example_subdag_operator.py took 0.107 seconds
[2023-09-29T18:12:21.293+0000] {processor.py:157} INFO - Started process (PID=592) to work on /home/airflow/.local/lib/python3.8/site-packages/airflow/example_dags/example_subdag_operator.py
[2023-09-29T18:12:21.294+0000] {processor.py:829} INFO - Processing file /home/airflow/.local/lib/python3.8/site-packages/airflow/example_dags/example_subdag_operator.py for tasks to queue
[2023-09-29T18:12:21.296+0000] {logging_mixin.py:151} INFO - [2023-09-29T18:12:21.296+0000] {dagbag.py:539} INFO - Filling up the DagBag from /home/airflow/.local/lib/python3.8/site-packages/airflow/example_dags/example_subdag_operator.py
[2023-09-29T18:12:21.329+0000] {processor.py:839} INFO - DAG(s) dict_keys(['example_subdag_operator.section-1', 'example_subdag_operator.section-2', 'example_subdag_operator']) retrieved from /home/airflow/.local/lib/python3.8/site-packages/airflow/example_dags/example_subdag_operator.py
[2023-09-29T18:12:21.342+0000] {logging_mixin.py:151} INFO - [2023-09-29T18:12:21.342+0000] {dag.py:2915} INFO - Sync 3 DAGs
[2023-09-29T18:12:21.360+0000] {logging_mixin.py:151} INFO - [2023-09-29T18:12:21.360+0000] {dag.py:3696} INFO - Setting next_dagrun for example_subdag_operator to 2022-01-01T00:00:00+00:00, run_after=2022-01-01T00:00:00+00:00
[2023-09-29T18:12:21.363+0000] {logging_mixin.py:151} INFO - [2023-09-29T18:12:21.363+0000] {dag.py:3696} INFO - Setting next_dagrun for example_subdag_operator.section-1 to None, run_after=None
[2023-09-29T18:12:21.364+0000] {logging_mixin.py:151} INFO - [2023-09-29T18:12:21.364+0000] {dag.py:3696} INFO - Setting next_dagrun for example_subdag_operator.section-2 to None, run_after=None
[2023-09-29T18:12:21.369+0000] {logging_mixin.py:151} INFO - [2023-09-29T18:12:21.369+0000] {dag.py:2915} INFO - Sync 2 DAGs
[2023-09-29T18:12:21.373+0000] {logging_mixin.py:151} INFO - [2023-09-29T18:12:21.373+0000] {dag.py:3696} INFO - Setting next_dagrun for example_subdag_operator.section-1 to None, run_after=None
[2023-09-29T18:12:21.373+0000] {logging_mixin.py:151} INFO - [2023-09-29T18:12:21.373+0000] {dag.py:3696} INFO - Setting next_dagrun for example_subdag_operator.section-2 to None, run_after=None
[2023-09-29T18:12:21.386+0000] {processor.py:179} INFO - Processing /home/airflow/.local/lib/python3.8/site-packages/airflow/example_dags/example_subdag_operator.py took 0.096 seconds
[2023-09-29T18:12:51.621+0000] {processor.py:157} INFO - Started process (PID=648) to work on /home/airflow/.local/lib/python3.8/site-packages/airflow/example_dags/example_subdag_operator.py
[2023-09-29T18:12:51.622+0000] {processor.py:829} INFO - Processing file /home/airflow/.local/lib/python3.8/site-packages/airflow/example_dags/example_subdag_operator.py for tasks to queue
[2023-09-29T18:12:51.624+0000] {logging_mixin.py:151} INFO - [2023-09-29T18:12:51.624+0000] {dagbag.py:539} INFO - Filling up the DagBag from /home/airflow/.local/lib/python3.8/site-packages/airflow/example_dags/example_subdag_operator.py
[2023-09-29T18:12:51.643+0000] {processor.py:839} INFO - DAG(s) dict_keys(['example_subdag_operator.section-1', 'example_subdag_operator.section-2', 'example_subdag_operator']) retrieved from /home/airflow/.local/lib/python3.8/site-packages/airflow/example_dags/example_subdag_operator.py
[2023-09-29T18:12:51.653+0000] {logging_mixin.py:151} INFO - [2023-09-29T18:12:51.653+0000] {dag.py:2915} INFO - Sync 3 DAGs
[2023-09-29T18:12:51.671+0000] {logging_mixin.py:151} INFO - [2023-09-29T18:12:51.671+0000] {dag.py:3696} INFO - Setting next_dagrun for example_subdag_operator to 2022-01-01T00:00:00+00:00, run_after=2022-01-01T00:00:00+00:00
[2023-09-29T18:12:51.673+0000] {logging_mixin.py:151} INFO - [2023-09-29T18:12:51.673+0000] {dag.py:3696} INFO - Setting next_dagrun for example_subdag_operator.section-1 to None, run_after=None
[2023-09-29T18:12:51.674+0000] {logging_mixin.py:151} INFO - [2023-09-29T18:12:51.674+0000] {dag.py:3696} INFO - Setting next_dagrun for example_subdag_operator.section-2 to None, run_after=None
[2023-09-29T18:12:51.680+0000] {logging_mixin.py:151} INFO - [2023-09-29T18:12:51.680+0000] {dag.py:2915} INFO - Sync 2 DAGs
[2023-09-29T18:12:51.684+0000] {logging_mixin.py:151} INFO - [2023-09-29T18:12:51.684+0000] {dag.py:3696} INFO - Setting next_dagrun for example_subdag_operator.section-1 to None, run_after=None
[2023-09-29T18:12:51.684+0000] {logging_mixin.py:151} INFO - [2023-09-29T18:12:51.684+0000] {dag.py:3696} INFO - Setting next_dagrun for example_subdag_operator.section-2 to None, run_after=None
[2023-09-29T18:12:51.692+0000] {processor.py:179} INFO - Processing /home/airflow/.local/lib/python3.8/site-packages/airflow/example_dags/example_subdag_operator.py took 0.073 seconds
[2023-09-29T18:13:22.211+0000] {processor.py:157} INFO - Started process (PID=703) to work on /home/airflow/.local/lib/python3.8/site-packages/airflow/example_dags/example_subdag_operator.py
[2023-09-29T18:13:22.213+0000] {processor.py:829} INFO - Processing file /home/airflow/.local/lib/python3.8/site-packages/airflow/example_dags/example_subdag_operator.py for tasks to queue
[2023-09-29T18:13:22.216+0000] {logging_mixin.py:151} INFO - [2023-09-29T18:13:22.216+0000] {dagbag.py:539} INFO - Filling up the DagBag from /home/airflow/.local/lib/python3.8/site-packages/airflow/example_dags/example_subdag_operator.py
[2023-09-29T18:13:22.241+0000] {processor.py:839} INFO - DAG(s) dict_keys(['example_subdag_operator.section-1', 'example_subdag_operator.section-2', 'example_subdag_operator']) retrieved from /home/airflow/.local/lib/python3.8/site-packages/airflow/example_dags/example_subdag_operator.py
[2023-09-29T18:13:22.253+0000] {logging_mixin.py:151} INFO - [2023-09-29T18:13:22.253+0000] {dag.py:2915} INFO - Sync 3 DAGs
[2023-09-29T18:13:22.268+0000] {logging_mixin.py:151} INFO - [2023-09-29T18:13:22.267+0000] {dag.py:3696} INFO - Setting next_dagrun for example_subdag_operator to 2022-01-01T00:00:00+00:00, run_after=2022-01-01T00:00:00+00:00
[2023-09-29T18:13:22.270+0000] {logging_mixin.py:151} INFO - [2023-09-29T18:13:22.270+0000] {dag.py:3696} INFO - Setting next_dagrun for example_subdag_operator.section-1 to None, run_after=None
[2023-09-29T18:13:22.271+0000] {logging_mixin.py:151} INFO - [2023-09-29T18:13:22.271+0000] {dag.py:3696} INFO - Setting next_dagrun for example_subdag_operator.section-2 to None, run_after=None
[2023-09-29T18:13:22.278+0000] {logging_mixin.py:151} INFO - [2023-09-29T18:13:22.278+0000] {dag.py:2915} INFO - Sync 2 DAGs
[2023-09-29T18:13:22.281+0000] {logging_mixin.py:151} INFO - [2023-09-29T18:13:22.281+0000] {dag.py:3696} INFO - Setting next_dagrun for example_subdag_operator.section-1 to None, run_after=None
[2023-09-29T18:13:22.282+0000] {logging_mixin.py:151} INFO - [2023-09-29T18:13:22.281+0000] {dag.py:3696} INFO - Setting next_dagrun for example_subdag_operator.section-2 to None, run_after=None
[2023-09-29T18:13:22.288+0000] {processor.py:179} INFO - Processing /home/airflow/.local/lib/python3.8/site-packages/airflow/example_dags/example_subdag_operator.py took 0.084 seconds
[2023-09-29T18:13:53.056+0000] {processor.py:157} INFO - Started process (PID=758) to work on /home/airflow/.local/lib/python3.8/site-packages/airflow/example_dags/example_subdag_operator.py
[2023-09-29T18:13:53.057+0000] {processor.py:829} INFO - Processing file /home/airflow/.local/lib/python3.8/site-packages/airflow/example_dags/example_subdag_operator.py for tasks to queue
[2023-09-29T18:13:53.060+0000] {logging_mixin.py:151} INFO - [2023-09-29T18:13:53.060+0000] {dagbag.py:539} INFO - Filling up the DagBag from /home/airflow/.local/lib/python3.8/site-packages/airflow/example_dags/example_subdag_operator.py
[2023-09-29T18:13:53.083+0000] {processor.py:839} INFO - DAG(s) dict_keys(['example_subdag_operator.section-1', 'example_subdag_operator.section-2', 'example_subdag_operator']) retrieved from /home/airflow/.local/lib/python3.8/site-packages/airflow/example_dags/example_subdag_operator.py
[2023-09-29T18:13:53.098+0000] {logging_mixin.py:151} INFO - [2023-09-29T18:13:53.098+0000] {dag.py:2915} INFO - Sync 3 DAGs
[2023-09-29T18:13:53.118+0000] {logging_mixin.py:151} INFO - [2023-09-29T18:13:53.118+0000] {dag.py:3696} INFO - Setting next_dagrun for example_subdag_operator to 2022-01-01T00:00:00+00:00, run_after=2022-01-01T00:00:00+00:00
[2023-09-29T18:13:53.121+0000] {logging_mixin.py:151} INFO - [2023-09-29T18:13:53.121+0000] {dag.py:3696} INFO - Setting next_dagrun for example_subdag_operator.section-1 to None, run_after=None
[2023-09-29T18:13:53.122+0000] {logging_mixin.py:151} INFO - [2023-09-29T18:13:53.121+0000] {dag.py:3696} INFO - Setting next_dagrun for example_subdag_operator.section-2 to None, run_after=None
[2023-09-29T18:13:53.127+0000] {logging_mixin.py:151} INFO - [2023-09-29T18:13:53.127+0000] {dag.py:2915} INFO - Sync 2 DAGs
[2023-09-29T18:13:53.131+0000] {logging_mixin.py:151} INFO - [2023-09-29T18:13:53.131+0000] {dag.py:3696} INFO - Setting next_dagrun for example_subdag_operator.section-1 to None, run_after=None
[2023-09-29T18:13:53.131+0000] {logging_mixin.py:151} INFO - [2023-09-29T18:13:53.131+0000] {dag.py:3696} INFO - Setting next_dagrun for example_subdag_operator.section-2 to None, run_after=None
[2023-09-29T18:13:53.141+0000] {processor.py:179} INFO - Processing /home/airflow/.local/lib/python3.8/site-packages/airflow/example_dags/example_subdag_operator.py took 0.089 seconds
[2023-09-29T18:14:23.232+0000] {processor.py:157} INFO - Started process (PID=812) to work on /home/airflow/.local/lib/python3.8/site-packages/airflow/example_dags/example_subdag_operator.py
[2023-09-29T18:14:23.233+0000] {processor.py:829} INFO - Processing file /home/airflow/.local/lib/python3.8/site-packages/airflow/example_dags/example_subdag_operator.py for tasks to queue
[2023-09-29T18:14:23.235+0000] {logging_mixin.py:151} INFO - [2023-09-29T18:14:23.235+0000] {dagbag.py:539} INFO - Filling up the DagBag from /home/airflow/.local/lib/python3.8/site-packages/airflow/example_dags/example_subdag_operator.py
[2023-09-29T18:14:23.254+0000] {processor.py:839} INFO - DAG(s) dict_keys(['example_subdag_operator.section-1', 'example_subdag_operator.section-2', 'example_subdag_operator']) retrieved from /home/airflow/.local/lib/python3.8/site-packages/airflow/example_dags/example_subdag_operator.py
[2023-09-29T18:14:23.264+0000] {logging_mixin.py:151} INFO - [2023-09-29T18:14:23.264+0000] {dag.py:2915} INFO - Sync 3 DAGs
[2023-09-29T18:14:23.279+0000] {logging_mixin.py:151} INFO - [2023-09-29T18:14:23.279+0000] {dag.py:3696} INFO - Setting next_dagrun for example_subdag_operator to 2022-01-01T00:00:00+00:00, run_after=2022-01-01T00:00:00+00:00
[2023-09-29T18:14:23.282+0000] {logging_mixin.py:151} INFO - [2023-09-29T18:14:23.282+0000] {dag.py:3696} INFO - Setting next_dagrun for example_subdag_operator.section-1 to None, run_after=None
[2023-09-29T18:14:23.283+0000] {logging_mixin.py:151} INFO - [2023-09-29T18:14:23.283+0000] {dag.py:3696} INFO - Setting next_dagrun for example_subdag_operator.section-2 to None, run_after=None
[2023-09-29T18:14:23.287+0000] {logging_mixin.py:151} INFO - [2023-09-29T18:14:23.287+0000] {dag.py:2915} INFO - Sync 2 DAGs
[2023-09-29T18:14:23.291+0000] {logging_mixin.py:151} INFO - [2023-09-29T18:14:23.291+0000] {dag.py:3696} INFO - Setting next_dagrun for example_subdag_operator.section-1 to None, run_after=None
[2023-09-29T18:14:23.295+0000] {logging_mixin.py:151} INFO - [2023-09-29T18:14:23.295+0000] {dag.py:3696} INFO - Setting next_dagrun for example_subdag_operator.section-2 to None, run_after=None
[2023-09-29T18:14:23.301+0000] {processor.py:179} INFO - Processing /home/airflow/.local/lib/python3.8/site-packages/airflow/example_dags/example_subdag_operator.py took 0.073 seconds
[2023-09-29T18:14:53.884+0000] {processor.py:157} INFO - Started process (PID=867) to work on /home/airflow/.local/lib/python3.8/site-packages/airflow/example_dags/example_subdag_operator.py
[2023-09-29T18:14:53.885+0000] {processor.py:829} INFO - Processing file /home/airflow/.local/lib/python3.8/site-packages/airflow/example_dags/example_subdag_operator.py for tasks to queue
[2023-09-29T18:14:53.889+0000] {logging_mixin.py:151} INFO - [2023-09-29T18:14:53.888+0000] {dagbag.py:539} INFO - Filling up the DagBag from /home/airflow/.local/lib/python3.8/site-packages/airflow/example_dags/example_subdag_operator.py
[2023-09-29T18:14:53.921+0000] {processor.py:839} INFO - DAG(s) dict_keys(['example_subdag_operator.section-1', 'example_subdag_operator.section-2', 'example_subdag_operator']) retrieved from /home/airflow/.local/lib/python3.8/site-packages/airflow/example_dags/example_subdag_operator.py
[2023-09-29T18:14:53.935+0000] {logging_mixin.py:151} INFO - [2023-09-29T18:14:53.934+0000] {dag.py:2915} INFO - Sync 3 DAGs
[2023-09-29T18:14:53.950+0000] {logging_mixin.py:151} INFO - [2023-09-29T18:14:53.950+0000] {dag.py:3696} INFO - Setting next_dagrun for example_subdag_operator to 2022-01-01T00:00:00+00:00, run_after=2022-01-01T00:00:00+00:00
[2023-09-29T18:14:53.953+0000] {logging_mixin.py:151} INFO - [2023-09-29T18:14:53.953+0000] {dag.py:3696} INFO - Setting next_dagrun for example_subdag_operator.section-1 to None, run_after=None
[2023-09-29T18:14:53.954+0000] {logging_mixin.py:151} INFO - [2023-09-29T18:14:53.953+0000] {dag.py:3696} INFO - Setting next_dagrun for example_subdag_operator.section-2 to None, run_after=None
[2023-09-29T18:14:53.958+0000] {logging_mixin.py:151} INFO - [2023-09-29T18:14:53.958+0000] {dag.py:2915} INFO - Sync 2 DAGs
[2023-09-29T18:14:53.963+0000] {logging_mixin.py:151} INFO - [2023-09-29T18:14:53.963+0000] {dag.py:3696} INFO - Setting next_dagrun for example_subdag_operator.section-1 to None, run_after=None
[2023-09-29T18:14:53.963+0000] {logging_mixin.py:151} INFO - [2023-09-29T18:14:53.963+0000] {dag.py:3696} INFO - Setting next_dagrun for example_subdag_operator.section-2 to None, run_after=None
[2023-09-29T18:14:53.970+0000] {processor.py:179} INFO - Processing /home/airflow/.local/lib/python3.8/site-packages/airflow/example_dags/example_subdag_operator.py took 0.092 seconds
[2023-09-29T18:15:24.089+0000] {processor.py:157} INFO - Started process (PID=922) to work on /home/airflow/.local/lib/python3.8/site-packages/airflow/example_dags/example_subdag_operator.py
[2023-09-29T18:15:24.090+0000] {processor.py:829} INFO - Processing file /home/airflow/.local/lib/python3.8/site-packages/airflow/example_dags/example_subdag_operator.py for tasks to queue
[2023-09-29T18:15:24.092+0000] {logging_mixin.py:151} INFO - [2023-09-29T18:15:24.092+0000] {dagbag.py:539} INFO - Filling up the DagBag from /home/airflow/.local/lib/python3.8/site-packages/airflow/example_dags/example_subdag_operator.py
[2023-09-29T18:15:24.111+0000] {processor.py:839} INFO - DAG(s) dict_keys(['example_subdag_operator.section-1', 'example_subdag_operator.section-2', 'example_subdag_operator']) retrieved from /home/airflow/.local/lib/python3.8/site-packages/airflow/example_dags/example_subdag_operator.py
[2023-09-29T18:15:24.125+0000] {logging_mixin.py:151} INFO - [2023-09-29T18:15:24.125+0000] {dag.py:2915} INFO - Sync 3 DAGs
[2023-09-29T18:15:24.141+0000] {logging_mixin.py:151} INFO - [2023-09-29T18:15:24.141+0000] {dag.py:3696} INFO - Setting next_dagrun for example_subdag_operator to 2022-01-01T00:00:00+00:00, run_after=2022-01-01T00:00:00+00:00
[2023-09-29T18:15:24.144+0000] {logging_mixin.py:151} INFO - [2023-09-29T18:15:24.143+0000] {dag.py:3696} INFO - Setting next_dagrun for example_subdag_operator.section-1 to None, run_after=None
[2023-09-29T18:15:24.144+0000] {logging_mixin.py:151} INFO - [2023-09-29T18:15:24.144+0000] {dag.py:3696} INFO - Setting next_dagrun for example_subdag_operator.section-2 to None, run_after=None
[2023-09-29T18:15:24.149+0000] {logging_mixin.py:151} INFO - [2023-09-29T18:15:24.149+0000] {dag.py:2915} INFO - Sync 2 DAGs
[2023-09-29T18:15:24.152+0000] {logging_mixin.py:151} INFO - [2023-09-29T18:15:24.152+0000] {dag.py:3696} INFO - Setting next_dagrun for example_subdag_operator.section-1 to None, run_after=None
[2023-09-29T18:15:24.153+0000] {logging_mixin.py:151} INFO - [2023-09-29T18:15:24.153+0000] {dag.py:3696} INFO - Setting next_dagrun for example_subdag_operator.section-2 to None, run_after=None
[2023-09-29T18:15:24.159+0000] {processor.py:179} INFO - Processing /home/airflow/.local/lib/python3.8/site-packages/airflow/example_dags/example_subdag_operator.py took 0.073 seconds
[2023-09-29T18:15:54.670+0000] {processor.py:157} INFO - Started process (PID=977) to work on /home/airflow/.local/lib/python3.8/site-packages/airflow/example_dags/example_subdag_operator.py
[2023-09-29T18:15:54.671+0000] {processor.py:829} INFO - Processing file /home/airflow/.local/lib/python3.8/site-packages/airflow/example_dags/example_subdag_operator.py for tasks to queue
[2023-09-29T18:15:54.673+0000] {logging_mixin.py:151} INFO - [2023-09-29T18:15:54.673+0000] {dagbag.py:539} INFO - Filling up the DagBag from /home/airflow/.local/lib/python3.8/site-packages/airflow/example_dags/example_subdag_operator.py
[2023-09-29T18:15:54.694+0000] {processor.py:839} INFO - DAG(s) dict_keys(['example_subdag_operator.section-1', 'example_subdag_operator.section-2', 'example_subdag_operator']) retrieved from /home/airflow/.local/lib/python3.8/site-packages/airflow/example_dags/example_subdag_operator.py
[2023-09-29T18:15:54.709+0000] {logging_mixin.py:151} INFO - [2023-09-29T18:15:54.709+0000] {dag.py:2915} INFO - Sync 3 DAGs
[2023-09-29T18:15:54.724+0000] {logging_mixin.py:151} INFO - [2023-09-29T18:15:54.724+0000] {dag.py:3696} INFO - Setting next_dagrun for example_subdag_operator to 2022-01-01T00:00:00+00:00, run_after=2022-01-01T00:00:00+00:00
[2023-09-29T18:15:54.727+0000] {logging_mixin.py:151} INFO - [2023-09-29T18:15:54.727+0000] {dag.py:3696} INFO - Setting next_dagrun for example_subdag_operator.section-1 to None, run_after=None
[2023-09-29T18:15:54.728+0000] {logging_mixin.py:151} INFO - [2023-09-29T18:15:54.728+0000] {dag.py:3696} INFO - Setting next_dagrun for example_subdag_operator.section-2 to None, run_after=None
[2023-09-29T18:15:54.732+0000] {logging_mixin.py:151} INFO - [2023-09-29T18:15:54.732+0000] {dag.py:2915} INFO - Sync 2 DAGs
[2023-09-29T18:15:54.736+0000] {logging_mixin.py:151} INFO - [2023-09-29T18:15:54.736+0000] {dag.py:3696} INFO - Setting next_dagrun for example_subdag_operator.section-1 to None, run_after=None
[2023-09-29T18:15:54.736+0000] {logging_mixin.py:151} INFO - [2023-09-29T18:15:54.736+0000] {dag.py:3696} INFO - Setting next_dagrun for example_subdag_operator.section-2 to None, run_after=None
[2023-09-29T18:15:54.743+0000] {processor.py:179} INFO - Processing /home/airflow/.local/lib/python3.8/site-packages/airflow/example_dags/example_subdag_operator.py took 0.076 seconds
[2023-09-29T18:16:25.038+0000] {processor.py:157} INFO - Started process (PID=1032) to work on /home/airflow/.local/lib/python3.8/site-packages/airflow/example_dags/example_subdag_operator.py
[2023-09-29T18:16:25.039+0000] {processor.py:829} INFO - Processing file /home/airflow/.local/lib/python3.8/site-packages/airflow/example_dags/example_subdag_operator.py for tasks to queue
[2023-09-29T18:16:25.041+0000] {logging_mixin.py:151} INFO - [2023-09-29T18:16:25.040+0000] {dagbag.py:539} INFO - Filling up the DagBag from /home/airflow/.local/lib/python3.8/site-packages/airflow/example_dags/example_subdag_operator.py
[2023-09-29T18:16:25.062+0000] {processor.py:839} INFO - DAG(s) dict_keys(['example_subdag_operator.section-1', 'example_subdag_operator.section-2', 'example_subdag_operator']) retrieved from /home/airflow/.local/lib/python3.8/site-packages/airflow/example_dags/example_subdag_operator.py
[2023-09-29T18:16:25.072+0000] {logging_mixin.py:151} INFO - [2023-09-29T18:16:25.072+0000] {dag.py:2915} INFO - Sync 3 DAGs
[2023-09-29T18:16:25.087+0000] {logging_mixin.py:151} INFO - [2023-09-29T18:16:25.087+0000] {dag.py:3696} INFO - Setting next_dagrun for example_subdag_operator to 2022-01-01T00:00:00+00:00, run_after=2022-01-01T00:00:00+00:00
[2023-09-29T18:16:25.090+0000] {logging_mixin.py:151} INFO - [2023-09-29T18:16:25.089+0000] {dag.py:3696} INFO - Setting next_dagrun for example_subdag_operator.section-1 to None, run_after=None
[2023-09-29T18:16:25.090+0000] {logging_mixin.py:151} INFO - [2023-09-29T18:16:25.090+0000] {dag.py:3696} INFO - Setting next_dagrun for example_subdag_operator.section-2 to None, run_after=None
[2023-09-29T18:16:25.096+0000] {logging_mixin.py:151} INFO - [2023-09-29T18:16:25.095+0000] {dag.py:2915} INFO - Sync 2 DAGs
[2023-09-29T18:16:25.100+0000] {logging_mixin.py:151} INFO - [2023-09-29T18:16:25.100+0000] {dag.py:3696} INFO - Setting next_dagrun for example_subdag_operator.section-1 to None, run_after=None
[2023-09-29T18:16:25.100+0000] {logging_mixin.py:151} INFO - [2023-09-29T18:16:25.100+0000] {dag.py:3696} INFO - Setting next_dagrun for example_subdag_operator.section-2 to None, run_after=None
[2023-09-29T18:16:25.108+0000] {processor.py:179} INFO - Processing /home/airflow/.local/lib/python3.8/site-packages/airflow/example_dags/example_subdag_operator.py took 0.074 seconds
[2023-09-29T18:16:55.515+0000] {processor.py:157} INFO - Started process (PID=1087) to work on /home/airflow/.local/lib/python3.8/site-packages/airflow/example_dags/example_subdag_operator.py
[2023-09-29T18:16:55.517+0000] {processor.py:829} INFO - Processing file /home/airflow/.local/lib/python3.8/site-packages/airflow/example_dags/example_subdag_operator.py for tasks to queue
[2023-09-29T18:16:55.519+0000] {logging_mixin.py:151} INFO - [2023-09-29T18:16:55.519+0000] {dagbag.py:539} INFO - Filling up the DagBag from /home/airflow/.local/lib/python3.8/site-packages/airflow/example_dags/example_subdag_operator.py
[2023-09-29T18:16:55.546+0000] {processor.py:839} INFO - DAG(s) dict_keys(['example_subdag_operator.section-1', 'example_subdag_operator.section-2', 'example_subdag_operator']) retrieved from /home/airflow/.local/lib/python3.8/site-packages/airflow/example_dags/example_subdag_operator.py
[2023-09-29T18:16:55.560+0000] {logging_mixin.py:151} INFO - [2023-09-29T18:16:55.560+0000] {dag.py:2915} INFO - Sync 3 DAGs
[2023-09-29T18:16:55.577+0000] {logging_mixin.py:151} INFO - [2023-09-29T18:16:55.577+0000] {dag.py:3696} INFO - Setting next_dagrun for example_subdag_operator to 2022-01-01T00:00:00+00:00, run_after=2022-01-01T00:00:00+00:00
[2023-09-29T18:16:55.582+0000] {logging_mixin.py:151} INFO - [2023-09-29T18:16:55.582+0000] {dag.py:3696} INFO - Setting next_dagrun for example_subdag_operator.section-1 to None, run_after=None
[2023-09-29T18:16:55.584+0000] {logging_mixin.py:151} INFO - [2023-09-29T18:16:55.584+0000] {dag.py:3696} INFO - Setting next_dagrun for example_subdag_operator.section-2 to None, run_after=None
[2023-09-29T18:16:55.590+0000] {logging_mixin.py:151} INFO - [2023-09-29T18:16:55.589+0000] {dag.py:2915} INFO - Sync 2 DAGs
[2023-09-29T18:16:55.593+0000] {logging_mixin.py:151} INFO - [2023-09-29T18:16:55.593+0000] {dag.py:3696} INFO - Setting next_dagrun for example_subdag_operator.section-1 to None, run_after=None
[2023-09-29T18:16:55.594+0000] {logging_mixin.py:151} INFO - [2023-09-29T18:16:55.593+0000] {dag.py:3696} INFO - Setting next_dagrun for example_subdag_operator.section-2 to None, run_after=None
[2023-09-29T18:16:55.601+0000] {processor.py:179} INFO - Processing /home/airflow/.local/lib/python3.8/site-packages/airflow/example_dags/example_subdag_operator.py took 0.091 seconds
[2023-09-29T18:17:25.753+0000] {processor.py:157} INFO - Started process (PID=1143) to work on /home/airflow/.local/lib/python3.8/site-packages/airflow/example_dags/example_subdag_operator.py
[2023-09-29T18:17:25.754+0000] {processor.py:829} INFO - Processing file /home/airflow/.local/lib/python3.8/site-packages/airflow/example_dags/example_subdag_operator.py for tasks to queue
[2023-09-29T18:17:25.757+0000] {logging_mixin.py:151} INFO - [2023-09-29T18:17:25.756+0000] {dagbag.py:539} INFO - Filling up the DagBag from /home/airflow/.local/lib/python3.8/site-packages/airflow/example_dags/example_subdag_operator.py
[2023-09-29T18:17:25.778+0000] {processor.py:839} INFO - DAG(s) dict_keys(['example_subdag_operator.section-1', 'example_subdag_operator.section-2', 'example_subdag_operator']) retrieved from /home/airflow/.local/lib/python3.8/site-packages/airflow/example_dags/example_subdag_operator.py
[2023-09-29T18:17:25.789+0000] {logging_mixin.py:151} INFO - [2023-09-29T18:17:25.789+0000] {dag.py:2915} INFO - Sync 3 DAGs
[2023-09-29T18:17:25.804+0000] {logging_mixin.py:151} INFO - [2023-09-29T18:17:25.804+0000] {dag.py:3696} INFO - Setting next_dagrun for example_subdag_operator to 2022-01-01T00:00:00+00:00, run_after=2022-01-01T00:00:00+00:00
[2023-09-29T18:17:25.807+0000] {logging_mixin.py:151} INFO - [2023-09-29T18:17:25.806+0000] {dag.py:3696} INFO - Setting next_dagrun for example_subdag_operator.section-1 to None, run_after=None
[2023-09-29T18:17:25.807+0000] {logging_mixin.py:151} INFO - [2023-09-29T18:17:25.807+0000] {dag.py:3696} INFO - Setting next_dagrun for example_subdag_operator.section-2 to None, run_after=None
[2023-09-29T18:17:25.812+0000] {logging_mixin.py:151} INFO - [2023-09-29T18:17:25.812+0000] {dag.py:2915} INFO - Sync 2 DAGs
[2023-09-29T18:17:25.815+0000] {logging_mixin.py:151} INFO - [2023-09-29T18:17:25.815+0000] {dag.py:3696} INFO - Setting next_dagrun for example_subdag_operator.section-1 to None, run_after=None
[2023-09-29T18:17:25.816+0000] {logging_mixin.py:151} INFO - [2023-09-29T18:17:25.816+0000] {dag.py:3696} INFO - Setting next_dagrun for example_subdag_operator.section-2 to None, run_after=None
[2023-09-29T18:17:25.823+0000] {processor.py:179} INFO - Processing /home/airflow/.local/lib/python3.8/site-packages/airflow/example_dags/example_subdag_operator.py took 0.073 seconds
[2023-09-29T18:17:56.227+0000] {processor.py:157} INFO - Started process (PID=1198) to work on /home/airflow/.local/lib/python3.8/site-packages/airflow/example_dags/example_subdag_operator.py
[2023-09-29T18:17:56.228+0000] {processor.py:829} INFO - Processing file /home/airflow/.local/lib/python3.8/site-packages/airflow/example_dags/example_subdag_operator.py for tasks to queue
[2023-09-29T18:17:56.231+0000] {logging_mixin.py:151} INFO - [2023-09-29T18:17:56.231+0000] {dagbag.py:539} INFO - Filling up the DagBag from /home/airflow/.local/lib/python3.8/site-packages/airflow/example_dags/example_subdag_operator.py
[2023-09-29T18:17:56.261+0000] {processor.py:839} INFO - DAG(s) dict_keys(['example_subdag_operator.section-1', 'example_subdag_operator.section-2', 'example_subdag_operator']) retrieved from /home/airflow/.local/lib/python3.8/site-packages/airflow/example_dags/example_subdag_operator.py
[2023-09-29T18:17:56.280+0000] {logging_mixin.py:151} INFO - [2023-09-29T18:17:56.280+0000] {dag.py:2915} INFO - Sync 3 DAGs
[2023-09-29T18:17:56.302+0000] {logging_mixin.py:151} INFO - [2023-09-29T18:17:56.302+0000] {dag.py:3696} INFO - Setting next_dagrun for example_subdag_operator to 2022-01-01T00:00:00+00:00, run_after=2022-01-01T00:00:00+00:00
[2023-09-29T18:17:56.307+0000] {logging_mixin.py:151} INFO - [2023-09-29T18:17:56.306+0000] {dag.py:3696} INFO - Setting next_dagrun for example_subdag_operator.section-1 to None, run_after=None
[2023-09-29T18:17:56.308+0000] {logging_mixin.py:151} INFO - [2023-09-29T18:17:56.308+0000] {dag.py:3696} INFO - Setting next_dagrun for example_subdag_operator.section-2 to None, run_after=None
[2023-09-29T18:17:56.318+0000] {logging_mixin.py:151} INFO - [2023-09-29T18:17:56.317+0000] {dag.py:2915} INFO - Sync 2 DAGs
[2023-09-29T18:17:56.326+0000] {logging_mixin.py:151} INFO - [2023-09-29T18:17:56.325+0000] {dag.py:3696} INFO - Setting next_dagrun for example_subdag_operator.section-1 to None, run_after=None
[2023-09-29T18:17:56.326+0000] {logging_mixin.py:151} INFO - [2023-09-29T18:17:56.326+0000] {dag.py:3696} INFO - Setting next_dagrun for example_subdag_operator.section-2 to None, run_after=None
[2023-09-29T18:17:56.344+0000] {processor.py:179} INFO - Processing /home/airflow/.local/lib/python3.8/site-packages/airflow/example_dags/example_subdag_operator.py took 0.122 seconds
[2023-09-29T18:18:26.848+0000] {processor.py:157} INFO - Started process (PID=1253) to work on /home/airflow/.local/lib/python3.8/site-packages/airflow/example_dags/example_subdag_operator.py
[2023-09-29T18:18:26.850+0000] {processor.py:829} INFO - Processing file /home/airflow/.local/lib/python3.8/site-packages/airflow/example_dags/example_subdag_operator.py for tasks to queue
[2023-09-29T18:18:26.853+0000] {logging_mixin.py:151} INFO - [2023-09-29T18:18:26.853+0000] {dagbag.py:539} INFO - Filling up the DagBag from /home/airflow/.local/lib/python3.8/site-packages/airflow/example_dags/example_subdag_operator.py
[2023-09-29T18:18:26.877+0000] {processor.py:839} INFO - DAG(s) dict_keys(['example_subdag_operator.section-1', 'example_subdag_operator.section-2', 'example_subdag_operator']) retrieved from /home/airflow/.local/lib/python3.8/site-packages/airflow/example_dags/example_subdag_operator.py
[2023-09-29T18:18:26.888+0000] {logging_mixin.py:151} INFO - [2023-09-29T18:18:26.888+0000] {dag.py:2915} INFO - Sync 3 DAGs
[2023-09-29T18:18:26.903+0000] {logging_mixin.py:151} INFO - [2023-09-29T18:18:26.903+0000] {dag.py:3696} INFO - Setting next_dagrun for example_subdag_operator to 2022-01-01T00:00:00+00:00, run_after=2022-01-01T00:00:00+00:00
[2023-09-29T18:18:26.906+0000] {logging_mixin.py:151} INFO - [2023-09-29T18:18:26.905+0000] {dag.py:3696} INFO - Setting next_dagrun for example_subdag_operator.section-1 to None, run_after=None
[2023-09-29T18:18:26.906+0000] {logging_mixin.py:151} INFO - [2023-09-29T18:18:26.906+0000] {dag.py:3696} INFO - Setting next_dagrun for example_subdag_operator.section-2 to None, run_after=None
[2023-09-29T18:18:26.911+0000] {logging_mixin.py:151} INFO - [2023-09-29T18:18:26.911+0000] {dag.py:2915} INFO - Sync 2 DAGs
[2023-09-29T18:18:26.914+0000] {logging_mixin.py:151} INFO - [2023-09-29T18:18:26.914+0000] {dag.py:3696} INFO - Setting next_dagrun for example_subdag_operator.section-1 to None, run_after=None
[2023-09-29T18:18:26.915+0000] {logging_mixin.py:151} INFO - [2023-09-29T18:18:26.915+0000] {dag.py:3696} INFO - Setting next_dagrun for example_subdag_operator.section-2 to None, run_after=None
[2023-09-29T18:18:26.922+0000] {processor.py:179} INFO - Processing /home/airflow/.local/lib/python3.8/site-packages/airflow/example_dags/example_subdag_operator.py took 0.080 seconds
[2023-09-29T18:18:57.353+0000] {processor.py:157} INFO - Started process (PID=1308) to work on /home/airflow/.local/lib/python3.8/site-packages/airflow/example_dags/example_subdag_operator.py
[2023-09-29T18:18:57.354+0000] {processor.py:829} INFO - Processing file /home/airflow/.local/lib/python3.8/site-packages/airflow/example_dags/example_subdag_operator.py for tasks to queue
[2023-09-29T18:18:57.357+0000] {logging_mixin.py:151} INFO - [2023-09-29T18:18:57.357+0000] {dagbag.py:539} INFO - Filling up the DagBag from /home/airflow/.local/lib/python3.8/site-packages/airflow/example_dags/example_subdag_operator.py
[2023-09-29T18:18:57.396+0000] {processor.py:839} INFO - DAG(s) dict_keys(['example_subdag_operator.section-1', 'example_subdag_operator.section-2', 'example_subdag_operator']) retrieved from /home/airflow/.local/lib/python3.8/site-packages/airflow/example_dags/example_subdag_operator.py
[2023-09-29T18:18:57.420+0000] {logging_mixin.py:151} INFO - [2023-09-29T18:18:57.419+0000] {dag.py:2915} INFO - Sync 3 DAGs
[2023-09-29T18:18:57.446+0000] {logging_mixin.py:151} INFO - [2023-09-29T18:18:57.446+0000] {dag.py:3696} INFO - Setting next_dagrun for example_subdag_operator to 2022-01-01T00:00:00+00:00, run_after=2022-01-01T00:00:00+00:00
[2023-09-29T18:18:57.450+0000] {logging_mixin.py:151} INFO - [2023-09-29T18:18:57.450+0000] {dag.py:3696} INFO - Setting next_dagrun for example_subdag_operator.section-1 to None, run_after=None
[2023-09-29T18:18:57.451+0000] {logging_mixin.py:151} INFO - [2023-09-29T18:18:57.451+0000] {dag.py:3696} INFO - Setting next_dagrun for example_subdag_operator.section-2 to None, run_after=None
[2023-09-29T18:18:57.458+0000] {logging_mixin.py:151} INFO - [2023-09-29T18:18:57.457+0000] {dag.py:2915} INFO - Sync 2 DAGs
[2023-09-29T18:18:57.462+0000] {logging_mixin.py:151} INFO - [2023-09-29T18:18:57.462+0000] {dag.py:3696} INFO - Setting next_dagrun for example_subdag_operator.section-1 to None, run_after=None
[2023-09-29T18:18:57.463+0000] {logging_mixin.py:151} INFO - [2023-09-29T18:18:57.463+0000] {dag.py:3696} INFO - Setting next_dagrun for example_subdag_operator.section-2 to None, run_after=None
[2023-09-29T18:18:57.472+0000] {processor.py:179} INFO - Processing /home/airflow/.local/lib/python3.8/site-packages/airflow/example_dags/example_subdag_operator.py took 0.124 seconds
[2023-09-29T18:19:27.971+0000] {processor.py:157} INFO - Started process (PID=1363) to work on /home/airflow/.local/lib/python3.8/site-packages/airflow/example_dags/example_subdag_operator.py
[2023-09-29T18:19:27.972+0000] {processor.py:829} INFO - Processing file /home/airflow/.local/lib/python3.8/site-packages/airflow/example_dags/example_subdag_operator.py for tasks to queue
[2023-09-29T18:19:27.975+0000] {logging_mixin.py:151} INFO - [2023-09-29T18:19:27.974+0000] {dagbag.py:539} INFO - Filling up the DagBag from /home/airflow/.local/lib/python3.8/site-packages/airflow/example_dags/example_subdag_operator.py
[2023-09-29T18:19:27.999+0000] {processor.py:839} INFO - DAG(s) dict_keys(['example_subdag_operator.section-1', 'example_subdag_operator.section-2', 'example_subdag_operator']) retrieved from /home/airflow/.local/lib/python3.8/site-packages/airflow/example_dags/example_subdag_operator.py
[2023-09-29T18:19:28.010+0000] {logging_mixin.py:151} INFO - [2023-09-29T18:19:28.010+0000] {dag.py:2915} INFO - Sync 3 DAGs
[2023-09-29T18:19:28.039+0000] {logging_mixin.py:151} INFO - [2023-09-29T18:19:28.039+0000] {dag.py:3696} INFO - Setting next_dagrun for example_subdag_operator to 2022-01-01T00:00:00+00:00, run_after=2022-01-01T00:00:00+00:00
[2023-09-29T18:19:28.045+0000] {logging_mixin.py:151} INFO - [2023-09-29T18:19:28.045+0000] {dag.py:3696} INFO - Setting next_dagrun for example_subdag_operator.section-1 to None, run_after=None
[2023-09-29T18:19:28.047+0000] {logging_mixin.py:151} INFO - [2023-09-29T18:19:28.047+0000] {dag.py:3696} INFO - Setting next_dagrun for example_subdag_operator.section-2 to None, run_after=None
[2023-09-29T18:19:28.063+0000] {logging_mixin.py:151} INFO - [2023-09-29T18:19:28.063+0000] {dag.py:2915} INFO - Sync 2 DAGs
[2023-09-29T18:19:28.070+0000] {logging_mixin.py:151} INFO - [2023-09-29T18:19:28.070+0000] {dag.py:3696} INFO - Setting next_dagrun for example_subdag_operator.section-1 to None, run_after=None
[2023-09-29T18:19:28.071+0000] {logging_mixin.py:151} INFO - [2023-09-29T18:19:28.071+0000] {dag.py:3696} INFO - Setting next_dagrun for example_subdag_operator.section-2 to None, run_after=None
[2023-09-29T18:19:28.082+0000] {processor.py:179} INFO - Processing /home/airflow/.local/lib/python3.8/site-packages/airflow/example_dags/example_subdag_operator.py took 0.115 seconds
[2023-09-29T18:19:58.508+0000] {processor.py:157} INFO - Started process (PID=1418) to work on /home/airflow/.local/lib/python3.8/site-packages/airflow/example_dags/example_subdag_operator.py
[2023-09-29T18:19:58.510+0000] {processor.py:829} INFO - Processing file /home/airflow/.local/lib/python3.8/site-packages/airflow/example_dags/example_subdag_operator.py for tasks to queue
[2023-09-29T18:19:58.513+0000] {logging_mixin.py:151} INFO - [2023-09-29T18:19:58.513+0000] {dagbag.py:539} INFO - Filling up the DagBag from /home/airflow/.local/lib/python3.8/site-packages/airflow/example_dags/example_subdag_operator.py
[2023-09-29T18:19:58.544+0000] {processor.py:839} INFO - DAG(s) dict_keys(['example_subdag_operator.section-1', 'example_subdag_operator.section-2', 'example_subdag_operator']) retrieved from /home/airflow/.local/lib/python3.8/site-packages/airflow/example_dags/example_subdag_operator.py
[2023-09-29T18:19:58.560+0000] {logging_mixin.py:151} INFO - [2023-09-29T18:19:58.560+0000] {dag.py:2915} INFO - Sync 3 DAGs
[2023-09-29T18:19:58.581+0000] {logging_mixin.py:151} INFO - [2023-09-29T18:19:58.581+0000] {dag.py:3696} INFO - Setting next_dagrun for example_subdag_operator to 2022-01-01T00:00:00+00:00, run_after=2022-01-01T00:00:00+00:00
[2023-09-29T18:19:58.584+0000] {logging_mixin.py:151} INFO - [2023-09-29T18:19:58.584+0000] {dag.py:3696} INFO - Setting next_dagrun for example_subdag_operator.section-1 to None, run_after=None
[2023-09-29T18:19:58.585+0000] {logging_mixin.py:151} INFO - [2023-09-29T18:19:58.585+0000] {dag.py:3696} INFO - Setting next_dagrun for example_subdag_operator.section-2 to None, run_after=None
[2023-09-29T18:19:58.590+0000] {logging_mixin.py:151} INFO - [2023-09-29T18:19:58.590+0000] {dag.py:2915} INFO - Sync 2 DAGs
[2023-09-29T18:19:58.594+0000] {logging_mixin.py:151} INFO - [2023-09-29T18:19:58.594+0000] {dag.py:3696} INFO - Setting next_dagrun for example_subdag_operator.section-1 to None, run_after=None
[2023-09-29T18:19:58.595+0000] {logging_mixin.py:151} INFO - [2023-09-29T18:19:58.595+0000] {dag.py:3696} INFO - Setting next_dagrun for example_subdag_operator.section-2 to None, run_after=None
[2023-09-29T18:19:58.602+0000] {processor.py:179} INFO - Processing /home/airflow/.local/lib/python3.8/site-packages/airflow/example_dags/example_subdag_operator.py took 0.099 seconds
[2023-09-29T18:20:28.968+0000] {processor.py:157} INFO - Started process (PID=1473) to work on /home/airflow/.local/lib/python3.8/site-packages/airflow/example_dags/example_subdag_operator.py
[2023-09-29T18:20:28.972+0000] {processor.py:829} INFO - Processing file /home/airflow/.local/lib/python3.8/site-packages/airflow/example_dags/example_subdag_operator.py for tasks to queue
[2023-09-29T18:20:28.978+0000] {logging_mixin.py:151} INFO - [2023-09-29T18:20:28.978+0000] {dagbag.py:539} INFO - Filling up the DagBag from /home/airflow/.local/lib/python3.8/site-packages/airflow/example_dags/example_subdag_operator.py
[2023-09-29T18:20:29.027+0000] {processor.py:839} INFO - DAG(s) dict_keys(['example_subdag_operator.section-1', 'example_subdag_operator.section-2', 'example_subdag_operator']) retrieved from /home/airflow/.local/lib/python3.8/site-packages/airflow/example_dags/example_subdag_operator.py
[2023-09-29T18:20:29.055+0000] {logging_mixin.py:151} INFO - [2023-09-29T18:20:29.055+0000] {dag.py:2915} INFO - Sync 3 DAGs
[2023-09-29T18:20:29.082+0000] {logging_mixin.py:151} INFO - [2023-09-29T18:20:29.082+0000] {dag.py:3696} INFO - Setting next_dagrun for example_subdag_operator to 2022-01-01T00:00:00+00:00, run_after=2022-01-01T00:00:00+00:00
[2023-09-29T18:20:29.086+0000] {logging_mixin.py:151} INFO - [2023-09-29T18:20:29.086+0000] {dag.py:3696} INFO - Setting next_dagrun for example_subdag_operator.section-1 to None, run_after=None
[2023-09-29T18:20:29.092+0000] {logging_mixin.py:151} INFO - [2023-09-29T18:20:29.092+0000] {dag.py:3696} INFO - Setting next_dagrun for example_subdag_operator.section-2 to None, run_after=None
[2023-09-29T18:20:29.108+0000] {logging_mixin.py:151} INFO - [2023-09-29T18:20:29.108+0000] {dag.py:2915} INFO - Sync 2 DAGs
[2023-09-29T18:20:29.115+0000] {logging_mixin.py:151} INFO - [2023-09-29T18:20:29.115+0000] {dag.py:3696} INFO - Setting next_dagrun for example_subdag_operator.section-1 to None, run_after=None
[2023-09-29T18:20:29.115+0000] {logging_mixin.py:151} INFO - [2023-09-29T18:20:29.115+0000] {dag.py:3696} INFO - Setting next_dagrun for example_subdag_operator.section-2 to None, run_after=None
[2023-09-29T18:20:29.124+0000] {processor.py:179} INFO - Processing /home/airflow/.local/lib/python3.8/site-packages/airflow/example_dags/example_subdag_operator.py took 0.163 seconds
[2023-09-29T18:20:59.278+0000] {processor.py:157} INFO - Started process (PID=1529) to work on /home/airflow/.local/lib/python3.8/site-packages/airflow/example_dags/example_subdag_operator.py
[2023-09-29T18:20:59.280+0000] {processor.py:829} INFO - Processing file /home/airflow/.local/lib/python3.8/site-packages/airflow/example_dags/example_subdag_operator.py for tasks to queue
[2023-09-29T18:20:59.282+0000] {logging_mixin.py:151} INFO - [2023-09-29T18:20:59.282+0000] {dagbag.py:539} INFO - Filling up the DagBag from /home/airflow/.local/lib/python3.8/site-packages/airflow/example_dags/example_subdag_operator.py
[2023-09-29T18:20:59.310+0000] {processor.py:839} INFO - DAG(s) dict_keys(['example_subdag_operator.section-1', 'example_subdag_operator.section-2', 'example_subdag_operator']) retrieved from /home/airflow/.local/lib/python3.8/site-packages/airflow/example_dags/example_subdag_operator.py
[2023-09-29T18:20:59.324+0000] {logging_mixin.py:151} INFO - [2023-09-29T18:20:59.324+0000] {dag.py:2915} INFO - Sync 3 DAGs
[2023-09-29T18:20:59.358+0000] {logging_mixin.py:151} INFO - [2023-09-29T18:20:59.357+0000] {dag.py:3696} INFO - Setting next_dagrun for example_subdag_operator to 2022-01-01T00:00:00+00:00, run_after=2022-01-01T00:00:00+00:00
[2023-09-29T18:20:59.361+0000] {logging_mixin.py:151} INFO - [2023-09-29T18:20:59.361+0000] {dag.py:3696} INFO - Setting next_dagrun for example_subdag_operator.section-1 to None, run_after=None
[2023-09-29T18:20:59.362+0000] {logging_mixin.py:151} INFO - [2023-09-29T18:20:59.362+0000] {dag.py:3696} INFO - Setting next_dagrun for example_subdag_operator.section-2 to None, run_after=None
[2023-09-29T18:20:59.369+0000] {logging_mixin.py:151} INFO - [2023-09-29T18:20:59.369+0000] {dag.py:2915} INFO - Sync 2 DAGs
[2023-09-29T18:20:59.373+0000] {logging_mixin.py:151} INFO - [2023-09-29T18:20:59.373+0000] {dag.py:3696} INFO - Setting next_dagrun for example_subdag_operator.section-1 to None, run_after=None
[2023-09-29T18:20:59.373+0000] {logging_mixin.py:151} INFO - [2023-09-29T18:20:59.373+0000] {dag.py:3696} INFO - Setting next_dagrun for example_subdag_operator.section-2 to None, run_after=None
[2023-09-29T18:20:59.381+0000] {processor.py:179} INFO - Processing /home/airflow/.local/lib/python3.8/site-packages/airflow/example_dags/example_subdag_operator.py took 0.107 seconds
[2023-09-29T18:21:29.455+0000] {processor.py:157} INFO - Started process (PID=1584) to work on /home/airflow/.local/lib/python3.8/site-packages/airflow/example_dags/example_subdag_operator.py
[2023-09-29T18:21:29.458+0000] {processor.py:829} INFO - Processing file /home/airflow/.local/lib/python3.8/site-packages/airflow/example_dags/example_subdag_operator.py for tasks to queue
[2023-09-29T18:21:29.461+0000] {logging_mixin.py:151} INFO - [2023-09-29T18:21:29.461+0000] {dagbag.py:539} INFO - Filling up the DagBag from /home/airflow/.local/lib/python3.8/site-packages/airflow/example_dags/example_subdag_operator.py
[2023-09-29T18:21:29.490+0000] {processor.py:839} INFO - DAG(s) dict_keys(['example_subdag_operator.section-1', 'example_subdag_operator.section-2', 'example_subdag_operator']) retrieved from /home/airflow/.local/lib/python3.8/site-packages/airflow/example_dags/example_subdag_operator.py
[2023-09-29T18:21:29.505+0000] {logging_mixin.py:151} INFO - [2023-09-29T18:21:29.505+0000] {dag.py:2915} INFO - Sync 3 DAGs
[2023-09-29T18:21:29.530+0000] {logging_mixin.py:151} INFO - [2023-09-29T18:21:29.529+0000] {dag.py:3696} INFO - Setting next_dagrun for example_subdag_operator to 2022-01-01T00:00:00+00:00, run_after=2022-01-01T00:00:00+00:00
[2023-09-29T18:21:29.533+0000] {logging_mixin.py:151} INFO - [2023-09-29T18:21:29.533+0000] {dag.py:3696} INFO - Setting next_dagrun for example_subdag_operator.section-1 to None, run_after=None
[2023-09-29T18:21:29.534+0000] {logging_mixin.py:151} INFO - [2023-09-29T18:21:29.534+0000] {dag.py:3696} INFO - Setting next_dagrun for example_subdag_operator.section-2 to None, run_after=None
[2023-09-29T18:21:29.543+0000] {logging_mixin.py:151} INFO - [2023-09-29T18:21:29.543+0000] {dag.py:2915} INFO - Sync 2 DAGs
[2023-09-29T18:21:29.553+0000] {logging_mixin.py:151} INFO - [2023-09-29T18:21:29.552+0000] {dag.py:3696} INFO - Setting next_dagrun for example_subdag_operator.section-1 to None, run_after=None
[2023-09-29T18:21:29.553+0000] {logging_mixin.py:151} INFO - [2023-09-29T18:21:29.553+0000] {dag.py:3696} INFO - Setting next_dagrun for example_subdag_operator.section-2 to None, run_after=None
[2023-09-29T18:21:29.563+0000] {processor.py:179} INFO - Processing /home/airflow/.local/lib/python3.8/site-packages/airflow/example_dags/example_subdag_operator.py took 0.114 seconds
[2023-09-29T18:22:00.373+0000] {processor.py:157} INFO - Started process (PID=1640) to work on /home/airflow/.local/lib/python3.8/site-packages/airflow/example_dags/example_subdag_operator.py
[2023-09-29T18:22:00.375+0000] {processor.py:829} INFO - Processing file /home/airflow/.local/lib/python3.8/site-packages/airflow/example_dags/example_subdag_operator.py for tasks to queue
[2023-09-29T18:22:00.377+0000] {logging_mixin.py:151} INFO - [2023-09-29T18:22:00.377+0000] {dagbag.py:539} INFO - Filling up the DagBag from /home/airflow/.local/lib/python3.8/site-packages/airflow/example_dags/example_subdag_operator.py
[2023-09-29T18:22:00.410+0000] {processor.py:839} INFO - DAG(s) dict_keys(['example_subdag_operator.section-1', 'example_subdag_operator.section-2', 'example_subdag_operator']) retrieved from /home/airflow/.local/lib/python3.8/site-packages/airflow/example_dags/example_subdag_operator.py
[2023-09-29T18:22:00.425+0000] {logging_mixin.py:151} INFO - [2023-09-29T18:22:00.424+0000] {dag.py:2915} INFO - Sync 3 DAGs
[2023-09-29T18:22:00.463+0000] {logging_mixin.py:151} INFO - [2023-09-29T18:22:00.463+0000] {dag.py:3696} INFO - Setting next_dagrun for example_subdag_operator to 2022-01-01T00:00:00+00:00, run_after=2022-01-01T00:00:00+00:00
[2023-09-29T18:22:00.467+0000] {logging_mixin.py:151} INFO - [2023-09-29T18:22:00.467+0000] {dag.py:3696} INFO - Setting next_dagrun for example_subdag_operator.section-1 to None, run_after=None
[2023-09-29T18:22:00.468+0000] {logging_mixin.py:151} INFO - [2023-09-29T18:22:00.468+0000] {dag.py:3696} INFO - Setting next_dagrun for example_subdag_operator.section-2 to None, run_after=None
[2023-09-29T18:22:00.475+0000] {logging_mixin.py:151} INFO - [2023-09-29T18:22:00.474+0000] {dag.py:2915} INFO - Sync 2 DAGs
[2023-09-29T18:22:00.479+0000] {logging_mixin.py:151} INFO - [2023-09-29T18:22:00.479+0000] {dag.py:3696} INFO - Setting next_dagrun for example_subdag_operator.section-1 to None, run_after=None
[2023-09-29T18:22:00.479+0000] {logging_mixin.py:151} INFO - [2023-09-29T18:22:00.479+0000] {dag.py:3696} INFO - Setting next_dagrun for example_subdag_operator.section-2 to None, run_after=None
[2023-09-29T18:22:00.488+0000] {processor.py:179} INFO - Processing /home/airflow/.local/lib/python3.8/site-packages/airflow/example_dags/example_subdag_operator.py took 0.119 seconds
[2023-09-29T18:22:30.640+0000] {processor.py:157} INFO - Started process (PID=1695) to work on /home/airflow/.local/lib/python3.8/site-packages/airflow/example_dags/example_subdag_operator.py
[2023-09-29T18:22:30.641+0000] {processor.py:829} INFO - Processing file /home/airflow/.local/lib/python3.8/site-packages/airflow/example_dags/example_subdag_operator.py for tasks to queue
[2023-09-29T18:22:30.643+0000] {logging_mixin.py:151} INFO - [2023-09-29T18:22:30.643+0000] {dagbag.py:539} INFO - Filling up the DagBag from /home/airflow/.local/lib/python3.8/site-packages/airflow/example_dags/example_subdag_operator.py
[2023-09-29T18:22:30.662+0000] {processor.py:839} INFO - DAG(s) dict_keys(['example_subdag_operator.section-1', 'example_subdag_operator.section-2', 'example_subdag_operator']) retrieved from /home/airflow/.local/lib/python3.8/site-packages/airflow/example_dags/example_subdag_operator.py
[2023-09-29T18:22:30.672+0000] {logging_mixin.py:151} INFO - [2023-09-29T18:22:30.672+0000] {dag.py:2915} INFO - Sync 3 DAGs
[2023-09-29T18:22:30.688+0000] {logging_mixin.py:151} INFO - [2023-09-29T18:22:30.687+0000] {dag.py:3696} INFO - Setting next_dagrun for example_subdag_operator to 2022-01-01T00:00:00+00:00, run_after=2022-01-01T00:00:00+00:00
[2023-09-29T18:22:30.690+0000] {logging_mixin.py:151} INFO - [2023-09-29T18:22:30.690+0000] {dag.py:3696} INFO - Setting next_dagrun for example_subdag_operator.section-1 to None, run_after=None
[2023-09-29T18:22:30.691+0000] {logging_mixin.py:151} INFO - [2023-09-29T18:22:30.691+0000] {dag.py:3696} INFO - Setting next_dagrun for example_subdag_operator.section-2 to None, run_after=None
[2023-09-29T18:22:30.698+0000] {logging_mixin.py:151} INFO - [2023-09-29T18:22:30.698+0000] {dag.py:2915} INFO - Sync 2 DAGs
[2023-09-29T18:22:30.702+0000] {logging_mixin.py:151} INFO - [2023-09-29T18:22:30.702+0000] {dag.py:3696} INFO - Setting next_dagrun for example_subdag_operator.section-1 to None, run_after=None
[2023-09-29T18:22:30.702+0000] {logging_mixin.py:151} INFO - [2023-09-29T18:22:30.702+0000] {dag.py:3696} INFO - Setting next_dagrun for example_subdag_operator.section-2 to None, run_after=None
[2023-09-29T18:22:30.709+0000] {processor.py:179} INFO - Processing /home/airflow/.local/lib/python3.8/site-packages/airflow/example_dags/example_subdag_operator.py took 0.072 seconds
[2023-09-29T18:23:00.897+0000] {processor.py:157} INFO - Started process (PID=1750) to work on /home/airflow/.local/lib/python3.8/site-packages/airflow/example_dags/example_subdag_operator.py
[2023-09-29T18:23:00.898+0000] {processor.py:829} INFO - Processing file /home/airflow/.local/lib/python3.8/site-packages/airflow/example_dags/example_subdag_operator.py for tasks to queue
[2023-09-29T18:23:00.900+0000] {logging_mixin.py:151} INFO - [2023-09-29T18:23:00.900+0000] {dagbag.py:539} INFO - Filling up the DagBag from /home/airflow/.local/lib/python3.8/site-packages/airflow/example_dags/example_subdag_operator.py
[2023-09-29T18:23:00.920+0000] {processor.py:839} INFO - DAG(s) dict_keys(['example_subdag_operator.section-1', 'example_subdag_operator.section-2', 'example_subdag_operator']) retrieved from /home/airflow/.local/lib/python3.8/site-packages/airflow/example_dags/example_subdag_operator.py
[2023-09-29T18:23:00.935+0000] {logging_mixin.py:151} INFO - [2023-09-29T18:23:00.935+0000] {dag.py:2915} INFO - Sync 3 DAGs
[2023-09-29T18:23:00.949+0000] {logging_mixin.py:151} INFO - [2023-09-29T18:23:00.949+0000] {dag.py:3696} INFO - Setting next_dagrun for example_subdag_operator to 2022-01-01T00:00:00+00:00, run_after=2022-01-01T00:00:00+00:00
[2023-09-29T18:23:00.951+0000] {logging_mixin.py:151} INFO - [2023-09-29T18:23:00.951+0000] {dag.py:3696} INFO - Setting next_dagrun for example_subdag_operator.section-1 to None, run_after=None
[2023-09-29T18:23:00.952+0000] {logging_mixin.py:151} INFO - [2023-09-29T18:23:00.952+0000] {dag.py:3696} INFO - Setting next_dagrun for example_subdag_operator.section-2 to None, run_after=None
[2023-09-29T18:23:00.957+0000] {logging_mixin.py:151} INFO - [2023-09-29T18:23:00.957+0000] {dag.py:2915} INFO - Sync 2 DAGs
[2023-09-29T18:23:00.961+0000] {logging_mixin.py:151} INFO - [2023-09-29T18:23:00.961+0000] {dag.py:3696} INFO - Setting next_dagrun for example_subdag_operator.section-1 to None, run_after=None
[2023-09-29T18:23:00.961+0000] {logging_mixin.py:151} INFO - [2023-09-29T18:23:00.961+0000] {dag.py:3696} INFO - Setting next_dagrun for example_subdag_operator.section-2 to None, run_after=None
[2023-09-29T18:23:00.968+0000] {processor.py:179} INFO - Processing /home/airflow/.local/lib/python3.8/site-packages/airflow/example_dags/example_subdag_operator.py took 0.074 seconds
[2023-09-29T18:23:31.266+0000] {processor.py:157} INFO - Started process (PID=1813) to work on /home/airflow/.local/lib/python3.8/site-packages/airflow/example_dags/example_subdag_operator.py
[2023-09-29T18:23:31.267+0000] {processor.py:829} INFO - Processing file /home/airflow/.local/lib/python3.8/site-packages/airflow/example_dags/example_subdag_operator.py for tasks to queue
[2023-09-29T18:23:31.269+0000] {logging_mixin.py:151} INFO - [2023-09-29T18:23:31.269+0000] {dagbag.py:539} INFO - Filling up the DagBag from /home/airflow/.local/lib/python3.8/site-packages/airflow/example_dags/example_subdag_operator.py
[2023-09-29T18:23:31.289+0000] {processor.py:839} INFO - DAG(s) dict_keys(['example_subdag_operator.section-1', 'example_subdag_operator.section-2', 'example_subdag_operator']) retrieved from /home/airflow/.local/lib/python3.8/site-packages/airflow/example_dags/example_subdag_operator.py
[2023-09-29T18:23:31.301+0000] {logging_mixin.py:151} INFO - [2023-09-29T18:23:31.301+0000] {dag.py:2915} INFO - Sync 3 DAGs
[2023-09-29T18:23:31.316+0000] {logging_mixin.py:151} INFO - [2023-09-29T18:23:31.316+0000] {dag.py:3696} INFO - Setting next_dagrun for example_subdag_operator to 2022-01-01T00:00:00+00:00, run_after=2022-01-01T00:00:00+00:00
[2023-09-29T18:23:31.318+0000] {logging_mixin.py:151} INFO - [2023-09-29T18:23:31.318+0000] {dag.py:3696} INFO - Setting next_dagrun for example_subdag_operator.section-1 to None, run_after=None
[2023-09-29T18:23:31.319+0000] {logging_mixin.py:151} INFO - [2023-09-29T18:23:31.319+0000] {dag.py:3696} INFO - Setting next_dagrun for example_subdag_operator.section-2 to None, run_after=None
[2023-09-29T18:23:31.324+0000] {logging_mixin.py:151} INFO - [2023-09-29T18:23:31.324+0000] {dag.py:2915} INFO - Sync 2 DAGs
[2023-09-29T18:23:31.327+0000] {logging_mixin.py:151} INFO - [2023-09-29T18:23:31.327+0000] {dag.py:3696} INFO - Setting next_dagrun for example_subdag_operator.section-1 to None, run_after=None
[2023-09-29T18:23:31.327+0000] {logging_mixin.py:151} INFO - [2023-09-29T18:23:31.327+0000] {dag.py:3696} INFO - Setting next_dagrun for example_subdag_operator.section-2 to None, run_after=None
[2023-09-29T18:23:31.334+0000] {processor.py:179} INFO - Processing /home/airflow/.local/lib/python3.8/site-packages/airflow/example_dags/example_subdag_operator.py took 0.071 seconds
[2023-09-29T18:24:01.473+0000] {processor.py:157} INFO - Started process (PID=1868) to work on /home/airflow/.local/lib/python3.8/site-packages/airflow/example_dags/example_subdag_operator.py
[2023-09-29T18:24:01.474+0000] {processor.py:829} INFO - Processing file /home/airflow/.local/lib/python3.8/site-packages/airflow/example_dags/example_subdag_operator.py for tasks to queue
[2023-09-29T18:24:01.476+0000] {logging_mixin.py:151} INFO - [2023-09-29T18:24:01.476+0000] {dagbag.py:539} INFO - Filling up the DagBag from /home/airflow/.local/lib/python3.8/site-packages/airflow/example_dags/example_subdag_operator.py
[2023-09-29T18:24:01.496+0000] {processor.py:839} INFO - DAG(s) dict_keys(['example_subdag_operator.section-1', 'example_subdag_operator.section-2', 'example_subdag_operator']) retrieved from /home/airflow/.local/lib/python3.8/site-packages/airflow/example_dags/example_subdag_operator.py
[2023-09-29T18:24:01.507+0000] {logging_mixin.py:151} INFO - [2023-09-29T18:24:01.507+0000] {dag.py:2915} INFO - Sync 3 DAGs
[2023-09-29T18:24:01.522+0000] {logging_mixin.py:151} INFO - [2023-09-29T18:24:01.522+0000] {dag.py:3696} INFO - Setting next_dagrun for example_subdag_operator to 2022-01-01T00:00:00+00:00, run_after=2022-01-01T00:00:00+00:00
[2023-09-29T18:24:01.524+0000] {logging_mixin.py:151} INFO - [2023-09-29T18:24:01.524+0000] {dag.py:3696} INFO - Setting next_dagrun for example_subdag_operator.section-1 to None, run_after=None
[2023-09-29T18:24:01.525+0000] {logging_mixin.py:151} INFO - [2023-09-29T18:24:01.524+0000] {dag.py:3696} INFO - Setting next_dagrun for example_subdag_operator.section-2 to None, run_after=None
[2023-09-29T18:24:01.529+0000] {logging_mixin.py:151} INFO - [2023-09-29T18:24:01.529+0000] {dag.py:2915} INFO - Sync 2 DAGs
[2023-09-29T18:24:01.532+0000] {logging_mixin.py:151} INFO - [2023-09-29T18:24:01.532+0000] {dag.py:3696} INFO - Setting next_dagrun for example_subdag_operator.section-1 to None, run_after=None
[2023-09-29T18:24:01.533+0000] {logging_mixin.py:151} INFO - [2023-09-29T18:24:01.533+0000] {dag.py:3696} INFO - Setting next_dagrun for example_subdag_operator.section-2 to None, run_after=None
[2023-09-29T18:24:01.539+0000] {processor.py:179} INFO - Processing /home/airflow/.local/lib/python3.8/site-packages/airflow/example_dags/example_subdag_operator.py took 0.069 seconds
[2023-09-29T18:24:31.642+0000] {processor.py:157} INFO - Started process (PID=1923) to work on /home/airflow/.local/lib/python3.8/site-packages/airflow/example_dags/example_subdag_operator.py
[2023-09-29T18:24:31.643+0000] {processor.py:829} INFO - Processing file /home/airflow/.local/lib/python3.8/site-packages/airflow/example_dags/example_subdag_operator.py for tasks to queue
[2023-09-29T18:24:31.645+0000] {logging_mixin.py:151} INFO - [2023-09-29T18:24:31.644+0000] {dagbag.py:539} INFO - Filling up the DagBag from /home/airflow/.local/lib/python3.8/site-packages/airflow/example_dags/example_subdag_operator.py
[2023-09-29T18:24:31.665+0000] {processor.py:839} INFO - DAG(s) dict_keys(['example_subdag_operator.section-1', 'example_subdag_operator.section-2', 'example_subdag_operator']) retrieved from /home/airflow/.local/lib/python3.8/site-packages/airflow/example_dags/example_subdag_operator.py
[2023-09-29T18:24:31.676+0000] {logging_mixin.py:151} INFO - [2023-09-29T18:24:31.676+0000] {dag.py:2915} INFO - Sync 3 DAGs
[2023-09-29T18:24:31.691+0000] {logging_mixin.py:151} INFO - [2023-09-29T18:24:31.690+0000] {dag.py:3696} INFO - Setting next_dagrun for example_subdag_operator to 2022-01-01T00:00:00+00:00, run_after=2022-01-01T00:00:00+00:00
[2023-09-29T18:24:31.693+0000] {logging_mixin.py:151} INFO - [2023-09-29T18:24:31.693+0000] {dag.py:3696} INFO - Setting next_dagrun for example_subdag_operator.section-1 to None, run_after=None
[2023-09-29T18:24:31.693+0000] {logging_mixin.py:151} INFO - [2023-09-29T18:24:31.693+0000] {dag.py:3696} INFO - Setting next_dagrun for example_subdag_operator.section-2 to None, run_after=None
[2023-09-29T18:24:31.698+0000] {logging_mixin.py:151} INFO - [2023-09-29T18:24:31.698+0000] {dag.py:2915} INFO - Sync 2 DAGs
[2023-09-29T18:24:31.701+0000] {logging_mixin.py:151} INFO - [2023-09-29T18:24:31.701+0000] {dag.py:3696} INFO - Setting next_dagrun for example_subdag_operator.section-1 to None, run_after=None
[2023-09-29T18:24:31.702+0000] {logging_mixin.py:151} INFO - [2023-09-29T18:24:31.702+0000] {dag.py:3696} INFO - Setting next_dagrun for example_subdag_operator.section-2 to None, run_after=None
[2023-09-29T18:24:31.709+0000] {processor.py:179} INFO - Processing /home/airflow/.local/lib/python3.8/site-packages/airflow/example_dags/example_subdag_operator.py took 0.072 seconds
[2023-09-29T18:25:02.003+0000] {processor.py:157} INFO - Started process (PID=1978) to work on /home/airflow/.local/lib/python3.8/site-packages/airflow/example_dags/example_subdag_operator.py
[2023-09-29T18:25:02.004+0000] {processor.py:829} INFO - Processing file /home/airflow/.local/lib/python3.8/site-packages/airflow/example_dags/example_subdag_operator.py for tasks to queue
[2023-09-29T18:25:02.006+0000] {logging_mixin.py:151} INFO - [2023-09-29T18:25:02.006+0000] {dagbag.py:539} INFO - Filling up the DagBag from /home/airflow/.local/lib/python3.8/site-packages/airflow/example_dags/example_subdag_operator.py
[2023-09-29T18:25:02.028+0000] {processor.py:839} INFO - DAG(s) dict_keys(['example_subdag_operator.section-1', 'example_subdag_operator.section-2', 'example_subdag_operator']) retrieved from /home/airflow/.local/lib/python3.8/site-packages/airflow/example_dags/example_subdag_operator.py
[2023-09-29T18:25:02.040+0000] {logging_mixin.py:151} INFO - [2023-09-29T18:25:02.040+0000] {dag.py:2915} INFO - Sync 3 DAGs
[2023-09-29T18:25:02.057+0000] {logging_mixin.py:151} INFO - [2023-09-29T18:25:02.057+0000] {dag.py:3696} INFO - Setting next_dagrun for example_subdag_operator to 2022-01-01T00:00:00+00:00, run_after=2022-01-01T00:00:00+00:00
[2023-09-29T18:25:02.059+0000] {logging_mixin.py:151} INFO - [2023-09-29T18:25:02.059+0000] {dag.py:3696} INFO - Setting next_dagrun for example_subdag_operator.section-1 to None, run_after=None
[2023-09-29T18:25:02.060+0000] {logging_mixin.py:151} INFO - [2023-09-29T18:25:02.060+0000] {dag.py:3696} INFO - Setting next_dagrun for example_subdag_operator.section-2 to None, run_after=None
[2023-09-29T18:25:02.065+0000] {logging_mixin.py:151} INFO - [2023-09-29T18:25:02.065+0000] {dag.py:2915} INFO - Sync 2 DAGs
[2023-09-29T18:25:02.068+0000] {logging_mixin.py:151} INFO - [2023-09-29T18:25:02.068+0000] {dag.py:3696} INFO - Setting next_dagrun for example_subdag_operator.section-1 to None, run_after=None
[2023-09-29T18:25:02.068+0000] {logging_mixin.py:151} INFO - [2023-09-29T18:25:02.068+0000] {dag.py:3696} INFO - Setting next_dagrun for example_subdag_operator.section-2 to None, run_after=None
[2023-09-29T18:25:02.075+0000] {processor.py:179} INFO - Processing /home/airflow/.local/lib/python3.8/site-packages/airflow/example_dags/example_subdag_operator.py took 0.076 seconds
