[2023-09-29T18:07:16.487+0000] {processor.py:157} INFO - Started process (PID=65) to work on /home/airflow/.local/lib/python3.8/site-packages/airflow/example_dags/example_branch_operator.py
[2023-09-29T18:07:16.489+0000] {processor.py:829} INFO - Processing file /home/airflow/.local/lib/python3.8/site-packages/airflow/example_dags/example_branch_operator.py for tasks to queue
[2023-09-29T18:07:16.492+0000] {logging_mixin.py:151} INFO - [2023-09-29T18:07:16.492+0000] {dagbag.py:539} INFO - Filling up the DagBag from /home/airflow/.local/lib/python3.8/site-packages/airflow/example_dags/example_branch_operator.py
[2023-09-29T18:07:16.507+0000] {processor.py:839} INFO - DAG(s) dict_keys(['example_branch_operator']) retrieved from /home/airflow/.local/lib/python3.8/site-packages/airflow/example_dags/example_branch_operator.py
[2023-09-29T18:07:16.525+0000] {logging_mixin.py:151} INFO - [2023-09-29T18:07:16.525+0000] {dag.py:2915} INFO - Sync 1 DAGs
[2023-09-29T18:07:16.577+0000] {logging_mixin.py:151} INFO - [2023-09-29T18:07:16.576+0000] {dag.py:3696} INFO - Setting next_dagrun for example_branch_operator to 2023-09-28T00:00:00+00:00, run_after=2023-09-29T00:00:00+00:00
[2023-09-29T18:07:16.600+0000] {processor.py:179} INFO - Processing /home/airflow/.local/lib/python3.8/site-packages/airflow/example_dags/example_branch_operator.py took 0.117 seconds
[2023-09-29T18:07:53.097+0000] {processor.py:157} INFO - Started process (PID=119) to work on /home/airflow/.local/lib/python3.8/site-packages/airflow/example_dags/example_branch_operator.py
[2023-09-29T18:07:53.117+0000] {processor.py:829} INFO - Processing file /home/airflow/.local/lib/python3.8/site-packages/airflow/example_dags/example_branch_operator.py for tasks to queue
[2023-09-29T18:07:53.127+0000] {logging_mixin.py:151} INFO - [2023-09-29T18:07:53.126+0000] {dagbag.py:539} INFO - Filling up the DagBag from /home/airflow/.local/lib/python3.8/site-packages/airflow/example_dags/example_branch_operator.py
[2023-09-29T18:07:53.155+0000] {processor.py:839} INFO - DAG(s) dict_keys(['example_branch_operator']) retrieved from /home/airflow/.local/lib/python3.8/site-packages/airflow/example_dags/example_branch_operator.py
[2023-09-29T18:07:53.359+0000] {logging_mixin.py:151} INFO - [2023-09-29T18:07:53.357+0000] {dag.py:2915} INFO - Sync 1 DAGs
[2023-09-29T18:07:53.477+0000] {logging_mixin.py:151} INFO - [2023-09-29T18:07:53.476+0000] {dag.py:3696} INFO - Setting next_dagrun for example_branch_operator to 2023-09-28T00:00:00+00:00, run_after=2023-09-29T00:00:00+00:00
[2023-09-29T18:07:53.508+0000] {processor.py:179} INFO - Processing /home/airflow/.local/lib/python3.8/site-packages/airflow/example_dags/example_branch_operator.py took 0.418 seconds
[2023-09-29T18:08:24.241+0000] {processor.py:157} INFO - Started process (PID=173) to work on /home/airflow/.local/lib/python3.8/site-packages/airflow/example_dags/example_branch_operator.py
[2023-09-29T18:08:24.244+0000] {processor.py:829} INFO - Processing file /home/airflow/.local/lib/python3.8/site-packages/airflow/example_dags/example_branch_operator.py for tasks to queue
[2023-09-29T18:08:24.249+0000] {logging_mixin.py:151} INFO - [2023-09-29T18:08:24.248+0000] {dagbag.py:539} INFO - Filling up the DagBag from /home/airflow/.local/lib/python3.8/site-packages/airflow/example_dags/example_branch_operator.py
[2023-09-29T18:08:24.261+0000] {processor.py:839} INFO - DAG(s) dict_keys(['example_branch_operator']) retrieved from /home/airflow/.local/lib/python3.8/site-packages/airflow/example_dags/example_branch_operator.py
[2023-09-29T18:08:24.293+0000] {logging_mixin.py:151} INFO - [2023-09-29T18:08:24.293+0000] {dag.py:2915} INFO - Sync 1 DAGs
[2023-09-29T18:08:24.312+0000] {logging_mixin.py:151} INFO - [2023-09-29T18:08:24.312+0000] {dag.py:3696} INFO - Setting next_dagrun for example_branch_operator to 2023-09-28T00:00:00+00:00, run_after=2023-09-29T00:00:00+00:00
[2023-09-29T18:08:24.341+0000] {processor.py:179} INFO - Processing /home/airflow/.local/lib/python3.8/site-packages/airflow/example_dags/example_branch_operator.py took 0.105 seconds
[2023-09-29T18:08:54.400+0000] {processor.py:157} INFO - Started process (PID=228) to work on /home/airflow/.local/lib/python3.8/site-packages/airflow/example_dags/example_branch_operator.py
[2023-09-29T18:08:54.402+0000] {processor.py:829} INFO - Processing file /home/airflow/.local/lib/python3.8/site-packages/airflow/example_dags/example_branch_operator.py for tasks to queue
[2023-09-29T18:08:54.404+0000] {logging_mixin.py:151} INFO - [2023-09-29T18:08:54.404+0000] {dagbag.py:539} INFO - Filling up the DagBag from /home/airflow/.local/lib/python3.8/site-packages/airflow/example_dags/example_branch_operator.py
[2023-09-29T18:08:54.412+0000] {processor.py:839} INFO - DAG(s) dict_keys(['example_branch_operator']) retrieved from /home/airflow/.local/lib/python3.8/site-packages/airflow/example_dags/example_branch_operator.py
[2023-09-29T18:08:54.430+0000] {logging_mixin.py:151} INFO - [2023-09-29T18:08:54.430+0000] {dag.py:2915} INFO - Sync 1 DAGs
[2023-09-29T18:08:54.447+0000] {logging_mixin.py:151} INFO - [2023-09-29T18:08:54.446+0000] {dag.py:3696} INFO - Setting next_dagrun for example_branch_operator to 2023-09-28T00:00:00+00:00, run_after=2023-09-29T00:00:00+00:00
[2023-09-29T18:08:54.457+0000] {processor.py:179} INFO - Processing /home/airflow/.local/lib/python3.8/site-packages/airflow/example_dags/example_branch_operator.py took 0.062 seconds
[2023-09-29T18:09:25.287+0000] {processor.py:157} INFO - Started process (PID=283) to work on /home/airflow/.local/lib/python3.8/site-packages/airflow/example_dags/example_branch_operator.py
[2023-09-29T18:09:25.288+0000] {processor.py:829} INFO - Processing file /home/airflow/.local/lib/python3.8/site-packages/airflow/example_dags/example_branch_operator.py for tasks to queue
[2023-09-29T18:09:25.290+0000] {logging_mixin.py:151} INFO - [2023-09-29T18:09:25.289+0000] {dagbag.py:539} INFO - Filling up the DagBag from /home/airflow/.local/lib/python3.8/site-packages/airflow/example_dags/example_branch_operator.py
[2023-09-29T18:09:25.297+0000] {processor.py:839} INFO - DAG(s) dict_keys(['example_branch_operator']) retrieved from /home/airflow/.local/lib/python3.8/site-packages/airflow/example_dags/example_branch_operator.py
[2023-09-29T18:09:25.314+0000] {logging_mixin.py:151} INFO - [2023-09-29T18:09:25.314+0000] {dag.py:2915} INFO - Sync 1 DAGs
[2023-09-29T18:09:25.330+0000] {logging_mixin.py:151} INFO - [2023-09-29T18:09:25.330+0000] {dag.py:3696} INFO - Setting next_dagrun for example_branch_operator to 2023-09-28T00:00:00+00:00, run_after=2023-09-29T00:00:00+00:00
[2023-09-29T18:09:25.342+0000] {processor.py:179} INFO - Processing /home/airflow/.local/lib/python3.8/site-packages/airflow/example_dags/example_branch_operator.py took 0.058 seconds
[2023-09-29T18:09:55.895+0000] {processor.py:157} INFO - Started process (PID=338) to work on /home/airflow/.local/lib/python3.8/site-packages/airflow/example_dags/example_branch_operator.py
[2023-09-29T18:09:55.897+0000] {processor.py:829} INFO - Processing file /home/airflow/.local/lib/python3.8/site-packages/airflow/example_dags/example_branch_operator.py for tasks to queue
[2023-09-29T18:09:55.899+0000] {logging_mixin.py:151} INFO - [2023-09-29T18:09:55.899+0000] {dagbag.py:539} INFO - Filling up the DagBag from /home/airflow/.local/lib/python3.8/site-packages/airflow/example_dags/example_branch_operator.py
[2023-09-29T18:09:55.908+0000] {processor.py:839} INFO - DAG(s) dict_keys(['example_branch_operator']) retrieved from /home/airflow/.local/lib/python3.8/site-packages/airflow/example_dags/example_branch_operator.py
[2023-09-29T18:09:55.930+0000] {logging_mixin.py:151} INFO - [2023-09-29T18:09:55.930+0000] {dag.py:2915} INFO - Sync 1 DAGs
[2023-09-29T18:09:55.952+0000] {logging_mixin.py:151} INFO - [2023-09-29T18:09:55.952+0000] {dag.py:3696} INFO - Setting next_dagrun for example_branch_operator to 2023-09-28T00:00:00+00:00, run_after=2023-09-29T00:00:00+00:00
[2023-09-29T18:09:55.966+0000] {processor.py:179} INFO - Processing /home/airflow/.local/lib/python3.8/site-packages/airflow/example_dags/example_branch_operator.py took 0.075 seconds
[2023-09-29T18:10:26.866+0000] {processor.py:157} INFO - Started process (PID=393) to work on /home/airflow/.local/lib/python3.8/site-packages/airflow/example_dags/example_branch_operator.py
[2023-09-29T18:10:26.867+0000] {processor.py:829} INFO - Processing file /home/airflow/.local/lib/python3.8/site-packages/airflow/example_dags/example_branch_operator.py for tasks to queue
[2023-09-29T18:10:26.870+0000] {logging_mixin.py:151} INFO - [2023-09-29T18:10:26.869+0000] {dagbag.py:539} INFO - Filling up the DagBag from /home/airflow/.local/lib/python3.8/site-packages/airflow/example_dags/example_branch_operator.py
[2023-09-29T18:10:26.880+0000] {processor.py:839} INFO - DAG(s) dict_keys(['example_branch_operator']) retrieved from /home/airflow/.local/lib/python3.8/site-packages/airflow/example_dags/example_branch_operator.py
[2023-09-29T18:10:26.903+0000] {logging_mixin.py:151} INFO - [2023-09-29T18:10:26.903+0000] {dag.py:2915} INFO - Sync 1 DAGs
[2023-09-29T18:10:26.963+0000] {logging_mixin.py:151} INFO - [2023-09-29T18:10:26.963+0000] {dag.py:3696} INFO - Setting next_dagrun for example_branch_operator to 2023-09-28T00:00:00+00:00, run_after=2023-09-29T00:00:00+00:00
[2023-09-29T18:10:26.980+0000] {processor.py:179} INFO - Processing /home/airflow/.local/lib/python3.8/site-packages/airflow/example_dags/example_branch_operator.py took 0.118 seconds
[2023-09-29T18:10:57.315+0000] {processor.py:157} INFO - Started process (PID=449) to work on /home/airflow/.local/lib/python3.8/site-packages/airflow/example_dags/example_branch_operator.py
[2023-09-29T18:10:57.316+0000] {processor.py:829} INFO - Processing file /home/airflow/.local/lib/python3.8/site-packages/airflow/example_dags/example_branch_operator.py for tasks to queue
[2023-09-29T18:10:57.318+0000] {logging_mixin.py:151} INFO - [2023-09-29T18:10:57.318+0000] {dagbag.py:539} INFO - Filling up the DagBag from /home/airflow/.local/lib/python3.8/site-packages/airflow/example_dags/example_branch_operator.py
[2023-09-29T18:10:57.326+0000] {processor.py:839} INFO - DAG(s) dict_keys(['example_branch_operator']) retrieved from /home/airflow/.local/lib/python3.8/site-packages/airflow/example_dags/example_branch_operator.py
[2023-09-29T18:10:57.346+0000] {logging_mixin.py:151} INFO - [2023-09-29T18:10:57.346+0000] {dag.py:2915} INFO - Sync 1 DAGs
[2023-09-29T18:10:57.365+0000] {logging_mixin.py:151} INFO - [2023-09-29T18:10:57.365+0000] {dag.py:3696} INFO - Setting next_dagrun for example_branch_operator to 2023-09-28T00:00:00+00:00, run_after=2023-09-29T00:00:00+00:00
[2023-09-29T18:10:57.378+0000] {processor.py:179} INFO - Processing /home/airflow/.local/lib/python3.8/site-packages/airflow/example_dags/example_branch_operator.py took 0.066 seconds
[2023-09-29T18:11:27.909+0000] {processor.py:157} INFO - Started process (PID=504) to work on /home/airflow/.local/lib/python3.8/site-packages/airflow/example_dags/example_branch_operator.py
[2023-09-29T18:11:27.910+0000] {processor.py:829} INFO - Processing file /home/airflow/.local/lib/python3.8/site-packages/airflow/example_dags/example_branch_operator.py for tasks to queue
[2023-09-29T18:11:27.912+0000] {logging_mixin.py:151} INFO - [2023-09-29T18:11:27.912+0000] {dagbag.py:539} INFO - Filling up the DagBag from /home/airflow/.local/lib/python3.8/site-packages/airflow/example_dags/example_branch_operator.py
[2023-09-29T18:11:27.922+0000] {processor.py:839} INFO - DAG(s) dict_keys(['example_branch_operator']) retrieved from /home/airflow/.local/lib/python3.8/site-packages/airflow/example_dags/example_branch_operator.py
[2023-09-29T18:11:27.942+0000] {logging_mixin.py:151} INFO - [2023-09-29T18:11:27.941+0000] {dag.py:2915} INFO - Sync 1 DAGs
[2023-09-29T18:11:27.967+0000] {logging_mixin.py:151} INFO - [2023-09-29T18:11:27.967+0000] {dag.py:3696} INFO - Setting next_dagrun for example_branch_operator to 2023-09-28T00:00:00+00:00, run_after=2023-09-29T00:00:00+00:00
[2023-09-29T18:11:27.988+0000] {processor.py:179} INFO - Processing /home/airflow/.local/lib/python3.8/site-packages/airflow/example_dags/example_branch_operator.py took 0.083 seconds
[2023-09-29T18:11:58.974+0000] {processor.py:157} INFO - Started process (PID=566) to work on /home/airflow/.local/lib/python3.8/site-packages/airflow/example_dags/example_branch_operator.py
[2023-09-29T18:11:58.975+0000] {processor.py:829} INFO - Processing file /home/airflow/.local/lib/python3.8/site-packages/airflow/example_dags/example_branch_operator.py for tasks to queue
[2023-09-29T18:11:58.979+0000] {logging_mixin.py:151} INFO - [2023-09-29T18:11:58.979+0000] {dagbag.py:539} INFO - Filling up the DagBag from /home/airflow/.local/lib/python3.8/site-packages/airflow/example_dags/example_branch_operator.py
[2023-09-29T18:11:58.992+0000] {processor.py:839} INFO - DAG(s) dict_keys(['example_branch_operator']) retrieved from /home/airflow/.local/lib/python3.8/site-packages/airflow/example_dags/example_branch_operator.py
[2023-09-29T18:11:59.014+0000] {logging_mixin.py:151} INFO - [2023-09-29T18:11:59.014+0000] {dag.py:2915} INFO - Sync 1 DAGs
[2023-09-29T18:11:59.035+0000] {logging_mixin.py:151} INFO - [2023-09-29T18:11:59.034+0000] {dag.py:3696} INFO - Setting next_dagrun for example_branch_operator to 2023-09-28T00:00:00+00:00, run_after=2023-09-29T00:00:00+00:00
[2023-09-29T18:11:59.049+0000] {processor.py:179} INFO - Processing /home/airflow/.local/lib/python3.8/site-packages/airflow/example_dags/example_branch_operator.py took 0.079 seconds
[2023-09-29T18:12:29.848+0000] {processor.py:157} INFO - Started process (PID=622) to work on /home/airflow/.local/lib/python3.8/site-packages/airflow/example_dags/example_branch_operator.py
[2023-09-29T18:12:29.850+0000] {processor.py:829} INFO - Processing file /home/airflow/.local/lib/python3.8/site-packages/airflow/example_dags/example_branch_operator.py for tasks to queue
[2023-09-29T18:12:29.856+0000] {logging_mixin.py:151} INFO - [2023-09-29T18:12:29.855+0000] {dagbag.py:539} INFO - Filling up the DagBag from /home/airflow/.local/lib/python3.8/site-packages/airflow/example_dags/example_branch_operator.py
[2023-09-29T18:12:29.866+0000] {processor.py:839} INFO - DAG(s) dict_keys(['example_branch_operator']) retrieved from /home/airflow/.local/lib/python3.8/site-packages/airflow/example_dags/example_branch_operator.py
[2023-09-29T18:12:29.892+0000] {logging_mixin.py:151} INFO - [2023-09-29T18:12:29.892+0000] {dag.py:2915} INFO - Sync 1 DAGs
[2023-09-29T18:12:29.922+0000] {logging_mixin.py:151} INFO - [2023-09-29T18:12:29.921+0000] {dag.py:3696} INFO - Setting next_dagrun for example_branch_operator to 2023-09-28T00:00:00+00:00, run_after=2023-09-29T00:00:00+00:00
[2023-09-29T18:12:29.936+0000] {processor.py:179} INFO - Processing /home/airflow/.local/lib/python3.8/site-packages/airflow/example_dags/example_branch_operator.py took 0.095 seconds
[2023-09-29T18:13:00.893+0000] {processor.py:157} INFO - Started process (PID=677) to work on /home/airflow/.local/lib/python3.8/site-packages/airflow/example_dags/example_branch_operator.py
[2023-09-29T18:13:00.895+0000] {processor.py:829} INFO - Processing file /home/airflow/.local/lib/python3.8/site-packages/airflow/example_dags/example_branch_operator.py for tasks to queue
[2023-09-29T18:13:00.900+0000] {logging_mixin.py:151} INFO - [2023-09-29T18:13:00.900+0000] {dagbag.py:539} INFO - Filling up the DagBag from /home/airflow/.local/lib/python3.8/site-packages/airflow/example_dags/example_branch_operator.py
[2023-09-29T18:13:00.917+0000] {processor.py:839} INFO - DAG(s) dict_keys(['example_branch_operator']) retrieved from /home/airflow/.local/lib/python3.8/site-packages/airflow/example_dags/example_branch_operator.py
[2023-09-29T18:13:00.966+0000] {logging_mixin.py:151} INFO - [2023-09-29T18:13:00.966+0000] {dag.py:2915} INFO - Sync 1 DAGs
[2023-09-29T18:13:00.990+0000] {logging_mixin.py:151} INFO - [2023-09-29T18:13:00.990+0000] {dag.py:3696} INFO - Setting next_dagrun for example_branch_operator to 2023-09-28T00:00:00+00:00, run_after=2023-09-29T00:00:00+00:00
[2023-09-29T18:13:01.006+0000] {processor.py:179} INFO - Processing /home/airflow/.local/lib/python3.8/site-packages/airflow/example_dags/example_branch_operator.py took 0.117 seconds
[2023-09-29T18:13:31.457+0000] {processor.py:157} INFO - Started process (PID=732) to work on /home/airflow/.local/lib/python3.8/site-packages/airflow/example_dags/example_branch_operator.py
[2023-09-29T18:13:31.458+0000] {processor.py:829} INFO - Processing file /home/airflow/.local/lib/python3.8/site-packages/airflow/example_dags/example_branch_operator.py for tasks to queue
[2023-09-29T18:13:31.461+0000] {logging_mixin.py:151} INFO - [2023-09-29T18:13:31.460+0000] {dagbag.py:539} INFO - Filling up the DagBag from /home/airflow/.local/lib/python3.8/site-packages/airflow/example_dags/example_branch_operator.py
[2023-09-29T18:13:31.468+0000] {processor.py:839} INFO - DAG(s) dict_keys(['example_branch_operator']) retrieved from /home/airflow/.local/lib/python3.8/site-packages/airflow/example_dags/example_branch_operator.py
[2023-09-29T18:13:31.488+0000] {logging_mixin.py:151} INFO - [2023-09-29T18:13:31.488+0000] {dag.py:2915} INFO - Sync 1 DAGs
[2023-09-29T18:13:31.508+0000] {logging_mixin.py:151} INFO - [2023-09-29T18:13:31.508+0000] {dag.py:3696} INFO - Setting next_dagrun for example_branch_operator to 2023-09-28T00:00:00+00:00, run_after=2023-09-29T00:00:00+00:00
[2023-09-29T18:13:31.522+0000] {processor.py:179} INFO - Processing /home/airflow/.local/lib/python3.8/site-packages/airflow/example_dags/example_branch_operator.py took 0.068 seconds
[2023-09-29T18:14:02.485+0000] {processor.py:157} INFO - Started process (PID=786) to work on /home/airflow/.local/lib/python3.8/site-packages/airflow/example_dags/example_branch_operator.py
[2023-09-29T18:14:02.486+0000] {processor.py:829} INFO - Processing file /home/airflow/.local/lib/python3.8/site-packages/airflow/example_dags/example_branch_operator.py for tasks to queue
[2023-09-29T18:14:02.488+0000] {logging_mixin.py:151} INFO - [2023-09-29T18:14:02.488+0000] {dagbag.py:539} INFO - Filling up the DagBag from /home/airflow/.local/lib/python3.8/site-packages/airflow/example_dags/example_branch_operator.py
[2023-09-29T18:14:02.496+0000] {processor.py:839} INFO - DAG(s) dict_keys(['example_branch_operator']) retrieved from /home/airflow/.local/lib/python3.8/site-packages/airflow/example_dags/example_branch_operator.py
[2023-09-29T18:14:02.523+0000] {logging_mixin.py:151} INFO - [2023-09-29T18:14:02.523+0000] {dag.py:2915} INFO - Sync 1 DAGs
[2023-09-29T18:14:02.546+0000] {logging_mixin.py:151} INFO - [2023-09-29T18:14:02.545+0000] {dag.py:3696} INFO - Setting next_dagrun for example_branch_operator to 2023-09-28T00:00:00+00:00, run_after=2023-09-29T00:00:00+00:00
[2023-09-29T18:14:02.560+0000] {processor.py:179} INFO - Processing /home/airflow/.local/lib/python3.8/site-packages/airflow/example_dags/example_branch_operator.py took 0.078 seconds
[2023-09-29T18:14:32.963+0000] {processor.py:157} INFO - Started process (PID=841) to work on /home/airflow/.local/lib/python3.8/site-packages/airflow/example_dags/example_branch_operator.py
[2023-09-29T18:14:32.964+0000] {processor.py:829} INFO - Processing file /home/airflow/.local/lib/python3.8/site-packages/airflow/example_dags/example_branch_operator.py for tasks to queue
[2023-09-29T18:14:32.967+0000] {logging_mixin.py:151} INFO - [2023-09-29T18:14:32.966+0000] {dagbag.py:539} INFO - Filling up the DagBag from /home/airflow/.local/lib/python3.8/site-packages/airflow/example_dags/example_branch_operator.py
[2023-09-29T18:14:32.977+0000] {processor.py:839} INFO - DAG(s) dict_keys(['example_branch_operator']) retrieved from /home/airflow/.local/lib/python3.8/site-packages/airflow/example_dags/example_branch_operator.py
[2023-09-29T18:14:32.999+0000] {logging_mixin.py:151} INFO - [2023-09-29T18:14:32.999+0000] {dag.py:2915} INFO - Sync 1 DAGs
[2023-09-29T18:14:33.021+0000] {logging_mixin.py:151} INFO - [2023-09-29T18:14:33.021+0000] {dag.py:3696} INFO - Setting next_dagrun for example_branch_operator to 2023-09-28T00:00:00+00:00, run_after=2023-09-29T00:00:00+00:00
[2023-09-29T18:14:33.036+0000] {processor.py:179} INFO - Processing /home/airflow/.local/lib/python3.8/site-packages/airflow/example_dags/example_branch_operator.py took 0.076 seconds
[2023-09-29T18:15:03.705+0000] {processor.py:157} INFO - Started process (PID=896) to work on /home/airflow/.local/lib/python3.8/site-packages/airflow/example_dags/example_branch_operator.py
[2023-09-29T18:15:03.708+0000] {processor.py:829} INFO - Processing file /home/airflow/.local/lib/python3.8/site-packages/airflow/example_dags/example_branch_operator.py for tasks to queue
[2023-09-29T18:15:03.715+0000] {logging_mixin.py:151} INFO - [2023-09-29T18:15:03.714+0000] {dagbag.py:539} INFO - Filling up the DagBag from /home/airflow/.local/lib/python3.8/site-packages/airflow/example_dags/example_branch_operator.py
[2023-09-29T18:15:03.748+0000] {processor.py:839} INFO - DAG(s) dict_keys(['example_branch_operator']) retrieved from /home/airflow/.local/lib/python3.8/site-packages/airflow/example_dags/example_branch_operator.py
[2023-09-29T18:15:03.847+0000] {logging_mixin.py:151} INFO - [2023-09-29T18:15:03.846+0000] {dag.py:2915} INFO - Sync 1 DAGs
[2023-09-29T18:15:03.888+0000] {logging_mixin.py:151} INFO - [2023-09-29T18:15:03.888+0000] {dag.py:3696} INFO - Setting next_dagrun for example_branch_operator to 2023-09-28T00:00:00+00:00, run_after=2023-09-29T00:00:00+00:00
[2023-09-29T18:15:03.910+0000] {processor.py:179} INFO - Processing /home/airflow/.local/lib/python3.8/site-packages/airflow/example_dags/example_branch_operator.py took 0.214 seconds
[2023-09-29T18:15:34.521+0000] {processor.py:157} INFO - Started process (PID=951) to work on /home/airflow/.local/lib/python3.8/site-packages/airflow/example_dags/example_branch_operator.py
[2023-09-29T18:15:34.524+0000] {processor.py:829} INFO - Processing file /home/airflow/.local/lib/python3.8/site-packages/airflow/example_dags/example_branch_operator.py for tasks to queue
[2023-09-29T18:15:34.528+0000] {logging_mixin.py:151} INFO - [2023-09-29T18:15:34.528+0000] {dagbag.py:539} INFO - Filling up the DagBag from /home/airflow/.local/lib/python3.8/site-packages/airflow/example_dags/example_branch_operator.py
[2023-09-29T18:15:34.542+0000] {processor.py:839} INFO - DAG(s) dict_keys(['example_branch_operator']) retrieved from /home/airflow/.local/lib/python3.8/site-packages/airflow/example_dags/example_branch_operator.py
[2023-09-29T18:15:34.578+0000] {logging_mixin.py:151} INFO - [2023-09-29T18:15:34.577+0000] {dag.py:2915} INFO - Sync 1 DAGs
[2023-09-29T18:15:34.601+0000] {logging_mixin.py:151} INFO - [2023-09-29T18:15:34.601+0000] {dag.py:3696} INFO - Setting next_dagrun for example_branch_operator to 2023-09-28T00:00:00+00:00, run_after=2023-09-29T00:00:00+00:00
[2023-09-29T18:15:34.615+0000] {processor.py:179} INFO - Processing /home/airflow/.local/lib/python3.8/site-packages/airflow/example_dags/example_branch_operator.py took 0.100 seconds
[2023-09-29T18:16:05.359+0000] {processor.py:157} INFO - Started process (PID=1006) to work on /home/airflow/.local/lib/python3.8/site-packages/airflow/example_dags/example_branch_operator.py
[2023-09-29T18:16:05.361+0000] {processor.py:829} INFO - Processing file /home/airflow/.local/lib/python3.8/site-packages/airflow/example_dags/example_branch_operator.py for tasks to queue
[2023-09-29T18:16:05.366+0000] {logging_mixin.py:151} INFO - [2023-09-29T18:16:05.365+0000] {dagbag.py:539} INFO - Filling up the DagBag from /home/airflow/.local/lib/python3.8/site-packages/airflow/example_dags/example_branch_operator.py
[2023-09-29T18:16:05.379+0000] {processor.py:839} INFO - DAG(s) dict_keys(['example_branch_operator']) retrieved from /home/airflow/.local/lib/python3.8/site-packages/airflow/example_dags/example_branch_operator.py
[2023-09-29T18:16:05.416+0000] {logging_mixin.py:151} INFO - [2023-09-29T18:16:05.415+0000] {dag.py:2915} INFO - Sync 1 DAGs
[2023-09-29T18:16:05.440+0000] {logging_mixin.py:151} INFO - [2023-09-29T18:16:05.440+0000] {dag.py:3696} INFO - Setting next_dagrun for example_branch_operator to 2023-09-28T00:00:00+00:00, run_after=2023-09-29T00:00:00+00:00
[2023-09-29T18:16:05.456+0000] {processor.py:179} INFO - Processing /home/airflow/.local/lib/python3.8/site-packages/airflow/example_dags/example_branch_operator.py took 0.107 seconds
[2023-09-29T18:16:35.556+0000] {processor.py:157} INFO - Started process (PID=1060) to work on /home/airflow/.local/lib/python3.8/site-packages/airflow/example_dags/example_branch_operator.py
[2023-09-29T18:16:35.559+0000] {processor.py:829} INFO - Processing file /home/airflow/.local/lib/python3.8/site-packages/airflow/example_dags/example_branch_operator.py for tasks to queue
[2023-09-29T18:16:35.565+0000] {logging_mixin.py:151} INFO - [2023-09-29T18:16:35.565+0000] {dagbag.py:539} INFO - Filling up the DagBag from /home/airflow/.local/lib/python3.8/site-packages/airflow/example_dags/example_branch_operator.py
[2023-09-29T18:16:35.627+0000] {processor.py:839} INFO - DAG(s) dict_keys(['example_branch_operator']) retrieved from /home/airflow/.local/lib/python3.8/site-packages/airflow/example_dags/example_branch_operator.py
[2023-09-29T18:16:35.683+0000] {logging_mixin.py:151} INFO - [2023-09-29T18:16:35.682+0000] {dag.py:2915} INFO - Sync 1 DAGs
[2023-09-29T18:16:35.718+0000] {logging_mixin.py:151} INFO - [2023-09-29T18:16:35.718+0000] {dag.py:3696} INFO - Setting next_dagrun for example_branch_operator to 2023-09-28T00:00:00+00:00, run_after=2023-09-29T00:00:00+00:00
[2023-09-29T18:16:35.746+0000] {processor.py:179} INFO - Processing /home/airflow/.local/lib/python3.8/site-packages/airflow/example_dags/example_branch_operator.py took 0.200 seconds
[2023-09-29T18:17:05.925+0000] {processor.py:157} INFO - Started process (PID=1116) to work on /home/airflow/.local/lib/python3.8/site-packages/airflow/example_dags/example_branch_operator.py
[2023-09-29T18:17:05.929+0000] {processor.py:829} INFO - Processing file /home/airflow/.local/lib/python3.8/site-packages/airflow/example_dags/example_branch_operator.py for tasks to queue
[2023-09-29T18:17:05.937+0000] {logging_mixin.py:151} INFO - [2023-09-29T18:17:05.935+0000] {dagbag.py:539} INFO - Filling up the DagBag from /home/airflow/.local/lib/python3.8/site-packages/airflow/example_dags/example_branch_operator.py
[2023-09-29T18:17:05.965+0000] {processor.py:839} INFO - DAG(s) dict_keys(['example_branch_operator']) retrieved from /home/airflow/.local/lib/python3.8/site-packages/airflow/example_dags/example_branch_operator.py
[2023-09-29T18:17:05.999+0000] {logging_mixin.py:151} INFO - [2023-09-29T18:17:05.999+0000] {dag.py:2915} INFO - Sync 1 DAGs
[2023-09-29T18:17:06.025+0000] {logging_mixin.py:151} INFO - [2023-09-29T18:17:06.024+0000] {dag.py:3696} INFO - Setting next_dagrun for example_branch_operator to 2023-09-28T00:00:00+00:00, run_after=2023-09-29T00:00:00+00:00
[2023-09-29T18:17:06.041+0000] {processor.py:179} INFO - Processing /home/airflow/.local/lib/python3.8/site-packages/airflow/example_dags/example_branch_operator.py took 0.121 seconds
[2023-09-29T18:17:37.032+0000] {processor.py:157} INFO - Started process (PID=1171) to work on /home/airflow/.local/lib/python3.8/site-packages/airflow/example_dags/example_branch_operator.py
[2023-09-29T18:17:37.034+0000] {processor.py:829} INFO - Processing file /home/airflow/.local/lib/python3.8/site-packages/airflow/example_dags/example_branch_operator.py for tasks to queue
[2023-09-29T18:17:37.037+0000] {logging_mixin.py:151} INFO - [2023-09-29T18:17:37.037+0000] {dagbag.py:539} INFO - Filling up the DagBag from /home/airflow/.local/lib/python3.8/site-packages/airflow/example_dags/example_branch_operator.py
[2023-09-29T18:17:37.046+0000] {processor.py:839} INFO - DAG(s) dict_keys(['example_branch_operator']) retrieved from /home/airflow/.local/lib/python3.8/site-packages/airflow/example_dags/example_branch_operator.py
[2023-09-29T18:17:37.066+0000] {logging_mixin.py:151} INFO - [2023-09-29T18:17:37.066+0000] {dag.py:2915} INFO - Sync 1 DAGs
[2023-09-29T18:17:37.082+0000] {logging_mixin.py:151} INFO - [2023-09-29T18:17:37.082+0000] {dag.py:3696} INFO - Setting next_dagrun for example_branch_operator to 2023-09-28T00:00:00+00:00, run_after=2023-09-29T00:00:00+00:00
[2023-09-29T18:17:37.094+0000] {processor.py:179} INFO - Processing /home/airflow/.local/lib/python3.8/site-packages/airflow/example_dags/example_branch_operator.py took 0.068 seconds
[2023-09-29T18:18:07.606+0000] {processor.py:157} INFO - Started process (PID=1226) to work on /home/airflow/.local/lib/python3.8/site-packages/airflow/example_dags/example_branch_operator.py
[2023-09-29T18:18:07.607+0000] {processor.py:829} INFO - Processing file /home/airflow/.local/lib/python3.8/site-packages/airflow/example_dags/example_branch_operator.py for tasks to queue
[2023-09-29T18:18:07.610+0000] {logging_mixin.py:151} INFO - [2023-09-29T18:18:07.609+0000] {dagbag.py:539} INFO - Filling up the DagBag from /home/airflow/.local/lib/python3.8/site-packages/airflow/example_dags/example_branch_operator.py
[2023-09-29T18:18:07.617+0000] {processor.py:839} INFO - DAG(s) dict_keys(['example_branch_operator']) retrieved from /home/airflow/.local/lib/python3.8/site-packages/airflow/example_dags/example_branch_operator.py
[2023-09-29T18:18:07.635+0000] {logging_mixin.py:151} INFO - [2023-09-29T18:18:07.634+0000] {dag.py:2915} INFO - Sync 1 DAGs
[2023-09-29T18:18:07.651+0000] {logging_mixin.py:151} INFO - [2023-09-29T18:18:07.651+0000] {dag.py:3696} INFO - Setting next_dagrun for example_branch_operator to 2023-09-28T00:00:00+00:00, run_after=2023-09-29T00:00:00+00:00
[2023-09-29T18:18:07.663+0000] {processor.py:179} INFO - Processing /home/airflow/.local/lib/python3.8/site-packages/airflow/example_dags/example_branch_operator.py took 0.060 seconds
[2023-09-29T18:18:38.110+0000] {processor.py:157} INFO - Started process (PID=1281) to work on /home/airflow/.local/lib/python3.8/site-packages/airflow/example_dags/example_branch_operator.py
[2023-09-29T18:18:38.111+0000] {processor.py:829} INFO - Processing file /home/airflow/.local/lib/python3.8/site-packages/airflow/example_dags/example_branch_operator.py for tasks to queue
[2023-09-29T18:18:38.114+0000] {logging_mixin.py:151} INFO - [2023-09-29T18:18:38.113+0000] {dagbag.py:539} INFO - Filling up the DagBag from /home/airflow/.local/lib/python3.8/site-packages/airflow/example_dags/example_branch_operator.py
[2023-09-29T18:18:38.124+0000] {processor.py:839} INFO - DAG(s) dict_keys(['example_branch_operator']) retrieved from /home/airflow/.local/lib/python3.8/site-packages/airflow/example_dags/example_branch_operator.py
[2023-09-29T18:18:38.141+0000] {logging_mixin.py:151} INFO - [2023-09-29T18:18:38.140+0000] {dag.py:2915} INFO - Sync 1 DAGs
[2023-09-29T18:18:38.157+0000] {logging_mixin.py:151} INFO - [2023-09-29T18:18:38.157+0000] {dag.py:3696} INFO - Setting next_dagrun for example_branch_operator to 2023-09-28T00:00:00+00:00, run_after=2023-09-29T00:00:00+00:00
[2023-09-29T18:18:38.168+0000] {processor.py:179} INFO - Processing /home/airflow/.local/lib/python3.8/site-packages/airflow/example_dags/example_branch_operator.py took 0.061 seconds
[2023-09-29T18:19:08.865+0000] {processor.py:157} INFO - Started process (PID=1336) to work on /home/airflow/.local/lib/python3.8/site-packages/airflow/example_dags/example_branch_operator.py
[2023-09-29T18:19:08.866+0000] {processor.py:829} INFO - Processing file /home/airflow/.local/lib/python3.8/site-packages/airflow/example_dags/example_branch_operator.py for tasks to queue
[2023-09-29T18:19:08.872+0000] {logging_mixin.py:151} INFO - [2023-09-29T18:19:08.871+0000] {dagbag.py:539} INFO - Filling up the DagBag from /home/airflow/.local/lib/python3.8/site-packages/airflow/example_dags/example_branch_operator.py
[2023-09-29T18:19:08.903+0000] {processor.py:839} INFO - DAG(s) dict_keys(['example_branch_operator']) retrieved from /home/airflow/.local/lib/python3.8/site-packages/airflow/example_dags/example_branch_operator.py
[2023-09-29T18:19:08.938+0000] {logging_mixin.py:151} INFO - [2023-09-29T18:19:08.938+0000] {dag.py:2915} INFO - Sync 1 DAGs
[2023-09-29T18:19:08.984+0000] {logging_mixin.py:151} INFO - [2023-09-29T18:19:08.984+0000] {dag.py:3696} INFO - Setting next_dagrun for example_branch_operator to 2023-09-28T00:00:00+00:00, run_after=2023-09-29T00:00:00+00:00
[2023-09-29T18:19:09.017+0000] {processor.py:179} INFO - Processing /home/airflow/.local/lib/python3.8/site-packages/airflow/example_dags/example_branch_operator.py took 0.159 seconds
[2023-09-29T18:19:39.381+0000] {processor.py:157} INFO - Started process (PID=1391) to work on /home/airflow/.local/lib/python3.8/site-packages/airflow/example_dags/example_branch_operator.py
[2023-09-29T18:19:39.383+0000] {processor.py:829} INFO - Processing file /home/airflow/.local/lib/python3.8/site-packages/airflow/example_dags/example_branch_operator.py for tasks to queue
[2023-09-29T18:19:39.387+0000] {logging_mixin.py:151} INFO - [2023-09-29T18:19:39.387+0000] {dagbag.py:539} INFO - Filling up the DagBag from /home/airflow/.local/lib/python3.8/site-packages/airflow/example_dags/example_branch_operator.py
[2023-09-29T18:19:39.397+0000] {processor.py:839} INFO - DAG(s) dict_keys(['example_branch_operator']) retrieved from /home/airflow/.local/lib/python3.8/site-packages/airflow/example_dags/example_branch_operator.py
[2023-09-29T18:19:39.417+0000] {logging_mixin.py:151} INFO - [2023-09-29T18:19:39.417+0000] {dag.py:2915} INFO - Sync 1 DAGs
[2023-09-29T18:19:39.435+0000] {logging_mixin.py:151} INFO - [2023-09-29T18:19:39.435+0000] {dag.py:3696} INFO - Setting next_dagrun for example_branch_operator to 2023-09-28T00:00:00+00:00, run_after=2023-09-29T00:00:00+00:00
[2023-09-29T18:19:39.447+0000] {processor.py:179} INFO - Processing /home/airflow/.local/lib/python3.8/site-packages/airflow/example_dags/example_branch_operator.py took 0.071 seconds
[2023-09-29T18:20:09.937+0000] {processor.py:157} INFO - Started process (PID=1446) to work on /home/airflow/.local/lib/python3.8/site-packages/airflow/example_dags/example_branch_operator.py
[2023-09-29T18:20:09.939+0000] {processor.py:829} INFO - Processing file /home/airflow/.local/lib/python3.8/site-packages/airflow/example_dags/example_branch_operator.py for tasks to queue
[2023-09-29T18:20:09.942+0000] {logging_mixin.py:151} INFO - [2023-09-29T18:20:09.941+0000] {dagbag.py:539} INFO - Filling up the DagBag from /home/airflow/.local/lib/python3.8/site-packages/airflow/example_dags/example_branch_operator.py
[2023-09-29T18:20:09.953+0000] {processor.py:839} INFO - DAG(s) dict_keys(['example_branch_operator']) retrieved from /home/airflow/.local/lib/python3.8/site-packages/airflow/example_dags/example_branch_operator.py
[2023-09-29T18:20:09.978+0000] {logging_mixin.py:151} INFO - [2023-09-29T18:20:09.978+0000] {dag.py:2915} INFO - Sync 1 DAGs
[2023-09-29T18:20:09.999+0000] {logging_mixin.py:151} INFO - [2023-09-29T18:20:09.999+0000] {dag.py:3696} INFO - Setting next_dagrun for example_branch_operator to 2023-09-28T00:00:00+00:00, run_after=2023-09-29T00:00:00+00:00
[2023-09-29T18:20:10.014+0000] {processor.py:179} INFO - Processing /home/airflow/.local/lib/python3.8/site-packages/airflow/example_dags/example_branch_operator.py took 0.082 seconds
[2023-09-29T18:20:40.448+0000] {processor.py:157} INFO - Started process (PID=1502) to work on /home/airflow/.local/lib/python3.8/site-packages/airflow/example_dags/example_branch_operator.py
[2023-09-29T18:20:40.449+0000] {processor.py:829} INFO - Processing file /home/airflow/.local/lib/python3.8/site-packages/airflow/example_dags/example_branch_operator.py for tasks to queue
[2023-09-29T18:20:40.451+0000] {logging_mixin.py:151} INFO - [2023-09-29T18:20:40.451+0000] {dagbag.py:539} INFO - Filling up the DagBag from /home/airflow/.local/lib/python3.8/site-packages/airflow/example_dags/example_branch_operator.py
[2023-09-29T18:20:40.459+0000] {processor.py:839} INFO - DAG(s) dict_keys(['example_branch_operator']) retrieved from /home/airflow/.local/lib/python3.8/site-packages/airflow/example_dags/example_branch_operator.py
[2023-09-29T18:20:40.478+0000] {logging_mixin.py:151} INFO - [2023-09-29T18:20:40.478+0000] {dag.py:2915} INFO - Sync 1 DAGs
[2023-09-29T18:20:40.497+0000] {logging_mixin.py:151} INFO - [2023-09-29T18:20:40.497+0000] {dag.py:3696} INFO - Setting next_dagrun for example_branch_operator to 2023-09-28T00:00:00+00:00, run_after=2023-09-29T00:00:00+00:00
[2023-09-29T18:20:40.510+0000] {processor.py:179} INFO - Processing /home/airflow/.local/lib/python3.8/site-packages/airflow/example_dags/example_branch_operator.py took 0.066 seconds
[2023-09-29T18:21:10.697+0000] {processor.py:157} INFO - Started process (PID=1557) to work on /home/airflow/.local/lib/python3.8/site-packages/airflow/example_dags/example_branch_operator.py
[2023-09-29T18:21:10.699+0000] {processor.py:829} INFO - Processing file /home/airflow/.local/lib/python3.8/site-packages/airflow/example_dags/example_branch_operator.py for tasks to queue
[2023-09-29T18:21:10.702+0000] {logging_mixin.py:151} INFO - [2023-09-29T18:21:10.702+0000] {dagbag.py:539} INFO - Filling up the DagBag from /home/airflow/.local/lib/python3.8/site-packages/airflow/example_dags/example_branch_operator.py
[2023-09-29T18:21:10.718+0000] {processor.py:839} INFO - DAG(s) dict_keys(['example_branch_operator']) retrieved from /home/airflow/.local/lib/python3.8/site-packages/airflow/example_dags/example_branch_operator.py
[2023-09-29T18:21:10.756+0000] {logging_mixin.py:151} INFO - [2023-09-29T18:21:10.756+0000] {dag.py:2915} INFO - Sync 1 DAGs
[2023-09-29T18:21:10.849+0000] {logging_mixin.py:151} INFO - [2023-09-29T18:21:10.848+0000] {dag.py:3696} INFO - Setting next_dagrun for example_branch_operator to 2023-09-28T00:00:00+00:00, run_after=2023-09-29T00:00:00+00:00
[2023-09-29T18:21:10.874+0000] {processor.py:179} INFO - Processing /home/airflow/.local/lib/python3.8/site-packages/airflow/example_dags/example_branch_operator.py took 0.182 seconds
[2023-09-29T18:21:41.314+0000] {processor.py:157} INFO - Started process (PID=1613) to work on /home/airflow/.local/lib/python3.8/site-packages/airflow/example_dags/example_branch_operator.py
[2023-09-29T18:21:41.317+0000] {processor.py:829} INFO - Processing file /home/airflow/.local/lib/python3.8/site-packages/airflow/example_dags/example_branch_operator.py for tasks to queue
[2023-09-29T18:21:41.322+0000] {logging_mixin.py:151} INFO - [2023-09-29T18:21:41.320+0000] {dagbag.py:539} INFO - Filling up the DagBag from /home/airflow/.local/lib/python3.8/site-packages/airflow/example_dags/example_branch_operator.py
[2023-09-29T18:21:41.340+0000] {processor.py:839} INFO - DAG(s) dict_keys(['example_branch_operator']) retrieved from /home/airflow/.local/lib/python3.8/site-packages/airflow/example_dags/example_branch_operator.py
[2023-09-29T18:21:41.381+0000] {logging_mixin.py:151} INFO - [2023-09-29T18:21:41.381+0000] {dag.py:2915} INFO - Sync 1 DAGs
[2023-09-29T18:21:41.414+0000] {logging_mixin.py:151} INFO - [2023-09-29T18:21:41.414+0000] {dag.py:3696} INFO - Setting next_dagrun for example_branch_operator to 2023-09-28T00:00:00+00:00, run_after=2023-09-29T00:00:00+00:00
[2023-09-29T18:21:41.443+0000] {processor.py:179} INFO - Processing /home/airflow/.local/lib/python3.8/site-packages/airflow/example_dags/example_branch_operator.py took 0.133 seconds
[2023-09-29T18:22:11.865+0000] {processor.py:157} INFO - Started process (PID=1668) to work on /home/airflow/.local/lib/python3.8/site-packages/airflow/example_dags/example_branch_operator.py
[2023-09-29T18:22:11.867+0000] {processor.py:829} INFO - Processing file /home/airflow/.local/lib/python3.8/site-packages/airflow/example_dags/example_branch_operator.py for tasks to queue
[2023-09-29T18:22:11.870+0000] {logging_mixin.py:151} INFO - [2023-09-29T18:22:11.870+0000] {dagbag.py:539} INFO - Filling up the DagBag from /home/airflow/.local/lib/python3.8/site-packages/airflow/example_dags/example_branch_operator.py
[2023-09-29T18:22:11.882+0000] {processor.py:839} INFO - DAG(s) dict_keys(['example_branch_operator']) retrieved from /home/airflow/.local/lib/python3.8/site-packages/airflow/example_dags/example_branch_operator.py
[2023-09-29T18:22:11.908+0000] {logging_mixin.py:151} INFO - [2023-09-29T18:22:11.907+0000] {dag.py:2915} INFO - Sync 1 DAGs
[2023-09-29T18:22:11.929+0000] {logging_mixin.py:151} INFO - [2023-09-29T18:22:11.929+0000] {dag.py:3696} INFO - Setting next_dagrun for example_branch_operator to 2023-09-28T00:00:00+00:00, run_after=2023-09-29T00:00:00+00:00
[2023-09-29T18:22:11.942+0000] {processor.py:179} INFO - Processing /home/airflow/.local/lib/python3.8/site-packages/airflow/example_dags/example_branch_operator.py took 0.083 seconds
[2023-09-29T18:22:42.036+0000] {processor.py:157} INFO - Started process (PID=1723) to work on /home/airflow/.local/lib/python3.8/site-packages/airflow/example_dags/example_branch_operator.py
[2023-09-29T18:22:42.038+0000] {processor.py:829} INFO - Processing file /home/airflow/.local/lib/python3.8/site-packages/airflow/example_dags/example_branch_operator.py for tasks to queue
[2023-09-29T18:22:42.040+0000] {logging_mixin.py:151} INFO - [2023-09-29T18:22:42.040+0000] {dagbag.py:539} INFO - Filling up the DagBag from /home/airflow/.local/lib/python3.8/site-packages/airflow/example_dags/example_branch_operator.py
[2023-09-29T18:22:42.049+0000] {processor.py:839} INFO - DAG(s) dict_keys(['example_branch_operator']) retrieved from /home/airflow/.local/lib/python3.8/site-packages/airflow/example_dags/example_branch_operator.py
[2023-09-29T18:22:42.075+0000] {logging_mixin.py:151} INFO - [2023-09-29T18:22:42.075+0000] {dag.py:2915} INFO - Sync 1 DAGs
[2023-09-29T18:22:42.105+0000] {logging_mixin.py:151} INFO - [2023-09-29T18:22:42.104+0000] {dag.py:3696} INFO - Setting next_dagrun for example_branch_operator to 2023-09-28T00:00:00+00:00, run_after=2023-09-29T00:00:00+00:00
[2023-09-29T18:22:42.116+0000] {processor.py:179} INFO - Processing /home/airflow/.local/lib/python3.8/site-packages/airflow/example_dags/example_branch_operator.py took 0.084 seconds
[2023-09-29T18:23:12.186+0000] {processor.py:157} INFO - Started process (PID=1779) to work on /home/airflow/.local/lib/python3.8/site-packages/airflow/example_dags/example_branch_operator.py
[2023-09-29T18:23:12.188+0000] {processor.py:829} INFO - Processing file /home/airflow/.local/lib/python3.8/site-packages/airflow/example_dags/example_branch_operator.py for tasks to queue
[2023-09-29T18:23:12.193+0000] {logging_mixin.py:151} INFO - [2023-09-29T18:23:12.192+0000] {dagbag.py:539} INFO - Filling up the DagBag from /home/airflow/.local/lib/python3.8/site-packages/airflow/example_dags/example_branch_operator.py
[2023-09-29T18:23:12.206+0000] {processor.py:839} INFO - DAG(s) dict_keys(['example_branch_operator']) retrieved from /home/airflow/.local/lib/python3.8/site-packages/airflow/example_dags/example_branch_operator.py
[2023-09-29T18:23:12.228+0000] {logging_mixin.py:151} INFO - [2023-09-29T18:23:12.228+0000] {dag.py:2915} INFO - Sync 1 DAGs
[2023-09-29T18:23:12.244+0000] {logging_mixin.py:151} INFO - [2023-09-29T18:23:12.244+0000] {dag.py:3696} INFO - Setting next_dagrun for example_branch_operator to 2023-09-28T00:00:00+00:00, run_after=2023-09-29T00:00:00+00:00
[2023-09-29T18:23:12.257+0000] {processor.py:179} INFO - Processing /home/airflow/.local/lib/python3.8/site-packages/airflow/example_dags/example_branch_operator.py took 0.077 seconds
[2023-09-29T18:23:42.649+0000] {processor.py:157} INFO - Started process (PID=1834) to work on /home/airflow/.local/lib/python3.8/site-packages/airflow/example_dags/example_branch_operator.py
[2023-09-29T18:23:42.650+0000] {processor.py:829} INFO - Processing file /home/airflow/.local/lib/python3.8/site-packages/airflow/example_dags/example_branch_operator.py for tasks to queue
[2023-09-29T18:23:42.653+0000] {logging_mixin.py:151} INFO - [2023-09-29T18:23:42.652+0000] {dagbag.py:539} INFO - Filling up the DagBag from /home/airflow/.local/lib/python3.8/site-packages/airflow/example_dags/example_branch_operator.py
[2023-09-29T18:23:42.661+0000] {processor.py:839} INFO - DAG(s) dict_keys(['example_branch_operator']) retrieved from /home/airflow/.local/lib/python3.8/site-packages/airflow/example_dags/example_branch_operator.py
[2023-09-29T18:23:42.684+0000] {logging_mixin.py:151} INFO - [2023-09-29T18:23:42.684+0000] {dag.py:2915} INFO - Sync 1 DAGs
[2023-09-29T18:23:42.709+0000] {logging_mixin.py:151} INFO - [2023-09-29T18:23:42.709+0000] {dag.py:3696} INFO - Setting next_dagrun for example_branch_operator to 2023-09-28T00:00:00+00:00, run_after=2023-09-29T00:00:00+00:00
[2023-09-29T18:23:42.724+0000] {processor.py:179} INFO - Processing /home/airflow/.local/lib/python3.8/site-packages/airflow/example_dags/example_branch_operator.py took 0.079 seconds
[2023-09-29T18:24:13.709+0000] {processor.py:157} INFO - Started process (PID=1889) to work on /home/airflow/.local/lib/python3.8/site-packages/airflow/example_dags/example_branch_operator.py
[2023-09-29T18:24:13.710+0000] {processor.py:829} INFO - Processing file /home/airflow/.local/lib/python3.8/site-packages/airflow/example_dags/example_branch_operator.py for tasks to queue
[2023-09-29T18:24:13.713+0000] {logging_mixin.py:151} INFO - [2023-09-29T18:24:13.712+0000] {dagbag.py:539} INFO - Filling up the DagBag from /home/airflow/.local/lib/python3.8/site-packages/airflow/example_dags/example_branch_operator.py
[2023-09-29T18:24:13.721+0000] {processor.py:839} INFO - DAG(s) dict_keys(['example_branch_operator']) retrieved from /home/airflow/.local/lib/python3.8/site-packages/airflow/example_dags/example_branch_operator.py
[2023-09-29T18:24:13.743+0000] {logging_mixin.py:151} INFO - [2023-09-29T18:24:13.742+0000] {dag.py:2915} INFO - Sync 1 DAGs
[2023-09-29T18:24:13.767+0000] {logging_mixin.py:151} INFO - [2023-09-29T18:24:13.767+0000] {dag.py:3696} INFO - Setting next_dagrun for example_branch_operator to 2023-09-28T00:00:00+00:00, run_after=2023-09-29T00:00:00+00:00
[2023-09-29T18:24:13.781+0000] {processor.py:179} INFO - Processing /home/airflow/.local/lib/python3.8/site-packages/airflow/example_dags/example_branch_operator.py took 0.075 seconds
[2023-09-29T18:24:44.108+0000] {processor.py:157} INFO - Started process (PID=1944) to work on /home/airflow/.local/lib/python3.8/site-packages/airflow/example_dags/example_branch_operator.py
[2023-09-29T18:24:44.110+0000] {processor.py:829} INFO - Processing file /home/airflow/.local/lib/python3.8/site-packages/airflow/example_dags/example_branch_operator.py for tasks to queue
[2023-09-29T18:24:44.113+0000] {logging_mixin.py:151} INFO - [2023-09-29T18:24:44.113+0000] {dagbag.py:539} INFO - Filling up the DagBag from /home/airflow/.local/lib/python3.8/site-packages/airflow/example_dags/example_branch_operator.py
[2023-09-29T18:24:44.122+0000] {processor.py:839} INFO - DAG(s) dict_keys(['example_branch_operator']) retrieved from /home/airflow/.local/lib/python3.8/site-packages/airflow/example_dags/example_branch_operator.py
[2023-09-29T18:24:44.146+0000] {logging_mixin.py:151} INFO - [2023-09-29T18:24:44.146+0000] {dag.py:2915} INFO - Sync 1 DAGs
[2023-09-29T18:24:44.173+0000] {logging_mixin.py:151} INFO - [2023-09-29T18:24:44.172+0000] {dag.py:3696} INFO - Setting next_dagrun for example_branch_operator to 2023-09-28T00:00:00+00:00, run_after=2023-09-29T00:00:00+00:00
[2023-09-29T18:24:44.189+0000] {processor.py:179} INFO - Processing /home/airflow/.local/lib/python3.8/site-packages/airflow/example_dags/example_branch_operator.py took 0.085 seconds
[2023-09-29T18:25:14.208+0000] {processor.py:157} INFO - Started process (PID=1998) to work on /home/airflow/.local/lib/python3.8/site-packages/airflow/example_dags/example_branch_operator.py
[2023-09-29T18:25:14.209+0000] {processor.py:829} INFO - Processing file /home/airflow/.local/lib/python3.8/site-packages/airflow/example_dags/example_branch_operator.py for tasks to queue
[2023-09-29T18:25:14.211+0000] {logging_mixin.py:151} INFO - [2023-09-29T18:25:14.211+0000] {dagbag.py:539} INFO - Filling up the DagBag from /home/airflow/.local/lib/python3.8/site-packages/airflow/example_dags/example_branch_operator.py
[2023-09-29T18:25:14.219+0000] {processor.py:839} INFO - DAG(s) dict_keys(['example_branch_operator']) retrieved from /home/airflow/.local/lib/python3.8/site-packages/airflow/example_dags/example_branch_operator.py
[2023-09-29T18:25:14.243+0000] {logging_mixin.py:151} INFO - [2023-09-29T18:25:14.243+0000] {dag.py:2915} INFO - Sync 1 DAGs
[2023-09-29T18:25:14.263+0000] {logging_mixin.py:151} INFO - [2023-09-29T18:25:14.263+0000] {dag.py:3696} INFO - Setting next_dagrun for example_branch_operator to 2023-09-28T00:00:00+00:00, run_after=2023-09-29T00:00:00+00:00
[2023-09-29T18:25:14.276+0000] {processor.py:179} INFO - Processing /home/airflow/.local/lib/python3.8/site-packages/airflow/example_dags/example_branch_operator.py took 0.071 seconds
