[2023-09-29T18:07:18.894+0000] {processor.py:157} INFO - Started process (PID=78) to work on /home/airflow/.local/lib/python3.8/site-packages/airflow/example_dags/example_python_operator.py
[2023-09-29T18:07:18.899+0000] {processor.py:829} INFO - Processing file /home/airflow/.local/lib/python3.8/site-packages/airflow/example_dags/example_python_operator.py for tasks to queue
[2023-09-29T18:07:18.913+0000] {logging_mixin.py:151} INFO - [2023-09-29T18:07:18.909+0000] {dagbag.py:539} INFO - Filling up the DagBag from /home/airflow/.local/lib/python3.8/site-packages/airflow/example_dags/example_python_operator.py
[2023-09-29T18:07:18.946+0000] {processor.py:839} INFO - DAG(s) dict_keys(['example_python_operator']) retrieved from /home/airflow/.local/lib/python3.8/site-packages/airflow/example_dags/example_python_operator.py
[2023-09-29T18:07:18.980+0000] {logging_mixin.py:151} INFO - [2023-09-29T18:07:18.979+0000] {dag.py:2915} INFO - Sync 1 DAGs
[2023-09-29T18:07:19.012+0000] {logging_mixin.py:151} INFO - [2023-09-29T18:07:19.011+0000] {dag.py:3696} INFO - Setting next_dagrun for example_python_operator to None, run_after=None
[2023-09-29T18:07:19.087+0000] {processor.py:179} INFO - Processing /home/airflow/.local/lib/python3.8/site-packages/airflow/example_dags/example_python_operator.py took 0.219 seconds
[2023-09-29T18:07:55.619+0000] {processor.py:157} INFO - Started process (PID=132) to work on /home/airflow/.local/lib/python3.8/site-packages/airflow/example_dags/example_python_operator.py
[2023-09-29T18:07:55.620+0000] {processor.py:829} INFO - Processing file /home/airflow/.local/lib/python3.8/site-packages/airflow/example_dags/example_python_operator.py for tasks to queue
[2023-09-29T18:07:55.623+0000] {logging_mixin.py:151} INFO - [2023-09-29T18:07:55.622+0000] {dagbag.py:539} INFO - Filling up the DagBag from /home/airflow/.local/lib/python3.8/site-packages/airflow/example_dags/example_python_operator.py
[2023-09-29T18:07:55.642+0000] {processor.py:839} INFO - DAG(s) dict_keys(['example_python_operator']) retrieved from /home/airflow/.local/lib/python3.8/site-packages/airflow/example_dags/example_python_operator.py
[2023-09-29T18:07:55.779+0000] {logging_mixin.py:151} INFO - [2023-09-29T18:07:55.779+0000] {security.py:708} INFO - Not syncing DAG-level permissions for DAG 'DAG:example_python_operator' as access control is unset.
[2023-09-29T18:07:55.780+0000] {logging_mixin.py:151} INFO - [2023-09-29T18:07:55.780+0000] {dag.py:2915} INFO - Sync 1 DAGs
[2023-09-29T18:07:55.794+0000] {logging_mixin.py:151} INFO - [2023-09-29T18:07:55.793+0000] {dag.py:3696} INFO - Setting next_dagrun for example_python_operator to None, run_after=None
[2023-09-29T18:07:55.818+0000] {processor.py:179} INFO - Processing /home/airflow/.local/lib/python3.8/site-packages/airflow/example_dags/example_python_operator.py took 0.205 seconds
[2023-09-29T18:08:25.895+0000] {processor.py:157} INFO - Started process (PID=187) to work on /home/airflow/.local/lib/python3.8/site-packages/airflow/example_dags/example_python_operator.py
[2023-09-29T18:08:25.896+0000] {processor.py:829} INFO - Processing file /home/airflow/.local/lib/python3.8/site-packages/airflow/example_dags/example_python_operator.py for tasks to queue
[2023-09-29T18:08:25.898+0000] {logging_mixin.py:151} INFO - [2023-09-29T18:08:25.898+0000] {dagbag.py:539} INFO - Filling up the DagBag from /home/airflow/.local/lib/python3.8/site-packages/airflow/example_dags/example_python_operator.py
[2023-09-29T18:08:25.907+0000] {processor.py:839} INFO - DAG(s) dict_keys(['example_python_operator']) retrieved from /home/airflow/.local/lib/python3.8/site-packages/airflow/example_dags/example_python_operator.py
[2023-09-29T18:08:25.926+0000] {logging_mixin.py:151} INFO - [2023-09-29T18:08:25.926+0000] {dag.py:2915} INFO - Sync 1 DAGs
[2023-09-29T18:08:25.936+0000] {logging_mixin.py:151} INFO - [2023-09-29T18:08:25.935+0000] {dag.py:3696} INFO - Setting next_dagrun for example_python_operator to None, run_after=None
[2023-09-29T18:08:25.949+0000] {processor.py:179} INFO - Processing /home/airflow/.local/lib/python3.8/site-packages/airflow/example_dags/example_python_operator.py took 0.057 seconds
[2023-09-29T18:08:56.100+0000] {processor.py:157} INFO - Started process (PID=242) to work on /home/airflow/.local/lib/python3.8/site-packages/airflow/example_dags/example_python_operator.py
[2023-09-29T18:08:56.101+0000] {processor.py:829} INFO - Processing file /home/airflow/.local/lib/python3.8/site-packages/airflow/example_dags/example_python_operator.py for tasks to queue
[2023-09-29T18:08:56.103+0000] {logging_mixin.py:151} INFO - [2023-09-29T18:08:56.103+0000] {dagbag.py:539} INFO - Filling up the DagBag from /home/airflow/.local/lib/python3.8/site-packages/airflow/example_dags/example_python_operator.py
[2023-09-29T18:08:56.112+0000] {processor.py:839} INFO - DAG(s) dict_keys(['example_python_operator']) retrieved from /home/airflow/.local/lib/python3.8/site-packages/airflow/example_dags/example_python_operator.py
[2023-09-29T18:08:56.139+0000] {logging_mixin.py:151} INFO - [2023-09-29T18:08:56.138+0000] {dag.py:2915} INFO - Sync 1 DAGs
[2023-09-29T18:08:56.153+0000] {logging_mixin.py:151} INFO - [2023-09-29T18:08:56.152+0000] {dag.py:3696} INFO - Setting next_dagrun for example_python_operator to None, run_after=None
[2023-09-29T18:08:56.166+0000] {processor.py:179} INFO - Processing /home/airflow/.local/lib/python3.8/site-packages/airflow/example_dags/example_python_operator.py took 0.068 seconds
[2023-09-29T18:09:27.049+0000] {processor.py:157} INFO - Started process (PID=296) to work on /home/airflow/.local/lib/python3.8/site-packages/airflow/example_dags/example_python_operator.py
[2023-09-29T18:09:27.051+0000] {processor.py:829} INFO - Processing file /home/airflow/.local/lib/python3.8/site-packages/airflow/example_dags/example_python_operator.py for tasks to queue
[2023-09-29T18:09:27.054+0000] {logging_mixin.py:151} INFO - [2023-09-29T18:09:27.054+0000] {dagbag.py:539} INFO - Filling up the DagBag from /home/airflow/.local/lib/python3.8/site-packages/airflow/example_dags/example_python_operator.py
[2023-09-29T18:09:27.068+0000] {processor.py:839} INFO - DAG(s) dict_keys(['example_python_operator']) retrieved from /home/airflow/.local/lib/python3.8/site-packages/airflow/example_dags/example_python_operator.py
[2023-09-29T18:09:27.087+0000] {logging_mixin.py:151} INFO - [2023-09-29T18:09:27.087+0000] {dag.py:2915} INFO - Sync 1 DAGs
[2023-09-29T18:09:27.097+0000] {logging_mixin.py:151} INFO - [2023-09-29T18:09:27.097+0000] {dag.py:3696} INFO - Setting next_dagrun for example_python_operator to None, run_after=None
[2023-09-29T18:09:27.109+0000] {processor.py:179} INFO - Processing /home/airflow/.local/lib/python3.8/site-packages/airflow/example_dags/example_python_operator.py took 0.066 seconds
[2023-09-29T18:09:57.620+0000] {processor.py:157} INFO - Started process (PID=351) to work on /home/airflow/.local/lib/python3.8/site-packages/airflow/example_dags/example_python_operator.py
[2023-09-29T18:09:57.620+0000] {processor.py:829} INFO - Processing file /home/airflow/.local/lib/python3.8/site-packages/airflow/example_dags/example_python_operator.py for tasks to queue
[2023-09-29T18:09:57.622+0000] {logging_mixin.py:151} INFO - [2023-09-29T18:09:57.622+0000] {dagbag.py:539} INFO - Filling up the DagBag from /home/airflow/.local/lib/python3.8/site-packages/airflow/example_dags/example_python_operator.py
[2023-09-29T18:09:57.631+0000] {processor.py:839} INFO - DAG(s) dict_keys(['example_python_operator']) retrieved from /home/airflow/.local/lib/python3.8/site-packages/airflow/example_dags/example_python_operator.py
[2023-09-29T18:09:57.655+0000] {logging_mixin.py:151} INFO - [2023-09-29T18:09:57.655+0000] {dag.py:2915} INFO - Sync 1 DAGs
[2023-09-29T18:09:57.665+0000] {logging_mixin.py:151} INFO - [2023-09-29T18:09:57.665+0000] {dag.py:3696} INFO - Setting next_dagrun for example_python_operator to None, run_after=None
[2023-09-29T18:09:57.676+0000] {processor.py:179} INFO - Processing /home/airflow/.local/lib/python3.8/site-packages/airflow/example_dags/example_python_operator.py took 0.059 seconds
[2023-09-29T18:10:28.903+0000] {processor.py:157} INFO - Started process (PID=414) to work on /home/airflow/.local/lib/python3.8/site-packages/airflow/example_dags/example_python_operator.py
[2023-09-29T18:10:28.903+0000] {processor.py:829} INFO - Processing file /home/airflow/.local/lib/python3.8/site-packages/airflow/example_dags/example_python_operator.py for tasks to queue
[2023-09-29T18:10:28.905+0000] {logging_mixin.py:151} INFO - [2023-09-29T18:10:28.905+0000] {dagbag.py:539} INFO - Filling up the DagBag from /home/airflow/.local/lib/python3.8/site-packages/airflow/example_dags/example_python_operator.py
[2023-09-29T18:10:28.914+0000] {processor.py:839} INFO - DAG(s) dict_keys(['example_python_operator']) retrieved from /home/airflow/.local/lib/python3.8/site-packages/airflow/example_dags/example_python_operator.py
[2023-09-29T18:10:28.931+0000] {logging_mixin.py:151} INFO - [2023-09-29T18:10:28.930+0000] {dag.py:2915} INFO - Sync 1 DAGs
[2023-09-29T18:10:28.939+0000] {logging_mixin.py:151} INFO - [2023-09-29T18:10:28.939+0000] {dag.py:3696} INFO - Setting next_dagrun for example_python_operator to None, run_after=None
[2023-09-29T18:10:28.951+0000] {processor.py:179} INFO - Processing /home/airflow/.local/lib/python3.8/site-packages/airflow/example_dags/example_python_operator.py took 0.052 seconds
[2023-09-29T18:10:59.999+0000] {processor.py:157} INFO - Started process (PID=469) to work on /home/airflow/.local/lib/python3.8/site-packages/airflow/example_dags/example_python_operator.py
[2023-09-29T18:11:00.000+0000] {processor.py:829} INFO - Processing file /home/airflow/.local/lib/python3.8/site-packages/airflow/example_dags/example_python_operator.py for tasks to queue
[2023-09-29T18:11:00.002+0000] {logging_mixin.py:151} INFO - [2023-09-29T18:11:00.002+0000] {dagbag.py:539} INFO - Filling up the DagBag from /home/airflow/.local/lib/python3.8/site-packages/airflow/example_dags/example_python_operator.py
[2023-09-29T18:11:00.012+0000] {processor.py:839} INFO - DAG(s) dict_keys(['example_python_operator']) retrieved from /home/airflow/.local/lib/python3.8/site-packages/airflow/example_dags/example_python_operator.py
[2023-09-29T18:11:00.029+0000] {logging_mixin.py:151} INFO - [2023-09-29T18:11:00.028+0000] {dag.py:2915} INFO - Sync 1 DAGs
[2023-09-29T18:11:00.038+0000] {logging_mixin.py:151} INFO - [2023-09-29T18:11:00.038+0000] {dag.py:3696} INFO - Setting next_dagrun for example_python_operator to None, run_after=None
[2023-09-29T18:11:00.050+0000] {processor.py:179} INFO - Processing /home/airflow/.local/lib/python3.8/site-packages/airflow/example_dags/example_python_operator.py took 0.053 seconds
[2023-09-29T18:11:30.574+0000] {processor.py:157} INFO - Started process (PID=524) to work on /home/airflow/.local/lib/python3.8/site-packages/airflow/example_dags/example_python_operator.py
[2023-09-29T18:11:30.575+0000] {processor.py:829} INFO - Processing file /home/airflow/.local/lib/python3.8/site-packages/airflow/example_dags/example_python_operator.py for tasks to queue
[2023-09-29T18:11:30.577+0000] {logging_mixin.py:151} INFO - [2023-09-29T18:11:30.577+0000] {dagbag.py:539} INFO - Filling up the DagBag from /home/airflow/.local/lib/python3.8/site-packages/airflow/example_dags/example_python_operator.py
[2023-09-29T18:11:30.585+0000] {processor.py:839} INFO - DAG(s) dict_keys(['example_python_operator']) retrieved from /home/airflow/.local/lib/python3.8/site-packages/airflow/example_dags/example_python_operator.py
[2023-09-29T18:11:30.602+0000] {logging_mixin.py:151} INFO - [2023-09-29T18:11:30.601+0000] {dag.py:2915} INFO - Sync 1 DAGs
[2023-09-29T18:11:30.610+0000] {logging_mixin.py:151} INFO - [2023-09-29T18:11:30.610+0000] {dag.py:3696} INFO - Setting next_dagrun for example_python_operator to None, run_after=None
[2023-09-29T18:11:30.622+0000] {processor.py:179} INFO - Processing /home/airflow/.local/lib/python3.8/site-packages/airflow/example_dags/example_python_operator.py took 0.051 seconds
[2023-09-29T18:12:01.672+0000] {processor.py:157} INFO - Started process (PID=579) to work on /home/airflow/.local/lib/python3.8/site-packages/airflow/example_dags/example_python_operator.py
[2023-09-29T18:12:01.673+0000] {processor.py:829} INFO - Processing file /home/airflow/.local/lib/python3.8/site-packages/airflow/example_dags/example_python_operator.py for tasks to queue
[2023-09-29T18:12:01.675+0000] {logging_mixin.py:151} INFO - [2023-09-29T18:12:01.675+0000] {dagbag.py:539} INFO - Filling up the DagBag from /home/airflow/.local/lib/python3.8/site-packages/airflow/example_dags/example_python_operator.py
[2023-09-29T18:12:01.684+0000] {processor.py:839} INFO - DAG(s) dict_keys(['example_python_operator']) retrieved from /home/airflow/.local/lib/python3.8/site-packages/airflow/example_dags/example_python_operator.py
[2023-09-29T18:12:01.702+0000] {logging_mixin.py:151} INFO - [2023-09-29T18:12:01.702+0000] {dag.py:2915} INFO - Sync 1 DAGs
[2023-09-29T18:12:01.711+0000] {logging_mixin.py:151} INFO - [2023-09-29T18:12:01.711+0000] {dag.py:3696} INFO - Setting next_dagrun for example_python_operator to None, run_after=None
[2023-09-29T18:12:01.722+0000] {processor.py:179} INFO - Processing /home/airflow/.local/lib/python3.8/site-packages/airflow/example_dags/example_python_operator.py took 0.053 seconds
[2023-09-29T18:12:32.575+0000] {processor.py:157} INFO - Started process (PID=635) to work on /home/airflow/.local/lib/python3.8/site-packages/airflow/example_dags/example_python_operator.py
[2023-09-29T18:12:32.576+0000] {processor.py:829} INFO - Processing file /home/airflow/.local/lib/python3.8/site-packages/airflow/example_dags/example_python_operator.py for tasks to queue
[2023-09-29T18:12:32.577+0000] {logging_mixin.py:151} INFO - [2023-09-29T18:12:32.577+0000] {dagbag.py:539} INFO - Filling up the DagBag from /home/airflow/.local/lib/python3.8/site-packages/airflow/example_dags/example_python_operator.py
[2023-09-29T18:12:32.585+0000] {processor.py:839} INFO - DAG(s) dict_keys(['example_python_operator']) retrieved from /home/airflow/.local/lib/python3.8/site-packages/airflow/example_dags/example_python_operator.py
[2023-09-29T18:12:32.602+0000] {logging_mixin.py:151} INFO - [2023-09-29T18:12:32.602+0000] {dag.py:2915} INFO - Sync 1 DAGs
[2023-09-29T18:12:32.611+0000] {logging_mixin.py:151} INFO - [2023-09-29T18:12:32.610+0000] {dag.py:3696} INFO - Setting next_dagrun for example_python_operator to None, run_after=None
[2023-09-29T18:12:32.622+0000] {processor.py:179} INFO - Processing /home/airflow/.local/lib/python3.8/site-packages/airflow/example_dags/example_python_operator.py took 0.050 seconds
[2023-09-29T18:13:03.617+0000] {processor.py:157} INFO - Started process (PID=690) to work on /home/airflow/.local/lib/python3.8/site-packages/airflow/example_dags/example_python_operator.py
[2023-09-29T18:13:03.618+0000] {processor.py:829} INFO - Processing file /home/airflow/.local/lib/python3.8/site-packages/airflow/example_dags/example_python_operator.py for tasks to queue
[2023-09-29T18:13:03.620+0000] {logging_mixin.py:151} INFO - [2023-09-29T18:13:03.620+0000] {dagbag.py:539} INFO - Filling up the DagBag from /home/airflow/.local/lib/python3.8/site-packages/airflow/example_dags/example_python_operator.py
[2023-09-29T18:13:03.628+0000] {processor.py:839} INFO - DAG(s) dict_keys(['example_python_operator']) retrieved from /home/airflow/.local/lib/python3.8/site-packages/airflow/example_dags/example_python_operator.py
[2023-09-29T18:13:03.647+0000] {logging_mixin.py:151} INFO - [2023-09-29T18:13:03.647+0000] {dag.py:2915} INFO - Sync 1 DAGs
[2023-09-29T18:13:03.659+0000] {logging_mixin.py:151} INFO - [2023-09-29T18:13:03.659+0000] {dag.py:3696} INFO - Setting next_dagrun for example_python_operator to None, run_after=None
[2023-09-29T18:13:03.672+0000] {processor.py:179} INFO - Processing /home/airflow/.local/lib/python3.8/site-packages/airflow/example_dags/example_python_operator.py took 0.058 seconds
[2023-09-29T18:13:34.128+0000] {processor.py:157} INFO - Started process (PID=745) to work on /home/airflow/.local/lib/python3.8/site-packages/airflow/example_dags/example_python_operator.py
[2023-09-29T18:13:34.130+0000] {processor.py:829} INFO - Processing file /home/airflow/.local/lib/python3.8/site-packages/airflow/example_dags/example_python_operator.py for tasks to queue
[2023-09-29T18:13:34.131+0000] {logging_mixin.py:151} INFO - [2023-09-29T18:13:34.131+0000] {dagbag.py:539} INFO - Filling up the DagBag from /home/airflow/.local/lib/python3.8/site-packages/airflow/example_dags/example_python_operator.py
[2023-09-29T18:13:34.140+0000] {processor.py:839} INFO - DAG(s) dict_keys(['example_python_operator']) retrieved from /home/airflow/.local/lib/python3.8/site-packages/airflow/example_dags/example_python_operator.py
[2023-09-29T18:13:34.156+0000] {logging_mixin.py:151} INFO - [2023-09-29T18:13:34.156+0000] {dag.py:2915} INFO - Sync 1 DAGs
[2023-09-29T18:13:34.165+0000] {logging_mixin.py:151} INFO - [2023-09-29T18:13:34.164+0000] {dag.py:3696} INFO - Setting next_dagrun for example_python_operator to None, run_after=None
[2023-09-29T18:13:34.176+0000] {processor.py:179} INFO - Processing /home/airflow/.local/lib/python3.8/site-packages/airflow/example_dags/example_python_operator.py took 0.050 seconds
[2023-09-29T18:14:04.574+0000] {processor.py:157} INFO - Started process (PID=799) to work on /home/airflow/.local/lib/python3.8/site-packages/airflow/example_dags/example_python_operator.py
[2023-09-29T18:14:04.576+0000] {processor.py:829} INFO - Processing file /home/airflow/.local/lib/python3.8/site-packages/airflow/example_dags/example_python_operator.py for tasks to queue
[2023-09-29T18:14:04.578+0000] {logging_mixin.py:151} INFO - [2023-09-29T18:14:04.578+0000] {dagbag.py:539} INFO - Filling up the DagBag from /home/airflow/.local/lib/python3.8/site-packages/airflow/example_dags/example_python_operator.py
[2023-09-29T18:14:04.589+0000] {processor.py:839} INFO - DAG(s) dict_keys(['example_python_operator']) retrieved from /home/airflow/.local/lib/python3.8/site-packages/airflow/example_dags/example_python_operator.py
[2023-09-29T18:14:04.611+0000] {logging_mixin.py:151} INFO - [2023-09-29T18:14:04.611+0000] {dag.py:2915} INFO - Sync 1 DAGs
[2023-09-29T18:14:04.621+0000] {logging_mixin.py:151} INFO - [2023-09-29T18:14:04.621+0000] {dag.py:3696} INFO - Setting next_dagrun for example_python_operator to None, run_after=None
[2023-09-29T18:14:04.637+0000] {processor.py:179} INFO - Processing /home/airflow/.local/lib/python3.8/site-packages/airflow/example_dags/example_python_operator.py took 0.068 seconds
[2023-09-29T18:14:34.753+0000] {processor.py:157} INFO - Started process (PID=854) to work on /home/airflow/.local/lib/python3.8/site-packages/airflow/example_dags/example_python_operator.py
[2023-09-29T18:14:34.754+0000] {processor.py:829} INFO - Processing file /home/airflow/.local/lib/python3.8/site-packages/airflow/example_dags/example_python_operator.py for tasks to queue
[2023-09-29T18:14:34.756+0000] {logging_mixin.py:151} INFO - [2023-09-29T18:14:34.756+0000] {dagbag.py:539} INFO - Filling up the DagBag from /home/airflow/.local/lib/python3.8/site-packages/airflow/example_dags/example_python_operator.py
[2023-09-29T18:14:34.766+0000] {processor.py:839} INFO - DAG(s) dict_keys(['example_python_operator']) retrieved from /home/airflow/.local/lib/python3.8/site-packages/airflow/example_dags/example_python_operator.py
[2023-09-29T18:14:34.784+0000] {logging_mixin.py:151} INFO - [2023-09-29T18:14:34.783+0000] {dag.py:2915} INFO - Sync 1 DAGs
[2023-09-29T18:14:34.794+0000] {logging_mixin.py:151} INFO - [2023-09-29T18:14:34.794+0000] {dag.py:3696} INFO - Setting next_dagrun for example_python_operator to None, run_after=None
[2023-09-29T18:14:34.807+0000] {processor.py:179} INFO - Processing /home/airflow/.local/lib/python3.8/site-packages/airflow/example_dags/example_python_operator.py took 0.058 seconds
[2023-09-29T18:15:04.895+0000] {processor.py:157} INFO - Started process (PID=909) to work on /home/airflow/.local/lib/python3.8/site-packages/airflow/example_dags/example_python_operator.py
[2023-09-29T18:15:04.896+0000] {processor.py:829} INFO - Processing file /home/airflow/.local/lib/python3.8/site-packages/airflow/example_dags/example_python_operator.py for tasks to queue
[2023-09-29T18:15:04.898+0000] {logging_mixin.py:151} INFO - [2023-09-29T18:15:04.898+0000] {dagbag.py:539} INFO - Filling up the DagBag from /home/airflow/.local/lib/python3.8/site-packages/airflow/example_dags/example_python_operator.py
[2023-09-29T18:15:04.907+0000] {processor.py:839} INFO - DAG(s) dict_keys(['example_python_operator']) retrieved from /home/airflow/.local/lib/python3.8/site-packages/airflow/example_dags/example_python_operator.py
[2023-09-29T18:15:04.927+0000] {logging_mixin.py:151} INFO - [2023-09-29T18:15:04.927+0000] {dag.py:2915} INFO - Sync 1 DAGs
[2023-09-29T18:15:04.937+0000] {logging_mixin.py:151} INFO - [2023-09-29T18:15:04.937+0000] {dag.py:3696} INFO - Setting next_dagrun for example_python_operator to None, run_after=None
[2023-09-29T18:15:04.949+0000] {processor.py:179} INFO - Processing /home/airflow/.local/lib/python3.8/site-packages/airflow/example_dags/example_python_operator.py took 0.058 seconds
[2023-09-29T18:15:35.529+0000] {processor.py:157} INFO - Started process (PID=964) to work on /home/airflow/.local/lib/python3.8/site-packages/airflow/example_dags/example_python_operator.py
[2023-09-29T18:15:35.531+0000] {processor.py:829} INFO - Processing file /home/airflow/.local/lib/python3.8/site-packages/airflow/example_dags/example_python_operator.py for tasks to queue
[2023-09-29T18:15:35.533+0000] {logging_mixin.py:151} INFO - [2023-09-29T18:15:35.533+0000] {dagbag.py:539} INFO - Filling up the DagBag from /home/airflow/.local/lib/python3.8/site-packages/airflow/example_dags/example_python_operator.py
[2023-09-29T18:15:35.548+0000] {processor.py:839} INFO - DAG(s) dict_keys(['example_python_operator']) retrieved from /home/airflow/.local/lib/python3.8/site-packages/airflow/example_dags/example_python_operator.py
[2023-09-29T18:15:35.577+0000] {logging_mixin.py:151} INFO - [2023-09-29T18:15:35.576+0000] {dag.py:2915} INFO - Sync 1 DAGs
[2023-09-29T18:15:35.602+0000] {logging_mixin.py:151} INFO - [2023-09-29T18:15:35.602+0000] {dag.py:3696} INFO - Setting next_dagrun for example_python_operator to None, run_after=None
[2023-09-29T18:15:35.628+0000] {processor.py:179} INFO - Processing /home/airflow/.local/lib/python3.8/site-packages/airflow/example_dags/example_python_operator.py took 0.106 seconds
[2023-09-29T18:16:06.023+0000] {processor.py:157} INFO - Started process (PID=1019) to work on /home/airflow/.local/lib/python3.8/site-packages/airflow/example_dags/example_python_operator.py
[2023-09-29T18:16:06.025+0000] {processor.py:829} INFO - Processing file /home/airflow/.local/lib/python3.8/site-packages/airflow/example_dags/example_python_operator.py for tasks to queue
[2023-09-29T18:16:06.027+0000] {logging_mixin.py:151} INFO - [2023-09-29T18:16:06.026+0000] {dagbag.py:539} INFO - Filling up the DagBag from /home/airflow/.local/lib/python3.8/site-packages/airflow/example_dags/example_python_operator.py
[2023-09-29T18:16:06.035+0000] {processor.py:839} INFO - DAG(s) dict_keys(['example_python_operator']) retrieved from /home/airflow/.local/lib/python3.8/site-packages/airflow/example_dags/example_python_operator.py
[2023-09-29T18:16:06.053+0000] {logging_mixin.py:151} INFO - [2023-09-29T18:16:06.053+0000] {dag.py:2915} INFO - Sync 1 DAGs
[2023-09-29T18:16:06.062+0000] {logging_mixin.py:151} INFO - [2023-09-29T18:16:06.062+0000] {dag.py:3696} INFO - Setting next_dagrun for example_python_operator to None, run_after=None
[2023-09-29T18:16:06.074+0000] {processor.py:179} INFO - Processing /home/airflow/.local/lib/python3.8/site-packages/airflow/example_dags/example_python_operator.py took 0.055 seconds
[2023-09-29T18:16:36.692+0000] {processor.py:157} INFO - Started process (PID=1074) to work on /home/airflow/.local/lib/python3.8/site-packages/airflow/example_dags/example_python_operator.py
[2023-09-29T18:16:36.693+0000] {processor.py:829} INFO - Processing file /home/airflow/.local/lib/python3.8/site-packages/airflow/example_dags/example_python_operator.py for tasks to queue
[2023-09-29T18:16:36.694+0000] {logging_mixin.py:151} INFO - [2023-09-29T18:16:36.694+0000] {dagbag.py:539} INFO - Filling up the DagBag from /home/airflow/.local/lib/python3.8/site-packages/airflow/example_dags/example_python_operator.py
[2023-09-29T18:16:36.703+0000] {processor.py:839} INFO - DAG(s) dict_keys(['example_python_operator']) retrieved from /home/airflow/.local/lib/python3.8/site-packages/airflow/example_dags/example_python_operator.py
[2023-09-29T18:16:36.720+0000] {logging_mixin.py:151} INFO - [2023-09-29T18:16:36.720+0000] {dag.py:2915} INFO - Sync 1 DAGs
[2023-09-29T18:16:36.735+0000] {logging_mixin.py:151} INFO - [2023-09-29T18:16:36.735+0000] {dag.py:3696} INFO - Setting next_dagrun for example_python_operator to None, run_after=None
[2023-09-29T18:16:36.755+0000] {processor.py:179} INFO - Processing /home/airflow/.local/lib/python3.8/site-packages/airflow/example_dags/example_python_operator.py took 0.066 seconds
[2023-09-29T18:17:07.968+0000] {processor.py:157} INFO - Started process (PID=1130) to work on /home/airflow/.local/lib/python3.8/site-packages/airflow/example_dags/example_python_operator.py
[2023-09-29T18:17:07.969+0000] {processor.py:829} INFO - Processing file /home/airflow/.local/lib/python3.8/site-packages/airflow/example_dags/example_python_operator.py for tasks to queue
[2023-09-29T18:17:07.971+0000] {logging_mixin.py:151} INFO - [2023-09-29T18:17:07.971+0000] {dagbag.py:539} INFO - Filling up the DagBag from /home/airflow/.local/lib/python3.8/site-packages/airflow/example_dags/example_python_operator.py
[2023-09-29T18:17:07.981+0000] {processor.py:839} INFO - DAG(s) dict_keys(['example_python_operator']) retrieved from /home/airflow/.local/lib/python3.8/site-packages/airflow/example_dags/example_python_operator.py
[2023-09-29T18:17:08.001+0000] {logging_mixin.py:151} INFO - [2023-09-29T18:17:08.001+0000] {dag.py:2915} INFO - Sync 1 DAGs
[2023-09-29T18:17:08.012+0000] {logging_mixin.py:151} INFO - [2023-09-29T18:17:08.012+0000] {dag.py:3696} INFO - Setting next_dagrun for example_python_operator to None, run_after=None
[2023-09-29T18:17:08.034+0000] {processor.py:179} INFO - Processing /home/airflow/.local/lib/python3.8/site-packages/airflow/example_dags/example_python_operator.py took 0.069 seconds
[2023-09-29T18:17:38.709+0000] {processor.py:157} INFO - Started process (PID=1185) to work on /home/airflow/.local/lib/python3.8/site-packages/airflow/example_dags/example_python_operator.py
[2023-09-29T18:17:38.712+0000] {processor.py:829} INFO - Processing file /home/airflow/.local/lib/python3.8/site-packages/airflow/example_dags/example_python_operator.py for tasks to queue
[2023-09-29T18:17:38.715+0000] {logging_mixin.py:151} INFO - [2023-09-29T18:17:38.715+0000] {dagbag.py:539} INFO - Filling up the DagBag from /home/airflow/.local/lib/python3.8/site-packages/airflow/example_dags/example_python_operator.py
[2023-09-29T18:17:38.730+0000] {processor.py:839} INFO - DAG(s) dict_keys(['example_python_operator']) retrieved from /home/airflow/.local/lib/python3.8/site-packages/airflow/example_dags/example_python_operator.py
[2023-09-29T18:17:38.758+0000] {logging_mixin.py:151} INFO - [2023-09-29T18:17:38.758+0000] {dag.py:2915} INFO - Sync 1 DAGs
[2023-09-29T18:17:38.769+0000] {logging_mixin.py:151} INFO - [2023-09-29T18:17:38.769+0000] {dag.py:3696} INFO - Setting next_dagrun for example_python_operator to None, run_after=None
[2023-09-29T18:17:38.785+0000] {processor.py:179} INFO - Processing /home/airflow/.local/lib/python3.8/site-packages/airflow/example_dags/example_python_operator.py took 0.082 seconds
[2023-09-29T18:18:09.308+0000] {processor.py:157} INFO - Started process (PID=1240) to work on /home/airflow/.local/lib/python3.8/site-packages/airflow/example_dags/example_python_operator.py
[2023-09-29T18:18:09.309+0000] {processor.py:829} INFO - Processing file /home/airflow/.local/lib/python3.8/site-packages/airflow/example_dags/example_python_operator.py for tasks to queue
[2023-09-29T18:18:09.311+0000] {logging_mixin.py:151} INFO - [2023-09-29T18:18:09.311+0000] {dagbag.py:539} INFO - Filling up the DagBag from /home/airflow/.local/lib/python3.8/site-packages/airflow/example_dags/example_python_operator.py
[2023-09-29T18:18:09.319+0000] {processor.py:839} INFO - DAG(s) dict_keys(['example_python_operator']) retrieved from /home/airflow/.local/lib/python3.8/site-packages/airflow/example_dags/example_python_operator.py
[2023-09-29T18:18:09.341+0000] {logging_mixin.py:151} INFO - [2023-09-29T18:18:09.341+0000] {dag.py:2915} INFO - Sync 1 DAGs
[2023-09-29T18:18:09.357+0000] {logging_mixin.py:151} INFO - [2023-09-29T18:18:09.357+0000] {dag.py:3696} INFO - Setting next_dagrun for example_python_operator to None, run_after=None
[2023-09-29T18:18:09.373+0000] {processor.py:179} INFO - Processing /home/airflow/.local/lib/python3.8/site-packages/airflow/example_dags/example_python_operator.py took 0.069 seconds
[2023-09-29T18:18:39.788+0000] {processor.py:157} INFO - Started process (PID=1295) to work on /home/airflow/.local/lib/python3.8/site-packages/airflow/example_dags/example_python_operator.py
[2023-09-29T18:18:39.789+0000] {processor.py:829} INFO - Processing file /home/airflow/.local/lib/python3.8/site-packages/airflow/example_dags/example_python_operator.py for tasks to queue
[2023-09-29T18:18:39.793+0000] {logging_mixin.py:151} INFO - [2023-09-29T18:18:39.792+0000] {dagbag.py:539} INFO - Filling up the DagBag from /home/airflow/.local/lib/python3.8/site-packages/airflow/example_dags/example_python_operator.py
[2023-09-29T18:18:39.803+0000] {processor.py:839} INFO - DAG(s) dict_keys(['example_python_operator']) retrieved from /home/airflow/.local/lib/python3.8/site-packages/airflow/example_dags/example_python_operator.py
[2023-09-29T18:18:39.831+0000] {logging_mixin.py:151} INFO - [2023-09-29T18:18:39.831+0000] {dag.py:2915} INFO - Sync 1 DAGs
[2023-09-29T18:18:39.844+0000] {logging_mixin.py:151} INFO - [2023-09-29T18:18:39.844+0000] {dag.py:3696} INFO - Setting next_dagrun for example_python_operator to None, run_after=None
[2023-09-29T18:18:39.858+0000] {processor.py:179} INFO - Processing /home/airflow/.local/lib/python3.8/site-packages/airflow/example_dags/example_python_operator.py took 0.074 seconds
[2023-09-29T18:19:10.787+0000] {processor.py:157} INFO - Started process (PID=1350) to work on /home/airflow/.local/lib/python3.8/site-packages/airflow/example_dags/example_python_operator.py
[2023-09-29T18:19:10.788+0000] {processor.py:829} INFO - Processing file /home/airflow/.local/lib/python3.8/site-packages/airflow/example_dags/example_python_operator.py for tasks to queue
[2023-09-29T18:19:10.790+0000] {logging_mixin.py:151} INFO - [2023-09-29T18:19:10.790+0000] {dagbag.py:539} INFO - Filling up the DagBag from /home/airflow/.local/lib/python3.8/site-packages/airflow/example_dags/example_python_operator.py
[2023-09-29T18:19:10.800+0000] {processor.py:839} INFO - DAG(s) dict_keys(['example_python_operator']) retrieved from /home/airflow/.local/lib/python3.8/site-packages/airflow/example_dags/example_python_operator.py
[2023-09-29T18:19:10.829+0000] {logging_mixin.py:151} INFO - [2023-09-29T18:19:10.829+0000] {dag.py:2915} INFO - Sync 1 DAGs
[2023-09-29T18:19:10.852+0000] {logging_mixin.py:151} INFO - [2023-09-29T18:19:10.852+0000] {dag.py:3696} INFO - Setting next_dagrun for example_python_operator to None, run_after=None
[2023-09-29T18:19:10.866+0000] {processor.py:179} INFO - Processing /home/airflow/.local/lib/python3.8/site-packages/airflow/example_dags/example_python_operator.py took 0.081 seconds
[2023-09-29T18:19:41.391+0000] {processor.py:157} INFO - Started process (PID=1405) to work on /home/airflow/.local/lib/python3.8/site-packages/airflow/example_dags/example_python_operator.py
[2023-09-29T18:19:41.392+0000] {processor.py:829} INFO - Processing file /home/airflow/.local/lib/python3.8/site-packages/airflow/example_dags/example_python_operator.py for tasks to queue
[2023-09-29T18:19:41.395+0000] {logging_mixin.py:151} INFO - [2023-09-29T18:19:41.394+0000] {dagbag.py:539} INFO - Filling up the DagBag from /home/airflow/.local/lib/python3.8/site-packages/airflow/example_dags/example_python_operator.py
[2023-09-29T18:19:41.406+0000] {processor.py:839} INFO - DAG(s) dict_keys(['example_python_operator']) retrieved from /home/airflow/.local/lib/python3.8/site-packages/airflow/example_dags/example_python_operator.py
[2023-09-29T18:19:41.430+0000] {logging_mixin.py:151} INFO - [2023-09-29T18:19:41.430+0000] {dag.py:2915} INFO - Sync 1 DAGs
[2023-09-29T18:19:41.445+0000] {logging_mixin.py:151} INFO - [2023-09-29T18:19:41.445+0000] {dag.py:3696} INFO - Setting next_dagrun for example_python_operator to None, run_after=None
[2023-09-29T18:19:41.470+0000] {processor.py:179} INFO - Processing /home/airflow/.local/lib/python3.8/site-packages/airflow/example_dags/example_python_operator.py took 0.083 seconds
[2023-09-29T18:20:11.718+0000] {processor.py:157} INFO - Started process (PID=1460) to work on /home/airflow/.local/lib/python3.8/site-packages/airflow/example_dags/example_python_operator.py
[2023-09-29T18:20:11.719+0000] {processor.py:829} INFO - Processing file /home/airflow/.local/lib/python3.8/site-packages/airflow/example_dags/example_python_operator.py for tasks to queue
[2023-09-29T18:20:11.721+0000] {logging_mixin.py:151} INFO - [2023-09-29T18:20:11.721+0000] {dagbag.py:539} INFO - Filling up the DagBag from /home/airflow/.local/lib/python3.8/site-packages/airflow/example_dags/example_python_operator.py
[2023-09-29T18:20:11.729+0000] {processor.py:839} INFO - DAG(s) dict_keys(['example_python_operator']) retrieved from /home/airflow/.local/lib/python3.8/site-packages/airflow/example_dags/example_python_operator.py
[2023-09-29T18:20:11.746+0000] {logging_mixin.py:151} INFO - [2023-09-29T18:20:11.746+0000] {dag.py:2915} INFO - Sync 1 DAGs
[2023-09-29T18:20:11.755+0000] {logging_mixin.py:151} INFO - [2023-09-29T18:20:11.755+0000] {dag.py:3696} INFO - Setting next_dagrun for example_python_operator to None, run_after=None
[2023-09-29T18:20:11.769+0000] {processor.py:179} INFO - Processing /home/airflow/.local/lib/python3.8/site-packages/airflow/example_dags/example_python_operator.py took 0.054 seconds
[2023-09-29T18:20:42.366+0000] {processor.py:157} INFO - Started process (PID=1516) to work on /home/airflow/.local/lib/python3.8/site-packages/airflow/example_dags/example_python_operator.py
[2023-09-29T18:20:42.367+0000] {processor.py:829} INFO - Processing file /home/airflow/.local/lib/python3.8/site-packages/airflow/example_dags/example_python_operator.py for tasks to queue
[2023-09-29T18:20:42.369+0000] {logging_mixin.py:151} INFO - [2023-09-29T18:20:42.368+0000] {dagbag.py:539} INFO - Filling up the DagBag from /home/airflow/.local/lib/python3.8/site-packages/airflow/example_dags/example_python_operator.py
[2023-09-29T18:20:42.377+0000] {processor.py:839} INFO - DAG(s) dict_keys(['example_python_operator']) retrieved from /home/airflow/.local/lib/python3.8/site-packages/airflow/example_dags/example_python_operator.py
[2023-09-29T18:20:42.396+0000] {logging_mixin.py:151} INFO - [2023-09-29T18:20:42.396+0000] {dag.py:2915} INFO - Sync 1 DAGs
[2023-09-29T18:20:42.405+0000] {logging_mixin.py:151} INFO - [2023-09-29T18:20:42.405+0000] {dag.py:3696} INFO - Setting next_dagrun for example_python_operator to None, run_after=None
[2023-09-29T18:20:42.418+0000] {processor.py:179} INFO - Processing /home/airflow/.local/lib/python3.8/site-packages/airflow/example_dags/example_python_operator.py took 0.056 seconds
[2023-09-29T18:21:12.985+0000] {processor.py:157} INFO - Started process (PID=1571) to work on /home/airflow/.local/lib/python3.8/site-packages/airflow/example_dags/example_python_operator.py
[2023-09-29T18:21:12.989+0000] {processor.py:829} INFO - Processing file /home/airflow/.local/lib/python3.8/site-packages/airflow/example_dags/example_python_operator.py for tasks to queue
[2023-09-29T18:21:12.994+0000] {logging_mixin.py:151} INFO - [2023-09-29T18:21:12.994+0000] {dagbag.py:539} INFO - Filling up the DagBag from /home/airflow/.local/lib/python3.8/site-packages/airflow/example_dags/example_python_operator.py
[2023-09-29T18:21:13.012+0000] {processor.py:839} INFO - DAG(s) dict_keys(['example_python_operator']) retrieved from /home/airflow/.local/lib/python3.8/site-packages/airflow/example_dags/example_python_operator.py
[2023-09-29T18:21:13.048+0000] {logging_mixin.py:151} INFO - [2023-09-29T18:21:13.048+0000] {dag.py:2915} INFO - Sync 1 DAGs
[2023-09-29T18:21:13.060+0000] {logging_mixin.py:151} INFO - [2023-09-29T18:21:13.060+0000] {dag.py:3696} INFO - Setting next_dagrun for example_python_operator to None, run_after=None
[2023-09-29T18:21:13.076+0000] {processor.py:179} INFO - Processing /home/airflow/.local/lib/python3.8/site-packages/airflow/example_dags/example_python_operator.py took 0.106 seconds
[2023-09-29T18:21:43.432+0000] {processor.py:157} INFO - Started process (PID=1627) to work on /home/airflow/.local/lib/python3.8/site-packages/airflow/example_dags/example_python_operator.py
[2023-09-29T18:21:43.434+0000] {processor.py:829} INFO - Processing file /home/airflow/.local/lib/python3.8/site-packages/airflow/example_dags/example_python_operator.py for tasks to queue
[2023-09-29T18:21:43.436+0000] {logging_mixin.py:151} INFO - [2023-09-29T18:21:43.436+0000] {dagbag.py:539} INFO - Filling up the DagBag from /home/airflow/.local/lib/python3.8/site-packages/airflow/example_dags/example_python_operator.py
[2023-09-29T18:21:43.453+0000] {processor.py:839} INFO - DAG(s) dict_keys(['example_python_operator']) retrieved from /home/airflow/.local/lib/python3.8/site-packages/airflow/example_dags/example_python_operator.py
[2023-09-29T18:21:43.493+0000] {logging_mixin.py:151} INFO - [2023-09-29T18:21:43.492+0000] {dag.py:2915} INFO - Sync 1 DAGs
[2023-09-29T18:21:43.510+0000] {logging_mixin.py:151} INFO - [2023-09-29T18:21:43.510+0000] {dag.py:3696} INFO - Setting next_dagrun for example_python_operator to None, run_after=None
[2023-09-29T18:21:43.528+0000] {processor.py:179} INFO - Processing /home/airflow/.local/lib/python3.8/site-packages/airflow/example_dags/example_python_operator.py took 0.100 seconds
[2023-09-29T18:22:13.788+0000] {processor.py:157} INFO - Started process (PID=1682) to work on /home/airflow/.local/lib/python3.8/site-packages/airflow/example_dags/example_python_operator.py
[2023-09-29T18:22:13.789+0000] {processor.py:829} INFO - Processing file /home/airflow/.local/lib/python3.8/site-packages/airflow/example_dags/example_python_operator.py for tasks to queue
[2023-09-29T18:22:13.791+0000] {logging_mixin.py:151} INFO - [2023-09-29T18:22:13.791+0000] {dagbag.py:539} INFO - Filling up the DagBag from /home/airflow/.local/lib/python3.8/site-packages/airflow/example_dags/example_python_operator.py
[2023-09-29T18:22:13.805+0000] {processor.py:839} INFO - DAG(s) dict_keys(['example_python_operator']) retrieved from /home/airflow/.local/lib/python3.8/site-packages/airflow/example_dags/example_python_operator.py
[2023-09-29T18:22:13.827+0000] {logging_mixin.py:151} INFO - [2023-09-29T18:22:13.827+0000] {dag.py:2915} INFO - Sync 1 DAGs
[2023-09-29T18:22:13.837+0000] {logging_mixin.py:151} INFO - [2023-09-29T18:22:13.837+0000] {dag.py:3696} INFO - Setting next_dagrun for example_python_operator to None, run_after=None
[2023-09-29T18:22:13.850+0000] {processor.py:179} INFO - Processing /home/airflow/.local/lib/python3.8/site-packages/airflow/example_dags/example_python_operator.py took 0.065 seconds
[2023-09-29T18:22:44.793+0000] {processor.py:157} INFO - Started process (PID=1737) to work on /home/airflow/.local/lib/python3.8/site-packages/airflow/example_dags/example_python_operator.py
[2023-09-29T18:22:44.794+0000] {processor.py:829} INFO - Processing file /home/airflow/.local/lib/python3.8/site-packages/airflow/example_dags/example_python_operator.py for tasks to queue
[2023-09-29T18:22:44.796+0000] {logging_mixin.py:151} INFO - [2023-09-29T18:22:44.796+0000] {dagbag.py:539} INFO - Filling up the DagBag from /home/airflow/.local/lib/python3.8/site-packages/airflow/example_dags/example_python_operator.py
[2023-09-29T18:22:44.805+0000] {processor.py:839} INFO - DAG(s) dict_keys(['example_python_operator']) retrieved from /home/airflow/.local/lib/python3.8/site-packages/airflow/example_dags/example_python_operator.py
[2023-09-29T18:22:44.822+0000] {logging_mixin.py:151} INFO - [2023-09-29T18:22:44.822+0000] {dag.py:2915} INFO - Sync 1 DAGs
[2023-09-29T18:22:44.831+0000] {logging_mixin.py:151} INFO - [2023-09-29T18:22:44.830+0000] {dag.py:3696} INFO - Setting next_dagrun for example_python_operator to None, run_after=None
[2023-09-29T18:22:44.843+0000] {processor.py:179} INFO - Processing /home/airflow/.local/lib/python3.8/site-packages/airflow/example_dags/example_python_operator.py took 0.052 seconds
[2023-09-29T18:23:15.013+0000] {processor.py:157} INFO - Started process (PID=1793) to work on /home/airflow/.local/lib/python3.8/site-packages/airflow/example_dags/example_python_operator.py
[2023-09-29T18:23:15.014+0000] {processor.py:829} INFO - Processing file /home/airflow/.local/lib/python3.8/site-packages/airflow/example_dags/example_python_operator.py for tasks to queue
[2023-09-29T18:23:15.016+0000] {logging_mixin.py:151} INFO - [2023-09-29T18:23:15.015+0000] {dagbag.py:539} INFO - Filling up the DagBag from /home/airflow/.local/lib/python3.8/site-packages/airflow/example_dags/example_python_operator.py
[2023-09-29T18:23:15.024+0000] {processor.py:839} INFO - DAG(s) dict_keys(['example_python_operator']) retrieved from /home/airflow/.local/lib/python3.8/site-packages/airflow/example_dags/example_python_operator.py
[2023-09-29T18:23:15.044+0000] {logging_mixin.py:151} INFO - [2023-09-29T18:23:15.044+0000] {dag.py:2915} INFO - Sync 1 DAGs
[2023-09-29T18:23:15.056+0000] {logging_mixin.py:151} INFO - [2023-09-29T18:23:15.056+0000] {dag.py:3696} INFO - Setting next_dagrun for example_python_operator to None, run_after=None
[2023-09-29T18:23:15.070+0000] {processor.py:179} INFO - Processing /home/airflow/.local/lib/python3.8/site-packages/airflow/example_dags/example_python_operator.py took 0.061 seconds
[2023-09-29T18:23:45.263+0000] {processor.py:157} INFO - Started process (PID=1848) to work on /home/airflow/.local/lib/python3.8/site-packages/airflow/example_dags/example_python_operator.py
[2023-09-29T18:23:45.264+0000] {processor.py:829} INFO - Processing file /home/airflow/.local/lib/python3.8/site-packages/airflow/example_dags/example_python_operator.py for tasks to queue
[2023-09-29T18:23:45.267+0000] {logging_mixin.py:151} INFO - [2023-09-29T18:23:45.267+0000] {dagbag.py:539} INFO - Filling up the DagBag from /home/airflow/.local/lib/python3.8/site-packages/airflow/example_dags/example_python_operator.py
[2023-09-29T18:23:45.277+0000] {processor.py:839} INFO - DAG(s) dict_keys(['example_python_operator']) retrieved from /home/airflow/.local/lib/python3.8/site-packages/airflow/example_dags/example_python_operator.py
[2023-09-29T18:23:45.297+0000] {logging_mixin.py:151} INFO - [2023-09-29T18:23:45.297+0000] {dag.py:2915} INFO - Sync 1 DAGs
[2023-09-29T18:23:45.307+0000] {logging_mixin.py:151} INFO - [2023-09-29T18:23:45.306+0000] {dag.py:3696} INFO - Setting next_dagrun for example_python_operator to None, run_after=None
[2023-09-29T18:23:45.319+0000] {processor.py:179} INFO - Processing /home/airflow/.local/lib/python3.8/site-packages/airflow/example_dags/example_python_operator.py took 0.061 seconds
[2023-09-29T18:24:15.419+0000] {processor.py:157} INFO - Started process (PID=1902) to work on /home/airflow/.local/lib/python3.8/site-packages/airflow/example_dags/example_python_operator.py
[2023-09-29T18:24:15.420+0000] {processor.py:829} INFO - Processing file /home/airflow/.local/lib/python3.8/site-packages/airflow/example_dags/example_python_operator.py for tasks to queue
[2023-09-29T18:24:15.422+0000] {logging_mixin.py:151} INFO - [2023-09-29T18:24:15.422+0000] {dagbag.py:539} INFO - Filling up the DagBag from /home/airflow/.local/lib/python3.8/site-packages/airflow/example_dags/example_python_operator.py
[2023-09-29T18:24:15.430+0000] {processor.py:839} INFO - DAG(s) dict_keys(['example_python_operator']) retrieved from /home/airflow/.local/lib/python3.8/site-packages/airflow/example_dags/example_python_operator.py
[2023-09-29T18:24:15.452+0000] {logging_mixin.py:151} INFO - [2023-09-29T18:24:15.452+0000] {dag.py:2915} INFO - Sync 1 DAGs
[2023-09-29T18:24:15.461+0000] {logging_mixin.py:151} INFO - [2023-09-29T18:24:15.460+0000] {dag.py:3696} INFO - Setting next_dagrun for example_python_operator to None, run_after=None
[2023-09-29T18:24:15.473+0000] {processor.py:179} INFO - Processing /home/airflow/.local/lib/python3.8/site-packages/airflow/example_dags/example_python_operator.py took 0.057 seconds
[2023-09-29T18:24:45.795+0000] {processor.py:157} INFO - Started process (PID=1957) to work on /home/airflow/.local/lib/python3.8/site-packages/airflow/example_dags/example_python_operator.py
[2023-09-29T18:24:45.796+0000] {processor.py:829} INFO - Processing file /home/airflow/.local/lib/python3.8/site-packages/airflow/example_dags/example_python_operator.py for tasks to queue
[2023-09-29T18:24:45.798+0000] {logging_mixin.py:151} INFO - [2023-09-29T18:24:45.797+0000] {dagbag.py:539} INFO - Filling up the DagBag from /home/airflow/.local/lib/python3.8/site-packages/airflow/example_dags/example_python_operator.py
[2023-09-29T18:24:45.808+0000] {processor.py:839} INFO - DAG(s) dict_keys(['example_python_operator']) retrieved from /home/airflow/.local/lib/python3.8/site-packages/airflow/example_dags/example_python_operator.py
[2023-09-29T18:24:45.825+0000] {logging_mixin.py:151} INFO - [2023-09-29T18:24:45.825+0000] {dag.py:2915} INFO - Sync 1 DAGs
[2023-09-29T18:24:45.838+0000] {logging_mixin.py:151} INFO - [2023-09-29T18:24:45.838+0000] {dag.py:3696} INFO - Setting next_dagrun for example_python_operator to None, run_after=None
[2023-09-29T18:24:45.859+0000] {processor.py:179} INFO - Processing /home/airflow/.local/lib/python3.8/site-packages/airflow/example_dags/example_python_operator.py took 0.068 seconds
[2023-09-29T18:25:16.161+0000] {processor.py:157} INFO - Started process (PID=2012) to work on /home/airflow/.local/lib/python3.8/site-packages/airflow/example_dags/example_python_operator.py
[2023-09-29T18:25:16.162+0000] {processor.py:829} INFO - Processing file /home/airflow/.local/lib/python3.8/site-packages/airflow/example_dags/example_python_operator.py for tasks to queue
[2023-09-29T18:25:16.163+0000] {logging_mixin.py:151} INFO - [2023-09-29T18:25:16.163+0000] {dagbag.py:539} INFO - Filling up the DagBag from /home/airflow/.local/lib/python3.8/site-packages/airflow/example_dags/example_python_operator.py
[2023-09-29T18:25:16.171+0000] {processor.py:839} INFO - DAG(s) dict_keys(['example_python_operator']) retrieved from /home/airflow/.local/lib/python3.8/site-packages/airflow/example_dags/example_python_operator.py
[2023-09-29T18:25:16.188+0000] {logging_mixin.py:151} INFO - [2023-09-29T18:25:16.188+0000] {dag.py:2915} INFO - Sync 1 DAGs
[2023-09-29T18:25:16.197+0000] {logging_mixin.py:151} INFO - [2023-09-29T18:25:16.196+0000] {dag.py:3696} INFO - Setting next_dagrun for example_python_operator to None, run_after=None
[2023-09-29T18:25:16.209+0000] {processor.py:179} INFO - Processing /home/airflow/.local/lib/python3.8/site-packages/airflow/example_dags/example_python_operator.py took 0.051 seconds
