[2023-09-29T18:07:17.991+0000] {processor.py:157} INFO - Started process (PID=75) to work on /home/airflow/.local/lib/python3.8/site-packages/airflow/example_dags/example_short_circuit_decorator.py
[2023-09-29T18:07:17.993+0000] {processor.py:829} INFO - Processing file /home/airflow/.local/lib/python3.8/site-packages/airflow/example_dags/example_short_circuit_decorator.py for tasks to queue
[2023-09-29T18:07:18.005+0000] {logging_mixin.py:151} INFO - [2023-09-29T18:07:18.000+0000] {dagbag.py:539} INFO - Filling up the DagBag from /home/airflow/.local/lib/python3.8/site-packages/airflow/example_dags/example_short_circuit_decorator.py
[2023-09-29T18:07:18.036+0000] {processor.py:839} INFO - DAG(s) dict_keys(['example_short_circuit_decorator']) retrieved from /home/airflow/.local/lib/python3.8/site-packages/airflow/example_dags/example_short_circuit_decorator.py
[2023-09-29T18:07:18.086+0000] {logging_mixin.py:151} INFO - [2023-09-29T18:07:18.085+0000] {dag.py:2915} INFO - Sync 1 DAGs
[2023-09-29T18:07:18.200+0000] {logging_mixin.py:151} INFO - [2023-09-29T18:07:18.199+0000] {dag.py:3696} INFO - Setting next_dagrun for example_short_circuit_decorator to 2023-09-28T18:07:18.199180+00:00, run_after=2023-09-29T18:07:18.199180+00:00
[2023-09-29T18:07:18.344+0000] {processor.py:179} INFO - Processing /home/airflow/.local/lib/python3.8/site-packages/airflow/example_dags/example_short_circuit_decorator.py took 0.362 seconds
[2023-09-29T18:07:55.150+0000] {processor.py:157} INFO - Started process (PID=129) to work on /home/airflow/.local/lib/python3.8/site-packages/airflow/example_dags/example_short_circuit_decorator.py
[2023-09-29T18:07:55.154+0000] {processor.py:829} INFO - Processing file /home/airflow/.local/lib/python3.8/site-packages/airflow/example_dags/example_short_circuit_decorator.py for tasks to queue
[2023-09-29T18:07:55.167+0000] {logging_mixin.py:151} INFO - [2023-09-29T18:07:55.166+0000] {dagbag.py:539} INFO - Filling up the DagBag from /home/airflow/.local/lib/python3.8/site-packages/airflow/example_dags/example_short_circuit_decorator.py
[2023-09-29T18:07:55.195+0000] {processor.py:839} INFO - DAG(s) dict_keys(['example_short_circuit_decorator']) retrieved from /home/airflow/.local/lib/python3.8/site-packages/airflow/example_dags/example_short_circuit_decorator.py
[2023-09-29T18:07:55.259+0000] {logging_mixin.py:151} INFO - [2023-09-29T18:07:55.259+0000] {dag.py:2915} INFO - Sync 1 DAGs
[2023-09-29T18:07:55.297+0000] {logging_mixin.py:151} INFO - [2023-09-29T18:07:55.296+0000] {dag.py:3696} INFO - Setting next_dagrun for example_short_circuit_decorator to 2023-09-28T18:07:55.296072+00:00, run_after=2023-09-29T18:07:55.296072+00:00
[2023-09-29T18:07:55.324+0000] {processor.py:179} INFO - Processing /home/airflow/.local/lib/python3.8/site-packages/airflow/example_dags/example_short_circuit_decorator.py took 0.201 seconds
[2023-09-29T18:08:25.740+0000] {processor.py:157} INFO - Started process (PID=183) to work on /home/airflow/.local/lib/python3.8/site-packages/airflow/example_dags/example_short_circuit_decorator.py
[2023-09-29T18:08:25.742+0000] {processor.py:829} INFO - Processing file /home/airflow/.local/lib/python3.8/site-packages/airflow/example_dags/example_short_circuit_decorator.py for tasks to queue
[2023-09-29T18:08:25.744+0000] {logging_mixin.py:151} INFO - [2023-09-29T18:08:25.744+0000] {dagbag.py:539} INFO - Filling up the DagBag from /home/airflow/.local/lib/python3.8/site-packages/airflow/example_dags/example_short_circuit_decorator.py
[2023-09-29T18:08:25.757+0000] {processor.py:839} INFO - DAG(s) dict_keys(['example_short_circuit_decorator']) retrieved from /home/airflow/.local/lib/python3.8/site-packages/airflow/example_dags/example_short_circuit_decorator.py
[2023-09-29T18:08:25.787+0000] {logging_mixin.py:151} INFO - [2023-09-29T18:08:25.787+0000] {dag.py:2915} INFO - Sync 1 DAGs
[2023-09-29T18:08:25.811+0000] {logging_mixin.py:151} INFO - [2023-09-29T18:08:25.811+0000] {dag.py:3696} INFO - Setting next_dagrun for example_short_circuit_decorator to 2023-09-28T18:08:25.810853+00:00, run_after=2023-09-29T18:08:25.810853+00:00
[2023-09-29T18:08:25.825+0000] {processor.py:179} INFO - Processing /home/airflow/.local/lib/python3.8/site-packages/airflow/example_dags/example_short_circuit_decorator.py took 0.088 seconds
[2023-09-29T18:08:55.937+0000] {processor.py:157} INFO - Started process (PID=238) to work on /home/airflow/.local/lib/python3.8/site-packages/airflow/example_dags/example_short_circuit_decorator.py
[2023-09-29T18:08:55.939+0000] {processor.py:829} INFO - Processing file /home/airflow/.local/lib/python3.8/site-packages/airflow/example_dags/example_short_circuit_decorator.py for tasks to queue
[2023-09-29T18:08:55.941+0000] {logging_mixin.py:151} INFO - [2023-09-29T18:08:55.941+0000] {dagbag.py:539} INFO - Filling up the DagBag from /home/airflow/.local/lib/python3.8/site-packages/airflow/example_dags/example_short_circuit_decorator.py
[2023-09-29T18:08:55.949+0000] {processor.py:839} INFO - DAG(s) dict_keys(['example_short_circuit_decorator']) retrieved from /home/airflow/.local/lib/python3.8/site-packages/airflow/example_dags/example_short_circuit_decorator.py
[2023-09-29T18:08:55.968+0000] {logging_mixin.py:151} INFO - [2023-09-29T18:08:55.968+0000] {dag.py:2915} INFO - Sync 1 DAGs
[2023-09-29T18:08:55.985+0000] {logging_mixin.py:151} INFO - [2023-09-29T18:08:55.985+0000] {dag.py:3696} INFO - Setting next_dagrun for example_short_circuit_decorator to 2023-09-28T18:08:55.985062+00:00, run_after=2023-09-29T18:08:55.985062+00:00
[2023-09-29T18:08:55.997+0000] {processor.py:179} INFO - Processing /home/airflow/.local/lib/python3.8/site-packages/airflow/example_dags/example_short_circuit_decorator.py took 0.063 seconds
[2023-09-29T18:09:26.875+0000] {processor.py:157} INFO - Started process (PID=293) to work on /home/airflow/.local/lib/python3.8/site-packages/airflow/example_dags/example_short_circuit_decorator.py
[2023-09-29T18:09:26.876+0000] {processor.py:829} INFO - Processing file /home/airflow/.local/lib/python3.8/site-packages/airflow/example_dags/example_short_circuit_decorator.py for tasks to queue
[2023-09-29T18:09:26.879+0000] {logging_mixin.py:151} INFO - [2023-09-29T18:09:26.879+0000] {dagbag.py:539} INFO - Filling up the DagBag from /home/airflow/.local/lib/python3.8/site-packages/airflow/example_dags/example_short_circuit_decorator.py
[2023-09-29T18:09:26.888+0000] {processor.py:839} INFO - DAG(s) dict_keys(['example_short_circuit_decorator']) retrieved from /home/airflow/.local/lib/python3.8/site-packages/airflow/example_dags/example_short_circuit_decorator.py
[2023-09-29T18:09:26.910+0000] {logging_mixin.py:151} INFO - [2023-09-29T18:09:26.910+0000] {dag.py:2915} INFO - Sync 1 DAGs
[2023-09-29T18:09:26.930+0000] {logging_mixin.py:151} INFO - [2023-09-29T18:09:26.930+0000] {dag.py:3696} INFO - Setting next_dagrun for example_short_circuit_decorator to 2023-09-28T18:09:26.929781+00:00, run_after=2023-09-29T18:09:26.929781+00:00
[2023-09-29T18:09:26.953+0000] {processor.py:179} INFO - Processing /home/airflow/.local/lib/python3.8/site-packages/airflow/example_dags/example_short_circuit_decorator.py took 0.082 seconds
[2023-09-29T18:09:57.482+0000] {processor.py:157} INFO - Started process (PID=348) to work on /home/airflow/.local/lib/python3.8/site-packages/airflow/example_dags/example_short_circuit_decorator.py
[2023-09-29T18:09:57.483+0000] {processor.py:829} INFO - Processing file /home/airflow/.local/lib/python3.8/site-packages/airflow/example_dags/example_short_circuit_decorator.py for tasks to queue
[2023-09-29T18:09:57.485+0000] {logging_mixin.py:151} INFO - [2023-09-29T18:09:57.485+0000] {dagbag.py:539} INFO - Filling up the DagBag from /home/airflow/.local/lib/python3.8/site-packages/airflow/example_dags/example_short_circuit_decorator.py
[2023-09-29T18:09:57.493+0000] {processor.py:839} INFO - DAG(s) dict_keys(['example_short_circuit_decorator']) retrieved from /home/airflow/.local/lib/python3.8/site-packages/airflow/example_dags/example_short_circuit_decorator.py
[2023-09-29T18:09:57.509+0000] {logging_mixin.py:151} INFO - [2023-09-29T18:09:57.509+0000] {dag.py:2915} INFO - Sync 1 DAGs
[2023-09-29T18:09:57.524+0000] {logging_mixin.py:151} INFO - [2023-09-29T18:09:57.524+0000] {dag.py:3696} INFO - Setting next_dagrun for example_short_circuit_decorator to 2023-09-28T18:09:57.524256+00:00, run_after=2023-09-29T18:09:57.524256+00:00
[2023-09-29T18:09:57.535+0000] {processor.py:179} INFO - Processing /home/airflow/.local/lib/python3.8/site-packages/airflow/example_dags/example_short_circuit_decorator.py took 0.056 seconds
[2023-09-29T18:10:28.769+0000] {processor.py:157} INFO - Started process (PID=411) to work on /home/airflow/.local/lib/python3.8/site-packages/airflow/example_dags/example_short_circuit_decorator.py
[2023-09-29T18:10:28.770+0000] {processor.py:829} INFO - Processing file /home/airflow/.local/lib/python3.8/site-packages/airflow/example_dags/example_short_circuit_decorator.py for tasks to queue
[2023-09-29T18:10:28.772+0000] {logging_mixin.py:151} INFO - [2023-09-29T18:10:28.772+0000] {dagbag.py:539} INFO - Filling up the DagBag from /home/airflow/.local/lib/python3.8/site-packages/airflow/example_dags/example_short_circuit_decorator.py
[2023-09-29T18:10:28.779+0000] {processor.py:839} INFO - DAG(s) dict_keys(['example_short_circuit_decorator']) retrieved from /home/airflow/.local/lib/python3.8/site-packages/airflow/example_dags/example_short_circuit_decorator.py
[2023-09-29T18:10:28.797+0000] {logging_mixin.py:151} INFO - [2023-09-29T18:10:28.797+0000] {dag.py:2915} INFO - Sync 1 DAGs
[2023-09-29T18:10:28.811+0000] {logging_mixin.py:151} INFO - [2023-09-29T18:10:28.811+0000] {dag.py:3696} INFO - Setting next_dagrun for example_short_circuit_decorator to 2023-09-28T18:10:28.811614+00:00, run_after=2023-09-29T18:10:28.811614+00:00
[2023-09-29T18:10:28.822+0000] {processor.py:179} INFO - Processing /home/airflow/.local/lib/python3.8/site-packages/airflow/example_dags/example_short_circuit_decorator.py took 0.056 seconds
[2023-09-29T18:10:59.853+0000] {processor.py:157} INFO - Started process (PID=466) to work on /home/airflow/.local/lib/python3.8/site-packages/airflow/example_dags/example_short_circuit_decorator.py
[2023-09-29T18:10:59.854+0000] {processor.py:829} INFO - Processing file /home/airflow/.local/lib/python3.8/site-packages/airflow/example_dags/example_short_circuit_decorator.py for tasks to queue
[2023-09-29T18:10:59.855+0000] {logging_mixin.py:151} INFO - [2023-09-29T18:10:59.855+0000] {dagbag.py:539} INFO - Filling up the DagBag from /home/airflow/.local/lib/python3.8/site-packages/airflow/example_dags/example_short_circuit_decorator.py
[2023-09-29T18:10:59.863+0000] {processor.py:839} INFO - DAG(s) dict_keys(['example_short_circuit_decorator']) retrieved from /home/airflow/.local/lib/python3.8/site-packages/airflow/example_dags/example_short_circuit_decorator.py
[2023-09-29T18:10:59.883+0000] {logging_mixin.py:151} INFO - [2023-09-29T18:10:59.883+0000] {dag.py:2915} INFO - Sync 1 DAGs
[2023-09-29T18:10:59.903+0000] {logging_mixin.py:151} INFO - [2023-09-29T18:10:59.903+0000] {dag.py:3696} INFO - Setting next_dagrun for example_short_circuit_decorator to 2023-09-28T18:10:59.903198+00:00, run_after=2023-09-29T18:10:59.903198+00:00
[2023-09-29T18:10:59.916+0000] {processor.py:179} INFO - Processing /home/airflow/.local/lib/python3.8/site-packages/airflow/example_dags/example_short_circuit_decorator.py took 0.066 seconds
[2023-09-29T18:11:30.443+0000] {processor.py:157} INFO - Started process (PID=521) to work on /home/airflow/.local/lib/python3.8/site-packages/airflow/example_dags/example_short_circuit_decorator.py
[2023-09-29T18:11:30.444+0000] {processor.py:829} INFO - Processing file /home/airflow/.local/lib/python3.8/site-packages/airflow/example_dags/example_short_circuit_decorator.py for tasks to queue
[2023-09-29T18:11:30.445+0000] {logging_mixin.py:151} INFO - [2023-09-29T18:11:30.445+0000] {dagbag.py:539} INFO - Filling up the DagBag from /home/airflow/.local/lib/python3.8/site-packages/airflow/example_dags/example_short_circuit_decorator.py
[2023-09-29T18:11:30.452+0000] {processor.py:839} INFO - DAG(s) dict_keys(['example_short_circuit_decorator']) retrieved from /home/airflow/.local/lib/python3.8/site-packages/airflow/example_dags/example_short_circuit_decorator.py
[2023-09-29T18:11:30.469+0000] {logging_mixin.py:151} INFO - [2023-09-29T18:11:30.469+0000] {dag.py:2915} INFO - Sync 1 DAGs
[2023-09-29T18:11:30.484+0000] {logging_mixin.py:151} INFO - [2023-09-29T18:11:30.484+0000] {dag.py:3696} INFO - Setting next_dagrun for example_short_circuit_decorator to 2023-09-28T18:11:30.484017+00:00, run_after=2023-09-29T18:11:30.484017+00:00
[2023-09-29T18:11:30.496+0000] {processor.py:179} INFO - Processing /home/airflow/.local/lib/python3.8/site-packages/airflow/example_dags/example_short_circuit_decorator.py took 0.056 seconds
[2023-09-29T18:12:01.522+0000] {processor.py:157} INFO - Started process (PID=576) to work on /home/airflow/.local/lib/python3.8/site-packages/airflow/example_dags/example_short_circuit_decorator.py
[2023-09-29T18:12:01.523+0000] {processor.py:829} INFO - Processing file /home/airflow/.local/lib/python3.8/site-packages/airflow/example_dags/example_short_circuit_decorator.py for tasks to queue
[2023-09-29T18:12:01.525+0000] {logging_mixin.py:151} INFO - [2023-09-29T18:12:01.525+0000] {dagbag.py:539} INFO - Filling up the DagBag from /home/airflow/.local/lib/python3.8/site-packages/airflow/example_dags/example_short_circuit_decorator.py
[2023-09-29T18:12:01.532+0000] {processor.py:839} INFO - DAG(s) dict_keys(['example_short_circuit_decorator']) retrieved from /home/airflow/.local/lib/python3.8/site-packages/airflow/example_dags/example_short_circuit_decorator.py
[2023-09-29T18:12:01.549+0000] {logging_mixin.py:151} INFO - [2023-09-29T18:12:01.549+0000] {dag.py:2915} INFO - Sync 1 DAGs
[2023-09-29T18:12:01.564+0000] {logging_mixin.py:151} INFO - [2023-09-29T18:12:01.564+0000] {dag.py:3696} INFO - Setting next_dagrun for example_short_circuit_decorator to 2023-09-28T18:12:01.564383+00:00, run_after=2023-09-29T18:12:01.564383+00:00
[2023-09-29T18:12:01.576+0000] {processor.py:179} INFO - Processing /home/airflow/.local/lib/python3.8/site-packages/airflow/example_dags/example_short_circuit_decorator.py took 0.057 seconds
[2023-09-29T18:12:32.435+0000] {processor.py:157} INFO - Started process (PID=632) to work on /home/airflow/.local/lib/python3.8/site-packages/airflow/example_dags/example_short_circuit_decorator.py
[2023-09-29T18:12:32.436+0000] {processor.py:829} INFO - Processing file /home/airflow/.local/lib/python3.8/site-packages/airflow/example_dags/example_short_circuit_decorator.py for tasks to queue
[2023-09-29T18:12:32.441+0000] {logging_mixin.py:151} INFO - [2023-09-29T18:12:32.440+0000] {dagbag.py:539} INFO - Filling up the DagBag from /home/airflow/.local/lib/python3.8/site-packages/airflow/example_dags/example_short_circuit_decorator.py
[2023-09-29T18:12:32.450+0000] {processor.py:839} INFO - DAG(s) dict_keys(['example_short_circuit_decorator']) retrieved from /home/airflow/.local/lib/python3.8/site-packages/airflow/example_dags/example_short_circuit_decorator.py
[2023-09-29T18:12:32.468+0000] {logging_mixin.py:151} INFO - [2023-09-29T18:12:32.468+0000] {dag.py:2915} INFO - Sync 1 DAGs
[2023-09-29T18:12:32.482+0000] {logging_mixin.py:151} INFO - [2023-09-29T18:12:32.482+0000] {dag.py:3696} INFO - Setting next_dagrun for example_short_circuit_decorator to 2023-09-28T18:12:32.482517+00:00, run_after=2023-09-29T18:12:32.482517+00:00
[2023-09-29T18:12:32.494+0000] {processor.py:179} INFO - Processing /home/airflow/.local/lib/python3.8/site-packages/airflow/example_dags/example_short_circuit_decorator.py took 0.062 seconds
[2023-09-29T18:13:03.464+0000] {processor.py:157} INFO - Started process (PID=687) to work on /home/airflow/.local/lib/python3.8/site-packages/airflow/example_dags/example_short_circuit_decorator.py
[2023-09-29T18:13:03.465+0000] {processor.py:829} INFO - Processing file /home/airflow/.local/lib/python3.8/site-packages/airflow/example_dags/example_short_circuit_decorator.py for tasks to queue
[2023-09-29T18:13:03.467+0000] {logging_mixin.py:151} INFO - [2023-09-29T18:13:03.467+0000] {dagbag.py:539} INFO - Filling up the DagBag from /home/airflow/.local/lib/python3.8/site-packages/airflow/example_dags/example_short_circuit_decorator.py
[2023-09-29T18:13:03.475+0000] {processor.py:839} INFO - DAG(s) dict_keys(['example_short_circuit_decorator']) retrieved from /home/airflow/.local/lib/python3.8/site-packages/airflow/example_dags/example_short_circuit_decorator.py
[2023-09-29T18:13:03.491+0000] {logging_mixin.py:151} INFO - [2023-09-29T18:13:03.491+0000] {dag.py:2915} INFO - Sync 1 DAGs
[2023-09-29T18:13:03.506+0000] {logging_mixin.py:151} INFO - [2023-09-29T18:13:03.506+0000] {dag.py:3696} INFO - Setting next_dagrun for example_short_circuit_decorator to 2023-09-28T18:13:03.505869+00:00, run_after=2023-09-29T18:13:03.505869+00:00
[2023-09-29T18:13:03.517+0000] {processor.py:179} INFO - Processing /home/airflow/.local/lib/python3.8/site-packages/airflow/example_dags/example_short_circuit_decorator.py took 0.056 seconds
[2023-09-29T18:13:33.995+0000] {processor.py:157} INFO - Started process (PID=742) to work on /home/airflow/.local/lib/python3.8/site-packages/airflow/example_dags/example_short_circuit_decorator.py
[2023-09-29T18:13:33.996+0000] {processor.py:829} INFO - Processing file /home/airflow/.local/lib/python3.8/site-packages/airflow/example_dags/example_short_circuit_decorator.py for tasks to queue
[2023-09-29T18:13:33.998+0000] {logging_mixin.py:151} INFO - [2023-09-29T18:13:33.998+0000] {dagbag.py:539} INFO - Filling up the DagBag from /home/airflow/.local/lib/python3.8/site-packages/airflow/example_dags/example_short_circuit_decorator.py
[2023-09-29T18:13:34.005+0000] {processor.py:839} INFO - DAG(s) dict_keys(['example_short_circuit_decorator']) retrieved from /home/airflow/.local/lib/python3.8/site-packages/airflow/example_dags/example_short_circuit_decorator.py
[2023-09-29T18:13:34.022+0000] {logging_mixin.py:151} INFO - [2023-09-29T18:13:34.021+0000] {dag.py:2915} INFO - Sync 1 DAGs
[2023-09-29T18:13:34.037+0000] {logging_mixin.py:151} INFO - [2023-09-29T18:13:34.036+0000] {dag.py:3696} INFO - Setting next_dagrun for example_short_circuit_decorator to 2023-09-28T18:13:34.036686+00:00, run_after=2023-09-29T18:13:34.036686+00:00
[2023-09-29T18:13:34.048+0000] {processor.py:179} INFO - Processing /home/airflow/.local/lib/python3.8/site-packages/airflow/example_dags/example_short_circuit_decorator.py took 0.055 seconds
[2023-09-29T18:14:04.377+0000] {processor.py:157} INFO - Started process (PID=796) to work on /home/airflow/.local/lib/python3.8/site-packages/airflow/example_dags/example_short_circuit_decorator.py
[2023-09-29T18:14:04.379+0000] {processor.py:829} INFO - Processing file /home/airflow/.local/lib/python3.8/site-packages/airflow/example_dags/example_short_circuit_decorator.py for tasks to queue
[2023-09-29T18:14:04.382+0000] {logging_mixin.py:151} INFO - [2023-09-29T18:14:04.382+0000] {dagbag.py:539} INFO - Filling up the DagBag from /home/airflow/.local/lib/python3.8/site-packages/airflow/example_dags/example_short_circuit_decorator.py
[2023-09-29T18:14:04.393+0000] {processor.py:839} INFO - DAG(s) dict_keys(['example_short_circuit_decorator']) retrieved from /home/airflow/.local/lib/python3.8/site-packages/airflow/example_dags/example_short_circuit_decorator.py
[2023-09-29T18:14:04.414+0000] {logging_mixin.py:151} INFO - [2023-09-29T18:14:04.414+0000] {dag.py:2915} INFO - Sync 1 DAGs
[2023-09-29T18:14:04.438+0000] {logging_mixin.py:151} INFO - [2023-09-29T18:14:04.438+0000] {dag.py:3696} INFO - Setting next_dagrun for example_short_circuit_decorator to 2023-09-28T18:14:04.437832+00:00, run_after=2023-09-29T18:14:04.437832+00:00
[2023-09-29T18:14:04.451+0000] {processor.py:179} INFO - Processing /home/airflow/.local/lib/python3.8/site-packages/airflow/example_dags/example_short_circuit_decorator.py took 0.077 seconds
[2023-09-29T18:14:34.617+0000] {processor.py:157} INFO - Started process (PID=851) to work on /home/airflow/.local/lib/python3.8/site-packages/airflow/example_dags/example_short_circuit_decorator.py
[2023-09-29T18:14:34.618+0000] {processor.py:829} INFO - Processing file /home/airflow/.local/lib/python3.8/site-packages/airflow/example_dags/example_short_circuit_decorator.py for tasks to queue
[2023-09-29T18:14:34.621+0000] {logging_mixin.py:151} INFO - [2023-09-29T18:14:34.621+0000] {dagbag.py:539} INFO - Filling up the DagBag from /home/airflow/.local/lib/python3.8/site-packages/airflow/example_dags/example_short_circuit_decorator.py
[2023-09-29T18:14:34.632+0000] {processor.py:839} INFO - DAG(s) dict_keys(['example_short_circuit_decorator']) retrieved from /home/airflow/.local/lib/python3.8/site-packages/airflow/example_dags/example_short_circuit_decorator.py
[2023-09-29T18:14:34.652+0000] {logging_mixin.py:151} INFO - [2023-09-29T18:14:34.652+0000] {dag.py:2915} INFO - Sync 1 DAGs
[2023-09-29T18:14:34.684+0000] {logging_mixin.py:151} INFO - [2023-09-29T18:14:34.683+0000] {dag.py:3696} INFO - Setting next_dagrun for example_short_circuit_decorator to 2023-09-28T18:14:34.682262+00:00, run_after=2023-09-29T18:14:34.682262+00:00
[2023-09-29T18:14:34.712+0000] {processor.py:179} INFO - Processing /home/airflow/.local/lib/python3.8/site-packages/airflow/example_dags/example_short_circuit_decorator.py took 0.098 seconds
[2023-09-29T18:15:04.759+0000] {processor.py:157} INFO - Started process (PID=906) to work on /home/airflow/.local/lib/python3.8/site-packages/airflow/example_dags/example_short_circuit_decorator.py
[2023-09-29T18:15:04.760+0000] {processor.py:829} INFO - Processing file /home/airflow/.local/lib/python3.8/site-packages/airflow/example_dags/example_short_circuit_decorator.py for tasks to queue
[2023-09-29T18:15:04.764+0000] {logging_mixin.py:151} INFO - [2023-09-29T18:15:04.763+0000] {dagbag.py:539} INFO - Filling up the DagBag from /home/airflow/.local/lib/python3.8/site-packages/airflow/example_dags/example_short_circuit_decorator.py
[2023-09-29T18:15:04.776+0000] {processor.py:839} INFO - DAG(s) dict_keys(['example_short_circuit_decorator']) retrieved from /home/airflow/.local/lib/python3.8/site-packages/airflow/example_dags/example_short_circuit_decorator.py
[2023-09-29T18:15:04.796+0000] {logging_mixin.py:151} INFO - [2023-09-29T18:15:04.796+0000] {dag.py:2915} INFO - Sync 1 DAGs
[2023-09-29T18:15:04.811+0000] {logging_mixin.py:151} INFO - [2023-09-29T18:15:04.811+0000] {dag.py:3696} INFO - Setting next_dagrun for example_short_circuit_decorator to 2023-09-28T18:15:04.811355+00:00, run_after=2023-09-29T18:15:04.811355+00:00
[2023-09-29T18:15:04.822+0000] {processor.py:179} INFO - Processing /home/airflow/.local/lib/python3.8/site-packages/airflow/example_dags/example_short_circuit_decorator.py took 0.067 seconds
[2023-09-29T18:15:35.312+0000] {processor.py:157} INFO - Started process (PID=961) to work on /home/airflow/.local/lib/python3.8/site-packages/airflow/example_dags/example_short_circuit_decorator.py
[2023-09-29T18:15:35.313+0000] {processor.py:829} INFO - Processing file /home/airflow/.local/lib/python3.8/site-packages/airflow/example_dags/example_short_circuit_decorator.py for tasks to queue
[2023-09-29T18:15:35.316+0000] {logging_mixin.py:151} INFO - [2023-09-29T18:15:35.315+0000] {dagbag.py:539} INFO - Filling up the DagBag from /home/airflow/.local/lib/python3.8/site-packages/airflow/example_dags/example_short_circuit_decorator.py
[2023-09-29T18:15:35.326+0000] {processor.py:839} INFO - DAG(s) dict_keys(['example_short_circuit_decorator']) retrieved from /home/airflow/.local/lib/python3.8/site-packages/airflow/example_dags/example_short_circuit_decorator.py
[2023-09-29T18:15:35.356+0000] {logging_mixin.py:151} INFO - [2023-09-29T18:15:35.356+0000] {dag.py:2915} INFO - Sync 1 DAGs
[2023-09-29T18:15:35.396+0000] {logging_mixin.py:151} INFO - [2023-09-29T18:15:35.396+0000] {dag.py:3696} INFO - Setting next_dagrun for example_short_circuit_decorator to 2023-09-28T18:15:35.395091+00:00, run_after=2023-09-29T18:15:35.395091+00:00
[2023-09-29T18:15:35.418+0000] {processor.py:179} INFO - Processing /home/airflow/.local/lib/python3.8/site-packages/airflow/example_dags/example_short_circuit_decorator.py took 0.111 seconds
[2023-09-29T18:16:05.876+0000] {processor.py:157} INFO - Started process (PID=1016) to work on /home/airflow/.local/lib/python3.8/site-packages/airflow/example_dags/example_short_circuit_decorator.py
[2023-09-29T18:16:05.877+0000] {processor.py:829} INFO - Processing file /home/airflow/.local/lib/python3.8/site-packages/airflow/example_dags/example_short_circuit_decorator.py for tasks to queue
[2023-09-29T18:16:05.879+0000] {logging_mixin.py:151} INFO - [2023-09-29T18:16:05.879+0000] {dagbag.py:539} INFO - Filling up the DagBag from /home/airflow/.local/lib/python3.8/site-packages/airflow/example_dags/example_short_circuit_decorator.py
[2023-09-29T18:16:05.888+0000] {processor.py:839} INFO - DAG(s) dict_keys(['example_short_circuit_decorator']) retrieved from /home/airflow/.local/lib/python3.8/site-packages/airflow/example_dags/example_short_circuit_decorator.py
[2023-09-29T18:16:05.913+0000] {logging_mixin.py:151} INFO - [2023-09-29T18:16:05.913+0000] {dag.py:2915} INFO - Sync 1 DAGs
[2023-09-29T18:16:05.932+0000] {logging_mixin.py:151} INFO - [2023-09-29T18:16:05.932+0000] {dag.py:3696} INFO - Setting next_dagrun for example_short_circuit_decorator to 2023-09-28T18:16:05.932198+00:00, run_after=2023-09-29T18:16:05.932198+00:00
[2023-09-29T18:16:05.951+0000] {processor.py:179} INFO - Processing /home/airflow/.local/lib/python3.8/site-packages/airflow/example_dags/example_short_circuit_decorator.py took 0.079 seconds
[2023-09-29T18:16:36.551+0000] {processor.py:157} INFO - Started process (PID=1071) to work on /home/airflow/.local/lib/python3.8/site-packages/airflow/example_dags/example_short_circuit_decorator.py
[2023-09-29T18:16:36.552+0000] {processor.py:829} INFO - Processing file /home/airflow/.local/lib/python3.8/site-packages/airflow/example_dags/example_short_circuit_decorator.py for tasks to queue
[2023-09-29T18:16:36.554+0000] {logging_mixin.py:151} INFO - [2023-09-29T18:16:36.554+0000] {dagbag.py:539} INFO - Filling up the DagBag from /home/airflow/.local/lib/python3.8/site-packages/airflow/example_dags/example_short_circuit_decorator.py
[2023-09-29T18:16:36.563+0000] {processor.py:839} INFO - DAG(s) dict_keys(['example_short_circuit_decorator']) retrieved from /home/airflow/.local/lib/python3.8/site-packages/airflow/example_dags/example_short_circuit_decorator.py
[2023-09-29T18:16:36.586+0000] {logging_mixin.py:151} INFO - [2023-09-29T18:16:36.586+0000] {dag.py:2915} INFO - Sync 1 DAGs
[2023-09-29T18:16:36.602+0000] {logging_mixin.py:151} INFO - [2023-09-29T18:16:36.602+0000] {dag.py:3696} INFO - Setting next_dagrun for example_short_circuit_decorator to 2023-09-28T18:16:36.602043+00:00, run_after=2023-09-29T18:16:36.602043+00:00
[2023-09-29T18:16:36.615+0000] {processor.py:179} INFO - Processing /home/airflow/.local/lib/python3.8/site-packages/airflow/example_dags/example_short_circuit_decorator.py took 0.068 seconds
[2023-09-29T18:17:07.823+0000] {processor.py:157} INFO - Started process (PID=1127) to work on /home/airflow/.local/lib/python3.8/site-packages/airflow/example_dags/example_short_circuit_decorator.py
[2023-09-29T18:17:07.824+0000] {processor.py:829} INFO - Processing file /home/airflow/.local/lib/python3.8/site-packages/airflow/example_dags/example_short_circuit_decorator.py for tasks to queue
[2023-09-29T18:17:07.826+0000] {logging_mixin.py:151} INFO - [2023-09-29T18:17:07.826+0000] {dagbag.py:539} INFO - Filling up the DagBag from /home/airflow/.local/lib/python3.8/site-packages/airflow/example_dags/example_short_circuit_decorator.py
[2023-09-29T18:17:07.833+0000] {processor.py:839} INFO - DAG(s) dict_keys(['example_short_circuit_decorator']) retrieved from /home/airflow/.local/lib/python3.8/site-packages/airflow/example_dags/example_short_circuit_decorator.py
[2023-09-29T18:17:07.850+0000] {logging_mixin.py:151} INFO - [2023-09-29T18:17:07.850+0000] {dag.py:2915} INFO - Sync 1 DAGs
[2023-09-29T18:17:07.864+0000] {logging_mixin.py:151} INFO - [2023-09-29T18:17:07.864+0000] {dag.py:3696} INFO - Setting next_dagrun for example_short_circuit_decorator to 2023-09-28T18:17:07.864436+00:00, run_after=2023-09-29T18:17:07.864436+00:00
[2023-09-29T18:17:07.877+0000] {processor.py:179} INFO - Processing /home/airflow/.local/lib/python3.8/site-packages/airflow/example_dags/example_short_circuit_decorator.py took 0.057 seconds
[2023-09-29T18:17:38.573+0000] {processor.py:157} INFO - Started process (PID=1182) to work on /home/airflow/.local/lib/python3.8/site-packages/airflow/example_dags/example_short_circuit_decorator.py
[2023-09-29T18:17:38.574+0000] {processor.py:829} INFO - Processing file /home/airflow/.local/lib/python3.8/site-packages/airflow/example_dags/example_short_circuit_decorator.py for tasks to queue
[2023-09-29T18:17:38.576+0000] {logging_mixin.py:151} INFO - [2023-09-29T18:17:38.575+0000] {dagbag.py:539} INFO - Filling up the DagBag from /home/airflow/.local/lib/python3.8/site-packages/airflow/example_dags/example_short_circuit_decorator.py
[2023-09-29T18:17:38.583+0000] {processor.py:839} INFO - DAG(s) dict_keys(['example_short_circuit_decorator']) retrieved from /home/airflow/.local/lib/python3.8/site-packages/airflow/example_dags/example_short_circuit_decorator.py
[2023-09-29T18:17:38.601+0000] {logging_mixin.py:151} INFO - [2023-09-29T18:17:38.601+0000] {dag.py:2915} INFO - Sync 1 DAGs
[2023-09-29T18:17:38.616+0000] {logging_mixin.py:151} INFO - [2023-09-29T18:17:38.616+0000] {dag.py:3696} INFO - Setting next_dagrun for example_short_circuit_decorator to 2023-09-28T18:17:38.616513+00:00, run_after=2023-09-29T18:17:38.616513+00:00
[2023-09-29T18:17:38.629+0000] {processor.py:179} INFO - Processing /home/airflow/.local/lib/python3.8/site-packages/airflow/example_dags/example_short_circuit_decorator.py took 0.059 seconds
[2023-09-29T18:18:09.179+0000] {processor.py:157} INFO - Started process (PID=1237) to work on /home/airflow/.local/lib/python3.8/site-packages/airflow/example_dags/example_short_circuit_decorator.py
[2023-09-29T18:18:09.181+0000] {processor.py:829} INFO - Processing file /home/airflow/.local/lib/python3.8/site-packages/airflow/example_dags/example_short_circuit_decorator.py for tasks to queue
[2023-09-29T18:18:09.183+0000] {logging_mixin.py:151} INFO - [2023-09-29T18:18:09.182+0000] {dagbag.py:539} INFO - Filling up the DagBag from /home/airflow/.local/lib/python3.8/site-packages/airflow/example_dags/example_short_circuit_decorator.py
[2023-09-29T18:18:09.191+0000] {processor.py:839} INFO - DAG(s) dict_keys(['example_short_circuit_decorator']) retrieved from /home/airflow/.local/lib/python3.8/site-packages/airflow/example_dags/example_short_circuit_decorator.py
[2023-09-29T18:18:09.210+0000] {logging_mixin.py:151} INFO - [2023-09-29T18:18:09.210+0000] {dag.py:2915} INFO - Sync 1 DAGs
[2023-09-29T18:18:09.228+0000] {logging_mixin.py:151} INFO - [2023-09-29T18:18:09.228+0000] {dag.py:3696} INFO - Setting next_dagrun for example_short_circuit_decorator to 2023-09-28T18:18:09.228039+00:00, run_after=2023-09-29T18:18:09.228039+00:00
[2023-09-29T18:18:09.242+0000] {processor.py:179} INFO - Processing /home/airflow/.local/lib/python3.8/site-packages/airflow/example_dags/example_short_circuit_decorator.py took 0.066 seconds
[2023-09-29T18:18:39.670+0000] {processor.py:157} INFO - Started process (PID=1292) to work on /home/airflow/.local/lib/python3.8/site-packages/airflow/example_dags/example_short_circuit_decorator.py
[2023-09-29T18:18:39.671+0000] {processor.py:829} INFO - Processing file /home/airflow/.local/lib/python3.8/site-packages/airflow/example_dags/example_short_circuit_decorator.py for tasks to queue
[2023-09-29T18:18:39.673+0000] {logging_mixin.py:151} INFO - [2023-09-29T18:18:39.673+0000] {dagbag.py:539} INFO - Filling up the DagBag from /home/airflow/.local/lib/python3.8/site-packages/airflow/example_dags/example_short_circuit_decorator.py
[2023-09-29T18:18:39.680+0000] {processor.py:839} INFO - DAG(s) dict_keys(['example_short_circuit_decorator']) retrieved from /home/airflow/.local/lib/python3.8/site-packages/airflow/example_dags/example_short_circuit_decorator.py
[2023-09-29T18:18:39.697+0000] {logging_mixin.py:151} INFO - [2023-09-29T18:18:39.697+0000] {dag.py:2915} INFO - Sync 1 DAGs
[2023-09-29T18:18:39.712+0000] {logging_mixin.py:151} INFO - [2023-09-29T18:18:39.712+0000] {dag.py:3696} INFO - Setting next_dagrun for example_short_circuit_decorator to 2023-09-28T18:18:39.712536+00:00, run_after=2023-09-29T18:18:39.712536+00:00
[2023-09-29T18:18:39.726+0000] {processor.py:179} INFO - Processing /home/airflow/.local/lib/python3.8/site-packages/airflow/example_dags/example_short_circuit_decorator.py took 0.059 seconds
[2023-09-29T18:19:10.658+0000] {processor.py:157} INFO - Started process (PID=1347) to work on /home/airflow/.local/lib/python3.8/site-packages/airflow/example_dags/example_short_circuit_decorator.py
[2023-09-29T18:19:10.659+0000] {processor.py:829} INFO - Processing file /home/airflow/.local/lib/python3.8/site-packages/airflow/example_dags/example_short_circuit_decorator.py for tasks to queue
[2023-09-29T18:19:10.662+0000] {logging_mixin.py:151} INFO - [2023-09-29T18:19:10.661+0000] {dagbag.py:539} INFO - Filling up the DagBag from /home/airflow/.local/lib/python3.8/site-packages/airflow/example_dags/example_short_circuit_decorator.py
[2023-09-29T18:19:10.670+0000] {processor.py:839} INFO - DAG(s) dict_keys(['example_short_circuit_decorator']) retrieved from /home/airflow/.local/lib/python3.8/site-packages/airflow/example_dags/example_short_circuit_decorator.py
[2023-09-29T18:19:10.693+0000] {logging_mixin.py:151} INFO - [2023-09-29T18:19:10.693+0000] {dag.py:2915} INFO - Sync 1 DAGs
[2023-09-29T18:19:10.710+0000] {logging_mixin.py:151} INFO - [2023-09-29T18:19:10.710+0000] {dag.py:3696} INFO - Setting next_dagrun for example_short_circuit_decorator to 2023-09-28T18:19:10.710036+00:00, run_after=2023-09-29T18:19:10.710036+00:00
[2023-09-29T18:19:10.726+0000] {processor.py:179} INFO - Processing /home/airflow/.local/lib/python3.8/site-packages/airflow/example_dags/example_short_circuit_decorator.py took 0.071 seconds
[2023-09-29T18:19:41.197+0000] {processor.py:157} INFO - Started process (PID=1402) to work on /home/airflow/.local/lib/python3.8/site-packages/airflow/example_dags/example_short_circuit_decorator.py
[2023-09-29T18:19:41.198+0000] {processor.py:829} INFO - Processing file /home/airflow/.local/lib/python3.8/site-packages/airflow/example_dags/example_short_circuit_decorator.py for tasks to queue
[2023-09-29T18:19:41.200+0000] {logging_mixin.py:151} INFO - [2023-09-29T18:19:41.200+0000] {dagbag.py:539} INFO - Filling up the DagBag from /home/airflow/.local/lib/python3.8/site-packages/airflow/example_dags/example_short_circuit_decorator.py
[2023-09-29T18:19:41.208+0000] {processor.py:839} INFO - DAG(s) dict_keys(['example_short_circuit_decorator']) retrieved from /home/airflow/.local/lib/python3.8/site-packages/airflow/example_dags/example_short_circuit_decorator.py
[2023-09-29T18:19:41.225+0000] {logging_mixin.py:151} INFO - [2023-09-29T18:19:41.225+0000] {dag.py:2915} INFO - Sync 1 DAGs
[2023-09-29T18:19:41.244+0000] {logging_mixin.py:151} INFO - [2023-09-29T18:19:41.243+0000] {dag.py:3696} INFO - Setting next_dagrun for example_short_circuit_decorator to 2023-09-28T18:19:41.243636+00:00, run_after=2023-09-29T18:19:41.243636+00:00
[2023-09-29T18:19:41.281+0000] {processor.py:179} INFO - Processing /home/airflow/.local/lib/python3.8/site-packages/airflow/example_dags/example_short_circuit_decorator.py took 0.086 seconds
[2023-09-29T18:20:11.626+0000] {processor.py:157} INFO - Started process (PID=1457) to work on /home/airflow/.local/lib/python3.8/site-packages/airflow/example_dags/example_short_circuit_decorator.py
[2023-09-29T18:20:11.627+0000] {processor.py:829} INFO - Processing file /home/airflow/.local/lib/python3.8/site-packages/airflow/example_dags/example_short_circuit_decorator.py for tasks to queue
[2023-09-29T18:20:11.629+0000] {logging_mixin.py:151} INFO - [2023-09-29T18:20:11.628+0000] {dagbag.py:539} INFO - Filling up the DagBag from /home/airflow/.local/lib/python3.8/site-packages/airflow/example_dags/example_short_circuit_decorator.py
[2023-09-29T18:20:11.636+0000] {processor.py:839} INFO - DAG(s) dict_keys(['example_short_circuit_decorator']) retrieved from /home/airflow/.local/lib/python3.8/site-packages/airflow/example_dags/example_short_circuit_decorator.py
[2023-09-29T18:20:11.654+0000] {logging_mixin.py:151} INFO - [2023-09-29T18:20:11.654+0000] {dag.py:2915} INFO - Sync 1 DAGs
[2023-09-29T18:20:11.669+0000] {logging_mixin.py:151} INFO - [2023-09-29T18:20:11.669+0000] {dag.py:3696} INFO - Setting next_dagrun for example_short_circuit_decorator to 2023-09-28T18:20:11.669145+00:00, run_after=2023-09-29T18:20:11.669145+00:00
[2023-09-29T18:20:11.681+0000] {processor.py:179} INFO - Processing /home/airflow/.local/lib/python3.8/site-packages/airflow/example_dags/example_short_circuit_decorator.py took 0.059 seconds
[2023-09-29T18:20:42.208+0000] {processor.py:157} INFO - Started process (PID=1513) to work on /home/airflow/.local/lib/python3.8/site-packages/airflow/example_dags/example_short_circuit_decorator.py
[2023-09-29T18:20:42.209+0000] {processor.py:829} INFO - Processing file /home/airflow/.local/lib/python3.8/site-packages/airflow/example_dags/example_short_circuit_decorator.py for tasks to queue
[2023-09-29T18:20:42.211+0000] {logging_mixin.py:151} INFO - [2023-09-29T18:20:42.211+0000] {dagbag.py:539} INFO - Filling up the DagBag from /home/airflow/.local/lib/python3.8/site-packages/airflow/example_dags/example_short_circuit_decorator.py
[2023-09-29T18:20:42.219+0000] {processor.py:839} INFO - DAG(s) dict_keys(['example_short_circuit_decorator']) retrieved from /home/airflow/.local/lib/python3.8/site-packages/airflow/example_dags/example_short_circuit_decorator.py
[2023-09-29T18:20:42.236+0000] {logging_mixin.py:151} INFO - [2023-09-29T18:20:42.235+0000] {dag.py:2915} INFO - Sync 1 DAGs
[2023-09-29T18:20:42.260+0000] {logging_mixin.py:151} INFO - [2023-09-29T18:20:42.259+0000] {dag.py:3696} INFO - Setting next_dagrun for example_short_circuit_decorator to 2023-09-28T18:20:42.259317+00:00, run_after=2023-09-29T18:20:42.259317+00:00
[2023-09-29T18:20:42.280+0000] {processor.py:179} INFO - Processing /home/airflow/.local/lib/python3.8/site-packages/airflow/example_dags/example_short_circuit_decorator.py took 0.075 seconds
[2023-09-29T18:21:12.777+0000] {processor.py:157} INFO - Started process (PID=1568) to work on /home/airflow/.local/lib/python3.8/site-packages/airflow/example_dags/example_short_circuit_decorator.py
[2023-09-29T18:21:12.779+0000] {processor.py:829} INFO - Processing file /home/airflow/.local/lib/python3.8/site-packages/airflow/example_dags/example_short_circuit_decorator.py for tasks to queue
[2023-09-29T18:21:12.781+0000] {logging_mixin.py:151} INFO - [2023-09-29T18:21:12.780+0000] {dagbag.py:539} INFO - Filling up the DagBag from /home/airflow/.local/lib/python3.8/site-packages/airflow/example_dags/example_short_circuit_decorator.py
[2023-09-29T18:21:12.788+0000] {processor.py:839} INFO - DAG(s) dict_keys(['example_short_circuit_decorator']) retrieved from /home/airflow/.local/lib/python3.8/site-packages/airflow/example_dags/example_short_circuit_decorator.py
[2023-09-29T18:21:12.809+0000] {logging_mixin.py:151} INFO - [2023-09-29T18:21:12.808+0000] {dag.py:2915} INFO - Sync 1 DAGs
[2023-09-29T18:21:12.841+0000] {logging_mixin.py:151} INFO - [2023-09-29T18:21:12.841+0000] {dag.py:3696} INFO - Setting next_dagrun for example_short_circuit_decorator to 2023-09-28T18:21:12.841230+00:00, run_after=2023-09-29T18:21:12.841230+00:00
[2023-09-29T18:21:12.860+0000] {processor.py:179} INFO - Processing /home/airflow/.local/lib/python3.8/site-packages/airflow/example_dags/example_short_circuit_decorator.py took 0.086 seconds
[2023-09-29T18:21:43.129+0000] {processor.py:157} INFO - Started process (PID=1624) to work on /home/airflow/.local/lib/python3.8/site-packages/airflow/example_dags/example_short_circuit_decorator.py
[2023-09-29T18:21:43.132+0000] {processor.py:829} INFO - Processing file /home/airflow/.local/lib/python3.8/site-packages/airflow/example_dags/example_short_circuit_decorator.py for tasks to queue
[2023-09-29T18:21:43.138+0000] {logging_mixin.py:151} INFO - [2023-09-29T18:21:43.137+0000] {dagbag.py:539} INFO - Filling up the DagBag from /home/airflow/.local/lib/python3.8/site-packages/airflow/example_dags/example_short_circuit_decorator.py
[2023-09-29T18:21:43.164+0000] {processor.py:839} INFO - DAG(s) dict_keys(['example_short_circuit_decorator']) retrieved from /home/airflow/.local/lib/python3.8/site-packages/airflow/example_dags/example_short_circuit_decorator.py
[2023-09-29T18:21:43.222+0000] {logging_mixin.py:151} INFO - [2023-09-29T18:21:43.222+0000] {dag.py:2915} INFO - Sync 1 DAGs
[2023-09-29T18:21:43.276+0000] {logging_mixin.py:151} INFO - [2023-09-29T18:21:43.276+0000] {dag.py:3696} INFO - Setting next_dagrun for example_short_circuit_decorator to 2023-09-28T18:21:43.276101+00:00, run_after=2023-09-29T18:21:43.276101+00:00
[2023-09-29T18:21:43.310+0000] {processor.py:179} INFO - Processing /home/airflow/.local/lib/python3.8/site-packages/airflow/example_dags/example_short_circuit_decorator.py took 0.191 seconds
[2023-09-29T18:22:13.646+0000] {processor.py:157} INFO - Started process (PID=1679) to work on /home/airflow/.local/lib/python3.8/site-packages/airflow/example_dags/example_short_circuit_decorator.py
[2023-09-29T18:22:13.647+0000] {processor.py:829} INFO - Processing file /home/airflow/.local/lib/python3.8/site-packages/airflow/example_dags/example_short_circuit_decorator.py for tasks to queue
[2023-09-29T18:22:13.650+0000] {logging_mixin.py:151} INFO - [2023-09-29T18:22:13.650+0000] {dagbag.py:539} INFO - Filling up the DagBag from /home/airflow/.local/lib/python3.8/site-packages/airflow/example_dags/example_short_circuit_decorator.py
[2023-09-29T18:22:13.658+0000] {processor.py:839} INFO - DAG(s) dict_keys(['example_short_circuit_decorator']) retrieved from /home/airflow/.local/lib/python3.8/site-packages/airflow/example_dags/example_short_circuit_decorator.py
[2023-09-29T18:22:13.678+0000] {logging_mixin.py:151} INFO - [2023-09-29T18:22:13.678+0000] {dag.py:2915} INFO - Sync 1 DAGs
[2023-09-29T18:22:13.693+0000] {logging_mixin.py:151} INFO - [2023-09-29T18:22:13.693+0000] {dag.py:3696} INFO - Setting next_dagrun for example_short_circuit_decorator to 2023-09-28T18:22:13.693185+00:00, run_after=2023-09-29T18:22:13.693185+00:00
[2023-09-29T18:22:13.704+0000] {processor.py:179} INFO - Processing /home/airflow/.local/lib/python3.8/site-packages/airflow/example_dags/example_short_circuit_decorator.py took 0.061 seconds
[2023-09-29T18:22:44.623+0000] {processor.py:157} INFO - Started process (PID=1734) to work on /home/airflow/.local/lib/python3.8/site-packages/airflow/example_dags/example_short_circuit_decorator.py
[2023-09-29T18:22:44.631+0000] {processor.py:829} INFO - Processing file /home/airflow/.local/lib/python3.8/site-packages/airflow/example_dags/example_short_circuit_decorator.py for tasks to queue
[2023-09-29T18:22:44.635+0000] {logging_mixin.py:151} INFO - [2023-09-29T18:22:44.635+0000] {dagbag.py:539} INFO - Filling up the DagBag from /home/airflow/.local/lib/python3.8/site-packages/airflow/example_dags/example_short_circuit_decorator.py
[2023-09-29T18:22:44.647+0000] {processor.py:839} INFO - DAG(s) dict_keys(['example_short_circuit_decorator']) retrieved from /home/airflow/.local/lib/python3.8/site-packages/airflow/example_dags/example_short_circuit_decorator.py
[2023-09-29T18:22:44.668+0000] {logging_mixin.py:151} INFO - [2023-09-29T18:22:44.668+0000] {dag.py:2915} INFO - Sync 1 DAGs
[2023-09-29T18:22:44.686+0000] {logging_mixin.py:151} INFO - [2023-09-29T18:22:44.686+0000] {dag.py:3696} INFO - Setting next_dagrun for example_short_circuit_decorator to 2023-09-28T18:22:44.686400+00:00, run_after=2023-09-29T18:22:44.686400+00:00
[2023-09-29T18:22:44.699+0000] {processor.py:179} INFO - Processing /home/airflow/.local/lib/python3.8/site-packages/airflow/example_dags/example_short_circuit_decorator.py took 0.079 seconds
[2023-09-29T18:23:14.772+0000] {processor.py:157} INFO - Started process (PID=1789) to work on /home/airflow/.local/lib/python3.8/site-packages/airflow/example_dags/example_short_circuit_decorator.py
[2023-09-29T18:23:14.774+0000] {processor.py:829} INFO - Processing file /home/airflow/.local/lib/python3.8/site-packages/airflow/example_dags/example_short_circuit_decorator.py for tasks to queue
[2023-09-29T18:23:14.776+0000] {logging_mixin.py:151} INFO - [2023-09-29T18:23:14.776+0000] {dagbag.py:539} INFO - Filling up the DagBag from /home/airflow/.local/lib/python3.8/site-packages/airflow/example_dags/example_short_circuit_decorator.py
[2023-09-29T18:23:14.783+0000] {processor.py:839} INFO - DAG(s) dict_keys(['example_short_circuit_decorator']) retrieved from /home/airflow/.local/lib/python3.8/site-packages/airflow/example_dags/example_short_circuit_decorator.py
[2023-09-29T18:23:14.805+0000] {logging_mixin.py:151} INFO - [2023-09-29T18:23:14.805+0000] {dag.py:2915} INFO - Sync 1 DAGs
[2023-09-29T18:23:14.823+0000] {logging_mixin.py:151} INFO - [2023-09-29T18:23:14.823+0000] {dag.py:3696} INFO - Setting next_dagrun for example_short_circuit_decorator to 2023-09-28T18:23:14.823647+00:00, run_after=2023-09-29T18:23:14.823647+00:00
[2023-09-29T18:23:14.835+0000] {processor.py:179} INFO - Processing /home/airflow/.local/lib/python3.8/site-packages/airflow/example_dags/example_short_circuit_decorator.py took 0.066 seconds
[2023-09-29T18:23:45.122+0000] {processor.py:157} INFO - Started process (PID=1844) to work on /home/airflow/.local/lib/python3.8/site-packages/airflow/example_dags/example_short_circuit_decorator.py
[2023-09-29T18:23:45.124+0000] {processor.py:829} INFO - Processing file /home/airflow/.local/lib/python3.8/site-packages/airflow/example_dags/example_short_circuit_decorator.py for tasks to queue
[2023-09-29T18:23:45.126+0000] {logging_mixin.py:151} INFO - [2023-09-29T18:23:45.126+0000] {dagbag.py:539} INFO - Filling up the DagBag from /home/airflow/.local/lib/python3.8/site-packages/airflow/example_dags/example_short_circuit_decorator.py
[2023-09-29T18:23:45.133+0000] {processor.py:839} INFO - DAG(s) dict_keys(['example_short_circuit_decorator']) retrieved from /home/airflow/.local/lib/python3.8/site-packages/airflow/example_dags/example_short_circuit_decorator.py
[2023-09-29T18:23:45.150+0000] {logging_mixin.py:151} INFO - [2023-09-29T18:23:45.150+0000] {dag.py:2915} INFO - Sync 1 DAGs
[2023-09-29T18:23:45.165+0000] {logging_mixin.py:151} INFO - [2023-09-29T18:23:45.165+0000] {dag.py:3696} INFO - Setting next_dagrun for example_short_circuit_decorator to 2023-09-28T18:23:45.165528+00:00, run_after=2023-09-29T18:23:45.165528+00:00
[2023-09-29T18:23:45.177+0000] {processor.py:179} INFO - Processing /home/airflow/.local/lib/python3.8/site-packages/airflow/example_dags/example_short_circuit_decorator.py took 0.057 seconds
[2023-09-29T18:24:15.274+0000] {processor.py:157} INFO - Started process (PID=1899) to work on /home/airflow/.local/lib/python3.8/site-packages/airflow/example_dags/example_short_circuit_decorator.py
[2023-09-29T18:24:15.275+0000] {processor.py:829} INFO - Processing file /home/airflow/.local/lib/python3.8/site-packages/airflow/example_dags/example_short_circuit_decorator.py for tasks to queue
[2023-09-29T18:24:15.278+0000] {logging_mixin.py:151} INFO - [2023-09-29T18:24:15.277+0000] {dagbag.py:539} INFO - Filling up the DagBag from /home/airflow/.local/lib/python3.8/site-packages/airflow/example_dags/example_short_circuit_decorator.py
[2023-09-29T18:24:15.285+0000] {processor.py:839} INFO - DAG(s) dict_keys(['example_short_circuit_decorator']) retrieved from /home/airflow/.local/lib/python3.8/site-packages/airflow/example_dags/example_short_circuit_decorator.py
[2023-09-29T18:24:15.302+0000] {logging_mixin.py:151} INFO - [2023-09-29T18:24:15.302+0000] {dag.py:2915} INFO - Sync 1 DAGs
[2023-09-29T18:24:15.318+0000] {logging_mixin.py:151} INFO - [2023-09-29T18:24:15.318+0000] {dag.py:3696} INFO - Setting next_dagrun for example_short_circuit_decorator to 2023-09-28T18:24:15.317891+00:00, run_after=2023-09-29T18:24:15.317891+00:00
[2023-09-29T18:24:15.329+0000] {processor.py:179} INFO - Processing /home/airflow/.local/lib/python3.8/site-packages/airflow/example_dags/example_short_circuit_decorator.py took 0.058 seconds
[2023-09-29T18:24:45.660+0000] {processor.py:157} INFO - Started process (PID=1954) to work on /home/airflow/.local/lib/python3.8/site-packages/airflow/example_dags/example_short_circuit_decorator.py
[2023-09-29T18:24:45.661+0000] {processor.py:829} INFO - Processing file /home/airflow/.local/lib/python3.8/site-packages/airflow/example_dags/example_short_circuit_decorator.py for tasks to queue
[2023-09-29T18:24:45.663+0000] {logging_mixin.py:151} INFO - [2023-09-29T18:24:45.663+0000] {dagbag.py:539} INFO - Filling up the DagBag from /home/airflow/.local/lib/python3.8/site-packages/airflow/example_dags/example_short_circuit_decorator.py
[2023-09-29T18:24:45.671+0000] {processor.py:839} INFO - DAG(s) dict_keys(['example_short_circuit_decorator']) retrieved from /home/airflow/.local/lib/python3.8/site-packages/airflow/example_dags/example_short_circuit_decorator.py
[2023-09-29T18:24:45.689+0000] {logging_mixin.py:151} INFO - [2023-09-29T18:24:45.689+0000] {dag.py:2915} INFO - Sync 1 DAGs
[2023-09-29T18:24:45.705+0000] {logging_mixin.py:151} INFO - [2023-09-29T18:24:45.705+0000] {dag.py:3696} INFO - Setting next_dagrun for example_short_circuit_decorator to 2023-09-28T18:24:45.704898+00:00, run_after=2023-09-29T18:24:45.704898+00:00
[2023-09-29T18:24:45.717+0000] {processor.py:179} INFO - Processing /home/airflow/.local/lib/python3.8/site-packages/airflow/example_dags/example_short_circuit_decorator.py took 0.060 seconds
[2023-09-29T18:25:16.022+0000] {processor.py:157} INFO - Started process (PID=2009) to work on /home/airflow/.local/lib/python3.8/site-packages/airflow/example_dags/example_short_circuit_decorator.py
[2023-09-29T18:25:16.023+0000] {processor.py:829} INFO - Processing file /home/airflow/.local/lib/python3.8/site-packages/airflow/example_dags/example_short_circuit_decorator.py for tasks to queue
[2023-09-29T18:25:16.025+0000] {logging_mixin.py:151} INFO - [2023-09-29T18:25:16.025+0000] {dagbag.py:539} INFO - Filling up the DagBag from /home/airflow/.local/lib/python3.8/site-packages/airflow/example_dags/example_short_circuit_decorator.py
[2023-09-29T18:25:16.032+0000] {processor.py:839} INFO - DAG(s) dict_keys(['example_short_circuit_decorator']) retrieved from /home/airflow/.local/lib/python3.8/site-packages/airflow/example_dags/example_short_circuit_decorator.py
[2023-09-29T18:25:16.049+0000] {logging_mixin.py:151} INFO - [2023-09-29T18:25:16.049+0000] {dag.py:2915} INFO - Sync 1 DAGs
[2023-09-29T18:25:16.070+0000] {logging_mixin.py:151} INFO - [2023-09-29T18:25:16.070+0000] {dag.py:3696} INFO - Setting next_dagrun for example_short_circuit_decorator to 2023-09-28T18:25:16.069802+00:00, run_after=2023-09-29T18:25:16.069802+00:00
[2023-09-29T18:25:16.083+0000] {processor.py:179} INFO - Processing /home/airflow/.local/lib/python3.8/site-packages/airflow/example_dags/example_short_circuit_decorator.py took 0.064 seconds
