[2023-09-29T18:07:16.651+0000] {processor.py:157} INFO - Started process (PID=67) to work on /home/airflow/.local/lib/python3.8/site-packages/airflow/example_dags/example_branch_labels.py
[2023-09-29T18:07:16.653+0000] {processor.py:829} INFO - Processing file /home/airflow/.local/lib/python3.8/site-packages/airflow/example_dags/example_branch_labels.py for tasks to queue
[2023-09-29T18:07:16.670+0000] {logging_mixin.py:151} INFO - [2023-09-29T18:07:16.670+0000] {dagbag.py:539} INFO - Filling up the DagBag from /home/airflow/.local/lib/python3.8/site-packages/airflow/example_dags/example_branch_labels.py
[2023-09-29T18:07:16.685+0000] {processor.py:839} INFO - DAG(s) dict_keys(['example_branch_labels']) retrieved from /home/airflow/.local/lib/python3.8/site-packages/airflow/example_dags/example_branch_labels.py
[2023-09-29T18:07:16.747+0000] {logging_mixin.py:151} INFO - [2023-09-29T18:07:16.747+0000] {dag.py:2915} INFO - Sync 1 DAGs
[2023-09-29T18:07:16.814+0000] {logging_mixin.py:151} INFO - [2023-09-29T18:07:16.813+0000] {dag.py:3696} INFO - Setting next_dagrun for example_branch_labels to 2023-09-28T00:00:00+00:00, run_after=2023-09-29T00:00:00+00:00
[2023-09-29T18:07:16.841+0000] {processor.py:179} INFO - Processing /home/airflow/.local/lib/python3.8/site-packages/airflow/example_dags/example_branch_labels.py took 0.196 seconds
[2023-09-29T18:07:53.590+0000] {processor.py:157} INFO - Started process (PID=121) to work on /home/airflow/.local/lib/python3.8/site-packages/airflow/example_dags/example_branch_labels.py
[2023-09-29T18:07:53.592+0000] {processor.py:829} INFO - Processing file /home/airflow/.local/lib/python3.8/site-packages/airflow/example_dags/example_branch_labels.py for tasks to queue
[2023-09-29T18:07:53.597+0000] {logging_mixin.py:151} INFO - [2023-09-29T18:07:53.596+0000] {dagbag.py:539} INFO - Filling up the DagBag from /home/airflow/.local/lib/python3.8/site-packages/airflow/example_dags/example_branch_labels.py
[2023-09-29T18:07:53.641+0000] {processor.py:839} INFO - DAG(s) dict_keys(['example_branch_labels']) retrieved from /home/airflow/.local/lib/python3.8/site-packages/airflow/example_dags/example_branch_labels.py
[2023-09-29T18:07:53.750+0000] {logging_mixin.py:151} INFO - [2023-09-29T18:07:53.750+0000] {dag.py:2915} INFO - Sync 1 DAGs
[2023-09-29T18:07:53.824+0000] {logging_mixin.py:151} INFO - [2023-09-29T18:07:53.824+0000] {dag.py:3696} INFO - Setting next_dagrun for example_branch_labels to 2023-09-28T00:00:00+00:00, run_after=2023-09-29T00:00:00+00:00
[2023-09-29T18:07:53.855+0000] {processor.py:179} INFO - Processing /home/airflow/.local/lib/python3.8/site-packages/airflow/example_dags/example_branch_labels.py took 0.276 seconds
[2023-09-29T18:08:24.369+0000] {processor.py:157} INFO - Started process (PID=175) to work on /home/airflow/.local/lib/python3.8/site-packages/airflow/example_dags/example_branch_labels.py
[2023-09-29T18:08:24.370+0000] {processor.py:829} INFO - Processing file /home/airflow/.local/lib/python3.8/site-packages/airflow/example_dags/example_branch_labels.py for tasks to queue
[2023-09-29T18:08:24.372+0000] {logging_mixin.py:151} INFO - [2023-09-29T18:08:24.372+0000] {dagbag.py:539} INFO - Filling up the DagBag from /home/airflow/.local/lib/python3.8/site-packages/airflow/example_dags/example_branch_labels.py
[2023-09-29T18:08:24.380+0000] {processor.py:839} INFO - DAG(s) dict_keys(['example_branch_labels']) retrieved from /home/airflow/.local/lib/python3.8/site-packages/airflow/example_dags/example_branch_labels.py
[2023-09-29T18:08:24.406+0000] {logging_mixin.py:151} INFO - [2023-09-29T18:08:24.406+0000] {dag.py:2915} INFO - Sync 1 DAGs
[2023-09-29T18:08:24.425+0000] {logging_mixin.py:151} INFO - [2023-09-29T18:08:24.425+0000] {dag.py:3696} INFO - Setting next_dagrun for example_branch_labels to 2023-09-28T00:00:00+00:00, run_after=2023-09-29T00:00:00+00:00
[2023-09-29T18:08:24.438+0000] {processor.py:179} INFO - Processing /home/airflow/.local/lib/python3.8/site-packages/airflow/example_dags/example_branch_labels.py took 0.072 seconds
[2023-09-29T18:08:54.474+0000] {processor.py:157} INFO - Started process (PID=230) to work on /home/airflow/.local/lib/python3.8/site-packages/airflow/example_dags/example_branch_labels.py
[2023-09-29T18:08:54.475+0000] {processor.py:829} INFO - Processing file /home/airflow/.local/lib/python3.8/site-packages/airflow/example_dags/example_branch_labels.py for tasks to queue
[2023-09-29T18:08:54.477+0000] {logging_mixin.py:151} INFO - [2023-09-29T18:08:54.477+0000] {dagbag.py:539} INFO - Filling up the DagBag from /home/airflow/.local/lib/python3.8/site-packages/airflow/example_dags/example_branch_labels.py
[2023-09-29T18:08:54.485+0000] {processor.py:839} INFO - DAG(s) dict_keys(['example_branch_labels']) retrieved from /home/airflow/.local/lib/python3.8/site-packages/airflow/example_dags/example_branch_labels.py
[2023-09-29T18:08:54.501+0000] {logging_mixin.py:151} INFO - [2023-09-29T18:08:54.501+0000] {dag.py:2915} INFO - Sync 1 DAGs
[2023-09-29T18:08:54.518+0000] {logging_mixin.py:151} INFO - [2023-09-29T18:08:54.517+0000] {dag.py:3696} INFO - Setting next_dagrun for example_branch_labels to 2023-09-28T00:00:00+00:00, run_after=2023-09-29T00:00:00+00:00
[2023-09-29T18:08:54.528+0000] {processor.py:179} INFO - Processing /home/airflow/.local/lib/python3.8/site-packages/airflow/example_dags/example_branch_labels.py took 0.058 seconds
[2023-09-29T18:09:25.424+0000] {processor.py:157} INFO - Started process (PID=285) to work on /home/airflow/.local/lib/python3.8/site-packages/airflow/example_dags/example_branch_labels.py
[2023-09-29T18:09:25.425+0000] {processor.py:829} INFO - Processing file /home/airflow/.local/lib/python3.8/site-packages/airflow/example_dags/example_branch_labels.py for tasks to queue
[2023-09-29T18:09:25.428+0000] {logging_mixin.py:151} INFO - [2023-09-29T18:09:25.427+0000] {dagbag.py:539} INFO - Filling up the DagBag from /home/airflow/.local/lib/python3.8/site-packages/airflow/example_dags/example_branch_labels.py
[2023-09-29T18:09:25.434+0000] {processor.py:839} INFO - DAG(s) dict_keys(['example_branch_labels']) retrieved from /home/airflow/.local/lib/python3.8/site-packages/airflow/example_dags/example_branch_labels.py
[2023-09-29T18:09:25.455+0000] {logging_mixin.py:151} INFO - [2023-09-29T18:09:25.455+0000] {dag.py:2915} INFO - Sync 1 DAGs
[2023-09-29T18:09:25.486+0000] {logging_mixin.py:151} INFO - [2023-09-29T18:09:25.485+0000] {dag.py:3696} INFO - Setting next_dagrun for example_branch_labels to 2023-09-28T00:00:00+00:00, run_after=2023-09-29T00:00:00+00:00
[2023-09-29T18:09:25.504+0000] {processor.py:179} INFO - Processing /home/airflow/.local/lib/python3.8/site-packages/airflow/example_dags/example_branch_labels.py took 0.083 seconds
[2023-09-29T18:09:56.083+0000] {processor.py:157} INFO - Started process (PID=340) to work on /home/airflow/.local/lib/python3.8/site-packages/airflow/example_dags/example_branch_labels.py
[2023-09-29T18:09:56.084+0000] {processor.py:829} INFO - Processing file /home/airflow/.local/lib/python3.8/site-packages/airflow/example_dags/example_branch_labels.py for tasks to queue
[2023-09-29T18:09:56.086+0000] {logging_mixin.py:151} INFO - [2023-09-29T18:09:56.086+0000] {dagbag.py:539} INFO - Filling up the DagBag from /home/airflow/.local/lib/python3.8/site-packages/airflow/example_dags/example_branch_labels.py
[2023-09-29T18:09:56.093+0000] {processor.py:839} INFO - DAG(s) dict_keys(['example_branch_labels']) retrieved from /home/airflow/.local/lib/python3.8/site-packages/airflow/example_dags/example_branch_labels.py
[2023-09-29T18:09:56.109+0000] {logging_mixin.py:151} INFO - [2023-09-29T18:09:56.109+0000] {dag.py:2915} INFO - Sync 1 DAGs
[2023-09-29T18:09:56.125+0000] {logging_mixin.py:151} INFO - [2023-09-29T18:09:56.125+0000] {dag.py:3696} INFO - Setting next_dagrun for example_branch_labels to 2023-09-28T00:00:00+00:00, run_after=2023-09-29T00:00:00+00:00
[2023-09-29T18:09:56.135+0000] {processor.py:179} INFO - Processing /home/airflow/.local/lib/python3.8/site-packages/airflow/example_dags/example_branch_labels.py took 0.055 seconds
[2023-09-29T18:10:27.068+0000] {processor.py:157} INFO - Started process (PID=395) to work on /home/airflow/.local/lib/python3.8/site-packages/airflow/example_dags/example_branch_labels.py
[2023-09-29T18:10:27.069+0000] {processor.py:829} INFO - Processing file /home/airflow/.local/lib/python3.8/site-packages/airflow/example_dags/example_branch_labels.py for tasks to queue
[2023-09-29T18:10:27.077+0000] {logging_mixin.py:151} INFO - [2023-09-29T18:10:27.076+0000] {dagbag.py:539} INFO - Filling up the DagBag from /home/airflow/.local/lib/python3.8/site-packages/airflow/example_dags/example_branch_labels.py
[2023-09-29T18:10:27.092+0000] {processor.py:839} INFO - DAG(s) dict_keys(['example_branch_labels']) retrieved from /home/airflow/.local/lib/python3.8/site-packages/airflow/example_dags/example_branch_labels.py
[2023-09-29T18:10:27.120+0000] {logging_mixin.py:151} INFO - [2023-09-29T18:10:27.120+0000] {dag.py:2915} INFO - Sync 1 DAGs
[2023-09-29T18:10:27.139+0000] {logging_mixin.py:151} INFO - [2023-09-29T18:10:27.138+0000] {dag.py:3696} INFO - Setting next_dagrun for example_branch_labels to 2023-09-28T00:00:00+00:00, run_after=2023-09-29T00:00:00+00:00
[2023-09-29T18:10:27.150+0000] {processor.py:179} INFO - Processing /home/airflow/.local/lib/python3.8/site-packages/airflow/example_dags/example_branch_labels.py took 0.086 seconds
[2023-09-29T18:10:57.440+0000] {processor.py:157} INFO - Started process (PID=451) to work on /home/airflow/.local/lib/python3.8/site-packages/airflow/example_dags/example_branch_labels.py
[2023-09-29T18:10:57.442+0000] {processor.py:829} INFO - Processing file /home/airflow/.local/lib/python3.8/site-packages/airflow/example_dags/example_branch_labels.py for tasks to queue
[2023-09-29T18:10:57.444+0000] {logging_mixin.py:151} INFO - [2023-09-29T18:10:57.444+0000] {dagbag.py:539} INFO - Filling up the DagBag from /home/airflow/.local/lib/python3.8/site-packages/airflow/example_dags/example_branch_labels.py
[2023-09-29T18:10:57.452+0000] {processor.py:839} INFO - DAG(s) dict_keys(['example_branch_labels']) retrieved from /home/airflow/.local/lib/python3.8/site-packages/airflow/example_dags/example_branch_labels.py
[2023-09-29T18:10:57.486+0000] {logging_mixin.py:151} INFO - [2023-09-29T18:10:57.485+0000] {dag.py:2915} INFO - Sync 1 DAGs
[2023-09-29T18:10:57.506+0000] {logging_mixin.py:151} INFO - [2023-09-29T18:10:57.506+0000] {dag.py:3696} INFO - Setting next_dagrun for example_branch_labels to 2023-09-28T00:00:00+00:00, run_after=2023-09-29T00:00:00+00:00
[2023-09-29T18:10:57.520+0000] {processor.py:179} INFO - Processing /home/airflow/.local/lib/python3.8/site-packages/airflow/example_dags/example_branch_labels.py took 0.083 seconds
[2023-09-29T18:11:28.079+0000] {processor.py:157} INFO - Started process (PID=506) to work on /home/airflow/.local/lib/python3.8/site-packages/airflow/example_dags/example_branch_labels.py
[2023-09-29T18:11:28.080+0000] {processor.py:829} INFO - Processing file /home/airflow/.local/lib/python3.8/site-packages/airflow/example_dags/example_branch_labels.py for tasks to queue
[2023-09-29T18:11:28.082+0000] {logging_mixin.py:151} INFO - [2023-09-29T18:11:28.082+0000] {dagbag.py:539} INFO - Filling up the DagBag from /home/airflow/.local/lib/python3.8/site-packages/airflow/example_dags/example_branch_labels.py
[2023-09-29T18:11:28.089+0000] {processor.py:839} INFO - DAG(s) dict_keys(['example_branch_labels']) retrieved from /home/airflow/.local/lib/python3.8/site-packages/airflow/example_dags/example_branch_labels.py
[2023-09-29T18:11:28.109+0000] {logging_mixin.py:151} INFO - [2023-09-29T18:11:28.109+0000] {dag.py:2915} INFO - Sync 1 DAGs
[2023-09-29T18:11:28.138+0000] {logging_mixin.py:151} INFO - [2023-09-29T18:11:28.138+0000] {dag.py:3696} INFO - Setting next_dagrun for example_branch_labels to 2023-09-28T00:00:00+00:00, run_after=2023-09-29T00:00:00+00:00
[2023-09-29T18:11:28.154+0000] {processor.py:179} INFO - Processing /home/airflow/.local/lib/python3.8/site-packages/airflow/example_dags/example_branch_labels.py took 0.079 seconds
[2023-09-29T18:11:59.169+0000] {processor.py:157} INFO - Started process (PID=568) to work on /home/airflow/.local/lib/python3.8/site-packages/airflow/example_dags/example_branch_labels.py
[2023-09-29T18:11:59.171+0000] {processor.py:829} INFO - Processing file /home/airflow/.local/lib/python3.8/site-packages/airflow/example_dags/example_branch_labels.py for tasks to queue
[2023-09-29T18:11:59.173+0000] {logging_mixin.py:151} INFO - [2023-09-29T18:11:59.173+0000] {dagbag.py:539} INFO - Filling up the DagBag from /home/airflow/.local/lib/python3.8/site-packages/airflow/example_dags/example_branch_labels.py
[2023-09-29T18:11:59.179+0000] {processor.py:839} INFO - DAG(s) dict_keys(['example_branch_labels']) retrieved from /home/airflow/.local/lib/python3.8/site-packages/airflow/example_dags/example_branch_labels.py
[2023-09-29T18:11:59.196+0000] {logging_mixin.py:151} INFO - [2023-09-29T18:11:59.196+0000] {dag.py:2915} INFO - Sync 1 DAGs
[2023-09-29T18:11:59.213+0000] {logging_mixin.py:151} INFO - [2023-09-29T18:11:59.213+0000] {dag.py:3696} INFO - Setting next_dagrun for example_branch_labels to 2023-09-28T00:00:00+00:00, run_after=2023-09-29T00:00:00+00:00
[2023-09-29T18:11:59.224+0000] {processor.py:179} INFO - Processing /home/airflow/.local/lib/python3.8/site-packages/airflow/example_dags/example_branch_labels.py took 0.058 seconds
[2023-09-29T18:12:30.061+0000] {processor.py:157} INFO - Started process (PID=624) to work on /home/airflow/.local/lib/python3.8/site-packages/airflow/example_dags/example_branch_labels.py
[2023-09-29T18:12:30.062+0000] {processor.py:829} INFO - Processing file /home/airflow/.local/lib/python3.8/site-packages/airflow/example_dags/example_branch_labels.py for tasks to queue
[2023-09-29T18:12:30.065+0000] {logging_mixin.py:151} INFO - [2023-09-29T18:12:30.064+0000] {dagbag.py:539} INFO - Filling up the DagBag from /home/airflow/.local/lib/python3.8/site-packages/airflow/example_dags/example_branch_labels.py
[2023-09-29T18:12:30.071+0000] {processor.py:839} INFO - DAG(s) dict_keys(['example_branch_labels']) retrieved from /home/airflow/.local/lib/python3.8/site-packages/airflow/example_dags/example_branch_labels.py
[2023-09-29T18:12:30.096+0000] {logging_mixin.py:151} INFO - [2023-09-29T18:12:30.096+0000] {dag.py:2915} INFO - Sync 1 DAGs
[2023-09-29T18:12:30.113+0000] {logging_mixin.py:151} INFO - [2023-09-29T18:12:30.113+0000] {dag.py:3696} INFO - Setting next_dagrun for example_branch_labels to 2023-09-28T00:00:00+00:00, run_after=2023-09-29T00:00:00+00:00
[2023-09-29T18:12:30.125+0000] {processor.py:179} INFO - Processing /home/airflow/.local/lib/python3.8/site-packages/airflow/example_dags/example_branch_labels.py took 0.068 seconds
[2023-09-29T18:13:01.119+0000] {processor.py:157} INFO - Started process (PID=679) to work on /home/airflow/.local/lib/python3.8/site-packages/airflow/example_dags/example_branch_labels.py
[2023-09-29T18:13:01.121+0000] {processor.py:829} INFO - Processing file /home/airflow/.local/lib/python3.8/site-packages/airflow/example_dags/example_branch_labels.py for tasks to queue
[2023-09-29T18:13:01.123+0000] {logging_mixin.py:151} INFO - [2023-09-29T18:13:01.123+0000] {dagbag.py:539} INFO - Filling up the DagBag from /home/airflow/.local/lib/python3.8/site-packages/airflow/example_dags/example_branch_labels.py
[2023-09-29T18:13:01.131+0000] {processor.py:839} INFO - DAG(s) dict_keys(['example_branch_labels']) retrieved from /home/airflow/.local/lib/python3.8/site-packages/airflow/example_dags/example_branch_labels.py
[2023-09-29T18:13:01.152+0000] {logging_mixin.py:151} INFO - [2023-09-29T18:13:01.151+0000] {dag.py:2915} INFO - Sync 1 DAGs
[2023-09-29T18:13:01.170+0000] {logging_mixin.py:151} INFO - [2023-09-29T18:13:01.170+0000] {dag.py:3696} INFO - Setting next_dagrun for example_branch_labels to 2023-09-28T00:00:00+00:00, run_after=2023-09-29T00:00:00+00:00
[2023-09-29T18:13:01.183+0000] {processor.py:179} INFO - Processing /home/airflow/.local/lib/python3.8/site-packages/airflow/example_dags/example_branch_labels.py took 0.067 seconds
[2023-09-29T18:13:31.627+0000] {processor.py:157} INFO - Started process (PID=734) to work on /home/airflow/.local/lib/python3.8/site-packages/airflow/example_dags/example_branch_labels.py
[2023-09-29T18:13:31.629+0000] {processor.py:829} INFO - Processing file /home/airflow/.local/lib/python3.8/site-packages/airflow/example_dags/example_branch_labels.py for tasks to queue
[2023-09-29T18:13:31.633+0000] {logging_mixin.py:151} INFO - [2023-09-29T18:13:31.632+0000] {dagbag.py:539} INFO - Filling up the DagBag from /home/airflow/.local/lib/python3.8/site-packages/airflow/example_dags/example_branch_labels.py
[2023-09-29T18:13:31.641+0000] {processor.py:839} INFO - DAG(s) dict_keys(['example_branch_labels']) retrieved from /home/airflow/.local/lib/python3.8/site-packages/airflow/example_dags/example_branch_labels.py
[2023-09-29T18:13:31.662+0000] {logging_mixin.py:151} INFO - [2023-09-29T18:13:31.662+0000] {dag.py:2915} INFO - Sync 1 DAGs
[2023-09-29T18:13:31.681+0000] {logging_mixin.py:151} INFO - [2023-09-29T18:13:31.681+0000] {dag.py:3696} INFO - Setting next_dagrun for example_branch_labels to 2023-09-28T00:00:00+00:00, run_after=2023-09-29T00:00:00+00:00
[2023-09-29T18:13:31.695+0000] {processor.py:179} INFO - Processing /home/airflow/.local/lib/python3.8/site-packages/airflow/example_dags/example_branch_labels.py took 0.072 seconds
[2023-09-29T18:14:02.726+0000] {processor.py:157} INFO - Started process (PID=788) to work on /home/airflow/.local/lib/python3.8/site-packages/airflow/example_dags/example_branch_labels.py
[2023-09-29T18:14:02.728+0000] {processor.py:829} INFO - Processing file /home/airflow/.local/lib/python3.8/site-packages/airflow/example_dags/example_branch_labels.py for tasks to queue
[2023-09-29T18:14:02.732+0000] {logging_mixin.py:151} INFO - [2023-09-29T18:14:02.731+0000] {dagbag.py:539} INFO - Filling up the DagBag from /home/airflow/.local/lib/python3.8/site-packages/airflow/example_dags/example_branch_labels.py
[2023-09-29T18:14:02.740+0000] {processor.py:839} INFO - DAG(s) dict_keys(['example_branch_labels']) retrieved from /home/airflow/.local/lib/python3.8/site-packages/airflow/example_dags/example_branch_labels.py
[2023-09-29T18:14:02.767+0000] {logging_mixin.py:151} INFO - [2023-09-29T18:14:02.767+0000] {dag.py:2915} INFO - Sync 1 DAGs
[2023-09-29T18:14:02.790+0000] {logging_mixin.py:151} INFO - [2023-09-29T18:14:02.790+0000] {dag.py:3696} INFO - Setting next_dagrun for example_branch_labels to 2023-09-28T00:00:00+00:00, run_after=2023-09-29T00:00:00+00:00
[2023-09-29T18:14:02.806+0000] {processor.py:179} INFO - Processing /home/airflow/.local/lib/python3.8/site-packages/airflow/example_dags/example_branch_labels.py took 0.085 seconds
[2023-09-29T18:14:33.138+0000] {processor.py:157} INFO - Started process (PID=843) to work on /home/airflow/.local/lib/python3.8/site-packages/airflow/example_dags/example_branch_labels.py
[2023-09-29T18:14:33.140+0000] {processor.py:829} INFO - Processing file /home/airflow/.local/lib/python3.8/site-packages/airflow/example_dags/example_branch_labels.py for tasks to queue
[2023-09-29T18:14:33.142+0000] {logging_mixin.py:151} INFO - [2023-09-29T18:14:33.142+0000] {dagbag.py:539} INFO - Filling up the DagBag from /home/airflow/.local/lib/python3.8/site-packages/airflow/example_dags/example_branch_labels.py
[2023-09-29T18:14:33.150+0000] {processor.py:839} INFO - DAG(s) dict_keys(['example_branch_labels']) retrieved from /home/airflow/.local/lib/python3.8/site-packages/airflow/example_dags/example_branch_labels.py
[2023-09-29T18:14:33.170+0000] {logging_mixin.py:151} INFO - [2023-09-29T18:14:33.170+0000] {dag.py:2915} INFO - Sync 1 DAGs
[2023-09-29T18:14:33.190+0000] {logging_mixin.py:151} INFO - [2023-09-29T18:14:33.190+0000] {dag.py:3696} INFO - Setting next_dagrun for example_branch_labels to 2023-09-28T00:00:00+00:00, run_after=2023-09-29T00:00:00+00:00
[2023-09-29T18:14:33.202+0000] {processor.py:179} INFO - Processing /home/airflow/.local/lib/python3.8/site-packages/airflow/example_dags/example_branch_labels.py took 0.068 seconds
[2023-09-29T18:15:04.241+0000] {processor.py:157} INFO - Started process (PID=898) to work on /home/airflow/.local/lib/python3.8/site-packages/airflow/example_dags/example_branch_labels.py
[2023-09-29T18:15:04.242+0000] {processor.py:829} INFO - Processing file /home/airflow/.local/lib/python3.8/site-packages/airflow/example_dags/example_branch_labels.py for tasks to queue
[2023-09-29T18:15:04.246+0000] {logging_mixin.py:151} INFO - [2023-09-29T18:15:04.245+0000] {dagbag.py:539} INFO - Filling up the DagBag from /home/airflow/.local/lib/python3.8/site-packages/airflow/example_dags/example_branch_labels.py
[2023-09-29T18:15:04.255+0000] {processor.py:839} INFO - DAG(s) dict_keys(['example_branch_labels']) retrieved from /home/airflow/.local/lib/python3.8/site-packages/airflow/example_dags/example_branch_labels.py
[2023-09-29T18:15:04.289+0000] {logging_mixin.py:151} INFO - [2023-09-29T18:15:04.289+0000] {dag.py:2915} INFO - Sync 1 DAGs
[2023-09-29T18:15:04.320+0000] {logging_mixin.py:151} INFO - [2023-09-29T18:15:04.320+0000] {dag.py:3696} INFO - Setting next_dagrun for example_branch_labels to 2023-09-28T00:00:00+00:00, run_after=2023-09-29T00:00:00+00:00
[2023-09-29T18:15:04.338+0000] {processor.py:179} INFO - Processing /home/airflow/.local/lib/python3.8/site-packages/airflow/example_dags/example_branch_labels.py took 0.105 seconds
[2023-09-29T18:15:34.777+0000] {processor.py:157} INFO - Started process (PID=953) to work on /home/airflow/.local/lib/python3.8/site-packages/airflow/example_dags/example_branch_labels.py
[2023-09-29T18:15:34.778+0000] {processor.py:829} INFO - Processing file /home/airflow/.local/lib/python3.8/site-packages/airflow/example_dags/example_branch_labels.py for tasks to queue
[2023-09-29T18:15:34.781+0000] {logging_mixin.py:151} INFO - [2023-09-29T18:15:34.781+0000] {dagbag.py:539} INFO - Filling up the DagBag from /home/airflow/.local/lib/python3.8/site-packages/airflow/example_dags/example_branch_labels.py
[2023-09-29T18:15:34.803+0000] {processor.py:839} INFO - DAG(s) dict_keys(['example_branch_labels']) retrieved from /home/airflow/.local/lib/python3.8/site-packages/airflow/example_dags/example_branch_labels.py
[2023-09-29T18:15:34.830+0000] {logging_mixin.py:151} INFO - [2023-09-29T18:15:34.829+0000] {dag.py:2915} INFO - Sync 1 DAGs
[2023-09-29T18:15:34.874+0000] {logging_mixin.py:151} INFO - [2023-09-29T18:15:34.874+0000] {dag.py:3696} INFO - Setting next_dagrun for example_branch_labels to 2023-09-28T00:00:00+00:00, run_after=2023-09-29T00:00:00+00:00
[2023-09-29T18:15:34.890+0000] {processor.py:179} INFO - Processing /home/airflow/.local/lib/python3.8/site-packages/airflow/example_dags/example_branch_labels.py took 0.118 seconds
[2023-09-29T18:16:05.561+0000] {processor.py:157} INFO - Started process (PID=1008) to work on /home/airflow/.local/lib/python3.8/site-packages/airflow/example_dags/example_branch_labels.py
[2023-09-29T18:16:05.562+0000] {processor.py:829} INFO - Processing file /home/airflow/.local/lib/python3.8/site-packages/airflow/example_dags/example_branch_labels.py for tasks to queue
[2023-09-29T18:16:05.565+0000] {logging_mixin.py:151} INFO - [2023-09-29T18:16:05.565+0000] {dagbag.py:539} INFO - Filling up the DagBag from /home/airflow/.local/lib/python3.8/site-packages/airflow/example_dags/example_branch_labels.py
[2023-09-29T18:16:05.574+0000] {processor.py:839} INFO - DAG(s) dict_keys(['example_branch_labels']) retrieved from /home/airflow/.local/lib/python3.8/site-packages/airflow/example_dags/example_branch_labels.py
[2023-09-29T18:16:05.609+0000] {logging_mixin.py:151} INFO - [2023-09-29T18:16:05.609+0000] {dag.py:2915} INFO - Sync 1 DAGs
[2023-09-29T18:16:05.629+0000] {logging_mixin.py:151} INFO - [2023-09-29T18:16:05.629+0000] {dag.py:3696} INFO - Setting next_dagrun for example_branch_labels to 2023-09-28T00:00:00+00:00, run_after=2023-09-29T00:00:00+00:00
[2023-09-29T18:16:05.642+0000] {processor.py:179} INFO - Processing /home/airflow/.local/lib/python3.8/site-packages/airflow/example_dags/example_branch_labels.py took 0.085 seconds
[2023-09-29T18:16:36.159+0000] {processor.py:157} INFO - Started process (PID=1063) to work on /home/airflow/.local/lib/python3.8/site-packages/airflow/example_dags/example_branch_labels.py
[2023-09-29T18:16:36.160+0000] {processor.py:829} INFO - Processing file /home/airflow/.local/lib/python3.8/site-packages/airflow/example_dags/example_branch_labels.py for tasks to queue
[2023-09-29T18:16:36.162+0000] {logging_mixin.py:151} INFO - [2023-09-29T18:16:36.162+0000] {dagbag.py:539} INFO - Filling up the DagBag from /home/airflow/.local/lib/python3.8/site-packages/airflow/example_dags/example_branch_labels.py
[2023-09-29T18:16:36.169+0000] {processor.py:839} INFO - DAG(s) dict_keys(['example_branch_labels']) retrieved from /home/airflow/.local/lib/python3.8/site-packages/airflow/example_dags/example_branch_labels.py
[2023-09-29T18:16:36.185+0000] {logging_mixin.py:151} INFO - [2023-09-29T18:16:36.185+0000] {dag.py:2915} INFO - Sync 1 DAGs
[2023-09-29T18:16:36.207+0000] {logging_mixin.py:151} INFO - [2023-09-29T18:16:36.206+0000] {dag.py:3696} INFO - Setting next_dagrun for example_branch_labels to 2023-09-28T00:00:00+00:00, run_after=2023-09-29T00:00:00+00:00
[2023-09-29T18:16:36.224+0000] {processor.py:179} INFO - Processing /home/airflow/.local/lib/python3.8/site-packages/airflow/example_dags/example_branch_labels.py took 0.068 seconds
[2023-09-29T18:17:07.192+0000] {processor.py:157} INFO - Started process (PID=1119) to work on /home/airflow/.local/lib/python3.8/site-packages/airflow/example_dags/example_branch_labels.py
[2023-09-29T18:17:07.194+0000] {processor.py:829} INFO - Processing file /home/airflow/.local/lib/python3.8/site-packages/airflow/example_dags/example_branch_labels.py for tasks to queue
[2023-09-29T18:17:07.198+0000] {logging_mixin.py:151} INFO - [2023-09-29T18:17:07.198+0000] {dagbag.py:539} INFO - Filling up the DagBag from /home/airflow/.local/lib/python3.8/site-packages/airflow/example_dags/example_branch_labels.py
[2023-09-29T18:17:07.211+0000] {processor.py:839} INFO - DAG(s) dict_keys(['example_branch_labels']) retrieved from /home/airflow/.local/lib/python3.8/site-packages/airflow/example_dags/example_branch_labels.py
[2023-09-29T18:17:07.231+0000] {logging_mixin.py:151} INFO - [2023-09-29T18:17:07.231+0000] {dag.py:2915} INFO - Sync 1 DAGs
[2023-09-29T18:17:07.249+0000] {logging_mixin.py:151} INFO - [2023-09-29T18:17:07.249+0000] {dag.py:3696} INFO - Setting next_dagrun for example_branch_labels to 2023-09-28T00:00:00+00:00, run_after=2023-09-29T00:00:00+00:00
[2023-09-29T18:17:07.263+0000] {processor.py:179} INFO - Processing /home/airflow/.local/lib/python3.8/site-packages/airflow/example_dags/example_branch_labels.py took 0.075 seconds
[2023-09-29T18:17:38.207+0000] {processor.py:157} INFO - Started process (PID=1174) to work on /home/airflow/.local/lib/python3.8/site-packages/airflow/example_dags/example_branch_labels.py
[2023-09-29T18:17:38.209+0000] {processor.py:829} INFO - Processing file /home/airflow/.local/lib/python3.8/site-packages/airflow/example_dags/example_branch_labels.py for tasks to queue
[2023-09-29T18:17:38.211+0000] {logging_mixin.py:151} INFO - [2023-09-29T18:17:38.211+0000] {dagbag.py:539} INFO - Filling up the DagBag from /home/airflow/.local/lib/python3.8/site-packages/airflow/example_dags/example_branch_labels.py
[2023-09-29T18:17:38.217+0000] {processor.py:839} INFO - DAG(s) dict_keys(['example_branch_labels']) retrieved from /home/airflow/.local/lib/python3.8/site-packages/airflow/example_dags/example_branch_labels.py
[2023-09-29T18:17:38.235+0000] {logging_mixin.py:151} INFO - [2023-09-29T18:17:38.235+0000] {dag.py:2915} INFO - Sync 1 DAGs
[2023-09-29T18:17:38.253+0000] {logging_mixin.py:151} INFO - [2023-09-29T18:17:38.252+0000] {dag.py:3696} INFO - Setting next_dagrun for example_branch_labels to 2023-09-28T00:00:00+00:00, run_after=2023-09-29T00:00:00+00:00
[2023-09-29T18:17:38.263+0000] {processor.py:179} INFO - Processing /home/airflow/.local/lib/python3.8/site-packages/airflow/example_dags/example_branch_labels.py took 0.059 seconds
[2023-09-29T18:18:08.797+0000] {processor.py:157} INFO - Started process (PID=1229) to work on /home/airflow/.local/lib/python3.8/site-packages/airflow/example_dags/example_branch_labels.py
[2023-09-29T18:18:08.798+0000] {processor.py:829} INFO - Processing file /home/airflow/.local/lib/python3.8/site-packages/airflow/example_dags/example_branch_labels.py for tasks to queue
[2023-09-29T18:18:08.801+0000] {logging_mixin.py:151} INFO - [2023-09-29T18:18:08.800+0000] {dagbag.py:539} INFO - Filling up the DagBag from /home/airflow/.local/lib/python3.8/site-packages/airflow/example_dags/example_branch_labels.py
[2023-09-29T18:18:08.807+0000] {processor.py:839} INFO - DAG(s) dict_keys(['example_branch_labels']) retrieved from /home/airflow/.local/lib/python3.8/site-packages/airflow/example_dags/example_branch_labels.py
[2023-09-29T18:18:08.824+0000] {logging_mixin.py:151} INFO - [2023-09-29T18:18:08.824+0000] {dag.py:2915} INFO - Sync 1 DAGs
[2023-09-29T18:18:08.841+0000] {logging_mixin.py:151} INFO - [2023-09-29T18:18:08.840+0000] {dag.py:3696} INFO - Setting next_dagrun for example_branch_labels to 2023-09-28T00:00:00+00:00, run_after=2023-09-29T00:00:00+00:00
[2023-09-29T18:18:08.852+0000] {processor.py:179} INFO - Processing /home/airflow/.local/lib/python3.8/site-packages/airflow/example_dags/example_branch_labels.py took 0.058 seconds
[2023-09-29T18:18:39.284+0000] {processor.py:157} INFO - Started process (PID=1284) to work on /home/airflow/.local/lib/python3.8/site-packages/airflow/example_dags/example_branch_labels.py
[2023-09-29T18:18:39.285+0000] {processor.py:829} INFO - Processing file /home/airflow/.local/lib/python3.8/site-packages/airflow/example_dags/example_branch_labels.py for tasks to queue
[2023-09-29T18:18:39.288+0000] {logging_mixin.py:151} INFO - [2023-09-29T18:18:39.288+0000] {dagbag.py:539} INFO - Filling up the DagBag from /home/airflow/.local/lib/python3.8/site-packages/airflow/example_dags/example_branch_labels.py
[2023-09-29T18:18:39.296+0000] {processor.py:839} INFO - DAG(s) dict_keys(['example_branch_labels']) retrieved from /home/airflow/.local/lib/python3.8/site-packages/airflow/example_dags/example_branch_labels.py
[2023-09-29T18:18:39.321+0000] {logging_mixin.py:151} INFO - [2023-09-29T18:18:39.321+0000] {dag.py:2915} INFO - Sync 1 DAGs
[2023-09-29T18:18:39.341+0000] {logging_mixin.py:151} INFO - [2023-09-29T18:18:39.341+0000] {dag.py:3696} INFO - Setting next_dagrun for example_branch_labels to 2023-09-28T00:00:00+00:00, run_after=2023-09-29T00:00:00+00:00
[2023-09-29T18:18:39.353+0000] {processor.py:179} INFO - Processing /home/airflow/.local/lib/python3.8/site-packages/airflow/example_dags/example_branch_labels.py took 0.072 seconds
[2023-09-29T18:19:10.204+0000] {processor.py:157} INFO - Started process (PID=1339) to work on /home/airflow/.local/lib/python3.8/site-packages/airflow/example_dags/example_branch_labels.py
[2023-09-29T18:19:10.205+0000] {processor.py:829} INFO - Processing file /home/airflow/.local/lib/python3.8/site-packages/airflow/example_dags/example_branch_labels.py for tasks to queue
[2023-09-29T18:19:10.208+0000] {logging_mixin.py:151} INFO - [2023-09-29T18:19:10.207+0000] {dagbag.py:539} INFO - Filling up the DagBag from /home/airflow/.local/lib/python3.8/site-packages/airflow/example_dags/example_branch_labels.py
[2023-09-29T18:19:10.215+0000] {processor.py:839} INFO - DAG(s) dict_keys(['example_branch_labels']) retrieved from /home/airflow/.local/lib/python3.8/site-packages/airflow/example_dags/example_branch_labels.py
[2023-09-29T18:19:10.233+0000] {logging_mixin.py:151} INFO - [2023-09-29T18:19:10.233+0000] {dag.py:2915} INFO - Sync 1 DAGs
[2023-09-29T18:19:10.253+0000] {logging_mixin.py:151} INFO - [2023-09-29T18:19:10.253+0000] {dag.py:3696} INFO - Setting next_dagrun for example_branch_labels to 2023-09-28T00:00:00+00:00, run_after=2023-09-29T00:00:00+00:00
[2023-09-29T18:19:10.268+0000] {processor.py:179} INFO - Processing /home/airflow/.local/lib/python3.8/site-packages/airflow/example_dags/example_branch_labels.py took 0.067 seconds
[2023-09-29T18:19:40.518+0000] {processor.py:157} INFO - Started process (PID=1393) to work on /home/airflow/.local/lib/python3.8/site-packages/airflow/example_dags/example_branch_labels.py
[2023-09-29T18:19:40.521+0000] {processor.py:829} INFO - Processing file /home/airflow/.local/lib/python3.8/site-packages/airflow/example_dags/example_branch_labels.py for tasks to queue
[2023-09-29T18:19:40.530+0000] {logging_mixin.py:151} INFO - [2023-09-29T18:19:40.529+0000] {dagbag.py:539} INFO - Filling up the DagBag from /home/airflow/.local/lib/python3.8/site-packages/airflow/example_dags/example_branch_labels.py
[2023-09-29T18:19:40.553+0000] {processor.py:839} INFO - DAG(s) dict_keys(['example_branch_labels']) retrieved from /home/airflow/.local/lib/python3.8/site-packages/airflow/example_dags/example_branch_labels.py
[2023-09-29T18:19:40.605+0000] {logging_mixin.py:151} INFO - [2023-09-29T18:19:40.605+0000] {dag.py:2915} INFO - Sync 1 DAGs
[2023-09-29T18:19:40.644+0000] {logging_mixin.py:151} INFO - [2023-09-29T18:19:40.644+0000] {dag.py:3696} INFO - Setting next_dagrun for example_branch_labels to 2023-09-28T00:00:00+00:00, run_after=2023-09-29T00:00:00+00:00
[2023-09-29T18:19:40.659+0000] {processor.py:179} INFO - Processing /home/airflow/.local/lib/python3.8/site-packages/airflow/example_dags/example_branch_labels.py took 0.147 seconds
[2023-09-29T18:20:11.062+0000] {processor.py:157} INFO - Started process (PID=1448) to work on /home/airflow/.local/lib/python3.8/site-packages/airflow/example_dags/example_branch_labels.py
[2023-09-29T18:20:11.064+0000] {processor.py:829} INFO - Processing file /home/airflow/.local/lib/python3.8/site-packages/airflow/example_dags/example_branch_labels.py for tasks to queue
[2023-09-29T18:20:11.066+0000] {logging_mixin.py:151} INFO - [2023-09-29T18:20:11.066+0000] {dagbag.py:539} INFO - Filling up the DagBag from /home/airflow/.local/lib/python3.8/site-packages/airflow/example_dags/example_branch_labels.py
[2023-09-29T18:20:11.076+0000] {processor.py:839} INFO - DAG(s) dict_keys(['example_branch_labels']) retrieved from /home/airflow/.local/lib/python3.8/site-packages/airflow/example_dags/example_branch_labels.py
[2023-09-29T18:20:11.099+0000] {logging_mixin.py:151} INFO - [2023-09-29T18:20:11.099+0000] {dag.py:2915} INFO - Sync 1 DAGs
[2023-09-29T18:20:11.119+0000] {logging_mixin.py:151} INFO - [2023-09-29T18:20:11.119+0000] {dag.py:3696} INFO - Setting next_dagrun for example_branch_labels to 2023-09-28T00:00:00+00:00, run_after=2023-09-29T00:00:00+00:00
[2023-09-29T18:20:11.132+0000] {processor.py:179} INFO - Processing /home/airflow/.local/lib/python3.8/site-packages/airflow/example_dags/example_branch_labels.py took 0.074 seconds
[2023-09-29T18:20:41.567+0000] {processor.py:157} INFO - Started process (PID=1504) to work on /home/airflow/.local/lib/python3.8/site-packages/airflow/example_dags/example_branch_labels.py
[2023-09-29T18:20:41.569+0000] {processor.py:829} INFO - Processing file /home/airflow/.local/lib/python3.8/site-packages/airflow/example_dags/example_branch_labels.py for tasks to queue
[2023-09-29T18:20:41.573+0000] {logging_mixin.py:151} INFO - [2023-09-29T18:20:41.573+0000] {dagbag.py:539} INFO - Filling up the DagBag from /home/airflow/.local/lib/python3.8/site-packages/airflow/example_dags/example_branch_labels.py
[2023-09-29T18:20:41.582+0000] {processor.py:839} INFO - DAG(s) dict_keys(['example_branch_labels']) retrieved from /home/airflow/.local/lib/python3.8/site-packages/airflow/example_dags/example_branch_labels.py
[2023-09-29T18:20:41.606+0000] {logging_mixin.py:151} INFO - [2023-09-29T18:20:41.606+0000] {dag.py:2915} INFO - Sync 1 DAGs
[2023-09-29T18:20:41.627+0000] {logging_mixin.py:151} INFO - [2023-09-29T18:20:41.626+0000] {dag.py:3696} INFO - Setting next_dagrun for example_branch_labels to 2023-09-28T00:00:00+00:00, run_after=2023-09-29T00:00:00+00:00
[2023-09-29T18:20:41.639+0000] {processor.py:179} INFO - Processing /home/airflow/.local/lib/python3.8/site-packages/airflow/example_dags/example_branch_labels.py took 0.078 seconds
[2023-09-29T18:21:11.961+0000] {processor.py:157} INFO - Started process (PID=1559) to work on /home/airflow/.local/lib/python3.8/site-packages/airflow/example_dags/example_branch_labels.py
[2023-09-29T18:21:11.962+0000] {processor.py:829} INFO - Processing file /home/airflow/.local/lib/python3.8/site-packages/airflow/example_dags/example_branch_labels.py for tasks to queue
[2023-09-29T18:21:11.965+0000] {logging_mixin.py:151} INFO - [2023-09-29T18:21:11.965+0000] {dagbag.py:539} INFO - Filling up the DagBag from /home/airflow/.local/lib/python3.8/site-packages/airflow/example_dags/example_branch_labels.py
[2023-09-29T18:21:11.980+0000] {processor.py:839} INFO - DAG(s) dict_keys(['example_branch_labels']) retrieved from /home/airflow/.local/lib/python3.8/site-packages/airflow/example_dags/example_branch_labels.py
[2023-09-29T18:21:12.003+0000] {logging_mixin.py:151} INFO - [2023-09-29T18:21:12.003+0000] {dag.py:2915} INFO - Sync 1 DAGs
[2023-09-29T18:21:12.032+0000] {logging_mixin.py:151} INFO - [2023-09-29T18:21:12.032+0000] {dag.py:3696} INFO - Setting next_dagrun for example_branch_labels to 2023-09-28T00:00:00+00:00, run_after=2023-09-29T00:00:00+00:00
[2023-09-29T18:21:12.047+0000] {processor.py:179} INFO - Processing /home/airflow/.local/lib/python3.8/site-packages/airflow/example_dags/example_branch_labels.py took 0.091 seconds
[2023-09-29T18:21:42.340+0000] {processor.py:157} INFO - Started process (PID=1615) to work on /home/airflow/.local/lib/python3.8/site-packages/airflow/example_dags/example_branch_labels.py
[2023-09-29T18:21:42.342+0000] {processor.py:829} INFO - Processing file /home/airflow/.local/lib/python3.8/site-packages/airflow/example_dags/example_branch_labels.py for tasks to queue
[2023-09-29T18:21:42.344+0000] {logging_mixin.py:151} INFO - [2023-09-29T18:21:42.344+0000] {dagbag.py:539} INFO - Filling up the DagBag from /home/airflow/.local/lib/python3.8/site-packages/airflow/example_dags/example_branch_labels.py
[2023-09-29T18:21:42.353+0000] {processor.py:839} INFO - DAG(s) dict_keys(['example_branch_labels']) retrieved from /home/airflow/.local/lib/python3.8/site-packages/airflow/example_dags/example_branch_labels.py
[2023-09-29T18:21:42.372+0000] {logging_mixin.py:151} INFO - [2023-09-29T18:21:42.372+0000] {dag.py:2915} INFO - Sync 1 DAGs
[2023-09-29T18:21:42.391+0000] {logging_mixin.py:151} INFO - [2023-09-29T18:21:42.391+0000] {dag.py:3696} INFO - Setting next_dagrun for example_branch_labels to 2023-09-28T00:00:00+00:00, run_after=2023-09-29T00:00:00+00:00
[2023-09-29T18:21:42.404+0000] {processor.py:179} INFO - Processing /home/airflow/.local/lib/python3.8/site-packages/airflow/example_dags/example_branch_labels.py took 0.067 seconds
[2023-09-29T18:22:12.998+0000] {processor.py:157} INFO - Started process (PID=1670) to work on /home/airflow/.local/lib/python3.8/site-packages/airflow/example_dags/example_branch_labels.py
[2023-09-29T18:22:12.999+0000] {processor.py:829} INFO - Processing file /home/airflow/.local/lib/python3.8/site-packages/airflow/example_dags/example_branch_labels.py for tasks to queue
[2023-09-29T18:22:13.001+0000] {logging_mixin.py:151} INFO - [2023-09-29T18:22:13.001+0000] {dagbag.py:539} INFO - Filling up the DagBag from /home/airflow/.local/lib/python3.8/site-packages/airflow/example_dags/example_branch_labels.py
[2023-09-29T18:22:13.009+0000] {processor.py:839} INFO - DAG(s) dict_keys(['example_branch_labels']) retrieved from /home/airflow/.local/lib/python3.8/site-packages/airflow/example_dags/example_branch_labels.py
[2023-09-29T18:22:13.026+0000] {logging_mixin.py:151} INFO - [2023-09-29T18:22:13.026+0000] {dag.py:2915} INFO - Sync 1 DAGs
[2023-09-29T18:22:13.046+0000] {logging_mixin.py:151} INFO - [2023-09-29T18:22:13.046+0000] {dag.py:3696} INFO - Setting next_dagrun for example_branch_labels to 2023-09-28T00:00:00+00:00, run_after=2023-09-29T00:00:00+00:00
[2023-09-29T18:22:13.058+0000] {processor.py:179} INFO - Processing /home/airflow/.local/lib/python3.8/site-packages/airflow/example_dags/example_branch_labels.py took 0.064 seconds
[2023-09-29T18:22:43.173+0000] {processor.py:157} INFO - Started process (PID=1725) to work on /home/airflow/.local/lib/python3.8/site-packages/airflow/example_dags/example_branch_labels.py
[2023-09-29T18:22:43.175+0000] {processor.py:829} INFO - Processing file /home/airflow/.local/lib/python3.8/site-packages/airflow/example_dags/example_branch_labels.py for tasks to queue
[2023-09-29T18:22:43.177+0000] {logging_mixin.py:151} INFO - [2023-09-29T18:22:43.177+0000] {dagbag.py:539} INFO - Filling up the DagBag from /home/airflow/.local/lib/python3.8/site-packages/airflow/example_dags/example_branch_labels.py
[2023-09-29T18:22:43.185+0000] {processor.py:839} INFO - DAG(s) dict_keys(['example_branch_labels']) retrieved from /home/airflow/.local/lib/python3.8/site-packages/airflow/example_dags/example_branch_labels.py
[2023-09-29T18:22:43.201+0000] {logging_mixin.py:151} INFO - [2023-09-29T18:22:43.200+0000] {dag.py:2915} INFO - Sync 1 DAGs
[2023-09-29T18:22:43.216+0000] {logging_mixin.py:151} INFO - [2023-09-29T18:22:43.216+0000] {dag.py:3696} INFO - Setting next_dagrun for example_branch_labels to 2023-09-28T00:00:00+00:00, run_after=2023-09-29T00:00:00+00:00
[2023-09-29T18:22:43.227+0000] {processor.py:179} INFO - Processing /home/airflow/.local/lib/python3.8/site-packages/airflow/example_dags/example_branch_labels.py took 0.058 seconds
[2023-09-29T18:23:13.311+0000] {processor.py:157} INFO - Started process (PID=1781) to work on /home/airflow/.local/lib/python3.8/site-packages/airflow/example_dags/example_branch_labels.py
[2023-09-29T18:23:13.313+0000] {processor.py:829} INFO - Processing file /home/airflow/.local/lib/python3.8/site-packages/airflow/example_dags/example_branch_labels.py for tasks to queue
[2023-09-29T18:23:13.316+0000] {logging_mixin.py:151} INFO - [2023-09-29T18:23:13.316+0000] {dagbag.py:539} INFO - Filling up the DagBag from /home/airflow/.local/lib/python3.8/site-packages/airflow/example_dags/example_branch_labels.py
[2023-09-29T18:23:13.330+0000] {processor.py:839} INFO - DAG(s) dict_keys(['example_branch_labels']) retrieved from /home/airflow/.local/lib/python3.8/site-packages/airflow/example_dags/example_branch_labels.py
[2023-09-29T18:23:13.378+0000] {logging_mixin.py:151} INFO - [2023-09-29T18:23:13.378+0000] {dag.py:2915} INFO - Sync 1 DAGs
[2023-09-29T18:23:13.415+0000] {logging_mixin.py:151} INFO - [2023-09-29T18:23:13.415+0000] {dag.py:3696} INFO - Setting next_dagrun for example_branch_labels to 2023-09-28T00:00:00+00:00, run_after=2023-09-29T00:00:00+00:00
[2023-09-29T18:23:13.436+0000] {processor.py:179} INFO - Processing /home/airflow/.local/lib/python3.8/site-packages/airflow/example_dags/example_branch_labels.py took 0.131 seconds
[2023-09-29T18:23:43.784+0000] {processor.py:157} INFO - Started process (PID=1836) to work on /home/airflow/.local/lib/python3.8/site-packages/airflow/example_dags/example_branch_labels.py
[2023-09-29T18:23:43.785+0000] {processor.py:829} INFO - Processing file /home/airflow/.local/lib/python3.8/site-packages/airflow/example_dags/example_branch_labels.py for tasks to queue
[2023-09-29T18:23:43.787+0000] {logging_mixin.py:151} INFO - [2023-09-29T18:23:43.787+0000] {dagbag.py:539} INFO - Filling up the DagBag from /home/airflow/.local/lib/python3.8/site-packages/airflow/example_dags/example_branch_labels.py
[2023-09-29T18:23:43.796+0000] {processor.py:839} INFO - DAG(s) dict_keys(['example_branch_labels']) retrieved from /home/airflow/.local/lib/python3.8/site-packages/airflow/example_dags/example_branch_labels.py
[2023-09-29T18:23:43.814+0000] {logging_mixin.py:151} INFO - [2023-09-29T18:23:43.814+0000] {dag.py:2915} INFO - Sync 1 DAGs
[2023-09-29T18:23:43.832+0000] {logging_mixin.py:151} INFO - [2023-09-29T18:23:43.832+0000] {dag.py:3696} INFO - Setting next_dagrun for example_branch_labels to 2023-09-28T00:00:00+00:00, run_after=2023-09-29T00:00:00+00:00
[2023-09-29T18:23:43.844+0000] {processor.py:179} INFO - Processing /home/airflow/.local/lib/python3.8/site-packages/airflow/example_dags/example_branch_labels.py took 0.064 seconds
[2023-09-29T18:24:13.937+0000] {processor.py:157} INFO - Started process (PID=1891) to work on /home/airflow/.local/lib/python3.8/site-packages/airflow/example_dags/example_branch_labels.py
[2023-09-29T18:24:13.938+0000] {processor.py:829} INFO - Processing file /home/airflow/.local/lib/python3.8/site-packages/airflow/example_dags/example_branch_labels.py for tasks to queue
[2023-09-29T18:24:13.940+0000] {logging_mixin.py:151} INFO - [2023-09-29T18:24:13.940+0000] {dagbag.py:539} INFO - Filling up the DagBag from /home/airflow/.local/lib/python3.8/site-packages/airflow/example_dags/example_branch_labels.py
[2023-09-29T18:24:13.947+0000] {processor.py:839} INFO - DAG(s) dict_keys(['example_branch_labels']) retrieved from /home/airflow/.local/lib/python3.8/site-packages/airflow/example_dags/example_branch_labels.py
[2023-09-29T18:24:13.964+0000] {logging_mixin.py:151} INFO - [2023-09-29T18:24:13.963+0000] {dag.py:2915} INFO - Sync 1 DAGs
[2023-09-29T18:24:13.984+0000] {logging_mixin.py:151} INFO - [2023-09-29T18:24:13.984+0000] {dag.py:3696} INFO - Setting next_dagrun for example_branch_labels to 2023-09-28T00:00:00+00:00, run_after=2023-09-29T00:00:00+00:00
[2023-09-29T18:24:13.997+0000] {processor.py:179} INFO - Processing /home/airflow/.local/lib/python3.8/site-packages/airflow/example_dags/example_branch_labels.py took 0.063 seconds
[2023-09-29T18:24:44.295+0000] {processor.py:157} INFO - Started process (PID=1946) to work on /home/airflow/.local/lib/python3.8/site-packages/airflow/example_dags/example_branch_labels.py
[2023-09-29T18:24:44.296+0000] {processor.py:829} INFO - Processing file /home/airflow/.local/lib/python3.8/site-packages/airflow/example_dags/example_branch_labels.py for tasks to queue
[2023-09-29T18:24:44.298+0000] {logging_mixin.py:151} INFO - [2023-09-29T18:24:44.298+0000] {dagbag.py:539} INFO - Filling up the DagBag from /home/airflow/.local/lib/python3.8/site-packages/airflow/example_dags/example_branch_labels.py
[2023-09-29T18:24:44.305+0000] {processor.py:839} INFO - DAG(s) dict_keys(['example_branch_labels']) retrieved from /home/airflow/.local/lib/python3.8/site-packages/airflow/example_dags/example_branch_labels.py
[2023-09-29T18:24:44.324+0000] {logging_mixin.py:151} INFO - [2023-09-29T18:24:44.324+0000] {dag.py:2915} INFO - Sync 1 DAGs
[2023-09-29T18:24:44.343+0000] {logging_mixin.py:151} INFO - [2023-09-29T18:24:44.343+0000] {dag.py:3696} INFO - Setting next_dagrun for example_branch_labels to 2023-09-28T00:00:00+00:00, run_after=2023-09-29T00:00:00+00:00
[2023-09-29T18:24:44.356+0000] {processor.py:179} INFO - Processing /home/airflow/.local/lib/python3.8/site-packages/airflow/example_dags/example_branch_labels.py took 0.065 seconds
[2023-09-29T18:25:14.374+0000] {processor.py:157} INFO - Started process (PID=2000) to work on /home/airflow/.local/lib/python3.8/site-packages/airflow/example_dags/example_branch_labels.py
[2023-09-29T18:25:14.375+0000] {processor.py:829} INFO - Processing file /home/airflow/.local/lib/python3.8/site-packages/airflow/example_dags/example_branch_labels.py for tasks to queue
[2023-09-29T18:25:14.377+0000] {logging_mixin.py:151} INFO - [2023-09-29T18:25:14.376+0000] {dagbag.py:539} INFO - Filling up the DagBag from /home/airflow/.local/lib/python3.8/site-packages/airflow/example_dags/example_branch_labels.py
[2023-09-29T18:25:14.384+0000] {processor.py:839} INFO - DAG(s) dict_keys(['example_branch_labels']) retrieved from /home/airflow/.local/lib/python3.8/site-packages/airflow/example_dags/example_branch_labels.py
[2023-09-29T18:25:14.401+0000] {logging_mixin.py:151} INFO - [2023-09-29T18:25:14.401+0000] {dag.py:2915} INFO - Sync 1 DAGs
[2023-09-29T18:25:14.417+0000] {logging_mixin.py:151} INFO - [2023-09-29T18:25:14.417+0000] {dag.py:3696} INFO - Setting next_dagrun for example_branch_labels to 2023-09-28T00:00:00+00:00, run_after=2023-09-29T00:00:00+00:00
[2023-09-29T18:25:14.428+0000] {processor.py:179} INFO - Processing /home/airflow/.local/lib/python3.8/site-packages/airflow/example_dags/example_branch_labels.py took 0.057 seconds
