[2023-09-29T18:07:14.350+0000] {processor.py:157} INFO - Started process (PID=56) to work on /home/airflow/.local/lib/python3.8/site-packages/airflow/example_dags/example_nested_branch_dag.py
[2023-09-29T18:07:14.351+0000] {processor.py:829} INFO - Processing file /home/airflow/.local/lib/python3.8/site-packages/airflow/example_dags/example_nested_branch_dag.py for tasks to queue
[2023-09-29T18:07:14.356+0000] {logging_mixin.py:151} INFO - [2023-09-29T18:07:14.355+0000] {dagbag.py:539} INFO - Filling up the DagBag from /home/airflow/.local/lib/python3.8/site-packages/airflow/example_dags/example_nested_branch_dag.py
[2023-09-29T18:07:14.371+0000] {processor.py:839} INFO - DAG(s) dict_keys(['example_nested_branch_dag']) retrieved from /home/airflow/.local/lib/python3.8/site-packages/airflow/example_dags/example_nested_branch_dag.py
[2023-09-29T18:07:14.390+0000] {logging_mixin.py:151} INFO - [2023-09-29T18:07:14.390+0000] {dag.py:2915} INFO - Sync 1 DAGs
[2023-09-29T18:07:14.420+0000] {logging_mixin.py:151} INFO - [2023-09-29T18:07:14.420+0000] {dag.py:3696} INFO - Setting next_dagrun for example_nested_branch_dag to 2023-09-28T00:00:00+00:00, run_after=2023-09-29T00:00:00+00:00
[2023-09-29T18:07:14.519+0000] {processor.py:179} INFO - Processing /home/airflow/.local/lib/python3.8/site-packages/airflow/example_dags/example_nested_branch_dag.py took 0.173 seconds
[2023-09-29T18:07:50.716+0000] {processor.py:157} INFO - Started process (PID=110) to work on /home/airflow/.local/lib/python3.8/site-packages/airflow/example_dags/example_nested_branch_dag.py
[2023-09-29T18:07:50.718+0000] {processor.py:829} INFO - Processing file /home/airflow/.local/lib/python3.8/site-packages/airflow/example_dags/example_nested_branch_dag.py for tasks to queue
[2023-09-29T18:07:50.722+0000] {logging_mixin.py:151} INFO - [2023-09-29T18:07:50.722+0000] {dagbag.py:539} INFO - Filling up the DagBag from /home/airflow/.local/lib/python3.8/site-packages/airflow/example_dags/example_nested_branch_dag.py
[2023-09-29T18:07:50.751+0000] {processor.py:839} INFO - DAG(s) dict_keys(['example_nested_branch_dag']) retrieved from /home/airflow/.local/lib/python3.8/site-packages/airflow/example_dags/example_nested_branch_dag.py
[2023-09-29T18:07:50.817+0000] {logging_mixin.py:151} INFO - [2023-09-29T18:07:50.816+0000] {dag.py:2915} INFO - Sync 1 DAGs
[2023-09-29T18:07:50.877+0000] {logging_mixin.py:151} INFO - [2023-09-29T18:07:50.876+0000] {dag.py:3696} INFO - Setting next_dagrun for example_nested_branch_dag to 2023-09-28T00:00:00+00:00, run_after=2023-09-29T00:00:00+00:00
[2023-09-29T18:07:50.926+0000] {processor.py:179} INFO - Processing /home/airflow/.local/lib/python3.8/site-packages/airflow/example_dags/example_nested_branch_dag.py took 0.220 seconds
[2023-09-29T18:08:21.232+0000] {processor.py:157} INFO - Started process (PID=164) to work on /home/airflow/.local/lib/python3.8/site-packages/airflow/example_dags/example_nested_branch_dag.py
[2023-09-29T18:08:21.236+0000] {processor.py:829} INFO - Processing file /home/airflow/.local/lib/python3.8/site-packages/airflow/example_dags/example_nested_branch_dag.py for tasks to queue
[2023-09-29T18:08:21.241+0000] {logging_mixin.py:151} INFO - [2023-09-29T18:08:21.241+0000] {dagbag.py:539} INFO - Filling up the DagBag from /home/airflow/.local/lib/python3.8/site-packages/airflow/example_dags/example_nested_branch_dag.py
[2023-09-29T18:08:21.255+0000] {processor.py:839} INFO - DAG(s) dict_keys(['example_nested_branch_dag']) retrieved from /home/airflow/.local/lib/python3.8/site-packages/airflow/example_dags/example_nested_branch_dag.py
[2023-09-29T18:08:21.290+0000] {logging_mixin.py:151} INFO - [2023-09-29T18:08:21.290+0000] {dag.py:2915} INFO - Sync 1 DAGs
[2023-09-29T18:08:21.312+0000] {logging_mixin.py:151} INFO - [2023-09-29T18:08:21.312+0000] {dag.py:3696} INFO - Setting next_dagrun for example_nested_branch_dag to 2023-09-28T00:00:00+00:00, run_after=2023-09-29T00:00:00+00:00
[2023-09-29T18:08:21.332+0000] {processor.py:179} INFO - Processing /home/airflow/.local/lib/python3.8/site-packages/airflow/example_dags/example_nested_branch_dag.py took 0.110 seconds
[2023-09-29T18:08:51.353+0000] {processor.py:157} INFO - Started process (PID=218) to work on /home/airflow/.local/lib/python3.8/site-packages/airflow/example_dags/example_nested_branch_dag.py
[2023-09-29T18:08:51.354+0000] {processor.py:829} INFO - Processing file /home/airflow/.local/lib/python3.8/site-packages/airflow/example_dags/example_nested_branch_dag.py for tasks to queue
[2023-09-29T18:08:51.356+0000] {logging_mixin.py:151} INFO - [2023-09-29T18:08:51.356+0000] {dagbag.py:539} INFO - Filling up the DagBag from /home/airflow/.local/lib/python3.8/site-packages/airflow/example_dags/example_nested_branch_dag.py
[2023-09-29T18:08:51.364+0000] {processor.py:839} INFO - DAG(s) dict_keys(['example_nested_branch_dag']) retrieved from /home/airflow/.local/lib/python3.8/site-packages/airflow/example_dags/example_nested_branch_dag.py
[2023-09-29T18:08:51.384+0000] {logging_mixin.py:151} INFO - [2023-09-29T18:08:51.384+0000] {dag.py:2915} INFO - Sync 1 DAGs
[2023-09-29T18:08:51.404+0000] {logging_mixin.py:151} INFO - [2023-09-29T18:08:51.404+0000] {dag.py:3696} INFO - Setting next_dagrun for example_nested_branch_dag to 2023-09-28T00:00:00+00:00, run_after=2023-09-29T00:00:00+00:00
[2023-09-29T18:08:51.424+0000] {processor.py:179} INFO - Processing /home/airflow/.local/lib/python3.8/site-packages/airflow/example_dags/example_nested_branch_dag.py took 0.074 seconds
[2023-09-29T18:09:21.705+0000] {processor.py:157} INFO - Started process (PID=273) to work on /home/airflow/.local/lib/python3.8/site-packages/airflow/example_dags/example_nested_branch_dag.py
[2023-09-29T18:09:21.710+0000] {processor.py:829} INFO - Processing file /home/airflow/.local/lib/python3.8/site-packages/airflow/example_dags/example_nested_branch_dag.py for tasks to queue
[2023-09-29T18:09:21.713+0000] {logging_mixin.py:151} INFO - [2023-09-29T18:09:21.713+0000] {dagbag.py:539} INFO - Filling up the DagBag from /home/airflow/.local/lib/python3.8/site-packages/airflow/example_dags/example_nested_branch_dag.py
[2023-09-29T18:09:21.726+0000] {processor.py:839} INFO - DAG(s) dict_keys(['example_nested_branch_dag']) retrieved from /home/airflow/.local/lib/python3.8/site-packages/airflow/example_dags/example_nested_branch_dag.py
[2023-09-29T18:09:21.747+0000] {logging_mixin.py:151} INFO - [2023-09-29T18:09:21.746+0000] {dag.py:2915} INFO - Sync 1 DAGs
[2023-09-29T18:09:21.765+0000] {logging_mixin.py:151} INFO - [2023-09-29T18:09:21.765+0000] {dag.py:3696} INFO - Setting next_dagrun for example_nested_branch_dag to 2023-09-28T00:00:00+00:00, run_after=2023-09-29T00:00:00+00:00
[2023-09-29T18:09:21.777+0000] {processor.py:179} INFO - Processing /home/airflow/.local/lib/python3.8/site-packages/airflow/example_dags/example_nested_branch_dag.py took 0.077 seconds
[2023-09-29T18:09:52.251+0000] {processor.py:157} INFO - Started process (PID=329) to work on /home/airflow/.local/lib/python3.8/site-packages/airflow/example_dags/example_nested_branch_dag.py
[2023-09-29T18:09:52.252+0000] {processor.py:829} INFO - Processing file /home/airflow/.local/lib/python3.8/site-packages/airflow/example_dags/example_nested_branch_dag.py for tasks to queue
[2023-09-29T18:09:52.254+0000] {logging_mixin.py:151} INFO - [2023-09-29T18:09:52.254+0000] {dagbag.py:539} INFO - Filling up the DagBag from /home/airflow/.local/lib/python3.8/site-packages/airflow/example_dags/example_nested_branch_dag.py
[2023-09-29T18:09:52.263+0000] {processor.py:839} INFO - DAG(s) dict_keys(['example_nested_branch_dag']) retrieved from /home/airflow/.local/lib/python3.8/site-packages/airflow/example_dags/example_nested_branch_dag.py
[2023-09-29T18:09:52.283+0000] {logging_mixin.py:151} INFO - [2023-09-29T18:09:52.282+0000] {dag.py:2915} INFO - Sync 1 DAGs
[2023-09-29T18:09:52.300+0000] {logging_mixin.py:151} INFO - [2023-09-29T18:09:52.300+0000] {dag.py:3696} INFO - Setting next_dagrun for example_nested_branch_dag to 2023-09-28T00:00:00+00:00, run_after=2023-09-29T00:00:00+00:00
[2023-09-29T18:09:52.311+0000] {processor.py:179} INFO - Processing /home/airflow/.local/lib/python3.8/site-packages/airflow/example_dags/example_nested_branch_dag.py took 0.063 seconds
[2023-09-29T18:10:22.777+0000] {processor.py:157} INFO - Started process (PID=384) to work on /home/airflow/.local/lib/python3.8/site-packages/airflow/example_dags/example_nested_branch_dag.py
[2023-09-29T18:10:22.778+0000] {processor.py:829} INFO - Processing file /home/airflow/.local/lib/python3.8/site-packages/airflow/example_dags/example_nested_branch_dag.py for tasks to queue
[2023-09-29T18:10:22.780+0000] {logging_mixin.py:151} INFO - [2023-09-29T18:10:22.780+0000] {dagbag.py:539} INFO - Filling up the DagBag from /home/airflow/.local/lib/python3.8/site-packages/airflow/example_dags/example_nested_branch_dag.py
[2023-09-29T18:10:22.789+0000] {processor.py:839} INFO - DAG(s) dict_keys(['example_nested_branch_dag']) retrieved from /home/airflow/.local/lib/python3.8/site-packages/airflow/example_dags/example_nested_branch_dag.py
[2023-09-29T18:10:22.807+0000] {logging_mixin.py:151} INFO - [2023-09-29T18:10:22.806+0000] {dag.py:2915} INFO - Sync 1 DAGs
[2023-09-29T18:10:22.824+0000] {logging_mixin.py:151} INFO - [2023-09-29T18:10:22.824+0000] {dag.py:3696} INFO - Setting next_dagrun for example_nested_branch_dag to 2023-09-28T00:00:00+00:00, run_after=2023-09-29T00:00:00+00:00
[2023-09-29T18:10:22.837+0000] {processor.py:179} INFO - Processing /home/airflow/.local/lib/python3.8/site-packages/airflow/example_dags/example_nested_branch_dag.py took 0.063 seconds
[2023-09-29T18:10:53.836+0000] {processor.py:157} INFO - Started process (PID=440) to work on /home/airflow/.local/lib/python3.8/site-packages/airflow/example_dags/example_nested_branch_dag.py
[2023-09-29T18:10:53.837+0000] {processor.py:829} INFO - Processing file /home/airflow/.local/lib/python3.8/site-packages/airflow/example_dags/example_nested_branch_dag.py for tasks to queue
[2023-09-29T18:10:53.839+0000] {logging_mixin.py:151} INFO - [2023-09-29T18:10:53.838+0000] {dagbag.py:539} INFO - Filling up the DagBag from /home/airflow/.local/lib/python3.8/site-packages/airflow/example_dags/example_nested_branch_dag.py
[2023-09-29T18:10:53.848+0000] {processor.py:839} INFO - DAG(s) dict_keys(['example_nested_branch_dag']) retrieved from /home/airflow/.local/lib/python3.8/site-packages/airflow/example_dags/example_nested_branch_dag.py
[2023-09-29T18:10:53.866+0000] {logging_mixin.py:151} INFO - [2023-09-29T18:10:53.866+0000] {dag.py:2915} INFO - Sync 1 DAGs
[2023-09-29T18:10:53.884+0000] {logging_mixin.py:151} INFO - [2023-09-29T18:10:53.884+0000] {dag.py:3696} INFO - Setting next_dagrun for example_nested_branch_dag to 2023-09-28T00:00:00+00:00, run_after=2023-09-29T00:00:00+00:00
[2023-09-29T18:10:53.897+0000] {processor.py:179} INFO - Processing /home/airflow/.local/lib/python3.8/site-packages/airflow/example_dags/example_nested_branch_dag.py took 0.065 seconds
[2023-09-29T18:11:24.390+0000] {processor.py:157} INFO - Started process (PID=495) to work on /home/airflow/.local/lib/python3.8/site-packages/airflow/example_dags/example_nested_branch_dag.py
[2023-09-29T18:11:24.391+0000] {processor.py:829} INFO - Processing file /home/airflow/.local/lib/python3.8/site-packages/airflow/example_dags/example_nested_branch_dag.py for tasks to queue
[2023-09-29T18:11:24.393+0000] {logging_mixin.py:151} INFO - [2023-09-29T18:11:24.393+0000] {dagbag.py:539} INFO - Filling up the DagBag from /home/airflow/.local/lib/python3.8/site-packages/airflow/example_dags/example_nested_branch_dag.py
[2023-09-29T18:11:24.402+0000] {processor.py:839} INFO - DAG(s) dict_keys(['example_nested_branch_dag']) retrieved from /home/airflow/.local/lib/python3.8/site-packages/airflow/example_dags/example_nested_branch_dag.py
[2023-09-29T18:11:24.420+0000] {logging_mixin.py:151} INFO - [2023-09-29T18:11:24.419+0000] {dag.py:2915} INFO - Sync 1 DAGs
[2023-09-29T18:11:24.439+0000] {logging_mixin.py:151} INFO - [2023-09-29T18:11:24.439+0000] {dag.py:3696} INFO - Setting next_dagrun for example_nested_branch_dag to 2023-09-28T00:00:00+00:00, run_after=2023-09-29T00:00:00+00:00
[2023-09-29T18:11:24.454+0000] {processor.py:179} INFO - Processing /home/airflow/.local/lib/python3.8/site-packages/airflow/example_dags/example_nested_branch_dag.py took 0.068 seconds
[2023-09-29T18:11:55.537+0000] {processor.py:157} INFO - Started process (PID=550) to work on /home/airflow/.local/lib/python3.8/site-packages/airflow/example_dags/example_nested_branch_dag.py
[2023-09-29T18:11:55.538+0000] {processor.py:829} INFO - Processing file /home/airflow/.local/lib/python3.8/site-packages/airflow/example_dags/example_nested_branch_dag.py for tasks to queue
[2023-09-29T18:11:55.540+0000] {logging_mixin.py:151} INFO - [2023-09-29T18:11:55.539+0000] {dagbag.py:539} INFO - Filling up the DagBag from /home/airflow/.local/lib/python3.8/site-packages/airflow/example_dags/example_nested_branch_dag.py
[2023-09-29T18:11:55.548+0000] {processor.py:839} INFO - DAG(s) dict_keys(['example_nested_branch_dag']) retrieved from /home/airflow/.local/lib/python3.8/site-packages/airflow/example_dags/example_nested_branch_dag.py
[2023-09-29T18:11:55.566+0000] {logging_mixin.py:151} INFO - [2023-09-29T18:11:55.566+0000] {dag.py:2915} INFO - Sync 1 DAGs
[2023-09-29T18:11:55.585+0000] {logging_mixin.py:151} INFO - [2023-09-29T18:11:55.585+0000] {dag.py:3696} INFO - Setting next_dagrun for example_nested_branch_dag to 2023-09-28T00:00:00+00:00, run_after=2023-09-29T00:00:00+00:00
[2023-09-29T18:11:55.597+0000] {processor.py:179} INFO - Processing /home/airflow/.local/lib/python3.8/site-packages/airflow/example_dags/example_nested_branch_dag.py took 0.063 seconds
[2023-09-29T18:12:26.270+0000] {processor.py:157} INFO - Started process (PID=605) to work on /home/airflow/.local/lib/python3.8/site-packages/airflow/example_dags/example_nested_branch_dag.py
[2023-09-29T18:12:26.275+0000] {processor.py:829} INFO - Processing file /home/airflow/.local/lib/python3.8/site-packages/airflow/example_dags/example_nested_branch_dag.py for tasks to queue
[2023-09-29T18:12:26.278+0000] {logging_mixin.py:151} INFO - [2023-09-29T18:12:26.278+0000] {dagbag.py:539} INFO - Filling up the DagBag from /home/airflow/.local/lib/python3.8/site-packages/airflow/example_dags/example_nested_branch_dag.py
[2023-09-29T18:12:26.288+0000] {processor.py:839} INFO - DAG(s) dict_keys(['example_nested_branch_dag']) retrieved from /home/airflow/.local/lib/python3.8/site-packages/airflow/example_dags/example_nested_branch_dag.py
[2023-09-29T18:12:26.310+0000] {logging_mixin.py:151} INFO - [2023-09-29T18:12:26.309+0000] {dag.py:2915} INFO - Sync 1 DAGs
[2023-09-29T18:12:26.335+0000] {logging_mixin.py:151} INFO - [2023-09-29T18:12:26.335+0000] {dag.py:3696} INFO - Setting next_dagrun for example_nested_branch_dag to 2023-09-28T00:00:00+00:00, run_after=2023-09-29T00:00:00+00:00
[2023-09-29T18:12:26.351+0000] {processor.py:179} INFO - Processing /home/airflow/.local/lib/python3.8/site-packages/airflow/example_dags/example_nested_branch_dag.py took 0.084 seconds
[2023-09-29T18:12:57.394+0000] {processor.py:157} INFO - Started process (PID=661) to work on /home/airflow/.local/lib/python3.8/site-packages/airflow/example_dags/example_nested_branch_dag.py
[2023-09-29T18:12:57.395+0000] {processor.py:829} INFO - Processing file /home/airflow/.local/lib/python3.8/site-packages/airflow/example_dags/example_nested_branch_dag.py for tasks to queue
[2023-09-29T18:12:57.397+0000] {logging_mixin.py:151} INFO - [2023-09-29T18:12:57.396+0000] {dagbag.py:539} INFO - Filling up the DagBag from /home/airflow/.local/lib/python3.8/site-packages/airflow/example_dags/example_nested_branch_dag.py
[2023-09-29T18:12:57.405+0000] {processor.py:839} INFO - DAG(s) dict_keys(['example_nested_branch_dag']) retrieved from /home/airflow/.local/lib/python3.8/site-packages/airflow/example_dags/example_nested_branch_dag.py
[2023-09-29T18:12:57.425+0000] {logging_mixin.py:151} INFO - [2023-09-29T18:12:57.425+0000] {dag.py:2915} INFO - Sync 1 DAGs
[2023-09-29T18:12:57.445+0000] {logging_mixin.py:151} INFO - [2023-09-29T18:12:57.445+0000] {dag.py:3696} INFO - Setting next_dagrun for example_nested_branch_dag to 2023-09-28T00:00:00+00:00, run_after=2023-09-29T00:00:00+00:00
[2023-09-29T18:12:57.458+0000] {processor.py:179} INFO - Processing /home/airflow/.local/lib/python3.8/site-packages/airflow/example_dags/example_nested_branch_dag.py took 0.068 seconds
[2023-09-29T18:13:28.033+0000] {processor.py:157} INFO - Started process (PID=716) to work on /home/airflow/.local/lib/python3.8/site-packages/airflow/example_dags/example_nested_branch_dag.py
[2023-09-29T18:13:28.035+0000] {processor.py:829} INFO - Processing file /home/airflow/.local/lib/python3.8/site-packages/airflow/example_dags/example_nested_branch_dag.py for tasks to queue
[2023-09-29T18:13:28.037+0000] {logging_mixin.py:151} INFO - [2023-09-29T18:13:28.037+0000] {dagbag.py:539} INFO - Filling up the DagBag from /home/airflow/.local/lib/python3.8/site-packages/airflow/example_dags/example_nested_branch_dag.py
[2023-09-29T18:13:28.046+0000] {processor.py:839} INFO - DAG(s) dict_keys(['example_nested_branch_dag']) retrieved from /home/airflow/.local/lib/python3.8/site-packages/airflow/example_dags/example_nested_branch_dag.py
[2023-09-29T18:13:28.064+0000] {logging_mixin.py:151} INFO - [2023-09-29T18:13:28.064+0000] {dag.py:2915} INFO - Sync 1 DAGs
[2023-09-29T18:13:28.081+0000] {logging_mixin.py:151} INFO - [2023-09-29T18:13:28.081+0000] {dag.py:3696} INFO - Setting next_dagrun for example_nested_branch_dag to 2023-09-28T00:00:00+00:00, run_after=2023-09-29T00:00:00+00:00
[2023-09-29T18:13:28.093+0000] {processor.py:179} INFO - Processing /home/airflow/.local/lib/python3.8/site-packages/airflow/example_dags/example_nested_branch_dag.py took 0.064 seconds
[2023-09-29T18:13:58.950+0000] {processor.py:157} INFO - Started process (PID=771) to work on /home/airflow/.local/lib/python3.8/site-packages/airflow/example_dags/example_nested_branch_dag.py
[2023-09-29T18:13:58.951+0000] {processor.py:829} INFO - Processing file /home/airflow/.local/lib/python3.8/site-packages/airflow/example_dags/example_nested_branch_dag.py for tasks to queue
[2023-09-29T18:13:58.954+0000] {logging_mixin.py:151} INFO - [2023-09-29T18:13:58.953+0000] {dagbag.py:539} INFO - Filling up the DagBag from /home/airflow/.local/lib/python3.8/site-packages/airflow/example_dags/example_nested_branch_dag.py
[2023-09-29T18:13:58.963+0000] {processor.py:839} INFO - DAG(s) dict_keys(['example_nested_branch_dag']) retrieved from /home/airflow/.local/lib/python3.8/site-packages/airflow/example_dags/example_nested_branch_dag.py
[2023-09-29T18:13:58.979+0000] {logging_mixin.py:151} INFO - [2023-09-29T18:13:58.979+0000] {dag.py:2915} INFO - Sync 1 DAGs
[2023-09-29T18:13:58.997+0000] {logging_mixin.py:151} INFO - [2023-09-29T18:13:58.997+0000] {dag.py:3696} INFO - Setting next_dagrun for example_nested_branch_dag to 2023-09-28T00:00:00+00:00, run_after=2023-09-29T00:00:00+00:00
[2023-09-29T18:13:59.021+0000] {processor.py:179} INFO - Processing /home/airflow/.local/lib/python3.8/site-packages/airflow/example_dags/example_nested_branch_dag.py took 0.075 seconds
[2023-09-29T18:14:31.189+0000] {processor.py:157} INFO - Started process (PID=832) to work on /home/airflow/.local/lib/python3.8/site-packages/airflow/example_dags/example_nested_branch_dag.py
[2023-09-29T18:14:31.196+0000] {processor.py:829} INFO - Processing file /home/airflow/.local/lib/python3.8/site-packages/airflow/example_dags/example_nested_branch_dag.py for tasks to queue
[2023-09-29T18:14:31.205+0000] {logging_mixin.py:151} INFO - [2023-09-29T18:14:31.204+0000] {dagbag.py:539} INFO - Filling up the DagBag from /home/airflow/.local/lib/python3.8/site-packages/airflow/example_dags/example_nested_branch_dag.py
[2023-09-29T18:14:31.239+0000] {processor.py:839} INFO - DAG(s) dict_keys(['example_nested_branch_dag']) retrieved from /home/airflow/.local/lib/python3.8/site-packages/airflow/example_dags/example_nested_branch_dag.py
[2023-09-29T18:14:31.295+0000] {logging_mixin.py:151} INFO - [2023-09-29T18:14:31.295+0000] {dag.py:2915} INFO - Sync 1 DAGs
[2023-09-29T18:14:31.335+0000] {logging_mixin.py:151} INFO - [2023-09-29T18:14:31.335+0000] {dag.py:3696} INFO - Setting next_dagrun for example_nested_branch_dag to 2023-09-28T00:00:00+00:00, run_after=2023-09-29T00:00:00+00:00
[2023-09-29T18:14:31.363+0000] {processor.py:179} INFO - Processing /home/airflow/.local/lib/python3.8/site-packages/airflow/example_dags/example_nested_branch_dag.py took 0.182 seconds
[2023-09-29T18:15:02.025+0000] {processor.py:157} INFO - Started process (PID=887) to work on /home/airflow/.local/lib/python3.8/site-packages/airflow/example_dags/example_nested_branch_dag.py
[2023-09-29T18:15:02.027+0000] {processor.py:829} INFO - Processing file /home/airflow/.local/lib/python3.8/site-packages/airflow/example_dags/example_nested_branch_dag.py for tasks to queue
[2023-09-29T18:15:02.029+0000] {logging_mixin.py:151} INFO - [2023-09-29T18:15:02.029+0000] {dagbag.py:539} INFO - Filling up the DagBag from /home/airflow/.local/lib/python3.8/site-packages/airflow/example_dags/example_nested_branch_dag.py
[2023-09-29T18:15:02.044+0000] {processor.py:839} INFO - DAG(s) dict_keys(['example_nested_branch_dag']) retrieved from /home/airflow/.local/lib/python3.8/site-packages/airflow/example_dags/example_nested_branch_dag.py
[2023-09-29T18:15:02.068+0000] {logging_mixin.py:151} INFO - [2023-09-29T18:15:02.067+0000] {dag.py:2915} INFO - Sync 1 DAGs
[2023-09-29T18:15:02.090+0000] {logging_mixin.py:151} INFO - [2023-09-29T18:15:02.090+0000] {dag.py:3696} INFO - Setting next_dagrun for example_nested_branch_dag to 2023-09-28T00:00:00+00:00, run_after=2023-09-29T00:00:00+00:00
[2023-09-29T18:15:02.103+0000] {processor.py:179} INFO - Processing /home/airflow/.local/lib/python3.8/site-packages/airflow/example_dags/example_nested_branch_dag.py took 0.081 seconds
[2023-09-29T18:15:33.102+0000] {processor.py:157} INFO - Started process (PID=942) to work on /home/airflow/.local/lib/python3.8/site-packages/airflow/example_dags/example_nested_branch_dag.py
[2023-09-29T18:15:33.104+0000] {processor.py:829} INFO - Processing file /home/airflow/.local/lib/python3.8/site-packages/airflow/example_dags/example_nested_branch_dag.py for tasks to queue
[2023-09-29T18:15:33.109+0000] {logging_mixin.py:151} INFO - [2023-09-29T18:15:33.108+0000] {dagbag.py:539} INFO - Filling up the DagBag from /home/airflow/.local/lib/python3.8/site-packages/airflow/example_dags/example_nested_branch_dag.py
[2023-09-29T18:15:33.121+0000] {processor.py:839} INFO - DAG(s) dict_keys(['example_nested_branch_dag']) retrieved from /home/airflow/.local/lib/python3.8/site-packages/airflow/example_dags/example_nested_branch_dag.py
[2023-09-29T18:15:33.139+0000] {logging_mixin.py:151} INFO - [2023-09-29T18:15:33.139+0000] {dag.py:2915} INFO - Sync 1 DAGs
[2023-09-29T18:15:33.157+0000] {logging_mixin.py:151} INFO - [2023-09-29T18:15:33.157+0000] {dag.py:3696} INFO - Setting next_dagrun for example_nested_branch_dag to 2023-09-28T00:00:00+00:00, run_after=2023-09-29T00:00:00+00:00
[2023-09-29T18:15:33.170+0000] {processor.py:179} INFO - Processing /home/airflow/.local/lib/python3.8/site-packages/airflow/example_dags/example_nested_branch_dag.py took 0.074 seconds
[2023-09-29T18:16:03.724+0000] {processor.py:157} INFO - Started process (PID=997) to work on /home/airflow/.local/lib/python3.8/site-packages/airflow/example_dags/example_nested_branch_dag.py
[2023-09-29T18:16:03.725+0000] {processor.py:829} INFO - Processing file /home/airflow/.local/lib/python3.8/site-packages/airflow/example_dags/example_nested_branch_dag.py for tasks to queue
[2023-09-29T18:16:03.727+0000] {logging_mixin.py:151} INFO - [2023-09-29T18:16:03.727+0000] {dagbag.py:539} INFO - Filling up the DagBag from /home/airflow/.local/lib/python3.8/site-packages/airflow/example_dags/example_nested_branch_dag.py
[2023-09-29T18:16:03.743+0000] {processor.py:839} INFO - DAG(s) dict_keys(['example_nested_branch_dag']) retrieved from /home/airflow/.local/lib/python3.8/site-packages/airflow/example_dags/example_nested_branch_dag.py
[2023-09-29T18:16:03.766+0000] {logging_mixin.py:151} INFO - [2023-09-29T18:16:03.766+0000] {dag.py:2915} INFO - Sync 1 DAGs
[2023-09-29T18:16:03.784+0000] {logging_mixin.py:151} INFO - [2023-09-29T18:16:03.784+0000] {dag.py:3696} INFO - Setting next_dagrun for example_nested_branch_dag to 2023-09-28T00:00:00+00:00, run_after=2023-09-29T00:00:00+00:00
[2023-09-29T18:16:03.798+0000] {processor.py:179} INFO - Processing /home/airflow/.local/lib/python3.8/site-packages/airflow/example_dags/example_nested_branch_dag.py took 0.078 seconds
[2023-09-29T18:16:33.978+0000] {processor.py:157} INFO - Started process (PID=1052) to work on /home/airflow/.local/lib/python3.8/site-packages/airflow/example_dags/example_nested_branch_dag.py
[2023-09-29T18:16:33.980+0000] {processor.py:829} INFO - Processing file /home/airflow/.local/lib/python3.8/site-packages/airflow/example_dags/example_nested_branch_dag.py for tasks to queue
[2023-09-29T18:16:33.983+0000] {logging_mixin.py:151} INFO - [2023-09-29T18:16:33.982+0000] {dagbag.py:539} INFO - Filling up the DagBag from /home/airflow/.local/lib/python3.8/site-packages/airflow/example_dags/example_nested_branch_dag.py
[2023-09-29T18:16:33.995+0000] {processor.py:839} INFO - DAG(s) dict_keys(['example_nested_branch_dag']) retrieved from /home/airflow/.local/lib/python3.8/site-packages/airflow/example_dags/example_nested_branch_dag.py
[2023-09-29T18:16:34.022+0000] {logging_mixin.py:151} INFO - [2023-09-29T18:16:34.022+0000] {dag.py:2915} INFO - Sync 1 DAGs
[2023-09-29T18:16:34.049+0000] {logging_mixin.py:151} INFO - [2023-09-29T18:16:34.048+0000] {dag.py:3696} INFO - Setting next_dagrun for example_nested_branch_dag to 2023-09-28T00:00:00+00:00, run_after=2023-09-29T00:00:00+00:00
[2023-09-29T18:16:34.067+0000] {processor.py:179} INFO - Processing /home/airflow/.local/lib/python3.8/site-packages/airflow/example_dags/example_nested_branch_dag.py took 0.096 seconds
[2023-09-29T18:17:04.297+0000] {processor.py:157} INFO - Started process (PID=1107) to work on /home/airflow/.local/lib/python3.8/site-packages/airflow/example_dags/example_nested_branch_dag.py
[2023-09-29T18:17:04.299+0000] {processor.py:829} INFO - Processing file /home/airflow/.local/lib/python3.8/site-packages/airflow/example_dags/example_nested_branch_dag.py for tasks to queue
[2023-09-29T18:17:04.302+0000] {logging_mixin.py:151} INFO - [2023-09-29T18:17:04.301+0000] {dagbag.py:539} INFO - Filling up the DagBag from /home/airflow/.local/lib/python3.8/site-packages/airflow/example_dags/example_nested_branch_dag.py
[2023-09-29T18:17:04.317+0000] {processor.py:839} INFO - DAG(s) dict_keys(['example_nested_branch_dag']) retrieved from /home/airflow/.local/lib/python3.8/site-packages/airflow/example_dags/example_nested_branch_dag.py
[2023-09-29T18:17:04.338+0000] {logging_mixin.py:151} INFO - [2023-09-29T18:17:04.338+0000] {dag.py:2915} INFO - Sync 1 DAGs
[2023-09-29T18:17:04.360+0000] {logging_mixin.py:151} INFO - [2023-09-29T18:17:04.360+0000] {dag.py:3696} INFO - Setting next_dagrun for example_nested_branch_dag to 2023-09-28T00:00:00+00:00, run_after=2023-09-29T00:00:00+00:00
[2023-09-29T18:17:04.374+0000] {processor.py:179} INFO - Processing /home/airflow/.local/lib/python3.8/site-packages/airflow/example_dags/example_nested_branch_dag.py took 0.081 seconds
[2023-09-29T18:17:34.465+0000] {processor.py:157} INFO - Started process (PID=1162) to work on /home/airflow/.local/lib/python3.8/site-packages/airflow/example_dags/example_nested_branch_dag.py
[2023-09-29T18:17:34.467+0000] {processor.py:829} INFO - Processing file /home/airflow/.local/lib/python3.8/site-packages/airflow/example_dags/example_nested_branch_dag.py for tasks to queue
[2023-09-29T18:17:34.470+0000] {logging_mixin.py:151} INFO - [2023-09-29T18:17:34.470+0000] {dagbag.py:539} INFO - Filling up the DagBag from /home/airflow/.local/lib/python3.8/site-packages/airflow/example_dags/example_nested_branch_dag.py
[2023-09-29T18:17:34.484+0000] {processor.py:839} INFO - DAG(s) dict_keys(['example_nested_branch_dag']) retrieved from /home/airflow/.local/lib/python3.8/site-packages/airflow/example_dags/example_nested_branch_dag.py
[2023-09-29T18:17:34.510+0000] {logging_mixin.py:151} INFO - [2023-09-29T18:17:34.510+0000] {dag.py:2915} INFO - Sync 1 DAGs
[2023-09-29T18:17:34.537+0000] {logging_mixin.py:151} INFO - [2023-09-29T18:17:34.537+0000] {dag.py:3696} INFO - Setting next_dagrun for example_nested_branch_dag to 2023-09-28T00:00:00+00:00, run_after=2023-09-29T00:00:00+00:00
[2023-09-29T18:17:34.553+0000] {processor.py:179} INFO - Processing /home/airflow/.local/lib/python3.8/site-packages/airflow/example_dags/example_nested_branch_dag.py took 0.094 seconds
[2023-09-29T18:18:05.100+0000] {processor.py:157} INFO - Started process (PID=1217) to work on /home/airflow/.local/lib/python3.8/site-packages/airflow/example_dags/example_nested_branch_dag.py
[2023-09-29T18:18:05.101+0000] {processor.py:829} INFO - Processing file /home/airflow/.local/lib/python3.8/site-packages/airflow/example_dags/example_nested_branch_dag.py for tasks to queue
[2023-09-29T18:18:05.104+0000] {logging_mixin.py:151} INFO - [2023-09-29T18:18:05.103+0000] {dagbag.py:539} INFO - Filling up the DagBag from /home/airflow/.local/lib/python3.8/site-packages/airflow/example_dags/example_nested_branch_dag.py
[2023-09-29T18:18:05.113+0000] {processor.py:839} INFO - DAG(s) dict_keys(['example_nested_branch_dag']) retrieved from /home/airflow/.local/lib/python3.8/site-packages/airflow/example_dags/example_nested_branch_dag.py
[2023-09-29T18:18:05.132+0000] {logging_mixin.py:151} INFO - [2023-09-29T18:18:05.132+0000] {dag.py:2915} INFO - Sync 1 DAGs
[2023-09-29T18:18:05.154+0000] {logging_mixin.py:151} INFO - [2023-09-29T18:18:05.154+0000] {dag.py:3696} INFO - Setting next_dagrun for example_nested_branch_dag to 2023-09-28T00:00:00+00:00, run_after=2023-09-29T00:00:00+00:00
[2023-09-29T18:18:05.167+0000] {processor.py:179} INFO - Processing /home/airflow/.local/lib/python3.8/site-packages/airflow/example_dags/example_nested_branch_dag.py took 0.071 seconds
[2023-09-29T18:18:35.524+0000] {processor.py:157} INFO - Started process (PID=1272) to work on /home/airflow/.local/lib/python3.8/site-packages/airflow/example_dags/example_nested_branch_dag.py
[2023-09-29T18:18:35.526+0000] {processor.py:829} INFO - Processing file /home/airflow/.local/lib/python3.8/site-packages/airflow/example_dags/example_nested_branch_dag.py for tasks to queue
[2023-09-29T18:18:35.528+0000] {logging_mixin.py:151} INFO - [2023-09-29T18:18:35.527+0000] {dagbag.py:539} INFO - Filling up the DagBag from /home/airflow/.local/lib/python3.8/site-packages/airflow/example_dags/example_nested_branch_dag.py
[2023-09-29T18:18:35.538+0000] {processor.py:839} INFO - DAG(s) dict_keys(['example_nested_branch_dag']) retrieved from /home/airflow/.local/lib/python3.8/site-packages/airflow/example_dags/example_nested_branch_dag.py
[2023-09-29T18:18:35.556+0000] {logging_mixin.py:151} INFO - [2023-09-29T18:18:35.556+0000] {dag.py:2915} INFO - Sync 1 DAGs
[2023-09-29T18:18:35.578+0000] {logging_mixin.py:151} INFO - [2023-09-29T18:18:35.578+0000] {dag.py:3696} INFO - Setting next_dagrun for example_nested_branch_dag to 2023-09-28T00:00:00+00:00, run_after=2023-09-29T00:00:00+00:00
[2023-09-29T18:18:35.602+0000] {processor.py:179} INFO - Processing /home/airflow/.local/lib/python3.8/site-packages/airflow/example_dags/example_nested_branch_dag.py took 0.083 seconds
[2023-09-29T18:19:06.232+0000] {processor.py:157} INFO - Started process (PID=1327) to work on /home/airflow/.local/lib/python3.8/site-packages/airflow/example_dags/example_nested_branch_dag.py
[2023-09-29T18:19:06.234+0000] {processor.py:829} INFO - Processing file /home/airflow/.local/lib/python3.8/site-packages/airflow/example_dags/example_nested_branch_dag.py for tasks to queue
[2023-09-29T18:19:06.236+0000] {logging_mixin.py:151} INFO - [2023-09-29T18:19:06.236+0000] {dagbag.py:539} INFO - Filling up the DagBag from /home/airflow/.local/lib/python3.8/site-packages/airflow/example_dags/example_nested_branch_dag.py
[2023-09-29T18:19:06.247+0000] {processor.py:839} INFO - DAG(s) dict_keys(['example_nested_branch_dag']) retrieved from /home/airflow/.local/lib/python3.8/site-packages/airflow/example_dags/example_nested_branch_dag.py
[2023-09-29T18:19:06.280+0000] {logging_mixin.py:151} INFO - [2023-09-29T18:19:06.280+0000] {dag.py:2915} INFO - Sync 1 DAGs
[2023-09-29T18:19:06.303+0000] {logging_mixin.py:151} INFO - [2023-09-29T18:19:06.302+0000] {dag.py:3696} INFO - Setting next_dagrun for example_nested_branch_dag to 2023-09-28T00:00:00+00:00, run_after=2023-09-29T00:00:00+00:00
[2023-09-29T18:19:06.316+0000] {processor.py:179} INFO - Processing /home/airflow/.local/lib/python3.8/site-packages/airflow/example_dags/example_nested_branch_dag.py took 0.088 seconds
[2023-09-29T18:19:36.840+0000] {processor.py:157} INFO - Started process (PID=1382) to work on /home/airflow/.local/lib/python3.8/site-packages/airflow/example_dags/example_nested_branch_dag.py
[2023-09-29T18:19:36.841+0000] {processor.py:829} INFO - Processing file /home/airflow/.local/lib/python3.8/site-packages/airflow/example_dags/example_nested_branch_dag.py for tasks to queue
[2023-09-29T18:19:36.843+0000] {logging_mixin.py:151} INFO - [2023-09-29T18:19:36.843+0000] {dagbag.py:539} INFO - Filling up the DagBag from /home/airflow/.local/lib/python3.8/site-packages/airflow/example_dags/example_nested_branch_dag.py
[2023-09-29T18:19:36.852+0000] {processor.py:839} INFO - DAG(s) dict_keys(['example_nested_branch_dag']) retrieved from /home/airflow/.local/lib/python3.8/site-packages/airflow/example_dags/example_nested_branch_dag.py
[2023-09-29T18:19:36.874+0000] {logging_mixin.py:151} INFO - [2023-09-29T18:19:36.874+0000] {dag.py:2915} INFO - Sync 1 DAGs
[2023-09-29T18:19:36.897+0000] {logging_mixin.py:151} INFO - [2023-09-29T18:19:36.897+0000] {dag.py:3696} INFO - Setting next_dagrun for example_nested_branch_dag to 2023-09-28T00:00:00+00:00, run_after=2023-09-29T00:00:00+00:00
[2023-09-29T18:19:36.915+0000] {processor.py:179} INFO - Processing /home/airflow/.local/lib/python3.8/site-packages/airflow/example_dags/example_nested_branch_dag.py took 0.079 seconds
[2023-09-29T18:20:07.389+0000] {processor.py:157} INFO - Started process (PID=1437) to work on /home/airflow/.local/lib/python3.8/site-packages/airflow/example_dags/example_nested_branch_dag.py
[2023-09-29T18:20:07.391+0000] {processor.py:829} INFO - Processing file /home/airflow/.local/lib/python3.8/site-packages/airflow/example_dags/example_nested_branch_dag.py for tasks to queue
[2023-09-29T18:20:07.393+0000] {logging_mixin.py:151} INFO - [2023-09-29T18:20:07.392+0000] {dagbag.py:539} INFO - Filling up the DagBag from /home/airflow/.local/lib/python3.8/site-packages/airflow/example_dags/example_nested_branch_dag.py
[2023-09-29T18:20:07.405+0000] {processor.py:839} INFO - DAG(s) dict_keys(['example_nested_branch_dag']) retrieved from /home/airflow/.local/lib/python3.8/site-packages/airflow/example_dags/example_nested_branch_dag.py
[2023-09-29T18:20:07.425+0000] {logging_mixin.py:151} INFO - [2023-09-29T18:20:07.425+0000] {dag.py:2915} INFO - Sync 1 DAGs
[2023-09-29T18:20:07.446+0000] {logging_mixin.py:151} INFO - [2023-09-29T18:20:07.446+0000] {dag.py:3696} INFO - Setting next_dagrun for example_nested_branch_dag to 2023-09-28T00:00:00+00:00, run_after=2023-09-29T00:00:00+00:00
[2023-09-29T18:20:07.460+0000] {processor.py:179} INFO - Processing /home/airflow/.local/lib/python3.8/site-packages/airflow/example_dags/example_nested_branch_dag.py took 0.074 seconds
[2023-09-29T18:20:37.852+0000] {processor.py:157} INFO - Started process (PID=1493) to work on /home/airflow/.local/lib/python3.8/site-packages/airflow/example_dags/example_nested_branch_dag.py
[2023-09-29T18:20:37.854+0000] {processor.py:829} INFO - Processing file /home/airflow/.local/lib/python3.8/site-packages/airflow/example_dags/example_nested_branch_dag.py for tasks to queue
[2023-09-29T18:20:37.856+0000] {logging_mixin.py:151} INFO - [2023-09-29T18:20:37.856+0000] {dagbag.py:539} INFO - Filling up the DagBag from /home/airflow/.local/lib/python3.8/site-packages/airflow/example_dags/example_nested_branch_dag.py
[2023-09-29T18:20:37.865+0000] {processor.py:839} INFO - DAG(s) dict_keys(['example_nested_branch_dag']) retrieved from /home/airflow/.local/lib/python3.8/site-packages/airflow/example_dags/example_nested_branch_dag.py
[2023-09-29T18:20:37.883+0000] {logging_mixin.py:151} INFO - [2023-09-29T18:20:37.883+0000] {dag.py:2915} INFO - Sync 1 DAGs
[2023-09-29T18:20:37.903+0000] {logging_mixin.py:151} INFO - [2023-09-29T18:20:37.903+0000] {dag.py:3696} INFO - Setting next_dagrun for example_nested_branch_dag to 2023-09-28T00:00:00+00:00, run_after=2023-09-29T00:00:00+00:00
[2023-09-29T18:20:37.917+0000] {processor.py:179} INFO - Processing /home/airflow/.local/lib/python3.8/site-packages/airflow/example_dags/example_nested_branch_dag.py took 0.067 seconds
[2023-09-29T18:21:08.121+0000] {processor.py:157} INFO - Started process (PID=1548) to work on /home/airflow/.local/lib/python3.8/site-packages/airflow/example_dags/example_nested_branch_dag.py
[2023-09-29T18:21:08.123+0000] {processor.py:829} INFO - Processing file /home/airflow/.local/lib/python3.8/site-packages/airflow/example_dags/example_nested_branch_dag.py for tasks to queue
[2023-09-29T18:21:08.125+0000] {logging_mixin.py:151} INFO - [2023-09-29T18:21:08.124+0000] {dagbag.py:539} INFO - Filling up the DagBag from /home/airflow/.local/lib/python3.8/site-packages/airflow/example_dags/example_nested_branch_dag.py
[2023-09-29T18:21:08.134+0000] {processor.py:839} INFO - DAG(s) dict_keys(['example_nested_branch_dag']) retrieved from /home/airflow/.local/lib/python3.8/site-packages/airflow/example_dags/example_nested_branch_dag.py
[2023-09-29T18:21:08.157+0000] {logging_mixin.py:151} INFO - [2023-09-29T18:21:08.157+0000] {dag.py:2915} INFO - Sync 1 DAGs
[2023-09-29T18:21:08.179+0000] {logging_mixin.py:151} INFO - [2023-09-29T18:21:08.179+0000] {dag.py:3696} INFO - Setting next_dagrun for example_nested_branch_dag to 2023-09-28T00:00:00+00:00, run_after=2023-09-29T00:00:00+00:00
[2023-09-29T18:21:08.193+0000] {processor.py:179} INFO - Processing /home/airflow/.local/lib/python3.8/site-packages/airflow/example_dags/example_nested_branch_dag.py took 0.075 seconds
[2023-09-29T18:21:38.257+0000] {processor.py:157} INFO - Started process (PID=1603) to work on /home/airflow/.local/lib/python3.8/site-packages/airflow/example_dags/example_nested_branch_dag.py
[2023-09-29T18:21:38.259+0000] {processor.py:829} INFO - Processing file /home/airflow/.local/lib/python3.8/site-packages/airflow/example_dags/example_nested_branch_dag.py for tasks to queue
[2023-09-29T18:21:38.263+0000] {logging_mixin.py:151} INFO - [2023-09-29T18:21:38.263+0000] {dagbag.py:539} INFO - Filling up the DagBag from /home/airflow/.local/lib/python3.8/site-packages/airflow/example_dags/example_nested_branch_dag.py
[2023-09-29T18:21:38.288+0000] {processor.py:839} INFO - DAG(s) dict_keys(['example_nested_branch_dag']) retrieved from /home/airflow/.local/lib/python3.8/site-packages/airflow/example_dags/example_nested_branch_dag.py
[2023-09-29T18:21:38.328+0000] {logging_mixin.py:151} INFO - [2023-09-29T18:21:38.328+0000] {dag.py:2915} INFO - Sync 1 DAGs
[2023-09-29T18:21:38.364+0000] {logging_mixin.py:151} INFO - [2023-09-29T18:21:38.364+0000] {dag.py:3696} INFO - Setting next_dagrun for example_nested_branch_dag to 2023-09-28T00:00:00+00:00, run_after=2023-09-29T00:00:00+00:00
[2023-09-29T18:21:38.393+0000] {processor.py:179} INFO - Processing /home/airflow/.local/lib/python3.8/site-packages/airflow/example_dags/example_nested_branch_dag.py took 0.141 seconds
[2023-09-29T18:22:09.211+0000] {processor.py:157} INFO - Started process (PID=1659) to work on /home/airflow/.local/lib/python3.8/site-packages/airflow/example_dags/example_nested_branch_dag.py
[2023-09-29T18:22:09.213+0000] {processor.py:829} INFO - Processing file /home/airflow/.local/lib/python3.8/site-packages/airflow/example_dags/example_nested_branch_dag.py for tasks to queue
[2023-09-29T18:22:09.215+0000] {logging_mixin.py:151} INFO - [2023-09-29T18:22:09.215+0000] {dagbag.py:539} INFO - Filling up the DagBag from /home/airflow/.local/lib/python3.8/site-packages/airflow/example_dags/example_nested_branch_dag.py
[2023-09-29T18:22:09.225+0000] {processor.py:839} INFO - DAG(s) dict_keys(['example_nested_branch_dag']) retrieved from /home/airflow/.local/lib/python3.8/site-packages/airflow/example_dags/example_nested_branch_dag.py
[2023-09-29T18:22:09.253+0000] {logging_mixin.py:151} INFO - [2023-09-29T18:22:09.253+0000] {dag.py:2915} INFO - Sync 1 DAGs
[2023-09-29T18:22:09.286+0000] {logging_mixin.py:151} INFO - [2023-09-29T18:22:09.285+0000] {dag.py:3696} INFO - Setting next_dagrun for example_nested_branch_dag to 2023-09-28T00:00:00+00:00, run_after=2023-09-29T00:00:00+00:00
[2023-09-29T18:22:09.310+0000] {processor.py:179} INFO - Processing /home/airflow/.local/lib/python3.8/site-packages/airflow/example_dags/example_nested_branch_dag.py took 0.104 seconds
[2023-09-29T18:22:39.351+0000] {processor.py:157} INFO - Started process (PID=1713) to work on /home/airflow/.local/lib/python3.8/site-packages/airflow/example_dags/example_nested_branch_dag.py
[2023-09-29T18:22:39.353+0000] {processor.py:829} INFO - Processing file /home/airflow/.local/lib/python3.8/site-packages/airflow/example_dags/example_nested_branch_dag.py for tasks to queue
[2023-09-29T18:22:39.356+0000] {logging_mixin.py:151} INFO - [2023-09-29T18:22:39.356+0000] {dagbag.py:539} INFO - Filling up the DagBag from /home/airflow/.local/lib/python3.8/site-packages/airflow/example_dags/example_nested_branch_dag.py
[2023-09-29T18:22:39.380+0000] {processor.py:839} INFO - DAG(s) dict_keys(['example_nested_branch_dag']) retrieved from /home/airflow/.local/lib/python3.8/site-packages/airflow/example_dags/example_nested_branch_dag.py
[2023-09-29T18:22:39.405+0000] {logging_mixin.py:151} INFO - [2023-09-29T18:22:39.405+0000] {dag.py:2915} INFO - Sync 1 DAGs
[2023-09-29T18:22:39.426+0000] {logging_mixin.py:151} INFO - [2023-09-29T18:22:39.426+0000] {dag.py:3696} INFO - Setting next_dagrun for example_nested_branch_dag to 2023-09-28T00:00:00+00:00, run_after=2023-09-29T00:00:00+00:00
[2023-09-29T18:22:39.442+0000] {processor.py:179} INFO - Processing /home/airflow/.local/lib/python3.8/site-packages/airflow/example_dags/example_nested_branch_dag.py took 0.094 seconds
[2023-09-29T18:23:10.610+0000] {processor.py:157} INFO - Started process (PID=1770) to work on /home/airflow/.local/lib/python3.8/site-packages/airflow/example_dags/example_nested_branch_dag.py
[2023-09-29T18:23:10.612+0000] {processor.py:829} INFO - Processing file /home/airflow/.local/lib/python3.8/site-packages/airflow/example_dags/example_nested_branch_dag.py for tasks to queue
[2023-09-29T18:23:10.614+0000] {logging_mixin.py:151} INFO - [2023-09-29T18:23:10.614+0000] {dagbag.py:539} INFO - Filling up the DagBag from /home/airflow/.local/lib/python3.8/site-packages/airflow/example_dags/example_nested_branch_dag.py
[2023-09-29T18:23:10.625+0000] {processor.py:839} INFO - DAG(s) dict_keys(['example_nested_branch_dag']) retrieved from /home/airflow/.local/lib/python3.8/site-packages/airflow/example_dags/example_nested_branch_dag.py
[2023-09-29T18:23:10.649+0000] {logging_mixin.py:151} INFO - [2023-09-29T18:23:10.648+0000] {dag.py:2915} INFO - Sync 1 DAGs
[2023-09-29T18:23:10.669+0000] {logging_mixin.py:151} INFO - [2023-09-29T18:23:10.669+0000] {dag.py:3696} INFO - Setting next_dagrun for example_nested_branch_dag to 2023-09-28T00:00:00+00:00, run_after=2023-09-29T00:00:00+00:00
[2023-09-29T18:23:10.683+0000] {processor.py:179} INFO - Processing /home/airflow/.local/lib/python3.8/site-packages/airflow/example_dags/example_nested_branch_dag.py took 0.077 seconds
[2023-09-29T18:23:40.750+0000] {processor.py:157} INFO - Started process (PID=1824) to work on /home/airflow/.local/lib/python3.8/site-packages/airflow/example_dags/example_nested_branch_dag.py
[2023-09-29T18:23:40.752+0000] {processor.py:829} INFO - Processing file /home/airflow/.local/lib/python3.8/site-packages/airflow/example_dags/example_nested_branch_dag.py for tasks to queue
[2023-09-29T18:23:40.755+0000] {logging_mixin.py:151} INFO - [2023-09-29T18:23:40.755+0000] {dagbag.py:539} INFO - Filling up the DagBag from /home/airflow/.local/lib/python3.8/site-packages/airflow/example_dags/example_nested_branch_dag.py
[2023-09-29T18:23:40.773+0000] {processor.py:839} INFO - DAG(s) dict_keys(['example_nested_branch_dag']) retrieved from /home/airflow/.local/lib/python3.8/site-packages/airflow/example_dags/example_nested_branch_dag.py
[2023-09-29T18:23:40.796+0000] {logging_mixin.py:151} INFO - [2023-09-29T18:23:40.796+0000] {dag.py:2915} INFO - Sync 1 DAGs
[2023-09-29T18:23:40.822+0000] {logging_mixin.py:151} INFO - [2023-09-29T18:23:40.822+0000] {dag.py:3696} INFO - Setting next_dagrun for example_nested_branch_dag to 2023-09-28T00:00:00+00:00, run_after=2023-09-29T00:00:00+00:00
[2023-09-29T18:23:40.836+0000] {processor.py:179} INFO - Processing /home/airflow/.local/lib/python3.8/site-packages/airflow/example_dags/example_nested_branch_dag.py took 0.091 seconds
[2023-09-29T18:24:11.206+0000] {processor.py:157} INFO - Started process (PID=1880) to work on /home/airflow/.local/lib/python3.8/site-packages/airflow/example_dags/example_nested_branch_dag.py
[2023-09-29T18:24:11.209+0000] {processor.py:829} INFO - Processing file /home/airflow/.local/lib/python3.8/site-packages/airflow/example_dags/example_nested_branch_dag.py for tasks to queue
[2023-09-29T18:24:11.211+0000] {logging_mixin.py:151} INFO - [2023-09-29T18:24:11.211+0000] {dagbag.py:539} INFO - Filling up the DagBag from /home/airflow/.local/lib/python3.8/site-packages/airflow/example_dags/example_nested_branch_dag.py
[2023-09-29T18:24:11.220+0000] {processor.py:839} INFO - DAG(s) dict_keys(['example_nested_branch_dag']) retrieved from /home/airflow/.local/lib/python3.8/site-packages/airflow/example_dags/example_nested_branch_dag.py
[2023-09-29T18:24:11.237+0000] {logging_mixin.py:151} INFO - [2023-09-29T18:24:11.237+0000] {dag.py:2915} INFO - Sync 1 DAGs
[2023-09-29T18:24:11.255+0000] {logging_mixin.py:151} INFO - [2023-09-29T18:24:11.254+0000] {dag.py:3696} INFO - Setting next_dagrun for example_nested_branch_dag to 2023-09-28T00:00:00+00:00, run_after=2023-09-29T00:00:00+00:00
[2023-09-29T18:24:11.266+0000] {processor.py:179} INFO - Processing /home/airflow/.local/lib/python3.8/site-packages/airflow/example_dags/example_nested_branch_dag.py took 0.063 seconds
[2023-09-29T18:24:41.402+0000] {processor.py:157} INFO - Started process (PID=1935) to work on /home/airflow/.local/lib/python3.8/site-packages/airflow/example_dags/example_nested_branch_dag.py
[2023-09-29T18:24:41.404+0000] {processor.py:829} INFO - Processing file /home/airflow/.local/lib/python3.8/site-packages/airflow/example_dags/example_nested_branch_dag.py for tasks to queue
[2023-09-29T18:24:41.412+0000] {logging_mixin.py:151} INFO - [2023-09-29T18:24:41.411+0000] {dagbag.py:539} INFO - Filling up the DagBag from /home/airflow/.local/lib/python3.8/site-packages/airflow/example_dags/example_nested_branch_dag.py
[2023-09-29T18:24:41.424+0000] {processor.py:839} INFO - DAG(s) dict_keys(['example_nested_branch_dag']) retrieved from /home/airflow/.local/lib/python3.8/site-packages/airflow/example_dags/example_nested_branch_dag.py
[2023-09-29T18:24:41.450+0000] {logging_mixin.py:151} INFO - [2023-09-29T18:24:41.450+0000] {dag.py:2915} INFO - Sync 1 DAGs
[2023-09-29T18:24:41.470+0000] {logging_mixin.py:151} INFO - [2023-09-29T18:24:41.470+0000] {dag.py:3696} INFO - Setting next_dagrun for example_nested_branch_dag to 2023-09-28T00:00:00+00:00, run_after=2023-09-29T00:00:00+00:00
[2023-09-29T18:24:41.486+0000] {processor.py:179} INFO - Processing /home/airflow/.local/lib/python3.8/site-packages/airflow/example_dags/example_nested_branch_dag.py took 0.090 seconds
[2023-09-29T18:25:11.636+0000] {processor.py:157} INFO - Started process (PID=1989) to work on /home/airflow/.local/lib/python3.8/site-packages/airflow/example_dags/example_nested_branch_dag.py
[2023-09-29T18:25:11.637+0000] {processor.py:829} INFO - Processing file /home/airflow/.local/lib/python3.8/site-packages/airflow/example_dags/example_nested_branch_dag.py for tasks to queue
[2023-09-29T18:25:11.640+0000] {logging_mixin.py:151} INFO - [2023-09-29T18:25:11.639+0000] {dagbag.py:539} INFO - Filling up the DagBag from /home/airflow/.local/lib/python3.8/site-packages/airflow/example_dags/example_nested_branch_dag.py
[2023-09-29T18:25:11.655+0000] {processor.py:839} INFO - DAG(s) dict_keys(['example_nested_branch_dag']) retrieved from /home/airflow/.local/lib/python3.8/site-packages/airflow/example_dags/example_nested_branch_dag.py
[2023-09-29T18:25:11.673+0000] {logging_mixin.py:151} INFO - [2023-09-29T18:25:11.673+0000] {dag.py:2915} INFO - Sync 1 DAGs
[2023-09-29T18:25:11.691+0000] {logging_mixin.py:151} INFO - [2023-09-29T18:25:11.691+0000] {dag.py:3696} INFO - Setting next_dagrun for example_nested_branch_dag to 2023-09-28T00:00:00+00:00, run_after=2023-09-29T00:00:00+00:00
[2023-09-29T18:25:11.704+0000] {processor.py:179} INFO - Processing /home/airflow/.local/lib/python3.8/site-packages/airflow/example_dags/example_nested_branch_dag.py took 0.071 seconds
