[2023-09-29T18:07:12.161+0000] {processor.py:157} INFO - Started process (PID=34) to work on /home/airflow/.local/lib/python3.8/site-packages/airflow/example_dags/tutorial_dag.py
[2023-09-29T18:07:12.162+0000] {processor.py:829} INFO - Processing file /home/airflow/.local/lib/python3.8/site-packages/airflow/example_dags/tutorial_dag.py for tasks to queue
[2023-09-29T18:07:12.164+0000] {logging_mixin.py:151} INFO - [2023-09-29T18:07:12.164+0000] {dagbag.py:539} INFO - Filling up the DagBag from /home/airflow/.local/lib/python3.8/site-packages/airflow/example_dags/tutorial_dag.py
[2023-09-29T18:07:12.175+0000] {processor.py:839} INFO - DAG(s) dict_keys(['tutorial_dag']) retrieved from /home/airflow/.local/lib/python3.8/site-packages/airflow/example_dags/tutorial_dag.py
[2023-09-29T18:07:12.198+0000] {logging_mixin.py:151} INFO - [2023-09-29T18:07:12.198+0000] {dag.py:2915} INFO - Sync 1 DAGs
[2023-09-29T18:07:12.222+0000] {logging_mixin.py:151} INFO - [2023-09-29T18:07:12.222+0000] {dag.py:3696} INFO - Setting next_dagrun for tutorial_dag to None, run_after=None
[2023-09-29T18:07:12.246+0000] {processor.py:179} INFO - Processing /home/airflow/.local/lib/python3.8/site-packages/airflow/example_dags/tutorial_dag.py took 0.089 seconds
[2023-09-29T18:07:44.492+0000] {processor.py:157} INFO - Started process (PID=93) to work on /home/airflow/.local/lib/python3.8/site-packages/airflow/example_dags/tutorial_dag.py
[2023-09-29T18:07:44.496+0000] {processor.py:829} INFO - Processing file /home/airflow/.local/lib/python3.8/site-packages/airflow/example_dags/tutorial_dag.py for tasks to queue
[2023-09-29T18:07:44.521+0000] {logging_mixin.py:151} INFO - [2023-09-29T18:07:44.518+0000] {dagbag.py:539} INFO - Filling up the DagBag from /home/airflow/.local/lib/python3.8/site-packages/airflow/example_dags/tutorial_dag.py
[2023-09-29T18:07:44.571+0000] {processor.py:839} INFO - DAG(s) dict_keys(['tutorial_dag']) retrieved from /home/airflow/.local/lib/python3.8/site-packages/airflow/example_dags/tutorial_dag.py
[2023-09-29T18:07:44.767+0000] {logging_mixin.py:151} INFO - [2023-09-29T18:07:44.766+0000] {dag.py:2915} INFO - Sync 1 DAGs
[2023-09-29T18:07:44.872+0000] {logging_mixin.py:151} INFO - [2023-09-29T18:07:44.871+0000] {dag.py:3696} INFO - Setting next_dagrun for tutorial_dag to None, run_after=None
[2023-09-29T18:07:45.010+0000] {processor.py:179} INFO - Processing /home/airflow/.local/lib/python3.8/site-packages/airflow/example_dags/tutorial_dag.py took 0.534 seconds
[2023-09-29T18:08:15.266+0000] {processor.py:157} INFO - Started process (PID=147) to work on /home/airflow/.local/lib/python3.8/site-packages/airflow/example_dags/tutorial_dag.py
[2023-09-29T18:08:15.267+0000] {processor.py:829} INFO - Processing file /home/airflow/.local/lib/python3.8/site-packages/airflow/example_dags/tutorial_dag.py for tasks to queue
[2023-09-29T18:08:15.268+0000] {logging_mixin.py:151} INFO - [2023-09-29T18:08:15.268+0000] {dagbag.py:539} INFO - Filling up the DagBag from /home/airflow/.local/lib/python3.8/site-packages/airflow/example_dags/tutorial_dag.py
[2023-09-29T18:08:15.274+0000] {processor.py:839} INFO - DAG(s) dict_keys(['tutorial_dag']) retrieved from /home/airflow/.local/lib/python3.8/site-packages/airflow/example_dags/tutorial_dag.py
[2023-09-29T18:08:15.290+0000] {logging_mixin.py:151} INFO - [2023-09-29T18:08:15.290+0000] {dag.py:2915} INFO - Sync 1 DAGs
[2023-09-29T18:08:15.299+0000] {logging_mixin.py:151} INFO - [2023-09-29T18:08:15.299+0000] {dag.py:3696} INFO - Setting next_dagrun for tutorial_dag to None, run_after=None
[2023-09-29T18:08:15.310+0000] {processor.py:179} INFO - Processing /home/airflow/.local/lib/python3.8/site-packages/airflow/example_dags/tutorial_dag.py took 0.048 seconds
[2023-09-29T18:08:45.974+0000] {processor.py:157} INFO - Started process (PID=202) to work on /home/airflow/.local/lib/python3.8/site-packages/airflow/example_dags/tutorial_dag.py
[2023-09-29T18:08:45.975+0000] {processor.py:829} INFO - Processing file /home/airflow/.local/lib/python3.8/site-packages/airflow/example_dags/tutorial_dag.py for tasks to queue
[2023-09-29T18:08:45.977+0000] {logging_mixin.py:151} INFO - [2023-09-29T18:08:45.977+0000] {dagbag.py:539} INFO - Filling up the DagBag from /home/airflow/.local/lib/python3.8/site-packages/airflow/example_dags/tutorial_dag.py
[2023-09-29T18:08:45.982+0000] {processor.py:839} INFO - DAG(s) dict_keys(['tutorial_dag']) retrieved from /home/airflow/.local/lib/python3.8/site-packages/airflow/example_dags/tutorial_dag.py
[2023-09-29T18:08:46.003+0000] {logging_mixin.py:151} INFO - [2023-09-29T18:08:46.002+0000] {dag.py:2915} INFO - Sync 1 DAGs
[2023-09-29T18:08:46.015+0000] {logging_mixin.py:151} INFO - [2023-09-29T18:08:46.015+0000] {dag.py:3696} INFO - Setting next_dagrun for tutorial_dag to None, run_after=None
[2023-09-29T18:08:46.027+0000] {processor.py:179} INFO - Processing /home/airflow/.local/lib/python3.8/site-packages/airflow/example_dags/tutorial_dag.py took 0.057 seconds
[2023-09-29T18:09:16.572+0000] {processor.py:157} INFO - Started process (PID=257) to work on /home/airflow/.local/lib/python3.8/site-packages/airflow/example_dags/tutorial_dag.py
[2023-09-29T18:09:16.573+0000] {processor.py:829} INFO - Processing file /home/airflow/.local/lib/python3.8/site-packages/airflow/example_dags/tutorial_dag.py for tasks to queue
[2023-09-29T18:09:16.575+0000] {logging_mixin.py:151} INFO - [2023-09-29T18:09:16.575+0000] {dagbag.py:539} INFO - Filling up the DagBag from /home/airflow/.local/lib/python3.8/site-packages/airflow/example_dags/tutorial_dag.py
[2023-09-29T18:09:16.579+0000] {processor.py:839} INFO - DAG(s) dict_keys(['tutorial_dag']) retrieved from /home/airflow/.local/lib/python3.8/site-packages/airflow/example_dags/tutorial_dag.py
[2023-09-29T18:09:16.596+0000] {logging_mixin.py:151} INFO - [2023-09-29T18:09:16.596+0000] {dag.py:2915} INFO - Sync 1 DAGs
[2023-09-29T18:09:16.605+0000] {logging_mixin.py:151} INFO - [2023-09-29T18:09:16.605+0000] {dag.py:3696} INFO - Setting next_dagrun for tutorial_dag to None, run_after=None
[2023-09-29T18:09:16.616+0000] {processor.py:179} INFO - Processing /home/airflow/.local/lib/python3.8/site-packages/airflow/example_dags/tutorial_dag.py took 0.048 seconds
[2023-09-29T18:09:47.048+0000] {processor.py:157} INFO - Started process (PID=312) to work on /home/airflow/.local/lib/python3.8/site-packages/airflow/example_dags/tutorial_dag.py
[2023-09-29T18:09:47.050+0000] {processor.py:829} INFO - Processing file /home/airflow/.local/lib/python3.8/site-packages/airflow/example_dags/tutorial_dag.py for tasks to queue
[2023-09-29T18:09:47.052+0000] {logging_mixin.py:151} INFO - [2023-09-29T18:09:47.051+0000] {dagbag.py:539} INFO - Filling up the DagBag from /home/airflow/.local/lib/python3.8/site-packages/airflow/example_dags/tutorial_dag.py
[2023-09-29T18:09:47.056+0000] {processor.py:839} INFO - DAG(s) dict_keys(['tutorial_dag']) retrieved from /home/airflow/.local/lib/python3.8/site-packages/airflow/example_dags/tutorial_dag.py
[2023-09-29T18:09:47.072+0000] {logging_mixin.py:151} INFO - [2023-09-29T18:09:47.072+0000] {dag.py:2915} INFO - Sync 1 DAGs
[2023-09-29T18:09:47.082+0000] {logging_mixin.py:151} INFO - [2023-09-29T18:09:47.081+0000] {dag.py:3696} INFO - Setting next_dagrun for tutorial_dag to None, run_after=None
[2023-09-29T18:09:47.092+0000] {processor.py:179} INFO - Processing /home/airflow/.local/lib/python3.8/site-packages/airflow/example_dags/tutorial_dag.py took 0.047 seconds
[2023-09-29T18:10:17.546+0000] {processor.py:157} INFO - Started process (PID=367) to work on /home/airflow/.local/lib/python3.8/site-packages/airflow/example_dags/tutorial_dag.py
[2023-09-29T18:10:17.548+0000] {processor.py:829} INFO - Processing file /home/airflow/.local/lib/python3.8/site-packages/airflow/example_dags/tutorial_dag.py for tasks to queue
[2023-09-29T18:10:17.550+0000] {logging_mixin.py:151} INFO - [2023-09-29T18:10:17.550+0000] {dagbag.py:539} INFO - Filling up the DagBag from /home/airflow/.local/lib/python3.8/site-packages/airflow/example_dags/tutorial_dag.py
[2023-09-29T18:10:17.558+0000] {processor.py:839} INFO - DAG(s) dict_keys(['tutorial_dag']) retrieved from /home/airflow/.local/lib/python3.8/site-packages/airflow/example_dags/tutorial_dag.py
[2023-09-29T18:10:17.580+0000] {logging_mixin.py:151} INFO - [2023-09-29T18:10:17.580+0000] {dag.py:2915} INFO - Sync 1 DAGs
[2023-09-29T18:10:17.592+0000] {logging_mixin.py:151} INFO - [2023-09-29T18:10:17.591+0000] {dag.py:3696} INFO - Setting next_dagrun for tutorial_dag to None, run_after=None
[2023-09-29T18:10:17.604+0000] {processor.py:179} INFO - Processing /home/airflow/.local/lib/python3.8/site-packages/airflow/example_dags/tutorial_dag.py took 0.061 seconds
[2023-09-29T18:10:47.800+0000] {processor.py:157} INFO - Started process (PID=423) to work on /home/airflow/.local/lib/python3.8/site-packages/airflow/example_dags/tutorial_dag.py
[2023-09-29T18:10:47.801+0000] {processor.py:829} INFO - Processing file /home/airflow/.local/lib/python3.8/site-packages/airflow/example_dags/tutorial_dag.py for tasks to queue
[2023-09-29T18:10:47.803+0000] {logging_mixin.py:151} INFO - [2023-09-29T18:10:47.803+0000] {dagbag.py:539} INFO - Filling up the DagBag from /home/airflow/.local/lib/python3.8/site-packages/airflow/example_dags/tutorial_dag.py
[2023-09-29T18:10:47.811+0000] {processor.py:839} INFO - DAG(s) dict_keys(['tutorial_dag']) retrieved from /home/airflow/.local/lib/python3.8/site-packages/airflow/example_dags/tutorial_dag.py
[2023-09-29T18:10:47.827+0000] {logging_mixin.py:151} INFO - [2023-09-29T18:10:47.827+0000] {dag.py:2915} INFO - Sync 1 DAGs
[2023-09-29T18:10:47.836+0000] {logging_mixin.py:151} INFO - [2023-09-29T18:10:47.836+0000] {dag.py:3696} INFO - Setting next_dagrun for tutorial_dag to None, run_after=None
[2023-09-29T18:10:47.847+0000] {processor.py:179} INFO - Processing /home/airflow/.local/lib/python3.8/site-packages/airflow/example_dags/tutorial_dag.py took 0.051 seconds
[2023-09-29T18:11:18.010+0000] {processor.py:157} INFO - Started process (PID=478) to work on /home/airflow/.local/lib/python3.8/site-packages/airflow/example_dags/tutorial_dag.py
[2023-09-29T18:11:18.012+0000] {processor.py:829} INFO - Processing file /home/airflow/.local/lib/python3.8/site-packages/airflow/example_dags/tutorial_dag.py for tasks to queue
[2023-09-29T18:11:18.015+0000] {logging_mixin.py:151} INFO - [2023-09-29T18:11:18.015+0000] {dagbag.py:539} INFO - Filling up the DagBag from /home/airflow/.local/lib/python3.8/site-packages/airflow/example_dags/tutorial_dag.py
[2023-09-29T18:11:18.025+0000] {processor.py:839} INFO - DAG(s) dict_keys(['tutorial_dag']) retrieved from /home/airflow/.local/lib/python3.8/site-packages/airflow/example_dags/tutorial_dag.py
[2023-09-29T18:11:18.048+0000] {logging_mixin.py:151} INFO - [2023-09-29T18:11:18.048+0000] {dag.py:2915} INFO - Sync 1 DAGs
[2023-09-29T18:11:18.059+0000] {logging_mixin.py:151} INFO - [2023-09-29T18:11:18.059+0000] {dag.py:3696} INFO - Setting next_dagrun for tutorial_dag to None, run_after=None
[2023-09-29T18:11:18.073+0000] {processor.py:179} INFO - Processing /home/airflow/.local/lib/python3.8/site-packages/airflow/example_dags/tutorial_dag.py took 0.069 seconds
[2023-09-29T18:11:48.478+0000] {processor.py:157} INFO - Started process (PID=533) to work on /home/airflow/.local/lib/python3.8/site-packages/airflow/example_dags/tutorial_dag.py
[2023-09-29T18:11:48.480+0000] {processor.py:829} INFO - Processing file /home/airflow/.local/lib/python3.8/site-packages/airflow/example_dags/tutorial_dag.py for tasks to queue
[2023-09-29T18:11:48.482+0000] {logging_mixin.py:151} INFO - [2023-09-29T18:11:48.482+0000] {dagbag.py:539} INFO - Filling up the DagBag from /home/airflow/.local/lib/python3.8/site-packages/airflow/example_dags/tutorial_dag.py
[2023-09-29T18:11:48.487+0000] {processor.py:839} INFO - DAG(s) dict_keys(['tutorial_dag']) retrieved from /home/airflow/.local/lib/python3.8/site-packages/airflow/example_dags/tutorial_dag.py
[2023-09-29T18:11:48.502+0000] {logging_mixin.py:151} INFO - [2023-09-29T18:11:48.502+0000] {dag.py:2915} INFO - Sync 1 DAGs
[2023-09-29T18:11:48.512+0000] {logging_mixin.py:151} INFO - [2023-09-29T18:11:48.512+0000] {dag.py:3696} INFO - Setting next_dagrun for tutorial_dag to None, run_after=None
[2023-09-29T18:11:48.524+0000] {processor.py:179} INFO - Processing /home/airflow/.local/lib/python3.8/site-packages/airflow/example_dags/tutorial_dag.py took 0.049 seconds
[2023-09-29T18:12:19.181+0000] {processor.py:157} INFO - Started process (PID=588) to work on /home/airflow/.local/lib/python3.8/site-packages/airflow/example_dags/tutorial_dag.py
[2023-09-29T18:12:19.182+0000] {processor.py:829} INFO - Processing file /home/airflow/.local/lib/python3.8/site-packages/airflow/example_dags/tutorial_dag.py for tasks to queue
[2023-09-29T18:12:19.184+0000] {logging_mixin.py:151} INFO - [2023-09-29T18:12:19.184+0000] {dagbag.py:539} INFO - Filling up the DagBag from /home/airflow/.local/lib/python3.8/site-packages/airflow/example_dags/tutorial_dag.py
[2023-09-29T18:12:19.189+0000] {processor.py:839} INFO - DAG(s) dict_keys(['tutorial_dag']) retrieved from /home/airflow/.local/lib/python3.8/site-packages/airflow/example_dags/tutorial_dag.py
[2023-09-29T18:12:19.205+0000] {logging_mixin.py:151} INFO - [2023-09-29T18:12:19.204+0000] {dag.py:2915} INFO - Sync 1 DAGs
[2023-09-29T18:12:19.215+0000] {logging_mixin.py:151} INFO - [2023-09-29T18:12:19.215+0000] {dag.py:3696} INFO - Setting next_dagrun for tutorial_dag to None, run_after=None
[2023-09-29T18:12:19.228+0000] {processor.py:179} INFO - Processing /home/airflow/.local/lib/python3.8/site-packages/airflow/example_dags/tutorial_dag.py took 0.050 seconds
[2023-09-29T18:12:49.474+0000] {processor.py:157} INFO - Started process (PID=644) to work on /home/airflow/.local/lib/python3.8/site-packages/airflow/example_dags/tutorial_dag.py
[2023-09-29T18:12:49.475+0000] {processor.py:829} INFO - Processing file /home/airflow/.local/lib/python3.8/site-packages/airflow/example_dags/tutorial_dag.py for tasks to queue
[2023-09-29T18:12:49.477+0000] {logging_mixin.py:151} INFO - [2023-09-29T18:12:49.477+0000] {dagbag.py:539} INFO - Filling up the DagBag from /home/airflow/.local/lib/python3.8/site-packages/airflow/example_dags/tutorial_dag.py
[2023-09-29T18:12:49.482+0000] {processor.py:839} INFO - DAG(s) dict_keys(['tutorial_dag']) retrieved from /home/airflow/.local/lib/python3.8/site-packages/airflow/example_dags/tutorial_dag.py
[2023-09-29T18:12:49.503+0000] {logging_mixin.py:151} INFO - [2023-09-29T18:12:49.502+0000] {dag.py:2915} INFO - Sync 1 DAGs
[2023-09-29T18:12:49.516+0000] {logging_mixin.py:151} INFO - [2023-09-29T18:12:49.515+0000] {dag.py:3696} INFO - Setting next_dagrun for tutorial_dag to None, run_after=None
[2023-09-29T18:12:49.529+0000] {processor.py:179} INFO - Processing /home/airflow/.local/lib/python3.8/site-packages/airflow/example_dags/tutorial_dag.py took 0.058 seconds
[2023-09-29T18:13:20.090+0000] {processor.py:157} INFO - Started process (PID=699) to work on /home/airflow/.local/lib/python3.8/site-packages/airflow/example_dags/tutorial_dag.py
[2023-09-29T18:13:20.091+0000] {processor.py:829} INFO - Processing file /home/airflow/.local/lib/python3.8/site-packages/airflow/example_dags/tutorial_dag.py for tasks to queue
[2023-09-29T18:13:20.093+0000] {logging_mixin.py:151} INFO - [2023-09-29T18:13:20.093+0000] {dagbag.py:539} INFO - Filling up the DagBag from /home/airflow/.local/lib/python3.8/site-packages/airflow/example_dags/tutorial_dag.py
[2023-09-29T18:13:20.098+0000] {processor.py:839} INFO - DAG(s) dict_keys(['tutorial_dag']) retrieved from /home/airflow/.local/lib/python3.8/site-packages/airflow/example_dags/tutorial_dag.py
[2023-09-29T18:13:20.113+0000] {logging_mixin.py:151} INFO - [2023-09-29T18:13:20.113+0000] {dag.py:2915} INFO - Sync 1 DAGs
[2023-09-29T18:13:20.122+0000] {logging_mixin.py:151} INFO - [2023-09-29T18:13:20.122+0000] {dag.py:3696} INFO - Setting next_dagrun for tutorial_dag to None, run_after=None
[2023-09-29T18:13:20.134+0000] {processor.py:179} INFO - Processing /home/airflow/.local/lib/python3.8/site-packages/airflow/example_dags/tutorial_dag.py took 0.047 seconds
[2023-09-29T18:13:50.761+0000] {processor.py:157} INFO - Started process (PID=754) to work on /home/airflow/.local/lib/python3.8/site-packages/airflow/example_dags/tutorial_dag.py
[2023-09-29T18:13:50.764+0000] {processor.py:829} INFO - Processing file /home/airflow/.local/lib/python3.8/site-packages/airflow/example_dags/tutorial_dag.py for tasks to queue
[2023-09-29T18:13:50.769+0000] {logging_mixin.py:151} INFO - [2023-09-29T18:13:50.769+0000] {dagbag.py:539} INFO - Filling up the DagBag from /home/airflow/.local/lib/python3.8/site-packages/airflow/example_dags/tutorial_dag.py
[2023-09-29T18:13:50.776+0000] {processor.py:839} INFO - DAG(s) dict_keys(['tutorial_dag']) retrieved from /home/airflow/.local/lib/python3.8/site-packages/airflow/example_dags/tutorial_dag.py
[2023-09-29T18:13:50.846+0000] {logging_mixin.py:151} INFO - [2023-09-29T18:13:50.845+0000] {dag.py:2915} INFO - Sync 1 DAGs
[2023-09-29T18:13:50.864+0000] {logging_mixin.py:151} INFO - [2023-09-29T18:13:50.864+0000] {dag.py:3696} INFO - Setting next_dagrun for tutorial_dag to None, run_after=None
[2023-09-29T18:13:50.890+0000] {processor.py:179} INFO - Processing /home/airflow/.local/lib/python3.8/site-packages/airflow/example_dags/tutorial_dag.py took 0.135 seconds
[2023-09-29T18:14:21.130+0000] {processor.py:157} INFO - Started process (PID=808) to work on /home/airflow/.local/lib/python3.8/site-packages/airflow/example_dags/tutorial_dag.py
[2023-09-29T18:14:21.131+0000] {processor.py:829} INFO - Processing file /home/airflow/.local/lib/python3.8/site-packages/airflow/example_dags/tutorial_dag.py for tasks to queue
[2023-09-29T18:14:21.133+0000] {logging_mixin.py:151} INFO - [2023-09-29T18:14:21.132+0000] {dagbag.py:539} INFO - Filling up the DagBag from /home/airflow/.local/lib/python3.8/site-packages/airflow/example_dags/tutorial_dag.py
[2023-09-29T18:14:21.137+0000] {processor.py:839} INFO - DAG(s) dict_keys(['tutorial_dag']) retrieved from /home/airflow/.local/lib/python3.8/site-packages/airflow/example_dags/tutorial_dag.py
[2023-09-29T18:14:21.154+0000] {logging_mixin.py:151} INFO - [2023-09-29T18:14:21.154+0000] {dag.py:2915} INFO - Sync 1 DAGs
[2023-09-29T18:14:21.165+0000] {logging_mixin.py:151} INFO - [2023-09-29T18:14:21.165+0000] {dag.py:3696} INFO - Setting next_dagrun for tutorial_dag to None, run_after=None
[2023-09-29T18:14:21.176+0000] {processor.py:179} INFO - Processing /home/airflow/.local/lib/python3.8/site-packages/airflow/example_dags/tutorial_dag.py took 0.050 seconds
[2023-09-29T18:14:51.701+0000] {processor.py:157} INFO - Started process (PID=863) to work on /home/airflow/.local/lib/python3.8/site-packages/airflow/example_dags/tutorial_dag.py
[2023-09-29T18:14:51.702+0000] {processor.py:829} INFO - Processing file /home/airflow/.local/lib/python3.8/site-packages/airflow/example_dags/tutorial_dag.py for tasks to queue
[2023-09-29T18:14:51.705+0000] {logging_mixin.py:151} INFO - [2023-09-29T18:14:51.705+0000] {dagbag.py:539} INFO - Filling up the DagBag from /home/airflow/.local/lib/python3.8/site-packages/airflow/example_dags/tutorial_dag.py
[2023-09-29T18:14:51.713+0000] {processor.py:839} INFO - DAG(s) dict_keys(['tutorial_dag']) retrieved from /home/airflow/.local/lib/python3.8/site-packages/airflow/example_dags/tutorial_dag.py
[2023-09-29T18:14:51.735+0000] {logging_mixin.py:151} INFO - [2023-09-29T18:14:51.735+0000] {dag.py:2915} INFO - Sync 1 DAGs
[2023-09-29T18:14:51.745+0000] {logging_mixin.py:151} INFO - [2023-09-29T18:14:51.745+0000] {dag.py:3696} INFO - Setting next_dagrun for tutorial_dag to None, run_after=None
[2023-09-29T18:14:51.757+0000] {processor.py:179} INFO - Processing /home/airflow/.local/lib/python3.8/site-packages/airflow/example_dags/tutorial_dag.py took 0.061 seconds
[2023-09-29T18:15:21.928+0000] {processor.py:157} INFO - Started process (PID=918) to work on /home/airflow/.local/lib/python3.8/site-packages/airflow/example_dags/tutorial_dag.py
[2023-09-29T18:15:21.931+0000] {processor.py:829} INFO - Processing file /home/airflow/.local/lib/python3.8/site-packages/airflow/example_dags/tutorial_dag.py for tasks to queue
[2023-09-29T18:15:21.933+0000] {logging_mixin.py:151} INFO - [2023-09-29T18:15:21.933+0000] {dagbag.py:539} INFO - Filling up the DagBag from /home/airflow/.local/lib/python3.8/site-packages/airflow/example_dags/tutorial_dag.py
[2023-09-29T18:15:21.942+0000] {processor.py:839} INFO - DAG(s) dict_keys(['tutorial_dag']) retrieved from /home/airflow/.local/lib/python3.8/site-packages/airflow/example_dags/tutorial_dag.py
[2023-09-29T18:15:21.963+0000] {logging_mixin.py:151} INFO - [2023-09-29T18:15:21.963+0000] {dag.py:2915} INFO - Sync 1 DAGs
[2023-09-29T18:15:21.972+0000] {logging_mixin.py:151} INFO - [2023-09-29T18:15:21.972+0000] {dag.py:3696} INFO - Setting next_dagrun for tutorial_dag to None, run_after=None
[2023-09-29T18:15:21.984+0000] {processor.py:179} INFO - Processing /home/airflow/.local/lib/python3.8/site-packages/airflow/example_dags/tutorial_dag.py took 0.060 seconds
[2023-09-29T18:15:52.578+0000] {processor.py:157} INFO - Started process (PID=973) to work on /home/airflow/.local/lib/python3.8/site-packages/airflow/example_dags/tutorial_dag.py
[2023-09-29T18:15:52.580+0000] {processor.py:829} INFO - Processing file /home/airflow/.local/lib/python3.8/site-packages/airflow/example_dags/tutorial_dag.py for tasks to queue
[2023-09-29T18:15:52.585+0000] {logging_mixin.py:151} INFO - [2023-09-29T18:15:52.584+0000] {dagbag.py:539} INFO - Filling up the DagBag from /home/airflow/.local/lib/python3.8/site-packages/airflow/example_dags/tutorial_dag.py
[2023-09-29T18:15:52.594+0000] {processor.py:839} INFO - DAG(s) dict_keys(['tutorial_dag']) retrieved from /home/airflow/.local/lib/python3.8/site-packages/airflow/example_dags/tutorial_dag.py
[2023-09-29T18:15:52.614+0000] {logging_mixin.py:151} INFO - [2023-09-29T18:15:52.614+0000] {dag.py:2915} INFO - Sync 1 DAGs
[2023-09-29T18:15:52.624+0000] {logging_mixin.py:151} INFO - [2023-09-29T18:15:52.624+0000] {dag.py:3696} INFO - Setting next_dagrun for tutorial_dag to None, run_after=None
[2023-09-29T18:15:52.636+0000] {processor.py:179} INFO - Processing /home/airflow/.local/lib/python3.8/site-packages/airflow/example_dags/tutorial_dag.py took 0.062 seconds
[2023-09-29T18:16:22.886+0000] {processor.py:157} INFO - Started process (PID=1028) to work on /home/airflow/.local/lib/python3.8/site-packages/airflow/example_dags/tutorial_dag.py
[2023-09-29T18:16:22.888+0000] {processor.py:829} INFO - Processing file /home/airflow/.local/lib/python3.8/site-packages/airflow/example_dags/tutorial_dag.py for tasks to queue
[2023-09-29T18:16:22.891+0000] {logging_mixin.py:151} INFO - [2023-09-29T18:16:22.891+0000] {dagbag.py:539} INFO - Filling up the DagBag from /home/airflow/.local/lib/python3.8/site-packages/airflow/example_dags/tutorial_dag.py
[2023-09-29T18:16:22.898+0000] {processor.py:839} INFO - DAG(s) dict_keys(['tutorial_dag']) retrieved from /home/airflow/.local/lib/python3.8/site-packages/airflow/example_dags/tutorial_dag.py
[2023-09-29T18:16:22.913+0000] {logging_mixin.py:151} INFO - [2023-09-29T18:16:22.913+0000] {dag.py:2915} INFO - Sync 1 DAGs
[2023-09-29T18:16:22.922+0000] {logging_mixin.py:151} INFO - [2023-09-29T18:16:22.922+0000] {dag.py:3696} INFO - Setting next_dagrun for tutorial_dag to None, run_after=None
[2023-09-29T18:16:22.933+0000] {processor.py:179} INFO - Processing /home/airflow/.local/lib/python3.8/site-packages/airflow/example_dags/tutorial_dag.py took 0.050 seconds
[2023-09-29T18:16:53.335+0000] {processor.py:157} INFO - Started process (PID=1083) to work on /home/airflow/.local/lib/python3.8/site-packages/airflow/example_dags/tutorial_dag.py
[2023-09-29T18:16:53.337+0000] {processor.py:829} INFO - Processing file /home/airflow/.local/lib/python3.8/site-packages/airflow/example_dags/tutorial_dag.py for tasks to queue
[2023-09-29T18:16:53.339+0000] {logging_mixin.py:151} INFO - [2023-09-29T18:16:53.339+0000] {dagbag.py:539} INFO - Filling up the DagBag from /home/airflow/.local/lib/python3.8/site-packages/airflow/example_dags/tutorial_dag.py
[2023-09-29T18:16:53.344+0000] {processor.py:839} INFO - DAG(s) dict_keys(['tutorial_dag']) retrieved from /home/airflow/.local/lib/python3.8/site-packages/airflow/example_dags/tutorial_dag.py
[2023-09-29T18:16:53.359+0000] {logging_mixin.py:151} INFO - [2023-09-29T18:16:53.359+0000] {dag.py:2915} INFO - Sync 1 DAGs
[2023-09-29T18:16:53.370+0000] {logging_mixin.py:151} INFO - [2023-09-29T18:16:53.369+0000] {dag.py:3696} INFO - Setting next_dagrun for tutorial_dag to None, run_after=None
[2023-09-29T18:16:53.381+0000] {processor.py:179} INFO - Processing /home/airflow/.local/lib/python3.8/site-packages/airflow/example_dags/tutorial_dag.py took 0.050 seconds
[2023-09-29T18:17:23.656+0000] {processor.py:157} INFO - Started process (PID=1139) to work on /home/airflow/.local/lib/python3.8/site-packages/airflow/example_dags/tutorial_dag.py
[2023-09-29T18:17:23.657+0000] {processor.py:829} INFO - Processing file /home/airflow/.local/lib/python3.8/site-packages/airflow/example_dags/tutorial_dag.py for tasks to queue
[2023-09-29T18:17:23.659+0000] {logging_mixin.py:151} INFO - [2023-09-29T18:17:23.659+0000] {dagbag.py:539} INFO - Filling up the DagBag from /home/airflow/.local/lib/python3.8/site-packages/airflow/example_dags/tutorial_dag.py
[2023-09-29T18:17:23.664+0000] {processor.py:839} INFO - DAG(s) dict_keys(['tutorial_dag']) retrieved from /home/airflow/.local/lib/python3.8/site-packages/airflow/example_dags/tutorial_dag.py
[2023-09-29T18:17:23.682+0000] {logging_mixin.py:151} INFO - [2023-09-29T18:17:23.682+0000] {dag.py:2915} INFO - Sync 1 DAGs
[2023-09-29T18:17:23.695+0000] {logging_mixin.py:151} INFO - [2023-09-29T18:17:23.695+0000] {dag.py:3696} INFO - Setting next_dagrun for tutorial_dag to None, run_after=None
[2023-09-29T18:17:23.709+0000] {processor.py:179} INFO - Processing /home/airflow/.local/lib/python3.8/site-packages/airflow/example_dags/tutorial_dag.py took 0.057 seconds
[2023-09-29T18:17:54.114+0000] {processor.py:157} INFO - Started process (PID=1194) to work on /home/airflow/.local/lib/python3.8/site-packages/airflow/example_dags/tutorial_dag.py
[2023-09-29T18:17:54.115+0000] {processor.py:829} INFO - Processing file /home/airflow/.local/lib/python3.8/site-packages/airflow/example_dags/tutorial_dag.py for tasks to queue
[2023-09-29T18:17:54.117+0000] {logging_mixin.py:151} INFO - [2023-09-29T18:17:54.117+0000] {dagbag.py:539} INFO - Filling up the DagBag from /home/airflow/.local/lib/python3.8/site-packages/airflow/example_dags/tutorial_dag.py
[2023-09-29T18:17:54.122+0000] {processor.py:839} INFO - DAG(s) dict_keys(['tutorial_dag']) retrieved from /home/airflow/.local/lib/python3.8/site-packages/airflow/example_dags/tutorial_dag.py
[2023-09-29T18:17:54.137+0000] {logging_mixin.py:151} INFO - [2023-09-29T18:17:54.137+0000] {dag.py:2915} INFO - Sync 1 DAGs
[2023-09-29T18:17:54.146+0000] {logging_mixin.py:151} INFO - [2023-09-29T18:17:54.146+0000] {dag.py:3696} INFO - Setting next_dagrun for tutorial_dag to None, run_after=None
[2023-09-29T18:17:54.165+0000] {processor.py:179} INFO - Processing /home/airflow/.local/lib/python3.8/site-packages/airflow/example_dags/tutorial_dag.py took 0.055 seconds
[2023-09-29T18:18:24.716+0000] {processor.py:157} INFO - Started process (PID=1249) to work on /home/airflow/.local/lib/python3.8/site-packages/airflow/example_dags/tutorial_dag.py
[2023-09-29T18:18:24.717+0000] {processor.py:829} INFO - Processing file /home/airflow/.local/lib/python3.8/site-packages/airflow/example_dags/tutorial_dag.py for tasks to queue
[2023-09-29T18:18:24.719+0000] {logging_mixin.py:151} INFO - [2023-09-29T18:18:24.719+0000] {dagbag.py:539} INFO - Filling up the DagBag from /home/airflow/.local/lib/python3.8/site-packages/airflow/example_dags/tutorial_dag.py
[2023-09-29T18:18:24.724+0000] {processor.py:839} INFO - DAG(s) dict_keys(['tutorial_dag']) retrieved from /home/airflow/.local/lib/python3.8/site-packages/airflow/example_dags/tutorial_dag.py
[2023-09-29T18:18:24.740+0000] {logging_mixin.py:151} INFO - [2023-09-29T18:18:24.740+0000] {dag.py:2915} INFO - Sync 1 DAGs
[2023-09-29T18:18:24.752+0000] {logging_mixin.py:151} INFO - [2023-09-29T18:18:24.752+0000] {dag.py:3696} INFO - Setting next_dagrun for tutorial_dag to None, run_after=None
[2023-09-29T18:18:24.764+0000] {processor.py:179} INFO - Processing /home/airflow/.local/lib/python3.8/site-packages/airflow/example_dags/tutorial_dag.py took 0.052 seconds
[2023-09-29T18:18:55.238+0000] {processor.py:157} INFO - Started process (PID=1304) to work on /home/airflow/.local/lib/python3.8/site-packages/airflow/example_dags/tutorial_dag.py
[2023-09-29T18:18:55.239+0000] {processor.py:829} INFO - Processing file /home/airflow/.local/lib/python3.8/site-packages/airflow/example_dags/tutorial_dag.py for tasks to queue
[2023-09-29T18:18:55.241+0000] {logging_mixin.py:151} INFO - [2023-09-29T18:18:55.241+0000] {dagbag.py:539} INFO - Filling up the DagBag from /home/airflow/.local/lib/python3.8/site-packages/airflow/example_dags/tutorial_dag.py
[2023-09-29T18:18:55.246+0000] {processor.py:839} INFO - DAG(s) dict_keys(['tutorial_dag']) retrieved from /home/airflow/.local/lib/python3.8/site-packages/airflow/example_dags/tutorial_dag.py
[2023-09-29T18:18:55.262+0000] {logging_mixin.py:151} INFO - [2023-09-29T18:18:55.262+0000] {dag.py:2915} INFO - Sync 1 DAGs
[2023-09-29T18:18:55.272+0000] {logging_mixin.py:151} INFO - [2023-09-29T18:18:55.272+0000] {dag.py:3696} INFO - Setting next_dagrun for tutorial_dag to None, run_after=None
[2023-09-29T18:18:55.283+0000] {processor.py:179} INFO - Processing /home/airflow/.local/lib/python3.8/site-packages/airflow/example_dags/tutorial_dag.py took 0.049 seconds
[2023-09-29T18:19:25.785+0000] {processor.py:157} INFO - Started process (PID=1359) to work on /home/airflow/.local/lib/python3.8/site-packages/airflow/example_dags/tutorial_dag.py
[2023-09-29T18:19:25.786+0000] {processor.py:829} INFO - Processing file /home/airflow/.local/lib/python3.8/site-packages/airflow/example_dags/tutorial_dag.py for tasks to queue
[2023-09-29T18:19:25.788+0000] {logging_mixin.py:151} INFO - [2023-09-29T18:19:25.788+0000] {dagbag.py:539} INFO - Filling up the DagBag from /home/airflow/.local/lib/python3.8/site-packages/airflow/example_dags/tutorial_dag.py
[2023-09-29T18:19:25.794+0000] {processor.py:839} INFO - DAG(s) dict_keys(['tutorial_dag']) retrieved from /home/airflow/.local/lib/python3.8/site-packages/airflow/example_dags/tutorial_dag.py
[2023-09-29T18:19:25.811+0000] {logging_mixin.py:151} INFO - [2023-09-29T18:19:25.811+0000] {dag.py:2915} INFO - Sync 1 DAGs
[2023-09-29T18:19:25.820+0000] {logging_mixin.py:151} INFO - [2023-09-29T18:19:25.820+0000] {dag.py:3696} INFO - Setting next_dagrun for tutorial_dag to None, run_after=None
[2023-09-29T18:19:25.831+0000] {processor.py:179} INFO - Processing /home/airflow/.local/lib/python3.8/site-packages/airflow/example_dags/tutorial_dag.py took 0.049 seconds
[2023-09-29T18:19:56.340+0000] {processor.py:157} INFO - Started process (PID=1414) to work on /home/airflow/.local/lib/python3.8/site-packages/airflow/example_dags/tutorial_dag.py
[2023-09-29T18:19:56.342+0000] {processor.py:829} INFO - Processing file /home/airflow/.local/lib/python3.8/site-packages/airflow/example_dags/tutorial_dag.py for tasks to queue
[2023-09-29T18:19:56.344+0000] {logging_mixin.py:151} INFO - [2023-09-29T18:19:56.344+0000] {dagbag.py:539} INFO - Filling up the DagBag from /home/airflow/.local/lib/python3.8/site-packages/airflow/example_dags/tutorial_dag.py
[2023-09-29T18:19:56.349+0000] {processor.py:839} INFO - DAG(s) dict_keys(['tutorial_dag']) retrieved from /home/airflow/.local/lib/python3.8/site-packages/airflow/example_dags/tutorial_dag.py
[2023-09-29T18:19:56.365+0000] {logging_mixin.py:151} INFO - [2023-09-29T18:19:56.365+0000] {dag.py:2915} INFO - Sync 1 DAGs
[2023-09-29T18:19:56.375+0000] {logging_mixin.py:151} INFO - [2023-09-29T18:19:56.374+0000] {dag.py:3696} INFO - Setting next_dagrun for tutorial_dag to None, run_after=None
[2023-09-29T18:19:56.390+0000] {processor.py:179} INFO - Processing /home/airflow/.local/lib/python3.8/site-packages/airflow/example_dags/tutorial_dag.py took 0.055 seconds
[2023-09-29T18:20:26.700+0000] {processor.py:157} INFO - Started process (PID=1469) to work on /home/airflow/.local/lib/python3.8/site-packages/airflow/example_dags/tutorial_dag.py
[2023-09-29T18:20:26.704+0000] {processor.py:829} INFO - Processing file /home/airflow/.local/lib/python3.8/site-packages/airflow/example_dags/tutorial_dag.py for tasks to queue
[2023-09-29T18:20:26.708+0000] {logging_mixin.py:151} INFO - [2023-09-29T18:20:26.707+0000] {dagbag.py:539} INFO - Filling up the DagBag from /home/airflow/.local/lib/python3.8/site-packages/airflow/example_dags/tutorial_dag.py
[2023-09-29T18:20:26.717+0000] {processor.py:839} INFO - DAG(s) dict_keys(['tutorial_dag']) retrieved from /home/airflow/.local/lib/python3.8/site-packages/airflow/example_dags/tutorial_dag.py
[2023-09-29T18:20:26.739+0000] {logging_mixin.py:151} INFO - [2023-09-29T18:20:26.739+0000] {dag.py:2915} INFO - Sync 1 DAGs
[2023-09-29T18:20:26.750+0000] {logging_mixin.py:151} INFO - [2023-09-29T18:20:26.750+0000] {dag.py:3696} INFO - Setting next_dagrun for tutorial_dag to None, run_after=None
[2023-09-29T18:20:26.763+0000] {processor.py:179} INFO - Processing /home/airflow/.local/lib/python3.8/site-packages/airflow/example_dags/tutorial_dag.py took 0.068 seconds
[2023-09-29T18:20:57.173+0000] {processor.py:157} INFO - Started process (PID=1525) to work on /home/airflow/.local/lib/python3.8/site-packages/airflow/example_dags/tutorial_dag.py
[2023-09-29T18:20:57.174+0000] {processor.py:829} INFO - Processing file /home/airflow/.local/lib/python3.8/site-packages/airflow/example_dags/tutorial_dag.py for tasks to queue
[2023-09-29T18:20:57.176+0000] {logging_mixin.py:151} INFO - [2023-09-29T18:20:57.176+0000] {dagbag.py:539} INFO - Filling up the DagBag from /home/airflow/.local/lib/python3.8/site-packages/airflow/example_dags/tutorial_dag.py
[2023-09-29T18:20:57.181+0000] {processor.py:839} INFO - DAG(s) dict_keys(['tutorial_dag']) retrieved from /home/airflow/.local/lib/python3.8/site-packages/airflow/example_dags/tutorial_dag.py
[2023-09-29T18:20:57.197+0000] {logging_mixin.py:151} INFO - [2023-09-29T18:20:57.197+0000] {dag.py:2915} INFO - Sync 1 DAGs
[2023-09-29T18:20:57.211+0000] {logging_mixin.py:151} INFO - [2023-09-29T18:20:57.210+0000] {dag.py:3696} INFO - Setting next_dagrun for tutorial_dag to None, run_after=None
[2023-09-29T18:20:57.230+0000] {processor.py:179} INFO - Processing /home/airflow/.local/lib/python3.8/site-packages/airflow/example_dags/tutorial_dag.py took 0.060 seconds
[2023-09-29T18:21:27.608+0000] {processor.py:157} INFO - Started process (PID=1580) to work on /home/airflow/.local/lib/python3.8/site-packages/airflow/example_dags/tutorial_dag.py
[2023-09-29T18:21:27.610+0000] {processor.py:829} INFO - Processing file /home/airflow/.local/lib/python3.8/site-packages/airflow/example_dags/tutorial_dag.py for tasks to queue
[2023-09-29T18:21:27.614+0000] {logging_mixin.py:151} INFO - [2023-09-29T18:21:27.614+0000] {dagbag.py:539} INFO - Filling up the DagBag from /home/airflow/.local/lib/python3.8/site-packages/airflow/example_dags/tutorial_dag.py
[2023-09-29T18:21:27.625+0000] {processor.py:839} INFO - DAG(s) dict_keys(['tutorial_dag']) retrieved from /home/airflow/.local/lib/python3.8/site-packages/airflow/example_dags/tutorial_dag.py
[2023-09-29T18:21:27.660+0000] {logging_mixin.py:151} INFO - [2023-09-29T18:21:27.660+0000] {dag.py:2915} INFO - Sync 1 DAGs
[2023-09-29T18:21:27.677+0000] {logging_mixin.py:151} INFO - [2023-09-29T18:21:27.676+0000] {dag.py:3696} INFO - Setting next_dagrun for tutorial_dag to None, run_after=None
[2023-09-29T18:21:27.747+0000] {processor.py:179} INFO - Processing /home/airflow/.local/lib/python3.8/site-packages/airflow/example_dags/tutorial_dag.py took 0.147 seconds
[2023-09-29T18:21:58.023+0000] {processor.py:157} INFO - Started process (PID=1636) to work on /home/airflow/.local/lib/python3.8/site-packages/airflow/example_dags/tutorial_dag.py
[2023-09-29T18:21:58.026+0000] {processor.py:829} INFO - Processing file /home/airflow/.local/lib/python3.8/site-packages/airflow/example_dags/tutorial_dag.py for tasks to queue
[2023-09-29T18:21:58.031+0000] {logging_mixin.py:151} INFO - [2023-09-29T18:21:58.030+0000] {dagbag.py:539} INFO - Filling up the DagBag from /home/airflow/.local/lib/python3.8/site-packages/airflow/example_dags/tutorial_dag.py
[2023-09-29T18:21:58.044+0000] {processor.py:839} INFO - DAG(s) dict_keys(['tutorial_dag']) retrieved from /home/airflow/.local/lib/python3.8/site-packages/airflow/example_dags/tutorial_dag.py
[2023-09-29T18:21:58.074+0000] {logging_mixin.py:151} INFO - [2023-09-29T18:21:58.074+0000] {dag.py:2915} INFO - Sync 1 DAGs
[2023-09-29T18:21:58.085+0000] {logging_mixin.py:151} INFO - [2023-09-29T18:21:58.085+0000] {dag.py:3696} INFO - Setting next_dagrun for tutorial_dag to None, run_after=None
[2023-09-29T18:21:58.097+0000] {processor.py:179} INFO - Processing /home/airflow/.local/lib/python3.8/site-packages/airflow/example_dags/tutorial_dag.py took 0.078 seconds
[2023-09-29T18:22:28.422+0000] {processor.py:157} INFO - Started process (PID=1691) to work on /home/airflow/.local/lib/python3.8/site-packages/airflow/example_dags/tutorial_dag.py
[2023-09-29T18:22:28.423+0000] {processor.py:829} INFO - Processing file /home/airflow/.local/lib/python3.8/site-packages/airflow/example_dags/tutorial_dag.py for tasks to queue
[2023-09-29T18:22:28.425+0000] {logging_mixin.py:151} INFO - [2023-09-29T18:22:28.425+0000] {dagbag.py:539} INFO - Filling up the DagBag from /home/airflow/.local/lib/python3.8/site-packages/airflow/example_dags/tutorial_dag.py
[2023-09-29T18:22:28.429+0000] {processor.py:839} INFO - DAG(s) dict_keys(['tutorial_dag']) retrieved from /home/airflow/.local/lib/python3.8/site-packages/airflow/example_dags/tutorial_dag.py
[2023-09-29T18:22:28.444+0000] {logging_mixin.py:151} INFO - [2023-09-29T18:22:28.444+0000] {dag.py:2915} INFO - Sync 1 DAGs
[2023-09-29T18:22:28.453+0000] {logging_mixin.py:151} INFO - [2023-09-29T18:22:28.453+0000] {dag.py:3696} INFO - Setting next_dagrun for tutorial_dag to None, run_after=None
[2023-09-29T18:22:28.464+0000] {processor.py:179} INFO - Processing /home/airflow/.local/lib/python3.8/site-packages/airflow/example_dags/tutorial_dag.py took 0.046 seconds
[2023-09-29T18:22:58.584+0000] {processor.py:157} INFO - Started process (PID=1746) to work on /home/airflow/.local/lib/python3.8/site-packages/airflow/example_dags/tutorial_dag.py
[2023-09-29T18:22:58.585+0000] {processor.py:829} INFO - Processing file /home/airflow/.local/lib/python3.8/site-packages/airflow/example_dags/tutorial_dag.py for tasks to queue
[2023-09-29T18:22:58.586+0000] {logging_mixin.py:151} INFO - [2023-09-29T18:22:58.586+0000] {dagbag.py:539} INFO - Filling up the DagBag from /home/airflow/.local/lib/python3.8/site-packages/airflow/example_dags/tutorial_dag.py
[2023-09-29T18:22:58.591+0000] {processor.py:839} INFO - DAG(s) dict_keys(['tutorial_dag']) retrieved from /home/airflow/.local/lib/python3.8/site-packages/airflow/example_dags/tutorial_dag.py
[2023-09-29T18:22:58.606+0000] {logging_mixin.py:151} INFO - [2023-09-29T18:22:58.606+0000] {dag.py:2915} INFO - Sync 1 DAGs
[2023-09-29T18:22:58.614+0000] {logging_mixin.py:151} INFO - [2023-09-29T18:22:58.614+0000] {dag.py:3696} INFO - Setting next_dagrun for tutorial_dag to None, run_after=None
[2023-09-29T18:22:58.626+0000] {processor.py:179} INFO - Processing /home/airflow/.local/lib/python3.8/site-packages/airflow/example_dags/tutorial_dag.py took 0.045 seconds
[2023-09-29T18:23:28.837+0000] {processor.py:157} INFO - Started process (PID=1802) to work on /home/airflow/.local/lib/python3.8/site-packages/airflow/example_dags/tutorial_dag.py
[2023-09-29T18:23:28.839+0000] {processor.py:829} INFO - Processing file /home/airflow/.local/lib/python3.8/site-packages/airflow/example_dags/tutorial_dag.py for tasks to queue
[2023-09-29T18:23:28.841+0000] {logging_mixin.py:151} INFO - [2023-09-29T18:23:28.841+0000] {dagbag.py:539} INFO - Filling up the DagBag from /home/airflow/.local/lib/python3.8/site-packages/airflow/example_dags/tutorial_dag.py
[2023-09-29T18:23:28.848+0000] {processor.py:839} INFO - DAG(s) dict_keys(['tutorial_dag']) retrieved from /home/airflow/.local/lib/python3.8/site-packages/airflow/example_dags/tutorial_dag.py
[2023-09-29T18:23:28.871+0000] {logging_mixin.py:151} INFO - [2023-09-29T18:23:28.871+0000] {dag.py:2915} INFO - Sync 1 DAGs
[2023-09-29T18:23:28.893+0000] {logging_mixin.py:151} INFO - [2023-09-29T18:23:28.893+0000] {dag.py:3696} INFO - Setting next_dagrun for tutorial_dag to None, run_after=None
[2023-09-29T18:23:28.917+0000] {processor.py:179} INFO - Processing /home/airflow/.local/lib/python3.8/site-packages/airflow/example_dags/tutorial_dag.py took 0.084 seconds
[2023-09-29T18:23:59.081+0000] {processor.py:157} INFO - Started process (PID=1855) to work on /home/airflow/.local/lib/python3.8/site-packages/airflow/example_dags/tutorial_dag.py
[2023-09-29T18:23:59.082+0000] {processor.py:829} INFO - Processing file /home/airflow/.local/lib/python3.8/site-packages/airflow/example_dags/tutorial_dag.py for tasks to queue
[2023-09-29T18:23:59.084+0000] {logging_mixin.py:151} INFO - [2023-09-29T18:23:59.083+0000] {dagbag.py:539} INFO - Filling up the DagBag from /home/airflow/.local/lib/python3.8/site-packages/airflow/example_dags/tutorial_dag.py
[2023-09-29T18:23:59.088+0000] {processor.py:839} INFO - DAG(s) dict_keys(['tutorial_dag']) retrieved from /home/airflow/.local/lib/python3.8/site-packages/airflow/example_dags/tutorial_dag.py
[2023-09-29T18:23:59.108+0000] {logging_mixin.py:151} INFO - [2023-09-29T18:23:59.108+0000] {dag.py:2915} INFO - Sync 1 DAGs
[2023-09-29T18:23:59.119+0000] {logging_mixin.py:151} INFO - [2023-09-29T18:23:59.119+0000] {dag.py:3696} INFO - Setting next_dagrun for tutorial_dag to None, run_after=None
[2023-09-29T18:23:59.133+0000] {processor.py:179} INFO - Processing /home/airflow/.local/lib/python3.8/site-packages/airflow/example_dags/tutorial_dag.py took 0.056 seconds
[2023-09-29T18:24:29.336+0000] {processor.py:157} INFO - Started process (PID=1910) to work on /home/airflow/.local/lib/python3.8/site-packages/airflow/example_dags/tutorial_dag.py
[2023-09-29T18:24:29.337+0000] {processor.py:829} INFO - Processing file /home/airflow/.local/lib/python3.8/site-packages/airflow/example_dags/tutorial_dag.py for tasks to queue
[2023-09-29T18:24:29.340+0000] {logging_mixin.py:151} INFO - [2023-09-29T18:24:29.339+0000] {dagbag.py:539} INFO - Filling up the DagBag from /home/airflow/.local/lib/python3.8/site-packages/airflow/example_dags/tutorial_dag.py
[2023-09-29T18:24:29.344+0000] {processor.py:839} INFO - DAG(s) dict_keys(['tutorial_dag']) retrieved from /home/airflow/.local/lib/python3.8/site-packages/airflow/example_dags/tutorial_dag.py
[2023-09-29T18:24:29.360+0000] {logging_mixin.py:151} INFO - [2023-09-29T18:24:29.360+0000] {dag.py:2915} INFO - Sync 1 DAGs
[2023-09-29T18:24:29.369+0000] {logging_mixin.py:151} INFO - [2023-09-29T18:24:29.369+0000] {dag.py:3696} INFO - Setting next_dagrun for tutorial_dag to None, run_after=None
[2023-09-29T18:24:29.381+0000] {processor.py:179} INFO - Processing /home/airflow/.local/lib/python3.8/site-packages/airflow/example_dags/tutorial_dag.py took 0.048 seconds
[2023-09-29T18:24:59.690+0000] {processor.py:157} INFO - Started process (PID=1965) to work on /home/airflow/.local/lib/python3.8/site-packages/airflow/example_dags/tutorial_dag.py
[2023-09-29T18:24:59.691+0000] {processor.py:829} INFO - Processing file /home/airflow/.local/lib/python3.8/site-packages/airflow/example_dags/tutorial_dag.py for tasks to queue
[2023-09-29T18:24:59.695+0000] {logging_mixin.py:151} INFO - [2023-09-29T18:24:59.694+0000] {dagbag.py:539} INFO - Filling up the DagBag from /home/airflow/.local/lib/python3.8/site-packages/airflow/example_dags/tutorial_dag.py
[2023-09-29T18:24:59.702+0000] {processor.py:839} INFO - DAG(s) dict_keys(['tutorial_dag']) retrieved from /home/airflow/.local/lib/python3.8/site-packages/airflow/example_dags/tutorial_dag.py
[2023-09-29T18:24:59.724+0000] {logging_mixin.py:151} INFO - [2023-09-29T18:24:59.724+0000] {dag.py:2915} INFO - Sync 1 DAGs
[2023-09-29T18:24:59.733+0000] {logging_mixin.py:151} INFO - [2023-09-29T18:24:59.732+0000] {dag.py:3696} INFO - Setting next_dagrun for tutorial_dag to None, run_after=None
[2023-09-29T18:24:59.744+0000] {processor.py:179} INFO - Processing /home/airflow/.local/lib/python3.8/site-packages/airflow/example_dags/tutorial_dag.py took 0.059 seconds
