[2023-09-29T18:07:17.862+0000] {processor.py:157} INFO - Started process (PID=74) to work on /home/airflow/.local/lib/python3.8/site-packages/airflow/example_dags/tutorial.py
[2023-09-29T18:07:17.873+0000] {processor.py:829} INFO - Processing file /home/airflow/.local/lib/python3.8/site-packages/airflow/example_dags/tutorial.py for tasks to queue
[2023-09-29T18:07:17.880+0000] {logging_mixin.py:151} INFO - [2023-09-29T18:07:17.879+0000] {dagbag.py:539} INFO - Filling up the DagBag from /home/airflow/.local/lib/python3.8/site-packages/airflow/example_dags/tutorial.py
[2023-09-29T18:07:17.915+0000] {processor.py:839} INFO - DAG(s) dict_keys(['tutorial']) retrieved from /home/airflow/.local/lib/python3.8/site-packages/airflow/example_dags/tutorial.py
[2023-09-29T18:07:17.937+0000] {logging_mixin.py:151} INFO - [2023-09-29T18:07:17.937+0000] {dag.py:2915} INFO - Sync 1 DAGs
[2023-09-29T18:07:17.980+0000] {logging_mixin.py:151} INFO - [2023-09-29T18:07:17.980+0000] {dag.py:3696} INFO - Setting next_dagrun for tutorial to 2023-09-28T18:07:17.980147+00:00, run_after=2023-09-29T18:07:17.980147+00:00
[2023-09-29T18:07:18.016+0000] {processor.py:179} INFO - Processing /home/airflow/.local/lib/python3.8/site-packages/airflow/example_dags/tutorial.py took 0.162 seconds
[2023-09-29T18:07:55.153+0000] {processor.py:157} INFO - Started process (PID=128) to work on /home/airflow/.local/lib/python3.8/site-packages/airflow/example_dags/tutorial.py
[2023-09-29T18:07:55.157+0000] {processor.py:829} INFO - Processing file /home/airflow/.local/lib/python3.8/site-packages/airflow/example_dags/tutorial.py for tasks to queue
[2023-09-29T18:07:55.167+0000] {logging_mixin.py:151} INFO - [2023-09-29T18:07:55.166+0000] {dagbag.py:539} INFO - Filling up the DagBag from /home/airflow/.local/lib/python3.8/site-packages/airflow/example_dags/tutorial.py
[2023-09-29T18:07:55.191+0000] {processor.py:839} INFO - DAG(s) dict_keys(['tutorial']) retrieved from /home/airflow/.local/lib/python3.8/site-packages/airflow/example_dags/tutorial.py
[2023-09-29T18:07:55.255+0000] {logging_mixin.py:151} INFO - [2023-09-29T18:07:55.255+0000] {dag.py:2915} INFO - Sync 1 DAGs
[2023-09-29T18:07:55.297+0000] {logging_mixin.py:151} INFO - [2023-09-29T18:07:55.296+0000] {dag.py:3696} INFO - Setting next_dagrun for tutorial to 2023-09-28T18:07:55.296182+00:00, run_after=2023-09-29T18:07:55.296182+00:00
[2023-09-29T18:07:55.333+0000] {processor.py:179} INFO - Processing /home/airflow/.local/lib/python3.8/site-packages/airflow/example_dags/tutorial.py took 0.246 seconds
[2023-09-29T18:08:25.671+0000] {processor.py:157} INFO - Started process (PID=182) to work on /home/airflow/.local/lib/python3.8/site-packages/airflow/example_dags/tutorial.py
[2023-09-29T18:08:25.673+0000] {processor.py:829} INFO - Processing file /home/airflow/.local/lib/python3.8/site-packages/airflow/example_dags/tutorial.py for tasks to queue
[2023-09-29T18:08:25.676+0000] {logging_mixin.py:151} INFO - [2023-09-29T18:08:25.676+0000] {dagbag.py:539} INFO - Filling up the DagBag from /home/airflow/.local/lib/python3.8/site-packages/airflow/example_dags/tutorial.py
[2023-09-29T18:08:25.683+0000] {processor.py:839} INFO - DAG(s) dict_keys(['tutorial']) retrieved from /home/airflow/.local/lib/python3.8/site-packages/airflow/example_dags/tutorial.py
[2023-09-29T18:08:25.708+0000] {logging_mixin.py:151} INFO - [2023-09-29T18:08:25.708+0000] {dag.py:2915} INFO - Sync 1 DAGs
[2023-09-29T18:08:25.728+0000] {logging_mixin.py:151} INFO - [2023-09-29T18:08:25.727+0000] {dag.py:3696} INFO - Setting next_dagrun for tutorial to 2023-09-28T18:08:25.727619+00:00, run_after=2023-09-29T18:08:25.727619+00:00
[2023-09-29T18:08:25.740+0000] {processor.py:179} INFO - Processing /home/airflow/.local/lib/python3.8/site-packages/airflow/example_dags/tutorial.py took 0.074 seconds
[2023-09-29T18:08:55.865+0000] {processor.py:157} INFO - Started process (PID=237) to work on /home/airflow/.local/lib/python3.8/site-packages/airflow/example_dags/tutorial.py
[2023-09-29T18:08:55.866+0000] {processor.py:829} INFO - Processing file /home/airflow/.local/lib/python3.8/site-packages/airflow/example_dags/tutorial.py for tasks to queue
[2023-09-29T18:08:55.868+0000] {logging_mixin.py:151} INFO - [2023-09-29T18:08:55.868+0000] {dagbag.py:539} INFO - Filling up the DagBag from /home/airflow/.local/lib/python3.8/site-packages/airflow/example_dags/tutorial.py
[2023-09-29T18:08:55.874+0000] {processor.py:839} INFO - DAG(s) dict_keys(['tutorial']) retrieved from /home/airflow/.local/lib/python3.8/site-packages/airflow/example_dags/tutorial.py
[2023-09-29T18:08:55.891+0000] {logging_mixin.py:151} INFO - [2023-09-29T18:08:55.891+0000] {dag.py:2915} INFO - Sync 1 DAGs
[2023-09-29T18:08:55.908+0000] {logging_mixin.py:151} INFO - [2023-09-29T18:08:55.908+0000] {dag.py:3696} INFO - Setting next_dagrun for tutorial to 2023-09-28T18:08:55.907615+00:00, run_after=2023-09-29T18:08:55.907615+00:00
[2023-09-29T18:08:55.919+0000] {processor.py:179} INFO - Processing /home/airflow/.local/lib/python3.8/site-packages/airflow/example_dags/tutorial.py took 0.058 seconds
[2023-09-29T18:09:26.867+0000] {processor.py:157} INFO - Started process (PID=292) to work on /home/airflow/.local/lib/python3.8/site-packages/airflow/example_dags/tutorial.py
[2023-09-29T18:09:26.868+0000] {processor.py:829} INFO - Processing file /home/airflow/.local/lib/python3.8/site-packages/airflow/example_dags/tutorial.py for tasks to queue
[2023-09-29T18:09:26.871+0000] {logging_mixin.py:151} INFO - [2023-09-29T18:09:26.871+0000] {dagbag.py:539} INFO - Filling up the DagBag from /home/airflow/.local/lib/python3.8/site-packages/airflow/example_dags/tutorial.py
[2023-09-29T18:09:26.879+0000] {processor.py:839} INFO - DAG(s) dict_keys(['tutorial']) retrieved from /home/airflow/.local/lib/python3.8/site-packages/airflow/example_dags/tutorial.py
[2023-09-29T18:09:26.899+0000] {logging_mixin.py:151} INFO - [2023-09-29T18:09:26.899+0000] {dag.py:2915} INFO - Sync 1 DAGs
[2023-09-29T18:09:26.918+0000] {logging_mixin.py:151} INFO - [2023-09-29T18:09:26.918+0000] {dag.py:3696} INFO - Setting next_dagrun for tutorial to 2023-09-28T18:09:26.918275+00:00, run_after=2023-09-29T18:09:26.918275+00:00
[2023-09-29T18:09:26.935+0000] {processor.py:179} INFO - Processing /home/airflow/.local/lib/python3.8/site-packages/airflow/example_dags/tutorial.py took 0.072 seconds
[2023-09-29T18:09:57.478+0000] {processor.py:157} INFO - Started process (PID=347) to work on /home/airflow/.local/lib/python3.8/site-packages/airflow/example_dags/tutorial.py
[2023-09-29T18:09:57.479+0000] {processor.py:829} INFO - Processing file /home/airflow/.local/lib/python3.8/site-packages/airflow/example_dags/tutorial.py for tasks to queue
[2023-09-29T18:09:57.481+0000] {logging_mixin.py:151} INFO - [2023-09-29T18:09:57.481+0000] {dagbag.py:539} INFO - Filling up the DagBag from /home/airflow/.local/lib/python3.8/site-packages/airflow/example_dags/tutorial.py
[2023-09-29T18:09:57.487+0000] {processor.py:839} INFO - DAG(s) dict_keys(['tutorial']) retrieved from /home/airflow/.local/lib/python3.8/site-packages/airflow/example_dags/tutorial.py
[2023-09-29T18:09:57.502+0000] {logging_mixin.py:151} INFO - [2023-09-29T18:09:57.502+0000] {dag.py:2915} INFO - Sync 1 DAGs
[2023-09-29T18:09:57.517+0000] {logging_mixin.py:151} INFO - [2023-09-29T18:09:57.517+0000] {dag.py:3696} INFO - Setting next_dagrun for tutorial to 2023-09-28T18:09:57.517262+00:00, run_after=2023-09-29T18:09:57.517262+00:00
[2023-09-29T18:09:57.530+0000] {processor.py:179} INFO - Processing /home/airflow/.local/lib/python3.8/site-packages/airflow/example_dags/tutorial.py took 0.055 seconds
[2023-09-29T18:10:28.765+0000] {processor.py:157} INFO - Started process (PID=410) to work on /home/airflow/.local/lib/python3.8/site-packages/airflow/example_dags/tutorial.py
[2023-09-29T18:10:28.766+0000] {processor.py:829} INFO - Processing file /home/airflow/.local/lib/python3.8/site-packages/airflow/example_dags/tutorial.py for tasks to queue
[2023-09-29T18:10:28.768+0000] {logging_mixin.py:151} INFO - [2023-09-29T18:10:28.768+0000] {dagbag.py:539} INFO - Filling up the DagBag from /home/airflow/.local/lib/python3.8/site-packages/airflow/example_dags/tutorial.py
[2023-09-29T18:10:28.773+0000] {processor.py:839} INFO - DAG(s) dict_keys(['tutorial']) retrieved from /home/airflow/.local/lib/python3.8/site-packages/airflow/example_dags/tutorial.py
[2023-09-29T18:10:28.790+0000] {logging_mixin.py:151} INFO - [2023-09-29T18:10:28.790+0000] {dag.py:2915} INFO - Sync 1 DAGs
[2023-09-29T18:10:28.805+0000] {logging_mixin.py:151} INFO - [2023-09-29T18:10:28.805+0000] {dag.py:3696} INFO - Setting next_dagrun for tutorial to 2023-09-28T18:10:28.805507+00:00, run_after=2023-09-29T18:10:28.805507+00:00
[2023-09-29T18:10:28.817+0000] {processor.py:179} INFO - Processing /home/airflow/.local/lib/python3.8/site-packages/airflow/example_dags/tutorial.py took 0.055 seconds
[2023-09-29T18:10:59.848+0000] {processor.py:157} INFO - Started process (PID=465) to work on /home/airflow/.local/lib/python3.8/site-packages/airflow/example_dags/tutorial.py
[2023-09-29T18:10:59.849+0000] {processor.py:829} INFO - Processing file /home/airflow/.local/lib/python3.8/site-packages/airflow/example_dags/tutorial.py for tasks to queue
[2023-09-29T18:10:59.851+0000] {logging_mixin.py:151} INFO - [2023-09-29T18:10:59.851+0000] {dagbag.py:539} INFO - Filling up the DagBag from /home/airflow/.local/lib/python3.8/site-packages/airflow/example_dags/tutorial.py
[2023-09-29T18:10:59.856+0000] {processor.py:839} INFO - DAG(s) dict_keys(['tutorial']) retrieved from /home/airflow/.local/lib/python3.8/site-packages/airflow/example_dags/tutorial.py
[2023-09-29T18:10:59.876+0000] {logging_mixin.py:151} INFO - [2023-09-29T18:10:59.876+0000] {dag.py:2915} INFO - Sync 1 DAGs
[2023-09-29T18:10:59.897+0000] {logging_mixin.py:151} INFO - [2023-09-29T18:10:59.897+0000] {dag.py:3696} INFO - Setting next_dagrun for tutorial to 2023-09-28T18:10:59.896893+00:00, run_after=2023-09-29T18:10:59.896893+00:00
[2023-09-29T18:10:59.910+0000] {processor.py:179} INFO - Processing /home/airflow/.local/lib/python3.8/site-packages/airflow/example_dags/tutorial.py took 0.065 seconds
[2023-09-29T18:11:30.438+0000] {processor.py:157} INFO - Started process (PID=520) to work on /home/airflow/.local/lib/python3.8/site-packages/airflow/example_dags/tutorial.py
[2023-09-29T18:11:30.439+0000] {processor.py:829} INFO - Processing file /home/airflow/.local/lib/python3.8/site-packages/airflow/example_dags/tutorial.py for tasks to queue
[2023-09-29T18:11:30.441+0000] {logging_mixin.py:151} INFO - [2023-09-29T18:11:30.441+0000] {dagbag.py:539} INFO - Filling up the DagBag from /home/airflow/.local/lib/python3.8/site-packages/airflow/example_dags/tutorial.py
[2023-09-29T18:11:30.446+0000] {processor.py:839} INFO - DAG(s) dict_keys(['tutorial']) retrieved from /home/airflow/.local/lib/python3.8/site-packages/airflow/example_dags/tutorial.py
[2023-09-29T18:11:30.462+0000] {logging_mixin.py:151} INFO - [2023-09-29T18:11:30.462+0000] {dag.py:2915} INFO - Sync 1 DAGs
[2023-09-29T18:11:30.478+0000] {logging_mixin.py:151} INFO - [2023-09-29T18:11:30.478+0000] {dag.py:3696} INFO - Setting next_dagrun for tutorial to 2023-09-28T18:11:30.477869+00:00, run_after=2023-09-29T18:11:30.477869+00:00
[2023-09-29T18:11:30.490+0000] {processor.py:179} INFO - Processing /home/airflow/.local/lib/python3.8/site-packages/airflow/example_dags/tutorial.py took 0.055 seconds
[2023-09-29T18:12:01.517+0000] {processor.py:157} INFO - Started process (PID=575) to work on /home/airflow/.local/lib/python3.8/site-packages/airflow/example_dags/tutorial.py
[2023-09-29T18:12:01.518+0000] {processor.py:829} INFO - Processing file /home/airflow/.local/lib/python3.8/site-packages/airflow/example_dags/tutorial.py for tasks to queue
[2023-09-29T18:12:01.521+0000] {logging_mixin.py:151} INFO - [2023-09-29T18:12:01.521+0000] {dagbag.py:539} INFO - Filling up the DagBag from /home/airflow/.local/lib/python3.8/site-packages/airflow/example_dags/tutorial.py
[2023-09-29T18:12:01.526+0000] {processor.py:839} INFO - DAG(s) dict_keys(['tutorial']) retrieved from /home/airflow/.local/lib/python3.8/site-packages/airflow/example_dags/tutorial.py
[2023-09-29T18:12:01.542+0000] {logging_mixin.py:151} INFO - [2023-09-29T18:12:01.541+0000] {dag.py:2915} INFO - Sync 1 DAGs
[2023-09-29T18:12:01.557+0000] {logging_mixin.py:151} INFO - [2023-09-29T18:12:01.557+0000] {dag.py:3696} INFO - Setting next_dagrun for tutorial to 2023-09-28T18:12:01.556992+00:00, run_after=2023-09-29T18:12:01.556992+00:00
[2023-09-29T18:12:01.568+0000] {processor.py:179} INFO - Processing /home/airflow/.local/lib/python3.8/site-packages/airflow/example_dags/tutorial.py took 0.055 seconds
[2023-09-29T18:12:32.429+0000] {processor.py:157} INFO - Started process (PID=631) to work on /home/airflow/.local/lib/python3.8/site-packages/airflow/example_dags/tutorial.py
[2023-09-29T18:12:32.431+0000] {processor.py:829} INFO - Processing file /home/airflow/.local/lib/python3.8/site-packages/airflow/example_dags/tutorial.py for tasks to queue
[2023-09-29T18:12:32.433+0000] {logging_mixin.py:151} INFO - [2023-09-29T18:12:32.432+0000] {dagbag.py:539} INFO - Filling up the DagBag from /home/airflow/.local/lib/python3.8/site-packages/airflow/example_dags/tutorial.py
[2023-09-29T18:12:32.439+0000] {processor.py:839} INFO - DAG(s) dict_keys(['tutorial']) retrieved from /home/airflow/.local/lib/python3.8/site-packages/airflow/example_dags/tutorial.py
[2023-09-29T18:12:32.459+0000] {logging_mixin.py:151} INFO - [2023-09-29T18:12:32.459+0000] {dag.py:2915} INFO - Sync 1 DAGs
[2023-09-29T18:12:32.474+0000] {logging_mixin.py:151} INFO - [2023-09-29T18:12:32.474+0000] {dag.py:3696} INFO - Setting next_dagrun for tutorial to 2023-09-28T18:12:32.474613+00:00, run_after=2023-09-29T18:12:32.474613+00:00
[2023-09-29T18:12:32.486+0000] {processor.py:179} INFO - Processing /home/airflow/.local/lib/python3.8/site-packages/airflow/example_dags/tutorial.py took 0.061 seconds
[2023-09-29T18:13:03.459+0000] {processor.py:157} INFO - Started process (PID=686) to work on /home/airflow/.local/lib/python3.8/site-packages/airflow/example_dags/tutorial.py
[2023-09-29T18:13:03.460+0000] {processor.py:829} INFO - Processing file /home/airflow/.local/lib/python3.8/site-packages/airflow/example_dags/tutorial.py for tasks to queue
[2023-09-29T18:13:03.463+0000] {logging_mixin.py:151} INFO - [2023-09-29T18:13:03.462+0000] {dagbag.py:539} INFO - Filling up the DagBag from /home/airflow/.local/lib/python3.8/site-packages/airflow/example_dags/tutorial.py
[2023-09-29T18:13:03.468+0000] {processor.py:839} INFO - DAG(s) dict_keys(['tutorial']) retrieved from /home/airflow/.local/lib/python3.8/site-packages/airflow/example_dags/tutorial.py
[2023-09-29T18:13:03.484+0000] {logging_mixin.py:151} INFO - [2023-09-29T18:13:03.484+0000] {dag.py:2915} INFO - Sync 1 DAGs
[2023-09-29T18:13:03.500+0000] {logging_mixin.py:151} INFO - [2023-09-29T18:13:03.500+0000] {dag.py:3696} INFO - Setting next_dagrun for tutorial to 2023-09-28T18:13:03.499809+00:00, run_after=2023-09-29T18:13:03.499809+00:00
[2023-09-29T18:13:03.511+0000] {processor.py:179} INFO - Processing /home/airflow/.local/lib/python3.8/site-packages/airflow/example_dags/tutorial.py took 0.055 seconds
[2023-09-29T18:13:33.991+0000] {processor.py:157} INFO - Started process (PID=741) to work on /home/airflow/.local/lib/python3.8/site-packages/airflow/example_dags/tutorial.py
[2023-09-29T18:13:33.992+0000] {processor.py:829} INFO - Processing file /home/airflow/.local/lib/python3.8/site-packages/airflow/example_dags/tutorial.py for tasks to queue
[2023-09-29T18:13:33.994+0000] {logging_mixin.py:151} INFO - [2023-09-29T18:13:33.994+0000] {dagbag.py:539} INFO - Filling up the DagBag from /home/airflow/.local/lib/python3.8/site-packages/airflow/example_dags/tutorial.py
[2023-09-29T18:13:33.999+0000] {processor.py:839} INFO - DAG(s) dict_keys(['tutorial']) retrieved from /home/airflow/.local/lib/python3.8/site-packages/airflow/example_dags/tutorial.py
[2023-09-29T18:13:34.014+0000] {logging_mixin.py:151} INFO - [2023-09-29T18:13:34.014+0000] {dag.py:2915} INFO - Sync 1 DAGs
[2023-09-29T18:13:34.029+0000] {logging_mixin.py:151} INFO - [2023-09-29T18:13:34.029+0000] {dag.py:3696} INFO - Setting next_dagrun for tutorial to 2023-09-28T18:13:34.029378+00:00, run_after=2023-09-29T18:13:34.029378+00:00
[2023-09-29T18:13:34.042+0000] {processor.py:179} INFO - Processing /home/airflow/.local/lib/python3.8/site-packages/airflow/example_dags/tutorial.py took 0.054 seconds
[2023-09-29T18:14:04.368+0000] {processor.py:157} INFO - Started process (PID=795) to work on /home/airflow/.local/lib/python3.8/site-packages/airflow/example_dags/tutorial.py
[2023-09-29T18:14:04.370+0000] {processor.py:829} INFO - Processing file /home/airflow/.local/lib/python3.8/site-packages/airflow/example_dags/tutorial.py for tasks to queue
[2023-09-29T18:14:04.372+0000] {logging_mixin.py:151} INFO - [2023-09-29T18:14:04.372+0000] {dagbag.py:539} INFO - Filling up the DagBag from /home/airflow/.local/lib/python3.8/site-packages/airflow/example_dags/tutorial.py
[2023-09-29T18:14:04.378+0000] {processor.py:839} INFO - DAG(s) dict_keys(['tutorial']) retrieved from /home/airflow/.local/lib/python3.8/site-packages/airflow/example_dags/tutorial.py
[2023-09-29T18:14:04.403+0000] {logging_mixin.py:151} INFO - [2023-09-29T18:14:04.403+0000] {dag.py:2915} INFO - Sync 1 DAGs
[2023-09-29T18:14:04.420+0000] {logging_mixin.py:151} INFO - [2023-09-29T18:14:04.419+0000] {dag.py:3696} INFO - Setting next_dagrun for tutorial to 2023-09-28T18:14:04.419568+00:00, run_after=2023-09-29T18:14:04.419568+00:00
[2023-09-29T18:14:04.439+0000] {processor.py:179} INFO - Processing /home/airflow/.local/lib/python3.8/site-packages/airflow/example_dags/tutorial.py took 0.074 seconds
[2023-09-29T18:14:34.491+0000] {processor.py:157} INFO - Started process (PID=850) to work on /home/airflow/.local/lib/python3.8/site-packages/airflow/example_dags/tutorial.py
[2023-09-29T18:14:34.495+0000] {processor.py:829} INFO - Processing file /home/airflow/.local/lib/python3.8/site-packages/airflow/example_dags/tutorial.py for tasks to queue
[2023-09-29T18:14:34.505+0000] {logging_mixin.py:151} INFO - [2023-09-29T18:14:34.503+0000] {dagbag.py:539} INFO - Filling up the DagBag from /home/airflow/.local/lib/python3.8/site-packages/airflow/example_dags/tutorial.py
[2023-09-29T18:14:34.527+0000] {processor.py:839} INFO - DAG(s) dict_keys(['tutorial']) retrieved from /home/airflow/.local/lib/python3.8/site-packages/airflow/example_dags/tutorial.py
[2023-09-29T18:14:34.554+0000] {logging_mixin.py:151} INFO - [2023-09-29T18:14:34.554+0000] {dag.py:2915} INFO - Sync 1 DAGs
[2023-09-29T18:14:34.591+0000] {logging_mixin.py:151} INFO - [2023-09-29T18:14:34.591+0000] {dag.py:3696} INFO - Setting next_dagrun for tutorial to 2023-09-28T18:14:34.590078+00:00, run_after=2023-09-29T18:14:34.590078+00:00
[2023-09-29T18:14:34.617+0000] {processor.py:179} INFO - Processing /home/airflow/.local/lib/python3.8/site-packages/airflow/example_dags/tutorial.py took 0.133 seconds
[2023-09-29T18:15:04.682+0000] {processor.py:157} INFO - Started process (PID=905) to work on /home/airflow/.local/lib/python3.8/site-packages/airflow/example_dags/tutorial.py
[2023-09-29T18:15:04.683+0000] {processor.py:829} INFO - Processing file /home/airflow/.local/lib/python3.8/site-packages/airflow/example_dags/tutorial.py for tasks to queue
[2023-09-29T18:15:04.686+0000] {logging_mixin.py:151} INFO - [2023-09-29T18:15:04.685+0000] {dagbag.py:539} INFO - Filling up the DagBag from /home/airflow/.local/lib/python3.8/site-packages/airflow/example_dags/tutorial.py
[2023-09-29T18:15:04.692+0000] {processor.py:839} INFO - DAG(s) dict_keys(['tutorial']) retrieved from /home/airflow/.local/lib/python3.8/site-packages/airflow/example_dags/tutorial.py
[2023-09-29T18:15:04.711+0000] {logging_mixin.py:151} INFO - [2023-09-29T18:15:04.711+0000] {dag.py:2915} INFO - Sync 1 DAGs
[2023-09-29T18:15:04.728+0000] {logging_mixin.py:151} INFO - [2023-09-29T18:15:04.728+0000] {dag.py:3696} INFO - Setting next_dagrun for tutorial to 2023-09-28T18:15:04.728320+00:00, run_after=2023-09-29T18:15:04.728320+00:00
[2023-09-29T18:15:04.741+0000] {processor.py:179} INFO - Processing /home/airflow/.local/lib/python3.8/site-packages/airflow/example_dags/tutorial.py took 0.063 seconds
[2023-09-29T18:15:35.199+0000] {processor.py:157} INFO - Started process (PID=960) to work on /home/airflow/.local/lib/python3.8/site-packages/airflow/example_dags/tutorial.py
[2023-09-29T18:15:35.201+0000] {processor.py:829} INFO - Processing file /home/airflow/.local/lib/python3.8/site-packages/airflow/example_dags/tutorial.py for tasks to queue
[2023-09-29T18:15:35.203+0000] {logging_mixin.py:151} INFO - [2023-09-29T18:15:35.203+0000] {dagbag.py:539} INFO - Filling up the DagBag from /home/airflow/.local/lib/python3.8/site-packages/airflow/example_dags/tutorial.py
[2023-09-29T18:15:35.210+0000] {processor.py:839} INFO - DAG(s) dict_keys(['tutorial']) retrieved from /home/airflow/.local/lib/python3.8/site-packages/airflow/example_dags/tutorial.py
[2023-09-29T18:15:35.233+0000] {logging_mixin.py:151} INFO - [2023-09-29T18:15:35.233+0000] {dag.py:2915} INFO - Sync 1 DAGs
[2023-09-29T18:15:35.254+0000] {logging_mixin.py:151} INFO - [2023-09-29T18:15:35.254+0000] {dag.py:3696} INFO - Setting next_dagrun for tutorial to 2023-09-28T18:15:35.253872+00:00, run_after=2023-09-29T18:15:35.253872+00:00
[2023-09-29T18:15:35.274+0000] {processor.py:179} INFO - Processing /home/airflow/.local/lib/python3.8/site-packages/airflow/example_dags/tutorial.py took 0.079 seconds
[2023-09-29T18:16:05.845+0000] {processor.py:157} INFO - Started process (PID=1015) to work on /home/airflow/.local/lib/python3.8/site-packages/airflow/example_dags/tutorial.py
[2023-09-29T18:16:05.846+0000] {processor.py:829} INFO - Processing file /home/airflow/.local/lib/python3.8/site-packages/airflow/example_dags/tutorial.py for tasks to queue
[2023-09-29T18:16:05.848+0000] {logging_mixin.py:151} INFO - [2023-09-29T18:16:05.848+0000] {dagbag.py:539} INFO - Filling up the DagBag from /home/airflow/.local/lib/python3.8/site-packages/airflow/example_dags/tutorial.py
[2023-09-29T18:16:05.854+0000] {processor.py:839} INFO - DAG(s) dict_keys(['tutorial']) retrieved from /home/airflow/.local/lib/python3.8/site-packages/airflow/example_dags/tutorial.py
[2023-09-29T18:16:05.875+0000] {logging_mixin.py:151} INFO - [2023-09-29T18:16:05.875+0000] {dag.py:2915} INFO - Sync 1 DAGs
[2023-09-29T18:16:05.893+0000] {logging_mixin.py:151} INFO - [2023-09-29T18:16:05.893+0000] {dag.py:3696} INFO - Setting next_dagrun for tutorial to 2023-09-28T18:16:05.893058+00:00, run_after=2023-09-29T18:16:05.893058+00:00
[2023-09-29T18:16:05.913+0000] {processor.py:179} INFO - Processing /home/airflow/.local/lib/python3.8/site-packages/airflow/example_dags/tutorial.py took 0.071 seconds
[2023-09-29T18:16:36.546+0000] {processor.py:157} INFO - Started process (PID=1070) to work on /home/airflow/.local/lib/python3.8/site-packages/airflow/example_dags/tutorial.py
[2023-09-29T18:16:36.547+0000] {processor.py:829} INFO - Processing file /home/airflow/.local/lib/python3.8/site-packages/airflow/example_dags/tutorial.py for tasks to queue
[2023-09-29T18:16:36.549+0000] {logging_mixin.py:151} INFO - [2023-09-29T18:16:36.549+0000] {dagbag.py:539} INFO - Filling up the DagBag from /home/airflow/.local/lib/python3.8/site-packages/airflow/example_dags/tutorial.py
[2023-09-29T18:16:36.555+0000] {processor.py:839} INFO - DAG(s) dict_keys(['tutorial']) retrieved from /home/airflow/.local/lib/python3.8/site-packages/airflow/example_dags/tutorial.py
[2023-09-29T18:16:36.577+0000] {logging_mixin.py:151} INFO - [2023-09-29T18:16:36.576+0000] {dag.py:2915} INFO - Sync 1 DAGs
[2023-09-29T18:16:36.593+0000] {logging_mixin.py:151} INFO - [2023-09-29T18:16:36.593+0000] {dag.py:3696} INFO - Setting next_dagrun for tutorial to 2023-09-28T18:16:36.592993+00:00, run_after=2023-09-29T18:16:36.592993+00:00
[2023-09-29T18:16:36.605+0000] {processor.py:179} INFO - Processing /home/airflow/.local/lib/python3.8/site-packages/airflow/example_dags/tutorial.py took 0.062 seconds
[2023-09-29T18:17:07.818+0000] {processor.py:157} INFO - Started process (PID=1126) to work on /home/airflow/.local/lib/python3.8/site-packages/airflow/example_dags/tutorial.py
[2023-09-29T18:17:07.819+0000] {processor.py:829} INFO - Processing file /home/airflow/.local/lib/python3.8/site-packages/airflow/example_dags/tutorial.py for tasks to queue
[2023-09-29T18:17:07.822+0000] {logging_mixin.py:151} INFO - [2023-09-29T18:17:07.821+0000] {dagbag.py:539} INFO - Filling up the DagBag from /home/airflow/.local/lib/python3.8/site-packages/airflow/example_dags/tutorial.py
[2023-09-29T18:17:07.827+0000] {processor.py:839} INFO - DAG(s) dict_keys(['tutorial']) retrieved from /home/airflow/.local/lib/python3.8/site-packages/airflow/example_dags/tutorial.py
[2023-09-29T18:17:07.843+0000] {logging_mixin.py:151} INFO - [2023-09-29T18:17:07.843+0000] {dag.py:2915} INFO - Sync 1 DAGs
[2023-09-29T18:17:07.858+0000] {logging_mixin.py:151} INFO - [2023-09-29T18:17:07.858+0000] {dag.py:3696} INFO - Setting next_dagrun for tutorial to 2023-09-28T18:17:07.858212+00:00, run_after=2023-09-29T18:17:07.858212+00:00
[2023-09-29T18:17:07.870+0000] {processor.py:179} INFO - Processing /home/airflow/.local/lib/python3.8/site-packages/airflow/example_dags/tutorial.py took 0.055 seconds
[2023-09-29T18:17:38.558+0000] {processor.py:157} INFO - Started process (PID=1181) to work on /home/airflow/.local/lib/python3.8/site-packages/airflow/example_dags/tutorial.py
[2023-09-29T18:17:38.559+0000] {processor.py:829} INFO - Processing file /home/airflow/.local/lib/python3.8/site-packages/airflow/example_dags/tutorial.py for tasks to queue
[2023-09-29T18:17:38.561+0000] {logging_mixin.py:151} INFO - [2023-09-29T18:17:38.561+0000] {dagbag.py:539} INFO - Filling up the DagBag from /home/airflow/.local/lib/python3.8/site-packages/airflow/example_dags/tutorial.py
[2023-09-29T18:17:38.566+0000] {processor.py:839} INFO - DAG(s) dict_keys(['tutorial']) retrieved from /home/airflow/.local/lib/python3.8/site-packages/airflow/example_dags/tutorial.py
[2023-09-29T18:17:38.582+0000] {logging_mixin.py:151} INFO - [2023-09-29T18:17:38.581+0000] {dag.py:2915} INFO - Sync 1 DAGs
[2023-09-29T18:17:38.597+0000] {logging_mixin.py:151} INFO - [2023-09-29T18:17:38.597+0000] {dag.py:3696} INFO - Setting next_dagrun for tutorial to 2023-09-28T18:17:38.597310+00:00, run_after=2023-09-29T18:17:38.597310+00:00
[2023-09-29T18:17:38.609+0000] {processor.py:179} INFO - Processing /home/airflow/.local/lib/python3.8/site-packages/airflow/example_dags/tutorial.py took 0.054 seconds
[2023-09-29T18:18:09.157+0000] {processor.py:157} INFO - Started process (PID=1236) to work on /home/airflow/.local/lib/python3.8/site-packages/airflow/example_dags/tutorial.py
[2023-09-29T18:18:09.158+0000] {processor.py:829} INFO - Processing file /home/airflow/.local/lib/python3.8/site-packages/airflow/example_dags/tutorial.py for tasks to queue
[2023-09-29T18:18:09.160+0000] {logging_mixin.py:151} INFO - [2023-09-29T18:18:09.160+0000] {dagbag.py:539} INFO - Filling up the DagBag from /home/airflow/.local/lib/python3.8/site-packages/airflow/example_dags/tutorial.py
[2023-09-29T18:18:09.166+0000] {processor.py:839} INFO - DAG(s) dict_keys(['tutorial']) retrieved from /home/airflow/.local/lib/python3.8/site-packages/airflow/example_dags/tutorial.py
[2023-09-29T18:18:09.183+0000] {logging_mixin.py:151} INFO - [2023-09-29T18:18:09.183+0000] {dag.py:2915} INFO - Sync 1 DAGs
[2023-09-29T18:18:09.201+0000] {logging_mixin.py:151} INFO - [2023-09-29T18:18:09.200+0000] {dag.py:3696} INFO - Setting next_dagrun for tutorial to 2023-09-28T18:18:09.200751+00:00, run_after=2023-09-29T18:18:09.200751+00:00
[2023-09-29T18:18:09.214+0000] {processor.py:179} INFO - Processing /home/airflow/.local/lib/python3.8/site-packages/airflow/example_dags/tutorial.py took 0.060 seconds
[2023-09-29T18:18:39.651+0000] {processor.py:157} INFO - Started process (PID=1291) to work on /home/airflow/.local/lib/python3.8/site-packages/airflow/example_dags/tutorial.py
[2023-09-29T18:18:39.653+0000] {processor.py:829} INFO - Processing file /home/airflow/.local/lib/python3.8/site-packages/airflow/example_dags/tutorial.py for tasks to queue
[2023-09-29T18:18:39.655+0000] {logging_mixin.py:151} INFO - [2023-09-29T18:18:39.655+0000] {dagbag.py:539} INFO - Filling up the DagBag from /home/airflow/.local/lib/python3.8/site-packages/airflow/example_dags/tutorial.py
[2023-09-29T18:18:39.660+0000] {processor.py:839} INFO - DAG(s) dict_keys(['tutorial']) retrieved from /home/airflow/.local/lib/python3.8/site-packages/airflow/example_dags/tutorial.py
[2023-09-29T18:18:39.676+0000] {logging_mixin.py:151} INFO - [2023-09-29T18:18:39.676+0000] {dag.py:2915} INFO - Sync 1 DAGs
[2023-09-29T18:18:39.691+0000] {logging_mixin.py:151} INFO - [2023-09-29T18:18:39.691+0000] {dag.py:3696} INFO - Setting next_dagrun for tutorial to 2023-09-28T18:18:39.690982+00:00, run_after=2023-09-29T18:18:39.690982+00:00
[2023-09-29T18:18:39.703+0000] {processor.py:179} INFO - Processing /home/airflow/.local/lib/python3.8/site-packages/airflow/example_dags/tutorial.py took 0.055 seconds
[2023-09-29T18:19:10.638+0000] {processor.py:157} INFO - Started process (PID=1346) to work on /home/airflow/.local/lib/python3.8/site-packages/airflow/example_dags/tutorial.py
[2023-09-29T18:19:10.639+0000] {processor.py:829} INFO - Processing file /home/airflow/.local/lib/python3.8/site-packages/airflow/example_dags/tutorial.py for tasks to queue
[2023-09-29T18:19:10.641+0000] {logging_mixin.py:151} INFO - [2023-09-29T18:19:10.641+0000] {dagbag.py:539} INFO - Filling up the DagBag from /home/airflow/.local/lib/python3.8/site-packages/airflow/example_dags/tutorial.py
[2023-09-29T18:19:10.648+0000] {processor.py:839} INFO - DAG(s) dict_keys(['tutorial']) retrieved from /home/airflow/.local/lib/python3.8/site-packages/airflow/example_dags/tutorial.py
[2023-09-29T18:19:10.668+0000] {logging_mixin.py:151} INFO - [2023-09-29T18:19:10.668+0000] {dag.py:2915} INFO - Sync 1 DAGs
[2023-09-29T18:19:10.685+0000] {logging_mixin.py:151} INFO - [2023-09-29T18:19:10.685+0000] {dag.py:3696} INFO - Setting next_dagrun for tutorial to 2023-09-28T18:19:10.684793+00:00, run_after=2023-09-29T18:19:10.684793+00:00
[2023-09-29T18:19:10.696+0000] {processor.py:179} INFO - Processing /home/airflow/.local/lib/python3.8/site-packages/airflow/example_dags/tutorial.py took 0.061 seconds
[2023-09-29T18:19:41.184+0000] {processor.py:157} INFO - Started process (PID=1401) to work on /home/airflow/.local/lib/python3.8/site-packages/airflow/example_dags/tutorial.py
[2023-09-29T18:19:41.185+0000] {processor.py:829} INFO - Processing file /home/airflow/.local/lib/python3.8/site-packages/airflow/example_dags/tutorial.py for tasks to queue
[2023-09-29T18:19:41.187+0000] {logging_mixin.py:151} INFO - [2023-09-29T18:19:41.187+0000] {dagbag.py:539} INFO - Filling up the DagBag from /home/airflow/.local/lib/python3.8/site-packages/airflow/example_dags/tutorial.py
[2023-09-29T18:19:41.192+0000] {processor.py:839} INFO - DAG(s) dict_keys(['tutorial']) retrieved from /home/airflow/.local/lib/python3.8/site-packages/airflow/example_dags/tutorial.py
[2023-09-29T18:19:41.208+0000] {logging_mixin.py:151} INFO - [2023-09-29T18:19:41.208+0000] {dag.py:2915} INFO - Sync 1 DAGs
[2023-09-29T18:19:41.224+0000] {logging_mixin.py:151} INFO - [2023-09-29T18:19:41.224+0000] {dag.py:3696} INFO - Setting next_dagrun for tutorial to 2023-09-28T18:19:41.223812+00:00, run_after=2023-09-29T18:19:41.223812+00:00
[2023-09-29T18:19:41.235+0000] {processor.py:179} INFO - Processing /home/airflow/.local/lib/python3.8/site-packages/airflow/example_dags/tutorial.py took 0.054 seconds
[2023-09-29T18:20:11.571+0000] {processor.py:157} INFO - Started process (PID=1456) to work on /home/airflow/.local/lib/python3.8/site-packages/airflow/example_dags/tutorial.py
[2023-09-29T18:20:11.572+0000] {processor.py:829} INFO - Processing file /home/airflow/.local/lib/python3.8/site-packages/airflow/example_dags/tutorial.py for tasks to queue
[2023-09-29T18:20:11.574+0000] {logging_mixin.py:151} INFO - [2023-09-29T18:20:11.574+0000] {dagbag.py:539} INFO - Filling up the DagBag from /home/airflow/.local/lib/python3.8/site-packages/airflow/example_dags/tutorial.py
[2023-09-29T18:20:11.579+0000] {processor.py:839} INFO - DAG(s) dict_keys(['tutorial']) retrieved from /home/airflow/.local/lib/python3.8/site-packages/airflow/example_dags/tutorial.py
[2023-09-29T18:20:11.602+0000] {logging_mixin.py:151} INFO - [2023-09-29T18:20:11.602+0000] {dag.py:2915} INFO - Sync 1 DAGs
[2023-09-29T18:20:11.619+0000] {logging_mixin.py:151} INFO - [2023-09-29T18:20:11.618+0000] {dag.py:3696} INFO - Setting next_dagrun for tutorial to 2023-09-28T18:20:11.618604+00:00, run_after=2023-09-29T18:20:11.618604+00:00
[2023-09-29T18:20:11.632+0000] {processor.py:179} INFO - Processing /home/airflow/.local/lib/python3.8/site-packages/airflow/example_dags/tutorial.py took 0.064 seconds
[2023-09-29T18:20:42.149+0000] {processor.py:157} INFO - Started process (PID=1512) to work on /home/airflow/.local/lib/python3.8/site-packages/airflow/example_dags/tutorial.py
[2023-09-29T18:20:42.150+0000] {processor.py:829} INFO - Processing file /home/airflow/.local/lib/python3.8/site-packages/airflow/example_dags/tutorial.py for tasks to queue
[2023-09-29T18:20:42.152+0000] {logging_mixin.py:151} INFO - [2023-09-29T18:20:42.152+0000] {dagbag.py:539} INFO - Filling up the DagBag from /home/airflow/.local/lib/python3.8/site-packages/airflow/example_dags/tutorial.py
[2023-09-29T18:20:42.157+0000] {processor.py:839} INFO - DAG(s) dict_keys(['tutorial']) retrieved from /home/airflow/.local/lib/python3.8/site-packages/airflow/example_dags/tutorial.py
[2023-09-29T18:20:42.173+0000] {logging_mixin.py:151} INFO - [2023-09-29T18:20:42.173+0000] {dag.py:2915} INFO - Sync 1 DAGs
[2023-09-29T18:20:42.188+0000] {logging_mixin.py:151} INFO - [2023-09-29T18:20:42.188+0000] {dag.py:3696} INFO - Setting next_dagrun for tutorial to 2023-09-28T18:20:42.188072+00:00, run_after=2023-09-29T18:20:42.188072+00:00
[2023-09-29T18:20:42.199+0000] {processor.py:179} INFO - Processing /home/airflow/.local/lib/python3.8/site-packages/airflow/example_dags/tutorial.py took 0.053 seconds
[2023-09-29T18:21:12.683+0000] {processor.py:157} INFO - Started process (PID=1567) to work on /home/airflow/.local/lib/python3.8/site-packages/airflow/example_dags/tutorial.py
[2023-09-29T18:21:12.684+0000] {processor.py:829} INFO - Processing file /home/airflow/.local/lib/python3.8/site-packages/airflow/example_dags/tutorial.py for tasks to queue
[2023-09-29T18:21:12.686+0000] {logging_mixin.py:151} INFO - [2023-09-29T18:21:12.686+0000] {dagbag.py:539} INFO - Filling up the DagBag from /home/airflow/.local/lib/python3.8/site-packages/airflow/example_dags/tutorial.py
[2023-09-29T18:21:12.692+0000] {processor.py:839} INFO - DAG(s) dict_keys(['tutorial']) retrieved from /home/airflow/.local/lib/python3.8/site-packages/airflow/example_dags/tutorial.py
[2023-09-29T18:21:12.718+0000] {logging_mixin.py:151} INFO - [2023-09-29T18:21:12.718+0000] {dag.py:2915} INFO - Sync 1 DAGs
[2023-09-29T18:21:12.749+0000] {logging_mixin.py:151} INFO - [2023-09-29T18:21:12.748+0000] {dag.py:3696} INFO - Setting next_dagrun for tutorial to 2023-09-28T18:21:12.748437+00:00, run_after=2023-09-29T18:21:12.748437+00:00
[2023-09-29T18:21:12.767+0000] {processor.py:179} INFO - Processing /home/airflow/.local/lib/python3.8/site-packages/airflow/example_dags/tutorial.py took 0.088 seconds
[2023-09-29T18:21:43.008+0000] {processor.py:157} INFO - Started process (PID=1623) to work on /home/airflow/.local/lib/python3.8/site-packages/airflow/example_dags/tutorial.py
[2023-09-29T18:21:43.010+0000] {processor.py:829} INFO - Processing file /home/airflow/.local/lib/python3.8/site-packages/airflow/example_dags/tutorial.py for tasks to queue
[2023-09-29T18:21:43.013+0000] {logging_mixin.py:151} INFO - [2023-09-29T18:21:43.012+0000] {dagbag.py:539} INFO - Filling up the DagBag from /home/airflow/.local/lib/python3.8/site-packages/airflow/example_dags/tutorial.py
[2023-09-29T18:21:43.020+0000] {processor.py:839} INFO - DAG(s) dict_keys(['tutorial']) retrieved from /home/airflow/.local/lib/python3.8/site-packages/airflow/example_dags/tutorial.py
[2023-09-29T18:21:43.054+0000] {logging_mixin.py:151} INFO - [2023-09-29T18:21:43.054+0000] {dag.py:2915} INFO - Sync 1 DAGs
[2023-09-29T18:21:43.075+0000] {logging_mixin.py:151} INFO - [2023-09-29T18:21:43.075+0000] {dag.py:3696} INFO - Setting next_dagrun for tutorial to 2023-09-28T18:21:43.074963+00:00, run_after=2023-09-29T18:21:43.074963+00:00
[2023-09-29T18:21:43.099+0000] {processor.py:179} INFO - Processing /home/airflow/.local/lib/python3.8/site-packages/airflow/example_dags/tutorial.py took 0.094 seconds
[2023-09-29T18:22:13.574+0000] {processor.py:157} INFO - Started process (PID=1678) to work on /home/airflow/.local/lib/python3.8/site-packages/airflow/example_dags/tutorial.py
[2023-09-29T18:22:13.575+0000] {processor.py:829} INFO - Processing file /home/airflow/.local/lib/python3.8/site-packages/airflow/example_dags/tutorial.py for tasks to queue
[2023-09-29T18:22:13.577+0000] {logging_mixin.py:151} INFO - [2023-09-29T18:22:13.577+0000] {dagbag.py:539} INFO - Filling up the DagBag from /home/airflow/.local/lib/python3.8/site-packages/airflow/example_dags/tutorial.py
[2023-09-29T18:22:13.582+0000] {processor.py:839} INFO - DAG(s) dict_keys(['tutorial']) retrieved from /home/airflow/.local/lib/python3.8/site-packages/airflow/example_dags/tutorial.py
[2023-09-29T18:22:13.600+0000] {logging_mixin.py:151} INFO - [2023-09-29T18:22:13.600+0000] {dag.py:2915} INFO - Sync 1 DAGs
[2023-09-29T18:22:13.621+0000] {logging_mixin.py:151} INFO - [2023-09-29T18:22:13.620+0000] {dag.py:3696} INFO - Setting next_dagrun for tutorial to 2023-09-28T18:22:13.620612+00:00, run_after=2023-09-29T18:22:13.620612+00:00
[2023-09-29T18:22:13.634+0000] {processor.py:179} INFO - Processing /home/airflow/.local/lib/python3.8/site-packages/airflow/example_dags/tutorial.py took 0.063 seconds
[2023-09-29T18:22:44.554+0000] {processor.py:157} INFO - Started process (PID=1733) to work on /home/airflow/.local/lib/python3.8/site-packages/airflow/example_dags/tutorial.py
[2023-09-29T18:22:44.555+0000] {processor.py:829} INFO - Processing file /home/airflow/.local/lib/python3.8/site-packages/airflow/example_dags/tutorial.py for tasks to queue
[2023-09-29T18:22:44.557+0000] {logging_mixin.py:151} INFO - [2023-09-29T18:22:44.557+0000] {dagbag.py:539} INFO - Filling up the DagBag from /home/airflow/.local/lib/python3.8/site-packages/airflow/example_dags/tutorial.py
[2023-09-29T18:22:44.562+0000] {processor.py:839} INFO - DAG(s) dict_keys(['tutorial']) retrieved from /home/airflow/.local/lib/python3.8/site-packages/airflow/example_dags/tutorial.py
[2023-09-29T18:22:44.578+0000] {logging_mixin.py:151} INFO - [2023-09-29T18:22:44.578+0000] {dag.py:2915} INFO - Sync 1 DAGs
[2023-09-29T18:22:44.594+0000] {logging_mixin.py:151} INFO - [2023-09-29T18:22:44.594+0000] {dag.py:3696} INFO - Setting next_dagrun for tutorial to 2023-09-28T18:22:44.593971+00:00, run_after=2023-09-29T18:22:44.593971+00:00
[2023-09-29T18:22:44.605+0000] {processor.py:179} INFO - Processing /home/airflow/.local/lib/python3.8/site-packages/airflow/example_dags/tutorial.py took 0.055 seconds
[2023-09-29T18:23:14.711+0000] {processor.py:157} INFO - Started process (PID=1788) to work on /home/airflow/.local/lib/python3.8/site-packages/airflow/example_dags/tutorial.py
[2023-09-29T18:23:14.712+0000] {processor.py:829} INFO - Processing file /home/airflow/.local/lib/python3.8/site-packages/airflow/example_dags/tutorial.py for tasks to queue
[2023-09-29T18:23:14.714+0000] {logging_mixin.py:151} INFO - [2023-09-29T18:23:14.714+0000] {dagbag.py:539} INFO - Filling up the DagBag from /home/airflow/.local/lib/python3.8/site-packages/airflow/example_dags/tutorial.py
[2023-09-29T18:23:14.719+0000] {processor.py:839} INFO - DAG(s) dict_keys(['tutorial']) retrieved from /home/airflow/.local/lib/python3.8/site-packages/airflow/example_dags/tutorial.py
[2023-09-29T18:23:14.735+0000] {logging_mixin.py:151} INFO - [2023-09-29T18:23:14.734+0000] {dag.py:2915} INFO - Sync 1 DAGs
[2023-09-29T18:23:14.751+0000] {logging_mixin.py:151} INFO - [2023-09-29T18:23:14.751+0000] {dag.py:3696} INFO - Setting next_dagrun for tutorial to 2023-09-28T18:23:14.751185+00:00, run_after=2023-09-29T18:23:14.751185+00:00
[2023-09-29T18:23:14.763+0000] {processor.py:179} INFO - Processing /home/airflow/.local/lib/python3.8/site-packages/airflow/example_dags/tutorial.py took 0.055 seconds
[2023-09-29T18:23:45.056+0000] {processor.py:157} INFO - Started process (PID=1843) to work on /home/airflow/.local/lib/python3.8/site-packages/airflow/example_dags/tutorial.py
[2023-09-29T18:23:45.057+0000] {processor.py:829} INFO - Processing file /home/airflow/.local/lib/python3.8/site-packages/airflow/example_dags/tutorial.py for tasks to queue
[2023-09-29T18:23:45.060+0000] {logging_mixin.py:151} INFO - [2023-09-29T18:23:45.060+0000] {dagbag.py:539} INFO - Filling up the DagBag from /home/airflow/.local/lib/python3.8/site-packages/airflow/example_dags/tutorial.py
[2023-09-29T18:23:45.065+0000] {processor.py:839} INFO - DAG(s) dict_keys(['tutorial']) retrieved from /home/airflow/.local/lib/python3.8/site-packages/airflow/example_dags/tutorial.py
[2023-09-29T18:23:45.082+0000] {logging_mixin.py:151} INFO - [2023-09-29T18:23:45.081+0000] {dag.py:2915} INFO - Sync 1 DAGs
[2023-09-29T18:23:45.101+0000] {logging_mixin.py:151} INFO - [2023-09-29T18:23:45.100+0000] {dag.py:3696} INFO - Setting next_dagrun for tutorial to 2023-09-28T18:23:45.100508+00:00, run_after=2023-09-29T18:23:45.100508+00:00
[2023-09-29T18:23:45.114+0000] {processor.py:179} INFO - Processing /home/airflow/.local/lib/python3.8/site-packages/airflow/example_dags/tutorial.py took 0.061 seconds
[2023-09-29T18:24:15.200+0000] {processor.py:157} INFO - Started process (PID=1898) to work on /home/airflow/.local/lib/python3.8/site-packages/airflow/example_dags/tutorial.py
[2023-09-29T18:24:15.201+0000] {processor.py:829} INFO - Processing file /home/airflow/.local/lib/python3.8/site-packages/airflow/example_dags/tutorial.py for tasks to queue
[2023-09-29T18:24:15.203+0000] {logging_mixin.py:151} INFO - [2023-09-29T18:24:15.203+0000] {dagbag.py:539} INFO - Filling up the DagBag from /home/airflow/.local/lib/python3.8/site-packages/airflow/example_dags/tutorial.py
[2023-09-29T18:24:15.209+0000] {processor.py:839} INFO - DAG(s) dict_keys(['tutorial']) retrieved from /home/airflow/.local/lib/python3.8/site-packages/airflow/example_dags/tutorial.py
[2023-09-29T18:24:15.227+0000] {logging_mixin.py:151} INFO - [2023-09-29T18:24:15.227+0000] {dag.py:2915} INFO - Sync 1 DAGs
[2023-09-29T18:24:15.244+0000] {logging_mixin.py:151} INFO - [2023-09-29T18:24:15.244+0000] {dag.py:3696} INFO - Setting next_dagrun for tutorial to 2023-09-28T18:24:15.244036+00:00, run_after=2023-09-29T18:24:15.244036+00:00
[2023-09-29T18:24:15.260+0000] {processor.py:179} INFO - Processing /home/airflow/.local/lib/python3.8/site-packages/airflow/example_dags/tutorial.py took 0.064 seconds
[2023-09-29T18:24:45.594+0000] {processor.py:157} INFO - Started process (PID=1953) to work on /home/airflow/.local/lib/python3.8/site-packages/airflow/example_dags/tutorial.py
[2023-09-29T18:24:45.596+0000] {processor.py:829} INFO - Processing file /home/airflow/.local/lib/python3.8/site-packages/airflow/example_dags/tutorial.py for tasks to queue
[2023-09-29T18:24:45.599+0000] {logging_mixin.py:151} INFO - [2023-09-29T18:24:45.599+0000] {dagbag.py:539} INFO - Filling up the DagBag from /home/airflow/.local/lib/python3.8/site-packages/airflow/example_dags/tutorial.py
[2023-09-29T18:24:45.605+0000] {processor.py:839} INFO - DAG(s) dict_keys(['tutorial']) retrieved from /home/airflow/.local/lib/python3.8/site-packages/airflow/example_dags/tutorial.py
[2023-09-29T18:24:45.621+0000] {logging_mixin.py:151} INFO - [2023-09-29T18:24:45.621+0000] {dag.py:2915} INFO - Sync 1 DAGs
[2023-09-29T18:24:45.638+0000] {logging_mixin.py:151} INFO - [2023-09-29T18:24:45.638+0000] {dag.py:3696} INFO - Setting next_dagrun for tutorial to 2023-09-28T18:24:45.637907+00:00, run_after=2023-09-29T18:24:45.637907+00:00
[2023-09-29T18:24:45.649+0000] {processor.py:179} INFO - Processing /home/airflow/.local/lib/python3.8/site-packages/airflow/example_dags/tutorial.py took 0.061 seconds
[2023-09-29T18:25:15.935+0000] {processor.py:157} INFO - Started process (PID=2008) to work on /home/airflow/.local/lib/python3.8/site-packages/airflow/example_dags/tutorial.py
[2023-09-29T18:25:15.936+0000] {processor.py:829} INFO - Processing file /home/airflow/.local/lib/python3.8/site-packages/airflow/example_dags/tutorial.py for tasks to queue
[2023-09-29T18:25:15.938+0000] {logging_mixin.py:151} INFO - [2023-09-29T18:25:15.938+0000] {dagbag.py:539} INFO - Filling up the DagBag from /home/airflow/.local/lib/python3.8/site-packages/airflow/example_dags/tutorial.py
[2023-09-29T18:25:15.946+0000] {processor.py:839} INFO - DAG(s) dict_keys(['tutorial']) retrieved from /home/airflow/.local/lib/python3.8/site-packages/airflow/example_dags/tutorial.py
[2023-09-29T18:25:15.975+0000] {logging_mixin.py:151} INFO - [2023-09-29T18:25:15.975+0000] {dag.py:2915} INFO - Sync 1 DAGs
[2023-09-29T18:25:15.999+0000] {logging_mixin.py:151} INFO - [2023-09-29T18:25:15.999+0000] {dag.py:3696} INFO - Setting next_dagrun for tutorial to 2023-09-28T18:25:15.999141+00:00, run_after=2023-09-29T18:25:15.999141+00:00
[2023-09-29T18:25:16.013+0000] {processor.py:179} INFO - Processing /home/airflow/.local/lib/python3.8/site-packages/airflow/example_dags/tutorial.py took 0.082 seconds
