[2023-09-29T18:07:17.755+0000] {processor.py:157} INFO - Started process (PID=73) to work on /home/airflow/.local/lib/python3.8/site-packages/airflow/example_dags/tutorial_taskflow_api_virtualenv.py
[2023-09-29T18:07:17.782+0000] {processor.py:829} INFO - Processing file /home/airflow/.local/lib/python3.8/site-packages/airflow/example_dags/tutorial_taskflow_api_virtualenv.py for tasks to queue
[2023-09-29T18:07:17.794+0000] {logging_mixin.py:151} INFO - [2023-09-29T18:07:17.793+0000] {dagbag.py:539} INFO - Filling up the DagBag from /home/airflow/.local/lib/python3.8/site-packages/airflow/example_dags/tutorial_taskflow_api_virtualenv.py
[2023-09-29T18:07:17.815+0000] {processor.py:839} INFO - DAG(s) dict_keys(['tutorial_taskflow_api_virtualenv']) retrieved from /home/airflow/.local/lib/python3.8/site-packages/airflow/example_dags/tutorial_taskflow_api_virtualenv.py
[2023-09-29T18:07:17.854+0000] {logging_mixin.py:151} INFO - [2023-09-29T18:07:17.853+0000] {dag.py:2915} INFO - Sync 1 DAGs
[2023-09-29T18:07:17.884+0000] {logging_mixin.py:151} INFO - [2023-09-29T18:07:17.883+0000] {dag.py:3696} INFO - Setting next_dagrun for tutorial_taskflow_api_virtualenv to None, run_after=None
[2023-09-29T18:07:17.944+0000] {processor.py:179} INFO - Processing /home/airflow/.local/lib/python3.8/site-packages/airflow/example_dags/tutorial_taskflow_api_virtualenv.py took 0.195 seconds
[2023-09-29T18:07:54.662+0000] {processor.py:157} INFO - Started process (PID=127) to work on /home/airflow/.local/lib/python3.8/site-packages/airflow/example_dags/tutorial_taskflow_api_virtualenv.py
[2023-09-29T18:07:54.666+0000] {processor.py:829} INFO - Processing file /home/airflow/.local/lib/python3.8/site-packages/airflow/example_dags/tutorial_taskflow_api_virtualenv.py for tasks to queue
[2023-09-29T18:07:54.673+0000] {logging_mixin.py:151} INFO - [2023-09-29T18:07:54.672+0000] {dagbag.py:539} INFO - Filling up the DagBag from /home/airflow/.local/lib/python3.8/site-packages/airflow/example_dags/tutorial_taskflow_api_virtualenv.py
[2023-09-29T18:07:54.690+0000] {processor.py:839} INFO - DAG(s) dict_keys(['tutorial_taskflow_api_virtualenv']) retrieved from /home/airflow/.local/lib/python3.8/site-packages/airflow/example_dags/tutorial_taskflow_api_virtualenv.py
[2023-09-29T18:07:54.907+0000] {logging_mixin.py:151} INFO - [2023-09-29T18:07:54.906+0000] {dag.py:2915} INFO - Sync 1 DAGs
[2023-09-29T18:07:54.950+0000] {logging_mixin.py:151} INFO - [2023-09-29T18:07:54.950+0000] {dag.py:3696} INFO - Setting next_dagrun for tutorial_taskflow_api_virtualenv to None, run_after=None
[2023-09-29T18:07:54.986+0000] {processor.py:179} INFO - Processing /home/airflow/.local/lib/python3.8/site-packages/airflow/example_dags/tutorial_taskflow_api_virtualenv.py took 0.340 seconds
[2023-09-29T18:08:25.649+0000] {processor.py:157} INFO - Started process (PID=181) to work on /home/airflow/.local/lib/python3.8/site-packages/airflow/example_dags/tutorial_taskflow_api_virtualenv.py
[2023-09-29T18:08:25.651+0000] {processor.py:829} INFO - Processing file /home/airflow/.local/lib/python3.8/site-packages/airflow/example_dags/tutorial_taskflow_api_virtualenv.py for tasks to queue
[2023-09-29T18:08:25.654+0000] {logging_mixin.py:151} INFO - [2023-09-29T18:08:25.654+0000] {dagbag.py:539} INFO - Filling up the DagBag from /home/airflow/.local/lib/python3.8/site-packages/airflow/example_dags/tutorial_taskflow_api_virtualenv.py
[2023-09-29T18:08:25.667+0000] {processor.py:839} INFO - DAG(s) dict_keys(['tutorial_taskflow_api_virtualenv']) retrieved from /home/airflow/.local/lib/python3.8/site-packages/airflow/example_dags/tutorial_taskflow_api_virtualenv.py
[2023-09-29T18:08:25.692+0000] {logging_mixin.py:151} INFO - [2023-09-29T18:08:25.692+0000] {dag.py:2915} INFO - Sync 1 DAGs
[2023-09-29T18:08:25.706+0000] {logging_mixin.py:151} INFO - [2023-09-29T18:08:25.706+0000] {dag.py:3696} INFO - Setting next_dagrun for tutorial_taskflow_api_virtualenv to None, run_after=None
[2023-09-29T18:08:25.719+0000] {processor.py:179} INFO - Processing /home/airflow/.local/lib/python3.8/site-packages/airflow/example_dags/tutorial_taskflow_api_virtualenv.py took 0.074 seconds
[2023-09-29T18:08:55.785+0000] {processor.py:157} INFO - Started process (PID=236) to work on /home/airflow/.local/lib/python3.8/site-packages/airflow/example_dags/tutorial_taskflow_api_virtualenv.py
[2023-09-29T18:08:55.786+0000] {processor.py:829} INFO - Processing file /home/airflow/.local/lib/python3.8/site-packages/airflow/example_dags/tutorial_taskflow_api_virtualenv.py for tasks to queue
[2023-09-29T18:08:55.788+0000] {logging_mixin.py:151} INFO - [2023-09-29T18:08:55.787+0000] {dagbag.py:539} INFO - Filling up the DagBag from /home/airflow/.local/lib/python3.8/site-packages/airflow/example_dags/tutorial_taskflow_api_virtualenv.py
[2023-09-29T18:08:55.793+0000] {processor.py:839} INFO - DAG(s) dict_keys(['tutorial_taskflow_api_virtualenv']) retrieved from /home/airflow/.local/lib/python3.8/site-packages/airflow/example_dags/tutorial_taskflow_api_virtualenv.py
[2023-09-29T18:08:55.810+0000] {logging_mixin.py:151} INFO - [2023-09-29T18:08:55.809+0000] {dag.py:2915} INFO - Sync 1 DAGs
[2023-09-29T18:08:55.825+0000] {logging_mixin.py:151} INFO - [2023-09-29T18:08:55.825+0000] {dag.py:3696} INFO - Setting next_dagrun for tutorial_taskflow_api_virtualenv to None, run_after=None
[2023-09-29T18:08:55.840+0000] {processor.py:179} INFO - Processing /home/airflow/.local/lib/python3.8/site-packages/airflow/example_dags/tutorial_taskflow_api_virtualenv.py took 0.058 seconds
[2023-09-29T18:09:26.778+0000] {processor.py:157} INFO - Started process (PID=291) to work on /home/airflow/.local/lib/python3.8/site-packages/airflow/example_dags/tutorial_taskflow_api_virtualenv.py
[2023-09-29T18:09:26.780+0000] {processor.py:829} INFO - Processing file /home/airflow/.local/lib/python3.8/site-packages/airflow/example_dags/tutorial_taskflow_api_virtualenv.py for tasks to queue
[2023-09-29T18:09:26.782+0000] {logging_mixin.py:151} INFO - [2023-09-29T18:09:26.782+0000] {dagbag.py:539} INFO - Filling up the DagBag from /home/airflow/.local/lib/python3.8/site-packages/airflow/example_dags/tutorial_taskflow_api_virtualenv.py
[2023-09-29T18:09:26.789+0000] {processor.py:839} INFO - DAG(s) dict_keys(['tutorial_taskflow_api_virtualenv']) retrieved from /home/airflow/.local/lib/python3.8/site-packages/airflow/example_dags/tutorial_taskflow_api_virtualenv.py
[2023-09-29T18:09:26.809+0000] {logging_mixin.py:151} INFO - [2023-09-29T18:09:26.809+0000] {dag.py:2915} INFO - Sync 1 DAGs
[2023-09-29T18:09:26.828+0000] {logging_mixin.py:151} INFO - [2023-09-29T18:09:26.828+0000] {dag.py:3696} INFO - Setting next_dagrun for tutorial_taskflow_api_virtualenv to None, run_after=None
[2023-09-29T18:09:26.844+0000] {processor.py:179} INFO - Processing /home/airflow/.local/lib/python3.8/site-packages/airflow/example_dags/tutorial_taskflow_api_virtualenv.py took 0.070 seconds
[2023-09-29T18:09:57.413+0000] {processor.py:157} INFO - Started process (PID=346) to work on /home/airflow/.local/lib/python3.8/site-packages/airflow/example_dags/tutorial_taskflow_api_virtualenv.py
[2023-09-29T18:09:57.414+0000] {processor.py:829} INFO - Processing file /home/airflow/.local/lib/python3.8/site-packages/airflow/example_dags/tutorial_taskflow_api_virtualenv.py for tasks to queue
[2023-09-29T18:09:57.416+0000] {logging_mixin.py:151} INFO - [2023-09-29T18:09:57.416+0000] {dagbag.py:539} INFO - Filling up the DagBag from /home/airflow/.local/lib/python3.8/site-packages/airflow/example_dags/tutorial_taskflow_api_virtualenv.py
[2023-09-29T18:09:57.423+0000] {processor.py:839} INFO - DAG(s) dict_keys(['tutorial_taskflow_api_virtualenv']) retrieved from /home/airflow/.local/lib/python3.8/site-packages/airflow/example_dags/tutorial_taskflow_api_virtualenv.py
[2023-09-29T18:09:57.440+0000] {logging_mixin.py:151} INFO - [2023-09-29T18:09:57.440+0000] {dag.py:2915} INFO - Sync 1 DAGs
[2023-09-29T18:09:57.449+0000] {logging_mixin.py:151} INFO - [2023-09-29T18:09:57.449+0000] {dag.py:3696} INFO - Setting next_dagrun for tutorial_taskflow_api_virtualenv to None, run_after=None
[2023-09-29T18:09:57.461+0000] {processor.py:179} INFO - Processing /home/airflow/.local/lib/python3.8/site-packages/airflow/example_dags/tutorial_taskflow_api_virtualenv.py took 0.053 seconds
[2023-09-29T18:10:28.695+0000] {processor.py:157} INFO - Started process (PID=409) to work on /home/airflow/.local/lib/python3.8/site-packages/airflow/example_dags/tutorial_taskflow_api_virtualenv.py
[2023-09-29T18:10:28.696+0000] {processor.py:829} INFO - Processing file /home/airflow/.local/lib/python3.8/site-packages/airflow/example_dags/tutorial_taskflow_api_virtualenv.py for tasks to queue
[2023-09-29T18:10:28.698+0000] {logging_mixin.py:151} INFO - [2023-09-29T18:10:28.698+0000] {dagbag.py:539} INFO - Filling up the DagBag from /home/airflow/.local/lib/python3.8/site-packages/airflow/example_dags/tutorial_taskflow_api_virtualenv.py
[2023-09-29T18:10:28.707+0000] {processor.py:839} INFO - DAG(s) dict_keys(['tutorial_taskflow_api_virtualenv']) retrieved from /home/airflow/.local/lib/python3.8/site-packages/airflow/example_dags/tutorial_taskflow_api_virtualenv.py
[2023-09-29T18:10:28.726+0000] {logging_mixin.py:151} INFO - [2023-09-29T18:10:28.726+0000] {dag.py:2915} INFO - Sync 1 DAGs
[2023-09-29T18:10:28.735+0000] {logging_mixin.py:151} INFO - [2023-09-29T18:10:28.735+0000] {dag.py:3696} INFO - Setting next_dagrun for tutorial_taskflow_api_virtualenv to None, run_after=None
[2023-09-29T18:10:28.747+0000] {processor.py:179} INFO - Processing /home/airflow/.local/lib/python3.8/site-packages/airflow/example_dags/tutorial_taskflow_api_virtualenv.py took 0.057 seconds
[2023-09-29T18:10:59.784+0000] {processor.py:157} INFO - Started process (PID=464) to work on /home/airflow/.local/lib/python3.8/site-packages/airflow/example_dags/tutorial_taskflow_api_virtualenv.py
[2023-09-29T18:10:59.786+0000] {processor.py:829} INFO - Processing file /home/airflow/.local/lib/python3.8/site-packages/airflow/example_dags/tutorial_taskflow_api_virtualenv.py for tasks to queue
[2023-09-29T18:10:59.788+0000] {logging_mixin.py:151} INFO - [2023-09-29T18:10:59.787+0000] {dagbag.py:539} INFO - Filling up the DagBag from /home/airflow/.local/lib/python3.8/site-packages/airflow/example_dags/tutorial_taskflow_api_virtualenv.py
[2023-09-29T18:10:59.794+0000] {processor.py:839} INFO - DAG(s) dict_keys(['tutorial_taskflow_api_virtualenv']) retrieved from /home/airflow/.local/lib/python3.8/site-packages/airflow/example_dags/tutorial_taskflow_api_virtualenv.py
[2023-09-29T18:10:59.810+0000] {logging_mixin.py:151} INFO - [2023-09-29T18:10:59.810+0000] {dag.py:2915} INFO - Sync 1 DAGs
[2023-09-29T18:10:59.820+0000] {logging_mixin.py:151} INFO - [2023-09-29T18:10:59.820+0000] {dag.py:3696} INFO - Setting next_dagrun for tutorial_taskflow_api_virtualenv to None, run_after=None
[2023-09-29T18:10:59.831+0000] {processor.py:179} INFO - Processing /home/airflow/.local/lib/python3.8/site-packages/airflow/example_dags/tutorial_taskflow_api_virtualenv.py took 0.051 seconds
[2023-09-29T18:11:30.378+0000] {processor.py:157} INFO - Started process (PID=519) to work on /home/airflow/.local/lib/python3.8/site-packages/airflow/example_dags/tutorial_taskflow_api_virtualenv.py
[2023-09-29T18:11:30.380+0000] {processor.py:829} INFO - Processing file /home/airflow/.local/lib/python3.8/site-packages/airflow/example_dags/tutorial_taskflow_api_virtualenv.py for tasks to queue
[2023-09-29T18:11:30.382+0000] {logging_mixin.py:151} INFO - [2023-09-29T18:11:30.382+0000] {dagbag.py:539} INFO - Filling up the DagBag from /home/airflow/.local/lib/python3.8/site-packages/airflow/example_dags/tutorial_taskflow_api_virtualenv.py
[2023-09-29T18:11:30.388+0000] {processor.py:839} INFO - DAG(s) dict_keys(['tutorial_taskflow_api_virtualenv']) retrieved from /home/airflow/.local/lib/python3.8/site-packages/airflow/example_dags/tutorial_taskflow_api_virtualenv.py
[2023-09-29T18:11:30.403+0000] {logging_mixin.py:151} INFO - [2023-09-29T18:11:30.403+0000] {dag.py:2915} INFO - Sync 1 DAGs
[2023-09-29T18:11:30.411+0000] {logging_mixin.py:151} INFO - [2023-09-29T18:11:30.411+0000] {dag.py:3696} INFO - Setting next_dagrun for tutorial_taskflow_api_virtualenv to None, run_after=None
[2023-09-29T18:11:30.422+0000] {processor.py:179} INFO - Processing /home/airflow/.local/lib/python3.8/site-packages/airflow/example_dags/tutorial_taskflow_api_virtualenv.py took 0.047 seconds
[2023-09-29T18:12:01.456+0000] {processor.py:157} INFO - Started process (PID=574) to work on /home/airflow/.local/lib/python3.8/site-packages/airflow/example_dags/tutorial_taskflow_api_virtualenv.py
[2023-09-29T18:12:01.457+0000] {processor.py:829} INFO - Processing file /home/airflow/.local/lib/python3.8/site-packages/airflow/example_dags/tutorial_taskflow_api_virtualenv.py for tasks to queue
[2023-09-29T18:12:01.459+0000] {logging_mixin.py:151} INFO - [2023-09-29T18:12:01.458+0000] {dagbag.py:539} INFO - Filling up the DagBag from /home/airflow/.local/lib/python3.8/site-packages/airflow/example_dags/tutorial_taskflow_api_virtualenv.py
[2023-09-29T18:12:01.465+0000] {processor.py:839} INFO - DAG(s) dict_keys(['tutorial_taskflow_api_virtualenv']) retrieved from /home/airflow/.local/lib/python3.8/site-packages/airflow/example_dags/tutorial_taskflow_api_virtualenv.py
[2023-09-29T18:12:01.481+0000] {logging_mixin.py:151} INFO - [2023-09-29T18:12:01.481+0000] {dag.py:2915} INFO - Sync 1 DAGs
[2023-09-29T18:12:01.489+0000] {logging_mixin.py:151} INFO - [2023-09-29T18:12:01.489+0000] {dag.py:3696} INFO - Setting next_dagrun for tutorial_taskflow_api_virtualenv to None, run_after=None
[2023-09-29T18:12:01.501+0000] {processor.py:179} INFO - Processing /home/airflow/.local/lib/python3.8/site-packages/airflow/example_dags/tutorial_taskflow_api_virtualenv.py took 0.048 seconds
[2023-09-29T18:12:32.349+0000] {processor.py:157} INFO - Started process (PID=630) to work on /home/airflow/.local/lib/python3.8/site-packages/airflow/example_dags/tutorial_taskflow_api_virtualenv.py
[2023-09-29T18:12:32.351+0000] {processor.py:829} INFO - Processing file /home/airflow/.local/lib/python3.8/site-packages/airflow/example_dags/tutorial_taskflow_api_virtualenv.py for tasks to queue
[2023-09-29T18:12:32.355+0000] {logging_mixin.py:151} INFO - [2023-09-29T18:12:32.354+0000] {dagbag.py:539} INFO - Filling up the DagBag from /home/airflow/.local/lib/python3.8/site-packages/airflow/example_dags/tutorial_taskflow_api_virtualenv.py
[2023-09-29T18:12:32.361+0000] {processor.py:839} INFO - DAG(s) dict_keys(['tutorial_taskflow_api_virtualenv']) retrieved from /home/airflow/.local/lib/python3.8/site-packages/airflow/example_dags/tutorial_taskflow_api_virtualenv.py
[2023-09-29T18:12:32.382+0000] {logging_mixin.py:151} INFO - [2023-09-29T18:12:32.382+0000] {dag.py:2915} INFO - Sync 1 DAGs
[2023-09-29T18:12:32.392+0000] {logging_mixin.py:151} INFO - [2023-09-29T18:12:32.391+0000] {dag.py:3696} INFO - Setting next_dagrun for tutorial_taskflow_api_virtualenv to None, run_after=None
[2023-09-29T18:12:32.408+0000] {processor.py:179} INFO - Processing /home/airflow/.local/lib/python3.8/site-packages/airflow/example_dags/tutorial_taskflow_api_virtualenv.py took 0.062 seconds
[2023-09-29T18:13:03.398+0000] {processor.py:157} INFO - Started process (PID=685) to work on /home/airflow/.local/lib/python3.8/site-packages/airflow/example_dags/tutorial_taskflow_api_virtualenv.py
[2023-09-29T18:13:03.399+0000] {processor.py:829} INFO - Processing file /home/airflow/.local/lib/python3.8/site-packages/airflow/example_dags/tutorial_taskflow_api_virtualenv.py for tasks to queue
[2023-09-29T18:13:03.401+0000] {logging_mixin.py:151} INFO - [2023-09-29T18:13:03.400+0000] {dagbag.py:539} INFO - Filling up the DagBag from /home/airflow/.local/lib/python3.8/site-packages/airflow/example_dags/tutorial_taskflow_api_virtualenv.py
[2023-09-29T18:13:03.406+0000] {processor.py:839} INFO - DAG(s) dict_keys(['tutorial_taskflow_api_virtualenv']) retrieved from /home/airflow/.local/lib/python3.8/site-packages/airflow/example_dags/tutorial_taskflow_api_virtualenv.py
[2023-09-29T18:13:03.422+0000] {logging_mixin.py:151} INFO - [2023-09-29T18:13:03.422+0000] {dag.py:2915} INFO - Sync 1 DAGs
[2023-09-29T18:13:03.431+0000] {logging_mixin.py:151} INFO - [2023-09-29T18:13:03.431+0000] {dag.py:3696} INFO - Setting next_dagrun for tutorial_taskflow_api_virtualenv to None, run_after=None
[2023-09-29T18:13:03.442+0000] {processor.py:179} INFO - Processing /home/airflow/.local/lib/python3.8/site-packages/airflow/example_dags/tutorial_taskflow_api_virtualenv.py took 0.048 seconds
[2023-09-29T18:13:33.929+0000] {processor.py:157} INFO - Started process (PID=740) to work on /home/airflow/.local/lib/python3.8/site-packages/airflow/example_dags/tutorial_taskflow_api_virtualenv.py
[2023-09-29T18:13:33.931+0000] {processor.py:829} INFO - Processing file /home/airflow/.local/lib/python3.8/site-packages/airflow/example_dags/tutorial_taskflow_api_virtualenv.py for tasks to queue
[2023-09-29T18:13:33.933+0000] {logging_mixin.py:151} INFO - [2023-09-29T18:13:33.933+0000] {dagbag.py:539} INFO - Filling up the DagBag from /home/airflow/.local/lib/python3.8/site-packages/airflow/example_dags/tutorial_taskflow_api_virtualenv.py
[2023-09-29T18:13:33.939+0000] {processor.py:839} INFO - DAG(s) dict_keys(['tutorial_taskflow_api_virtualenv']) retrieved from /home/airflow/.local/lib/python3.8/site-packages/airflow/example_dags/tutorial_taskflow_api_virtualenv.py
[2023-09-29T18:13:33.954+0000] {logging_mixin.py:151} INFO - [2023-09-29T18:13:33.954+0000] {dag.py:2915} INFO - Sync 1 DAGs
[2023-09-29T18:13:33.963+0000] {logging_mixin.py:151} INFO - [2023-09-29T18:13:33.963+0000] {dag.py:3696} INFO - Setting next_dagrun for tutorial_taskflow_api_virtualenv to None, run_after=None
[2023-09-29T18:13:33.973+0000] {processor.py:179} INFO - Processing /home/airflow/.local/lib/python3.8/site-packages/airflow/example_dags/tutorial_taskflow_api_virtualenv.py took 0.048 seconds
[2023-09-29T18:14:04.297+0000] {processor.py:157} INFO - Started process (PID=794) to work on /home/airflow/.local/lib/python3.8/site-packages/airflow/example_dags/tutorial_taskflow_api_virtualenv.py
[2023-09-29T18:14:04.299+0000] {processor.py:829} INFO - Processing file /home/airflow/.local/lib/python3.8/site-packages/airflow/example_dags/tutorial_taskflow_api_virtualenv.py for tasks to queue
[2023-09-29T18:14:04.302+0000] {logging_mixin.py:151} INFO - [2023-09-29T18:14:04.302+0000] {dagbag.py:539} INFO - Filling up the DagBag from /home/airflow/.local/lib/python3.8/site-packages/airflow/example_dags/tutorial_taskflow_api_virtualenv.py
[2023-09-29T18:14:04.309+0000] {processor.py:839} INFO - DAG(s) dict_keys(['tutorial_taskflow_api_virtualenv']) retrieved from /home/airflow/.local/lib/python3.8/site-packages/airflow/example_dags/tutorial_taskflow_api_virtualenv.py
[2023-09-29T18:14:04.327+0000] {logging_mixin.py:151} INFO - [2023-09-29T18:14:04.327+0000] {dag.py:2915} INFO - Sync 1 DAGs
[2023-09-29T18:14:04.337+0000] {logging_mixin.py:151} INFO - [2023-09-29T18:14:04.337+0000] {dag.py:3696} INFO - Setting next_dagrun for tutorial_taskflow_api_virtualenv to None, run_after=None
[2023-09-29T18:14:04.349+0000] {processor.py:179} INFO - Processing /home/airflow/.local/lib/python3.8/site-packages/airflow/example_dags/tutorial_taskflow_api_virtualenv.py took 0.069 seconds
[2023-09-29T18:14:34.463+0000] {processor.py:157} INFO - Started process (PID=849) to work on /home/airflow/.local/lib/python3.8/site-packages/airflow/example_dags/tutorial_taskflow_api_virtualenv.py
[2023-09-29T18:14:34.464+0000] {processor.py:829} INFO - Processing file /home/airflow/.local/lib/python3.8/site-packages/airflow/example_dags/tutorial_taskflow_api_virtualenv.py for tasks to queue
[2023-09-29T18:14:34.469+0000] {logging_mixin.py:151} INFO - [2023-09-29T18:14:34.469+0000] {dagbag.py:539} INFO - Filling up the DagBag from /home/airflow/.local/lib/python3.8/site-packages/airflow/example_dags/tutorial_taskflow_api_virtualenv.py
[2023-09-29T18:14:34.483+0000] {processor.py:839} INFO - DAG(s) dict_keys(['tutorial_taskflow_api_virtualenv']) retrieved from /home/airflow/.local/lib/python3.8/site-packages/airflow/example_dags/tutorial_taskflow_api_virtualenv.py
[2023-09-29T18:14:34.542+0000] {logging_mixin.py:151} INFO - [2023-09-29T18:14:34.542+0000] {dag.py:2915} INFO - Sync 1 DAGs
[2023-09-29T18:14:34.555+0000] {logging_mixin.py:151} INFO - [2023-09-29T18:14:34.555+0000] {dag.py:3696} INFO - Setting next_dagrun for tutorial_taskflow_api_virtualenv to None, run_after=None
[2023-09-29T18:14:34.582+0000] {processor.py:179} INFO - Processing /home/airflow/.local/lib/python3.8/site-packages/airflow/example_dags/tutorial_taskflow_api_virtualenv.py took 0.125 seconds
[2023-09-29T18:15:04.655+0000] {processor.py:157} INFO - Started process (PID=904) to work on /home/airflow/.local/lib/python3.8/site-packages/airflow/example_dags/tutorial_taskflow_api_virtualenv.py
[2023-09-29T18:15:04.657+0000] {processor.py:829} INFO - Processing file /home/airflow/.local/lib/python3.8/site-packages/airflow/example_dags/tutorial_taskflow_api_virtualenv.py for tasks to queue
[2023-09-29T18:15:04.660+0000] {logging_mixin.py:151} INFO - [2023-09-29T18:15:04.659+0000] {dagbag.py:539} INFO - Filling up the DagBag from /home/airflow/.local/lib/python3.8/site-packages/airflow/example_dags/tutorial_taskflow_api_virtualenv.py
[2023-09-29T18:15:04.666+0000] {processor.py:839} INFO - DAG(s) dict_keys(['tutorial_taskflow_api_virtualenv']) retrieved from /home/airflow/.local/lib/python3.8/site-packages/airflow/example_dags/tutorial_taskflow_api_virtualenv.py
[2023-09-29T18:15:04.684+0000] {logging_mixin.py:151} INFO - [2023-09-29T18:15:04.684+0000] {dag.py:2915} INFO - Sync 1 DAGs
[2023-09-29T18:15:04.695+0000] {logging_mixin.py:151} INFO - [2023-09-29T18:15:04.695+0000] {dag.py:3696} INFO - Setting next_dagrun for tutorial_taskflow_api_virtualenv to None, run_after=None
[2023-09-29T18:15:04.710+0000] {processor.py:179} INFO - Processing /home/airflow/.local/lib/python3.8/site-packages/airflow/example_dags/tutorial_taskflow_api_virtualenv.py took 0.059 seconds
[2023-09-29T18:15:35.113+0000] {processor.py:157} INFO - Started process (PID=959) to work on /home/airflow/.local/lib/python3.8/site-packages/airflow/example_dags/tutorial_taskflow_api_virtualenv.py
[2023-09-29T18:15:35.115+0000] {processor.py:829} INFO - Processing file /home/airflow/.local/lib/python3.8/site-packages/airflow/example_dags/tutorial_taskflow_api_virtualenv.py for tasks to queue
[2023-09-29T18:15:35.117+0000] {logging_mixin.py:151} INFO - [2023-09-29T18:15:35.117+0000] {dagbag.py:539} INFO - Filling up the DagBag from /home/airflow/.local/lib/python3.8/site-packages/airflow/example_dags/tutorial_taskflow_api_virtualenv.py
[2023-09-29T18:15:35.125+0000] {processor.py:839} INFO - DAG(s) dict_keys(['tutorial_taskflow_api_virtualenv']) retrieved from /home/airflow/.local/lib/python3.8/site-packages/airflow/example_dags/tutorial_taskflow_api_virtualenv.py
[2023-09-29T18:15:35.145+0000] {logging_mixin.py:151} INFO - [2023-09-29T18:15:35.145+0000] {dag.py:2915} INFO - Sync 1 DAGs
[2023-09-29T18:15:35.156+0000] {logging_mixin.py:151} INFO - [2023-09-29T18:15:35.155+0000] {dag.py:3696} INFO - Setting next_dagrun for tutorial_taskflow_api_virtualenv to None, run_after=None
[2023-09-29T18:15:35.171+0000] {processor.py:179} INFO - Processing /home/airflow/.local/lib/python3.8/site-packages/airflow/example_dags/tutorial_taskflow_api_virtualenv.py took 0.063 seconds
[2023-09-29T18:16:05.808+0000] {processor.py:157} INFO - Started process (PID=1014) to work on /home/airflow/.local/lib/python3.8/site-packages/airflow/example_dags/tutorial_taskflow_api_virtualenv.py
[2023-09-29T18:16:05.809+0000] {processor.py:829} INFO - Processing file /home/airflow/.local/lib/python3.8/site-packages/airflow/example_dags/tutorial_taskflow_api_virtualenv.py for tasks to queue
[2023-09-29T18:16:05.810+0000] {logging_mixin.py:151} INFO - [2023-09-29T18:16:05.810+0000] {dagbag.py:539} INFO - Filling up the DagBag from /home/airflow/.local/lib/python3.8/site-packages/airflow/example_dags/tutorial_taskflow_api_virtualenv.py
[2023-09-29T18:16:05.816+0000] {processor.py:839} INFO - DAG(s) dict_keys(['tutorial_taskflow_api_virtualenv']) retrieved from /home/airflow/.local/lib/python3.8/site-packages/airflow/example_dags/tutorial_taskflow_api_virtualenv.py
[2023-09-29T18:16:05.832+0000] {logging_mixin.py:151} INFO - [2023-09-29T18:16:05.832+0000] {dag.py:2915} INFO - Sync 1 DAGs
[2023-09-29T18:16:05.842+0000] {logging_mixin.py:151} INFO - [2023-09-29T18:16:05.842+0000] {dag.py:3696} INFO - Setting next_dagrun for tutorial_taskflow_api_virtualenv to None, run_after=None
[2023-09-29T18:16:05.855+0000] {processor.py:179} INFO - Processing /home/airflow/.local/lib/python3.8/site-packages/airflow/example_dags/tutorial_taskflow_api_virtualenv.py took 0.052 seconds
[2023-09-29T18:16:36.485+0000] {processor.py:157} INFO - Started process (PID=1069) to work on /home/airflow/.local/lib/python3.8/site-packages/airflow/example_dags/tutorial_taskflow_api_virtualenv.py
[2023-09-29T18:16:36.486+0000] {processor.py:829} INFO - Processing file /home/airflow/.local/lib/python3.8/site-packages/airflow/example_dags/tutorial_taskflow_api_virtualenv.py for tasks to queue
[2023-09-29T18:16:36.488+0000] {logging_mixin.py:151} INFO - [2023-09-29T18:16:36.487+0000] {dagbag.py:539} INFO - Filling up the DagBag from /home/airflow/.local/lib/python3.8/site-packages/airflow/example_dags/tutorial_taskflow_api_virtualenv.py
[2023-09-29T18:16:36.493+0000] {processor.py:839} INFO - DAG(s) dict_keys(['tutorial_taskflow_api_virtualenv']) retrieved from /home/airflow/.local/lib/python3.8/site-packages/airflow/example_dags/tutorial_taskflow_api_virtualenv.py
[2023-09-29T18:16:36.508+0000] {logging_mixin.py:151} INFO - [2023-09-29T18:16:36.508+0000] {dag.py:2915} INFO - Sync 1 DAGs
[2023-09-29T18:16:36.517+0000] {logging_mixin.py:151} INFO - [2023-09-29T18:16:36.517+0000] {dag.py:3696} INFO - Setting next_dagrun for tutorial_taskflow_api_virtualenv to None, run_after=None
[2023-09-29T18:16:36.529+0000] {processor.py:179} INFO - Processing /home/airflow/.local/lib/python3.8/site-packages/airflow/example_dags/tutorial_taskflow_api_virtualenv.py took 0.047 seconds
[2023-09-29T18:17:07.757+0000] {processor.py:157} INFO - Started process (PID=1125) to work on /home/airflow/.local/lib/python3.8/site-packages/airflow/example_dags/tutorial_taskflow_api_virtualenv.py
[2023-09-29T18:17:07.758+0000] {processor.py:829} INFO - Processing file /home/airflow/.local/lib/python3.8/site-packages/airflow/example_dags/tutorial_taskflow_api_virtualenv.py for tasks to queue
[2023-09-29T18:17:07.760+0000] {logging_mixin.py:151} INFO - [2023-09-29T18:17:07.760+0000] {dagbag.py:539} INFO - Filling up the DagBag from /home/airflow/.local/lib/python3.8/site-packages/airflow/example_dags/tutorial_taskflow_api_virtualenv.py
[2023-09-29T18:17:07.766+0000] {processor.py:839} INFO - DAG(s) dict_keys(['tutorial_taskflow_api_virtualenv']) retrieved from /home/airflow/.local/lib/python3.8/site-packages/airflow/example_dags/tutorial_taskflow_api_virtualenv.py
[2023-09-29T18:17:07.781+0000] {logging_mixin.py:151} INFO - [2023-09-29T18:17:07.781+0000] {dag.py:2915} INFO - Sync 1 DAGs
[2023-09-29T18:17:07.790+0000] {logging_mixin.py:151} INFO - [2023-09-29T18:17:07.790+0000] {dag.py:3696} INFO - Setting next_dagrun for tutorial_taskflow_api_virtualenv to None, run_after=None
[2023-09-29T18:17:07.801+0000] {processor.py:179} INFO - Processing /home/airflow/.local/lib/python3.8/site-packages/airflow/example_dags/tutorial_taskflow_api_virtualenv.py took 0.047 seconds
[2023-09-29T18:17:38.509+0000] {processor.py:157} INFO - Started process (PID=1180) to work on /home/airflow/.local/lib/python3.8/site-packages/airflow/example_dags/tutorial_taskflow_api_virtualenv.py
[2023-09-29T18:17:38.510+0000] {processor.py:829} INFO - Processing file /home/airflow/.local/lib/python3.8/site-packages/airflow/example_dags/tutorial_taskflow_api_virtualenv.py for tasks to queue
[2023-09-29T18:17:38.512+0000] {logging_mixin.py:151} INFO - [2023-09-29T18:17:38.511+0000] {dagbag.py:539} INFO - Filling up the DagBag from /home/airflow/.local/lib/python3.8/site-packages/airflow/example_dags/tutorial_taskflow_api_virtualenv.py
[2023-09-29T18:17:38.517+0000] {processor.py:839} INFO - DAG(s) dict_keys(['tutorial_taskflow_api_virtualenv']) retrieved from /home/airflow/.local/lib/python3.8/site-packages/airflow/example_dags/tutorial_taskflow_api_virtualenv.py
[2023-09-29T18:17:38.533+0000] {logging_mixin.py:151} INFO - [2023-09-29T18:17:38.533+0000] {dag.py:2915} INFO - Sync 1 DAGs
[2023-09-29T18:17:38.542+0000] {logging_mixin.py:151} INFO - [2023-09-29T18:17:38.542+0000] {dag.py:3696} INFO - Setting next_dagrun for tutorial_taskflow_api_virtualenv to None, run_after=None
[2023-09-29T18:17:38.555+0000] {processor.py:179} INFO - Processing /home/airflow/.local/lib/python3.8/site-packages/airflow/example_dags/tutorial_taskflow_api_virtualenv.py took 0.050 seconds
[2023-09-29T18:18:09.108+0000] {processor.py:157} INFO - Started process (PID=1235) to work on /home/airflow/.local/lib/python3.8/site-packages/airflow/example_dags/tutorial_taskflow_api_virtualenv.py
[2023-09-29T18:18:09.109+0000] {processor.py:829} INFO - Processing file /home/airflow/.local/lib/python3.8/site-packages/airflow/example_dags/tutorial_taskflow_api_virtualenv.py for tasks to queue
[2023-09-29T18:18:09.111+0000] {logging_mixin.py:151} INFO - [2023-09-29T18:18:09.111+0000] {dagbag.py:539} INFO - Filling up the DagBag from /home/airflow/.local/lib/python3.8/site-packages/airflow/example_dags/tutorial_taskflow_api_virtualenv.py
[2023-09-29T18:18:09.118+0000] {processor.py:839} INFO - DAG(s) dict_keys(['tutorial_taskflow_api_virtualenv']) retrieved from /home/airflow/.local/lib/python3.8/site-packages/airflow/example_dags/tutorial_taskflow_api_virtualenv.py
[2023-09-29T18:18:09.135+0000] {logging_mixin.py:151} INFO - [2023-09-29T18:18:09.135+0000] {dag.py:2915} INFO - Sync 1 DAGs
[2023-09-29T18:18:09.146+0000] {logging_mixin.py:151} INFO - [2023-09-29T18:18:09.146+0000] {dag.py:3696} INFO - Setting next_dagrun for tutorial_taskflow_api_virtualenv to None, run_after=None
[2023-09-29T18:18:09.159+0000] {processor.py:179} INFO - Processing /home/airflow/.local/lib/python3.8/site-packages/airflow/example_dags/tutorial_taskflow_api_virtualenv.py took 0.054 seconds
[2023-09-29T18:18:39.607+0000] {processor.py:157} INFO - Started process (PID=1290) to work on /home/airflow/.local/lib/python3.8/site-packages/airflow/example_dags/tutorial_taskflow_api_virtualenv.py
[2023-09-29T18:18:39.608+0000] {processor.py:829} INFO - Processing file /home/airflow/.local/lib/python3.8/site-packages/airflow/example_dags/tutorial_taskflow_api_virtualenv.py for tasks to queue
[2023-09-29T18:18:39.609+0000] {logging_mixin.py:151} INFO - [2023-09-29T18:18:39.609+0000] {dagbag.py:539} INFO - Filling up the DagBag from /home/airflow/.local/lib/python3.8/site-packages/airflow/example_dags/tutorial_taskflow_api_virtualenv.py
[2023-09-29T18:18:39.615+0000] {processor.py:839} INFO - DAG(s) dict_keys(['tutorial_taskflow_api_virtualenv']) retrieved from /home/airflow/.local/lib/python3.8/site-packages/airflow/example_dags/tutorial_taskflow_api_virtualenv.py
[2023-09-29T18:18:39.630+0000] {logging_mixin.py:151} INFO - [2023-09-29T18:18:39.630+0000] {dag.py:2915} INFO - Sync 1 DAGs
[2023-09-29T18:18:39.639+0000] {logging_mixin.py:151} INFO - [2023-09-29T18:18:39.639+0000] {dag.py:3696} INFO - Setting next_dagrun for tutorial_taskflow_api_virtualenv to None, run_after=None
[2023-09-29T18:18:39.652+0000] {processor.py:179} INFO - Processing /home/airflow/.local/lib/python3.8/site-packages/airflow/example_dags/tutorial_taskflow_api_virtualenv.py took 0.049 seconds
[2023-09-29T18:19:10.579+0000] {processor.py:157} INFO - Started process (PID=1345) to work on /home/airflow/.local/lib/python3.8/site-packages/airflow/example_dags/tutorial_taskflow_api_virtualenv.py
[2023-09-29T18:19:10.580+0000] {processor.py:829} INFO - Processing file /home/airflow/.local/lib/python3.8/site-packages/airflow/example_dags/tutorial_taskflow_api_virtualenv.py for tasks to queue
[2023-09-29T18:19:10.583+0000] {logging_mixin.py:151} INFO - [2023-09-29T18:19:10.582+0000] {dagbag.py:539} INFO - Filling up the DagBag from /home/airflow/.local/lib/python3.8/site-packages/airflow/example_dags/tutorial_taskflow_api_virtualenv.py
[2023-09-29T18:19:10.590+0000] {processor.py:839} INFO - DAG(s) dict_keys(['tutorial_taskflow_api_virtualenv']) retrieved from /home/airflow/.local/lib/python3.8/site-packages/airflow/example_dags/tutorial_taskflow_api_virtualenv.py
[2023-09-29T18:19:10.610+0000] {logging_mixin.py:151} INFO - [2023-09-29T18:19:10.609+0000] {dag.py:2915} INFO - Sync 1 DAGs
[2023-09-29T18:19:10.620+0000] {logging_mixin.py:151} INFO - [2023-09-29T18:19:10.619+0000] {dag.py:3696} INFO - Setting next_dagrun for tutorial_taskflow_api_virtualenv to None, run_after=None
[2023-09-29T18:19:10.633+0000] {processor.py:179} INFO - Processing /home/airflow/.local/lib/python3.8/site-packages/airflow/example_dags/tutorial_taskflow_api_virtualenv.py took 0.058 seconds
[2023-09-29T18:19:41.129+0000] {processor.py:157} INFO - Started process (PID=1400) to work on /home/airflow/.local/lib/python3.8/site-packages/airflow/example_dags/tutorial_taskflow_api_virtualenv.py
[2023-09-29T18:19:41.130+0000] {processor.py:829} INFO - Processing file /home/airflow/.local/lib/python3.8/site-packages/airflow/example_dags/tutorial_taskflow_api_virtualenv.py for tasks to queue
[2023-09-29T18:19:41.132+0000] {logging_mixin.py:151} INFO - [2023-09-29T18:19:41.132+0000] {dagbag.py:539} INFO - Filling up the DagBag from /home/airflow/.local/lib/python3.8/site-packages/airflow/example_dags/tutorial_taskflow_api_virtualenv.py
[2023-09-29T18:19:41.138+0000] {processor.py:839} INFO - DAG(s) dict_keys(['tutorial_taskflow_api_virtualenv']) retrieved from /home/airflow/.local/lib/python3.8/site-packages/airflow/example_dags/tutorial_taskflow_api_virtualenv.py
[2023-09-29T18:19:41.156+0000] {logging_mixin.py:151} INFO - [2023-09-29T18:19:41.156+0000] {dag.py:2915} INFO - Sync 1 DAGs
[2023-09-29T18:19:41.167+0000] {logging_mixin.py:151} INFO - [2023-09-29T18:19:41.167+0000] {dag.py:3696} INFO - Setting next_dagrun for tutorial_taskflow_api_virtualenv to None, run_after=None
[2023-09-29T18:19:41.179+0000] {processor.py:179} INFO - Processing /home/airflow/.local/lib/python3.8/site-packages/airflow/example_dags/tutorial_taskflow_api_virtualenv.py took 0.053 seconds
[2023-09-29T18:20:11.508+0000] {processor.py:157} INFO - Started process (PID=1455) to work on /home/airflow/.local/lib/python3.8/site-packages/airflow/example_dags/tutorial_taskflow_api_virtualenv.py
[2023-09-29T18:20:11.509+0000] {processor.py:829} INFO - Processing file /home/airflow/.local/lib/python3.8/site-packages/airflow/example_dags/tutorial_taskflow_api_virtualenv.py for tasks to queue
[2023-09-29T18:20:11.511+0000] {logging_mixin.py:151} INFO - [2023-09-29T18:20:11.510+0000] {dagbag.py:539} INFO - Filling up the DagBag from /home/airflow/.local/lib/python3.8/site-packages/airflow/example_dags/tutorial_taskflow_api_virtualenv.py
[2023-09-29T18:20:11.517+0000] {processor.py:839} INFO - DAG(s) dict_keys(['tutorial_taskflow_api_virtualenv']) retrieved from /home/airflow/.local/lib/python3.8/site-packages/airflow/example_dags/tutorial_taskflow_api_virtualenv.py
[2023-09-29T18:20:11.533+0000] {logging_mixin.py:151} INFO - [2023-09-29T18:20:11.533+0000] {dag.py:2915} INFO - Sync 1 DAGs
[2023-09-29T18:20:11.542+0000] {logging_mixin.py:151} INFO - [2023-09-29T18:20:11.542+0000] {dag.py:3696} INFO - Setting next_dagrun for tutorial_taskflow_api_virtualenv to None, run_after=None
[2023-09-29T18:20:11.554+0000] {processor.py:179} INFO - Processing /home/airflow/.local/lib/python3.8/site-packages/airflow/example_dags/tutorial_taskflow_api_virtualenv.py took 0.049 seconds
[2023-09-29T18:20:42.144+0000] {processor.py:157} INFO - Started process (PID=1511) to work on /home/airflow/.local/lib/python3.8/site-packages/airflow/example_dags/tutorial_taskflow_api_virtualenv.py
[2023-09-29T18:20:42.146+0000] {processor.py:829} INFO - Processing file /home/airflow/.local/lib/python3.8/site-packages/airflow/example_dags/tutorial_taskflow_api_virtualenv.py for tasks to queue
[2023-09-29T18:20:42.147+0000] {logging_mixin.py:151} INFO - [2023-09-29T18:20:42.147+0000] {dagbag.py:539} INFO - Filling up the DagBag from /home/airflow/.local/lib/python3.8/site-packages/airflow/example_dags/tutorial_taskflow_api_virtualenv.py
[2023-09-29T18:20:42.153+0000] {processor.py:839} INFO - DAG(s) dict_keys(['tutorial_taskflow_api_virtualenv']) retrieved from /home/airflow/.local/lib/python3.8/site-packages/airflow/example_dags/tutorial_taskflow_api_virtualenv.py
[2023-09-29T18:20:42.170+0000] {logging_mixin.py:151} INFO - [2023-09-29T18:20:42.170+0000] {dag.py:2915} INFO - Sync 1 DAGs
[2023-09-29T18:20:42.179+0000] {logging_mixin.py:151} INFO - [2023-09-29T18:20:42.179+0000] {dag.py:3696} INFO - Setting next_dagrun for tutorial_taskflow_api_virtualenv to None, run_after=None
[2023-09-29T18:20:42.191+0000] {processor.py:179} INFO - Processing /home/airflow/.local/lib/python3.8/site-packages/airflow/example_dags/tutorial_taskflow_api_virtualenv.py took 0.050 seconds
[2023-09-29T18:21:12.679+0000] {processor.py:157} INFO - Started process (PID=1566) to work on /home/airflow/.local/lib/python3.8/site-packages/airflow/example_dags/tutorial_taskflow_api_virtualenv.py
[2023-09-29T18:21:12.681+0000] {processor.py:829} INFO - Processing file /home/airflow/.local/lib/python3.8/site-packages/airflow/example_dags/tutorial_taskflow_api_virtualenv.py for tasks to queue
[2023-09-29T18:21:12.683+0000] {logging_mixin.py:151} INFO - [2023-09-29T18:21:12.683+0000] {dagbag.py:539} INFO - Filling up the DagBag from /home/airflow/.local/lib/python3.8/site-packages/airflow/example_dags/tutorial_taskflow_api_virtualenv.py
[2023-09-29T18:21:12.691+0000] {processor.py:839} INFO - DAG(s) dict_keys(['tutorial_taskflow_api_virtualenv']) retrieved from /home/airflow/.local/lib/python3.8/site-packages/airflow/example_dags/tutorial_taskflow_api_virtualenv.py
[2023-09-29T18:21:12.717+0000] {logging_mixin.py:151} INFO - [2023-09-29T18:21:12.716+0000] {dag.py:2915} INFO - Sync 1 DAGs
[2023-09-29T18:21:12.736+0000] {logging_mixin.py:151} INFO - [2023-09-29T18:21:12.736+0000] {dag.py:3696} INFO - Setting next_dagrun for tutorial_taskflow_api_virtualenv to None, run_after=None
[2023-09-29T18:21:12.757+0000] {processor.py:179} INFO - Processing /home/airflow/.local/lib/python3.8/site-packages/airflow/example_dags/tutorial_taskflow_api_virtualenv.py took 0.082 seconds
[2023-09-29T18:21:43.003+0000] {processor.py:157} INFO - Started process (PID=1622) to work on /home/airflow/.local/lib/python3.8/site-packages/airflow/example_dags/tutorial_taskflow_api_virtualenv.py
[2023-09-29T18:21:43.004+0000] {processor.py:829} INFO - Processing file /home/airflow/.local/lib/python3.8/site-packages/airflow/example_dags/tutorial_taskflow_api_virtualenv.py for tasks to queue
[2023-09-29T18:21:43.007+0000] {logging_mixin.py:151} INFO - [2023-09-29T18:21:43.007+0000] {dagbag.py:539} INFO - Filling up the DagBag from /home/airflow/.local/lib/python3.8/site-packages/airflow/example_dags/tutorial_taskflow_api_virtualenv.py
[2023-09-29T18:21:43.015+0000] {processor.py:839} INFO - DAG(s) dict_keys(['tutorial_taskflow_api_virtualenv']) retrieved from /home/airflow/.local/lib/python3.8/site-packages/airflow/example_dags/tutorial_taskflow_api_virtualenv.py
[2023-09-29T18:21:43.051+0000] {logging_mixin.py:151} INFO - [2023-09-29T18:21:43.051+0000] {dag.py:2915} INFO - Sync 1 DAGs
[2023-09-29T18:21:43.065+0000] {logging_mixin.py:151} INFO - [2023-09-29T18:21:43.065+0000] {dag.py:3696} INFO - Setting next_dagrun for tutorial_taskflow_api_virtualenv to None, run_after=None
[2023-09-29T18:21:43.080+0000] {processor.py:179} INFO - Processing /home/airflow/.local/lib/python3.8/site-packages/airflow/example_dags/tutorial_taskflow_api_virtualenv.py took 0.081 seconds
[2023-09-29T18:22:13.570+0000] {processor.py:157} INFO - Started process (PID=1677) to work on /home/airflow/.local/lib/python3.8/site-packages/airflow/example_dags/tutorial_taskflow_api_virtualenv.py
[2023-09-29T18:22:13.572+0000] {processor.py:829} INFO - Processing file /home/airflow/.local/lib/python3.8/site-packages/airflow/example_dags/tutorial_taskflow_api_virtualenv.py for tasks to queue
[2023-09-29T18:22:13.574+0000] {logging_mixin.py:151} INFO - [2023-09-29T18:22:13.574+0000] {dagbag.py:539} INFO - Filling up the DagBag from /home/airflow/.local/lib/python3.8/site-packages/airflow/example_dags/tutorial_taskflow_api_virtualenv.py
[2023-09-29T18:22:13.580+0000] {processor.py:839} INFO - DAG(s) dict_keys(['tutorial_taskflow_api_virtualenv']) retrieved from /home/airflow/.local/lib/python3.8/site-packages/airflow/example_dags/tutorial_taskflow_api_virtualenv.py
[2023-09-29T18:22:13.600+0000] {logging_mixin.py:151} INFO - [2023-09-29T18:22:13.600+0000] {dag.py:2915} INFO - Sync 1 DAGs
[2023-09-29T18:22:13.613+0000] {logging_mixin.py:151} INFO - [2023-09-29T18:22:13.613+0000] {dag.py:3696} INFO - Setting next_dagrun for tutorial_taskflow_api_virtualenv to None, run_after=None
[2023-09-29T18:22:13.627+0000] {processor.py:179} INFO - Processing /home/airflow/.local/lib/python3.8/site-packages/airflow/example_dags/tutorial_taskflow_api_virtualenv.py took 0.060 seconds
[2023-09-29T18:22:44.485+0000] {processor.py:157} INFO - Started process (PID=1732) to work on /home/airflow/.local/lib/python3.8/site-packages/airflow/example_dags/tutorial_taskflow_api_virtualenv.py
[2023-09-29T18:22:44.487+0000] {processor.py:829} INFO - Processing file /home/airflow/.local/lib/python3.8/site-packages/airflow/example_dags/tutorial_taskflow_api_virtualenv.py for tasks to queue
[2023-09-29T18:22:44.489+0000] {logging_mixin.py:151} INFO - [2023-09-29T18:22:44.489+0000] {dagbag.py:539} INFO - Filling up the DagBag from /home/airflow/.local/lib/python3.8/site-packages/airflow/example_dags/tutorial_taskflow_api_virtualenv.py
[2023-09-29T18:22:44.496+0000] {processor.py:839} INFO - DAG(s) dict_keys(['tutorial_taskflow_api_virtualenv']) retrieved from /home/airflow/.local/lib/python3.8/site-packages/airflow/example_dags/tutorial_taskflow_api_virtualenv.py
[2023-09-29T18:22:44.513+0000] {logging_mixin.py:151} INFO - [2023-09-29T18:22:44.513+0000] {dag.py:2915} INFO - Sync 1 DAGs
[2023-09-29T18:22:44.524+0000] {logging_mixin.py:151} INFO - [2023-09-29T18:22:44.524+0000] {dag.py:3696} INFO - Setting next_dagrun for tutorial_taskflow_api_virtualenv to None, run_after=None
[2023-09-29T18:22:44.537+0000] {processor.py:179} INFO - Processing /home/airflow/.local/lib/python3.8/site-packages/airflow/example_dags/tutorial_taskflow_api_virtualenv.py took 0.055 seconds
[2023-09-29T18:23:14.704+0000] {processor.py:157} INFO - Started process (PID=1787) to work on /home/airflow/.local/lib/python3.8/site-packages/airflow/example_dags/tutorial_taskflow_api_virtualenv.py
[2023-09-29T18:23:14.706+0000] {processor.py:829} INFO - Processing file /home/airflow/.local/lib/python3.8/site-packages/airflow/example_dags/tutorial_taskflow_api_virtualenv.py for tasks to queue
[2023-09-29T18:23:14.709+0000] {logging_mixin.py:151} INFO - [2023-09-29T18:23:14.708+0000] {dagbag.py:539} INFO - Filling up the DagBag from /home/airflow/.local/lib/python3.8/site-packages/airflow/example_dags/tutorial_taskflow_api_virtualenv.py
[2023-09-29T18:23:14.715+0000] {processor.py:839} INFO - DAG(s) dict_keys(['tutorial_taskflow_api_virtualenv']) retrieved from /home/airflow/.local/lib/python3.8/site-packages/airflow/example_dags/tutorial_taskflow_api_virtualenv.py
[2023-09-29T18:23:14.732+0000] {logging_mixin.py:151} INFO - [2023-09-29T18:23:14.732+0000] {dag.py:2915} INFO - Sync 1 DAGs
[2023-09-29T18:23:14.742+0000] {logging_mixin.py:151} INFO - [2023-09-29T18:23:14.742+0000] {dag.py:3696} INFO - Setting next_dagrun for tutorial_taskflow_api_virtualenv to None, run_after=None
[2023-09-29T18:23:14.755+0000] {processor.py:179} INFO - Processing /home/airflow/.local/lib/python3.8/site-packages/airflow/example_dags/tutorial_taskflow_api_virtualenv.py took 0.056 seconds
[2023-09-29T18:23:45.051+0000] {processor.py:157} INFO - Started process (PID=1842) to work on /home/airflow/.local/lib/python3.8/site-packages/airflow/example_dags/tutorial_taskflow_api_virtualenv.py
[2023-09-29T18:23:45.052+0000] {processor.py:829} INFO - Processing file /home/airflow/.local/lib/python3.8/site-packages/airflow/example_dags/tutorial_taskflow_api_virtualenv.py for tasks to queue
[2023-09-29T18:23:45.055+0000] {logging_mixin.py:151} INFO - [2023-09-29T18:23:45.055+0000] {dagbag.py:539} INFO - Filling up the DagBag from /home/airflow/.local/lib/python3.8/site-packages/airflow/example_dags/tutorial_taskflow_api_virtualenv.py
[2023-09-29T18:23:45.062+0000] {processor.py:839} INFO - DAG(s) dict_keys(['tutorial_taskflow_api_virtualenv']) retrieved from /home/airflow/.local/lib/python3.8/site-packages/airflow/example_dags/tutorial_taskflow_api_virtualenv.py
[2023-09-29T18:23:45.081+0000] {logging_mixin.py:151} INFO - [2023-09-29T18:23:45.080+0000] {dag.py:2915} INFO - Sync 1 DAGs
[2023-09-29T18:23:45.092+0000] {logging_mixin.py:151} INFO - [2023-09-29T18:23:45.092+0000] {dag.py:3696} INFO - Setting next_dagrun for tutorial_taskflow_api_virtualenv to None, run_after=None
[2023-09-29T18:23:45.106+0000] {processor.py:179} INFO - Processing /home/airflow/.local/lib/python3.8/site-packages/airflow/example_dags/tutorial_taskflow_api_virtualenv.py took 0.060 seconds
[2023-09-29T18:24:15.195+0000] {processor.py:157} INFO - Started process (PID=1897) to work on /home/airflow/.local/lib/python3.8/site-packages/airflow/example_dags/tutorial_taskflow_api_virtualenv.py
[2023-09-29T18:24:15.196+0000] {processor.py:829} INFO - Processing file /home/airflow/.local/lib/python3.8/site-packages/airflow/example_dags/tutorial_taskflow_api_virtualenv.py for tasks to queue
[2023-09-29T18:24:15.198+0000] {logging_mixin.py:151} INFO - [2023-09-29T18:24:15.198+0000] {dagbag.py:539} INFO - Filling up the DagBag from /home/airflow/.local/lib/python3.8/site-packages/airflow/example_dags/tutorial_taskflow_api_virtualenv.py
[2023-09-29T18:24:15.205+0000] {processor.py:839} INFO - DAG(s) dict_keys(['tutorial_taskflow_api_virtualenv']) retrieved from /home/airflow/.local/lib/python3.8/site-packages/airflow/example_dags/tutorial_taskflow_api_virtualenv.py
[2023-09-29T18:24:15.225+0000] {logging_mixin.py:151} INFO - [2023-09-29T18:24:15.225+0000] {dag.py:2915} INFO - Sync 1 DAGs
[2023-09-29T18:24:15.235+0000] {logging_mixin.py:151} INFO - [2023-09-29T18:24:15.235+0000] {dag.py:3696} INFO - Setting next_dagrun for tutorial_taskflow_api_virtualenv to None, run_after=None
[2023-09-29T18:24:15.252+0000] {processor.py:179} INFO - Processing /home/airflow/.local/lib/python3.8/site-packages/airflow/example_dags/tutorial_taskflow_api_virtualenv.py took 0.063 seconds
[2023-09-29T18:24:45.587+0000] {processor.py:157} INFO - Started process (PID=1952) to work on /home/airflow/.local/lib/python3.8/site-packages/airflow/example_dags/tutorial_taskflow_api_virtualenv.py
[2023-09-29T18:24:45.589+0000] {processor.py:829} INFO - Processing file /home/airflow/.local/lib/python3.8/site-packages/airflow/example_dags/tutorial_taskflow_api_virtualenv.py for tasks to queue
[2023-09-29T18:24:45.593+0000] {logging_mixin.py:151} INFO - [2023-09-29T18:24:45.593+0000] {dagbag.py:539} INFO - Filling up the DagBag from /home/airflow/.local/lib/python3.8/site-packages/airflow/example_dags/tutorial_taskflow_api_virtualenv.py
[2023-09-29T18:24:45.604+0000] {processor.py:839} INFO - DAG(s) dict_keys(['tutorial_taskflow_api_virtualenv']) retrieved from /home/airflow/.local/lib/python3.8/site-packages/airflow/example_dags/tutorial_taskflow_api_virtualenv.py
[2023-09-29T18:24:45.621+0000] {logging_mixin.py:151} INFO - [2023-09-29T18:24:45.621+0000] {dag.py:2915} INFO - Sync 1 DAGs
[2023-09-29T18:24:45.631+0000] {logging_mixin.py:151} INFO - [2023-09-29T18:24:45.631+0000] {dag.py:3696} INFO - Setting next_dagrun for tutorial_taskflow_api_virtualenv to None, run_after=None
[2023-09-29T18:24:45.644+0000] {processor.py:179} INFO - Processing /home/airflow/.local/lib/python3.8/site-packages/airflow/example_dags/tutorial_taskflow_api_virtualenv.py took 0.064 seconds
[2023-09-29T18:25:15.931+0000] {processor.py:157} INFO - Started process (PID=2007) to work on /home/airflow/.local/lib/python3.8/site-packages/airflow/example_dags/tutorial_taskflow_api_virtualenv.py
[2023-09-29T18:25:15.933+0000] {processor.py:829} INFO - Processing file /home/airflow/.local/lib/python3.8/site-packages/airflow/example_dags/tutorial_taskflow_api_virtualenv.py for tasks to queue
[2023-09-29T18:25:15.937+0000] {logging_mixin.py:151} INFO - [2023-09-29T18:25:15.936+0000] {dagbag.py:539} INFO - Filling up the DagBag from /home/airflow/.local/lib/python3.8/site-packages/airflow/example_dags/tutorial_taskflow_api_virtualenv.py
[2023-09-29T18:25:15.947+0000] {processor.py:839} INFO - DAG(s) dict_keys(['tutorial_taskflow_api_virtualenv']) retrieved from /home/airflow/.local/lib/python3.8/site-packages/airflow/example_dags/tutorial_taskflow_api_virtualenv.py
[2023-09-29T18:25:15.975+0000] {logging_mixin.py:151} INFO - [2023-09-29T18:25:15.975+0000] {dag.py:2915} INFO - Sync 1 DAGs
[2023-09-29T18:25:15.990+0000] {logging_mixin.py:151} INFO - [2023-09-29T18:25:15.990+0000] {dag.py:3696} INFO - Setting next_dagrun for tutorial_taskflow_api_virtualenv to None, run_after=None
[2023-09-29T18:25:16.005+0000] {processor.py:179} INFO - Processing /home/airflow/.local/lib/python3.8/site-packages/airflow/example_dags/tutorial_taskflow_api_virtualenv.py took 0.080 seconds
